info|2019-11-12 18:41:59.827642|[INITIALIZER][initGlobalConfig],enableCompress=true,compatibilityVersion=2.1.0,versionNumber=33619968,chainId=1
info|2019-11-12 18:41:59.882504|[NETWORK][Host]Connecting to node,endpoint=127.0.0.1:30300
info|2019-11-12 18:41:59.887489|[NETWORK][Host]P2P StartAccept,Host=0.0.0.0:30300
info|2019-11-12 18:41:59.887626|[NETWORK][Host]Connecting to node,endpoint=127.0.0.1:30301
info|2019-11-12 18:41:59.887671|[NETWORK][Host]Connecting to node,endpoint=127.0.0.1:30302
info|2019-11-12 18:41:59.887709|[NETWORK][Host]Connecting to node,endpoint=127.0.0.1:30303
info|2019-11-12 18:41:59.887747|[P2P][Service] heartBeat,connected count=0
info|2019-11-12 18:41:59.888220|[CHANNEL]ChannelRPCServer started
info|2019-11-12 18:41:59.888241|[INITIALIZER][RPCInitializer]ChannelRPCHttpServer started.
info|2019-11-12 18:41:59.888261|[LedgerInitializer],groupConfigPath=conf/
info|2019-11-12 18:41:59.893992|[NETWORK][Host]P2P Recv Connect, From=127.0.0.1:59370
info|2019-11-12 18:41:59.894093|[NETWORK][Host]P2P StartAccept,Host=0.0.0.0:30300
info|2019-11-12 18:41:59.896232|[INITIALIZER][initSingleLedger] [GroupId]:  1
info|2019-11-12 18:41:59.896263|[g:1][LEDGER]LedgerConstructor,configPath=conf/group.1.genesis,baseDir=data//group1
info|2019-11-12 18:41:59.896278|[g:1][LEDGER][initGenesisConfig]initConsensusConfig/initDBConfig/initTxConfig,configFile=conf/group.1.genesis
info|2019-11-12 18:41:59.896361|[g:1][LEDGER][initConsensusConfig],it.first=6f9974710b9ea562ecc6a6823039b05e159d8669f228efa0c8b8234f08c2b75fb97eecdae4ef16bc99800bdfa03ed03d619629887e9c1c8b46ad79f5d38c4991
info|2019-11-12 18:41:59.896388|[g:1][LEDGER][initConsensusConfig],it.first=3c841dae42d67ff6c383c1bb1de35a240c03722517cf3711eacd8c8d1b168ac146b4580f67399b4d7d2a36358faea19bc9d7875a3160147b3b9c3c9eb331f80c
info|2019-11-12 18:41:59.896411|[g:1][LEDGER][initConsensusConfig],it.first=7977f13736cfe14481107f9daa8a957d5156ba4f001285ee5d658512a97bedebf72a47213feba7cce05ecd2639f2426ad79a3abd436fe58d3eab1d37c47da13c
info|2019-11-12 18:41:59.896433|[g:1][LEDGER][initConsensusConfig],it.first=9303553ad8ac45cce2b6dfa1efc53e16bad3db119e47da65b9656ed9be68073f3a68780aaf85b2d1545a93db9d541276a33bdd6f3bef1baab3c8c44880e1837a
info|2019-11-12 18:41:59.896474|[g:1][LEDGER][initIniConfig]initTxPoolConfig/initSyncConfig/initTxExecuteConfig,configFile=conf/group.1.ini
info|2019-11-12 18:41:59.898000|[NETWORK][ASIO]asyncResolveConnect,endpoint=127.0.0.1:30300
info|2019-11-12 18:41:59.899019|[g:1][LEDGER][initLedger][DBInitializer]
info|2019-11-12 18:41:59.899046|[g:1][DBINITIALIZER] [initRocksDBStorage]
info|2019-11-12 18:41:59.899081|[g:1][ROCKSDB]open rocksDB handler
info|2019-11-12 18:41:59.911027|[NETWORK][ASIO]asyncResolveConnect,endpoint=127.0.0.1:30301
info|2019-11-12 18:41:59.911083|[NETWORK][ASIO]asyncResolveConnect,endpoint=127.0.0.1:30302
info|2019-11-12 18:41:59.911376|[NETWORK][ASIO]asyncResolveConnect,endpoint=127.0.0.1:30303
info|2019-11-12 18:41:59.911522|[NETWORK][Host]P2P Recv Connect, From=127.0.0.1:59378
info|2019-11-12 18:41:59.911565|[NETWORK][Host]P2P StartAccept,Host=0.0.0.0:30300
info|2019-11-12 18:41:59.913441|[NETWORK][Host]P2P Recv Connect, From=127.0.0.1:59380
info|2019-11-12 18:41:59.928710|[NETWORK][Host]P2P StartAccept,Host=0.0.0.0:30300
info|2019-11-12 18:41:59.930501|[NETWORK][Host]P2P Recv Connect, From=127.0.0.1:59390
info|2019-11-12 18:41:59.930532|[NETWORK][Host]P2P StartAccept,Host=0.0.0.0:30300
info|2019-11-12 18:41:59.950642|[NETWORK][Host]P2P Recv Connect, From=127.0.0.1:59404
info|2019-11-12 18:41:59.993335|[g:1][g:0][STORAGE][CachedStorage]Init flushStorage thread
info|2019-11-12 18:41:59.993763|[g:1][BLOCKCHAIN][#checkAndBuildGenesisBlock]Already have the 0th block, 0th groupMark is equal to file groupMark.
info|2019-11-12 18:41:59.994645|[g:1][CONSENSUS][PBFT]Register handler for PBFTEngine
info|2019-11-12 18:42:00.003059|[NETWORK][Host]P2P StartAccept,Host=0.0.0.0:30300
info|2019-11-12 18:42:00.003765|[g:1][CONSENSUS][PBFT],minBlockGenerationTime=500
info|2019-11-12 18:42:00.003799|[LedgerInitializer init group succ],groupID=1
info|2019-11-12 18:42:00.009400|[INITIALIZER][RPCInitializer]JsonrpcHttpServer started.
info|2019-11-12 18:42:00.009437|[g:1][LEDGER]startAll...
info|2019-11-12 18:42:00.016694|[g:1][CONSENSUS][PBFT]^^^^^^^^Report,num=8,sealerIdx=1,hash=83ea54fc...,next=9,tx=1,nodeIdx=1
info|2019-11-12 18:42:00.033213|[g:1][CONSENSUS][PBFT][PBFT init env successfully]
info|2019-11-12 18:42:00.033244|[g:1][CONSENSUS][ConsensusEngine][Start ConsensusEngineBase]
info|2019-11-12 18:42:00.042557|[g:1][CONSENSUS][PBFT][Start PBFTEngine...]
info|2019-11-12 18:42:00.042568|[g:1][CONSENSUS][SEALER][Start sealer module]
info|2019-11-12 18:42:00.049230|[g:1][EVENT][EventLogFilterManager]start,m_maxBlockRange=0,m_maxBlockPerLoopFilter=3
info|2019-11-12 18:42:00.082138|[P2P][Service] Connection established,nodeID=9303553a...,endpoint=127.0.0.1:59370
info|2019-11-12 18:42:00.088593|[NETWORK][Host]startPeerSession, From=127.0.0.1:59370,nodeID=9303553a...
info|2019-11-12 18:42:00.088684|[NETWORK][Host]startPeerSession, From=127.0.0.1:59378,nodeID=6f997471...
info|2019-11-12 18:42:00.103818|[NETWORK][Host]startPeerSession, From=127.0.0.1:30300,nodeID=6f997471...
info|2019-11-12 18:42:00.112865|[P2P][Service] Connection established,nodeID=6e4f3ba3...,endpoint=127.0.0.1:59380
info|2019-11-12 18:42:00.113461|[NETWORK][Host]startPeerSession, From=127.0.0.1:59380,nodeID=6e4f3ba3...
info|2019-11-12 18:42:00.127409|[P2P][Service] Connection established,nodeID=3c841dae...,endpoint=127.0.0.1:30301
info|2019-11-12 18:42:00.130083|[NETWORK][Host]startPeerSession, From=127.0.0.1:30301,nodeID=3c841dae...
info|2019-11-12 18:42:00.130150|[NETWORK][Host]startPeerSession, From=127.0.0.1:59390,nodeID=3c841dae...
info|2019-11-12 18:42:00.130418|[P2P][Service] Connection established,nodeID=7977f137...,endpoint=127.0.0.1:30302
info|2019-11-12 18:42:00.130440|[NETWORK][Host]startPeerSession, From=127.0.0.1:30302,nodeID=7977f137...
info|2019-11-12 18:42:00.136572|[NETWORK][Host]startPeerSession, From=127.0.0.1:59404,nodeID=7977f137...
info|2019-11-12 18:42:00.136753|[NETWORK][Host]startPeerSession, From=127.0.0.1:30303,nodeID=9303553a...
warning|2019-11-12 18:42:00.214367|[SYNC][id:6f997471...][Status]Peer data not found,nodeId=7977f137...
warning|2019-11-12 18:42:00.215509|[SYNC][id:6f997471...][Status]Peer data not found,nodeId=6e4f3ba3...
warning|2019-11-12 18:42:00.216353|[SYNC][id:6f997471...][Status]Peer data not found,nodeId=9303553a...
warning|2019-11-12 18:42:00.243024|[SYNC][id:6f997471...][Status]Peer data not found,nodeId=3c841dae...
info|2019-11-12 18:42:01.034410|[g:1][CONSENSUS]addRawPrepare,height=9,reqIdx=0,hash=077b7533...
info|2019-11-12 18:42:01.034644|[g:1][CONSENSUS][PBFT]checkTimeout Succ,view=0,toView=1,nodeIdx=1,changeCycle=0,myNode=6f997471...,timecost=0.207
info|2019-11-12 18:42:01.037802|[g:1][CONSENSUS][PBFT]checkAndChangeView: Reach consensus,org_view=0,org_changeCycle=0,cur_changeCycle=0,to_view=1
info|2019-11-12 18:42:02.038273|[g:1][CONSENSUS][SEALER]++++++++++++++++ Generating seal on,blkNum=9,tx=0,nodeIdx=1,hash=7797030e...
info|2019-11-12 18:42:02.045490|[g:1][CONSENSUS][PBFT]checkTimeout Succ,view=1,toView=2,nodeIdx=1,changeCycle=0,myNode=6f997471...,timecost=0.216
info|2019-11-12 18:42:02.046359|[g:1][CONSENSUS][PBFT]checkAndChangeView: Reach consensus,org_view=1,org_changeCycle=0,cur_changeCycle=0,to_view=2
info|2019-11-12 18:42:03.044933|[g:1][CONSENSUS]addRawPrepare,height=9,reqIdx=2,hash=31294bfd...
info|2019-11-12 18:42:03.045218|[g:1][CONSENSUS][PBFT]checkTimeout Succ,view=2,toView=3,nodeIdx=1,changeCycle=0,myNode=6f997471...,timecost=0.213
info|2019-11-12 18:42:03.048816|[g:1][CONSENSUS][PBFT]checkAndChangeView: Reach consensus,org_view=2,org_changeCycle=0,cur_changeCycle=0,to_view=3
info|2019-11-12 18:42:04.051362|[g:1][CONSENSUS]addRawPrepare,height=9,reqIdx=3,hash=682bcf01...
info|2019-11-12 18:42:04.051580|[g:1][CONSENSUS][PBFT]checkTimeout Succ,view=3,toView=4,nodeIdx=1,changeCycle=0,myNode=6f997471...,timecost=0.194
info|2019-11-12 18:42:04.053331|[g:1][CONSENSUS][PBFT]checkAndChangeView: Reach consensus,org_view=3,org_changeCycle=0,cur_changeCycle=0,to_view=4
warning|2019-11-12 18:42:05.021364|[SYNC][id:6f997471...][Status]Peer data not found,nodeId=6e4f3ba3...
info|2019-11-12 18:42:05.057375|[g:1][CONSENSUS]addRawPrepare,height=9,reqIdx=0,hash=9b6ce45a...
info|2019-11-12 18:42:05.057598|[g:1][CONSENSUS][PBFT]checkTimeout Succ,view=4,toView=5,nodeIdx=1,changeCycle=0,myNode=6f997471...,timecost=0.195
info|2019-11-12 18:42:05.059909|[g:1][CONSENSUS][PBFT]checkAndChangeView: Reach consensus,org_view=4,org_changeCycle=0,cur_changeCycle=0,to_view=5
info|2019-11-12 18:42:06.060965|[g:1][CONSENSUS][SEALER]++++++++++++++++ Generating seal on,blkNum=9,tx=0,nodeIdx=1,hash=d797c701...
info|2019-11-12 18:42:06.069366|[g:1][CONSENSUS][PBFT]checkTimeout Succ,view=5,toView=6,nodeIdx=1,changeCycle=0,myNode=6f997471...,timecost=0.235
info|2019-11-12 18:42:06.070501|[g:1][CONSENSUS][PBFT]checkAndChangeView: Reach consensus,org_view=5,org_changeCycle=0,cur_changeCycle=0,to_view=6
info|2019-11-12 18:42:07.070447|[g:1][CONSENSUS]addRawPrepare,height=9,reqIdx=2,hash=b8f356ce...
info|2019-11-12 18:42:07.070752|[g:1][CONSENSUS][PBFT]checkTimeout Succ,view=6,toView=7,nodeIdx=1,changeCycle=0,myNode=6f997471...,timecost=0.233
info|2019-11-12 18:42:07.073846|[g:1][CONSENSUS][PBFT]checkAndChangeView: Reach consensus,org_view=6,org_changeCycle=0,cur_changeCycle=0,to_view=7
info|2019-11-12 18:42:08.076493|[g:1][CONSENSUS]addRawPrepare,height=9,reqIdx=3,hash=cd20b7be...
info|2019-11-12 18:42:08.076738|[g:1][CONSENSUS][PBFT]checkTimeout Succ,view=7,toView=8,nodeIdx=1,changeCycle=0,myNode=6f997471...,timecost=0.218
info|2019-11-12 18:42:08.079623|[g:1][CONSENSUS][PBFT]checkAndChangeView: Reach consensus,org_view=7,org_changeCycle=0,cur_changeCycle=0,to_view=8
info|2019-11-12 18:42:09.082139|[g:1][CONSENSUS]addRawPrepare,height=9,reqIdx=0,hash=f49fc35f...
info|2019-11-12 18:42:09.082383|[g:1][CONSENSUS][PBFT]checkTimeout Succ,view=8,toView=9,nodeIdx=1,changeCycle=0,myNode=6f997471...,timecost=0.222
info|2019-11-12 18:42:09.084709|[g:1][CONSENSUS][PBFT]checkAndChangeView: Reach consensus,org_view=8,org_changeCycle=0,cur_changeCycle=0,to_view=9
info|2019-11-12 18:42:09.887801|[P2P][Service] heartBeat,connected count=4
warning|2019-11-12 18:42:10.029804|[SYNC][id:6f997471...][Status]Peer data not found,nodeId=6e4f3ba3...
info|2019-11-12 18:42:10.085316|[g:1][CONSENSUS][SEALER]++++++++++++++++ Generating seal on,blkNum=9,tx=0,nodeIdx=1,hash=67016af9...
info|2019-11-12 18:42:10.092542|[g:1][CONSENSUS][PBFT]checkTimeout Succ,view=9,toView=10,nodeIdx=1,changeCycle=0,myNode=6f997471...,timecost=0.234
info|2019-11-12 18:42:10.093407|[g:1][CONSENSUS][PBFT]checkAndChangeView: Reach consensus,org_view=9,org_changeCycle=0,cur_changeCycle=0,to_view=10
info|2019-11-12 18:42:11.093520|[g:1][CONSENSUS]addRawPrepare,height=9,reqIdx=2,hash=54c1dcf5...
info|2019-11-12 18:42:11.093797|[g:1][CONSENSUS][PBFT]checkTimeout Succ,view=10,toView=11,nodeIdx=1,changeCycle=0,myNode=6f997471...,timecost=0.186
info|2019-11-12 18:42:11.096946|[g:1][CONSENSUS][PBFT]checkAndChangeView: Reach consensus,org_view=10,org_changeCycle=0,cur_changeCycle=0,to_view=11
info|2019-11-12 18:42:12.099855|[g:1][CONSENSUS]addRawPrepare,height=9,reqIdx=3,hash=d33d6a3e...
info|2019-11-12 18:42:12.100061|[g:1][CONSENSUS][PBFT]checkTimeout Succ,view=11,toView=12,nodeIdx=1,changeCycle=0,myNode=6f997471...,timecost=0.185
info|2019-11-12 18:42:12.101781|[g:1][CONSENSUS][PBFT]checkAndChangeView: Reach consensus,org_view=11,org_changeCycle=0,cur_changeCycle=0,to_view=12
info|2019-11-12 18:42:13.105526|[g:1][CONSENSUS]addRawPrepare,height=9,reqIdx=0,hash=ea122933...
info|2019-11-12 18:42:13.105773|[g:1][CONSENSUS][PBFT]checkTimeout Succ,view=12,toView=13,nodeIdx=1,changeCycle=0,myNode=6f997471...,timecost=0.18
info|2019-11-12 18:42:13.109545|[g:1][CONSENSUS][PBFT]checkAndChangeView: Reach consensus,org_view=12,org_changeCycle=0,cur_changeCycle=0,to_view=13
info|2019-11-12 18:42:14.110971|[g:1][CONSENSUS][SEALER]++++++++++++++++ Generating seal on,blkNum=9,tx=0,nodeIdx=1,hash=a8e0d090...
info|2019-11-12 18:42:14.117186|[g:1][CONSENSUS][PBFT]checkTimeout Succ,view=13,toView=14,nodeIdx=1,changeCycle=0,myNode=6f997471...,timecost=0.185
info|2019-11-12 18:42:14.117947|[g:1][CONSENSUS][PBFT]checkAndChangeView: Reach consensus,org_view=13,org_changeCycle=0,cur_changeCycle=0,to_view=14
warning|2019-11-12 18:42:15.036310|[SYNC][id:6f997471...][Status]Peer data not found,nodeId=6e4f3ba3...
info|2019-11-12 18:42:15.119070|[g:1][CONSENSUS]addRawPrepare,height=9,reqIdx=2,hash=e43b0599...
info|2019-11-12 18:42:15.119293|[g:1][CONSENSUS][PBFT]checkTimeout Succ,view=14,toView=15,nodeIdx=1,changeCycle=0,myNode=6f997471...,timecost=0.232
info|2019-11-12 18:42:15.123045|[g:1][CONSENSUS][PBFT]checkAndChangeView: Reach consensus,org_view=14,org_changeCycle=0,cur_changeCycle=0,to_view=15
info|2019-11-12 18:42:16.126733|[g:1][CONSENSUS]addRawPrepare,height=9,reqIdx=3,hash=51da1231...
info|2019-11-12 18:42:16.126994|[g:1][CONSENSUS][PBFT]checkTimeout Succ,view=15,toView=16,nodeIdx=1,changeCycle=0,myNode=6f997471...,timecost=0.239
info|2019-11-12 18:42:16.129751|[g:1][CONSENSUS][PBFT]checkAndChangeView: Reach consensus,org_view=15,org_changeCycle=0,cur_changeCycle=0,to_view=16
info|2019-11-12 18:42:17.134048|[g:1][CONSENSUS]addRawPrepare,height=9,reqIdx=0,hash=7ec5e488...
info|2019-11-12 18:42:17.134251|[g:1][CONSENSUS][PBFT]checkTimeout Succ,view=16,toView=17,nodeIdx=1,changeCycle=0,myNode=6f997471...,timecost=0.181
info|2019-11-12 18:42:17.135666|[g:1][CONSENSUS][PBFT]checkAndChangeView: Reach consensus,org_view=16,org_changeCycle=0,cur_changeCycle=0,to_view=17
info|2019-11-12 18:42:18.136012|[g:1][CONSENSUS][SEALER]++++++++++++++++ Generating seal on,blkNum=9,tx=0,nodeIdx=1,hash=cbc482a3...
info|2019-11-12 18:42:18.142160|[g:1][CONSENSUS][PBFT]checkTimeout Succ,view=17,toView=18,nodeIdx=1,changeCycle=0,myNode=6f997471...,timecost=0.194
info|2019-11-12 18:42:18.143146|[g:1][CONSENSUS][PBFT]checkAndChangeView: Reach consensus,org_view=17,org_changeCycle=0,cur_changeCycle=0,to_view=18
info|2019-11-12 18:42:19.142207|[g:1][CONSENSUS]addRawPrepare,height=9,reqIdx=2,hash=514c4a6c...
info|2019-11-12 18:42:19.142490|[g:1][CONSENSUS][PBFT]checkTimeout Succ,view=18,toView=19,nodeIdx=1,changeCycle=0,myNode=6f997471...,timecost=0.208
info|2019-11-12 18:42:19.145754|[g:1][CONSENSUS][PBFT]checkAndChangeView: Reach consensus,org_view=18,org_changeCycle=0,cur_changeCycle=0,to_view=19
info|2019-11-12 18:42:19.887932|[P2P][Service] heartBeat,connected count=4
warning|2019-11-12 18:42:20.047882|[SYNC][id:6f997471...][Status]Peer data not found,nodeId=6e4f3ba3...
info|2019-11-12 18:42:20.148932|[g:1][CONSENSUS]addRawPrepare,height=9,reqIdx=3,hash=7346af47...
info|2019-11-12 18:42:20.149223|[g:1][CONSENSUS][PBFT]checkTimeout Succ,view=19,toView=20,nodeIdx=1,changeCycle=0,myNode=6f997471...,timecost=0.203
info|2019-11-12 18:42:20.154172|[g:1][CONSENSUS][PBFT]checkAndChangeView: Reach consensus,org_view=19,org_changeCycle=0,cur_changeCycle=0,to_view=20
info|2019-11-12 18:42:21.159430|[g:1][CONSENSUS]addRawPrepare,height=9,reqIdx=0,hash=1e986f4e...
info|2019-11-12 18:42:21.159662|[g:1][CONSENSUS][PBFT]checkTimeout Succ,view=20,toView=21,nodeIdx=1,changeCycle=0,myNode=6f997471...,timecost=0.206
info|2019-11-12 18:42:21.161903|[g:1][CONSENSUS][PBFT]checkAndChangeView: Reach consensus,org_view=20,org_changeCycle=0,cur_changeCycle=0,to_view=21
info|2019-11-12 18:42:22.162843|[g:1][CONSENSUS][SEALER]++++++++++++++++ Generating seal on,blkNum=9,tx=0,nodeIdx=1,hash=097c0e5d...
info|2019-11-12 18:42:22.169057|[g:1][CONSENSUS][PBFT]checkTimeout Succ,view=21,toView=22,nodeIdx=1,changeCycle=0,myNode=6f997471...,timecost=0.192
info|2019-11-12 18:42:22.169936|[g:1][CONSENSUS][PBFT]checkAndChangeView: Reach consensus,org_view=21,org_changeCycle=0,cur_changeCycle=0,to_view=22
info|2019-11-12 18:42:23.169374|[g:1][CONSENSUS]addRawPrepare,height=9,reqIdx=2,hash=d9d8629f...
info|2019-11-12 18:42:23.169628|[g:1][CONSENSUS][PBFT]checkTimeout Succ,view=22,toView=23,nodeIdx=1,changeCycle=0,myNode=6f997471...,timecost=0.188
info|2019-11-12 18:42:23.172737|[g:1][CONSENSUS][PBFT]checkAndChangeView: Reach consensus,org_view=22,org_changeCycle=0,cur_changeCycle=0,to_view=23
info|2019-11-12 18:42:24.175220|[g:1][CONSENSUS]addRawPrepare,height=9,reqIdx=3,hash=85c7507c...
info|2019-11-12 18:42:24.175430|[g:1][CONSENSUS][PBFT]checkTimeout Succ,view=23,toView=24,nodeIdx=1,changeCycle=0,myNode=6f997471...,timecost=0.184
info|2019-11-12 18:42:24.177817|[g:1][CONSENSUS][PBFT]checkAndChangeView: Reach consensus,org_view=23,org_changeCycle=0,cur_changeCycle=0,to_view=24
warning|2019-11-12 18:42:25.056572|[SYNC][id:6f997471...][Status]Peer data not found,nodeId=6e4f3ba3...
info|2019-11-12 18:42:25.181264|[g:1][CONSENSUS]addRawPrepare,height=9,reqIdx=0,hash=f515fa3a...
info|2019-11-12 18:42:25.181515|[g:1][CONSENSUS][PBFT]checkTimeout Succ,view=24,toView=25,nodeIdx=1,changeCycle=0,myNode=6f997471...,timecost=0.207
info|2019-11-12 18:42:25.183823|[g:1][CONSENSUS][PBFT]checkAndChangeView: Reach consensus,org_view=24,org_changeCycle=0,cur_changeCycle=0,to_view=25
info|2019-11-12 18:42:26.184433|[g:1][CONSENSUS][SEALER]++++++++++++++++ Generating seal on,blkNum=9,tx=0,nodeIdx=1,hash=eebc86a0...
info|2019-11-12 18:42:26.190493|[g:1][CONSENSUS][PBFT]checkTimeout Succ,view=25,toView=26,nodeIdx=1,changeCycle=0,myNode=6f997471...,timecost=0.221
info|2019-11-12 18:42:26.191490|[g:1][CONSENSUS][PBFT]checkAndChangeView: Reach consensus,org_view=25,org_changeCycle=0,cur_changeCycle=0,to_view=26
info|2019-11-12 18:42:27.190479|[g:1][CONSENSUS]addRawPrepare,height=9,reqIdx=2,hash=07c1e50d...
info|2019-11-12 18:42:27.190777|[g:1][CONSENSUS][PBFT]checkTimeout Succ,view=26,toView=27,nodeIdx=1,changeCycle=0,myNode=6f997471...,timecost=0.229
info|2019-11-12 18:42:27.194139|[g:1][CONSENSUS][PBFT]checkAndChangeView: Reach consensus,org_view=26,org_changeCycle=0,cur_changeCycle=0,to_view=27
info|2019-11-12 18:42:28.196751|[g:1][CONSENSUS]addRawPrepare,height=9,reqIdx=3,hash=7ec2e12d...
info|2019-11-12 18:42:28.196974|[g:1][CONSENSUS][PBFT]checkTimeout Succ,view=27,toView=28,nodeIdx=1,changeCycle=0,myNode=6f997471...,timecost=0.199
info|2019-11-12 18:42:28.199882|[g:1][CONSENSUS][PBFT]checkAndChangeView: Reach consensus,org_view=27,org_changeCycle=0,cur_changeCycle=0,to_view=28
info|2019-11-12 18:42:29.203116|[g:1][CONSENSUS]addRawPrepare,height=9,reqIdx=0,hash=515c38e9...
info|2019-11-12 18:42:29.203324|[g:1][CONSENSUS][PBFT]checkTimeout Succ,view=28,toView=29,nodeIdx=1,changeCycle=0,myNode=6f997471...,timecost=0.185
info|2019-11-12 18:42:29.204960|[g:1][CONSENSUS][PBFT]checkAndChangeView: Reach consensus,org_view=28,org_changeCycle=0,cur_changeCycle=0,to_view=29
info|2019-11-12 18:42:29.889417|[P2P][Service] heartBeat,connected count=4
warning|2019-11-12 18:42:30.066376|[SYNC][id:6f997471...][Status]Peer data not found,nodeId=6e4f3ba3...
info|2019-11-12 18:42:30.205395|[g:1][CONSENSUS][SEALER]++++++++++++++++ Generating seal on,blkNum=9,tx=0,nodeIdx=1,hash=3c7b1706...
info|2019-11-12 18:42:30.206044|[g:1][CONSENSUS][PBFT]checkTimeout Succ,view=29,toView=30,nodeIdx=1,changeCycle=0,myNode=6f997471...,timecost=0.201
info|2019-11-12 18:42:30.210385|[g:1][CONSENSUS][PBFT]checkAndChangeView: Reach consensus,org_view=29,org_changeCycle=0,cur_changeCycle=0,to_view=30
info|2019-11-12 18:42:31.215713|[g:1][CONSENSUS]addRawPrepare,height=9,reqIdx=2,hash=de1b2cb4...
info|2019-11-12 18:42:31.215980|[g:1][CONSENSUS][PBFT]checkTimeout Succ,view=30,toView=31,nodeIdx=1,changeCycle=0,myNode=6f997471...,timecost=0.188
info|2019-11-12 18:42:31.221185|[g:1][CONSENSUS][PBFT]checkAndChangeView: Reach consensus,org_view=30,org_changeCycle=0,cur_changeCycle=0,to_view=31
info|2019-11-12 18:42:32.223753|[g:1][CONSENSUS]addRawPrepare,height=9,reqIdx=3,hash=39dbabc0...
info|2019-11-12 18:42:32.224005|[g:1][CONSENSUS][PBFT]checkTimeout Succ,view=31,toView=32,nodeIdx=1,changeCycle=0,myNode=6f997471...,timecost=0.183
info|2019-11-12 18:42:32.228229|[g:1][CONSENSUS][PBFT]checkAndChangeView: Reach consensus,org_view=31,org_changeCycle=0,cur_changeCycle=0,to_view=32
info|2019-11-12 18:42:33.229730|[g:1][CONSENSUS]addRawPrepare,height=9,reqIdx=0,hash=c4359427...
info|2019-11-12 18:42:33.230026|[g:1][CONSENSUS][PBFT]checkTimeout Succ,view=32,toView=33,nodeIdx=1,changeCycle=0,myNode=6f997471...,timecost=0.229
info|2019-11-12 18:42:33.234406|[g:1][CONSENSUS][PBFT]checkAndChangeView: Reach consensus,org_view=32,org_changeCycle=0,cur_changeCycle=0,to_view=33
info|2019-11-12 18:42:34.235002|[g:1][CONSENSUS][SEALER]++++++++++++++++ Generating seal on,blkNum=9,tx=0,nodeIdx=1,hash=bdc6b1af...
info|2019-11-12 18:42:34.238682|[g:1][CONSENSUS][PBFT]checkTimeout Succ,view=33,toView=34,nodeIdx=1,changeCycle=0,myNode=6f997471...,timecost=0.185
info|2019-11-12 18:42:34.239004|[g:1][CONSENSUS][PBFT]checkAndChangeView: Reach consensus,org_view=33,org_changeCycle=0,cur_changeCycle=0,to_view=34
warning|2019-11-12 18:42:35.086154|[SYNC][id:6f997471...][Status]Peer data not found,nodeId=6e4f3ba3...
info|2019-11-12 18:42:35.243230|[g:1][CONSENSUS]addRawPrepare,height=9,reqIdx=2,hash=3e7f7581...
info|2019-11-12 18:42:35.243485|[g:1][CONSENSUS][PBFT]checkTimeout Succ,view=34,toView=35,nodeIdx=1,changeCycle=0,myNode=6f997471...,timecost=0.184
info|2019-11-12 18:42:35.247420|[g:1][CONSENSUS][PBFT]checkAndChangeView: Reach consensus,org_view=34,org_changeCycle=0,cur_changeCycle=0,to_view=35
info|2019-11-12 18:42:36.250819|[g:1][CONSENSUS]addRawPrepare,height=9,reqIdx=3,hash=d31f1a95...
info|2019-11-12 18:42:36.251118|[g:1][CONSENSUS][PBFT]checkTimeout Succ,view=35,toView=36,nodeIdx=1,changeCycle=0,myNode=6f997471...,timecost=0.219
info|2019-11-12 18:42:36.255933|[g:1][CONSENSUS][PBFT]checkAndChangeView: Reach consensus,org_view=35,org_changeCycle=0,cur_changeCycle=0,to_view=36
info|2019-11-12 18:42:37.256248|[g:1][CONSENSUS]addRawPrepare,height=9,reqIdx=0,hash=b01907f4...
info|2019-11-12 18:42:37.256508|[g:1][CONSENSUS][PBFT]checkTimeout Succ,view=36,toView=37,nodeIdx=1,changeCycle=0,myNode=6f997471...,timecost=0.196
info|2019-11-12 18:42:37.260414|[g:1][CONSENSUS][PBFT]checkAndChangeView: Reach consensus,org_view=36,org_changeCycle=0,cur_changeCycle=0,to_view=37
info|2019-11-12 18:42:38.261522|[g:1][CONSENSUS][SEALER]++++++++++++++++ Generating seal on,blkNum=9,tx=0,nodeIdx=1,hash=5c3d66f3...
info|2019-11-12 18:42:38.265360|[g:1][CONSENSUS][PBFT]checkTimeout Succ,view=37,toView=38,nodeIdx=1,changeCycle=0,myNode=6f997471...,timecost=0.207
info|2019-11-12 18:42:38.265651|[g:1][CONSENSUS][PBFT]checkAndChangeView: Reach consensus,org_view=37,org_changeCycle=0,cur_changeCycle=0,to_view=38
info|2019-11-12 18:42:39.268715|[g:1][CONSENSUS]addRawPrepare,height=9,reqIdx=2,hash=b8d93625...
info|2019-11-12 18:42:39.268979|[g:1][CONSENSUS][PBFT]checkTimeout Succ,view=38,toView=39,nodeIdx=1,changeCycle=0,myNode=6f997471...,timecost=0.189
info|2019-11-12 18:42:39.273733|[g:1][CONSENSUS][PBFT]checkAndChangeView: Reach consensus,org_view=38,org_changeCycle=0,cur_changeCycle=0,to_view=39
info|2019-11-12 18:42:39.891347|[P2P][Service] heartBeat,connected count=4
warning|2019-11-12 18:42:40.109228|[SYNC][id:6f997471...][Status]Peer data not found,nodeId=6e4f3ba3...
info|2019-11-12 18:42:40.277837|[g:1][CONSENSUS]addRawPrepare,height=9,reqIdx=3,hash=f7874067...
info|2019-11-12 18:42:40.278090|[g:1][CONSENSUS][PBFT]checkTimeout Succ,view=39,toView=40,nodeIdx=1,changeCycle=0,myNode=6f997471...,timecost=0.183
info|2019-11-12 18:42:40.283330|[g:1][CONSENSUS][PBFT]checkAndChangeView: Reach consensus,org_view=39,org_changeCycle=0,cur_changeCycle=0,to_view=40
info|2019-11-12 18:42:41.283168|[g:1][CONSENSUS]addRawPrepare,height=9,reqIdx=0,hash=8cf386ed...
info|2019-11-12 18:42:41.283429|[g:1][CONSENSUS][PBFT]checkTimeout Succ,view=40,toView=41,nodeIdx=1,changeCycle=0,myNode=6f997471...,timecost=0.184
info|2019-11-12 18:42:41.286923|[g:1][CONSENSUS][PBFT]checkAndChangeView: Reach consensus,org_view=40,org_changeCycle=0,cur_changeCycle=0,to_view=41
info|2019-11-12 18:42:42.288224|[g:1][CONSENSUS][SEALER]++++++++++++++++ Generating seal on,blkNum=9,tx=0,nodeIdx=1,hash=bb66a1d0...
info|2019-11-12 18:42:42.288885|[g:1][CONSENSUS][PBFT]checkTimeout Succ,view=41,toView=42,nodeIdx=1,changeCycle=0,myNode=6f997471...,timecost=0.2
info|2019-11-12 18:42:42.292696|[g:1][CONSENSUS][PBFT]checkAndChangeView: Reach consensus,org_view=41,org_changeCycle=0,cur_changeCycle=0,to_view=42
info|2019-11-12 18:42:43.296441|[g:1][CONSENSUS]addRawPrepare,height=9,reqIdx=2,hash=311f7187...
info|2019-11-12 18:42:43.296703|[g:1][CONSENSUS][PBFT]checkTimeout Succ,view=42,toView=43,nodeIdx=1,changeCycle=0,myNode=6f997471...,timecost=0.188
info|2019-11-12 18:42:43.302548|[g:1][CONSENSUS][PBFT]checkAndChangeView: Reach consensus,org_view=42,org_changeCycle=0,cur_changeCycle=0,to_view=43
info|2019-11-12 18:42:44.304381|[g:1][CONSENSUS]addRawPrepare,height=9,reqIdx=3,hash=4073c217...
info|2019-11-12 18:42:44.304635|[g:1][CONSENSUS][PBFT]checkTimeout Succ,view=43,toView=44,nodeIdx=1,changeCycle=0,myNode=6f997471...,timecost=0.184
info|2019-11-12 18:42:44.307688|[g:1][CONSENSUS][PBFT]checkAndChangeView: Reach consensus,org_view=43,org_changeCycle=0,cur_changeCycle=0,to_view=44
warning|2019-11-12 18:42:45.130513|[SYNC][id:6f997471...][Status]Peer data not found,nodeId=6e4f3ba3...
info|2019-11-12 18:42:45.312106|[g:1][CONSENSUS]addRawPrepare,height=9,reqIdx=0,hash=69eecb20...
info|2019-11-12 18:42:45.312389|[g:1][CONSENSUS][PBFT]checkTimeout Succ,view=44,toView=45,nodeIdx=1,changeCycle=0,myNode=6f997471...,timecost=0.216
info|2019-11-12 18:42:45.316722|[g:1][CONSENSUS][PBFT]checkAndChangeView: Reach consensus,org_view=44,org_changeCycle=0,cur_changeCycle=0,to_view=45
info|2019-11-12 18:42:46.318044|[g:1][CONSENSUS][SEALER]++++++++++++++++ Generating seal on,blkNum=9,tx=0,nodeIdx=1,hash=1e4ce9e9...
info|2019-11-12 18:42:46.326161|[g:1][CONSENSUS][PBFT]checkTimeout Succ,view=45,toView=46,nodeIdx=1,changeCycle=0,myNode=6f997471...,timecost=0.206
info|2019-11-12 18:42:46.327175|[g:1][CONSENSUS][PBFT]checkAndChangeView: Reach consensus,org_view=45,org_changeCycle=0,cur_changeCycle=0,to_view=46
info|2019-11-12 18:42:47.325734|[g:1][CONSENSUS]addRawPrepare,height=9,reqIdx=2,hash=ee40aef1...
info|2019-11-12 18:42:47.326023|[g:1][CONSENSUS][PBFT]checkTimeout Succ,view=46,toView=47,nodeIdx=1,changeCycle=0,myNode=6f997471...,timecost=0.209
info|2019-11-12 18:42:47.329302|[g:1][CONSENSUS][PBFT]checkAndChangeView: Reach consensus,org_view=46,org_changeCycle=0,cur_changeCycle=0,to_view=47
info|2019-11-12 18:42:48.333254|[g:1][CONSENSUS]addRawPrepare,height=9,reqIdx=3,hash=ce4a6e96...
info|2019-11-12 18:42:48.333463|[g:1][CONSENSUS][PBFT]checkTimeout Succ,view=47,toView=48,nodeIdx=1,changeCycle=0,myNode=6f997471...,timecost=0.187
info|2019-11-12 18:42:48.335207|[g:1][CONSENSUS][PBFT]checkAndChangeView: Reach consensus,org_view=47,org_changeCycle=0,cur_changeCycle=0,to_view=48
info|2019-11-12 18:42:49.339691|[g:1][CONSENSUS]addRawPrepare,height=9,reqIdx=0,hash=8d31e91d...
info|2019-11-12 18:42:49.339905|[g:1][CONSENSUS][PBFT]checkTimeout Succ,view=48,toView=49,nodeIdx=1,changeCycle=0,myNode=6f997471...,timecost=0.191
info|2019-11-12 18:42:49.340182|[g:1][CONSENSUS][PBFT]checkAndChangeView: Reach consensus,org_view=48,org_changeCycle=0,cur_changeCycle=0,to_view=49
info|2019-11-12 18:42:49.891481|[P2P][Service] heartBeat,connected count=4
warning|2019-11-12 18:42:50.139966|[SYNC][id:6f997471...][Status]Peer data not found,nodeId=6e4f3ba3...
info|2019-11-12 18:42:50.340505|[g:1][CONSENSUS][SEALER]++++++++++++++++ Generating seal on,blkNum=9,tx=0,nodeIdx=1,hash=f801f90e...
info|2019-11-12 18:42:50.346485|[g:1][CONSENSUS][PBFT]checkTimeout Succ,view=49,toView=50,nodeIdx=1,changeCycle=0,myNode=6f997471...,timecost=0.193
info|2019-11-12 18:42:50.347322|[g:1][CONSENSUS][PBFT]checkAndChangeView: Reach consensus,org_view=49,org_changeCycle=0,cur_changeCycle=0,to_view=50
info|2019-11-12 18:42:51.348015|[g:1][CONSENSUS]addRawPrepare,height=9,reqIdx=2,hash=4c184152...
info|2019-11-12 18:42:51.348281|[g:1][CONSENSUS][PBFT]checkTimeout Succ,view=50,toView=51,nodeIdx=1,changeCycle=0,myNode=6f997471...,timecost=0.193
info|2019-11-12 18:42:51.351355|[g:1][CONSENSUS][PBFT]checkAndChangeView: Reach consensus,org_view=50,org_changeCycle=0,cur_changeCycle=0,to_view=51
info|2019-11-12 18:42:52.355587|[g:1][CONSENSUS]addRawPrepare,height=9,reqIdx=3,hash=c38a61b6...
info|2019-11-12 18:42:52.355791|[g:1][CONSENSUS][PBFT]checkTimeout Succ,view=51,toView=52,nodeIdx=1,changeCycle=0,myNode=6f997471...,timecost=0.182
info|2019-11-12 18:42:52.357510|[g:1][CONSENSUS][PBFT]checkAndChangeView: Reach consensus,org_view=51,org_changeCycle=0,cur_changeCycle=0,to_view=52
info|2019-11-12 18:42:53.360181|[g:1][CONSENSUS]addRawPrepare,height=9,reqIdx=0,hash=4f4b31dc...
info|2019-11-12 18:42:53.360415|[g:1][CONSENSUS][PBFT]checkTimeout Succ,view=52,toView=53,nodeIdx=1,changeCycle=0,myNode=6f997471...,timecost=0.211
info|2019-11-12 18:42:53.363362|[g:1][CONSENSUS][PBFT]checkAndChangeView: Reach consensus,org_view=52,org_changeCycle=0,cur_changeCycle=0,to_view=53
info|2019-11-12 18:42:54.364443|[g:1][CONSENSUS][SEALER]++++++++++++++++ Generating seal on,blkNum=9,tx=0,nodeIdx=1,hash=ed87e800...
info|2019-11-12 18:42:54.370557|[g:1][CONSENSUS][PBFT]checkTimeout Succ,view=53,toView=54,nodeIdx=1,changeCycle=0,myNode=6f997471...,timecost=0.194
info|2019-11-12 18:42:54.371493|[g:1][CONSENSUS][PBFT]checkAndChangeView: Reach consensus,org_view=53,org_changeCycle=0,cur_changeCycle=0,to_view=54
warning|2019-11-12 18:42:55.148376|[SYNC][id:6f997471...][Status]Peer data not found,nodeId=6e4f3ba3...
info|2019-11-12 18:42:55.370834|[g:1][CONSENSUS]addRawPrepare,height=9,reqIdx=2,hash=3719efe2...
info|2019-11-12 18:42:55.371176|[g:1][CONSENSUS][PBFT]checkTimeout Succ,view=54,toView=55,nodeIdx=1,changeCycle=0,myNode=6f997471...,timecost=0.192
info|2019-11-12 18:42:55.375537|[g:1][CONSENSUS][PBFT]checkAndChangeView: Reach consensus,org_view=54,org_changeCycle=0,cur_changeCycle=0,to_view=55
info|2019-11-12 18:42:56.377393|[g:1][CONSENSUS]addRawPrepare,height=9,reqIdx=3,hash=c31501dc...
info|2019-11-12 18:42:56.377602|[g:1][CONSENSUS][PBFT]checkTimeout Succ,view=55,toView=56,nodeIdx=1,changeCycle=0,myNode=6f997471...,timecost=0.184
info|2019-11-12 18:42:56.379928|[g:1][CONSENSUS][PBFT]checkAndChangeView: Reach consensus,org_view=55,org_changeCycle=0,cur_changeCycle=0,to_view=56
info|2019-11-12 18:42:57.382003|[g:1][CONSENSUS]addRawPrepare,height=9,reqIdx=0,hash=95694746...
info|2019-11-12 18:42:57.382278|[g:1][CONSENSUS][PBFT]checkTimeout Succ,view=56,toView=57,nodeIdx=1,changeCycle=0,myNode=6f997471...,timecost=0.201
info|2019-11-12 18:42:57.386983|[g:1][CONSENSUS][PBFT]checkAndChangeView: Reach consensus,org_view=56,org_changeCycle=0,cur_changeCycle=0,to_view=57
info|2019-11-12 18:42:58.387967|[g:1][CONSENSUS][SEALER]++++++++++++++++ Generating seal on,blkNum=9,tx=0,nodeIdx=1,hash=2bb2fee6...
info|2019-11-12 18:42:58.391651|[g:1][CONSENSUS][PBFT]checkTimeout Succ,view=57,toView=58,nodeIdx=1,changeCycle=0,myNode=6f997471...,timecost=0.182
info|2019-11-12 18:42:58.392680|[g:1][CONSENSUS][PBFT]checkAndChangeView: Reach consensus,org_view=57,org_changeCycle=0,cur_changeCycle=0,to_view=58
info|2019-11-12 18:42:59.398201|[g:1][CONSENSUS]addRawPrepare,height=9,reqIdx=2,hash=0bbb1202...
info|2019-11-12 18:42:59.398477|[g:1][CONSENSUS][PBFT]checkTimeout Succ,view=58,toView=59,nodeIdx=1,changeCycle=0,myNode=6f997471...,timecost=0.208
info|2019-11-12 18:42:59.402455|[g:1][CONSENSUS][PBFT]checkAndChangeView: Reach consensus,org_view=58,org_changeCycle=0,cur_changeCycle=0,to_view=59
info|2019-11-12 18:42:59.892502|[P2P][Service] heartBeat,connected count=4
warning|2019-11-12 18:43:00.169448|[SYNC][id:6f997471...][Status]Peer data not found,nodeId=6e4f3ba3...
info|2019-11-12 18:43:00.404643|[g:1][CONSENSUS]addRawPrepare,height=9,reqIdx=3,hash=18a810e5...
info|2019-11-12 18:43:00.404920|[g:1][CONSENSUS][PBFT]checkTimeout Succ,view=59,toView=60,nodeIdx=1,changeCycle=0,myNode=6f997471...,timecost=0.213
info|2019-11-12 18:43:00.408332|[g:1][CONSENSUS][PBFT]checkAndChangeView: Reach consensus,org_view=59,org_changeCycle=0,cur_changeCycle=0,to_view=60
info|2019-11-12 18:43:01.411896|[g:1][CONSENSUS]addRawPrepare,height=9,reqIdx=0,hash=f464658b...
info|2019-11-12 18:43:01.412149|[g:1][CONSENSUS][PBFT]checkTimeout Succ,view=60,toView=61,nodeIdx=1,changeCycle=0,myNode=6f997471...,timecost=0.184
info|2019-11-12 18:43:01.416335|[g:1][CONSENSUS][PBFT]checkAndChangeView: Reach consensus,org_view=60,org_changeCycle=0,cur_changeCycle=0,to_view=61
info|2019-11-12 18:43:02.417146|[g:1][CONSENSUS][SEALER]++++++++++++++++ Generating seal on,blkNum=9,tx=0,nodeIdx=1,hash=40674fb9...
info|2019-11-12 18:43:02.420921|[g:1][CONSENSUS][PBFT]checkTimeout Succ,view=61,toView=62,nodeIdx=1,changeCycle=0,myNode=6f997471...,timecost=0.192
info|2019-11-12 18:43:02.421472|[g:1][CONSENSUS][PBFT]checkAndChangeView: Reach consensus,org_view=61,org_changeCycle=0,cur_changeCycle=0,to_view=62
info|2019-11-12 18:43:03.426380|[g:1][CONSENSUS]addRawPrepare,height=9,reqIdx=2,hash=aecb3253...
info|2019-11-12 18:43:03.426662|[g:1][CONSENSUS][PBFT]checkTimeout Succ,view=62,toView=63,nodeIdx=1,changeCycle=0,myNode=6f997471...,timecost=0.191
info|2019-11-12 18:43:03.433277|[g:1][CONSENSUS][PBFT]checkAndChangeView: Reach consensus,org_view=62,org_changeCycle=0,cur_changeCycle=0,to_view=63
info|2019-11-12 18:43:04.435292|[g:1][CONSENSUS]addRawPrepare,height=9,reqIdx=3,hash=99edb844...
info|2019-11-12 18:43:04.435605|[g:1][CONSENSUS][PBFT]checkTimeout Succ,view=63,toView=64,nodeIdx=1,changeCycle=0,myNode=6f997471...,timecost=0.227
info|2019-11-12 18:43:04.441193|[g:1][CONSENSUS][PBFT]checkAndChangeView: Reach consensus,org_view=63,org_changeCycle=0,cur_changeCycle=0,to_view=64
warning|2019-11-12 18:43:05.189464|[SYNC][id:6f997471...][Status]Peer data not found,nodeId=6e4f3ba3...
info|2019-11-12 18:43:05.442536|[g:1][CONSENSUS]addRawPrepare,height=9,reqIdx=0,hash=2311dff3...
info|2019-11-12 18:43:05.446042|[g:1][CONSENSUS][PBFT]checkTimeout Succ,view=64,toView=65,nodeIdx=1,changeCycle=0,myNode=6f997471...,timecost=3.385
info|2019-11-12 18:43:05.447227|[g:1][CONSENSUS][PBFT]checkAndChangeView: Reach consensus,org_view=64,org_changeCycle=0,cur_changeCycle=0,to_view=65
info|2019-11-12 18:43:06.455633|[g:1][CONSENSUS][SEALER]++++++++++++++++ Generating seal on,blkNum=9,tx=0,nodeIdx=1,hash=b8b9c6d8...
info|2019-11-12 18:43:06.461016|[g:1][CONSENSUS][PBFT]checkTimeout Succ,view=65,toView=66,nodeIdx=1,changeCycle=0,myNode=6f997471...,timecost=0.327
info|2019-11-12 18:43:06.461957|[g:1][CONSENSUS][PBFT]checkAndChangeView: Reach consensus,org_view=65,org_changeCycle=0,cur_changeCycle=0,to_view=66
info|2019-11-12 18:43:07.470627|[g:1][CONSENSUS]addRawPrepare,height=9,reqIdx=2,hash=7ebdae7e...
info|2019-11-12 18:43:07.475184|[g:1][CONSENSUS][PBFT]checkTimeout Succ,view=66,toView=67,nodeIdx=1,changeCycle=0,myNode=6f997471...,timecost=4.492
info|2019-11-12 18:43:07.476189|[g:1][CONSENSUS][PBFT]checkAndChangeView: Reach consensus,org_view=66,org_changeCycle=0,cur_changeCycle=0,to_view=67
info|2019-11-12 18:43:08.481590|[g:1][CONSENSUS]addRawPrepare,height=9,reqIdx=3,hash=9f89c01f...
info|2019-11-12 18:43:08.481845|[g:1][CONSENSUS][PBFT]checkTimeout Succ,view=67,toView=68,nodeIdx=1,changeCycle=0,myNode=6f997471...,timecost=0.185
info|2019-11-12 18:43:08.485606|[g:1][CONSENSUS][PBFT]checkAndChangeView: Reach consensus,org_view=67,org_changeCycle=0,cur_changeCycle=0,to_view=68
info|2019-11-12 18:43:09.490499|[g:1][CONSENSUS]addRawPrepare,height=9,reqIdx=0,hash=ed6163cc...
info|2019-11-12 18:43:09.490766|[g:1][CONSENSUS][PBFT]checkTimeout Succ,view=68,toView=69,nodeIdx=1,changeCycle=0,myNode=6f997471...,timecost=0.19
info|2019-11-12 18:43:09.494378|[g:1][CONSENSUS][PBFT]checkAndChangeView: Reach consensus,org_view=68,org_changeCycle=0,cur_changeCycle=0,to_view=69
info|2019-11-12 18:43:09.892684|[P2P][Service] heartBeat,connected count=4
warning|2019-11-12 18:43:10.228627|[SYNC][id:6f997471...][Status]Peer data not found,nodeId=6e4f3ba3...
info|2019-11-12 18:43:10.494289|[g:1][CONSENSUS][SEALER]++++++++++++++++ Generating seal on,blkNum=9,tx=0,nodeIdx=1,hash=0fa74c9c...
info|2019-11-12 18:43:10.498663|[g:1][CONSENSUS][PBFT]checkTimeout Succ,view=69,toView=70,nodeIdx=1,changeCycle=0,myNode=6f997471...,timecost=0.235
info|2019-11-12 18:43:10.501411|[g:1][CONSENSUS][PBFT]checkAndChangeView: Reach consensus,org_view=69,org_changeCycle=0,cur_changeCycle=0,to_view=70
info|2019-11-12 18:43:11.501850|[g:1][CONSENSUS]addRawPrepare,height=9,reqIdx=2,hash=0a705663...
info|2019-11-12 18:43:11.502124|[g:1][CONSENSUS][PBFT]checkTimeout Succ,view=70,toView=71,nodeIdx=1,changeCycle=0,myNode=6f997471...,timecost=0.197
info|2019-11-12 18:43:11.508067|[g:1][CONSENSUS][PBFT]checkAndChangeView: Reach consensus,org_view=70,org_changeCycle=0,cur_changeCycle=0,to_view=71
info|2019-11-12 18:43:12.507670|[g:1][CONSENSUS]addRawPrepare,height=9,reqIdx=3,hash=05df80d8...
info|2019-11-12 18:43:12.511391|[g:1][CONSENSUS][PBFT]checkTimeout Succ,view=71,toView=72,nodeIdx=1,changeCycle=0,myNode=6f997471...,timecost=0.581
info|2019-11-12 18:43:12.512025|[g:1][CONSENSUS][PBFT]checkAndChangeView: Reach consensus,org_view=71,org_changeCycle=0,cur_changeCycle=0,to_view=72
info|2019-11-12 18:43:13.516010|[g:1][CONSENSUS]addRawPrepare,height=9,reqIdx=0,hash=033a3081...
info|2019-11-12 18:43:13.516293|[g:1][CONSENSUS][PBFT]checkTimeout Succ,view=72,toView=73,nodeIdx=1,changeCycle=0,myNode=6f997471...,timecost=0.213
info|2019-11-12 18:43:13.522964|[g:1][CONSENSUS][PBFT]checkAndChangeView: Reach consensus,org_view=72,org_changeCycle=0,cur_changeCycle=0,to_view=73
info|2019-11-12 18:43:14.524726|[g:1][CONSENSUS][SEALER]++++++++++++++++ Generating seal on,blkNum=9,tx=0,nodeIdx=1,hash=22597e1f...
info|2019-11-12 18:43:14.528709|[g:1][CONSENSUS][PBFT]checkTimeout Succ,view=73,toView=74,nodeIdx=1,changeCycle=0,myNode=6f997471...,timecost=0.229
info|2019-11-12 18:43:14.528999|[g:1][CONSENSUS][PBFT]checkAndChangeView: Reach consensus,org_view=73,org_changeCycle=0,cur_changeCycle=0,to_view=74
warning|2019-11-12 18:43:15.251807|[SYNC][id:6f997471...][Status]Peer data not found,nodeId=6e4f3ba3...
info|2019-11-12 18:43:15.534996|[g:1][CONSENSUS]addRawPrepare,height=9,reqIdx=2,hash=ab690d7d...
info|2019-11-12 18:43:15.535250|[g:1][CONSENSUS][PBFT]checkTimeout Succ,view=74,toView=75,nodeIdx=1,changeCycle=0,myNode=6f997471...,timecost=0.183
info|2019-11-12 18:43:15.541503|[g:1][CONSENSUS][PBFT]checkAndChangeView: Reach consensus,org_view=74,org_changeCycle=0,cur_changeCycle=0,to_view=75
info|2019-11-12 18:43:16.025436|[CHANNEL]channel new connect, host=127.0.0.1:58528
info|2019-11-12 18:43:16.025792|[CHANNEL]start receive
info|2019-11-12 18:43:16.045563|[RPC][getGroupList]request
info|2019-11-12 18:43:16.283411|[CHANNEL]channel new connect, host=127.0.0.1:58530
info|2019-11-12 18:43:16.283472|[CHANNEL]start receive
info|2019-11-12 18:43:16.543306|[g:1][CONSENSUS]addRawPrepare,height=9,reqIdx=3,hash=6b4d0f35...
info|2019-11-12 18:43:16.543609|[g:1][CONSENSUS][PBFT]checkTimeout Succ,view=75,toView=76,nodeIdx=1,changeCycle=0,myNode=6f997471...,timecost=0.231
info|2019-11-12 18:43:16.547941|[g:1][CONSENSUS][PBFT]checkAndChangeView: Reach consensus,org_view=75,org_changeCycle=0,cur_changeCycle=0,to_view=76
info|2019-11-12 18:43:17.406817|[RPC][getClientVersion]request
info|2019-11-12 18:43:17.555341|[g:1][CONSENSUS]addRawPrepare,height=9,reqIdx=0,hash=7979420c...
info|2019-11-12 18:43:17.555590|[g:1][CONSENSUS][PBFT]checkTimeout Succ,view=76,toView=77,nodeIdx=1,changeCycle=0,myNode=6f997471...,timecost=0.184
info|2019-11-12 18:43:17.558210|[g:1][CONSENSUS][PBFT]checkAndChangeView: Reach consensus,org_view=76,org_changeCycle=0,cur_changeCycle=0,to_view=77
info|2019-11-12 18:43:18.559795|[g:1][CONSENSUS][SEALER]++++++++++++++++ Generating seal on,blkNum=9,tx=0,nodeIdx=1,hash=22be3ae0...
info|2019-11-12 18:43:18.563209|[g:1][CONSENSUS][PBFT]checkTimeout Succ,view=77,toView=78,nodeIdx=1,changeCycle=0,myNode=6f997471...,timecost=0.211
info|2019-11-12 18:43:18.563788|[g:1][CONSENSUS][PBFT]checkAndChangeView: Reach consensus,org_view=77,org_changeCycle=0,cur_changeCycle=0,to_view=78
info|2019-11-12 18:43:19.569005|[g:1][CONSENSUS]addRawPrepare,height=9,reqIdx=2,hash=44219bf1...
info|2019-11-12 18:43:19.569263|[g:1][CONSENSUS][PBFT]checkTimeout Succ,view=78,toView=79,nodeIdx=1,changeCycle=0,myNode=6f997471...,timecost=0.187
info|2019-11-12 18:43:19.574164|[g:1][CONSENSUS][PBFT]checkAndChangeView: Reach consensus,org_view=78,org_changeCycle=0,cur_changeCycle=0,to_view=79
info|2019-11-12 18:43:19.893433|[P2P][Service] heartBeat,connected count=4
warning|2019-11-12 18:43:20.274060|[SYNC][id:6f997471...][Status]Peer data not found,nodeId=6e4f3ba3...
info|2019-11-12 18:43:20.576848|[g:1][CONSENSUS]addRawPrepare,height=9,reqIdx=3,hash=0b6ab0ea...
info|2019-11-12 18:43:20.577127|[g:1][CONSENSUS][PBFT]checkTimeout Succ,view=79,toView=80,nodeIdx=1,changeCycle=0,myNode=6f997471...,timecost=0.214
info|2019-11-12 18:43:20.581897|[g:1][CONSENSUS][PBFT]checkAndChangeView: Reach consensus,org_view=79,org_changeCycle=0,cur_changeCycle=0,to_view=80
info|2019-11-12 18:43:21.585128|[g:1][CONSENSUS]addRawPrepare,height=9,reqIdx=0,hash=ad5a8215...
info|2019-11-12 18:43:21.588225|[g:1][CONSENSUS][PBFT]checkTimeout Succ,view=80,toView=81,nodeIdx=1,changeCycle=0,myNode=6f997471...,timecost=0.23
info|2019-11-12 18:43:21.588820|[g:1][CONSENSUS][PBFT]checkAndChangeView: Reach consensus,org_view=80,org_changeCycle=0,cur_changeCycle=0,to_view=81
info|2019-11-12 18:43:22.589022|[g:1][CONSENSUS][SEALER]++++++++++++++++ Generating seal on,blkNum=9,tx=0,nodeIdx=1,hash=363c27f5...
info|2019-11-12 18:43:22.594211|[g:1][CONSENSUS][PBFT]checkTimeout Succ,view=81,toView=82,nodeIdx=1,changeCycle=0,myNode=6f997471...,timecost=0.199
info|2019-11-12 18:43:22.594838|[g:1][CONSENSUS][PBFT]checkAndChangeView: Reach consensus,org_view=81,org_changeCycle=0,cur_changeCycle=0,to_view=82
info|2019-11-12 18:43:23.595862|[g:1][CONSENSUS]addRawPrepare,height=9,reqIdx=2,hash=ed83c1c2...
info|2019-11-12 18:43:23.596167|[g:1][CONSENSUS][PBFT]checkTimeout Succ,view=82,toView=83,nodeIdx=1,changeCycle=0,myNode=6f997471...,timecost=0.224
info|2019-11-12 18:43:23.600682|[g:1][CONSENSUS][PBFT]checkAndChangeView: Reach consensus,org_view=82,org_changeCycle=0,cur_changeCycle=0,to_view=83
info|2019-11-12 18:43:24.599887|[g:1][CONSENSUS]addRawPrepare,height=9,reqIdx=3,hash=e3c8ae1d...
info|2019-11-12 18:43:24.600169|[g:1][CONSENSUS][PBFT]checkTimeout Succ,view=83,toView=84,nodeIdx=1,changeCycle=0,myNode=6f997471...,timecost=0.189
info|2019-11-12 18:43:24.605437|[g:1][CONSENSUS][PBFT]checkAndChangeView: Reach consensus,org_view=83,org_changeCycle=0,cur_changeCycle=0,to_view=84
warning|2019-11-12 18:43:25.292232|[SYNC][id:6f997471...][Status]Peer data not found,nodeId=6e4f3ba3...
info|2019-11-12 18:43:25.610736|[g:1][CONSENSUS]addRawPrepare,height=9,reqIdx=0,hash=a6529f90...
info|2019-11-12 18:43:25.610997|[g:1][CONSENSUS][PBFT]checkTimeout Succ,view=84,toView=85,nodeIdx=1,changeCycle=0,myNode=6f997471...,timecost=0.198
info|2019-11-12 18:43:25.614847|[g:1][CONSENSUS][PBFT]checkAndChangeView: Reach consensus,org_view=84,org_changeCycle=0,cur_changeCycle=0,to_view=85
info|2019-11-12 18:43:25.661475|[RPC][getPbftView]request,groupID=1
info|2019-11-12 18:43:25.661560|[RPC][getPendingTxSize]request,groupID=1
info|2019-11-12 18:43:26.614711|[g:1][CONSENSUS][SEALER]++++++++++++++++ Generating seal on,blkNum=9,tx=0,nodeIdx=1,hash=291207bc...
info|2019-11-12 18:43:26.620931|[g:1][CONSENSUS][PBFT]checkTimeout Succ,view=85,toView=86,nodeIdx=1,changeCycle=0,myNode=6f997471...,timecost=0.198
info|2019-11-12 18:43:26.621821|[g:1][CONSENSUS][PBFT]checkAndChangeView: Reach consensus,org_view=85,org_changeCycle=0,cur_changeCycle=0,to_view=86
info|2019-11-12 18:43:27.620730|[g:1][CONSENSUS]addRawPrepare,height=9,reqIdx=2,hash=e9d45e2e...
info|2019-11-12 18:43:27.620994|[g:1][CONSENSUS][PBFT]checkTimeout Succ,view=86,toView=87,nodeIdx=1,changeCycle=0,myNode=6f997471...,timecost=0.187
info|2019-11-12 18:43:27.624836|[g:1][CONSENSUS][PBFT]checkAndChangeView: Reach consensus,org_view=86,org_changeCycle=0,cur_changeCycle=0,to_view=87
info|2019-11-12 18:43:28.625339|[g:1][CONSENSUS]addRawPrepare,height=9,reqIdx=3,hash=83ecb48b...
info|2019-11-12 18:43:28.625570|[g:1][CONSENSUS][PBFT]checkTimeout Succ,view=87,toView=88,nodeIdx=1,changeCycle=0,myNode=6f997471...,timecost=0.208
info|2019-11-12 18:43:28.627201|[g:1][CONSENSUS][PBFT]checkAndChangeView: Reach consensus,org_view=87,org_changeCycle=0,cur_changeCycle=0,to_view=88
info|2019-11-12 18:43:29.631531|[g:1][CONSENSUS]addRawPrepare,height=9,reqIdx=0,hash=970ecf6a...
info|2019-11-12 18:43:29.631793|[g:1][CONSENSUS][PBFT]checkTimeout Succ,view=88,toView=89,nodeIdx=1,changeCycle=0,myNode=6f997471...,timecost=0.231
info|2019-11-12 18:43:29.634843|[g:1][CONSENSUS][PBFT]checkAndChangeView: Reach consensus,org_view=88,org_changeCycle=0,cur_changeCycle=0,to_view=89
info|2019-11-12 18:43:29.894421|[P2P][Service] heartBeat,connected count=4
info|2019-11-12 18:43:30.012297|[RPC][getPbftView]request,groupID=1
info|2019-11-12 18:43:30.012401|[RPC][getPendingTxSize]request,groupID=1
warning|2019-11-12 18:43:30.300293|[SYNC][id:6f997471...][Status]Peer data not found,nodeId=6e4f3ba3...
info|2019-11-12 18:43:30.635853|[g:1][CONSENSUS][SEALER]++++++++++++++++ Generating seal on,blkNum=9,tx=0,nodeIdx=1,hash=f6ad3602...
info|2019-11-12 18:43:30.642227|[g:1][CONSENSUS][PBFT]checkTimeout Succ,view=89,toView=90,nodeIdx=1,changeCycle=0,myNode=6f997471...,timecost=0.193
info|2019-11-12 18:43:30.643090|[g:1][CONSENSUS][PBFT]checkAndChangeView: Reach consensus,org_view=89,org_changeCycle=0,cur_changeCycle=0,to_view=90
info|2019-11-12 18:43:31.641806|[g:1][CONSENSUS]addRawPrepare,height=9,reqIdx=2,hash=4ecc6ecc...
info|2019-11-12 18:43:31.642093|[g:1][CONSENSUS][PBFT]checkTimeout Succ,view=90,toView=91,nodeIdx=1,changeCycle=0,myNode=6f997471...,timecost=0.217
info|2019-11-12 18:43:31.645362|[g:1][CONSENSUS][PBFT]checkAndChangeView: Reach consensus,org_view=90,org_changeCycle=0,cur_changeCycle=0,to_view=91
info|2019-11-12 18:43:32.649998|[g:1][CONSENSUS]addRawPrepare,height=9,reqIdx=3,hash=88b330c8...
info|2019-11-12 18:43:32.650226|[g:1][CONSENSUS][PBFT]checkTimeout Succ,view=91,toView=92,nodeIdx=1,changeCycle=0,myNode=6f997471...,timecost=0.188
info|2019-11-12 18:43:32.652125|[g:1][CONSENSUS][PBFT]checkAndChangeView: Reach consensus,org_view=91,org_changeCycle=0,cur_changeCycle=0,to_view=92
info|2019-11-12 18:43:33.655355|[g:1][CONSENSUS]addRawPrepare,height=9,reqIdx=0,hash=7307a60f...
info|2019-11-12 18:43:33.655569|[g:1][CONSENSUS][PBFT]checkTimeout Succ,view=92,toView=93,nodeIdx=1,changeCycle=0,myNode=6f997471...,timecost=0.19
info|2019-11-12 18:43:33.658543|[g:1][CONSENSUS][PBFT]checkAndChangeView: Reach consensus,org_view=92,org_changeCycle=0,cur_changeCycle=0,to_view=93
info|2019-11-12 18:43:34.659462|[g:1][CONSENSUS][SEALER]++++++++++++++++ Generating seal on,blkNum=9,tx=0,nodeIdx=1,hash=fbd3cd87...
info|2019-11-12 18:43:34.665803|[g:1][CONSENSUS][PBFT]checkTimeout Succ,view=93,toView=94,nodeIdx=1,changeCycle=0,myNode=6f997471...,timecost=0.197
info|2019-11-12 18:43:34.666761|[g:1][CONSENSUS][PBFT]checkAndChangeView: Reach consensus,org_view=93,org_changeCycle=0,cur_changeCycle=0,to_view=94
info|2019-11-12 18:43:35.020679|[RPC][getPbftView]request,groupID=1
info|2019-11-12 18:43:35.020758|[RPC][getPendingTxSize]request,groupID=1
warning|2019-11-12 18:43:35.306991|[SYNC][id:6f997471...][Status]Peer data not found,nodeId=6e4f3ba3...
info|2019-11-12 18:43:35.665859|[g:1][CONSENSUS]addRawPrepare,height=9,reqIdx=2,hash=11c03f15...
info|2019-11-12 18:43:35.666126|[g:1][CONSENSUS][PBFT]checkTimeout Succ,view=94,toView=95,nodeIdx=1,changeCycle=0,myNode=6f997471...,timecost=0.192
info|2019-11-12 18:43:35.670562|[g:1][CONSENSUS][PBFT]checkAndChangeView: Reach consensus,org_view=94,org_changeCycle=0,cur_changeCycle=0,to_view=95
info|2019-11-12 18:43:36.671867|[g:1][CONSENSUS]addRawPrepare,height=9,reqIdx=3,hash=0f5dc3bf...
info|2019-11-12 18:43:36.672110|[g:1][CONSENSUS][PBFT]checkTimeout Succ,view=95,toView=96,nodeIdx=1,changeCycle=0,myNode=6f997471...,timecost=0.22
info|2019-11-12 18:43:36.674296|[g:1][CONSENSUS][PBFT]checkAndChangeView: Reach consensus,org_view=95,org_changeCycle=0,cur_changeCycle=0,to_view=96
info|2019-11-12 18:43:37.676603|[g:1][CONSENSUS]addRawPrepare,height=9,reqIdx=0,hash=19585ca7...
info|2019-11-12 18:43:37.676825|[g:1][CONSENSUS][PBFT]checkTimeout Succ,view=96,toView=97,nodeIdx=1,changeCycle=0,myNode=6f997471...,timecost=0.197
info|2019-11-12 18:43:37.679579|[g:1][CONSENSUS][PBFT]checkAndChangeView: Reach consensus,org_view=96,org_changeCycle=0,cur_changeCycle=0,to_view=97
info|2019-11-12 18:43:38.679417|[g:1][CONSENSUS][SEALER]++++++++++++++++ Generating seal on,blkNum=9,tx=0,nodeIdx=1,hash=b658ef3b...
info|2019-11-12 18:43:38.685866|[g:1][CONSENSUS][PBFT]checkTimeout Succ,view=97,toView=98,nodeIdx=1,changeCycle=0,myNode=6f997471...,timecost=0.203
info|2019-11-12 18:43:38.686936|[g:1][CONSENSUS][PBFT]checkAndChangeView: Reach consensus,org_view=97,org_changeCycle=0,cur_changeCycle=0,to_view=98
info|2019-11-12 18:43:39.686647|[g:1][CONSENSUS]addRawPrepare,height=9,reqIdx=2,hash=3feb3f97...
info|2019-11-12 18:43:39.691759|[g:1][CONSENSUS][PBFT]checkTimeout Succ,view=98,toView=99,nodeIdx=1,changeCycle=0,myNode=6f997471...,timecost=4.964
info|2019-11-12 18:43:39.694035|[g:1][CONSENSUS][PBFT]checkAndChangeView: Reach consensus,org_view=98,org_changeCycle=0,cur_changeCycle=0,to_view=99
info|2019-11-12 18:43:39.895176|[P2P][Service] heartBeat,connected count=4
info|2019-11-12 18:43:40.022259|[RPC][getPendingTxSize]request,groupID=1
info|2019-11-12 18:43:40.022393|[RPC][getPbftView]request,groupID=1
warning|2019-11-12 18:43:40.313351|[SYNC][id:6f997471...][Status]Peer data not found,nodeId=6e4f3ba3...
info|2019-11-12 18:43:40.696081|[g:1][CONSENSUS]addRawPrepare,height=9,reqIdx=3,hash=cc4c748c...
info|2019-11-12 18:43:40.696300|[g:1][CONSENSUS][PBFT]checkTimeout Succ,view=99,toView=100,nodeIdx=1,changeCycle=0,myNode=6f997471...,timecost=0.193
info|2019-11-12 18:43:40.698914|[g:1][CONSENSUS][PBFT]checkAndChangeView: Reach consensus,org_view=99,org_changeCycle=0,cur_changeCycle=0,to_view=100
info|2019-11-12 18:43:41.701584|[g:1][CONSENSUS]addRawPrepare,height=9,reqIdx=0,hash=67a0908c...
info|2019-11-12 18:43:41.701826|[g:1][CONSENSUS][PBFT]checkTimeout Succ,view=100,toView=101,nodeIdx=1,changeCycle=0,myNode=6f997471...,timecost=0.209
info|2019-11-12 18:43:41.704796|[g:1][CONSENSUS][PBFT]checkAndChangeView: Reach consensus,org_view=100,org_changeCycle=0,cur_changeCycle=0,to_view=101
info|2019-11-12 18:43:42.704675|[g:1][CONSENSUS][SEALER]++++++++++++++++ Generating seal on,blkNum=9,tx=0,nodeIdx=1,hash=54b0b922...
info|2019-11-12 18:43:42.711623|[g:1][CONSENSUS][PBFT]checkTimeout Succ,view=101,toView=102,nodeIdx=1,changeCycle=0,myNode=6f997471...,timecost=0.196
info|2019-11-12 18:43:42.712528|[g:1][CONSENSUS][PBFT]checkAndChangeView: Reach consensus,org_view=101,org_changeCycle=0,cur_changeCycle=0,to_view=102
info|2019-11-12 18:43:43.711030|[g:1][CONSENSUS]addRawPrepare,height=9,reqIdx=2,hash=f913209b...
info|2019-11-12 18:43:43.711288|[g:1][CONSENSUS][PBFT]checkTimeout Succ,view=102,toView=103,nodeIdx=1,changeCycle=0,myNode=6f997471...,timecost=0.186
info|2019-11-12 18:43:43.714533|[g:1][CONSENSUS][PBFT]checkAndChangeView: Reach consensus,org_view=102,org_changeCycle=0,cur_changeCycle=0,to_view=103
info|2019-11-12 18:43:44.718789|[g:1][CONSENSUS]addRawPrepare,height=9,reqIdx=3,hash=399a8ad7...
info|2019-11-12 18:43:44.719069|[g:1][CONSENSUS][PBFT]checkTimeout Succ,view=103,toView=104,nodeIdx=1,changeCycle=0,myNode=6f997471...,timecost=0.259
info|2019-11-12 18:43:44.720895|[g:1][CONSENSUS][PBFT]checkAndChangeView: Reach consensus,org_view=103,org_changeCycle=0,cur_changeCycle=0,to_view=104
info|2019-11-12 18:43:45.014537|[RPC][getPbftView]request,groupID=1
info|2019-11-12 18:43:45.014620|[RPC][getPendingTxSize]request,groupID=1
warning|2019-11-12 18:43:45.321448|[SYNC][id:6f997471...][Status]Peer data not found,nodeId=6e4f3ba3...
info|2019-11-12 18:43:45.724752|[g:1][CONSENSUS]addRawPrepare,height=9,reqIdx=0,hash=b275c9c6...
info|2019-11-12 18:43:45.724968|[g:1][CONSENSUS][PBFT]checkTimeout Succ,view=104,toView=105,nodeIdx=1,changeCycle=0,myNode=6f997471...,timecost=0.193
info|2019-11-12 18:43:45.726987|[g:1][CONSENSUS][PBFT]checkAndChangeView: Reach consensus,org_view=104,org_changeCycle=0,cur_changeCycle=0,to_view=105
info|2019-11-12 18:43:46.727239|[g:1][CONSENSUS][SEALER]++++++++++++++++ Generating seal on,blkNum=9,tx=0,nodeIdx=1,hash=6b7c07f3...
info|2019-11-12 18:43:46.733962|[g:1][CONSENSUS][PBFT]checkTimeout Succ,view=105,toView=106,nodeIdx=1,changeCycle=0,myNode=6f997471...,timecost=0.21
info|2019-11-12 18:43:46.735100|[g:1][CONSENSUS][PBFT]checkAndChangeView: Reach consensus,org_view=105,org_changeCycle=0,cur_changeCycle=0,to_view=106
info|2019-11-12 18:43:47.733800|[g:1][CONSENSUS]addRawPrepare,height=9,reqIdx=2,hash=cf7119b0...
info|2019-11-12 18:43:47.734065|[g:1][CONSENSUS][PBFT]checkTimeout Succ,view=106,toView=107,nodeIdx=1,changeCycle=0,myNode=6f997471...,timecost=0.191
info|2019-11-12 18:43:47.737738|[g:1][CONSENSUS][PBFT]checkAndChangeView: Reach consensus,org_view=106,org_changeCycle=0,cur_changeCycle=0,to_view=107
info|2019-11-12 18:43:48.740537|[g:1][CONSENSUS]addRawPrepare,height=9,reqIdx=3,hash=371cbd58...
info|2019-11-12 18:43:48.740760|[g:1][CONSENSUS][PBFT]checkTimeout Succ,view=107,toView=108,nodeIdx=1,changeCycle=0,myNode=6f997471...,timecost=0.196
info|2019-11-12 18:43:48.743553|[g:1][CONSENSUS][PBFT]checkAndChangeView: Reach consensus,org_view=107,org_changeCycle=0,cur_changeCycle=0,to_view=108
info|2019-11-12 18:43:49.747246|[g:1][CONSENSUS]addRawPrepare,height=9,reqIdx=0,hash=122d5c7f...
info|2019-11-12 18:43:49.747471|[g:1][CONSENSUS][PBFT]checkTimeout Succ,view=108,toView=109,nodeIdx=1,changeCycle=0,myNode=6f997471...,timecost=0.198
info|2019-11-12 18:43:49.749290|[g:1][CONSENSUS][PBFT]checkAndChangeView: Reach consensus,org_view=108,org_changeCycle=0,cur_changeCycle=0,to_view=109
info|2019-11-12 18:43:49.895333|[P2P][Service] heartBeat,connected count=4
info|2019-11-12 18:43:50.015599|[RPC][getPbftView]request,groupID=1
info|2019-11-12 18:43:50.029391|[RPC][getPendingTxSize]request,groupID=1
warning|2019-11-12 18:43:50.329391|[SYNC][id:6f997471...][Status]Peer data not found,nodeId=6e4f3ba3...
info|2019-11-12 18:43:50.749961|[g:1][CONSENSUS][SEALER]++++++++++++++++ Generating seal on,blkNum=9,tx=0,nodeIdx=1,hash=c4c1b4f6...
info|2019-11-12 18:43:50.759087|[g:1][CONSENSUS][PBFT]checkTimeout Succ,view=109,toView=110,nodeIdx=1,changeCycle=0,myNode=6f997471...,timecost=0.201
info|2019-11-12 18:43:50.759956|[g:1][CONSENSUS][PBFT]checkAndChangeView: Reach consensus,org_view=109,org_changeCycle=0,cur_changeCycle=0,to_view=110
info|2019-11-12 18:43:51.759296|[g:1][CONSENSUS]addRawPrepare,height=9,reqIdx=2,hash=aa785681...
info|2019-11-12 18:43:51.759626|[g:1][CONSENSUS][PBFT]checkTimeout Succ,view=110,toView=111,nodeIdx=1,changeCycle=0,myNode=6f997471...,timecost=0.249
info|2019-11-12 18:43:51.762755|[g:1][CONSENSUS][PBFT]checkAndChangeView: Reach consensus,org_view=110,org_changeCycle=0,cur_changeCycle=0,to_view=111
info|2019-11-12 18:43:52.769712|[g:1][CONSENSUS]addRawPrepare,height=9,reqIdx=3,hash=01689503...
info|2019-11-12 18:43:52.769932|[g:1][CONSENSUS][PBFT]checkTimeout Succ,view=111,toView=112,nodeIdx=1,changeCycle=0,myNode=6f997471...,timecost=0.196
info|2019-11-12 18:43:52.770527|[g:1][CONSENSUS][PBFT]checkAndChangeView: Reach consensus,org_view=111,org_changeCycle=0,cur_changeCycle=0,to_view=112
info|2019-11-12 18:43:53.775502|[g:1][CONSENSUS]addRawPrepare,height=9,reqIdx=0,hash=406112e6...
info|2019-11-12 18:43:53.778078|[g:1][CONSENSUS][PBFT]checkTimeout Succ,view=112,toView=113,nodeIdx=1,changeCycle=0,myNode=6f997471...,timecost=2.551
info|2019-11-12 18:43:53.783865|[g:1][CONSENSUS][PBFT]checkAndChangeView: Reach consensus,org_view=112,org_changeCycle=0,cur_changeCycle=0,to_view=113
info|2019-11-12 18:43:54.784898|[g:1][CONSENSUS][SEALER]++++++++++++++++ Generating seal on,blkNum=9,tx=0,nodeIdx=1,hash=ce71e260...
info|2019-11-12 18:43:54.790942|[g:1][CONSENSUS][PBFT]checkTimeout Succ,view=113,toView=114,nodeIdx=1,changeCycle=0,myNode=6f997471...,timecost=0.194
info|2019-11-12 18:43:54.791969|[g:1][CONSENSUS][PBFT]checkAndChangeView: Reach consensus,org_view=113,org_changeCycle=0,cur_changeCycle=0,to_view=114
info|2019-11-12 18:43:55.036199|[RPC][getPendingTxSize]request,groupID=1
info|2019-11-12 18:43:55.036276|[RPC][getPbftView]request,groupID=1
warning|2019-11-12 18:43:55.348995|[SYNC][id:6f997471...][Status]Peer data not found,nodeId=6e4f3ba3...
info|2019-11-12 18:43:55.791541|[g:1][CONSENSUS]addRawPrepare,height=9,reqIdx=2,hash=2349c017...
info|2019-11-12 18:43:55.791810|[g:1][CONSENSUS][PBFT]checkTimeout Succ,view=114,toView=115,nodeIdx=1,changeCycle=0,myNode=6f997471...,timecost=0.188
info|2019-11-12 18:43:55.796361|[g:1][CONSENSUS][PBFT]checkAndChangeView: Reach consensus,org_view=114,org_changeCycle=0,cur_changeCycle=0,to_view=115
info|2019-11-12 18:43:56.797921|[g:1][CONSENSUS]addRawPrepare,height=9,reqIdx=3,hash=c0734d8d...
info|2019-11-12 18:43:56.798222|[g:1][CONSENSUS][PBFT]checkTimeout Succ,view=115,toView=116,nodeIdx=1,changeCycle=0,myNode=6f997471...,timecost=0.278
info|2019-11-12 18:43:56.800475|[g:1][CONSENSUS][PBFT]checkAndChangeView: Reach consensus,org_view=115,org_changeCycle=0,cur_changeCycle=0,to_view=116
info|2019-11-12 18:43:57.804322|[g:1][CONSENSUS]addRawPrepare,height=9,reqIdx=0,hash=5bfe0704...
info|2019-11-12 18:43:57.804542|[g:1][CONSENSUS][PBFT]checkTimeout Succ,view=116,toView=117,nodeIdx=1,changeCycle=0,myNode=6f997471...,timecost=0.194
info|2019-11-12 18:43:57.807318|[g:1][CONSENSUS][PBFT]checkAndChangeView: Reach consensus,org_view=116,org_changeCycle=0,cur_changeCycle=0,to_view=117
info|2019-11-12 18:43:58.807429|[g:1][CONSENSUS][SEALER]++++++++++++++++ Generating seal on,blkNum=9,tx=0,nodeIdx=1,hash=e2e7b1e9...
info|2019-11-12 18:43:58.826347|[g:1][CONSENSUS][PBFT]checkTimeout Succ,view=117,toView=118,nodeIdx=1,changeCycle=0,myNode=6f997471...,timecost=0.281
info|2019-11-12 18:43:58.827539|[g:1][CONSENSUS][PBFT]checkAndChangeView: Reach consensus,org_view=117,org_changeCycle=0,cur_changeCycle=0,to_view=118
info|2019-11-12 18:43:59.822219|[g:1][CONSENSUS]addRawPrepare,height=9,reqIdx=2,hash=574582cc...
info|2019-11-12 18:43:59.822483|[g:1][CONSENSUS][PBFT]checkTimeout Succ,view=118,toView=119,nodeIdx=1,changeCycle=0,myNode=6f997471...,timecost=0.185
info|2019-11-12 18:43:59.825835|[g:1][CONSENSUS][PBFT]checkAndChangeView: Reach consensus,org_view=118,org_changeCycle=0,cur_changeCycle=0,to_view=119
info|2019-11-12 18:43:59.895478|[P2P][Service] heartBeat,connected count=4
info|2019-11-12 18:44:00.042656|[RPC][getPbftView]request,groupID=1
info|2019-11-12 18:44:00.050288|[RPC][getPendingTxSize]request,groupID=1
warning|2019-11-12 18:44:00.362926|[SYNC][id:6f997471...][Status]Peer data not found,nodeId=6e4f3ba3...
info|2019-11-12 18:44:00.828686|[g:1][CONSENSUS]addRawPrepare,height=9,reqIdx=3,hash=a796e242...
info|2019-11-12 18:44:00.828938|[g:1][CONSENSUS][PBFT]checkTimeout Succ,view=119,toView=120,nodeIdx=1,changeCycle=0,myNode=6f997471...,timecost=0.23
info|2019-11-12 18:44:00.831081|[g:1][CONSENSUS][PBFT]checkAndChangeView: Reach consensus,org_view=119,org_changeCycle=0,cur_changeCycle=0,to_view=120
info|2019-11-12 18:44:01.834229|[g:1][CONSENSUS]addRawPrepare,height=9,reqIdx=0,hash=6ec3176f...
info|2019-11-12 18:44:01.834478|[g:1][CONSENSUS][PBFT]checkTimeout Succ,view=120,toView=121,nodeIdx=1,changeCycle=0,myNode=6f997471...,timecost=0.226
info|2019-11-12 18:44:01.841466|[g:1][CONSENSUS][PBFT]checkAndChangeView: Reach consensus,org_view=120,org_changeCycle=0,cur_changeCycle=0,to_view=121
info|2019-11-12 18:44:02.842066|[g:1][CONSENSUS][SEALER]++++++++++++++++ Generating seal on,blkNum=9,tx=0,nodeIdx=1,hash=b77806a1...
info|2019-11-12 18:44:02.858256|[g:1][CONSENSUS][PBFT]checkTimeout Succ,view=121,toView=122,nodeIdx=1,changeCycle=0,myNode=6f997471...,timecost=0.306
info|2019-11-12 18:44:02.859759|[g:1][CONSENSUS][PBFT]checkAndChangeView: Reach consensus,org_view=121,org_changeCycle=0,cur_changeCycle=0,to_view=122
info|2019-11-12 18:44:03.857054|[g:1][CONSENSUS]addRawPrepare,height=9,reqIdx=2,hash=d6b2561e...
info|2019-11-12 18:44:03.857311|[g:1][CONSENSUS][PBFT]checkTimeout Succ,view=122,toView=123,nodeIdx=1,changeCycle=0,myNode=6f997471...,timecost=0.187
info|2019-11-12 18:44:03.860841|[g:1][CONSENSUS][PBFT]checkAndChangeView: Reach consensus,org_view=122,org_changeCycle=0,cur_changeCycle=0,to_view=123
info|2019-11-12 18:44:04.866384|[g:1][CONSENSUS]addRawPrepare,height=9,reqIdx=3,hash=e46b383e...
info|2019-11-12 18:44:04.866610|[g:1][CONSENSUS][PBFT]checkTimeout Succ,view=123,toView=124,nodeIdx=1,changeCycle=0,myNode=6f997471...,timecost=0.205
info|2019-11-12 18:44:04.868319|[g:1][CONSENSUS][PBFT]checkAndChangeView: Reach consensus,org_view=123,org_changeCycle=0,cur_changeCycle=0,to_view=124
info|2019-11-12 18:44:05.008639|[RPC][getPbftView]request,groupID=1
info|2019-11-12 18:44:05.014570|[RPC][getPendingTxSize]request,groupID=1
warning|2019-11-12 18:44:05.371142|[SYNC][id:6f997471...][Status]Peer data not found,nodeId=6e4f3ba3...
info|2019-11-12 18:44:05.873022|[g:1][CONSENSUS]addRawPrepare,height=9,reqIdx=0,hash=8b001235...
info|2019-11-12 18:44:05.873243|[g:1][CONSENSUS][PBFT]checkTimeout Succ,view=124,toView=125,nodeIdx=1,changeCycle=0,myNode=6f997471...,timecost=0.197
info|2019-11-12 18:44:05.874149|[g:1][CONSENSUS][PBFT]checkAndChangeView: Reach consensus,org_view=124,org_changeCycle=0,cur_changeCycle=0,to_view=125
info|2019-11-12 18:44:06.875950|[g:1][CONSENSUS][SEALER]++++++++++++++++ Generating seal on,blkNum=9,tx=0,nodeIdx=1,hash=3a2a4a91...
info|2019-11-12 18:44:06.887316|[g:1][CONSENSUS][PBFT]checkTimeout Succ,view=125,toView=126,nodeIdx=1,changeCycle=0,myNode=6f997471...,timecost=0.277
info|2019-11-12 18:44:06.888515|[g:1][CONSENSUS][PBFT]checkAndChangeView: Reach consensus,org_view=125,org_changeCycle=0,cur_changeCycle=0,to_view=126
info|2019-11-12 18:44:07.889414|[g:1][CONSENSUS]addRawPrepare,height=9,reqIdx=2,hash=a0ec3ad6...
info|2019-11-12 18:44:07.889670|[g:1][CONSENSUS][PBFT]checkTimeout Succ,view=126,toView=127,nodeIdx=1,changeCycle=0,myNode=6f997471...,timecost=0.186
info|2019-11-12 18:44:07.892737|[g:1][CONSENSUS][PBFT]checkAndChangeView: Reach consensus,org_view=126,org_changeCycle=0,cur_changeCycle=0,to_view=127
info|2019-11-12 18:44:08.896786|[g:1][CONSENSUS]addRawPrepare,height=9,reqIdx=3,hash=3652ab1d...
info|2019-11-12 18:44:08.897037|[g:1][CONSENSUS][PBFT]checkTimeout Succ,view=127,toView=128,nodeIdx=1,changeCycle=0,myNode=6f997471...,timecost=0.229
info|2019-11-12 18:44:08.900071|[g:1][CONSENSUS][PBFT]checkAndChangeView: Reach consensus,org_view=127,org_changeCycle=0,cur_changeCycle=0,to_view=128
info|2019-11-12 18:44:09.896521|[P2P][Service] heartBeat,connected count=4
info|2019-11-12 18:44:09.902838|[g:1][CONSENSUS]addRawPrepare,height=9,reqIdx=0,hash=2317d05c...
info|2019-11-12 18:44:09.903094|[g:1][CONSENSUS][PBFT]checkTimeout Succ,view=128,toView=129,nodeIdx=1,changeCycle=0,myNode=6f997471...,timecost=0.184
info|2019-11-12 18:44:09.908211|[g:1][CONSENSUS][PBFT]checkAndChangeView: Reach consensus,org_view=128,org_changeCycle=0,cur_changeCycle=0,to_view=129
info|2019-11-12 18:44:10.029571|[RPC][getPbftView]request,groupID=1
info|2019-11-12 18:44:10.033715|[RPC][getPendingTxSize]request,groupID=1
info|2019-11-12 18:44:10.095536|[LEDGER]stop sealer,groupID=1
info|2019-11-12 18:44:10.095554|[CONSENSUS][SEALER]Stop sealer module...
info|2019-11-12 18:44:10.096508|[CONSENSUS][ConsensusEngine][Stop ConsensusEngineBase]
info|2019-11-12 18:44:10.096906|[CONSENSUS][ConsensusEngine]ConsensusEngineBase stopped
info|2019-11-12 18:44:10.096915|[LEDGER]sealer stopped. stop sync,groupID=1
info|2019-11-12 18:44:10.108951|[SYNC][id:6f997471...]SyncMaster stopped
info|2019-11-12 18:44:10.108967|[LEDGER]ledger stopped,groupID=1
info|2019-11-12 18:44:10.234163|[EVENT][EventLogFilterManager]stop
info|2019-11-12 18:44:10.234179|[LEDGER]event filter manager stopped,groupID=1
info|2019-11-12 18:44:10.234185|[INITIALIZER]ledgerInitializer stopped
info|2019-11-12 18:44:11.235194|[INITIALIZER]ChannelRPCHttpServer deleted.
info|2019-11-12 18:44:11.235474|[INITIALIZER]JsonrpcHttpServer deleted.
info|2019-11-12 18:44:11.235486|[INITIALIZER]RPCInitializer stopped
info|2019-11-12 18:44:11.235515|[NETWORK][Host]Host exit
info|2019-11-12 18:44:11.236120|[INITIALIZER]P2PInitializer stopped
info|2019-11-12 18:44:11.236133|[LEDGER]stop sealer,groupID=1
info|2019-11-12 18:44:11.236140|[LEDGER]sealer stopped. stop sync,groupID=1
info|2019-11-12 18:44:11.236145|[SYNC][id:6f997471...]SyncMaster stopped
info|2019-11-12 18:44:11.236151|[LEDGER]ledger stopped,groupID=1
info|2019-11-12 18:44:11.236157|[LEDGER]event filter manager stopped,groupID=1
info|2019-11-12 18:44:11.236164|[STORAGE]Stopping flushStorage thread
info|2019-11-12 18:44:12.055239|[STORAGE]flushStorage thread stopped.
info|2019-11-12 18:44:12.055251|[DBINITIALIZER] storage stopped
info|2019-11-12 18:44:12.055847|[SYNC][id:6f997471...]SyncMaster stopped
