info|2019-10-25 18:00:00.525305|[g:1][CONSENSUS]addRawPrepare,height=6,reqIdx=2,hash=314bce97...
info|2019-10-25 18:00:00.525534|[g:1][CONSENSUS][PBFT]checkTimeout Succ,view=1993,toView=1994,nodeIdx=1,changeCycle=0,myNode=6f997471...,timecost=0.206
info|2019-10-25 18:00:00.528246|[g:1][CONSENSUS][PBFT]checkAndChangeView: Reach consensus,org_view=1993,org_changeCycle=0,cur_changeCycle=0,to_view=1994
info|2019-10-25 18:00:01.530190|[g:1][CONSENSUS]addRawPrepare,height=6,reqIdx=3,hash=13696d29...
info|2019-10-25 18:00:01.530465|[g:1][CONSENSUS][PBFT]checkTimeout Succ,view=1994,toView=1995,nodeIdx=1,changeCycle=0,myNode=6f997471...,timecost=0.195
info|2019-10-25 18:00:01.533890|[g:1][CONSENSUS][PBFT]checkAndChangeView: Reach consensus,org_view=1994,org_changeCycle=0,cur_changeCycle=0,to_view=1995
info|2019-10-25 18:00:02.536809|[g:1][CONSENSUS]addRawPrepare,height=6,reqIdx=0,hash=f19d63bf...
info|2019-10-25 18:00:02.537082|[g:1][CONSENSUS][PBFT]checkTimeout Succ,view=1995,toView=1996,nodeIdx=1,changeCycle=0,myNode=6f997471...,timecost=0.196
info|2019-10-25 18:00:02.540327|[g:1][CONSENSUS][PBFT]checkAndChangeView: Reach consensus,org_view=1995,org_changeCycle=0,cur_changeCycle=0,to_view=1996
info|2019-10-25 18:00:03.445280|[P2P][Service] heartBeat,connected count=3
info|2019-10-25 18:00:03.541782|[g:1][CONSENSUS][SEALER]++++++++++++++++ Generating seal on,blkNum=6,tx=0,nodeIdx=1,hash=544e8558...
info|2019-10-25 18:00:03.548117|[g:1][CONSENSUS][PBFT]checkTimeout Succ,view=1996,toView=1997,nodeIdx=1,changeCycle=0,myNode=6f997471...,timecost=0.206
info|2019-10-25 18:00:03.549116|[g:1][CONSENSUS][PBFT]checkAndChangeView: Reach consensus,org_view=1996,org_changeCycle=0,cur_changeCycle=0,to_view=1997
info|2019-10-25 18:00:04.551487|[g:1][CONSENSUS]addRawPrepare,height=6,reqIdx=2,hash=0bb7f033...
info|2019-10-25 18:00:04.551865|[g:1][CONSENSUS][PBFT]checkTimeout Succ,view=1997,toView=1998,nodeIdx=1,changeCycle=0,myNode=6f997471...,timecost=0.363
info|2019-10-25 18:00:04.556408|[g:1][CONSENSUS][PBFT]checkAndChangeView: Reach consensus,org_view=1997,org_changeCycle=0,cur_changeCycle=0,to_view=1998
info|2019-10-25 18:00:05.556882|[g:1][CONSENSUS]addRawPrepare,height=6,reqIdx=3,hash=52b421a6...
info|2019-10-25 18:00:05.559377|[g:1][CONSENSUS][PBFT]checkTimeout Succ,view=1998,toView=1999,nodeIdx=1,changeCycle=0,myNode=6f997471...,timecost=2.419
info|2019-10-25 18:00:05.559956|[g:1][CONSENSUS][PBFT]checkAndChangeView: Reach consensus,org_view=1998,org_changeCycle=0,cur_changeCycle=0,to_view=1999
info|2019-10-25 18:00:06.562446|[g:1][CONSENSUS]addRawPrepare,height=6,reqIdx=0,hash=dbdc96e5...
info|2019-10-25 18:00:06.562726|[g:1][CONSENSUS][PBFT]checkTimeout Succ,view=1999,toView=2000,nodeIdx=1,changeCycle=0,myNode=6f997471...,timecost=0.2
info|2019-10-25 18:00:06.566520|[g:1][CONSENSUS][PBFT]checkAndChangeView: Reach consensus,org_view=1999,org_changeCycle=0,cur_changeCycle=0,to_view=2000
info|2019-10-25 18:00:07.567522|[g:1][CONSENSUS][SEALER]++++++++++++++++ Generating seal on,blkNum=6,tx=0,nodeIdx=1,hash=b1e83461...
info|2019-10-25 18:00:07.573881|[g:1][CONSENSUS][PBFT]checkTimeout Succ,view=2000,toView=2001,nodeIdx=1,changeCycle=0,myNode=6f997471...,timecost=0.204
info|2019-10-25 18:00:07.574821|[g:1][CONSENSUS][PBFT]checkAndChangeView: Reach consensus,org_view=2000,org_changeCycle=0,cur_changeCycle=0,to_view=2001
info|2019-10-25 18:00:08.576436|[g:1][CONSENSUS]addRawPrepare,height=6,reqIdx=2,hash=a606c112...
info|2019-10-25 18:00:08.576989|[g:1][CONSENSUS][PBFT]checkTimeout Succ,view=2001,toView=2002,nodeIdx=1,changeCycle=0,myNode=6f997471...,timecost=0.502
info|2019-10-25 18:00:08.581722|[g:1][CONSENSUS][PBFT]checkAndChangeView: Reach consensus,org_view=2001,org_changeCycle=0,cur_changeCycle=0,to_view=2002
info|2019-10-25 18:00:09.585639|[g:1][CONSENSUS]addRawPrepare,height=6,reqIdx=3,hash=71a39eb7...
info|2019-10-25 18:00:09.586138|[g:1][CONSENSUS][PBFT]checkTimeout Succ,view=2002,toView=2003,nodeIdx=1,changeCycle=0,myNode=6f997471...,timecost=0.327
info|2019-10-25 18:00:09.593572|[g:1][CONSENSUS][PBFT]checkAndChangeView: Reach consensus,org_view=2002,org_changeCycle=0,cur_changeCycle=0,to_view=2003
info|2019-10-25 18:00:10.594066|[g:1][CONSENSUS]addRawPrepare,height=6,reqIdx=0,hash=e5694a63...
info|2019-10-25 18:00:10.594365|[g:1][CONSENSUS][PBFT]checkTimeout Succ,view=2003,toView=2004,nodeIdx=1,changeCycle=0,myNode=6f997471...,timecost=0.21
info|2019-10-25 18:00:10.597876|[g:1][CONSENSUS][PBFT]checkAndChangeView: Reach consensus,org_view=2003,org_changeCycle=0,cur_changeCycle=0,to_view=2004
info|2019-10-25 18:00:11.598878|[g:1][CONSENSUS][SEALER]++++++++++++++++ Generating seal on,blkNum=6,tx=0,nodeIdx=1,hash=bf6b5432...
info|2019-10-25 18:00:11.605693|[g:1][CONSENSUS][PBFT]checkTimeout Succ,view=2004,toView=2005,nodeIdx=1,changeCycle=0,myNode=6f997471...,timecost=0.204
info|2019-10-25 18:00:11.606740|[g:1][CONSENSUS][PBFT]checkAndChangeView: Reach consensus,org_view=2004,org_changeCycle=0,cur_changeCycle=0,to_view=2005
info|2019-10-25 18:00:12.607619|[g:1][CONSENSUS]addRawPrepare,height=6,reqIdx=2,hash=6504c06c...
info|2019-10-25 18:00:12.607873|[g:1][CONSENSUS][PBFT]checkTimeout Succ,view=2005,toView=2006,nodeIdx=1,changeCycle=0,myNode=6f997471...,timecost=0.231
info|2019-10-25 18:00:12.610179|[g:1][CONSENSUS][PBFT]checkAndChangeView: Reach consensus,org_view=2005,org_changeCycle=0,cur_changeCycle=0,to_view=2006
info|2019-10-25 18:00:13.445376|[P2P][Service] heartBeat,connected count=3
info|2019-10-25 18:00:13.610379|[g:1][CONSENSUS]addRawPrepare,height=6,reqIdx=3,hash=216441b9...
info|2019-10-25 18:00:13.610652|[g:1][CONSENSUS][PBFT]checkTimeout Succ,view=2006,toView=2007,nodeIdx=1,changeCycle=0,myNode=6f997471...,timecost=0.196
info|2019-10-25 18:00:13.614197|[g:1][CONSENSUS][PBFT]checkAndChangeView: Reach consensus,org_view=2006,org_changeCycle=0,cur_changeCycle=0,to_view=2007
info|2019-10-25 18:00:14.616143|[g:1][CONSENSUS]addRawPrepare,height=6,reqIdx=0,hash=aa571d6b...
info|2019-10-25 18:00:14.616420|[g:1][CONSENSUS][PBFT]checkTimeout Succ,view=2007,toView=2008,nodeIdx=1,changeCycle=0,myNode=6f997471...,timecost=0.205
info|2019-10-25 18:00:14.619568|[g:1][CONSENSUS][PBFT]checkAndChangeView: Reach consensus,org_view=2007,org_changeCycle=0,cur_changeCycle=0,to_view=2008
info|2019-10-25 18:00:15.621128|[g:1][CONSENSUS][SEALER]++++++++++++++++ Generating seal on,blkNum=6,tx=0,nodeIdx=1,hash=270f3589...
info|2019-10-25 18:00:15.628450|[g:1][CONSENSUS][PBFT]checkTimeout Succ,view=2008,toView=2009,nodeIdx=1,changeCycle=0,myNode=6f997471...,timecost=0.236
info|2019-10-25 18:00:15.629391|[g:1][CONSENSUS][PBFT]checkAndChangeView: Reach consensus,org_view=2008,org_changeCycle=0,cur_changeCycle=0,to_view=2009
info|2019-10-25 18:00:16.630543|[g:1][CONSENSUS]addRawPrepare,height=6,reqIdx=2,hash=dfd58aae...
info|2019-10-25 18:00:16.630811|[g:1][CONSENSUS][PBFT]checkTimeout Succ,view=2009,toView=2010,nodeIdx=1,changeCycle=0,myNode=6f997471...,timecost=0.242
info|2019-10-25 18:00:16.632770|[g:1][CONSENSUS][PBFT]checkAndChangeView: Reach consensus,org_view=2009,org_changeCycle=0,cur_changeCycle=0,to_view=2010
info|2019-10-25 18:00:17.635983|[g:1][CONSENSUS]addRawPrepare,height=6,reqIdx=3,hash=819445c2...
info|2019-10-25 18:00:17.636271|[g:1][CONSENSUS][PBFT]checkTimeout Succ,view=2010,toView=2011,nodeIdx=1,changeCycle=0,myNode=6f997471...,timecost=0.201
info|2019-10-25 18:00:17.639553|[g:1][CONSENSUS][PBFT]checkAndChangeView: Reach consensus,org_view=2010,org_changeCycle=0,cur_changeCycle=0,to_view=2011
info|2019-10-25 18:00:18.644196|[g:1][CONSENSUS]addRawPrepare,height=6,reqIdx=0,hash=446f0dfa...
info|2019-10-25 18:00:18.649712|[g:1][CONSENSUS][PBFT]checkTimeout Succ,view=2011,toView=2012,nodeIdx=1,changeCycle=0,myNode=6f997471...,timecost=5.36
info|2019-10-25 18:00:18.652619|[g:1][CONSENSUS][PBFT]checkAndChangeView: Reach consensus,org_view=2011,org_changeCycle=0,cur_changeCycle=0,to_view=2012
info|2019-10-25 18:00:19.654102|[g:1][CONSENSUS][SEALER]++++++++++++++++ Generating seal on,blkNum=6,tx=0,nodeIdx=1,hash=6e0bddb3...
info|2019-10-25 18:00:19.671701|[g:1][CONSENSUS][PBFT]checkTimeout Succ,view=2012,toView=2013,nodeIdx=1,changeCycle=0,myNode=6f997471...,timecost=0.287
info|2019-10-25 18:00:19.673176|[g:1][CONSENSUS][PBFT]checkAndChangeView: Reach consensus,org_view=2012,org_changeCycle=0,cur_changeCycle=0,to_view=2013
info|2019-10-25 18:00:20.676096|[g:1][CONSENSUS]addRawPrepare,height=6,reqIdx=2,hash=5dea7f0b...
info|2019-10-25 18:00:20.676603|[g:1][CONSENSUS][PBFT]checkTimeout Succ,view=2013,toView=2014,nodeIdx=1,changeCycle=0,myNode=6f997471...,timecost=0.464
info|2019-10-25 18:00:20.680153|[g:1][CONSENSUS][PBFT]checkAndChangeView: Reach consensus,org_view=2013,org_changeCycle=0,cur_changeCycle=0,to_view=2014
info|2019-10-25 18:00:21.682588|[g:1][CONSENSUS]addRawPrepare,height=6,reqIdx=3,hash=1d2f4027...
info|2019-10-25 18:00:21.682890|[g:1][CONSENSUS][PBFT]checkTimeout Succ,view=2014,toView=2015,nodeIdx=1,changeCycle=0,myNode=6f997471...,timecost=0.226
info|2019-10-25 18:00:21.686916|[g:1][CONSENSUS][PBFT]checkAndChangeView: Reach consensus,org_view=2014,org_changeCycle=0,cur_changeCycle=0,to_view=2015
info|2019-10-25 18:00:22.689113|[g:1][CONSENSUS]addRawPrepare,height=6,reqIdx=0,hash=c1194f06...
info|2019-10-25 18:00:22.689391|[g:1][CONSENSUS][PBFT]checkTimeout Succ,view=2015,toView=2016,nodeIdx=1,changeCycle=0,myNode=6f997471...,timecost=0.196
info|2019-10-25 18:00:22.692956|[g:1][CONSENSUS][PBFT]checkAndChangeView: Reach consensus,org_view=2015,org_changeCycle=0,cur_changeCycle=0,to_view=2016
info|2019-10-25 18:00:23.445477|[P2P][Service] heartBeat,connected count=3
info|2019-10-25 18:00:23.693290|[g:1][CONSENSUS][SEALER]++++++++++++++++ Generating seal on,blkNum=6,tx=0,nodeIdx=1,hash=2300e05f...
info|2019-10-25 18:00:23.699215|[g:1][CONSENSUS][PBFT]checkTimeout Succ,view=2016,toView=2017,nodeIdx=1,changeCycle=0,myNode=6f997471...,timecost=0.224
info|2019-10-25 18:00:23.700135|[g:1][CONSENSUS][PBFT]checkAndChangeView: Reach consensus,org_view=2016,org_changeCycle=0,cur_changeCycle=0,to_view=2017
info|2019-10-25 18:00:24.702213|[g:1][CONSENSUS]addRawPrepare,height=6,reqIdx=2,hash=d086d7b2...
info|2019-10-25 18:00:24.702628|[g:1][CONSENSUS][PBFT]checkTimeout Succ,view=2017,toView=2018,nodeIdx=1,changeCycle=0,myNode=6f997471...,timecost=0.339
info|2019-10-25 18:00:24.706222|[g:1][CONSENSUS][PBFT]checkAndChangeView: Reach consensus,org_view=2017,org_changeCycle=0,cur_changeCycle=0,to_view=2018
info|2019-10-25 18:00:25.707268|[g:1][CONSENSUS]addRawPrepare,height=6,reqIdx=3,hash=08bcd1c3...
info|2019-10-25 18:00:25.707579|[g:1][CONSENSUS][PBFT]checkTimeout Succ,view=2018,toView=2019,nodeIdx=1,changeCycle=0,myNode=6f997471...,timecost=0.199
info|2019-10-25 18:00:25.711277|[g:1][CONSENSUS][PBFT]checkAndChangeView: Reach consensus,org_view=2018,org_changeCycle=0,cur_changeCycle=0,to_view=2019
info|2019-10-25 18:00:26.712082|[g:1][CONSENSUS]addRawPrepare,height=6,reqIdx=0,hash=b9c1f1a2...
info|2019-10-25 18:00:26.712401|[g:1][CONSENSUS][PBFT]checkTimeout Succ,view=2019,toView=2020,nodeIdx=1,changeCycle=0,myNode=6f997471...,timecost=0.195
info|2019-10-25 18:00:26.715897|[g:1][CONSENSUS][PBFT]checkAndChangeView: Reach consensus,org_view=2019,org_changeCycle=0,cur_changeCycle=0,to_view=2020
info|2019-10-25 18:00:27.717029|[g:1][CONSENSUS][SEALER]++++++++++++++++ Generating seal on,blkNum=6,tx=0,nodeIdx=1,hash=a0219bc5...
info|2019-10-25 18:00:27.728951|[g:1][CONSENSUS][PBFT]checkTimeout Succ,view=2020,toView=2021,nodeIdx=1,changeCycle=0,myNode=6f997471...,timecost=0.206
info|2019-10-25 18:00:27.729866|[g:1][CONSENSUS][PBFT]checkAndChangeView: Reach consensus,org_view=2020,org_changeCycle=0,cur_changeCycle=0,to_view=2021
info|2019-10-25 18:00:28.729298|[g:1][CONSENSUS]addRawPrepare,height=6,reqIdx=2,hash=751e22dd...
info|2019-10-25 18:00:28.729529|[g:1][CONSENSUS][PBFT]checkTimeout Succ,view=2021,toView=2022,nodeIdx=1,changeCycle=0,myNode=6f997471...,timecost=0.204
info|2019-10-25 18:00:28.731875|[g:1][CONSENSUS][PBFT]checkAndChangeView: Reach consensus,org_view=2021,org_changeCycle=0,cur_changeCycle=0,to_view=2022
info|2019-10-25 18:00:29.735718|[g:1][CONSENSUS]addRawPrepare,height=6,reqIdx=3,hash=fd49fc76...
info|2019-10-25 18:00:29.736269|[g:1][CONSENSUS][PBFT]checkTimeout Succ,view=2022,toView=2023,nodeIdx=1,changeCycle=0,myNode=6f997471...,timecost=0.401
info|2019-10-25 18:00:29.743742|[g:1][CONSENSUS][PBFT]checkAndChangeView: Reach consensus,org_view=2022,org_changeCycle=0,cur_changeCycle=0,to_view=2023
info|2019-10-25 18:00:30.743999|[g:1][CONSENSUS]addRawPrepare,height=6,reqIdx=0,hash=c0d04b81...
info|2019-10-25 18:00:30.744312|[g:1][CONSENSUS][PBFT]checkTimeout Succ,view=2023,toView=2024,nodeIdx=1,changeCycle=0,myNode=6f997471...,timecost=0.241
info|2019-10-25 18:00:30.747522|[g:1][CONSENSUS][PBFT]checkAndChangeView: Reach consensus,org_view=2023,org_changeCycle=0,cur_changeCycle=0,to_view=2024
info|2019-10-25 18:00:31.748783|[g:1][CONSENSUS][SEALER]++++++++++++++++ Generating seal on,blkNum=6,tx=0,nodeIdx=1,hash=25008f73...
info|2019-10-25 18:00:31.757182|[g:1][CONSENSUS][PBFT]checkTimeout Succ,view=2024,toView=2025,nodeIdx=1,changeCycle=0,myNode=6f997471...,timecost=0.26
info|2019-10-25 18:00:31.758198|[g:1][CONSENSUS][PBFT]checkAndChangeView: Reach consensus,org_view=2024,org_changeCycle=0,cur_changeCycle=0,to_view=2025
info|2019-10-25 18:00:32.757423|[g:1][CONSENSUS]addRawPrepare,height=6,reqIdx=2,hash=bf89e276...
info|2019-10-25 18:00:32.757646|[g:1][CONSENSUS][PBFT]checkTimeout Succ,view=2025,toView=2026,nodeIdx=1,changeCycle=0,myNode=6f997471...,timecost=0.199
info|2019-10-25 18:00:32.759804|[g:1][CONSENSUS][PBFT]checkAndChangeView: Reach consensus,org_view=2025,org_changeCycle=0,cur_changeCycle=0,to_view=2026
info|2019-10-25 18:00:33.445623|[P2P][Service] heartBeat,connected count=3
info|2019-10-25 18:00:33.761528|[g:1][CONSENSUS]addRawPrepare,height=6,reqIdx=3,hash=66c3c5f4...
info|2019-10-25 18:00:33.761850|[g:1][CONSENSUS][PBFT]checkTimeout Succ,view=2026,toView=2027,nodeIdx=1,changeCycle=0,myNode=6f997471...,timecost=0.245
info|2019-10-25 18:00:33.765636|[g:1][CONSENSUS][PBFT]checkAndChangeView: Reach consensus,org_view=2026,org_changeCycle=0,cur_changeCycle=0,to_view=2027
info|2019-10-25 18:00:34.767428|[g:1][CONSENSUS]addRawPrepare,height=6,reqIdx=0,hash=e87734cc...
info|2019-10-25 18:00:34.767695|[g:1][CONSENSUS][PBFT]checkTimeout Succ,view=2027,toView=2028,nodeIdx=1,changeCycle=0,myNode=6f997471...,timecost=0.189
info|2019-10-25 18:00:34.771122|[g:1][CONSENSUS][PBFT]checkAndChangeView: Reach consensus,org_view=2027,org_changeCycle=0,cur_changeCycle=0,to_view=2028
info|2019-10-25 18:00:35.771653|[g:1][CONSENSUS][SEALER]++++++++++++++++ Generating seal on,blkNum=6,tx=0,nodeIdx=1,hash=2cf754f1...
info|2019-10-25 18:00:35.777999|[g:1][CONSENSUS][PBFT]checkTimeout Succ,view=2028,toView=2029,nodeIdx=1,changeCycle=0,myNode=6f997471...,timecost=0.249
info|2019-10-25 18:00:35.778950|[g:1][CONSENSUS][PBFT]checkAndChangeView: Reach consensus,org_view=2028,org_changeCycle=0,cur_changeCycle=0,to_view=2029
info|2019-10-25 18:00:36.779385|[g:1][CONSENSUS]addRawPrepare,height=6,reqIdx=2,hash=1df9a708...
info|2019-10-25 18:00:36.779639|[g:1][CONSENSUS][PBFT]checkTimeout Succ,view=2029,toView=2030,nodeIdx=1,changeCycle=0,myNode=6f997471...,timecost=0.231
info|2019-10-25 18:00:36.781997|[g:1][CONSENSUS][PBFT]checkAndChangeView: Reach consensus,org_view=2029,org_changeCycle=0,cur_changeCycle=0,to_view=2030
info|2019-10-25 18:00:37.782486|[g:1][CONSENSUS]addRawPrepare,height=6,reqIdx=3,hash=81bcf501...
info|2019-10-25 18:00:37.782766|[g:1][CONSENSUS][PBFT]checkTimeout Succ,view=2030,toView=2031,nodeIdx=1,changeCycle=0,myNode=6f997471...,timecost=0.197
info|2019-10-25 18:00:37.786835|[g:1][CONSENSUS][PBFT]checkAndChangeView: Reach consensus,org_view=2030,org_changeCycle=0,cur_changeCycle=0,to_view=2031
info|2019-10-25 18:00:38.788569|[g:1][CONSENSUS]addRawPrepare,height=6,reqIdx=0,hash=9cdd6a1a...
info|2019-10-25 18:00:38.788913|[g:1][CONSENSUS][PBFT]checkTimeout Succ,view=2031,toView=2032,nodeIdx=1,changeCycle=0,myNode=6f997471...,timecost=0.26
info|2019-10-25 18:00:38.792301|[g:1][CONSENSUS][PBFT]checkAndChangeView: Reach consensus,org_view=2031,org_changeCycle=0,cur_changeCycle=0,to_view=2032
info|2019-10-25 18:00:39.793330|[g:1][CONSENSUS][SEALER]++++++++++++++++ Generating seal on,blkNum=6,tx=0,nodeIdx=1,hash=50992d31...
info|2019-10-25 18:00:39.801097|[g:1][CONSENSUS][PBFT]checkTimeout Succ,view=2032,toView=2033,nodeIdx=1,changeCycle=0,myNode=6f997471...,timecost=0.206
info|2019-10-25 18:00:39.802006|[g:1][CONSENSUS][PBFT]checkAndChangeView: Reach consensus,org_view=2032,org_changeCycle=0,cur_changeCycle=0,to_view=2033
info|2019-10-25 18:00:40.802413|[g:1][CONSENSUS]addRawPrepare,height=6,reqIdx=2,hash=472cd55f...
info|2019-10-25 18:00:40.802632|[g:1][CONSENSUS][PBFT]checkTimeout Succ,view=2033,toView=2034,nodeIdx=1,changeCycle=0,myNode=6f997471...,timecost=0.196
info|2019-10-25 18:00:40.804211|[g:1][CONSENSUS][PBFT]checkAndChangeView: Reach consensus,org_view=2033,org_changeCycle=0,cur_changeCycle=0,to_view=2034
info|2019-10-25 18:00:41.806401|[g:1][CONSENSUS]addRawPrepare,height=6,reqIdx=3,hash=0f77461a...
info|2019-10-25 18:00:41.806727|[g:1][CONSENSUS][PBFT]checkTimeout Succ,view=2034,toView=2035,nodeIdx=1,changeCycle=0,myNode=6f997471...,timecost=0.239
info|2019-10-25 18:00:41.810522|[g:1][CONSENSUS][PBFT]checkAndChangeView: Reach consensus,org_view=2034,org_changeCycle=0,cur_changeCycle=0,to_view=2035
info|2019-10-25 18:00:42.811259|[g:1][CONSENSUS]addRawPrepare,height=6,reqIdx=0,hash=5a6262eb...
info|2019-10-25 18:00:42.811629|[g:1][CONSENSUS][PBFT]checkTimeout Succ,view=2035,toView=2036,nodeIdx=1,changeCycle=0,myNode=6f997471...,timecost=0.24
info|2019-10-25 18:00:42.815259|[g:1][CONSENSUS][PBFT]checkAndChangeView: Reach consensus,org_view=2035,org_changeCycle=0,cur_changeCycle=0,to_view=2036
info|2019-10-25 18:00:43.445710|[P2P][Service] heartBeat,connected count=3
info|2019-10-25 18:00:43.815980|[g:1][CONSENSUS][SEALER]++++++++++++++++ Generating seal on,blkNum=6,tx=0,nodeIdx=1,hash=40e12141...
info|2019-10-25 18:00:43.822285|[g:1][CONSENSUS][PBFT]checkTimeout Succ,view=2036,toView=2037,nodeIdx=1,changeCycle=0,myNode=6f997471...,timecost=0.201
info|2019-10-25 18:00:43.823198|[g:1][CONSENSUS][PBFT]checkAndChangeView: Reach consensus,org_view=2036,org_changeCycle=0,cur_changeCycle=0,to_view=2037
info|2019-10-25 18:00:44.826691|[g:1][CONSENSUS]addRawPrepare,height=6,reqIdx=2,hash=56c5d4ff...
info|2019-10-25 18:00:44.826994|[g:1][CONSENSUS][PBFT]checkTimeout Succ,view=2037,toView=2038,nodeIdx=1,changeCycle=0,myNode=6f997471...,timecost=0.266
info|2019-10-25 18:00:44.828902|[g:1][CONSENSUS][PBFT]checkAndChangeView: Reach consensus,org_view=2037,org_changeCycle=0,cur_changeCycle=0,to_view=2038
info|2019-10-25 18:00:45.832975|[g:1][CONSENSUS]addRawPrepare,height=6,reqIdx=3,hash=700b1dc7...
info|2019-10-25 18:00:45.833540|[g:1][CONSENSUS][PBFT]checkTimeout Succ,view=2038,toView=2039,nodeIdx=1,changeCycle=0,myNode=6f997471...,timecost=0.403
info|2019-10-25 18:00:45.842481|[g:1][CONSENSUS][PBFT]checkAndChangeView: Reach consensus,org_view=2038,org_changeCycle=0,cur_changeCycle=0,to_view=2039
info|2019-10-25 18:00:46.844611|[g:1][CONSENSUS]addRawPrepare,height=6,reqIdx=0,hash=6411e3bb...
info|2019-10-25 18:00:46.844912|[g:1][CONSENSUS][PBFT]checkTimeout Succ,view=2039,toView=2040,nodeIdx=1,changeCycle=0,myNode=6f997471...,timecost=0.192
info|2019-10-25 18:00:46.848262|[g:1][CONSENSUS][PBFT]checkAndChangeView: Reach consensus,org_view=2039,org_changeCycle=0,cur_changeCycle=0,to_view=2040
info|2019-10-25 18:00:47.849790|[g:1][CONSENSUS][SEALER]++++++++++++++++ Generating seal on,blkNum=6,tx=0,nodeIdx=1,hash=c9242b66...
info|2019-10-25 18:00:47.856975|[g:1][CONSENSUS][PBFT]checkTimeout Succ,view=2040,toView=2041,nodeIdx=1,changeCycle=0,myNode=6f997471...,timecost=0.241
info|2019-10-25 18:00:47.857900|[g:1][CONSENSUS][PBFT]checkAndChangeView: Reach consensus,org_view=2040,org_changeCycle=0,cur_changeCycle=0,to_view=2041
info|2019-10-25 18:00:48.857227|[g:1][CONSENSUS]addRawPrepare,height=6,reqIdx=2,hash=1293a12f...
info|2019-10-25 18:00:48.857466|[g:1][CONSENSUS][PBFT]checkTimeout Succ,view=2041,toView=2042,nodeIdx=1,changeCycle=0,myNode=6f997471...,timecost=0.213
info|2019-10-25 18:00:48.860830|[g:1][CONSENSUS][PBFT]checkAndChangeView: Reach consensus,org_view=2041,org_changeCycle=0,cur_changeCycle=0,to_view=2042
info|2019-10-25 18:00:49.863060|[g:1][CONSENSUS]addRawPrepare,height=6,reqIdx=3,hash=b339063c...
info|2019-10-25 18:00:49.863357|[g:1][CONSENSUS][PBFT]checkTimeout Succ,view=2042,toView=2043,nodeIdx=1,changeCycle=0,myNode=6f997471...,timecost=0.196
info|2019-10-25 18:00:49.871350|[g:1][CONSENSUS][PBFT]checkAndChangeView: Reach consensus,org_view=2042,org_changeCycle=0,cur_changeCycle=0,to_view=2043
info|2019-10-25 18:00:50.873791|[g:1][CONSENSUS]addRawPrepare,height=6,reqIdx=0,hash=9990999b...
info|2019-10-25 18:00:50.874097|[g:1][CONSENSUS][PBFT]checkTimeout Succ,view=2043,toView=2044,nodeIdx=1,changeCycle=0,myNode=6f997471...,timecost=0.225
info|2019-10-25 18:00:50.881625|[g:1][CONSENSUS][PBFT]checkAndChangeView: Reach consensus,org_view=2043,org_changeCycle=0,cur_changeCycle=0,to_view=2044
info|2019-10-25 18:00:51.883084|[g:1][CONSENSUS][SEALER]++++++++++++++++ Generating seal on,blkNum=6,tx=0,nodeIdx=1,hash=cbbcb880...
info|2019-10-25 18:00:51.894063|[g:1][CONSENSUS][PBFT]checkTimeout Succ,view=2044,toView=2045,nodeIdx=1,changeCycle=0,myNode=6f997471...,timecost=0.209
info|2019-10-25 18:00:51.896251|[g:1][CONSENSUS][PBFT]checkAndChangeView: Reach consensus,org_view=2044,org_changeCycle=0,cur_changeCycle=0,to_view=2045
info|2019-10-25 18:00:52.893678|[g:1][CONSENSUS]addRawPrepare,height=6,reqIdx=2,hash=f2c92df5...
info|2019-10-25 18:00:52.893915|[g:1][CONSENSUS][PBFT]checkTimeout Succ,view=2045,toView=2046,nodeIdx=1,changeCycle=0,myNode=6f997471...,timecost=0.212
info|2019-10-25 18:00:52.898515|[g:1][CONSENSUS][PBFT]checkAndChangeView: Reach consensus,org_view=2045,org_changeCycle=0,cur_changeCycle=0,to_view=2046
info|2019-10-25 18:00:53.445796|[P2P][Service] heartBeat,connected count=3
