info|2019-12-12 19:15:58.035904|[P2P][Service] heartBeat,connected count=4
warning|2019-12-12 19:15:58.090421|[g:1][CONSENSUS][PBFT]ViewChangeWarning: not caused by omit empty block ,v=724,toV=725,curNum=28,hash=965ae6f1...,nodeIdx=1,myNode=6f997471...
info|2019-12-12 19:15:58.090571|[g:1][CONSENSUS][PBFT]checkTimeout Succ,view=724,toView=725,nodeIdx=1,changeCycle=1,myNode=6f997471...,timecost=0.448
warning|2019-12-12 19:15:58.141391|[SYNC][id:6f997471...][Status]Peer data not found,nodeId=6e4f3ba3...
info|2019-12-12 19:15:58.142611|[g:1][CONSENSUS][PBFT]checkAndChangeView: Reach consensus,org_view=724,org_changeCycle=1,cur_changeCycle=1,to_view=725
info|2019-12-12 19:15:59.441233|[g:1][CONSENSUS][SEALER]++++++++++++++++ Generating seal on,blkNum=29,tx=0,nodeIdx=1,hash=35854229...
info|2019-12-12 19:15:59.826097|[g:1][CONSENSUS][PBFT]checkTimeout Succ,view=725,toView=726,nodeIdx=1,changeCycle=0,myNode=6f997471...,timecost=0.439
info|2019-12-12 19:15:59.877357|[g:1][CONSENSUS][PBFT]checkAndChangeView: Reach consensus,org_view=725,org_changeCycle=0,cur_changeCycle=0,to_view=726
warning|2019-12-12 19:16:00.003564|[CHANNEL][SESSION]onRead failed,value=2,message=End of file
warning|2019-12-12 19:16:00.003596|[CHANNEL]onClientRequest,errorCode=-1,what=Read failed, disconnect
warning|2019-12-12 19:16:00.009030|[CHANNEL][SESSION]onRead failed,value=2,message=End of file
warning|2019-12-12 19:16:00.009060|[CHANNEL]onClientRequest,errorCode=-1,what=Read failed, disconnect
info|2019-12-12 19:16:01.226956|[CHANNEL]channel new connect, host=127.0.0.1:37942
info|2019-12-12 19:16:01.227087|[CHANNEL]start receive
info|2019-12-12 19:16:01.334060|[CHANNEL]channel new connect, host=127.0.0.1:37940
info|2019-12-12 19:16:01.334596|[CHANNEL]start receive
info|2019-12-12 19:16:01.351163|[RPC][getGroupList]request
info|2019-12-12 19:16:01.364549|[RPC][getNodeIDList]request
info|2019-12-12 19:16:01.495796|[RPC][getPeers]request
info|2019-12-12 19:16:02.145715|[g:1][CONSENSUS]addRawPrepare,height=29,reqIdx=2,hash=3dfd4d6d...
info|2019-12-12 19:16:02.146191|[g:1][CONSENSUS][PBFT]checkTimeout Succ,view=726,toView=727,nodeIdx=1,changeCycle=0,myNode=6f997471...,timecost=0.324
info|2019-12-12 19:16:02.159485|[g:1][CONSENSUS][PBFT]checkAndChangeView: Reach consensus,org_view=726,org_changeCycle=0,cur_changeCycle=0,to_view=727
info|2019-12-12 19:16:03.170823|[g:1][CONSENSUS]addRawPrepare,height=29,reqIdx=3,hash=07b58015...
info|2019-12-12 19:16:03.171460|[g:1][CONSENSUS][PBFT]checkTimeout Succ,view=727,toView=728,nodeIdx=1,changeCycle=0,myNode=6f997471...,timecost=0.43
info|2019-12-12 19:16:03.184340|[g:1][CONSENSUS][PBFT]checkAndChangeView: Reach consensus,org_view=727,org_changeCycle=0,cur_changeCycle=0,to_view=728
warning|2019-12-12 19:16:03.235002|[SYNC][id:6f997471...][Status]Peer data not found,nodeId=6e4f3ba3...
info|2019-12-12 19:16:04.204761|[g:1][CONSENSUS]addRawPrepare,height=29,reqIdx=0,hash=98af8411...
info|2019-12-12 19:16:04.205250|[g:1][CONSENSUS][PBFT]checkTimeout Succ,view=728,toView=729,nodeIdx=1,changeCycle=0,myNode=6f997471...,timecost=0.45
info|2019-12-12 19:16:04.209875|[g:1][CONSENSUS][PBFT]checkAndChangeView: Reach consensus,org_view=728,org_changeCycle=0,cur_changeCycle=0,to_view=729
info|2019-12-12 19:16:05.210875|[g:1][CONSENSUS][SEALER]++++++++++++++++ Generating seal on,blkNum=29,tx=0,nodeIdx=1,hash=0757c4c6...
info|2019-12-12 19:16:05.217787|[g:1][CONSENSUS][PBFT]checkTimeout Succ,view=729,toView=730,nodeIdx=1,changeCycle=0,myNode=6f997471...,timecost=0.261
info|2019-12-12 19:16:05.219432|[g:1][CONSENSUS][PBFT]checkAndChangeView: Reach consensus,org_view=729,org_changeCycle=0,cur_changeCycle=0,to_view=730
info|2019-12-12 19:16:06.217441|[g:1][CONSENSUS]addRawPrepare,height=29,reqIdx=2,hash=136bd869...
info|2019-12-12 19:16:06.217891|[g:1][CONSENSUS][PBFT]checkTimeout Succ,view=730,toView=731,nodeIdx=1,changeCycle=0,myNode=6f997471...,timecost=0.342
info|2019-12-12 19:16:06.236323|[g:1][CONSENSUS][PBFT]checkAndChangeView: Reach consensus,org_view=730,org_changeCycle=0,cur_changeCycle=0,to_view=731
info|2019-12-12 19:16:07.238616|[g:1][CONSENSUS]addRawPrepare,height=29,reqIdx=3,hash=e657a00c...
info|2019-12-12 19:16:07.238840|[g:1][CONSENSUS][PBFT]checkTimeout Succ,view=731,toView=732,nodeIdx=1,changeCycle=0,myNode=6f997471...,timecost=0.2
info|2019-12-12 19:16:07.240023|[g:1][CONSENSUS][PBFT]checkAndChangeView: Reach consensus,org_view=731,org_changeCycle=0,cur_changeCycle=0,to_view=732
info|2019-12-12 19:16:08.036005|[P2P][Service] heartBeat,connected count=4
warning|2019-12-12 19:16:08.241064|[SYNC][id:6f997471...][Status]Peer data not found,nodeId=6e4f3ba3...
info|2019-12-12 19:16:08.243378|[g:1][CONSENSUS]addRawPrepare,height=29,reqIdx=0,hash=1770a303...
info|2019-12-12 19:16:08.243606|[g:1][CONSENSUS][PBFT]checkTimeout Succ,view=732,toView=733,nodeIdx=1,changeCycle=0,myNode=6f997471...,timecost=0.203
info|2019-12-12 19:16:08.247591|[g:1][CONSENSUS][PBFT]checkAndChangeView: Reach consensus,org_view=732,org_changeCycle=0,cur_changeCycle=0,to_view=733
info|2019-12-12 19:16:09.247548|[g:1][CONSENSUS][SEALER]++++++++++++++++ Generating seal on,blkNum=29,tx=0,nodeIdx=1,hash=1e299f8c...
info|2019-12-12 19:16:09.255263|[g:1][CONSENSUS][PBFT]checkTimeout Succ,view=733,toView=734,nodeIdx=1,changeCycle=0,myNode=6f997471...,timecost=0.236
info|2019-12-12 19:16:09.256227|[g:1][CONSENSUS][PBFT]checkAndChangeView: Reach consensus,org_view=733,org_changeCycle=0,cur_changeCycle=0,to_view=734
info|2019-12-12 19:16:10.253911|[g:1][CONSENSUS]addRawPrepare,height=29,reqIdx=2,hash=7133b50b...
info|2019-12-12 19:16:10.254210|[g:1][CONSENSUS][PBFT]checkTimeout Succ,view=734,toView=735,nodeIdx=1,changeCycle=0,myNode=6f997471...,timecost=0.222
info|2019-12-12 19:16:10.258690|[g:1][CONSENSUS][PBFT]checkAndChangeView: Reach consensus,org_view=734,org_changeCycle=0,cur_changeCycle=0,to_view=735
info|2019-12-12 19:16:11.261627|[g:1][CONSENSUS]addRawPrepare,height=29,reqIdx=3,hash=97af5c34...
info|2019-12-12 19:16:11.261898|[g:1][CONSENSUS][PBFT]checkTimeout Succ,view=735,toView=736,nodeIdx=1,changeCycle=0,myNode=6f997471...,timecost=0.21
info|2019-12-12 19:16:11.264943|[g:1][CONSENSUS][PBFT]checkAndChangeView: Reach consensus,org_view=735,org_changeCycle=0,cur_changeCycle=0,to_view=736
info|2019-12-12 19:16:12.266973|[g:1][CONSENSUS]addRawPrepare,height=29,reqIdx=0,hash=3ae6272a...
info|2019-12-12 19:16:12.267200|[g:1][CONSENSUS][PBFT]checkTimeout Succ,view=736,toView=737,nodeIdx=1,changeCycle=0,myNode=6f997471...,timecost=0.201
info|2019-12-12 19:16:12.269506|[g:1][CONSENSUS][PBFT]checkAndChangeView: Reach consensus,org_view=736,org_changeCycle=0,cur_changeCycle=0,to_view=737
warning|2019-12-12 19:16:13.260225|[SYNC][id:6f997471...][Status]Peer data not found,nodeId=6e4f3ba3...
info|2019-12-12 19:16:13.280001|[g:1][CONSENSUS][SEALER]++++++++++++++++ Generating seal on,blkNum=29,tx=0,nodeIdx=1,hash=3fa85fd6...
info|2019-12-12 19:16:13.292661|[g:1][CONSENSUS][PBFT]checkTimeout Succ,view=737,toView=738,nodeIdx=1,changeCycle=0,myNode=6f997471...,timecost=0.207
info|2019-12-12 19:16:13.293681|[g:1][CONSENSUS][PBFT]checkAndChangeView: Reach consensus,org_view=737,org_changeCycle=0,cur_changeCycle=0,to_view=738
info|2019-12-12 19:16:14.293646|[g:1][CONSENSUS]addRawPrepare,height=29,reqIdx=2,hash=290f7801...
info|2019-12-12 19:16:14.299611|[g:1][CONSENSUS][PBFT]checkTimeout Succ,view=738,toView=739,nodeIdx=1,changeCycle=0,myNode=6f997471...,timecost=5.754
info|2019-12-12 19:16:14.303802|[g:1][CONSENSUS][PBFT]checkAndChangeView: Reach consensus,org_view=738,org_changeCycle=0,cur_changeCycle=0,to_view=739
info|2019-12-12 19:16:15.306181|[g:1][CONSENSUS]addRawPrepare,height=29,reqIdx=3,hash=0573a12d...
info|2019-12-12 19:16:15.306409|[g:1][CONSENSUS][PBFT]checkTimeout Succ,view=739,toView=740,nodeIdx=1,changeCycle=0,myNode=6f997471...,timecost=0.202
info|2019-12-12 19:16:15.308435|[g:1][CONSENSUS][PBFT]checkAndChangeView: Reach consensus,org_view=739,org_changeCycle=0,cur_changeCycle=0,to_view=740
info|2019-12-12 19:16:16.316918|[g:1][CONSENSUS]addRawPrepare,height=29,reqIdx=0,hash=aa27a2c5...
info|2019-12-12 19:16:16.317140|[g:1][CONSENSUS][PBFT]checkTimeout Succ,view=740,toView=741,nodeIdx=1,changeCycle=0,myNode=6f997471...,timecost=0.198
info|2019-12-12 19:16:16.319382|[g:1][CONSENSUS][PBFT]checkAndChangeView: Reach consensus,org_view=740,org_changeCycle=0,cur_changeCycle=0,to_view=741
info|2019-12-12 19:16:17.319563|[g:1][CONSENSUS][SEALER]++++++++++++++++ Generating seal on,blkNum=29,tx=0,nodeIdx=1,hash=c8330f4e...
info|2019-12-12 19:16:17.325759|[g:1][CONSENSUS][PBFT]checkTimeout Succ,view=741,toView=742,nodeIdx=1,changeCycle=0,myNode=6f997471...,timecost=0.212
info|2019-12-12 19:16:17.326732|[g:1][CONSENSUS][PBFT]checkAndChangeView: Reach consensus,org_view=741,org_changeCycle=0,cur_changeCycle=0,to_view=742
info|2019-12-12 19:16:18.036062|[P2P][Service] heartBeat,connected count=4
warning|2019-12-12 19:16:18.267800|[SYNC][id:6f997471...][Status]Peer data not found,nodeId=6e4f3ba3...
info|2019-12-12 19:16:18.329049|[g:1][CONSENSUS]addRawPrepare,height=29,reqIdx=2,hash=2d1abde1...
info|2019-12-12 19:16:18.329356|[g:1][CONSENSUS][PBFT]checkTimeout Succ,view=742,toView=743,nodeIdx=1,changeCycle=0,myNode=6f997471...,timecost=0.199
info|2019-12-12 19:16:18.333616|[g:1][CONSENSUS][PBFT]checkAndChangeView: Reach consensus,org_view=742,org_changeCycle=0,cur_changeCycle=0,to_view=743
info|2019-12-12 19:16:19.342362|[g:1][CONSENSUS]addRawPrepare,height=29,reqIdx=3,hash=31ac9a1b...
info|2019-12-12 19:16:19.342770|[g:1][CONSENSUS][PBFT]checkTimeout Succ,view=743,toView=744,nodeIdx=1,changeCycle=0,myNode=6f997471...,timecost=0.382
info|2019-12-12 19:16:19.344517|[g:1][CONSENSUS][PBFT]checkAndChangeView: Reach consensus,org_view=743,org_changeCycle=0,cur_changeCycle=0,to_view=744
info|2019-12-12 19:16:20.353083|[g:1][CONSENSUS]addRawPrepare,height=29,reqIdx=0,hash=b4130216...
info|2019-12-12 19:16:20.353339|[g:1][CONSENSUS][PBFT]checkTimeout Succ,view=744,toView=745,nodeIdx=1,changeCycle=0,myNode=6f997471...,timecost=0.188
info|2019-12-12 19:16:20.366113|[g:1][CONSENSUS][PBFT]checkAndChangeView: Reach consensus,org_view=744,org_changeCycle=0,cur_changeCycle=0,to_view=745
info|2019-12-12 19:16:21.366590|[g:1][CONSENSUS][SEALER]++++++++++++++++ Generating seal on,blkNum=29,tx=0,nodeIdx=1,hash=92b7aeea...
info|2019-12-12 19:16:21.377715|[g:1][CONSENSUS][PBFT]checkTimeout Succ,view=745,toView=746,nodeIdx=1,changeCycle=0,myNode=6f997471...,timecost=0.219
info|2019-12-12 19:16:21.378654|[g:1][CONSENSUS][PBFT]checkAndChangeView: Reach consensus,org_view=745,org_changeCycle=0,cur_changeCycle=0,to_view=746
info|2019-12-12 19:16:22.376735|[g:1][CONSENSUS]addRawPrepare,height=29,reqIdx=2,hash=f7b63e15...
info|2019-12-12 19:16:22.377287|[g:1][CONSENSUS][PBFT]checkTimeout Succ,view=746,toView=747,nodeIdx=1,changeCycle=0,myNode=6f997471...,timecost=0.401
info|2019-12-12 19:16:22.385403|[g:1][CONSENSUS][PBFT]checkAndChangeView: Reach consensus,org_view=746,org_changeCycle=0,cur_changeCycle=0,to_view=747
warning|2019-12-12 19:16:23.275715|[SYNC][id:6f997471...][Status]Peer data not found,nodeId=6e4f3ba3...
info|2019-12-12 19:16:23.389437|[g:1][CONSENSUS]addRawPrepare,height=29,reqIdx=3,hash=78338392...
info|2019-12-12 19:16:23.389712|[g:1][CONSENSUS][PBFT]checkTimeout Succ,view=747,toView=748,nodeIdx=1,changeCycle=0,myNode=6f997471...,timecost=0.248
info|2019-12-12 19:16:23.390006|[g:1][CONSENSUS][PBFT]checkAndChangeView: Reach consensus,org_view=747,org_changeCycle=0,cur_changeCycle=0,to_view=748
info|2019-12-12 19:16:24.395273|[g:1][CONSENSUS]addRawPrepare,height=29,reqIdx=0,hash=a048e6fc...
info|2019-12-12 19:16:24.395567|[g:1][CONSENSUS][PBFT]checkTimeout Succ,view=748,toView=749,nodeIdx=1,changeCycle=0,myNode=6f997471...,timecost=0.27
info|2019-12-12 19:16:24.398664|[g:1][CONSENSUS][PBFT]checkAndChangeView: Reach consensus,org_view=748,org_changeCycle=0,cur_changeCycle=0,to_view=749
info|2019-12-12 19:16:25.399490|[g:1][CONSENSUS][SEALER]++++++++++++++++ Generating seal on,blkNum=29,tx=0,nodeIdx=1,hash=519e2da3...
info|2019-12-12 19:16:25.406149|[g:1][CONSENSUS][PBFT]checkTimeout Succ,view=749,toView=750,nodeIdx=1,changeCycle=0,myNode=6f997471...,timecost=0.243
info|2019-12-12 19:16:25.407132|[g:1][CONSENSUS][PBFT]checkAndChangeView: Reach consensus,org_view=749,org_changeCycle=0,cur_changeCycle=0,to_view=750
info|2019-12-12 19:16:26.405187|[g:1][CONSENSUS]addRawPrepare,height=29,reqIdx=2,hash=9de22c8a...
info|2019-12-12 19:16:26.405448|[g:1][CONSENSUS][PBFT]checkTimeout Succ,view=750,toView=751,nodeIdx=1,changeCycle=0,myNode=6f997471...,timecost=0.19
info|2019-12-12 19:16:26.411722|[g:1][CONSENSUS][PBFT]checkAndChangeView: Reach consensus,org_view=750,org_changeCycle=0,cur_changeCycle=0,to_view=751
info|2019-12-12 19:16:27.413952|[g:1][CONSENSUS]addRawPrepare,height=29,reqIdx=3,hash=419ff3e7...
info|2019-12-12 19:16:27.414209|[g:1][CONSENSUS][PBFT]checkTimeout Succ,view=751,toView=752,nodeIdx=1,changeCycle=0,myNode=6f997471...,timecost=0.234
info|2019-12-12 19:16:27.416616|[g:1][CONSENSUS][PBFT]checkAndChangeView: Reach consensus,org_view=751,org_changeCycle=0,cur_changeCycle=0,to_view=752
info|2019-12-12 19:16:28.036194|[P2P][Service] heartBeat,connected count=4
warning|2019-12-12 19:16:28.285912|[SYNC][id:6f997471...][Status]Peer data not found,nodeId=6e4f3ba3...
info|2019-12-12 19:16:28.419421|[g:1][CONSENSUS]addRawPrepare,height=29,reqIdx=0,hash=8674bde8...
info|2019-12-12 19:16:28.419679|[g:1][CONSENSUS][PBFT]checkTimeout Succ,view=752,toView=753,nodeIdx=1,changeCycle=0,myNode=6f997471...,timecost=0.188
info|2019-12-12 19:16:28.422403|[g:1][CONSENSUS][PBFT]checkAndChangeView: Reach consensus,org_view=752,org_changeCycle=0,cur_changeCycle=0,to_view=753
info|2019-12-12 19:16:29.431169|[g:1][CONSENSUS][SEALER]++++++++++++++++ Generating seal on,blkNum=29,tx=0,nodeIdx=1,hash=dddaaa6c...
info|2019-12-12 19:16:29.555515|[g:1][CONSENSUS][PBFT]checkTimeout Succ,view=753,toView=754,nodeIdx=1,changeCycle=0,myNode=6f997471...,timecost=39.504
info|2019-12-12 19:16:29.566603|[g:1][CONSENSUS][PBFT]checkAndChangeView: Reach consensus,org_view=753,org_changeCycle=0,cur_changeCycle=0,to_view=754
info|2019-12-12 19:16:30.010450|[RPC][getPbftView]request,groupID=1
info|2019-12-12 19:16:30.010516|[RPC][getPendingTxSize]request,groupID=1
