info|2019-12-12 20:57:13.835607|[INITIALIZER][initGlobalConfig],enableCompress=true,compatibilityVersion=2.1.0,versionNumber=33619968,chainId=1
info|2019-12-12 20:57:13.971616|[NETWORK][Host]Connecting to node,endpoint=127.0.0.1:30300
info|2019-12-12 20:57:13.971736|[NETWORK][Host]Connecting to node,endpoint=127.0.0.1:30301
info|2019-12-12 20:57:13.972635|[NETWORK][Host]Connecting to node,endpoint=127.0.0.1:30302
info|2019-12-12 20:57:13.972749|[NETWORK][Host]Connecting to node,endpoint=127.0.0.1:30303
info|2019-12-12 20:57:13.972786|[P2P][Service] heartBeat,connected count=0
info|2019-12-12 20:57:13.977608|[NETWORK][Host]P2P StartAccept,Host=0.0.0.0:30300
info|2019-12-12 20:57:13.977816|[NETWORK][ASIO]asyncResolveConnect,endpoint=127.0.0.1:30300
info|2019-12-12 20:57:13.982190|[NETWORK][ASIO]asyncResolveConnect,endpoint=127.0.0.1:30301
info|2019-12-12 20:57:13.982239|[NETWORK][ASIO]asyncResolveConnect,endpoint=127.0.0.1:30302
info|2019-12-12 20:57:13.982282|[NETWORK][ASIO]asyncResolveConnect,endpoint=127.0.0.1:30303
info|2019-12-12 20:57:13.985388|[NETWORK][Host]P2P Recv Connect, From=127.0.0.1:48340
info|2019-12-12 20:57:13.985460|[NETWORK][Host]P2P StartAccept,Host=0.0.0.0:30300
info|2019-12-12 20:57:14.011071|[CHANNEL]ChannelRPCServer started
info|2019-12-12 20:57:14.011097|[INITIALIZER][RPCInitializer]ChannelRPCHttpServer started.
info|2019-12-12 20:57:14.011117|[LedgerInitializer],groupConfigPath=conf/
info|2019-12-12 20:57:14.011219|[INITIALIZER][initSingleLedger] [GroupId]:  1
info|2019-12-12 20:57:14.011241|[g:1][LEDGER]LedgerConstructor,configPath=conf/group.1.genesis,baseDir=data//group1
info|2019-12-12 20:57:14.011255|[g:1][LEDGER][initGenesisConfig]initConsensusConfig/initDBConfig/initTxConfig,configFile=conf/group.1.genesis
info|2019-12-12 20:57:14.011332|[g:1][LEDGER][initConsensusConfig],it.first=6f9974710b9ea562ecc6a6823039b05e159d8669f228efa0c8b8234f08c2b75fb97eecdae4ef16bc99800bdfa03ed03d619629887e9c1c8b46ad79f5d38c4991
info|2019-12-12 20:57:14.011359|[g:1][LEDGER][initConsensusConfig],it.first=3c841dae42d67ff6c383c1bb1de35a240c03722517cf3711eacd8c8d1b168ac146b4580f67399b4d7d2a36358faea19bc9d7875a3160147b3b9c3c9eb331f80c
info|2019-12-12 20:57:14.011381|[g:1][LEDGER][initConsensusConfig],it.first=7977f13736cfe14481107f9daa8a957d5156ba4f001285ee5d658512a97bedebf72a47213feba7cce05ecd2639f2426ad79a3abd436fe58d3eab1d37c47da13c
info|2019-12-12 20:57:14.011403|[g:1][LEDGER][initConsensusConfig],it.first=9303553ad8ac45cce2b6dfa1efc53e16bad3db119e47da65b9656ed9be68073f3a68780aaf85b2d1545a93db9d541276a33bdd6f3bef1baab3c8c44880e1837a
info|2019-12-12 20:57:14.011447|[g:1][LEDGER][initIniConfig]initTxPoolConfig/initSyncConfig/initTxExecuteConfig,configFile=conf/group.1.ini
info|2019-12-12 20:57:14.011545|[g:1][LEDGER][initLedger][DBInitializer]
info|2019-12-12 20:57:14.011565|[g:1][DBINITIALIZER] [initRocksDBStorage]
info|2019-12-12 20:57:14.011613|[g:1][ROCKSDB]open rocksDB handler
info|2019-12-12 20:57:14.048893|[NETWORK][Host]startPeerSession, From=127.0.0.1:48340,nodeID=6f997471...
info|2019-12-12 20:57:14.049083|[NETWORK][Host]startPeerSession, From=127.0.0.1:30300,nodeID=6f997471...
info|2019-12-12 20:57:14.052230|[g:1][g:0][STORAGE][CachedStorage]Init flushStorage thread
info|2019-12-12 20:57:14.052708|[g:1][BLOCKCHAIN][#checkAndBuildGenesisBlock]Already have the 0th block, 0th groupMark is equal to file groupMark.
info|2019-12-12 20:57:14.069882|[g:1][CONSENSUS][PBFT]Register handler for PBFTEngine
info|2019-12-12 20:57:14.070119|[g:1][CONSENSUS][PBFT],minBlockGenerationTime=500
info|2019-12-12 20:57:14.070251|[LedgerInitializer init group succ],groupID=1
info|2019-12-12 20:57:14.074186|[INITIALIZER][RPCInitializer]JsonrpcHttpServer started.
info|2019-12-12 20:57:14.074213|[g:1][LEDGER]startAll...
info|2019-12-12 20:57:14.076810|[g:1][CONSENSUS][PBFT]^^^^^^^^Report,num=30,sealerIdx=2,hash=64f42bb3...,next=31,tx=1,nodeIdx=1
info|2019-12-12 20:57:14.080648|[g:1][CONSENSUS][PBFT][PBFT init env successfully]
info|2019-12-12 20:57:14.080678|[g:1][CONSENSUS][ConsensusEngine][Start ConsensusEngineBase]
info|2019-12-12 20:57:14.088380|[g:1][CONSENSUS][PBFT][Start PBFTEngine...]
info|2019-12-12 20:57:14.088392|[g:1][CONSENSUS][SEALER][Start sealer module]
info|2019-12-12 20:57:14.094663|[g:1][EVENT][EventLogFilterManager]start,m_maxBlockRange=0,m_maxBlockPerLoopFilter=3
info|2019-12-12 20:57:14.103960|[NETWORK][Host]startPeerSession, From=127.0.0.1:30301,nodeID=3c841dae...
info|2019-12-12 20:57:14.104026|[P2P][Service] Connection established,nodeID=3c841dae...,endpoint=127.0.0.1:30301
info|2019-12-12 20:57:14.135017|[P2P][Service] Connection established,nodeID=7977f137...,endpoint=127.0.0.1:30302
info|2019-12-12 20:57:14.135054|[NETWORK][Host]startPeerSession, From=127.0.0.1:30302,nodeID=7977f137...
info|2019-12-12 20:57:14.149491|[NETWORK][Host]startPeerSession, From=127.0.0.1:30303,nodeID=9303553a...
info|2019-12-12 20:57:14.149542|[P2P][Service] Connection established,nodeID=9303553a...,endpoint=127.0.0.1:30303
warning|2019-12-12 20:57:14.231381|[SYNC][id:6f997471...][Status]Peer data not found,nodeId=3c841dae...
warning|2019-12-12 20:57:14.233180|[SYNC][id:6f997471...][Status]Peer data not found,nodeId=7977f137...
warning|2019-12-12 20:57:14.277024|[SYNC][id:6f997471...][Status]Peer data not found,nodeId=9303553a...
info|2019-12-12 20:57:15.025781|[g:1][CONSENSUS]addRawPrepare,height=31,reqIdx=2,hash=9883ce74...
info|2019-12-12 20:57:15.026091|[g:1][CONSENSUS][PBFT]checkTimeout Succ,view=0,toView=1,nodeIdx=1,changeCycle=0,myNode=6f997471...,timecost=0.195
info|2019-12-12 20:57:15.029064|[g:1][CONSENSUS][PBFT]checkAndChangeView: Reach consensus,org_view=0,org_changeCycle=0,cur_changeCycle=0,to_view=1
info|2019-12-12 20:57:16.030228|[g:1][CONSENSUS]addRawPrepare,height=31,reqIdx=3,hash=6c0e8d98...
info|2019-12-12 20:57:16.030506|[g:1][CONSENSUS][PBFT]checkTimeout Succ,view=1,toView=2,nodeIdx=1,changeCycle=0,myNode=6f997471...,timecost=0.202
info|2019-12-12 20:57:16.033885|[g:1][CONSENSUS][PBFT]checkAndChangeView: Reach consensus,org_view=1,org_changeCycle=0,cur_changeCycle=0,to_view=2
info|2019-12-12 20:57:17.035510|[g:1][CONSENSUS]addRawPrepare,height=31,reqIdx=0,hash=b273a68b...
info|2019-12-12 20:57:17.035768|[g:1][CONSENSUS][PBFT]checkTimeout Succ,view=2,toView=3,nodeIdx=1,changeCycle=0,myNode=6f997471...,timecost=0.189
info|2019-12-12 20:57:17.039318|[g:1][CONSENSUS][PBFT]checkAndChangeView: Reach consensus,org_view=2,org_changeCycle=0,cur_changeCycle=0,to_view=3
info|2019-12-12 20:57:18.040433|[g:1][CONSENSUS][SEALER]++++++++++++++++ Generating seal on,blkNum=31,tx=0,nodeIdx=1,hash=583eb560...
info|2019-12-12 20:57:18.047826|[g:1][CONSENSUS][PBFT]checkTimeout Succ,view=3,toView=4,nodeIdx=1,changeCycle=0,myNode=6f997471...,timecost=0.196
info|2019-12-12 20:57:18.049218|[g:1][CONSENSUS][PBFT]checkAndChangeView: Reach consensus,org_view=3,org_changeCycle=0,cur_changeCycle=0,to_view=4
info|2019-12-12 20:57:19.047798|[g:1][CONSENSUS]addRawPrepare,height=31,reqIdx=2,hash=e691a6be...
info|2019-12-12 20:57:19.048071|[g:1][CONSENSUS][PBFT]checkTimeout Succ,view=4,toView=5,nodeIdx=1,changeCycle=0,myNode=6f997471...,timecost=0.185
info|2019-12-12 20:57:19.052630|[g:1][CONSENSUS][PBFT]checkAndChangeView: Reach consensus,org_view=4,org_changeCycle=0,cur_changeCycle=0,to_view=5
info|2019-12-12 20:57:20.096207|[g:1][CONSENSUS]addRawPrepare,height=31,reqIdx=3,hash=8bbda546...
info|2019-12-12 20:57:20.096492|[g:1][CONSENSUS][PBFT]checkTimeout Succ,view=5,toView=6,nodeIdx=1,changeCycle=0,myNode=6f997471...,timecost=0.225
info|2019-12-12 20:57:20.099887|[g:1][CONSENSUS][PBFT]checkAndChangeView: Reach consensus,org_view=5,org_changeCycle=0,cur_changeCycle=0,to_view=6
info|2019-12-12 20:57:21.102230|[g:1][CONSENSUS]addRawPrepare,height=31,reqIdx=0,hash=d72ca8ce...
info|2019-12-12 20:57:21.102505|[g:1][CONSENSUS][PBFT]checkTimeout Succ,view=6,toView=7,nodeIdx=1,changeCycle=0,myNode=6f997471...,timecost=0.186
info|2019-12-12 20:57:21.107391|[g:1][CONSENSUS][PBFT]checkAndChangeView: Reach consensus,org_view=6,org_changeCycle=0,cur_changeCycle=0,to_view=7
info|2019-12-12 20:57:22.108671|[g:1][CONSENSUS][SEALER]++++++++++++++++ Generating seal on,blkNum=31,tx=0,nodeIdx=1,hash=30e35ef8...
info|2019-12-12 20:57:22.109277|[g:1][CONSENSUS][PBFT]checkTimeout Succ,view=7,toView=8,nodeIdx=1,changeCycle=0,myNode=6f997471...,timecost=0.189
info|2019-12-12 20:57:22.112977|[g:1][CONSENSUS][PBFT]checkAndChangeView: Reach consensus,org_view=7,org_changeCycle=0,cur_changeCycle=0,to_view=8
info|2019-12-12 20:57:23.117359|[g:1][CONSENSUS]addRawPrepare,height=31,reqIdx=2,hash=02d3b76d...
info|2019-12-12 20:57:23.117610|[g:1][CONSENSUS][PBFT]checkTimeout Succ,view=8,toView=9,nodeIdx=1,changeCycle=0,myNode=6f997471...,timecost=0.187
info|2019-12-12 20:57:23.122591|[g:1][CONSENSUS][PBFT]checkAndChangeView: Reach consensus,org_view=8,org_changeCycle=0,cur_changeCycle=0,to_view=9
info|2019-12-12 20:57:23.896808|[NETWORK][Host]P2P Recv Connect, From=127.0.0.1:48348
info|2019-12-12 20:57:23.896843|[NETWORK][Host]P2P StartAccept,Host=0.0.0.0:30300
info|2019-12-12 20:57:23.906288|[NETWORK][Host]P2P Recv Connect, From=127.0.0.1:48350
info|2019-12-12 20:57:23.906347|[NETWORK][Host]P2P StartAccept,Host=0.0.0.0:30300
info|2019-12-12 20:57:23.926786|[NETWORK][Host]startPeerSession, From=127.0.0.1:48348,nodeID=7977f137...
info|2019-12-12 20:57:23.926932|[NETWORK][Host]P2P Recv Connect, From=127.0.0.1:48354
info|2019-12-12 20:57:23.927730|[NETWORK][Host]P2P StartAccept,Host=0.0.0.0:30300
info|2019-12-12 20:57:23.941049|[NETWORK][Host]P2P Recv Connect, From=127.0.0.1:48356
info|2019-12-12 20:57:23.941105|[NETWORK][Host]P2P StartAccept,Host=0.0.0.0:30300
info|2019-12-12 20:57:23.986343|[NETWORK][Host]startPeerSession, From=127.0.0.1:48350,nodeID=3c841dae...
info|2019-12-12 20:57:23.986498|[P2P][Service] Connection established,nodeID=6e4f3ba3...,endpoint=127.0.0.1:48354
info|2019-12-12 20:57:23.986522|[NETWORK][Host]startPeerSession, From=127.0.0.1:48354,nodeID=6e4f3ba3...
info|2019-12-12 20:57:23.996812|[P2P][Service] heartBeat,connected count=4
info|2019-12-12 20:57:23.996945|[NETWORK][Host]startPeerSession, From=127.0.0.1:48356,nodeID=9303553a...
warning|2019-12-12 20:57:24.071364|[SYNC][id:6f997471...][Status]Peer data not found,nodeId=6e4f3ba3...
warning|2019-12-12 20:57:24.114592|[SYNC][id:6f997471...][Status]Peer data not found,nodeId=6e4f3ba3...
info|2019-12-12 20:57:24.121710|[g:1][CONSENSUS]addRawPrepare,height=31,reqIdx=3,hash=1d545508...
info|2019-12-12 20:57:24.121984|[g:1][CONSENSUS][PBFT]checkTimeout Succ,view=9,toView=10,nodeIdx=1,changeCycle=0,myNode=6f997471...,timecost=0.21
info|2019-12-12 20:57:24.136326|[g:1][CONSENSUS][PBFT]checkAndChangeView: Reach consensus,org_view=9,org_changeCycle=0,cur_changeCycle=0,to_view=10
info|2019-12-12 20:57:25.129206|[g:1][CONSENSUS]addRawPrepare,height=31,reqIdx=0,hash=285f5348...
info|2019-12-12 20:57:25.129461|[g:1][CONSENSUS][PBFT]checkTimeout Succ,view=10,toView=11,nodeIdx=1,changeCycle=0,myNode=6f997471...,timecost=0.19
info|2019-12-12 20:57:25.134047|[g:1][CONSENSUS][PBFT]checkAndChangeView: Reach consensus,org_view=10,org_changeCycle=0,cur_changeCycle=0,to_view=11
info|2019-12-12 20:57:26.135185|[g:1][CONSENSUS][SEALER]++++++++++++++++ Generating seal on,blkNum=31,tx=0,nodeIdx=1,hash=0030ae3f...
info|2019-12-12 20:57:26.138743|[g:1][CONSENSUS][PBFT]checkTimeout Succ,view=11,toView=12,nodeIdx=1,changeCycle=0,myNode=6f997471...,timecost=0.203
info|2019-12-12 20:57:26.139309|[g:1][CONSENSUS][PBFT]checkAndChangeView: Reach consensus,org_view=11,org_changeCycle=0,cur_changeCycle=0,to_view=12
info|2019-12-12 20:57:27.145735|[g:1][CONSENSUS]addRawPrepare,height=31,reqIdx=2,hash=0d39858b...
info|2019-12-12 20:57:27.145989|[g:1][CONSENSUS][PBFT]checkTimeout Succ,view=12,toView=13,nodeIdx=1,changeCycle=0,myNode=6f997471...,timecost=0.189
info|2019-12-12 20:57:27.148652|[g:1][CONSENSUS][PBFT]checkAndChangeView: Reach consensus,org_view=12,org_changeCycle=0,cur_changeCycle=0,to_view=13
info|2019-12-12 20:57:28.150727|[g:1][CONSENSUS]addRawPrepare,height=31,reqIdx=3,hash=da38f2b8...
info|2019-12-12 20:57:28.153518|[g:1][CONSENSUS][PBFT]checkTimeout Succ,view=13,toView=14,nodeIdx=1,changeCycle=0,myNode=6f997471...,timecost=2.723
info|2019-12-12 20:57:28.155580|[g:1][CONSENSUS][PBFT]checkAndChangeView: Reach consensus,org_view=13,org_changeCycle=0,cur_changeCycle=0,to_view=14
warning|2019-12-12 20:57:29.094379|[SYNC][id:6f997471...][Status]Peer data not found,nodeId=6e4f3ba3...
info|2019-12-12 20:57:29.157628|[g:1][CONSENSUS]addRawPrepare,height=31,reqIdx=0,hash=0696a5fd...
info|2019-12-12 20:57:29.157910|[g:1][CONSENSUS][PBFT]checkTimeout Succ,view=14,toView=15,nodeIdx=1,changeCycle=0,myNode=6f997471...,timecost=0.192
info|2019-12-12 20:57:29.162818|[g:1][CONSENSUS][PBFT]checkAndChangeView: Reach consensus,org_view=14,org_changeCycle=0,cur_changeCycle=0,to_view=15
info|2019-12-12 20:57:30.164615|[g:1][CONSENSUS][SEALER]++++++++++++++++ Generating seal on,blkNum=31,tx=0,nodeIdx=1,hash=15a6000b...
info|2019-12-12 20:57:30.168443|[g:1][CONSENSUS][PBFT]checkTimeout Succ,view=15,toView=16,nodeIdx=1,changeCycle=0,myNode=6f997471...,timecost=0.245
info|2019-12-12 20:57:30.170805|[g:1][CONSENSUS][PBFT]checkAndChangeView: Reach consensus,org_view=15,org_changeCycle=0,cur_changeCycle=0,to_view=16
info|2019-12-12 20:57:31.172039|[g:1][CONSENSUS]addRawPrepare,height=31,reqIdx=2,hash=99d97d0f...
info|2019-12-12 20:57:31.172320|[g:1][CONSENSUS][PBFT]checkTimeout Succ,view=16,toView=17,nodeIdx=1,changeCycle=0,myNode=6f997471...,timecost=0.211
info|2019-12-12 20:57:31.177163|[g:1][CONSENSUS][PBFT]checkAndChangeView: Reach consensus,org_view=16,org_changeCycle=0,cur_changeCycle=0,to_view=17
info|2019-12-12 20:57:32.179962|[g:1][CONSENSUS]addRawPrepare,height=31,reqIdx=3,hash=f5f89f83...
info|2019-12-12 20:57:32.180217|[g:1][CONSENSUS][PBFT]checkTimeout Succ,view=17,toView=18,nodeIdx=1,changeCycle=0,myNode=6f997471...,timecost=0.183
info|2019-12-12 20:57:32.184817|[g:1][CONSENSUS][PBFT]checkAndChangeView: Reach consensus,org_view=17,org_changeCycle=0,cur_changeCycle=0,to_view=18
info|2019-12-12 20:57:33.185072|[g:1][CONSENSUS]addRawPrepare,height=31,reqIdx=0,hash=0fc9adec...
info|2019-12-12 20:57:33.185349|[g:1][CONSENSUS][PBFT]checkTimeout Succ,view=18,toView=19,nodeIdx=1,changeCycle=0,myNode=6f997471...,timecost=0.186
info|2019-12-12 20:57:33.189169|[g:1][CONSENSUS][PBFT]checkAndChangeView: Reach consensus,org_view=18,org_changeCycle=0,cur_changeCycle=0,to_view=19
info|2019-12-12 20:57:33.997791|[P2P][Service] heartBeat,connected count=4
warning|2019-12-12 20:57:34.119259|[SYNC][id:6f997471...][Status]Peer data not found,nodeId=6e4f3ba3...
info|2019-12-12 20:57:34.189477|[g:1][CONSENSUS][SEALER]++++++++++++++++ Generating seal on,blkNum=31,tx=0,nodeIdx=1,hash=4875e5dc...
info|2019-12-12 20:57:34.193449|[g:1][CONSENSUS][PBFT]checkTimeout Succ,view=19,toView=20,nodeIdx=1,changeCycle=0,myNode=6f997471...,timecost=0.218
info|2019-12-12 20:57:34.195621|[g:1][CONSENSUS][PBFT]checkAndChangeView: Reach consensus,org_view=19,org_changeCycle=0,cur_changeCycle=0,to_view=20
info|2019-12-12 20:57:35.197795|[g:1][CONSENSUS]addRawPrepare,height=31,reqIdx=2,hash=0b3ac30a...
info|2019-12-12 20:57:35.198054|[g:1][CONSENSUS][PBFT]checkTimeout Succ,view=20,toView=21,nodeIdx=1,changeCycle=0,myNode=6f997471...,timecost=0.188
info|2019-12-12 20:57:35.203302|[g:1][CONSENSUS][PBFT]checkAndChangeView: Reach consensus,org_view=20,org_changeCycle=0,cur_changeCycle=0,to_view=21
info|2019-12-12 20:57:36.203815|[g:1][CONSENSUS]addRawPrepare,height=31,reqIdx=3,hash=3c3a00e3...
info|2019-12-12 20:57:36.204099|[g:1][CONSENSUS][PBFT]checkTimeout Succ,view=21,toView=22,nodeIdx=1,changeCycle=0,myNode=6f997471...,timecost=0.22
info|2019-12-12 20:57:36.208867|[g:1][CONSENSUS][PBFT]checkAndChangeView: Reach consensus,org_view=21,org_changeCycle=0,cur_changeCycle=0,to_view=22
info|2019-12-12 20:57:37.211533|[g:1][CONSENSUS]addRawPrepare,height=31,reqIdx=0,hash=f20ec4b5...
info|2019-12-12 20:57:37.211798|[g:1][CONSENSUS][PBFT]checkTimeout Succ,view=22,toView=23,nodeIdx=1,changeCycle=0,myNode=6f997471...,timecost=0.183
info|2019-12-12 20:57:37.215017|[g:1][CONSENSUS][PBFT]checkAndChangeView: Reach consensus,org_view=22,org_changeCycle=0,cur_changeCycle=0,to_view=23
info|2019-12-12 20:57:38.216551|[g:1][CONSENSUS][SEALER]++++++++++++++++ Generating seal on,blkNum=31,tx=0,nodeIdx=1,hash=abec7675...
info|2019-12-12 20:57:38.220049|[g:1][CONSENSUS][PBFT]checkTimeout Succ,view=23,toView=24,nodeIdx=1,changeCycle=0,myNode=6f997471...,timecost=0.2
info|2019-12-12 20:57:38.220657|[g:1][CONSENSUS][PBFT]checkAndChangeView: Reach consensus,org_view=23,org_changeCycle=0,cur_changeCycle=0,to_view=24
warning|2019-12-12 20:57:39.142164|[SYNC][id:6f997471...][Status]Peer data not found,nodeId=6e4f3ba3...
info|2019-12-12 20:57:39.227161|[g:1][CONSENSUS]addRawPrepare,height=31,reqIdx=2,hash=bb0c9393...
info|2019-12-12 20:57:39.227405|[g:1][CONSENSUS][PBFT]checkTimeout Succ,view=24,toView=25,nodeIdx=1,changeCycle=0,myNode=6f997471...,timecost=0.181
info|2019-12-12 20:57:39.230835|[g:1][CONSENSUS][PBFT]checkAndChangeView: Reach consensus,org_view=24,org_changeCycle=0,cur_changeCycle=0,to_view=25
info|2019-12-12 20:57:40.269706|[g:1][CONSENSUS]addRawPrepare,height=31,reqIdx=3,hash=65a65540...
info|2019-12-12 20:57:40.269958|[g:1][CONSENSUS][PBFT]checkTimeout Succ,view=25,toView=26,nodeIdx=1,changeCycle=0,myNode=6f997471...,timecost=0.181
info|2019-12-12 20:57:40.274125|[g:1][CONSENSUS][PBFT]checkAndChangeView: Reach consensus,org_view=25,org_changeCycle=0,cur_changeCycle=0,to_view=26
info|2019-12-12 20:57:41.278402|[g:1][CONSENSUS]addRawPrepare,height=31,reqIdx=0,hash=536ceab8...
info|2019-12-12 20:57:41.278662|[g:1][CONSENSUS][PBFT]checkTimeout Succ,view=26,toView=27,nodeIdx=1,changeCycle=0,myNode=6f997471...,timecost=0.181
info|2019-12-12 20:57:41.282697|[g:1][CONSENSUS][PBFT]checkAndChangeView: Reach consensus,org_view=26,org_changeCycle=0,cur_changeCycle=0,to_view=27
info|2019-12-12 20:57:42.283227|[g:1][CONSENSUS][SEALER]++++++++++++++++ Generating seal on,blkNum=31,tx=0,nodeIdx=1,hash=c483c65b...
info|2019-12-12 20:57:42.283865|[g:1][CONSENSUS][PBFT]checkTimeout Succ,view=27,toView=28,nodeIdx=1,changeCycle=0,myNode=6f997471...,timecost=0.192
info|2019-12-12 20:57:42.287443|[g:1][CONSENSUS][PBFT]checkAndChangeView: Reach consensus,org_view=27,org_changeCycle=0,cur_changeCycle=0,to_view=28
info|2019-12-12 20:57:43.291466|[g:1][CONSENSUS]addRawPrepare,height=31,reqIdx=2,hash=55df5341...
info|2019-12-12 20:57:43.291724|[g:1][CONSENSUS][PBFT]checkTimeout Succ,view=28,toView=29,nodeIdx=1,changeCycle=0,myNode=6f997471...,timecost=0.186
info|2019-12-12 20:57:43.297237|[g:1][CONSENSUS][PBFT]checkAndChangeView: Reach consensus,org_view=28,org_changeCycle=0,cur_changeCycle=0,to_view=29
info|2019-12-12 20:57:43.997950|[P2P][Service] heartBeat,connected count=4
warning|2019-12-12 20:57:44.162442|[SYNC][id:6f997471...][Status]Peer data not found,nodeId=6e4f3ba3...
info|2019-12-12 20:57:44.299334|[g:1][CONSENSUS]addRawPrepare,height=31,reqIdx=3,hash=bdbe0bf8...
info|2019-12-12 20:57:44.299617|[g:1][CONSENSUS][PBFT]checkTimeout Succ,view=29,toView=30,nodeIdx=1,changeCycle=0,myNode=6f997471...,timecost=0.221
info|2019-12-12 20:57:44.305692|[g:1][CONSENSUS][PBFT]checkAndChangeView: Reach consensus,org_view=29,org_changeCycle=0,cur_changeCycle=0,to_view=30
info|2019-12-12 20:57:45.309412|[g:1][CONSENSUS]addRawPrepare,height=31,reqIdx=0,hash=330e44b1...
info|2019-12-12 20:57:45.312235|[g:1][CONSENSUS][PBFT]checkTimeout Succ,view=30,toView=31,nodeIdx=1,changeCycle=0,myNode=6f997471...,timecost=2.756
info|2019-12-12 20:57:45.312841|[g:1][CONSENSUS][PBFT]checkAndChangeView: Reach consensus,org_view=30,org_changeCycle=0,cur_changeCycle=0,to_view=31
info|2019-12-12 20:57:46.313106|[g:1][CONSENSUS][SEALER]++++++++++++++++ Generating seal on,blkNum=31,tx=0,nodeIdx=1,hash=40da02f8...
info|2019-12-12 20:57:46.313716|[g:1][CONSENSUS][PBFT]checkTimeout Succ,view=31,toView=32,nodeIdx=1,changeCycle=0,myNode=6f997471...,timecost=0.19
info|2019-12-12 20:57:46.317119|[g:1][CONSENSUS][PBFT]checkAndChangeView: Reach consensus,org_view=31,org_changeCycle=0,cur_changeCycle=0,to_view=32
info|2019-12-12 20:57:47.322367|[g:1][CONSENSUS]addRawPrepare,height=31,reqIdx=2,hash=595233da...
info|2019-12-12 20:57:47.322615|[g:1][CONSENSUS][PBFT]checkTimeout Succ,view=32,toView=33,nodeIdx=1,changeCycle=0,myNode=6f997471...,timecost=0.184
info|2019-12-12 20:57:47.325731|[g:1][CONSENSUS][PBFT]checkAndChangeView: Reach consensus,org_view=32,org_changeCycle=0,cur_changeCycle=0,to_view=33
info|2019-12-12 20:57:48.328578|[g:1][CONSENSUS]addRawPrepare,height=31,reqIdx=3,hash=042e9dee...
info|2019-12-12 20:57:48.328830|[g:1][CONSENSUS][PBFT]checkTimeout Succ,view=33,toView=34,nodeIdx=1,changeCycle=0,myNode=6f997471...,timecost=0.184
info|2019-12-12 20:57:48.334659|[g:1][CONSENSUS][PBFT]checkAndChangeView: Reach consensus,org_view=33,org_changeCycle=0,cur_changeCycle=0,to_view=34
warning|2019-12-12 20:57:49.185841|[SYNC][id:6f997471...][Status]Peer data not found,nodeId=6e4f3ba3...
info|2019-12-12 20:57:49.336480|[g:1][CONSENSUS]addRawPrepare,height=31,reqIdx=0,hash=932aabc2...
info|2019-12-12 20:57:49.336763|[g:1][CONSENSUS][PBFT]checkTimeout Succ,view=34,toView=35,nodeIdx=1,changeCycle=0,myNode=6f997471...,timecost=0.221
info|2019-12-12 20:57:49.340800|[g:1][CONSENSUS][PBFT]checkAndChangeView: Reach consensus,org_view=34,org_changeCycle=0,cur_changeCycle=0,to_view=35
info|2019-12-12 20:57:50.343963|[g:1][CONSENSUS][SEALER]++++++++++++++++ Generating seal on,blkNum=31,tx=0,nodeIdx=1,hash=6ee55e33...
info|2019-12-12 20:57:50.347267|[g:1][CONSENSUS][PBFT]checkTimeout Succ,view=35,toView=36,nodeIdx=1,changeCycle=0,myNode=6f997471...,timecost=0.191
info|2019-12-12 20:57:50.347820|[g:1][CONSENSUS][PBFT]checkAndChangeView: Reach consensus,org_view=35,org_changeCycle=0,cur_changeCycle=0,to_view=36
info|2019-12-12 20:57:51.349381|[g:1][CONSENSUS]addRawPrepare,height=31,reqIdx=2,hash=74f3823a...
info|2019-12-12 20:57:51.349647|[g:1][CONSENSUS][PBFT]checkTimeout Succ,view=36,toView=37,nodeIdx=1,changeCycle=0,myNode=6f997471...,timecost=0.181
info|2019-12-12 20:57:51.353309|[g:1][CONSENSUS][PBFT]checkAndChangeView: Reach consensus,org_view=36,org_changeCycle=0,cur_changeCycle=0,to_view=37
info|2019-12-12 20:57:52.358946|[g:1][CONSENSUS]addRawPrepare,height=31,reqIdx=3,hash=e8864818...
info|2019-12-12 20:57:52.359205|[g:1][CONSENSUS][PBFT]checkTimeout Succ,view=37,toView=38,nodeIdx=1,changeCycle=0,myNode=6f997471...,timecost=0.181
info|2019-12-12 20:57:52.362911|[g:1][CONSENSUS][PBFT]checkAndChangeView: Reach consensus,org_view=37,org_changeCycle=0,cur_changeCycle=0,to_view=38
info|2019-12-12 20:57:53.364487|[g:1][CONSENSUS]addRawPrepare,height=31,reqIdx=0,hash=a306444c...
info|2019-12-12 20:57:53.364738|[g:1][CONSENSUS][PBFT]checkTimeout Succ,view=38,toView=39,nodeIdx=1,changeCycle=0,myNode=6f997471...,timecost=0.183
info|2019-12-12 20:57:53.368963|[g:1][CONSENSUS][PBFT]checkAndChangeView: Reach consensus,org_view=38,org_changeCycle=0,cur_changeCycle=0,to_view=39
info|2019-12-12 20:57:53.998249|[P2P][Service] heartBeat,connected count=4
warning|2019-12-12 20:57:54.206582|[SYNC][id:6f997471...][Status]Peer data not found,nodeId=6e4f3ba3...
info|2019-12-12 20:57:54.370180|[g:1][CONSENSUS][SEALER]++++++++++++++++ Generating seal on,blkNum=31,tx=0,nodeIdx=1,hash=0562159c...
info|2019-12-12 20:57:54.371833|[g:1][CONSENSUS][PBFT]checkTimeout Succ,view=39,toView=40,nodeIdx=1,changeCycle=0,myNode=6f997471...,timecost=0.194
info|2019-12-12 20:57:54.377125|[g:1][CONSENSUS][PBFT]checkAndChangeView: Reach consensus,org_view=39,org_changeCycle=0,cur_changeCycle=0,to_view=40
info|2019-12-12 20:57:54.585823|[CHANNEL]channel new connect, host=127.0.0.1:53822
info|2019-12-12 20:57:54.585929|[CHANNEL]start receive
info|2019-12-12 20:57:54.605347|[RPC][getGroupList]request
info|2019-12-12 20:57:54.826854|[CHANNEL]channel new connect, host=127.0.0.1:53824
info|2019-12-12 20:57:54.826912|[CHANNEL]start receive
info|2019-12-12 20:57:55.381548|[g:1][CONSENSUS]addRawPrepare,height=31,reqIdx=2,hash=4c75e2e9...
info|2019-12-12 20:57:55.381811|[g:1][CONSENSUS][PBFT]checkTimeout Succ,view=40,toView=41,nodeIdx=1,changeCycle=0,myNode=6f997471...,timecost=0.196
info|2019-12-12 20:57:55.386469|[g:1][CONSENSUS][PBFT]checkAndChangeView: Reach consensus,org_view=40,org_changeCycle=0,cur_changeCycle=0,to_view=41
info|2019-12-12 20:57:55.630036|[RPC][getClientVersion]request
info|2019-12-12 20:57:56.386733|[g:1][CONSENSUS]addRawPrepare,height=31,reqIdx=3,hash=78a177a3...
info|2019-12-12 20:57:56.386990|[g:1][CONSENSUS][PBFT]checkTimeout Succ,view=41,toView=42,nodeIdx=1,changeCycle=0,myNode=6f997471...,timecost=0.189
info|2019-12-12 20:57:56.396032|[g:1][CONSENSUS][PBFT]checkAndChangeView: Reach consensus,org_view=41,org_changeCycle=0,cur_changeCycle=0,to_view=42
info|2019-12-12 20:57:57.400475|[g:1][CONSENSUS]addRawPrepare,height=31,reqIdx=0,hash=1751a562...
info|2019-12-12 20:57:57.400776|[g:1][CONSENSUS][PBFT]checkTimeout Succ,view=42,toView=43,nodeIdx=1,changeCycle=0,myNode=6f997471...,timecost=0.231
info|2019-12-12 20:57:57.406153|[g:1][CONSENSUS][PBFT]checkAndChangeView: Reach consensus,org_view=42,org_changeCycle=0,cur_changeCycle=0,to_view=43
info|2019-12-12 20:57:58.408141|[g:1][CONSENSUS][SEALER]++++++++++++++++ Generating seal on,blkNum=31,tx=0,nodeIdx=1,hash=fd7e328e...
info|2019-12-12 20:57:58.411668|[g:1][CONSENSUS][PBFT]checkTimeout Succ,view=43,toView=44,nodeIdx=1,changeCycle=0,myNode=6f997471...,timecost=0.197
info|2019-12-12 20:57:58.412223|[g:1][CONSENSUS][PBFT]checkAndChangeView: Reach consensus,org_view=43,org_changeCycle=0,cur_changeCycle=0,to_view=44
warning|2019-12-12 20:57:59.226183|[SYNC][id:6f997471...][Status]Peer data not found,nodeId=6e4f3ba3...
info|2019-12-12 20:57:59.416427|[g:1][CONSENSUS]addRawPrepare,height=31,reqIdx=2,hash=45d047d7...
info|2019-12-12 20:57:59.416673|[g:1][CONSENSUS][PBFT]checkTimeout Succ,view=44,toView=45,nodeIdx=1,changeCycle=0,myNode=6f997471...,timecost=0.184
info|2019-12-12 20:57:59.420515|[g:1][CONSENSUS][PBFT]checkAndChangeView: Reach consensus,org_view=44,org_changeCycle=0,cur_changeCycle=0,to_view=45
info|2019-12-12 20:58:00.425105|[g:1][CONSENSUS]addRawPrepare,height=31,reqIdx=3,hash=59f25f7e...
info|2019-12-12 20:58:00.425379|[g:1][CONSENSUS][PBFT]checkTimeout Succ,view=45,toView=46,nodeIdx=1,changeCycle=0,myNode=6f997471...,timecost=0.213
info|2019-12-12 20:58:00.428909|[g:1][CONSENSUS][PBFT]checkAndChangeView: Reach consensus,org_view=45,org_changeCycle=0,cur_changeCycle=0,to_view=46
info|2019-12-12 20:58:01.432388|[g:1][CONSENSUS]addRawPrepare,height=31,reqIdx=0,hash=435851c6...
info|2019-12-12 20:58:01.432675|[g:1][CONSENSUS][PBFT]checkTimeout Succ,view=46,toView=47,nodeIdx=1,changeCycle=0,myNode=6f997471...,timecost=0.221
info|2019-12-12 20:58:01.436954|[g:1][CONSENSUS][PBFT]checkAndChangeView: Reach consensus,org_view=46,org_changeCycle=0,cur_changeCycle=0,to_view=47
info|2019-12-12 20:58:02.437950|[g:1][CONSENSUS][SEALER]++++++++++++++++ Generating seal on,blkNum=31,tx=0,nodeIdx=1,hash=04b74698...
info|2019-12-12 20:58:02.444367|[g:1][CONSENSUS][PBFT]checkTimeout Succ,view=47,toView=48,nodeIdx=1,changeCycle=0,myNode=6f997471...,timecost=0.184
info|2019-12-12 20:58:02.444943|[g:1][CONSENSUS][PBFT]checkAndChangeView: Reach consensus,org_view=47,org_changeCycle=0,cur_changeCycle=0,to_view=48
info|2019-12-12 20:58:03.443108|[g:1][CONSENSUS]addRawPrepare,height=31,reqIdx=2,hash=112f60ac...
info|2019-12-12 20:58:03.443369|[g:1][CONSENSUS][PBFT]checkTimeout Succ,view=48,toView=49,nodeIdx=1,changeCycle=0,myNode=6f997471...,timecost=0.195
info|2019-12-12 20:58:03.446375|[g:1][CONSENSUS][PBFT]checkAndChangeView: Reach consensus,org_view=48,org_changeCycle=0,cur_changeCycle=0,to_view=49
info|2019-12-12 20:58:03.998354|[P2P][Service] heartBeat,connected count=4
warning|2019-12-12 20:58:04.243814|[SYNC][id:6f997471...][Status]Peer data not found,nodeId=6e4f3ba3...
info|2019-12-12 20:58:04.448723|[g:1][CONSENSUS]addRawPrepare,height=31,reqIdx=3,hash=2229ee69...
info|2019-12-12 20:58:04.448940|[g:1][CONSENSUS][PBFT]checkTimeout Succ,view=49,toView=50,nodeIdx=1,changeCycle=0,myNode=6f997471...,timecost=0.194
info|2019-12-12 20:58:04.452066|[g:1][CONSENSUS][PBFT]checkAndChangeView: Reach consensus,org_view=49,org_changeCycle=0,cur_changeCycle=0,to_view=50
info|2019-12-12 20:58:05.018548|[RPC][getPbftView]request,groupID=1
info|2019-12-12 20:58:05.018625|[RPC][getPendingTxSize]request,groupID=1
info|2019-12-12 20:58:05.454368|[g:1][CONSENSUS]addRawPrepare,height=31,reqIdx=0,hash=79a67759...
info|2019-12-12 20:58:05.454582|[g:1][CONSENSUS][PBFT]checkTimeout Succ,view=50,toView=51,nodeIdx=1,changeCycle=0,myNode=6f997471...,timecost=0.189
info|2019-12-12 20:58:05.457100|[g:1][CONSENSUS][PBFT]checkAndChangeView: Reach consensus,org_view=50,org_changeCycle=0,cur_changeCycle=0,to_view=51
info|2019-12-12 20:58:06.457780|[g:1][CONSENSUS][SEALER]++++++++++++++++ Generating seal on,blkNum=31,tx=0,nodeIdx=1,hash=6835589f...
info|2019-12-12 20:58:06.463803|[g:1][CONSENSUS][PBFT]checkTimeout Succ,view=51,toView=52,nodeIdx=1,changeCycle=0,myNode=6f997471...,timecost=0.194
info|2019-12-12 20:58:06.464722|[g:1][CONSENSUS][PBFT]checkAndChangeView: Reach consensus,org_view=51,org_changeCycle=0,cur_changeCycle=0,to_view=52
info|2019-12-12 20:58:07.465516|[g:1][CONSENSUS]addRawPrepare,height=31,reqIdx=2,hash=e72bebc2...
info|2019-12-12 20:58:07.465801|[g:1][CONSENSUS][PBFT]checkTimeout Succ,view=52,toView=53,nodeIdx=1,changeCycle=0,myNode=6f997471...,timecost=0.186
info|2019-12-12 20:58:07.469253|[g:1][CONSENSUS][PBFT]checkAndChangeView: Reach consensus,org_view=52,org_changeCycle=0,cur_changeCycle=0,to_view=53
info|2019-12-12 20:58:08.002802|[RPC][getBlockByNumber]request,groupID=1,blockNumber=0x1d,includeTransaction=true
info|2019-12-12 20:58:08.471260|[g:1][CONSENSUS]addRawPrepare,height=31,reqIdx=3,hash=e13c3a13...
info|2019-12-12 20:58:08.471517|[g:1][CONSENSUS][PBFT]checkTimeout Succ,view=53,toView=54,nodeIdx=1,changeCycle=0,myNode=6f997471...,timecost=0.185
info|2019-12-12 20:58:08.484023|[g:1][CONSENSUS][PBFT]checkAndChangeView: Reach consensus,org_view=53,org_changeCycle=0,cur_changeCycle=0,to_view=54
info|2019-12-12 20:58:08.567824|[RPC][getBlockByNumber]request,groupID=1,blockNumber=0x1e,includeTransaction=true
warning|2019-12-12 20:58:09.254403|[SYNC][id:6f997471...][Status]Peer data not found,nodeId=6e4f3ba3...
info|2019-12-12 20:58:09.487489|[g:1][CONSENSUS]addRawPrepare,height=31,reqIdx=0,hash=a0f88113...
info|2019-12-12 20:58:09.487716|[g:1][CONSENSUS][PBFT]checkTimeout Succ,view=54,toView=55,nodeIdx=1,changeCycle=0,myNode=6f997471...,timecost=0.198
info|2019-12-12 20:58:09.488267|[g:1][CONSENSUS][PBFT]checkAndChangeView: Reach consensus,org_view=54,org_changeCycle=0,cur_changeCycle=0,to_view=55
info|2019-12-12 20:58:10.036123|[RPC][getPbftView]request,groupID=1
info|2019-12-12 20:58:10.036203|[RPC][getPendingTxSize]request,groupID=1
info|2019-12-12 20:58:10.488569|[g:1][CONSENSUS][SEALER]++++++++++++++++ Generating seal on,blkNum=31,tx=0,nodeIdx=1,hash=5671e50b...
info|2019-12-12 20:58:10.503307|[g:1][CONSENSUS][PBFT]checkTimeout Succ,view=55,toView=56,nodeIdx=1,changeCycle=0,myNode=6f997471...,timecost=0.23
info|2019-12-12 20:58:10.504480|[g:1][CONSENSUS][PBFT]checkAndChangeView: Reach consensus,org_view=55,org_changeCycle=0,cur_changeCycle=0,to_view=56
info|2019-12-12 20:58:11.503372|[g:1][CONSENSUS]addRawPrepare,height=31,reqIdx=2,hash=b84984ed...
info|2019-12-12 20:58:11.503636|[g:1][CONSENSUS][PBFT]checkTimeout Succ,view=56,toView=57,nodeIdx=1,changeCycle=0,myNode=6f997471...,timecost=0.187
info|2019-12-12 20:58:11.507844|[g:1][CONSENSUS][PBFT]checkAndChangeView: Reach consensus,org_view=56,org_changeCycle=0,cur_changeCycle=0,to_view=57
info|2019-12-12 20:58:12.510681|[g:1][CONSENSUS]addRawPrepare,height=31,reqIdx=3,hash=1470f578...
info|2019-12-12 20:58:12.511869|[g:1][CONSENSUS][PBFT]checkTimeout Succ,view=57,toView=58,nodeIdx=1,changeCycle=0,myNode=6f997471...,timecost=1.163
info|2019-12-12 20:58:12.512401|[g:1][CONSENSUS][PBFT]checkAndChangeView: Reach consensus,org_view=57,org_changeCycle=0,cur_changeCycle=0,to_view=58
info|2019-12-12 20:58:13.521357|[g:1][CONSENSUS]addRawPrepare,height=31,reqIdx=0,hash=db9e61d0...
info|2019-12-12 20:58:13.521606|[g:1][CONSENSUS][PBFT]checkTimeout Succ,view=58,toView=59,nodeIdx=1,changeCycle=0,myNode=6f997471...,timecost=0.212
info|2019-12-12 20:58:13.525338|[g:1][CONSENSUS][PBFT]checkAndChangeView: Reach consensus,org_view=58,org_changeCycle=0,cur_changeCycle=0,to_view=59
info|2019-12-12 20:58:13.999049|[P2P][Service] heartBeat,connected count=4
warning|2019-12-12 20:58:14.262312|[SYNC][id:6f997471...][Status]Peer data not found,nodeId=6e4f3ba3...
info|2019-12-12 20:58:14.525366|[g:1][CONSENSUS][SEALER]++++++++++++++++ Generating seal on,blkNum=31,tx=0,nodeIdx=1,hash=b8454cd4...
info|2019-12-12 20:58:14.531583|[g:1][CONSENSUS][PBFT]checkTimeout Succ,view=59,toView=60,nodeIdx=1,changeCycle=0,myNode=6f997471...,timecost=0.216
info|2019-12-12 20:58:14.532383|[g:1][CONSENSUS][PBFT]checkAndChangeView: Reach consensus,org_view=59,org_changeCycle=0,cur_changeCycle=0,to_view=60
info|2019-12-12 20:58:15.012047|[RPC][getPbftView]request,groupID=1
info|2019-12-12 20:58:15.018193|[RPC][getPendingTxSize]request,groupID=1
info|2019-12-12 20:58:15.531276|[g:1][CONSENSUS]addRawPrepare,height=31,reqIdx=2,hash=f6c3f29b...
info|2019-12-12 20:58:15.531535|[g:1][CONSENSUS][PBFT]checkTimeout Succ,view=60,toView=61,nodeIdx=1,changeCycle=0,myNode=6f997471...,timecost=0.185
info|2019-12-12 20:58:15.534724|[g:1][CONSENSUS][PBFT]checkAndChangeView: Reach consensus,org_view=60,org_changeCycle=0,cur_changeCycle=0,to_view=61
info|2019-12-12 20:58:16.538471|[g:1][CONSENSUS]addRawPrepare,height=31,reqIdx=3,hash=09fe87d6...
info|2019-12-12 20:58:16.538725|[g:1][CONSENSUS][PBFT]checkTimeout Succ,view=61,toView=62,nodeIdx=1,changeCycle=0,myNode=6f997471...,timecost=0.196
info|2019-12-12 20:58:16.541647|[g:1][CONSENSUS][PBFT]checkAndChangeView: Reach consensus,org_view=61,org_changeCycle=0,cur_changeCycle=0,to_view=62
info|2019-12-12 20:58:17.544559|[g:1][CONSENSUS]addRawPrepare,height=31,reqIdx=0,hash=fa55c069...
info|2019-12-12 20:58:17.544783|[g:1][CONSENSUS][PBFT]checkTimeout Succ,view=62,toView=63,nodeIdx=1,changeCycle=0,myNode=6f997471...,timecost=0.201
info|2019-12-12 20:58:17.547886|[g:1][CONSENSUS][PBFT]checkAndChangeView: Reach consensus,org_view=62,org_changeCycle=0,cur_changeCycle=0,to_view=63
info|2019-12-12 20:58:18.547915|[g:1][CONSENSUS][SEALER]++++++++++++++++ Generating seal on,blkNum=31,tx=0,nodeIdx=1,hash=cad74af1...
info|2019-12-12 20:58:18.554760|[g:1][CONSENSUS][PBFT]checkTimeout Succ,view=63,toView=64,nodeIdx=1,changeCycle=0,myNode=6f997471...,timecost=0.195
info|2019-12-12 20:58:18.555704|[g:1][CONSENSUS][PBFT]checkAndChangeView: Reach consensus,org_view=63,org_changeCycle=0,cur_changeCycle=0,to_view=64
warning|2019-12-12 20:58:19.269218|[SYNC][id:6f997471...][Status]Peer data not found,nodeId=6e4f3ba3...
info|2019-12-12 20:58:19.553859|[g:1][CONSENSUS]addRawPrepare,height=31,reqIdx=2,hash=60ebeeb0...
info|2019-12-12 20:58:19.554167|[g:1][CONSENSUS][PBFT]checkTimeout Succ,view=64,toView=65,nodeIdx=1,changeCycle=0,myNode=6f997471...,timecost=0.221
info|2019-12-12 20:58:19.558232|[g:1][CONSENSUS][PBFT]checkAndChangeView: Reach consensus,org_view=64,org_changeCycle=0,cur_changeCycle=0,to_view=65
info|2019-12-12 20:58:20.018596|[RPC][getPbftView]request,groupID=1
info|2019-12-12 20:58:20.019497|[RPC][getPendingTxSize]request,groupID=1
info|2019-12-12 20:58:20.559764|[g:1][CONSENSUS]addRawPrepare,height=31,reqIdx=3,hash=7c3acdf8...
info|2019-12-12 20:58:20.559965|[g:1][CONSENSUS][PBFT]checkTimeout Succ,view=65,toView=66,nodeIdx=1,changeCycle=0,myNode=6f997471...,timecost=0.18
info|2019-12-12 20:58:20.562147|[g:1][CONSENSUS][PBFT]checkAndChangeView: Reach consensus,org_view=65,org_changeCycle=0,cur_changeCycle=0,to_view=66
info|2019-12-12 20:58:21.564657|[g:1][CONSENSUS]addRawPrepare,height=31,reqIdx=0,hash=1bd6155c...
info|2019-12-12 20:58:21.564883|[g:1][CONSENSUS][PBFT]checkTimeout Succ,view=66,toView=67,nodeIdx=1,changeCycle=0,myNode=6f997471...,timecost=0.2
info|2019-12-12 20:58:21.567673|[g:1][CONSENSUS][PBFT]checkAndChangeView: Reach consensus,org_view=66,org_changeCycle=0,cur_changeCycle=0,to_view=67
info|2019-12-12 20:58:22.568334|[g:1][CONSENSUS][SEALER]++++++++++++++++ Generating seal on,blkNum=31,tx=0,nodeIdx=1,hash=edb84417...
info|2019-12-12 20:58:22.574469|[g:1][CONSENSUS][PBFT]checkTimeout Succ,view=67,toView=68,nodeIdx=1,changeCycle=0,myNode=6f997471...,timecost=0.211
info|2019-12-12 20:58:22.575361|[g:1][CONSENSUS][PBFT]checkAndChangeView: Reach consensus,org_view=67,org_changeCycle=0,cur_changeCycle=0,to_view=68
info|2019-12-12 20:58:23.574709|[g:1][CONSENSUS]addRawPrepare,height=31,reqIdx=2,hash=98d26d75...
info|2019-12-12 20:58:23.575005|[g:1][CONSENSUS][PBFT]checkTimeout Succ,view=68,toView=69,nodeIdx=1,changeCycle=0,myNode=6f997471...,timecost=0.227
info|2019-12-12 20:58:23.578601|[g:1][CONSENSUS][PBFT]checkAndChangeView: Reach consensus,org_view=68,org_changeCycle=0,cur_changeCycle=0,to_view=69
info|2019-12-12 20:58:23.999183|[P2P][Service] heartBeat,connected count=4
warning|2019-12-12 20:58:24.276013|[SYNC][id:6f997471...][Status]Peer data not found,nodeId=6e4f3ba3...
info|2019-12-12 20:58:24.580323|[g:1][CONSENSUS]addRawPrepare,height=31,reqIdx=3,hash=8180fa08...
info|2019-12-12 20:58:24.580574|[g:1][CONSENSUS][PBFT]checkTimeout Succ,view=69,toView=70,nodeIdx=1,changeCycle=0,myNode=6f997471...,timecost=0.194
info|2019-12-12 20:58:24.580857|[g:1][CONSENSUS][PBFT]checkAndChangeView: Reach consensus,org_view=69,org_changeCycle=0,cur_changeCycle=0,to_view=70
info|2019-12-12 20:58:25.014049|[RPC][getPbftView]request,groupID=1
info|2019-12-12 20:58:25.017598|[RPC][getPendingTxSize]request,groupID=1
info|2019-12-12 20:58:25.587886|[g:1][CONSENSUS]addRawPrepare,height=31,reqIdx=0,hash=c60e9a39...
info|2019-12-12 20:58:25.588198|[g:1][CONSENSUS][PBFT]checkTimeout Succ,view=70,toView=71,nodeIdx=1,changeCycle=0,myNode=6f997471...,timecost=0.278
info|2019-12-12 20:58:25.589929|[g:1][CONSENSUS][PBFT]checkAndChangeView: Reach consensus,org_view=70,org_changeCycle=0,cur_changeCycle=0,to_view=71
info|2019-12-12 20:58:26.590335|[g:1][CONSENSUS][SEALER]++++++++++++++++ Generating seal on,blkNum=31,tx=0,nodeIdx=1,hash=90742102...
info|2019-12-12 20:58:26.596578|[g:1][CONSENSUS][PBFT]checkTimeout Succ,view=71,toView=72,nodeIdx=1,changeCycle=0,myNode=6f997471...,timecost=0.196
info|2019-12-12 20:58:26.597497|[g:1][CONSENSUS][PBFT]checkAndChangeView: Reach consensus,org_view=71,org_changeCycle=0,cur_changeCycle=0,to_view=72
info|2019-12-12 20:58:27.595615|[g:1][CONSENSUS]addRawPrepare,height=31,reqIdx=2,hash=f4e2bdcb...
info|2019-12-12 20:58:27.595886|[g:1][CONSENSUS][PBFT]checkTimeout Succ,view=72,toView=73,nodeIdx=1,changeCycle=0,myNode=6f997471...,timecost=0.207
info|2019-12-12 20:58:27.599008|[g:1][CONSENSUS][PBFT]checkAndChangeView: Reach consensus,org_view=72,org_changeCycle=0,cur_changeCycle=0,to_view=73
info|2019-12-12 20:58:28.602688|[g:1][CONSENSUS]addRawPrepare,height=31,reqIdx=3,hash=f89f804f...
info|2019-12-12 20:58:28.602906|[g:1][CONSENSUS][PBFT]checkTimeout Succ,view=73,toView=74,nodeIdx=1,changeCycle=0,myNode=6f997471...,timecost=0.192
info|2019-12-12 20:58:28.604689|[g:1][CONSENSUS][PBFT]checkAndChangeView: Reach consensus,org_view=73,org_changeCycle=0,cur_changeCycle=0,to_view=74
warning|2019-12-12 20:58:29.283319|[SYNC][id:6f997471...][Status]Peer data not found,nodeId=6e4f3ba3...
info|2019-12-12 20:58:29.607274|[g:1][CONSENSUS]addRawPrepare,height=31,reqIdx=0,hash=26965336...
info|2019-12-12 20:58:29.607492|[g:1][CONSENSUS][PBFT]checkTimeout Succ,view=74,toView=75,nodeIdx=1,changeCycle=0,myNode=6f997471...,timecost=0.193
info|2019-12-12 20:58:29.615416|[g:1][CONSENSUS][PBFT]checkAndChangeView: Reach consensus,org_view=74,org_changeCycle=0,cur_changeCycle=0,to_view=75
info|2019-12-12 20:58:30.012694|[RPC][getPbftView]request,groupID=1
info|2019-12-12 20:58:30.020167|[RPC][getPendingTxSize]request,groupID=1
info|2019-12-12 20:58:30.615436|[g:1][CONSENSUS][SEALER]++++++++++++++++ Generating seal on,blkNum=31,tx=0,nodeIdx=1,hash=f9b9aed7...
info|2019-12-12 20:58:30.621504|[g:1][CONSENSUS][PBFT]checkTimeout Succ,view=75,toView=76,nodeIdx=1,changeCycle=0,myNode=6f997471...,timecost=0.196
info|2019-12-12 20:58:30.622490|[g:1][CONSENSUS][PBFT]checkAndChangeView: Reach consensus,org_view=75,org_changeCycle=0,cur_changeCycle=0,to_view=76
info|2019-12-12 20:58:31.620940|[g:1][CONSENSUS]addRawPrepare,height=31,reqIdx=2,hash=574119c3...
info|2019-12-12 20:58:31.621226|[g:1][CONSENSUS][PBFT]checkTimeout Succ,view=76,toView=77,nodeIdx=1,changeCycle=0,myNode=6f997471...,timecost=0.221
info|2019-12-12 20:58:31.627606|[g:1][CONSENSUS][PBFT]checkAndChangeView: Reach consensus,org_view=76,org_changeCycle=0,cur_changeCycle=0,to_view=77
info|2019-12-12 20:58:32.624995|[g:1][CONSENSUS]addRawPrepare,height=31,reqIdx=3,hash=6f2f58f3...
info|2019-12-12 20:58:32.625216|[g:1][CONSENSUS][PBFT]checkTimeout Succ,view=77,toView=78,nodeIdx=1,changeCycle=0,myNode=6f997471...,timecost=0.197
info|2019-12-12 20:58:32.628614|[g:1][CONSENSUS][PBFT]checkAndChangeView: Reach consensus,org_view=77,org_changeCycle=0,cur_changeCycle=0,to_view=78
info|2019-12-12 20:58:33.630138|[g:1][CONSENSUS]addRawPrepare,height=31,reqIdx=0,hash=94ad7f61...
info|2019-12-12 20:58:33.632253|[g:1][CONSENSUS][PBFT]checkTimeout Succ,view=78,toView=79,nodeIdx=1,changeCycle=0,myNode=6f997471...,timecost=2.087
info|2019-12-12 20:58:33.633008|[g:1][CONSENSUS][PBFT]checkAndChangeView: Reach consensus,org_view=78,org_changeCycle=0,cur_changeCycle=0,to_view=79
info|2019-12-12 20:58:33.999275|[P2P][Service] heartBeat,connected count=4
warning|2019-12-12 20:58:34.295390|[SYNC][id:6f997471...][Status]Peer data not found,nodeId=6e4f3ba3...
info|2019-12-12 20:58:34.633590|[g:1][CONSENSUS][SEALER]++++++++++++++++ Generating seal on,blkNum=31,tx=0,nodeIdx=1,hash=aded623c...
info|2019-12-12 20:58:34.640066|[g:1][CONSENSUS][PBFT]checkTimeout Succ,view=79,toView=80,nodeIdx=1,changeCycle=0,myNode=6f997471...,timecost=0.207
info|2019-12-12 20:58:34.640981|[g:1][CONSENSUS][PBFT]checkAndChangeView: Reach consensus,org_view=79,org_changeCycle=0,cur_changeCycle=0,to_view=80
info|2019-12-12 20:58:35.008317|[RPC][getPbftView]request,groupID=1
info|2019-12-12 20:58:35.018777|[RPC][getPendingTxSize]request,groupID=1
info|2019-12-12 20:58:35.638568|[g:1][CONSENSUS]addRawPrepare,height=31,reqIdx=2,hash=679fab5c...
info|2019-12-12 20:58:35.639001|[g:1][CONSENSUS][PBFT]checkTimeout Succ,view=80,toView=81,nodeIdx=1,changeCycle=0,myNode=6f997471...,timecost=0.314
info|2019-12-12 20:58:35.644045|[g:1][CONSENSUS][PBFT]checkAndChangeView: Reach consensus,org_view=80,org_changeCycle=0,cur_changeCycle=0,to_view=81
info|2019-12-12 20:58:35.757701|[RPC][getTransactionByHash]request,groupID=1,transactionHash=0x0ec5932b5391675c87ab7f07e98d8db72986a05b007c4345d41417284a050a9f
info|2019-12-12 20:58:36.036899|[RPC][getTransactionByBlockHashAndIndex]request,groupID=1,transactionHash=0x0ec5932b5391675c87ab7f07e98d8db72986a05b007c4345d41417284a050a9f
info|2019-12-12 20:58:36.165586|[RPC][getCode]request,groupID=1,address=0x11b6d7495f2f04bdca45e9685ceadea4d4bd1832
info|2019-12-12 20:58:36.538377|[RPC][getTransactionByHash]request,groupID=1,transactionHash=0xb73e5b39fc59b5726c8f9b9c1c31bbdf51ea54b8b5f93f04c23d899da8bca928
info|2019-12-12 20:58:36.579034|[RPC][getTransactionByBlockHashAndIndex]request,groupID=1,transactionHash=0xb73e5b39fc59b5726c8f9b9c1c31bbdf51ea54b8b5f93f04c23d899da8bca928
info|2019-12-12 20:58:36.615957|[RPC][getCode]request,groupID=1,address=0x861b700f6a86baa8d31d61518149add8e62d770a
info|2019-12-12 20:58:36.646906|[g:1][CONSENSUS]addRawPrepare,height=31,reqIdx=3,hash=fdf28ab6...
info|2019-12-12 20:58:36.647156|[g:1][CONSENSUS][PBFT]checkTimeout Succ,view=81,toView=82,nodeIdx=1,changeCycle=0,myNode=6f997471...,timecost=0.184
info|2019-12-12 20:58:36.651237|[g:1][CONSENSUS][PBFT]checkAndChangeView: Reach consensus,org_view=81,org_changeCycle=0,cur_changeCycle=0,to_view=82
info|2019-12-12 20:58:37.653414|[g:1][CONSENSUS]addRawPrepare,height=31,reqIdx=0,hash=05a1e894...
info|2019-12-12 20:58:37.653647|[g:1][CONSENSUS][PBFT]checkTimeout Succ,view=82,toView=83,nodeIdx=1,changeCycle=0,myNode=6f997471...,timecost=0.209
info|2019-12-12 20:58:37.658077|[g:1][CONSENSUS][PBFT]checkAndChangeView: Reach consensus,org_view=82,org_changeCycle=0,cur_changeCycle=0,to_view=83
info|2019-12-12 20:58:38.658584|[g:1][CONSENSUS][SEALER]++++++++++++++++ Generating seal on,blkNum=31,tx=0,nodeIdx=1,hash=576d7e1e...
info|2019-12-12 20:58:38.664828|[g:1][CONSENSUS][PBFT]checkTimeout Succ,view=83,toView=84,nodeIdx=1,changeCycle=0,myNode=6f997471...,timecost=0.201
info|2019-12-12 20:58:38.665797|[g:1][CONSENSUS][PBFT]checkAndChangeView: Reach consensus,org_view=83,org_changeCycle=0,cur_changeCycle=0,to_view=84
warning|2019-12-12 20:58:39.311331|[SYNC][id:6f997471...][Status]Peer data not found,nodeId=6e4f3ba3...
info|2019-12-12 20:58:39.664590|[g:1][CONSENSUS]addRawPrepare,height=31,reqIdx=2,hash=eddaebdc...
info|2019-12-12 20:58:39.664845|[g:1][CONSENSUS][PBFT]checkTimeout Succ,view=84,toView=85,nodeIdx=1,changeCycle=0,myNode=6f997471...,timecost=0.187
info|2019-12-12 20:58:39.669113|[g:1][CONSENSUS][PBFT]checkAndChangeView: Reach consensus,org_view=84,org_changeCycle=0,cur_changeCycle=0,to_view=85
info|2019-12-12 20:58:40.040795|[RPC][getPbftView]request,groupID=1
info|2019-12-12 20:58:40.042285|[RPC][getPendingTxSize]request,groupID=1
info|2019-12-12 20:58:40.670442|[g:1][CONSENSUS]addRawPrepare,height=31,reqIdx=3,hash=b0102812...
info|2019-12-12 20:58:40.670648|[g:1][CONSENSUS][PBFT]checkTimeout Succ,view=85,toView=86,nodeIdx=1,changeCycle=0,myNode=6f997471...,timecost=0.184
info|2019-12-12 20:58:40.672620|[g:1][CONSENSUS][PBFT]checkAndChangeView: Reach consensus,org_view=85,org_changeCycle=0,cur_changeCycle=0,to_view=86
info|2019-12-12 20:58:41.675472|[g:1][CONSENSUS]addRawPrepare,height=31,reqIdx=0,hash=f0d68018...
info|2019-12-12 20:58:41.675689|[g:1][CONSENSUS][PBFT]checkTimeout Succ,view=86,toView=87,nodeIdx=1,changeCycle=0,myNode=6f997471...,timecost=0.19
info|2019-12-12 20:58:41.683475|[g:1][CONSENSUS][PBFT]checkAndChangeView: Reach consensus,org_view=86,org_changeCycle=0,cur_changeCycle=0,to_view=87
info|2019-12-12 20:58:42.684951|[g:1][CONSENSUS][SEALER]++++++++++++++++ Generating seal on,blkNum=31,tx=0,nodeIdx=1,hash=25b5994d...
info|2019-12-12 20:58:42.691232|[g:1][CONSENSUS][PBFT]checkTimeout Succ,view=87,toView=88,nodeIdx=1,changeCycle=0,myNode=6f997471...,timecost=0.224
info|2019-12-12 20:58:42.692167|[g:1][CONSENSUS][PBFT]checkAndChangeView: Reach consensus,org_view=87,org_changeCycle=0,cur_changeCycle=0,to_view=88
info|2019-12-12 20:58:43.692148|[g:1][CONSENSUS]addRawPrepare,height=31,reqIdx=2,hash=8b66dbb4...
info|2019-12-12 20:58:43.692419|[g:1][CONSENSUS][PBFT]checkTimeout Succ,view=88,toView=89,nodeIdx=1,changeCycle=0,myNode=6f997471...,timecost=0.2
info|2019-12-12 20:58:43.696856|[g:1][CONSENSUS][PBFT]checkAndChangeView: Reach consensus,org_view=88,org_changeCycle=0,cur_changeCycle=0,to_view=89
info|2019-12-12 20:58:43.999648|[P2P][Service] heartBeat,connected count=4
warning|2019-12-12 20:58:44.317928|[SYNC][id:6f997471...][Status]Peer data not found,nodeId=6e4f3ba3...
info|2019-12-12 20:58:44.699006|[g:1][CONSENSUS]addRawPrepare,height=31,reqIdx=3,hash=46149062...
info|2019-12-12 20:58:44.700333|[g:1][CONSENSUS][PBFT]checkTimeout Succ,view=89,toView=90,nodeIdx=1,changeCycle=0,myNode=6f997471...,timecost=1.3
info|2019-12-12 20:58:44.700871|[g:1][CONSENSUS][PBFT]checkAndChangeView: Reach consensus,org_view=89,org_changeCycle=0,cur_changeCycle=0,to_view=90
info|2019-12-12 20:58:45.014765|[RPC][getPbftView]request,groupID=1
info|2019-12-12 20:58:45.017673|[RPC][getPendingTxSize]request,groupID=1
info|2019-12-12 20:58:45.705805|[g:1][CONSENSUS]addRawPrepare,height=31,reqIdx=0,hash=6f5e29ae...
info|2019-12-12 20:58:45.706015|[g:1][CONSENSUS][PBFT]checkTimeout Succ,view=90,toView=91,nodeIdx=1,changeCycle=0,myNode=6f997471...,timecost=0.189
info|2019-12-12 20:58:45.707448|[g:1][CONSENSUS][PBFT]checkAndChangeView: Reach consensus,org_view=90,org_changeCycle=0,cur_changeCycle=0,to_view=91
info|2019-12-12 20:58:46.707568|[g:1][CONSENSUS][SEALER]++++++++++++++++ Generating seal on,blkNum=31,tx=0,nodeIdx=1,hash=077351db...
info|2019-12-12 20:58:46.713698|[g:1][CONSENSUS][PBFT]checkTimeout Succ,view=91,toView=92,nodeIdx=1,changeCycle=0,myNode=6f997471...,timecost=0.22
info|2019-12-12 20:58:46.714655|[g:1][CONSENSUS][PBFT]checkAndChangeView: Reach consensus,org_view=91,org_changeCycle=0,cur_changeCycle=0,to_view=92
info|2019-12-12 20:58:47.714154|[g:1][CONSENSUS]addRawPrepare,height=31,reqIdx=2,hash=67c0f979...
info|2019-12-12 20:58:47.716872|[g:1][CONSENSUS][PBFT]checkTimeout Succ,view=92,toView=93,nodeIdx=1,changeCycle=0,myNode=6f997471...,timecost=2.623
info|2019-12-12 20:58:47.717714|[g:1][CONSENSUS][PBFT]checkAndChangeView: Reach consensus,org_view=92,org_changeCycle=0,cur_changeCycle=0,to_view=93
info|2019-12-12 20:58:48.721118|[g:1][CONSENSUS]addRawPrepare,height=31,reqIdx=3,hash=a9c2aaae...
info|2019-12-12 20:58:48.721332|[g:1][CONSENSUS][PBFT]checkTimeout Succ,view=93,toView=94,nodeIdx=1,changeCycle=0,myNode=6f997471...,timecost=0.189
info|2019-12-12 20:58:48.723176|[g:1][CONSENSUS][PBFT]checkAndChangeView: Reach consensus,org_view=93,org_changeCycle=0,cur_changeCycle=0,to_view=94
warning|2019-12-12 20:58:49.326029|[SYNC][id:6f997471...][Status]Peer data not found,nodeId=6e4f3ba3...
info|2019-12-12 20:58:49.733710|[g:1][CONSENSUS]addRawPrepare,height=31,reqIdx=0,hash=fc2105ce...
info|2019-12-12 20:58:49.734118|[g:1][CONSENSUS][PBFT]checkTimeout Succ,view=94,toView=95,nodeIdx=1,changeCycle=0,myNode=6f997471...,timecost=0.362
info|2019-12-12 20:58:49.743130|[g:1][CONSENSUS][PBFT]checkAndChangeView: Reach consensus,org_view=94,org_changeCycle=0,cur_changeCycle=0,to_view=95
info|2019-12-12 20:58:50.008389|[RPC][getPbftView]request,groupID=1
info|2019-12-12 20:58:50.012412|[RPC][getPendingTxSize]request,groupID=1
info|2019-12-12 20:58:50.746177|[g:1][CONSENSUS][SEALER]++++++++++++++++ Generating seal on,blkNum=31,tx=0,nodeIdx=1,hash=e6628c41...
info|2019-12-12 20:58:50.756575|[g:1][CONSENSUS][PBFT]checkTimeout Succ,view=95,toView=96,nodeIdx=1,changeCycle=0,myNode=6f997471...,timecost=0.184
info|2019-12-12 20:58:50.757359|[g:1][CONSENSUS][PBFT]checkAndChangeView: Reach consensus,org_view=95,org_changeCycle=0,cur_changeCycle=0,to_view=96
info|2019-12-12 20:58:51.755570|[g:1][CONSENSUS]addRawPrepare,height=31,reqIdx=2,hash=3f6de74b...
info|2019-12-12 20:58:51.755896|[g:1][CONSENSUS][PBFT]checkTimeout Succ,view=96,toView=97,nodeIdx=1,changeCycle=0,myNode=6f997471...,timecost=0.186
info|2019-12-12 20:58:51.761301|[g:1][CONSENSUS][PBFT]checkAndChangeView: Reach consensus,org_view=96,org_changeCycle=0,cur_changeCycle=0,to_view=97
info|2019-12-12 20:58:52.764977|[g:1][CONSENSUS]addRawPrepare,height=31,reqIdx=3,hash=86f3e639...
info|2019-12-12 20:58:52.765180|[g:1][CONSENSUS][PBFT]checkTimeout Succ,view=97,toView=98,nodeIdx=1,changeCycle=0,myNode=6f997471...,timecost=0.181
info|2019-12-12 20:58:52.767102|[g:1][CONSENSUS][PBFT]checkAndChangeView: Reach consensus,org_view=97,org_changeCycle=0,cur_changeCycle=0,to_view=98
info|2019-12-12 20:58:53.770714|[g:1][CONSENSUS]addRawPrepare,height=31,reqIdx=0,hash=3a66251e...
info|2019-12-12 20:58:53.770945|[g:1][CONSENSUS][PBFT]checkTimeout Succ,view=98,toView=99,nodeIdx=1,changeCycle=0,myNode=6f997471...,timecost=0.207
info|2019-12-12 20:58:53.773463|[g:1][CONSENSUS][PBFT]checkAndChangeView: Reach consensus,org_view=98,org_changeCycle=0,cur_changeCycle=0,to_view=99
info|2019-12-12 20:58:53.999703|[P2P][Service] heartBeat,connected count=4
warning|2019-12-12 20:58:54.332848|[SYNC][id:6f997471...][Status]Peer data not found,nodeId=6e4f3ba3...
info|2019-12-12 20:58:54.776346|[g:1][CONSENSUS][SEALER]++++++++++++++++ Generating seal on,blkNum=31,tx=0,nodeIdx=1,hash=39dc78b5...
info|2019-12-12 20:58:54.783209|[g:1][CONSENSUS][PBFT]checkTimeout Succ,view=99,toView=100,nodeIdx=1,changeCycle=0,myNode=6f997471...,timecost=0.197
info|2019-12-12 20:58:54.784076|[g:1][CONSENSUS][PBFT]checkAndChangeView: Reach consensus,org_view=99,org_changeCycle=0,cur_changeCycle=0,to_view=100
info|2019-12-12 20:58:55.016122|[RPC][getPbftView]request,groupID=1
info|2019-12-12 20:58:55.026534|[RPC][getPendingTxSize]request,groupID=1
info|2019-12-12 20:58:55.783683|[g:1][CONSENSUS]addRawPrepare,height=31,reqIdx=2,hash=caace415...
info|2019-12-12 20:58:55.783940|[g:1][CONSENSUS][PBFT]checkTimeout Succ,view=100,toView=101,nodeIdx=1,changeCycle=0,myNode=6f997471...,timecost=0.185
info|2019-12-12 20:58:55.787504|[g:1][CONSENSUS][PBFT]checkAndChangeView: Reach consensus,org_view=100,org_changeCycle=0,cur_changeCycle=0,to_view=101
info|2019-12-12 20:58:56.789710|[g:1][CONSENSUS]addRawPrepare,height=31,reqIdx=3,hash=9a695bdd...
info|2019-12-12 20:58:56.789941|[g:1][CONSENSUS][PBFT]checkTimeout Succ,view=101,toView=102,nodeIdx=1,changeCycle=0,myNode=6f997471...,timecost=0.206
info|2019-12-12 20:58:56.792022|[g:1][CONSENSUS][PBFT]checkAndChangeView: Reach consensus,org_view=101,org_changeCycle=0,cur_changeCycle=0,to_view=102
info|2019-12-12 20:58:57.796008|[g:1][CONSENSUS]addRawPrepare,height=31,reqIdx=0,hash=1f5bbc66...
info|2019-12-12 20:58:57.796215|[g:1][CONSENSUS][PBFT]checkTimeout Succ,view=102,toView=103,nodeIdx=1,changeCycle=0,myNode=6f997471...,timecost=0.183
info|2019-12-12 20:58:57.797795|[g:1][CONSENSUS][PBFT]checkAndChangeView: Reach consensus,org_view=102,org_changeCycle=0,cur_changeCycle=0,to_view=103
info|2019-12-12 20:58:58.799038|[g:1][CONSENSUS][SEALER]++++++++++++++++ Generating seal on,blkNum=31,tx=0,nodeIdx=1,hash=58abb224...
info|2019-12-12 20:58:58.805821|[g:1][CONSENSUS][PBFT]checkTimeout Succ,view=103,toView=104,nodeIdx=1,changeCycle=0,myNode=6f997471...,timecost=0.196
info|2019-12-12 20:58:58.806816|[g:1][CONSENSUS][PBFT]checkAndChangeView: Reach consensus,org_view=103,org_changeCycle=0,cur_changeCycle=0,to_view=104
warning|2019-12-12 20:58:59.344903|[SYNC][id:6f997471...][Status]Peer data not found,nodeId=6e4f3ba3...
info|2019-12-12 20:58:59.804973|[g:1][CONSENSUS]addRawPrepare,height=31,reqIdx=2,hash=f7422c25...
info|2019-12-12 20:58:59.805233|[g:1][CONSENSUS][PBFT]checkTimeout Succ,view=104,toView=105,nodeIdx=1,changeCycle=0,myNode=6f997471...,timecost=0.183
info|2019-12-12 20:58:59.809472|[g:1][CONSENSUS][PBFT]checkAndChangeView: Reach consensus,org_view=104,org_changeCycle=0,cur_changeCycle=0,to_view=105
info|2019-12-12 20:59:00.032997|[RPC][getPbftView]request,groupID=1
info|2019-12-12 20:59:00.059945|[RPC][getSealerList]request,groupID=1
info|2019-12-12 20:59:00.086000|[RPC][getPendingTxSize]request,groupID=1
info|2019-12-12 20:59:00.151866|[RPC][getSealerList]request,groupID=1
info|2019-12-12 20:59:00.811317|[g:1][CONSENSUS]addRawPrepare,height=31,reqIdx=3,hash=4a97351e...
info|2019-12-12 20:59:00.811533|[g:1][CONSENSUS][PBFT]checkTimeout Succ,view=105,toView=106,nodeIdx=1,changeCycle=0,myNode=6f997471...,timecost=0.194
info|2019-12-12 20:59:00.814406|[g:1][CONSENSUS][PBFT]checkAndChangeView: Reach consensus,org_view=105,org_changeCycle=0,cur_changeCycle=0,to_view=106
info|2019-12-12 20:59:01.817766|[g:1][CONSENSUS]addRawPrepare,height=31,reqIdx=0,hash=4b5060fc...
info|2019-12-12 20:59:01.817970|[g:1][CONSENSUS][PBFT]checkTimeout Succ,view=106,toView=107,nodeIdx=1,changeCycle=0,myNode=6f997471...,timecost=0.183
info|2019-12-12 20:59:01.819317|[g:1][CONSENSUS][PBFT]checkAndChangeView: Reach consensus,org_view=106,org_changeCycle=0,cur_changeCycle=0,to_view=107
info|2019-12-12 20:59:02.820174|[g:1][CONSENSUS][SEALER]++++++++++++++++ Generating seal on,blkNum=31,tx=0,nodeIdx=1,hash=a5c38e5e...
info|2019-12-12 20:59:02.828586|[g:1][CONSENSUS][PBFT]checkTimeout Succ,view=107,toView=108,nodeIdx=1,changeCycle=0,myNode=6f997471...,timecost=0.242
info|2019-12-12 20:59:02.829744|[g:1][CONSENSUS][PBFT]checkAndChangeView: Reach consensus,org_view=107,org_changeCycle=0,cur_changeCycle=0,to_view=108
info|2019-12-12 20:59:03.828246|[g:1][CONSENSUS]addRawPrepare,height=31,reqIdx=2,hash=d7449ad1...
info|2019-12-12 20:59:03.828573|[g:1][CONSENSUS][PBFT]checkTimeout Succ,view=108,toView=109,nodeIdx=1,changeCycle=0,myNode=6f997471...,timecost=0.211
info|2019-12-12 20:59:03.832198|[g:1][CONSENSUS][PBFT]checkAndChangeView: Reach consensus,org_view=108,org_changeCycle=0,cur_changeCycle=0,to_view=109
info|2019-12-12 20:59:03.999774|[P2P][Service] heartBeat,connected count=4
warning|2019-12-12 20:59:04.354897|[SYNC][id:6f997471...][Status]Peer data not found,nodeId=6e4f3ba3...
info|2019-12-12 20:59:04.835532|[g:1][CONSENSUS]addRawPrepare,height=31,reqIdx=3,hash=8be9df1a...
info|2019-12-12 20:59:04.835780|[g:1][CONSENSUS][PBFT]checkTimeout Succ,view=109,toView=110,nodeIdx=1,changeCycle=0,myNode=6f997471...,timecost=0.199
info|2019-12-12 20:59:04.838953|[g:1][CONSENSUS][PBFT]checkAndChangeView: Reach consensus,org_view=109,org_changeCycle=0,cur_changeCycle=0,to_view=110
info|2019-12-12 20:59:05.039165|[RPC][getPbftView]request,groupID=1
info|2019-12-12 20:59:05.043921|[RPC][getPendingTxSize]request,groupID=1
info|2019-12-12 20:59:05.842964|[g:1][CONSENSUS]addRawPrepare,height=31,reqIdx=0,hash=c3b5af0a...
info|2019-12-12 20:59:05.843166|[g:1][CONSENSUS][PBFT]checkTimeout Succ,view=110,toView=111,nodeIdx=1,changeCycle=0,myNode=6f997471...,timecost=0.179
info|2019-12-12 20:59:05.844396|[g:1][CONSENSUS][PBFT]checkAndChangeView: Reach consensus,org_view=110,org_changeCycle=0,cur_changeCycle=0,to_view=111
info|2019-12-12 20:59:06.844247|[g:1][CONSENSUS][SEALER]++++++++++++++++ Generating seal on,blkNum=31,tx=0,nodeIdx=1,hash=4f9cfbdf...
info|2019-12-12 20:59:06.850172|[g:1][CONSENSUS][PBFT]checkTimeout Succ,view=111,toView=112,nodeIdx=1,changeCycle=0,myNode=6f997471...,timecost=0.222
info|2019-12-12 20:59:06.851137|[g:1][CONSENSUS][PBFT]checkAndChangeView: Reach consensus,org_view=111,org_changeCycle=0,cur_changeCycle=0,to_view=112
info|2019-12-12 20:59:07.848872|[g:1][CONSENSUS]addRawPrepare,height=31,reqIdx=2,hash=e4d9812d...
info|2019-12-12 20:59:07.849129|[g:1][CONSENSUS][PBFT]checkTimeout Succ,view=112,toView=113,nodeIdx=1,changeCycle=0,myNode=6f997471...,timecost=0.186
info|2019-12-12 20:59:07.852170|[g:1][CONSENSUS][PBFT]checkAndChangeView: Reach consensus,org_view=112,org_changeCycle=0,cur_changeCycle=0,to_view=113
info|2019-12-12 20:59:08.860684|[g:1][CONSENSUS]addRawPrepare,height=31,reqIdx=3,hash=1e4eefd4...
info|2019-12-12 20:59:08.866804|[g:1][CONSENSUS][PBFT]checkTimeout Succ,view=113,toView=114,nodeIdx=1,changeCycle=0,myNode=6f997471...,timecost=6.079
info|2019-12-12 20:59:08.869095|[g:1][CONSENSUS][PBFT]checkAndChangeView: Reach consensus,org_view=113,org_changeCycle=0,cur_changeCycle=0,to_view=114
warning|2019-12-12 20:59:09.363856|[SYNC][id:6f997471...][Status]Peer data not found,nodeId=6e4f3ba3...
info|2019-12-12 20:59:09.873500|[g:1][CONSENSUS]addRawPrepare,height=31,reqIdx=0,hash=8b99e0d8...
info|2019-12-12 20:59:09.873731|[g:1][CONSENSUS][PBFT]checkTimeout Succ,view=114,toView=115,nodeIdx=1,changeCycle=0,myNode=6f997471...,timecost=0.209
info|2019-12-12 20:59:09.875602|[g:1][CONSENSUS][PBFT]checkAndChangeView: Reach consensus,org_view=114,org_changeCycle=0,cur_changeCycle=0,to_view=115
info|2019-12-12 20:59:10.008639|[RPC][getPbftView]request,groupID=1
info|2019-12-12 20:59:10.013864|[RPC][getPendingTxSize]request,groupID=1
info|2019-12-12 20:59:10.875545|[g:1][CONSENSUS][SEALER]++++++++++++++++ Generating seal on,blkNum=31,tx=0,nodeIdx=1,hash=1561d9a9...
info|2019-12-12 20:59:10.891263|[g:1][CONSENSUS][PBFT]checkTimeout Succ,view=115,toView=116,nodeIdx=1,changeCycle=0,myNode=6f997471...,timecost=0.242
info|2019-12-12 20:59:10.892879|[g:1][CONSENSUS][PBFT]checkAndChangeView: Reach consensus,org_view=115,org_changeCycle=0,cur_changeCycle=0,to_view=116
info|2019-12-12 20:59:11.890438|[g:1][CONSENSUS]addRawPrepare,height=31,reqIdx=2,hash=f492fbc6...
info|2019-12-12 20:59:11.890859|[g:1][CONSENSUS][PBFT]checkTimeout Succ,view=116,toView=117,nodeIdx=1,changeCycle=0,myNode=6f997471...,timecost=0.321
info|2019-12-12 20:59:11.894930|[g:1][CONSENSUS][PBFT]checkAndChangeView: Reach consensus,org_view=116,org_changeCycle=0,cur_changeCycle=0,to_view=117
info|2019-12-12 20:59:12.899856|[g:1][CONSENSUS]addRawPrepare,height=31,reqIdx=3,hash=72a341e7...
info|2019-12-12 20:59:12.900060|[g:1][CONSENSUS][PBFT]checkTimeout Succ,view=117,toView=118,nodeIdx=1,changeCycle=0,myNode=6f997471...,timecost=0.18
info|2019-12-12 20:59:12.902667|[g:1][CONSENSUS][PBFT]checkAndChangeView: Reach consensus,org_view=117,org_changeCycle=0,cur_changeCycle=0,to_view=118
info|2019-12-12 20:59:13.905184|[g:1][CONSENSUS]addRawPrepare,height=31,reqIdx=0,hash=d9853419...
info|2019-12-12 20:59:13.905432|[g:1][CONSENSUS][PBFT]checkTimeout Succ,view=118,toView=119,nodeIdx=1,changeCycle=0,myNode=6f997471...,timecost=0.225
info|2019-12-12 20:59:13.907030|[g:1][CONSENSUS][PBFT]checkAndChangeView: Reach consensus,org_view=118,org_changeCycle=0,cur_changeCycle=0,to_view=119
info|2019-12-12 20:59:13.999834|[P2P][Service] heartBeat,connected count=4
warning|2019-12-12 20:59:14.371544|[SYNC][id:6f997471...][Status]Peer data not found,nodeId=6e4f3ba3...
info|2019-12-12 20:59:14.907838|[g:1][CONSENSUS][SEALER]++++++++++++++++ Generating seal on,blkNum=31,tx=0,nodeIdx=1,hash=2a61b2e5...
info|2019-12-12 20:59:14.914759|[g:1][CONSENSUS][PBFT]checkTimeout Succ,view=119,toView=120,nodeIdx=1,changeCycle=0,myNode=6f997471...,timecost=0.198
info|2019-12-12 20:59:14.915682|[g:1][CONSENSUS][PBFT]checkAndChangeView: Reach consensus,org_view=119,org_changeCycle=0,cur_changeCycle=0,to_view=120
info|2019-12-12 20:59:15.011178|[RPC][getPbftView]request,groupID=1
info|2019-12-12 20:59:15.021855|[RPC][getPendingTxSize]request,groupID=1
info|2019-12-12 20:59:15.914236|[g:1][CONSENSUS]addRawPrepare,height=31,reqIdx=2,hash=12ef47bb...
info|2019-12-12 20:59:15.914542|[g:1][CONSENSUS][PBFT]checkTimeout Succ,view=120,toView=121,nodeIdx=1,changeCycle=0,myNode=6f997471...,timecost=0.234
info|2019-12-12 20:59:15.917670|[g:1][CONSENSUS][PBFT]checkAndChangeView: Reach consensus,org_view=120,org_changeCycle=0,cur_changeCycle=0,to_view=121
info|2019-12-12 20:59:16.928272|[g:1][CONSENSUS]addRawPrepare,height=31,reqIdx=3,hash=a99a166a...
info|2019-12-12 20:59:16.928519|[g:1][CONSENSUS][PBFT]checkTimeout Succ,view=121,toView=122,nodeIdx=1,changeCycle=0,myNode=6f997471...,timecost=0.221
info|2019-12-12 20:59:16.930199|[g:1][CONSENSUS][PBFT]checkAndChangeView: Reach consensus,org_view=121,org_changeCycle=0,cur_changeCycle=0,to_view=122
info|2019-12-12 20:59:17.933558|[g:1][CONSENSUS]addRawPrepare,height=31,reqIdx=0,hash=26b26367...
info|2019-12-12 20:59:17.933779|[g:1][CONSENSUS][PBFT]checkTimeout Succ,view=122,toView=123,nodeIdx=1,changeCycle=0,myNode=6f997471...,timecost=0.198
info|2019-12-12 20:59:17.936637|[g:1][CONSENSUS][PBFT]checkAndChangeView: Reach consensus,org_view=122,org_changeCycle=0,cur_changeCycle=0,to_view=123
info|2019-12-12 20:59:18.936876|[g:1][CONSENSUS][SEALER]++++++++++++++++ Generating seal on,blkNum=31,tx=0,nodeIdx=1,hash=ce6035b0...
info|2019-12-12 20:59:18.943273|[g:1][CONSENSUS][PBFT]checkTimeout Succ,view=123,toView=124,nodeIdx=1,changeCycle=0,myNode=6f997471...,timecost=0.218
info|2019-12-12 20:59:18.944151|[g:1][CONSENSUS][PBFT]checkAndChangeView: Reach consensus,org_view=123,org_changeCycle=0,cur_changeCycle=0,to_view=124
warning|2019-12-12 20:59:19.377678|[SYNC][id:6f997471...][Status]Peer data not found,nodeId=6e4f3ba3...
info|2019-12-12 20:59:19.943323|[g:1][CONSENSUS]addRawPrepare,height=31,reqIdx=2,hash=e18b2625...
info|2019-12-12 20:59:19.943575|[g:1][CONSENSUS][PBFT]checkTimeout Succ,view=124,toView=125,nodeIdx=1,changeCycle=0,myNode=6f997471...,timecost=0.182
info|2019-12-12 20:59:19.947266|[g:1][CONSENSUS][PBFT]checkAndChangeView: Reach consensus,org_view=124,org_changeCycle=0,cur_changeCycle=0,to_view=125
info|2019-12-12 20:59:20.007996|[RPC][getPbftView]request,groupID=1
info|2019-12-12 20:59:20.012316|[RPC][getPendingTxSize]request,groupID=1
info|2019-12-12 20:59:20.951071|[g:1][CONSENSUS]addRawPrepare,height=31,reqIdx=3,hash=b550c0ed...
info|2019-12-12 20:59:20.951478|[g:1][CONSENSUS][PBFT]checkTimeout Succ,view=125,toView=126,nodeIdx=1,changeCycle=0,myNode=6f997471...,timecost=0.367
info|2019-12-12 20:59:20.955627|[g:1][CONSENSUS][PBFT]checkAndChangeView: Reach consensus,org_view=125,org_changeCycle=0,cur_changeCycle=0,to_view=126
info|2019-12-12 20:59:21.958808|[g:1][CONSENSUS]addRawPrepare,height=31,reqIdx=0,hash=49c48551...
info|2019-12-12 20:59:21.959094|[g:1][CONSENSUS][PBFT]checkTimeout Succ,view=126,toView=127,nodeIdx=1,changeCycle=0,myNode=6f997471...,timecost=0.202
info|2019-12-12 20:59:21.962016|[g:1][CONSENSUS][PBFT]checkAndChangeView: Reach consensus,org_view=126,org_changeCycle=0,cur_changeCycle=0,to_view=127
info|2019-12-12 20:59:22.962851|[g:1][CONSENSUS][SEALER]++++++++++++++++ Generating seal on,blkNum=31,tx=0,nodeIdx=1,hash=dda591ed...
info|2019-12-12 20:59:22.971250|[g:1][CONSENSUS][PBFT]checkTimeout Succ,view=127,toView=128,nodeIdx=1,changeCycle=0,myNode=6f997471...,timecost=0.205
info|2019-12-12 20:59:22.972208|[g:1][CONSENSUS][PBFT]checkAndChangeView: Reach consensus,org_view=127,org_changeCycle=0,cur_changeCycle=0,to_view=128
info|2019-12-12 20:59:23.971160|[g:1][CONSENSUS]addRawPrepare,height=31,reqIdx=2,hash=bc81c3a2...
info|2019-12-12 20:59:23.971449|[g:1][CONSENSUS][PBFT]checkTimeout Succ,view=128,toView=129,nodeIdx=1,changeCycle=0,myNode=6f997471...,timecost=0.222
info|2019-12-12 20:59:23.974993|[g:1][CONSENSUS][PBFT]checkAndChangeView: Reach consensus,org_view=128,org_changeCycle=0,cur_changeCycle=0,to_view=129
info|2019-12-12 20:59:24.000032|[P2P][Service] heartBeat,connected count=4
warning|2019-12-12 20:59:24.384497|[SYNC][id:6f997471...][Status]Peer data not found,nodeId=6e4f3ba3...
info|2019-12-12 20:59:24.979861|[g:1][CONSENSUS][PBFT]Trigger fast-viewchange,view=129,toView=129,minView=130,INFO=,reqNum=30,curNum=30,GenIdx=2,Cview=130,view=129,fromIdx=2,fromNode=7977f137...,fromIp=127.0.0.1:30302,hash=64f42bb3...,nodeIdx=1,myNode=6f997471...
info|2019-12-12 20:59:24.980095|[g:1][CONSENSUS][PBFT]checkAndChangeView: Reach consensus,org_view=129,org_changeCycle=0,cur_changeCycle=0,to_view=130
info|2019-12-12 20:59:24.980102|[g:1][CONSENSUS][PBFT]checkTimeout Succ,view=130,toView=130,nodeIdx=1,changeCycle=0,myNode=6f997471...,timecost=0.2
info|2019-12-12 20:59:25.003252|[RPC][getPbftView]request,groupID=1
info|2019-12-12 20:59:25.003318|[RPC][getPendingTxSize]request,groupID=1
info|2019-12-12 20:59:25.985835|[g:1][CONSENSUS][PBFT]Trigger fast-viewchange,view=130,toView=130,minView=131,INFO=,reqNum=30,curNum=30,GenIdx=2,Cview=131,view=130,fromIdx=2,fromNode=7977f137...,fromIp=127.0.0.1:30302,hash=64f42bb3...,nodeIdx=1,myNode=6f997471...
info|2019-12-12 20:59:25.986053|[g:1][CONSENSUS][PBFT]checkAndChangeView: Reach consensus,org_view=130,org_changeCycle=0,cur_changeCycle=0,to_view=131
info|2019-12-12 20:59:25.986060|[g:1][CONSENSUS][PBFT]checkTimeout Succ,view=131,toView=131,nodeIdx=1,changeCycle=0,myNode=6f997471...,timecost=0.187
info|2019-12-12 20:59:26.987487|[g:1][CONSENSUS][SEALER]++++++++++++++++ Generating seal on,blkNum=31,tx=0,nodeIdx=1,hash=a03d80da...
info|2019-12-12 20:59:26.993542|[g:1][CONSENSUS][PBFT]checkTimeout Succ,view=131,toView=132,nodeIdx=1,changeCycle=0,myNode=6f997471...,timecost=0.238
info|2019-12-12 20:59:26.994484|[g:1][CONSENSUS][PBFT]checkAndChangeView: Reach consensus,org_view=131,org_changeCycle=0,cur_changeCycle=0,to_view=132
info|2019-12-12 20:59:27.992045|[g:1][CONSENSUS]addRawPrepare,height=31,reqIdx=2,hash=bc48f89a...
info|2019-12-12 20:59:27.992329|[g:1][CONSENSUS][PBFT]checkTimeout Succ,view=132,toView=133,nodeIdx=1,changeCycle=0,myNode=6f997471...,timecost=0.203
info|2019-12-12 20:59:27.995419|[g:1][CONSENSUS][PBFT]checkAndChangeView: Reach consensus,org_view=132,org_changeCycle=0,cur_changeCycle=0,to_view=133
info|2019-12-12 20:59:28.998002|[g:1][CONSENSUS]addRawPrepare,height=31,reqIdx=3,hash=6d780851...
info|2019-12-12 20:59:28.998250|[g:1][CONSENSUS][PBFT]checkTimeout Succ,view=133,toView=134,nodeIdx=1,changeCycle=0,myNode=6f997471...,timecost=0.226
info|2019-12-12 20:59:29.000635|[g:1][CONSENSUS][PBFT]checkAndChangeView: Reach consensus,org_view=133,org_changeCycle=0,cur_changeCycle=0,to_view=134
warning|2019-12-12 20:59:29.394025|[SYNC][id:6f997471...][Status]Peer data not found,nodeId=6e4f3ba3...
info|2019-12-12 20:59:30.011135|[RPC][getPbftView]request,groupID=1
info|2019-12-12 20:59:30.013303|[RPC][getPendingTxSize]request,groupID=1
info|2019-12-12 20:59:30.016422|[g:1][CONSENSUS][PBFT]Trigger fast-viewchange,view=134,toView=134,minView=135,INFO=,reqNum=30,curNum=30,GenIdx=2,Cview=135,view=134,fromIdx=2,fromNode=7977f137...,fromIp=127.0.0.1:30302,hash=64f42bb3...,nodeIdx=1,myNode=6f997471...
info|2019-12-12 20:59:30.016705|[g:1][CONSENSUS][PBFT]checkAndChangeView: Reach consensus,org_view=134,org_changeCycle=0,cur_changeCycle=0,to_view=135
info|2019-12-12 20:59:30.016713|[g:1][CONSENSUS][PBFT]checkTimeout Succ,view=135,toView=135,nodeIdx=1,changeCycle=0,myNode=6f997471...,timecost=0.243
info|2019-12-12 20:59:31.017449|[g:1][CONSENSUS][SEALER]++++++++++++++++ Generating seal on,blkNum=31,tx=0,nodeIdx=1,hash=5005eed6...
info|2019-12-12 20:59:31.027516|[g:1][CONSENSUS][PBFT]checkTimeout Succ,view=135,toView=136,nodeIdx=1,changeCycle=0,myNode=6f997471...,timecost=0.201
info|2019-12-12 20:59:31.028501|[g:1][CONSENSUS][PBFT]checkAndChangeView: Reach consensus,org_view=135,org_changeCycle=0,cur_changeCycle=0,to_view=136
info|2019-12-12 20:59:32.026222|[g:1][CONSENSUS]addRawPrepare,height=31,reqIdx=2,hash=6c4280ad...
info|2019-12-12 20:59:32.026551|[g:1][CONSENSUS][PBFT]checkTimeout Succ,view=136,toView=137,nodeIdx=1,changeCycle=0,myNode=6f997471...,timecost=0.257
info|2019-12-12 20:59:32.029832|[g:1][CONSENSUS][PBFT]checkAndChangeView: Reach consensus,org_view=136,org_changeCycle=0,cur_changeCycle=0,to_view=137
info|2019-12-12 20:59:33.032597|[g:1][CONSENSUS]addRawPrepare,height=31,reqIdx=3,hash=52aee593...
info|2019-12-12 20:59:33.032842|[g:1][CONSENSUS][PBFT]checkTimeout Succ,view=137,toView=138,nodeIdx=1,changeCycle=0,myNode=6f997471...,timecost=0.223
info|2019-12-12 20:59:33.035647|[g:1][CONSENSUS][PBFT]checkAndChangeView: Reach consensus,org_view=137,org_changeCycle=0,cur_changeCycle=0,to_view=138
info|2019-12-12 20:59:34.000148|[P2P][Service] heartBeat,connected count=4
info|2019-12-12 20:59:34.039413|[g:1][CONSENSUS][PBFT]Trigger fast-viewchange,view=138,toView=138,minView=139,INFO=,reqNum=30,curNum=30,GenIdx=2,Cview=139,view=138,fromIdx=2,fromNode=7977f137...,fromIp=127.0.0.1:30302,hash=64f42bb3...,nodeIdx=1,myNode=6f997471...
info|2019-12-12 20:59:34.039651|[g:1][CONSENSUS][PBFT]checkAndChangeView: Reach consensus,org_view=138,org_changeCycle=0,cur_changeCycle=0,to_view=139
info|2019-12-12 20:59:34.039659|[g:1][CONSENSUS][PBFT]checkTimeout Succ,view=139,toView=139,nodeIdx=1,changeCycle=0,myNode=6f997471...,timecost=0.209
warning|2019-12-12 20:59:34.403749|[SYNC][id:6f997471...][Status]Peer data not found,nodeId=6e4f3ba3...
info|2019-12-12 20:59:35.003801|[RPC][getPbftView]request,groupID=1
info|2019-12-12 20:59:35.007494|[RPC][getPendingTxSize]request,groupID=1
info|2019-12-12 20:59:35.040161|[g:1][CONSENSUS][SEALER]++++++++++++++++ Generating seal on,blkNum=31,tx=0,nodeIdx=1,hash=c96fdad1...
info|2019-12-12 20:59:35.044149|[g:1][CONSENSUS][PBFT]checkTimeout Succ,view=139,toView=140,nodeIdx=1,changeCycle=0,myNode=6f997471...,timecost=0.183
info|2019-12-12 20:59:35.045547|[g:1][CONSENSUS][PBFT]checkAndChangeView: Reach consensus,org_view=139,org_changeCycle=0,cur_changeCycle=0,to_view=140
info|2019-12-12 20:59:36.048046|[g:1][CONSENSUS]addRawPrepare,height=31,reqIdx=2,hash=8f1f5409...
info|2019-12-12 20:59:36.048329|[g:1][CONSENSUS][PBFT]checkTimeout Succ,view=140,toView=141,nodeIdx=1,changeCycle=0,myNode=6f997471...,timecost=0.22
info|2019-12-12 20:59:36.051537|[g:1][CONSENSUS][PBFT]checkAndChangeView: Reach consensus,org_view=140,org_changeCycle=0,cur_changeCycle=0,to_view=141
info|2019-12-12 20:59:37.054917|[g:1][CONSENSUS]addRawPrepare,height=31,reqIdx=3,hash=e8379a47...
info|2019-12-12 20:59:37.055207|[g:1][CONSENSUS][PBFT]checkTimeout Succ,view=141,toView=142,nodeIdx=1,changeCycle=0,myNode=6f997471...,timecost=0.269
info|2019-12-12 20:59:37.058805|[g:1][CONSENSUS][PBFT]checkAndChangeView: Reach consensus,org_view=141,org_changeCycle=0,cur_changeCycle=0,to_view=142
info|2019-12-12 20:59:38.061211|[g:1][CONSENSUS]addRawPrepare,height=31,reqIdx=0,hash=757fb6f4...
info|2019-12-12 20:59:38.061429|[g:1][CONSENSUS][PBFT]checkTimeout Succ,view=142,toView=143,nodeIdx=1,changeCycle=0,myNode=6f997471...,timecost=0.189
info|2019-12-12 20:59:38.064441|[g:1][CONSENSUS][PBFT]checkAndChangeView: Reach consensus,org_view=142,org_changeCycle=0,cur_changeCycle=0,to_view=143
info|2019-12-12 20:59:39.064788|[g:1][CONSENSUS][SEALER]++++++++++++++++ Generating seal on,blkNum=31,tx=0,nodeIdx=1,hash=fcf0b7fa...
info|2019-12-12 20:59:39.074566|[g:1][CONSENSUS][PBFT]checkTimeout Succ,view=143,toView=144,nodeIdx=1,changeCycle=0,myNode=6f997471...,timecost=1.236
info|2019-12-12 20:59:39.075518|[g:1][CONSENSUS][PBFT]checkAndChangeView: Reach consensus,org_view=143,org_changeCycle=0,cur_changeCycle=0,to_view=144
warning|2019-12-12 20:59:39.413547|[SYNC][id:6f997471...][Status]Peer data not found,nodeId=6e4f3ba3...
info|2019-12-12 20:59:40.003230|[RPC][getPbftView]request,groupID=1
info|2019-12-12 20:59:40.015742|[RPC][getPendingTxSize]request,groupID=1
info|2019-12-12 20:59:40.076814|[g:1][CONSENSUS]addRawPrepare,height=31,reqIdx=2,hash=712e8ad2...
info|2019-12-12 20:59:40.077111|[g:1][CONSENSUS][PBFT]checkTimeout Succ,view=144,toView=145,nodeIdx=1,changeCycle=0,myNode=6f997471...,timecost=0.268
info|2019-12-12 20:59:40.090670|[g:1][CONSENSUS][PBFT]checkAndChangeView: Reach consensus,org_view=144,org_changeCycle=0,cur_changeCycle=0,to_view=145
info|2019-12-12 20:59:41.088964|[g:1][CONSENSUS]addRawPrepare,height=31,reqIdx=3,hash=adce2457...
info|2019-12-12 20:59:41.089242|[g:1][CONSENSUS][PBFT]checkTimeout Succ,view=145,toView=146,nodeIdx=1,changeCycle=0,myNode=6f997471...,timecost=0.26
info|2019-12-12 20:59:41.094746|[g:1][CONSENSUS][PBFT]checkAndChangeView: Reach consensus,org_view=145,org_changeCycle=0,cur_changeCycle=0,to_view=146
info|2019-12-12 20:59:42.098573|[g:1][CONSENSUS]addRawPrepare,height=31,reqIdx=0,hash=c921b218...
info|2019-12-12 20:59:42.098787|[g:1][CONSENSUS][PBFT]checkTimeout Succ,view=146,toView=147,nodeIdx=1,changeCycle=0,myNode=6f997471...,timecost=0.19
info|2019-12-12 20:59:42.099062|[g:1][CONSENSUS][PBFT]checkAndChangeView: Reach consensus,org_view=146,org_changeCycle=0,cur_changeCycle=0,to_view=147
info|2019-12-12 20:59:43.100698|[g:1][CONSENSUS][SEALER]++++++++++++++++ Generating seal on,blkNum=31,tx=0,nodeIdx=1,hash=5991982c...
info|2019-12-12 20:59:43.112856|[g:1][CONSENSUS][PBFT]checkTimeout Succ,view=147,toView=148,nodeIdx=1,changeCycle=0,myNode=6f997471...,timecost=0.239
info|2019-12-12 20:59:43.114376|[g:1][CONSENSUS][PBFT]checkAndChangeView: Reach consensus,org_view=147,org_changeCycle=0,cur_changeCycle=0,to_view=148
info|2019-12-12 20:59:44.000371|[P2P][Service] heartBeat,connected count=4
info|2019-12-12 20:59:44.110495|[g:1][CONSENSUS]addRawPrepare,height=31,reqIdx=2,hash=9cb84059...
info|2019-12-12 20:59:44.110870|[g:1][CONSENSUS][PBFT]checkTimeout Succ,view=148,toView=149,nodeIdx=1,changeCycle=0,myNode=6f997471...,timecost=0.234
info|2019-12-12 20:59:44.118318|[g:1][CONSENSUS][PBFT]checkAndChangeView: Reach consensus,org_view=148,org_changeCycle=0,cur_changeCycle=0,to_view=149
warning|2019-12-12 20:59:44.427698|[SYNC][id:6f997471...][Status]Peer data not found,nodeId=6e4f3ba3...
info|2019-12-12 20:59:45.019150|[RPC][getPbftView]request,groupID=1
info|2019-12-12 20:59:45.024024|[RPC][getPendingTxSize]request,groupID=1
info|2019-12-12 20:59:45.123343|[g:1][CONSENSUS]addRawPrepare,height=31,reqIdx=3,hash=d31641c1...
info|2019-12-12 20:59:45.123607|[g:1][CONSENSUS][PBFT]checkTimeout Succ,view=149,toView=150,nodeIdx=1,changeCycle=0,myNode=6f997471...,timecost=0.242
info|2019-12-12 20:59:45.125536|[g:1][CONSENSUS][PBFT]checkAndChangeView: Reach consensus,org_view=149,org_changeCycle=0,cur_changeCycle=0,to_view=150
info|2019-12-12 20:59:46.127848|[g:1][CONSENSUS]addRawPrepare,height=31,reqIdx=0,hash=12614814...
info|2019-12-12 20:59:46.128067|[g:1][CONSENSUS][PBFT]checkTimeout Succ,view=150,toView=151,nodeIdx=1,changeCycle=0,myNode=6f997471...,timecost=0.194
info|2019-12-12 20:59:46.131032|[g:1][CONSENSUS][PBFT]checkAndChangeView: Reach consensus,org_view=150,org_changeCycle=0,cur_changeCycle=0,to_view=151
info|2019-12-12 20:59:47.132330|[g:1][CONSENSUS][SEALER]++++++++++++++++ Generating seal on,blkNum=31,tx=0,nodeIdx=1,hash=2550fbaa...
info|2019-12-12 20:59:47.140778|[g:1][CONSENSUS][PBFT]checkTimeout Succ,view=151,toView=152,nodeIdx=1,changeCycle=0,myNode=6f997471...,timecost=0.26
info|2019-12-12 20:59:47.141757|[g:1][CONSENSUS][PBFT]checkAndChangeView: Reach consensus,org_view=151,org_changeCycle=0,cur_changeCycle=0,to_view=152
info|2019-12-12 20:59:48.138080|[g:1][CONSENSUS]addRawPrepare,height=31,reqIdx=2,hash=52c2d7d5...
info|2019-12-12 20:59:48.140529|[g:1][CONSENSUS][PBFT]checkTimeout Succ,view=152,toView=153,nodeIdx=1,changeCycle=0,myNode=6f997471...,timecost=2.347
info|2019-12-12 20:59:48.141085|[g:1][CONSENSUS][PBFT]checkAndChangeView: Reach consensus,org_view=152,org_changeCycle=0,cur_changeCycle=0,to_view=153
info|2019-12-12 20:59:49.148169|[g:1][CONSENSUS]addRawPrepare,height=31,reqIdx=3,hash=e1e50c4d...
info|2019-12-12 20:59:49.148522|[g:1][CONSENSUS][PBFT]checkTimeout Succ,view=153,toView=154,nodeIdx=1,changeCycle=0,myNode=6f997471...,timecost=0.257
info|2019-12-12 20:59:49.160074|[g:1][CONSENSUS][PBFT]checkAndChangeView: Reach consensus,org_view=153,org_changeCycle=0,cur_changeCycle=0,to_view=154
warning|2019-12-12 20:59:49.444987|[SYNC][id:6f997471...][Status]Peer data not found,nodeId=6e4f3ba3...
info|2019-12-12 20:59:50.010207|[RPC][getPbftView]request,groupID=1
info|2019-12-12 20:59:50.012980|[RPC][getPendingTxSize]request,groupID=1
info|2019-12-12 20:59:50.156232|[g:1][CONSENSUS]addRawPrepare,height=31,reqIdx=0,hash=647dbf2e...
info|2019-12-12 20:59:50.156468|[g:1][CONSENSUS][PBFT]checkTimeout Succ,view=154,toView=155,nodeIdx=1,changeCycle=0,myNode=6f997471...,timecost=0.211
info|2019-12-12 20:59:50.156750|[g:1][CONSENSUS][PBFT]checkAndChangeView: Reach consensus,org_view=154,org_changeCycle=0,cur_changeCycle=0,to_view=155
info|2019-12-12 20:59:51.156528|[g:1][CONSENSUS][SEALER]++++++++++++++++ Generating seal on,blkNum=31,tx=0,nodeIdx=1,hash=f268e341...
info|2019-12-12 20:59:51.162531|[g:1][CONSENSUS][PBFT]checkTimeout Succ,view=155,toView=156,nodeIdx=1,changeCycle=0,myNode=6f997471...,timecost=0.194
info|2019-12-12 20:59:51.163537|[g:1][CONSENSUS][PBFT]checkAndChangeView: Reach consensus,org_view=155,org_changeCycle=0,cur_changeCycle=0,to_view=156
info|2019-12-12 20:59:52.161867|[g:1][CONSENSUS]addRawPrepare,height=31,reqIdx=2,hash=2223c2b5...
info|2019-12-12 20:59:52.162149|[g:1][CONSENSUS][PBFT]checkTimeout Succ,view=156,toView=157,nodeIdx=1,changeCycle=0,myNode=6f997471...,timecost=0.206
info|2019-12-12 20:59:52.165188|[g:1][CONSENSUS][PBFT]checkAndChangeView: Reach consensus,org_view=156,org_changeCycle=0,cur_changeCycle=0,to_view=157
info|2019-12-12 20:59:53.167625|[g:1][CONSENSUS]addRawPrepare,height=31,reqIdx=3,hash=132616bd...
info|2019-12-12 20:59:53.167839|[g:1][CONSENSUS][PBFT]checkTimeout Succ,view=157,toView=158,nodeIdx=1,changeCycle=0,myNode=6f997471...,timecost=0.191
info|2019-12-12 20:59:53.170294|[g:1][CONSENSUS][PBFT]checkAndChangeView: Reach consensus,org_view=157,org_changeCycle=0,cur_changeCycle=0,to_view=158
info|2019-12-12 20:59:54.000734|[P2P][Service] heartBeat,connected count=4
info|2019-12-12 20:59:54.172801|[g:1][CONSENSUS]addRawPrepare,height=31,reqIdx=0,hash=1306dedb...
info|2019-12-12 20:59:54.173059|[g:1][CONSENSUS][PBFT]checkTimeout Succ,view=158,toView=159,nodeIdx=1,changeCycle=0,myNode=6f997471...,timecost=0.231
info|2019-12-12 20:59:54.175435|[g:1][CONSENSUS][PBFT]checkAndChangeView: Reach consensus,org_view=158,org_changeCycle=0,cur_changeCycle=0,to_view=159
warning|2019-12-12 20:59:54.451131|[SYNC][id:6f997471...][Status]Peer data not found,nodeId=6e4f3ba3...
info|2019-12-12 20:59:55.010299|[RPC][getPbftView]request,groupID=1
info|2019-12-12 20:59:55.011749|[RPC][getPendingTxSize]request,groupID=1
info|2019-12-12 20:59:55.178108|[g:1][CONSENSUS][SEALER]++++++++++++++++ Generating seal on,blkNum=31,tx=0,nodeIdx=1,hash=141c31cd...
info|2019-12-12 20:59:55.184099|[g:1][CONSENSUS][PBFT]checkTimeout Succ,view=159,toView=160,nodeIdx=1,changeCycle=0,myNode=6f997471...,timecost=0.202
info|2019-12-12 20:59:55.185083|[g:1][CONSENSUS][PBFT]checkAndChangeView: Reach consensus,org_view=159,org_changeCycle=0,cur_changeCycle=0,to_view=160
info|2019-12-12 20:59:56.184418|[g:1][CONSENSUS]addRawPrepare,height=31,reqIdx=2,hash=938cedd0...
info|2019-12-12 20:59:56.184721|[g:1][CONSENSUS][PBFT]checkTimeout Succ,view=160,toView=161,nodeIdx=1,changeCycle=0,myNode=6f997471...,timecost=0.235
info|2019-12-12 20:59:56.187918|[g:1][CONSENSUS][PBFT]checkAndChangeView: Reach consensus,org_view=160,org_changeCycle=0,cur_changeCycle=0,to_view=161
info|2019-12-12 20:59:57.191506|[g:1][CONSENSUS]addRawPrepare,height=31,reqIdx=3,hash=159768c7...
info|2019-12-12 20:59:57.191722|[g:1][CONSENSUS][PBFT]checkTimeout Succ,view=161,toView=162,nodeIdx=1,changeCycle=0,myNode=6f997471...,timecost=0.191
info|2019-12-12 20:59:57.193242|[g:1][CONSENSUS][PBFT]checkAndChangeView: Reach consensus,org_view=161,org_changeCycle=0,cur_changeCycle=0,to_view=162
info|2019-12-12 20:59:58.197441|[g:1][CONSENSUS]addRawPrepare,height=31,reqIdx=0,hash=87fbb0cf...
info|2019-12-12 20:59:58.197656|[g:1][CONSENSUS][PBFT]checkTimeout Succ,view=162,toView=163,nodeIdx=1,changeCycle=0,myNode=6f997471...,timecost=0.192
info|2019-12-12 20:59:58.200143|[g:1][CONSENSUS][PBFT]checkAndChangeView: Reach consensus,org_view=162,org_changeCycle=0,cur_changeCycle=0,to_view=163
info|2019-12-12 20:59:59.200631|[g:1][CONSENSUS][SEALER]++++++++++++++++ Generating seal on,blkNum=31,tx=0,nodeIdx=1,hash=6532e59b...
info|2019-12-12 20:59:59.211482|[g:1][CONSENSUS][PBFT]checkTimeout Succ,view=163,toView=164,nodeIdx=1,changeCycle=0,myNode=6f997471...,timecost=0.205
info|2019-12-12 20:59:59.212405|[g:1][CONSENSUS][PBFT]checkAndChangeView: Reach consensus,org_view=163,org_changeCycle=0,cur_changeCycle=0,to_view=164
warning|2019-12-12 20:59:59.459294|[SYNC][id:6f997471...][Status]Peer data not found,nodeId=6e4f3ba3...
