[2019-10-25 14:52:36] Initializing...
FISCO-BCOS Version : 2.1.0
Build Time         : 20190923 13:22:09
Build Type         : Linux/clang/Release
Git Branch         : HEAD
Git Commit Hash    : cb68124d4fbf3df563a57dfff5f0c6eedc1419cc
[2019-10-25 14:52:37] The FISCO-BCOS is running...
[2019-11-12 18:12:50] Initializing...
FISCO-BCOS Version : 2.1.0
Build Time         : 20190923 13:22:09
Build Type         : Linux/clang/Release
Git Branch         : HEAD
Git Commit Hash    : cb68124d4fbf3df563a57dfff5f0c6eedc1419cc
[2019-11-12 18:12:50] The FISCO-BCOS is running...
[2019-11-12 18:14:27] FISCO-BCOS program exit normally.
[2019-11-12 18:41:59] Initializing...
FISCO-BCOS Version : 2.1.0
Build Time         : 20190923 13:22:09
Build Type         : Linux/clang/Release
Git Branch         : HEAD
Git Commit Hash    : cb68124d4fbf3df563a57dfff5f0c6eedc1419cc
[2019-11-12 18:42:00] The FISCO-BCOS is running...
[2019-11-12 18:44:12] FISCO-BCOS program exit normally.
[2019-11-13 17:15:55] Initializing...
FISCO-BCOS Version : 2.1.0
Build Time         : 20190923 13:22:09
Build Type         : Linux/clang/Release
Git Branch         : HEAD
Git Commit Hash    : cb68124d4fbf3df563a57dfff5f0c6eedc1419cc
[2019-11-13 17:15:55] The FISCO-BCOS is running...
[2019-11-13 17:22:07] FISCO-BCOS program exit normally.
[2019-11-13 20:42:28] Initializing...
FISCO-BCOS Version : 2.1.0
Build Time         : 20190923 13:22:09
Build Type         : Linux/clang/Release
Git Branch         : HEAD
Git Commit Hash    : cb68124d4fbf3df563a57dfff5f0c6eedc1419cc
[2019-11-13 20:42:28] The FISCO-BCOS is running...
[2019-11-13 21:49:19] FISCO-BCOS program exit normally.
[2019-11-15 14:22:21] Initializing...
FISCO-BCOS Version : 2.1.0
Build Time         : 20190923 13:22:09
Build Type         : Linux/clang/Release
Git Branch         : HEAD
Git Commit Hash    : cb68124d4fbf3df563a57dfff5f0c6eedc1419cc
[2019-11-15 14:22:21] The FISCO-BCOS is running...
[2019-11-15 15:52:29] FISCO-BCOS program exit normally.
[2019-11-15 16:16:55] Initializing...
FISCO-BCOS Version : 2.1.0
Build Time         : 20190923 13:22:09
Build Type         : Linux/clang/Release
Git Branch         : HEAD
Git Commit Hash    : cb68124d4fbf3df563a57dfff5f0c6eedc1419cc
[2019-11-15 16:16:56] The FISCO-BCOS is running...
[2019-11-15 18:01:19] FISCO-BCOS program exit normally.
[2019-11-15 19:14:51] Initializing...
FISCO-BCOS Version : 2.1.0
Build Time         : 20190923 13:22:09
Build Type         : Linux/clang/Release
Git Branch         : HEAD
Git Commit Hash    : cb68124d4fbf3df563a57dfff5f0c6eedc1419cc
[2019-11-15 19:14:51] The FISCO-BCOS is running...
[2019-11-15 22:21:15] FISCO-BCOS program exit normally.
[2019-12-12 17:18:04] Initializing...
FISCO-BCOS Version : 2.1.0
Build Time         : 20190923 13:22:09
Build Type         : Linux/clang/Release
Git Branch         : HEAD
Git Commit Hash    : cb68124d4fbf3df563a57dfff5f0c6eedc1419cc
[2019-12-12 17:18:05] The FISCO-BCOS is running...
[2019-12-12 17:37:24] FISCO-BCOS program exit normally.
[2019-12-12 17:38:46] Initializing...
FISCO-BCOS Version : 2.1.0
Build Time         : 20190923 13:22:09
Build Type         : Linux/clang/Release
Git Branch         : HEAD
Git Commit Hash    : cb68124d4fbf3df563a57dfff5f0c6eedc1419cc
[2019-12-12 17:38:46] The FISCO-BCOS is running...
[2019-12-12 19:20:09] Initializing...
FISCO-BCOS Version : 2.1.0
Build Time         : 20190923 13:22:09
Build Type         : Linux/clang/Release
Git Branch         : HEAD
Git Commit Hash    : cb68124d4fbf3df563a57dfff5f0c6eedc1419cc
[2019-12-12 19:20:10] The FISCO-BCOS is running...
[2019-12-12 20:10:54] FISCO-BCOS program exit normally.
[2019-12-12 20:57:13] Initializing...
FISCO-BCOS Version : 2.1.0
Build Time         : 20190923 13:22:09
Build Type         : Linux/clang/Release
Git Branch         : HEAD
Git Commit Hash    : cb68124d4fbf3df563a57dfff5f0c6eedc1419cc
[2019-12-12 20:57:14] The FISCO-BCOS is running...
[2019-12-13 09:20:21] FISCO-BCOS program exit normally.
[2019-12-13 09:25:21] Initializing...
FISCO-BCOS Version : 2.1.0
Build Time         : 20190923 13:22:09
Build Type         : Linux/clang/Release
Git Branch         : HEAD
Git Commit Hash    : cb68124d4fbf3df563a57dfff5f0c6eedc1419cc
[2019-12-13 09:25:21] The FISCO-BCOS is running...
[2019-12-13 13:21:15] Initializing...
FISCO-BCOS Version : 2.1.0
Build Time         : 20190923 13:22:09
Build Type         : Linux/clang/Release
Git Branch         : HEAD
Git Commit Hash    : cb68124d4fbf3df563a57dfff5f0c6eedc1419cc
[2019-12-13 13:21:16] The FISCO-BCOS is running...
[2019-12-13 15:38:33] FISCO-BCOS program exit normally.
[2019-12-13 15:39:43] Initializing...
FISCO-BCOS Version : 2.1.0
Build Time         : 20190923 13:22:09
Build Type         : Linux/clang/Release
Git Branch         : HEAD
Git Commit Hash    : cb68124d4fbf3df563a57dfff5f0c6eedc1419cc
[2019-12-13 15:39:43] The FISCO-BCOS is running...
[2019-12-13 23:52:29] FISCO-BCOS program exit normally.
