info|2019-11-15 15:00:01.133484|[P2P][Service] heartBeat,connected count=4
info|2019-11-15 15:00:11.133686|[P2P][Service] heartBeat,connected count=4
info|2019-11-15 15:00:21.133773|[P2P][Service] heartBeat,connected count=4
info|2019-11-15 15:00:31.133869|[P2P][Service] heartBeat,connected count=4
info|2019-11-15 15:00:41.133949|[P2P][Service] heartBeat,connected count=4
info|2019-11-15 15:00:51.134043|[P2P][Service] heartBeat,connected count=4
info|2019-11-15 15:01:01.134125|[P2P][Service] heartBeat,connected count=4
info|2019-11-15 15:01:11.134212|[P2P][Service] heartBeat,connected count=4
info|2019-11-15 15:01:21.134473|[P2P][Service] heartBeat,connected count=4
info|2019-11-15 15:01:31.134580|[P2P][Service] heartBeat,connected count=4
info|2019-11-15 15:01:41.135124|[P2P][Service] heartBeat,connected count=4
info|2019-11-15 15:01:51.135208|[P2P][Service] heartBeat,connected count=4
info|2019-11-15 15:02:01.136141|[P2P][Service] heartBeat,connected count=4
info|2019-11-15 15:02:11.136443|[P2P][Service] heartBeat,connected count=4
info|2019-11-15 15:02:21.136587|[P2P][Service] heartBeat,connected count=4
info|2019-11-15 15:02:31.136674|[P2P][Service] heartBeat,connected count=4
info|2019-11-15 15:02:41.136799|[P2P][Service] heartBeat,connected count=4
info|2019-11-15 15:02:51.136960|[P2P][Service] heartBeat,connected count=4
info|2019-11-15 15:03:01.137135|[P2P][Service] heartBeat,connected count=4
info|2019-11-15 15:03:11.137398|[P2P][Service] heartBeat,connected count=4
info|2019-11-15 15:03:21.137532|[P2P][Service] heartBeat,connected count=4
info|2019-11-15 15:03:31.138574|[P2P][Service] heartBeat,connected count=4
info|2019-11-15 15:03:41.138736|[P2P][Service] heartBeat,connected count=4
info|2019-11-15 15:03:51.139025|[P2P][Service] heartBeat,connected count=4
info|2019-11-15 15:04:01.139122|[P2P][Service] heartBeat,connected count=4
info|2019-11-15 15:04:11.139269|[P2P][Service] heartBeat,connected count=4
info|2019-11-15 15:04:21.139743|[P2P][Service] heartBeat,connected count=4
info|2019-11-15 15:04:31.139829|[P2P][Service] heartBeat,connected count=4
info|2019-11-15 15:04:41.139927|[P2P][Service] heartBeat,connected count=4
info|2019-11-15 15:04:51.140015|[P2P][Service] heartBeat,connected count=4
info|2019-11-15 15:05:01.140108|[P2P][Service] heartBeat,connected count=4
info|2019-11-15 15:05:11.140200|[P2P][Service] heartBeat,connected count=4
info|2019-11-15 15:05:21.140665|[P2P][Service] heartBeat,connected count=4
info|2019-11-15 15:05:31.140935|[P2P][Service] heartBeat,connected count=4
info|2019-11-15 15:05:41.141061|[P2P][Service] heartBeat,connected count=4
info|2019-11-15 15:05:51.141153|[P2P][Service] heartBeat,connected count=4
info|2019-11-15 15:06:01.141240|[P2P][Service] heartBeat,connected count=4
info|2019-11-15 15:06:11.142165|[P2P][Service] heartBeat,connected count=4
info|2019-11-15 15:06:21.142424|[P2P][Service] heartBeat,connected count=4
info|2019-11-15 15:06:31.142503|[P2P][Service] heartBeat,connected count=4
info|2019-11-15 15:06:41.142711|[P2P][Service] heartBeat,connected count=4
info|2019-11-15 15:06:51.142800|[P2P][Service] heartBeat,connected count=4
info|2019-11-15 15:07:01.142890|[P2P][Service] heartBeat,connected count=4
info|2019-11-15 15:07:11.143131|[P2P][Service] heartBeat,connected count=4
info|2019-11-15 15:07:21.143277|[P2P][Service] heartBeat,connected count=4
info|2019-11-15 15:07:31.143636|[P2P][Service] heartBeat,connected count=4
info|2019-11-15 15:07:41.144874|[P2P][Service] heartBeat,connected count=4
info|2019-11-15 15:07:51.145049|[P2P][Service] heartBeat,connected count=4
info|2019-11-15 15:08:01.145148|[P2P][Service] heartBeat,connected count=4
info|2019-11-15 15:08:11.145497|[P2P][Service] heartBeat,connected count=4
info|2019-11-15 15:08:21.145565|[P2P][Service] heartBeat,connected count=4
info|2019-11-15 15:08:31.145682|[P2P][Service] heartBeat,connected count=4
info|2019-11-15 15:08:41.145950|[P2P][Service] heartBeat,connected count=4
info|2019-11-15 15:08:51.146464|[P2P][Service] heartBeat,connected count=4
info|2019-11-15 15:09:01.146545|[P2P][Service] heartBeat,connected count=4
info|2019-11-15 15:09:11.146787|[P2P][Service] heartBeat,connected count=4
info|2019-11-15 15:09:21.146976|[P2P][Service] heartBeat,connected count=4
info|2019-11-15 15:09:31.147078|[P2P][Service] heartBeat,connected count=4
info|2019-11-15 15:09:41.147503|[P2P][Service] heartBeat,connected count=4
info|2019-11-15 15:09:51.147575|[P2P][Service] heartBeat,connected count=4
info|2019-11-15 15:10:01.148084|[P2P][Service] heartBeat,connected count=4
info|2019-11-15 15:10:11.149424|[P2P][Service] heartBeat,connected count=4
info|2019-11-15 15:10:21.149569|[P2P][Service] heartBeat,connected count=4
info|2019-11-15 15:10:31.149822|[P2P][Service] heartBeat,connected count=4
info|2019-11-15 15:10:41.150852|[P2P][Service] heartBeat,connected count=4
info|2019-11-15 15:10:51.150937|[P2P][Service] heartBeat,connected count=4
info|2019-11-15 15:11:01.151003|[P2P][Service] heartBeat,connected count=4
info|2019-11-15 15:11:11.151069|[P2P][Service] heartBeat,connected count=4
info|2019-11-15 15:11:21.151129|[P2P][Service] heartBeat,connected count=4
info|2019-11-15 15:11:31.151243|[P2P][Service] heartBeat,connected count=4
info|2019-11-15 15:11:41.151314|[P2P][Service] heartBeat,connected count=4
info|2019-11-15 15:11:51.151380|[P2P][Service] heartBeat,connected count=4
info|2019-11-15 15:12:01.151469|[P2P][Service] heartBeat,connected count=4
info|2019-11-15 15:12:11.151621|[P2P][Service] heartBeat,connected count=4
info|2019-11-15 15:12:21.151742|[P2P][Service] heartBeat,connected count=4
info|2019-11-15 15:12:31.151825|[P2P][Service] heartBeat,connected count=4
info|2019-11-15 15:12:41.151944|[P2P][Service] heartBeat,connected count=4
info|2019-11-15 15:12:51.152004|[P2P][Service] heartBeat,connected count=4
info|2019-11-15 15:13:01.152074|[P2P][Service] heartBeat,connected count=4
info|2019-11-15 15:13:11.152157|[P2P][Service] heartBeat,connected count=4
info|2019-11-15 15:13:21.152522|[P2P][Service] heartBeat,connected count=4
info|2019-11-15 15:13:31.152602|[P2P][Service] heartBeat,connected count=4
info|2019-11-15 15:13:41.152689|[P2P][Service] heartBeat,connected count=4
info|2019-11-15 15:13:51.152756|[P2P][Service] heartBeat,connected count=4
info|2019-11-15 15:14:01.152969|[P2P][Service] heartBeat,connected count=4
info|2019-11-15 15:14:11.153047|[P2P][Service] heartBeat,connected count=4
info|2019-11-15 15:14:21.153136|[P2P][Service] heartBeat,connected count=4
info|2019-11-15 15:14:31.153236|[P2P][Service] heartBeat,connected count=4
info|2019-11-15 15:14:41.153354|[P2P][Service] heartBeat,connected count=4
info|2019-11-15 15:14:51.153454|[P2P][Service] heartBeat,connected count=4
info|2019-11-15 15:15:01.153783|[P2P][Service] heartBeat,connected count=4
info|2019-11-15 15:15:11.153925|[P2P][Service] heartBeat,connected count=4
info|2019-11-15 15:15:21.154120|[P2P][Service] heartBeat,connected count=4
info|2019-11-15 15:15:31.154213|[P2P][Service] heartBeat,connected count=4
info|2019-11-15 15:15:41.154307|[P2P][Service] heartBeat,connected count=4
info|2019-11-15 15:15:51.155085|[P2P][Service] heartBeat,connected count=4
info|2019-11-15 15:16:01.155189|[P2P][Service] heartBeat,connected count=4
info|2019-11-15 15:16:11.155279|[P2P][Service] heartBeat,connected count=4
info|2019-11-15 15:16:21.155371|[P2P][Service] heartBeat,connected count=4
info|2019-11-15 15:16:31.155467|[P2P][Service] heartBeat,connected count=4
info|2019-11-15 15:16:41.155555|[P2P][Service] heartBeat,connected count=4
info|2019-11-15 15:16:51.155652|[P2P][Service] heartBeat,connected count=4
info|2019-11-15 15:17:01.155749|[P2P][Service] heartBeat,connected count=4
info|2019-11-15 15:17:11.156008|[P2P][Service] heartBeat,connected count=4
info|2019-11-15 15:17:21.156112|[P2P][Service] heartBeat,connected count=4
info|2019-11-15 15:17:31.156423|[P2P][Service] heartBeat,connected count=4
info|2019-11-15 15:17:41.156586|[P2P][Service] heartBeat,connected count=4
info|2019-11-15 15:17:51.156695|[P2P][Service] heartBeat,connected count=4
info|2019-11-15 15:18:01.156818|[P2P][Service] heartBeat,connected count=4
info|2019-11-15 15:18:11.156914|[P2P][Service] heartBeat,connected count=4
info|2019-11-15 15:18:21.157352|[P2P][Service] heartBeat,connected count=4
info|2019-11-15 15:18:31.157442|[P2P][Service] heartBeat,connected count=4
info|2019-11-15 15:18:41.157535|[P2P][Service] heartBeat,connected count=4
info|2019-11-15 15:18:51.157805|[P2P][Service] heartBeat,connected count=4
info|2019-11-15 15:19:01.158423|[P2P][Service] heartBeat,connected count=4
info|2019-11-15 15:19:11.158510|[P2P][Service] heartBeat,connected count=4
info|2019-11-15 15:19:21.158653|[P2P][Service] heartBeat,connected count=4
info|2019-11-15 15:19:31.158757|[P2P][Service] heartBeat,connected count=4
info|2019-11-15 15:19:41.158853|[P2P][Service] heartBeat,connected count=4
info|2019-11-15 15:19:51.158957|[P2P][Service] heartBeat,connected count=4
info|2019-11-15 15:20:01.159068|[P2P][Service] heartBeat,connected count=4
info|2019-11-15 15:20:11.159195|[P2P][Service] heartBeat,connected count=4
info|2019-11-15 15:20:21.159365|[P2P][Service] heartBeat,connected count=4
info|2019-11-15 15:20:31.159453|[P2P][Service] heartBeat,connected count=4
info|2019-11-15 15:20:41.159550|[P2P][Service] heartBeat,connected count=4
info|2019-11-15 15:20:51.159980|[P2P][Service] heartBeat,connected count=4
info|2019-11-15 15:21:01.160074|[P2P][Service] heartBeat,connected count=4
info|2019-11-15 15:21:11.160161|[P2P][Service] heartBeat,connected count=4
info|2019-11-15 15:21:21.160264|[P2P][Service] heartBeat,connected count=4
info|2019-11-15 15:21:31.160353|[P2P][Service] heartBeat,connected count=4
info|2019-11-15 15:21:41.160443|[P2P][Service] heartBeat,connected count=4
info|2019-11-15 15:21:51.160946|[P2P][Service] heartBeat,connected count=4
info|2019-11-15 15:22:01.161049|[P2P][Service] heartBeat,connected count=4
info|2019-11-15 15:22:11.161181|[P2P][Service] heartBeat,connected count=4
info|2019-11-15 15:22:21.161303|[P2P][Service] heartBeat,connected count=4
info|2019-11-15 15:22:31.161402|[P2P][Service] heartBeat,connected count=4
info|2019-11-15 15:22:41.161507|[P2P][Service] heartBeat,connected count=4
info|2019-11-15 15:22:51.161863|[P2P][Service] heartBeat,connected count=4
info|2019-11-15 15:23:01.161945|[P2P][Service] heartBeat,connected count=4
info|2019-11-15 15:23:11.162036|[P2P][Service] heartBeat,connected count=4
info|2019-11-15 15:23:21.162131|[P2P][Service] heartBeat,connected count=4
info|2019-11-15 15:23:31.162217|[P2P][Service] heartBeat,connected count=4
info|2019-11-15 15:23:41.162616|[P2P][Service] heartBeat,connected count=4
info|2019-11-15 15:23:51.162711|[P2P][Service] heartBeat,connected count=4
info|2019-11-15 15:24:01.162815|[P2P][Service] heartBeat,connected count=4
info|2019-11-15 15:24:11.162900|[P2P][Service] heartBeat,connected count=4
info|2019-11-15 15:24:21.162980|[P2P][Service] heartBeat,connected count=4
info|2019-11-15 15:24:31.163407|[P2P][Service] heartBeat,connected count=4
info|2019-11-15 15:24:41.164377|[P2P][Service] heartBeat,connected count=4
info|2019-11-15 15:24:51.164567|[P2P][Service] heartBeat,connected count=4
info|2019-11-15 15:25:01.165212|[P2P][Service] heartBeat,connected count=4
info|2019-11-15 15:25:11.165529|[P2P][Service] heartBeat,connected count=4
info|2019-11-15 15:25:21.165607|[P2P][Service] heartBeat,connected count=4
info|2019-11-15 15:25:31.165752|[P2P][Service] heartBeat,connected count=4
info|2019-11-15 15:25:41.165827|[P2P][Service] heartBeat,connected count=4
info|2019-11-15 15:25:51.166679|[P2P][Service] heartBeat,connected count=4
info|2019-11-15 15:26:01.166788|[P2P][Service] heartBeat,connected count=4
info|2019-11-15 15:26:11.167649|[P2P][Service] heartBeat,connected count=4
info|2019-11-15 15:26:21.168294|[P2P][Service] heartBeat,connected count=4
info|2019-11-15 15:26:31.168726|[P2P][Service] heartBeat,connected count=4
info|2019-11-15 15:26:41.169188|[P2P][Service] heartBeat,connected count=4
info|2019-11-15 15:26:51.169270|[P2P][Service] heartBeat,connected count=4
info|2019-11-15 15:27:01.169354|[P2P][Service] heartBeat,connected count=4
info|2019-11-15 15:27:11.169948|[P2P][Service] heartBeat,connected count=4
info|2019-11-15 15:27:21.170425|[P2P][Service] heartBeat,connected count=4
info|2019-11-15 15:27:31.171320|[P2P][Service] heartBeat,connected count=4
info|2019-11-15 15:27:41.171420|[P2P][Service] heartBeat,connected count=4
info|2019-11-15 15:27:51.171599|[P2P][Service] heartBeat,connected count=4
info|2019-11-15 15:28:01.171703|[P2P][Service] heartBeat,connected count=4
info|2019-11-15 15:28:11.172440|[P2P][Service] heartBeat,connected count=4
info|2019-11-15 15:28:21.172527|[P2P][Service] heartBeat,connected count=4
info|2019-11-15 15:28:31.172608|[P2P][Service] heartBeat,connected count=4
info|2019-11-15 15:28:41.172721|[P2P][Service] heartBeat,connected count=4
info|2019-11-15 15:28:51.172964|[P2P][Service] heartBeat,connected count=4
info|2019-11-15 15:29:01.173197|[P2P][Service] heartBeat,connected count=4
info|2019-11-15 15:29:11.173874|[P2P][Service] heartBeat,connected count=4
info|2019-11-15 15:29:21.173956|[P2P][Service] heartBeat,connected count=4
info|2019-11-15 15:29:31.174169|[P2P][Service] heartBeat,connected count=4
info|2019-11-15 15:29:41.174286|[P2P][Service] heartBeat,connected count=4
info|2019-11-15 15:29:51.174688|[P2P][Service] heartBeat,connected count=4
info|2019-11-15 15:30:01.174785|[P2P][Service] heartBeat,connected count=4
info|2019-11-15 15:30:11.174874|[P2P][Service] heartBeat,connected count=4
info|2019-11-15 15:30:21.174953|[P2P][Service] heartBeat,connected count=4
info|2019-11-15 15:30:31.175039|[P2P][Service] heartBeat,connected count=4
info|2019-11-15 15:30:41.175132|[P2P][Service] heartBeat,connected count=4
info|2019-11-15 15:30:51.175218|[P2P][Service] heartBeat,connected count=4
info|2019-11-15 15:31:01.175958|[P2P][Service] heartBeat,connected count=4
info|2019-11-15 15:31:11.176174|[P2P][Service] heartBeat,connected count=4
info|2019-11-15 15:31:21.176448|[P2P][Service] heartBeat,connected count=4
info|2019-11-15 15:31:31.176571|[P2P][Service] heartBeat,connected count=4
info|2019-11-15 15:31:41.176833|[P2P][Service] heartBeat,connected count=4
info|2019-11-15 15:31:51.176958|[P2P][Service] heartBeat,connected count=4
info|2019-11-15 15:32:01.177261|[P2P][Service] heartBeat,connected count=4
info|2019-11-15 15:32:11.177349|[P2P][Service] heartBeat,connected count=4
info|2019-11-15 15:32:21.177444|[P2P][Service] heartBeat,connected count=4
info|2019-11-15 15:32:31.177537|[P2P][Service] heartBeat,connected count=4
info|2019-11-15 15:32:41.177626|[P2P][Service] heartBeat,connected count=4
info|2019-11-15 15:32:51.177714|[P2P][Service] heartBeat,connected count=4
info|2019-11-15 15:33:01.177820|[P2P][Service] heartBeat,connected count=4
info|2019-11-15 15:33:11.177908|[P2P][Service] heartBeat,connected count=4
info|2019-11-15 15:33:21.178733|[P2P][Service] heartBeat,connected count=4
info|2019-11-15 15:33:31.178974|[P2P][Service] heartBeat,connected count=4
info|2019-11-15 15:33:41.179397|[P2P][Service] heartBeat,connected count=4
info|2019-11-15 15:33:51.179570|[P2P][Service] heartBeat,connected count=4
info|2019-11-15 15:34:01.179784|[P2P][Service] heartBeat,connected count=4
info|2019-11-15 15:34:11.179949|[P2P][Service] heartBeat,connected count=4
info|2019-11-15 15:34:21.180054|[P2P][Service] heartBeat,connected count=4
info|2019-11-15 15:34:31.181085|[P2P][Service] heartBeat,connected count=4
info|2019-11-15 15:34:41.181220|[P2P][Service] heartBeat,connected count=4
info|2019-11-15 15:34:51.181710|[P2P][Service] heartBeat,connected count=4
info|2019-11-15 15:35:01.181820|[P2P][Service] heartBeat,connected count=4
info|2019-11-15 15:35:11.181914|[P2P][Service] heartBeat,connected count=4
info|2019-11-15 15:35:21.181994|[P2P][Service] heartBeat,connected count=4
info|2019-11-15 15:35:31.182081|[P2P][Service] heartBeat,connected count=4
info|2019-11-15 15:35:41.182158|[P2P][Service] heartBeat,connected count=4
info|2019-11-15 15:35:51.182256|[P2P][Service] heartBeat,connected count=4
info|2019-11-15 15:36:01.182396|[P2P][Service] heartBeat,connected count=4
info|2019-11-15 15:36:11.182494|[P2P][Service] heartBeat,connected count=4
info|2019-11-15 15:36:21.182578|[P2P][Service] heartBeat,connected count=4
info|2019-11-15 15:36:31.182772|[P2P][Service] heartBeat,connected count=4
info|2019-11-15 15:36:41.182872|[P2P][Service] heartBeat,connected count=4
info|2019-11-15 15:36:51.182971|[P2P][Service] heartBeat,connected count=4
info|2019-11-15 15:37:01.183070|[P2P][Service] heartBeat,connected count=4
info|2019-11-15 15:37:11.183258|[P2P][Service] heartBeat,connected count=4
info|2019-11-15 15:37:21.183400|[P2P][Service] heartBeat,connected count=4
info|2019-11-15 15:37:31.183506|[P2P][Service] heartBeat,connected count=4
info|2019-11-15 15:37:41.183614|[P2P][Service] heartBeat,connected count=4
info|2019-11-15 15:37:51.183698|[P2P][Service] heartBeat,connected count=4
info|2019-11-15 15:38:01.183819|[P2P][Service] heartBeat,connected count=4
info|2019-11-15 15:38:11.183920|[P2P][Service] heartBeat,connected count=4
info|2019-11-15 15:38:21.184335|[P2P][Service] heartBeat,connected count=4
info|2019-11-15 15:38:31.185392|[P2P][Service] heartBeat,connected count=4
info|2019-11-15 15:38:41.185521|[P2P][Service] heartBeat,connected count=4
info|2019-11-15 15:38:51.185904|[P2P][Service] heartBeat,connected count=4
info|2019-11-15 15:39:01.185980|[P2P][Service] heartBeat,connected count=4
info|2019-11-15 15:39:11.186059|[P2P][Service] heartBeat,connected count=4
info|2019-11-15 15:39:21.186159|[P2P][Service] heartBeat,connected count=4
info|2019-11-15 15:39:31.186258|[P2P][Service] heartBeat,connected count=4
info|2019-11-15 15:39:41.186350|[P2P][Service] heartBeat,connected count=4
info|2019-11-15 15:39:51.187113|[P2P][Service] heartBeat,connected count=4
info|2019-11-15 15:40:01.187200|[P2P][Service] heartBeat,connected count=4
info|2019-11-15 15:40:11.188183|[P2P][Service] heartBeat,connected count=4
info|2019-11-15 15:40:21.188296|[P2P][Service] heartBeat,connected count=4
info|2019-11-15 15:40:31.188624|[P2P][Service] heartBeat,connected count=4
info|2019-11-15 15:40:41.188708|[P2P][Service] heartBeat,connected count=4
info|2019-11-15 15:40:51.188795|[P2P][Service] heartBeat,connected count=4
info|2019-11-15 15:41:01.188880|[P2P][Service] heartBeat,connected count=4
info|2019-11-15 15:41:11.188967|[P2P][Service] heartBeat,connected count=4
info|2019-11-15 15:41:21.189052|[P2P][Service] heartBeat,connected count=4
info|2019-11-15 15:41:31.189201|[P2P][Service] heartBeat,connected count=4
info|2019-11-15 15:41:41.189466|[P2P][Service] heartBeat,connected count=4
info|2019-11-15 15:41:51.189657|[P2P][Service] heartBeat,connected count=4
info|2019-11-15 15:42:01.189749|[P2P][Service] heartBeat,connected count=4
info|2019-11-15 15:42:11.189825|[P2P][Service] heartBeat,connected count=4
info|2019-11-15 15:42:21.189909|[P2P][Service] heartBeat,connected count=4
info|2019-11-15 15:42:31.190319|[P2P][Service] heartBeat,connected count=4
info|2019-11-15 15:42:41.190407|[P2P][Service] heartBeat,connected count=4
info|2019-11-15 15:42:51.190493|[P2P][Service] heartBeat,connected count=4
info|2019-11-15 15:43:01.190578|[P2P][Service] heartBeat,connected count=4
info|2019-11-15 15:43:11.190665|[P2P][Service] heartBeat,connected count=4
info|2019-11-15 15:43:21.191828|[P2P][Service] heartBeat,connected count=4
info|2019-11-15 15:43:31.191913|[P2P][Service] heartBeat,connected count=4
info|2019-11-15 15:43:41.192001|[P2P][Service] heartBeat,connected count=4
info|2019-11-15 15:43:51.192083|[P2P][Service] heartBeat,connected count=4
info|2019-11-15 15:44:01.192167|[P2P][Service] heartBeat,connected count=4
info|2019-11-15 15:44:11.192546|[P2P][Service] heartBeat,connected count=4
info|2019-11-15 15:44:21.192640|[P2P][Service] heartBeat,connected count=4
info|2019-11-15 15:44:31.192737|[P2P][Service] heartBeat,connected count=4
info|2019-11-15 15:44:41.193124|[P2P][Service] heartBeat,connected count=4
info|2019-11-15 15:44:51.193244|[P2P][Service] heartBeat,connected count=4
info|2019-11-15 15:45:01.193336|[P2P][Service] heartBeat,connected count=4
info|2019-11-15 15:45:11.193885|[P2P][Service] heartBeat,connected count=4
info|2019-11-15 15:45:21.194086|[P2P][Service] heartBeat,connected count=4
info|2019-11-15 15:45:31.194208|[P2P][Service] heartBeat,connected count=4
info|2019-11-15 15:45:41.194341|[P2P][Service] heartBeat,connected count=4
info|2019-11-15 15:45:51.194490|[P2P][Service] heartBeat,connected count=4
info|2019-11-15 15:46:01.195535|[P2P][Service] heartBeat,connected count=4
info|2019-11-15 15:46:11.196483|[P2P][Service] heartBeat,connected count=4
info|2019-11-15 15:46:21.196670|[P2P][Service] heartBeat,connected count=4
info|2019-11-15 15:46:31.196753|[P2P][Service] heartBeat,connected count=4
info|2019-11-15 15:46:41.196841|[P2P][Service] heartBeat,connected count=4
info|2019-11-15 15:46:51.197049|[P2P][Service] heartBeat,connected count=4
info|2019-11-15 15:47:01.197186|[P2P][Service] heartBeat,connected count=4
info|2019-11-15 15:47:11.197537|[P2P][Service] heartBeat,connected count=4
info|2019-11-15 15:47:21.197644|[P2P][Service] heartBeat,connected count=4
info|2019-11-15 15:47:31.197724|[P2P][Service] heartBeat,connected count=4
info|2019-11-15 15:47:41.197824|[P2P][Service] heartBeat,connected count=4
info|2019-11-15 15:47:51.198386|[P2P][Service] heartBeat,connected count=4
info|2019-11-15 15:48:01.198829|[P2P][Service] heartBeat,connected count=4
info|2019-11-15 15:48:11.198915|[P2P][Service] heartBeat,connected count=4
info|2019-11-15 15:48:21.199047|[P2P][Service] heartBeat,connected count=4
info|2019-11-15 15:48:31.199124|[P2P][Service] heartBeat,connected count=4
info|2019-11-15 15:48:41.199213|[P2P][Service] heartBeat,connected count=4
info|2019-11-15 15:48:51.199287|[P2P][Service] heartBeat,connected count=4
info|2019-11-15 15:49:01.199635|[P2P][Service] heartBeat,connected count=4
info|2019-11-15 15:49:11.200173|[P2P][Service] heartBeat,connected count=4
info|2019-11-15 15:49:21.200301|[P2P][Service] heartBeat,connected count=4
info|2019-11-15 15:49:31.200878|[P2P][Service] heartBeat,connected count=4
info|2019-11-15 15:49:41.200955|[P2P][Service] heartBeat,connected count=4
info|2019-11-15 15:49:51.201054|[P2P][Service] heartBeat,connected count=4
info|2019-11-15 15:50:01.201142|[P2P][Service] heartBeat,connected count=4
info|2019-11-15 15:50:11.201422|[P2P][Service] heartBeat,connected count=4
info|2019-11-15 15:50:21.202357|[P2P][Service] heartBeat,connected count=4
info|2019-11-15 15:50:31.202463|[P2P][Service] heartBeat,connected count=4
info|2019-11-15 15:50:41.202550|[P2P][Service] heartBeat,connected count=4
info|2019-11-15 15:50:51.202634|[P2P][Service] heartBeat,connected count=4
info|2019-11-15 15:51:01.202770|[P2P][Service] heartBeat,connected count=4
info|2019-11-15 15:51:11.203250|[P2P][Service] heartBeat,connected count=4
info|2019-11-15 15:51:21.203368|[P2P][Service] heartBeat,connected count=4
info|2019-11-15 15:51:31.203449|[P2P][Service] heartBeat,connected count=4
info|2019-11-15 15:51:41.203579|[P2P][Service] heartBeat,connected count=4
info|2019-11-15 15:51:51.203667|[P2P][Service] heartBeat,connected count=4
info|2019-11-15 15:52:01.203763|[P2P][Service] heartBeat,connected count=4
info|2019-11-15 15:52:11.204244|[P2P][Service] heartBeat,connected count=4
info|2019-11-15 15:52:21.204829|[P2P][Service] heartBeat,connected count=4
info|2019-11-15 15:52:27.448904|[LEDGER]stop sealer,groupID=1
info|2019-11-15 15:52:27.448927|[CONSENSUS][SEALER]Stop sealer module...
info|2019-11-15 15:52:27.459901|[CONSENSUS][ConsensusEngine][Stop ConsensusEngineBase]
info|2019-11-15 15:52:27.460736|[CONSENSUS][ConsensusEngine]ConsensusEngineBase stopped
info|2019-11-15 15:52:27.460746|[LEDGER]sealer stopped. stop sync,groupID=1
info|2019-11-15 15:52:27.533409|[SYNC][id:6e4f3ba3...]SyncMaster stopped
info|2019-11-15 15:52:27.533475|[LEDGER]ledger stopped,groupID=1
info|2019-11-15 15:52:27.551144|[EVENT][EventLogFilterManager]stop
info|2019-11-15 15:52:27.551189|[LEDGER]event filter manager stopped,groupID=1
info|2019-11-15 15:52:27.551208|[INITIALIZER]ledgerInitializer stopped
info|2019-11-15 15:52:28.551933|[INITIALIZER]ChannelRPCHttpServer deleted.
info|2019-11-15 15:52:28.552152|[INITIALIZER]JsonrpcHttpServer deleted.
info|2019-11-15 15:52:28.552162|[INITIALIZER]RPCInitializer stopped
info|2019-11-15 15:52:28.552187|[NETWORK][Host]Host exit
info|2019-11-15 15:52:28.552436|[INITIALIZER]P2PInitializer stopped
info|2019-11-15 15:52:28.552449|[LEDGER]stop sealer,groupID=1
info|2019-11-15 15:52:28.552455|[LEDGER]sealer stopped. stop sync,groupID=1
info|2019-11-15 15:52:28.552460|[SYNC][id:6e4f3ba3...]SyncMaster stopped
info|2019-11-15 15:52:28.552465|[LEDGER]ledger stopped,groupID=1
info|2019-11-15 15:52:28.552469|[LEDGER]event filter manager stopped,groupID=1
info|2019-11-15 15:52:28.552476|[STORAGE]Stopping flushStorage thread
info|2019-11-15 15:52:28.590843|[STORAGE]flushStorage thread stopped.
info|2019-11-15 15:52:28.590875|[DBINITIALIZER] storage stopped
info|2019-11-15 15:52:28.591014|[SYNC][id:6e4f3ba3...]SyncMaster stopped
