info|2019-12-12 20:00:00.129745|[P2P][Service] heartBeat,connected count=4
info|2019-12-12 20:00:10.130547|[P2P][Service] heartBeat,connected count=4
info|2019-12-12 20:00:20.130653|[P2P][Service] heartBeat,connected count=4
info|2019-12-12 20:00:30.131528|[P2P][Service] heartBeat,connected count=4
info|2019-12-12 20:00:40.131894|[P2P][Service] heartBeat,connected count=4
info|2019-12-12 20:00:50.132819|[P2P][Service] heartBeat,connected count=4
info|2019-12-12 20:01:00.132961|[P2P][Service] heartBeat,connected count=4
info|2019-12-12 20:01:10.133065|[P2P][Service] heartBeat,connected count=4
info|2019-12-12 20:01:20.133268|[P2P][Service] heartBeat,connected count=4
info|2019-12-12 20:01:30.134221|[P2P][Service] heartBeat,connected count=4
info|2019-12-12 20:01:40.134361|[P2P][Service] heartBeat,connected count=4
info|2019-12-12 20:01:50.134424|[P2P][Service] heartBeat,connected count=4
info|2019-12-12 20:02:00.135262|[P2P][Service] heartBeat,connected count=4
info|2019-12-12 20:02:10.135415|[P2P][Service] heartBeat,connected count=4
info|2019-12-12 20:02:20.135588|[P2P][Service] heartBeat,connected count=4
info|2019-12-12 20:02:30.135738|[P2P][Service] heartBeat,connected count=4
info|2019-12-12 20:02:40.136179|[P2P][Service] heartBeat,connected count=4
info|2019-12-12 20:02:50.136232|[P2P][Service] heartBeat,connected count=4
info|2019-12-12 20:03:00.139320|[P2P][Service] heartBeat,connected count=4
info|2019-12-12 20:03:10.139987|[P2P][Service] heartBeat,connected count=4
info|2019-12-12 20:03:20.140492|[P2P][Service] heartBeat,connected count=4
info|2019-12-12 20:03:30.140666|[P2P][Service] heartBeat,connected count=4
info|2019-12-12 20:03:40.140777|[P2P][Service] heartBeat,connected count=4
info|2019-12-12 20:03:50.141770|[P2P][Service] heartBeat,connected count=4
info|2019-12-12 20:04:00.142236|[P2P][Service] heartBeat,connected count=4
info|2019-12-12 20:04:10.142317|[P2P][Service] heartBeat,connected count=4
info|2019-12-12 20:04:20.142397|[P2P][Service] heartBeat,connected count=4
info|2019-12-12 20:04:30.142780|[P2P][Service] heartBeat,connected count=4
info|2019-12-12 20:04:40.143175|[P2P][Service] heartBeat,connected count=4
info|2019-12-12 20:04:50.143256|[P2P][Service] heartBeat,connected count=4
info|2019-12-12 20:05:00.149479|[P2P][Service] heartBeat,connected count=4
info|2019-12-12 20:05:10.150531|[P2P][Service] heartBeat,connected count=4
info|2019-12-12 20:05:20.150895|[P2P][Service] heartBeat,connected count=4
info|2019-12-12 20:05:30.150990|[P2P][Service] heartBeat,connected count=4
info|2019-12-12 20:05:40.151070|[P2P][Service] heartBeat,connected count=4
info|2019-12-12 20:05:50.152025|[P2P][Service] heartBeat,connected count=4
info|2019-12-12 20:06:00.152723|[P2P][Service] heartBeat,connected count=4
info|2019-12-12 20:06:10.152885|[P2P][Service] heartBeat,connected count=4
info|2019-12-12 20:06:20.153546|[P2P][Service] heartBeat,connected count=4
info|2019-12-12 20:06:30.154107|[P2P][Service] heartBeat,connected count=4
info|2019-12-12 20:06:40.154198|[P2P][Service] heartBeat,connected count=4
info|2019-12-12 20:06:50.154282|[P2P][Service] heartBeat,connected count=4
info|2019-12-12 20:07:00.154397|[P2P][Service] heartBeat,connected count=4
info|2019-12-12 20:07:10.155063|[P2P][Service] heartBeat,connected count=4
info|2019-12-12 20:07:20.155160|[P2P][Service] heartBeat,connected count=4
info|2019-12-12 20:07:30.155310|[P2P][Service] heartBeat,connected count=4
info|2019-12-12 20:07:40.156089|[P2P][Service] heartBeat,connected count=4
info|2019-12-12 20:07:50.158982|[P2P][Service] heartBeat,connected count=4
info|2019-12-12 20:08:00.159465|[P2P][Service] heartBeat,connected count=4
info|2019-12-12 20:08:10.159682|[P2P][Service] heartBeat,connected count=4
info|2019-12-12 20:08:20.160530|[P2P][Service] heartBeat,connected count=4
info|2019-12-12 20:08:30.161265|[P2P][Service] heartBeat,connected count=4
info|2019-12-12 20:08:40.162188|[P2P][Service] heartBeat,connected count=4
info|2019-12-12 20:08:50.163187|[P2P][Service] heartBeat,connected count=4
info|2019-12-12 20:09:00.163278|[P2P][Service] heartBeat,connected count=4
info|2019-12-12 20:09:10.163367|[P2P][Service] heartBeat,connected count=4
info|2019-12-12 20:09:20.164922|[P2P][Service] heartBeat,connected count=4
info|2019-12-12 20:09:30.165039|[P2P][Service] heartBeat,connected count=4
info|2019-12-12 20:09:40.165120|[P2P][Service] heartBeat,connected count=4
info|2019-12-12 20:09:50.165478|[P2P][Service] heartBeat,connected count=4
info|2019-12-12 20:10:00.166452|[P2P][Service] heartBeat,connected count=4
info|2019-12-12 20:10:10.167396|[P2P][Service] heartBeat,connected count=4
info|2019-12-12 20:10:20.167993|[P2P][Service] heartBeat,connected count=4
info|2019-12-12 20:10:30.168078|[P2P][Service] heartBeat,connected count=4
info|2019-12-12 20:10:40.168209|[P2P][Service] heartBeat,connected count=4
info|2019-12-12 20:10:50.168920|[P2P][Service] heartBeat,connected count=4
info|2019-12-12 20:10:52.356333|[LEDGER]stop sealer,groupID=1
info|2019-12-12 20:10:52.356349|[CONSENSUS][SEALER]Stop sealer module...
info|2019-12-12 20:10:52.361226|[CONSENSUS][ConsensusEngine][Stop ConsensusEngineBase]
info|2019-12-12 20:10:52.372665|[CONSENSUS][ConsensusEngine]ConsensusEngineBase stopped
info|2019-12-12 20:10:52.372675|[LEDGER]sealer stopped. stop sync,groupID=1
info|2019-12-12 20:10:52.506581|[SYNC][id:6e4f3ba3...]SyncMaster stopped
info|2019-12-12 20:10:52.506597|[LEDGER]ledger stopped,groupID=1
info|2019-12-12 20:10:52.546010|[EVENT][EventLogFilterManager]stop
info|2019-12-12 20:10:52.546053|[LEDGER]event filter manager stopped,groupID=1
info|2019-12-12 20:10:52.546067|[INITIALIZER]ledgerInitializer stopped
info|2019-12-12 20:10:53.546854|[INITIALIZER]ChannelRPCHttpServer deleted.
info|2019-12-12 20:10:53.547028|[INITIALIZER]JsonrpcHttpServer deleted.
info|2019-12-12 20:10:53.547037|[INITIALIZER]RPCInitializer stopped
info|2019-12-12 20:10:53.547065|[NETWORK][Host]Host exit
info|2019-12-12 20:10:53.547291|[INITIALIZER]P2PInitializer stopped
info|2019-12-12 20:10:53.547306|[LEDGER]stop sealer,groupID=1
info|2019-12-12 20:10:53.547313|[LEDGER]sealer stopped. stop sync,groupID=1
info|2019-12-12 20:10:53.547317|[SYNC][id:6e4f3ba3...]SyncMaster stopped
info|2019-12-12 20:10:53.547321|[LEDGER]ledger stopped,groupID=1
info|2019-12-12 20:10:53.547326|[LEDGER]event filter manager stopped,groupID=1
info|2019-12-12 20:10:53.547332|[STORAGE]Stopping flushStorage thread
info|2019-12-12 20:10:54.217634|[STORAGE]flushStorage thread stopped.
info|2019-12-12 20:10:54.217651|[DBINITIALIZER] storage stopped
info|2019-12-12 20:10:54.217742|[SYNC][id:6e4f3ba3...]SyncMaster stopped
