info|2019-12-13 23:00:03.924018|[P2P][Service] heartBeat,connected count=4
info|2019-12-13 23:00:13.924113|[P2P][Service] heartBeat,connected count=4
info|2019-12-13 23:00:23.924742|[P2P][Service] heartBeat,connected count=4
info|2019-12-13 23:00:33.924943|[P2P][Service] heartBeat,connected count=4
info|2019-12-13 23:00:43.925696|[P2P][Service] heartBeat,connected count=4
info|2019-12-13 23:00:53.926282|[P2P][Service] heartBeat,connected count=4
info|2019-12-13 23:01:03.926381|[P2P][Service] heartBeat,connected count=4
info|2019-12-13 23:01:13.926465|[P2P][Service] heartBeat,connected count=4
info|2019-12-13 23:01:23.926543|[P2P][Service] heartBeat,connected count=4
info|2019-12-13 23:01:33.927092|[P2P][Service] heartBeat,connected count=4
info|2019-12-13 23:01:43.927305|[P2P][Service] heartBeat,connected count=4
info|2019-12-13 23:01:53.928207|[P2P][Service] heartBeat,connected count=4
info|2019-12-13 23:02:03.928287|[P2P][Service] heartBeat,connected count=4
info|2019-12-13 23:02:13.928361|[P2P][Service] heartBeat,connected count=4
info|2019-12-13 23:02:23.928431|[P2P][Service] heartBeat,connected count=4
info|2019-12-13 23:02:33.928509|[P2P][Service] heartBeat,connected count=4
info|2019-12-13 23:02:43.928588|[P2P][Service] heartBeat,connected count=4
info|2019-12-13 23:02:53.928846|[P2P][Service] heartBeat,connected count=4
info|2019-12-13 23:03:03.933108|[P2P][Service] heartBeat,connected count=4
info|2019-12-13 23:03:13.933560|[P2P][Service] heartBeat,connected count=4
info|2019-12-13 23:03:23.933635|[P2P][Service] heartBeat,connected count=4
info|2019-12-13 23:03:33.933775|[P2P][Service] heartBeat,connected count=4
info|2019-12-13 23:03:43.933878|[P2P][Service] heartBeat,connected count=4
info|2019-12-13 23:03:53.933945|[P2P][Service] heartBeat,connected count=4
info|2019-12-13 23:04:03.934028|[P2P][Service] heartBeat,connected count=4
info|2019-12-13 23:04:13.934113|[P2P][Service] heartBeat,connected count=4
info|2019-12-13 23:04:23.934197|[P2P][Service] heartBeat,connected count=4
info|2019-12-13 23:04:33.934268|[P2P][Service] heartBeat,connected count=4
info|2019-12-13 23:04:43.934398|[P2P][Service] heartBeat,connected count=4
info|2019-12-13 23:04:53.934491|[P2P][Service] heartBeat,connected count=4
info|2019-12-13 23:05:03.934571|[P2P][Service] heartBeat,connected count=4
info|2019-12-13 23:05:13.934657|[P2P][Service] heartBeat,connected count=4
info|2019-12-13 23:05:23.935106|[P2P][Service] heartBeat,connected count=4
info|2019-12-13 23:05:33.935188|[P2P][Service] heartBeat,connected count=4
info|2019-12-13 23:05:43.935378|[P2P][Service] heartBeat,connected count=4
info|2019-12-13 23:05:53.936012|[P2P][Service] heartBeat,connected count=4
info|2019-12-13 23:06:03.936087|[P2P][Service] heartBeat,connected count=4
info|2019-12-13 23:06:13.936163|[P2P][Service] heartBeat,connected count=4
info|2019-12-13 23:06:23.937077|[P2P][Service] heartBeat,connected count=4
info|2019-12-13 23:06:33.937166|[P2P][Service] heartBeat,connected count=4
info|2019-12-13 23:06:43.937477|[P2P][Service] heartBeat,connected count=4
info|2019-12-13 23:06:53.937556|[P2P][Service] heartBeat,connected count=4
info|2019-12-13 23:07:03.937641|[P2P][Service] heartBeat,connected count=4
info|2019-12-13 23:07:13.937733|[P2P][Service] heartBeat,connected count=4
info|2019-12-13 23:07:23.937814|[P2P][Service] heartBeat,connected count=4
info|2019-12-13 23:07:33.937950|[P2P][Service] heartBeat,connected count=4
info|2019-12-13 23:07:43.938034|[P2P][Service] heartBeat,connected count=4
info|2019-12-13 23:07:53.939447|[P2P][Service] heartBeat,connected count=4
info|2019-12-13 23:08:03.939599|[P2P][Service] heartBeat,connected count=4
info|2019-12-13 23:08:13.939710|[P2P][Service] heartBeat,connected count=4
info|2019-12-13 23:08:23.939792|[P2P][Service] heartBeat,connected count=4
info|2019-12-13 23:08:33.940029|[P2P][Service] heartBeat,connected count=4
info|2019-12-13 23:08:43.940214|[P2P][Service] heartBeat,connected count=4
info|2019-12-13 23:08:53.940395|[P2P][Service] heartBeat,connected count=4
info|2019-12-13 23:09:03.940690|[P2P][Service] heartBeat,connected count=4
info|2019-12-13 23:09:13.940799|[P2P][Service] heartBeat,connected count=4
info|2019-12-13 23:09:23.941727|[P2P][Service] heartBeat,connected count=4
info|2019-12-13 23:09:33.941963|[P2P][Service] heartBeat,connected count=4
info|2019-12-13 23:09:43.942082|[P2P][Service] heartBeat,connected count=4
info|2019-12-13 23:09:53.942194|[P2P][Service] heartBeat,connected count=4
info|2019-12-13 23:10:03.942320|[P2P][Service] heartBeat,connected count=4
info|2019-12-13 23:10:13.943153|[P2P][Service] heartBeat,connected count=4
info|2019-12-13 23:10:23.943270|[P2P][Service] heartBeat,connected count=4
info|2019-12-13 23:10:33.944260|[P2P][Service] heartBeat,connected count=4
info|2019-12-13 23:10:43.944334|[P2P][Service] heartBeat,connected count=4
info|2019-12-13 23:10:53.944413|[P2P][Service] heartBeat,connected count=4
info|2019-12-13 23:11:03.944744|[P2P][Service] heartBeat,connected count=4
info|2019-12-13 23:11:13.944858|[P2P][Service] heartBeat,connected count=4
info|2019-12-13 23:11:23.944935|[P2P][Service] heartBeat,connected count=4
info|2019-12-13 23:11:33.945052|[P2P][Service] heartBeat,connected count=4
info|2019-12-13 23:11:43.945163|[P2P][Service] heartBeat,connected count=4
info|2019-12-13 23:11:53.946415|[P2P][Service] heartBeat,connected count=4
info|2019-12-13 23:12:03.946520|[P2P][Service] heartBeat,connected count=4
info|2019-12-13 23:12:13.946598|[P2P][Service] heartBeat,connected count=4
info|2019-12-13 23:12:23.946918|[P2P][Service] heartBeat,connected count=4
info|2019-12-13 23:12:33.947844|[P2P][Service] heartBeat,connected count=4
info|2019-12-13 23:12:43.948028|[P2P][Service] heartBeat,connected count=4
info|2019-12-13 23:12:53.948130|[P2P][Service] heartBeat,connected count=4
info|2019-12-13 23:13:03.948217|[P2P][Service] heartBeat,connected count=4
info|2019-12-13 23:13:13.948353|[P2P][Service] heartBeat,connected count=4
info|2019-12-13 23:13:23.948991|[P2P][Service] heartBeat,connected count=4
info|2019-12-13 23:13:33.949100|[P2P][Service] heartBeat,connected count=4
info|2019-12-13 23:13:43.949311|[P2P][Service] heartBeat,connected count=4
info|2019-12-13 23:13:53.949405|[P2P][Service] heartBeat,connected count=4
info|2019-12-13 23:14:03.949554|[P2P][Service] heartBeat,connected count=4
info|2019-12-13 23:14:13.950207|[P2P][Service] heartBeat,connected count=4
info|2019-12-13 23:14:23.950620|[P2P][Service] heartBeat,connected count=4
info|2019-12-13 23:14:33.950707|[P2P][Service] heartBeat,connected count=4
info|2019-12-13 23:14:43.950871|[P2P][Service] heartBeat,connected count=4
info|2019-12-13 23:14:53.951626|[P2P][Service] heartBeat,connected count=4
info|2019-12-13 23:15:03.951742|[P2P][Service] heartBeat,connected count=4
info|2019-12-13 23:15:13.951979|[P2P][Service] heartBeat,connected count=4
info|2019-12-13 23:15:23.952074|[P2P][Service] heartBeat,connected count=4
info|2019-12-13 23:15:33.952151|[P2P][Service] heartBeat,connected count=4
info|2019-12-13 23:15:43.952233|[P2P][Service] heartBeat,connected count=4
info|2019-12-13 23:15:53.952319|[P2P][Service] heartBeat,connected count=4
info|2019-12-13 23:16:03.952393|[P2P][Service] heartBeat,connected count=4
info|2019-12-13 23:16:13.952794|[P2P][Service] heartBeat,connected count=4
info|2019-12-13 23:16:23.953034|[P2P][Service] heartBeat,connected count=4
info|2019-12-13 23:16:33.953444|[P2P][Service] heartBeat,connected count=4
info|2019-12-13 23:16:43.953867|[P2P][Service] heartBeat,connected count=4
info|2019-12-13 23:16:53.954113|[P2P][Service] heartBeat,connected count=4
info|2019-12-13 23:17:03.954216|[P2P][Service] heartBeat,connected count=4
info|2019-12-13 23:17:13.954280|[P2P][Service] heartBeat,connected count=4
info|2019-12-13 23:17:23.954605|[P2P][Service] heartBeat,connected count=4
info|2019-12-13 23:17:33.955279|[P2P][Service] heartBeat,connected count=4
info|2019-12-13 23:17:43.955365|[P2P][Service] heartBeat,connected count=4
info|2019-12-13 23:17:53.955458|[P2P][Service] heartBeat,connected count=4
info|2019-12-13 23:18:03.955549|[P2P][Service] heartBeat,connected count=4
info|2019-12-13 23:18:13.955624|[P2P][Service] heartBeat,connected count=4
info|2019-12-13 23:18:23.955694|[P2P][Service] heartBeat,connected count=4
info|2019-12-13 23:18:33.955760|[P2P][Service] heartBeat,connected count=4
info|2019-12-13 23:18:43.956060|[P2P][Service] heartBeat,connected count=4
info|2019-12-13 23:18:53.956216|[P2P][Service] heartBeat,connected count=4
info|2019-12-13 23:19:03.956341|[P2P][Service] heartBeat,connected count=4
info|2019-12-13 23:19:13.956445|[P2P][Service] heartBeat,connected count=4
info|2019-12-13 23:19:23.956523|[P2P][Service] heartBeat,connected count=4
info|2019-12-13 23:19:33.956772|[P2P][Service] heartBeat,connected count=4
info|2019-12-13 23:19:43.956877|[P2P][Service] heartBeat,connected count=4
info|2019-12-13 23:19:53.957003|[P2P][Service] heartBeat,connected count=4
info|2019-12-13 23:20:03.957088|[P2P][Service] heartBeat,connected count=4
info|2019-12-13 23:20:13.957172|[P2P][Service] heartBeat,connected count=4
info|2019-12-13 23:20:23.957847|[P2P][Service] heartBeat,connected count=4
info|2019-12-13 23:20:33.957924|[P2P][Service] heartBeat,connected count=4
info|2019-12-13 23:20:43.958008|[P2P][Service] heartBeat,connected count=4
info|2019-12-13 23:20:53.958098|[P2P][Service] heartBeat,connected count=4
info|2019-12-13 23:21:03.958177|[P2P][Service] heartBeat,connected count=4
info|2019-12-13 23:21:13.958252|[P2P][Service] heartBeat,connected count=4
info|2019-12-13 23:21:23.958697|[P2P][Service] heartBeat,connected count=4
info|2019-12-13 23:21:33.958876|[P2P][Service] heartBeat,connected count=4
info|2019-12-13 23:21:43.959180|[P2P][Service] heartBeat,connected count=4
info|2019-12-13 23:21:53.959254|[P2P][Service] heartBeat,connected count=4
info|2019-12-13 23:22:03.959696|[P2P][Service] heartBeat,connected count=4
info|2019-12-13 23:22:13.959777|[P2P][Service] heartBeat,connected count=4
info|2019-12-13 23:22:23.959850|[P2P][Service] heartBeat,connected count=4
info|2019-12-13 23:22:33.959966|[P2P][Service] heartBeat,connected count=4
info|2019-12-13 23:22:43.960045|[P2P][Service] heartBeat,connected count=4
info|2019-12-13 23:22:53.960118|[P2P][Service] heartBeat,connected count=4
info|2019-12-13 23:23:03.960218|[P2P][Service] heartBeat,connected count=4
info|2019-12-13 23:23:13.961082|[P2P][Service] heartBeat,connected count=4
info|2019-12-13 23:23:23.961868|[P2P][Service] heartBeat,connected count=4
info|2019-12-13 23:23:33.961950|[P2P][Service] heartBeat,connected count=4
info|2019-12-13 23:23:43.962030|[P2P][Service] heartBeat,connected count=4
info|2019-12-13 23:23:53.962120|[P2P][Service] heartBeat,connected count=4
info|2019-12-13 23:24:03.962199|[P2P][Service] heartBeat,connected count=4
info|2019-12-13 23:24:13.962272|[P2P][Service] heartBeat,connected count=4
info|2019-12-13 23:24:23.962349|[P2P][Service] heartBeat,connected count=4
info|2019-12-13 23:24:33.962423|[P2P][Service] heartBeat,connected count=4
info|2019-12-13 23:24:43.962864|[P2P][Service] heartBeat,connected count=4
info|2019-12-13 23:24:53.962953|[P2P][Service] heartBeat,connected count=4
info|2019-12-13 23:25:03.966848|[P2P][Service] heartBeat,connected count=4
info|2019-12-13 23:25:13.967012|[P2P][Service] heartBeat,connected count=4
info|2019-12-13 23:25:23.967110|[P2P][Service] heartBeat,connected count=4
info|2019-12-13 23:25:33.967188|[P2P][Service] heartBeat,connected count=4
info|2019-12-13 23:25:43.967264|[P2P][Service] heartBeat,connected count=4
info|2019-12-13 23:25:53.968043|[P2P][Service] heartBeat,connected count=4
info|2019-12-13 23:26:03.968141|[P2P][Service] heartBeat,connected count=4
info|2019-12-13 23:26:13.968504|[P2P][Service] heartBeat,connected count=4
info|2019-12-13 23:26:23.968615|[P2P][Service] heartBeat,connected count=4
info|2019-12-13 23:26:33.968684|[P2P][Service] heartBeat,connected count=4
info|2019-12-13 23:26:43.968769|[P2P][Service] heartBeat,connected count=4
info|2019-12-13 23:26:53.969059|[P2P][Service] heartBeat,connected count=4
info|2019-12-13 23:27:03.969151|[P2P][Service] heartBeat,connected count=4
info|2019-12-13 23:27:13.969290|[P2P][Service] heartBeat,connected count=4
info|2019-12-13 23:27:23.969376|[P2P][Service] heartBeat,connected count=4
info|2019-12-13 23:27:33.969458|[P2P][Service] heartBeat,connected count=4
info|2019-12-13 23:27:43.969562|[P2P][Service] heartBeat,connected count=4
info|2019-12-13 23:27:53.969660|[P2P][Service] heartBeat,connected count=4
info|2019-12-13 23:28:03.969735|[P2P][Service] heartBeat,connected count=4
info|2019-12-13 23:28:13.969854|[P2P][Service] heartBeat,connected count=4
info|2019-12-13 23:28:23.969970|[P2P][Service] heartBeat,connected count=4
info|2019-12-13 23:28:33.970644|[P2P][Service] heartBeat,connected count=4
info|2019-12-13 23:28:43.970943|[P2P][Service] heartBeat,connected count=4
info|2019-12-13 23:28:53.971023|[P2P][Service] heartBeat,connected count=4
info|2019-12-13 23:29:03.971095|[P2P][Service] heartBeat,connected count=4
info|2019-12-13 23:29:13.971188|[P2P][Service] heartBeat,connected count=4
info|2019-12-13 23:29:23.971265|[P2P][Service] heartBeat,connected count=4
info|2019-12-13 23:29:33.971420|[P2P][Service] heartBeat,connected count=4
info|2019-12-13 23:29:43.971830|[P2P][Service] heartBeat,connected count=4
info|2019-12-13 23:29:53.972304|[P2P][Service] heartBeat,connected count=4
info|2019-12-13 23:30:03.972422|[P2P][Service] heartBeat,connected count=4
info|2019-12-13 23:30:13.972521|[P2P][Service] heartBeat,connected count=4
info|2019-12-13 23:30:23.972784|[P2P][Service] heartBeat,connected count=4
info|2019-12-13 23:30:33.973131|[P2P][Service] heartBeat,connected count=4
info|2019-12-13 23:30:43.973688|[P2P][Service] heartBeat,connected count=4
info|2019-12-13 23:30:53.973766|[P2P][Service] heartBeat,connected count=4
info|2019-12-13 23:31:03.973966|[P2P][Service] heartBeat,connected count=4
info|2019-12-13 23:31:13.974494|[P2P][Service] heartBeat,connected count=4
info|2019-12-13 23:31:23.974572|[P2P][Service] heartBeat,connected count=4
info|2019-12-13 23:31:33.975458|[P2P][Service] heartBeat,connected count=4
info|2019-12-13 23:31:43.975927|[P2P][Service] heartBeat,connected count=4
info|2019-12-13 23:31:53.976053|[P2P][Service] heartBeat,connected count=4
info|2019-12-13 23:32:03.976137|[P2P][Service] heartBeat,connected count=4
info|2019-12-13 23:32:13.976216|[P2P][Service] heartBeat,connected count=4
info|2019-12-13 23:32:23.976293|[P2P][Service] heartBeat,connected count=4
info|2019-12-13 23:32:33.976356|[P2P][Service] heartBeat,connected count=4
info|2019-12-13 23:32:43.976776|[P2P][Service] heartBeat,connected count=4
info|2019-12-13 23:32:53.976859|[P2P][Service] heartBeat,connected count=4
info|2019-12-13 23:33:03.976935|[P2P][Service] heartBeat,connected count=4
info|2019-12-13 23:33:13.977748|[P2P][Service] heartBeat,connected count=4
info|2019-12-13 23:33:23.977846|[P2P][Service] heartBeat,connected count=4
info|2019-12-13 23:33:33.977928|[P2P][Service] heartBeat,connected count=4
info|2019-12-13 23:33:43.978013|[P2P][Service] heartBeat,connected count=4
info|2019-12-13 23:33:53.978800|[P2P][Service] heartBeat,connected count=4
info|2019-12-13 23:34:03.978897|[P2P][Service] heartBeat,connected count=4
info|2019-12-13 23:34:13.979761|[P2P][Service] heartBeat,connected count=4
info|2019-12-13 23:34:23.979825|[P2P][Service] heartBeat,connected count=4
info|2019-12-13 23:34:33.979905|[P2P][Service] heartBeat,connected count=4
info|2019-12-13 23:34:43.979974|[P2P][Service] heartBeat,connected count=4
info|2019-12-13 23:34:53.980077|[P2P][Service] heartBeat,connected count=4
info|2019-12-13 23:35:03.980160|[P2P][Service] heartBeat,connected count=4
info|2019-12-13 23:35:13.980243|[P2P][Service] heartBeat,connected count=4
info|2019-12-13 23:35:23.980316|[P2P][Service] heartBeat,connected count=4
info|2019-12-13 23:35:33.980406|[P2P][Service] heartBeat,connected count=4
info|2019-12-13 23:35:43.980544|[P2P][Service] heartBeat,connected count=4
info|2019-12-13 23:35:53.980633|[P2P][Service] heartBeat,connected count=4
info|2019-12-13 23:36:03.980702|[P2P][Service] heartBeat,connected count=4
info|2019-12-13 23:36:13.980798|[P2P][Service] heartBeat,connected count=4
info|2019-12-13 23:36:23.980917|[P2P][Service] heartBeat,connected count=4
info|2019-12-13 23:36:33.981098|[P2P][Service] heartBeat,connected count=4
info|2019-12-13 23:36:43.981294|[P2P][Service] heartBeat,connected count=4
info|2019-12-13 23:36:53.981486|[P2P][Service] heartBeat,connected count=4
info|2019-12-13 23:37:03.981575|[P2P][Service] heartBeat,connected count=4
info|2019-12-13 23:37:13.981771|[P2P][Service] heartBeat,connected count=4
info|2019-12-13 23:37:23.982159|[P2P][Service] heartBeat,connected count=4
info|2019-12-13 23:37:33.982308|[P2P][Service] heartBeat,connected count=4
info|2019-12-13 23:37:43.982415|[P2P][Service] heartBeat,connected count=4
info|2019-12-13 23:37:53.982620|[P2P][Service] heartBeat,connected count=4
info|2019-12-13 23:38:03.982935|[P2P][Service] heartBeat,connected count=4
info|2019-12-13 23:38:13.983028|[P2P][Service] heartBeat,connected count=4
info|2019-12-13 23:38:23.983132|[P2P][Service] heartBeat,connected count=4
info|2019-12-13 23:38:33.983219|[P2P][Service] heartBeat,connected count=4
info|2019-12-13 23:38:43.983289|[P2P][Service] heartBeat,connected count=4
info|2019-12-13 23:38:53.983772|[P2P][Service] heartBeat,connected count=4
info|2019-12-13 23:39:03.983853|[P2P][Service] heartBeat,connected count=4
info|2019-12-13 23:39:13.983939|[P2P][Service] heartBeat,connected count=4
info|2019-12-13 23:39:23.984281|[P2P][Service] heartBeat,connected count=4
info|2019-12-13 23:39:33.984357|[P2P][Service] heartBeat,connected count=4
info|2019-12-13 23:39:43.993286|[P2P][Service] heartBeat,connected count=4
info|2019-12-13 23:39:53.993437|[P2P][Service] heartBeat,connected count=4
info|2019-12-13 23:40:03.993540|[P2P][Service] heartBeat,connected count=4
info|2019-12-13 23:40:13.993619|[P2P][Service] heartBeat,connected count=4
info|2019-12-13 23:40:23.993701|[P2P][Service] heartBeat,connected count=4
info|2019-12-13 23:40:33.993779|[P2P][Service] heartBeat,connected count=4
info|2019-12-13 23:40:43.994476|[P2P][Service] heartBeat,connected count=4
info|2019-12-13 23:40:53.994756|[P2P][Service] heartBeat,connected count=4
info|2019-12-13 23:41:03.994832|[P2P][Service] heartBeat,connected count=4
info|2019-12-13 23:41:13.994906|[P2P][Service] heartBeat,connected count=4
info|2019-12-13 23:41:23.995010|[P2P][Service] heartBeat,connected count=4
info|2019-12-13 23:41:33.995094|[P2P][Service] heartBeat,connected count=4
info|2019-12-13 23:41:43.995173|[P2P][Service] heartBeat,connected count=4
info|2019-12-13 23:41:53.995487|[P2P][Service] heartBeat,connected count=4
info|2019-12-13 23:42:03.995610|[P2P][Service] heartBeat,connected count=4
info|2019-12-13 23:42:13.995687|[P2P][Service] heartBeat,connected count=4
info|2019-12-13 23:42:23.995800|[P2P][Service] heartBeat,connected count=4
info|2019-12-13 23:42:33.995906|[P2P][Service] heartBeat,connected count=4
info|2019-12-13 23:42:43.996010|[P2P][Service] heartBeat,connected count=4
info|2019-12-13 23:42:53.996097|[P2P][Service] heartBeat,connected count=4
info|2019-12-13 23:43:03.996183|[P2P][Service] heartBeat,connected count=4
info|2019-12-13 23:43:13.996291|[P2P][Service] heartBeat,connected count=4
info|2019-12-13 23:43:23.996379|[P2P][Service] heartBeat,connected count=4
info|2019-12-13 23:43:33.996681|[P2P][Service] heartBeat,connected count=4
info|2019-12-13 23:43:43.996758|[P2P][Service] heartBeat,connected count=4
info|2019-12-13 23:43:53.996855|[P2P][Service] heartBeat,connected count=4
info|2019-12-13 23:44:03.996940|[P2P][Service] heartBeat,connected count=4
info|2019-12-13 23:44:13.997473|[P2P][Service] heartBeat,connected count=4
info|2019-12-13 23:44:23.997570|[P2P][Service] heartBeat,connected count=4
info|2019-12-13 23:44:33.998185|[P2P][Service] heartBeat,connected count=4
info|2019-12-13 23:44:43.998558|[P2P][Service] heartBeat,connected count=4
info|2019-12-13 23:44:53.998642|[P2P][Service] heartBeat,connected count=4
info|2019-12-13 23:45:03.999377|[P2P][Service] heartBeat,connected count=4
info|2019-12-13 23:45:13.999466|[P2P][Service] heartBeat,connected count=4
info|2019-12-13 23:45:23.999551|[P2P][Service] heartBeat,connected count=4
info|2019-12-13 23:45:33.999644|[P2P][Service] heartBeat,connected count=4
info|2019-12-13 23:45:43.999716|[P2P][Service] heartBeat,connected count=4
info|2019-12-13 23:45:53.999814|[P2P][Service] heartBeat,connected count=4
info|2019-12-13 23:46:04.000242|[P2P][Service] heartBeat,connected count=4
info|2019-12-13 23:46:14.000964|[P2P][Service] heartBeat,connected count=4
info|2019-12-13 23:46:24.001109|[P2P][Service] heartBeat,connected count=4
info|2019-12-13 23:46:34.001688|[P2P][Service] heartBeat,connected count=4
info|2019-12-13 23:46:44.001819|[P2P][Service] heartBeat,connected count=4
info|2019-12-13 23:46:54.002857|[P2P][Service] heartBeat,connected count=4
info|2019-12-13 23:47:04.003049|[P2P][Service] heartBeat,connected count=4
info|2019-12-13 23:47:14.003145|[P2P][Service] heartBeat,connected count=4
info|2019-12-13 23:47:24.003226|[P2P][Service] heartBeat,connected count=4
info|2019-12-13 23:47:34.003318|[P2P][Service] heartBeat,connected count=4
info|2019-12-13 23:47:44.003403|[P2P][Service] heartBeat,connected count=4
info|2019-12-13 23:47:54.003496|[P2P][Service] heartBeat,connected count=4
info|2019-12-13 23:48:04.003591|[P2P][Service] heartBeat,connected count=4
info|2019-12-13 23:48:14.003685|[P2P][Service] heartBeat,connected count=4
info|2019-12-13 23:48:24.003781|[P2P][Service] heartBeat,connected count=4
info|2019-12-13 23:48:34.003858|[P2P][Service] heartBeat,connected count=4
info|2019-12-13 23:48:44.004029|[P2P][Service] heartBeat,connected count=4
info|2019-12-13 23:48:54.004123|[P2P][Service] heartBeat,connected count=4
info|2019-12-13 23:49:04.004202|[P2P][Service] heartBeat,connected count=4
info|2019-12-13 23:49:14.004730|[P2P][Service] heartBeat,connected count=4
info|2019-12-13 23:49:24.004825|[P2P][Service] heartBeat,connected count=4
info|2019-12-13 23:49:34.004907|[P2P][Service] heartBeat,connected count=4
info|2019-12-13 23:49:44.005013|[P2P][Service] heartBeat,connected count=4
info|2019-12-13 23:49:54.005091|[P2P][Service] heartBeat,connected count=4
info|2019-12-13 23:50:04.005353|[P2P][Service] heartBeat,connected count=4
info|2019-12-13 23:50:14.005445|[P2P][Service] heartBeat,connected count=4
info|2019-12-13 23:50:24.005591|[P2P][Service] heartBeat,connected count=4
info|2019-12-13 23:50:34.005668|[P2P][Service] heartBeat,connected count=4
info|2019-12-13 23:50:44.005769|[P2P][Service] heartBeat,connected count=4
info|2019-12-13 23:50:54.012368|[P2P][Service] heartBeat,connected count=4
info|2019-12-13 23:51:04.012510|[P2P][Service] heartBeat,connected count=4
info|2019-12-13 23:51:14.014611|[P2P][Service] heartBeat,connected count=4
info|2019-12-13 23:51:24.014938|[P2P][Service] heartBeat,connected count=4
info|2019-12-13 23:51:34.015077|[P2P][Service] heartBeat,connected count=4
info|2019-12-13 23:51:44.015161|[P2P][Service] heartBeat,connected count=4
info|2019-12-13 23:51:54.015274|[P2P][Service] heartBeat,connected count=4
info|2019-12-13 23:52:04.015351|[P2P][Service] heartBeat,connected count=4
info|2019-12-13 23:52:14.017240|[P2P][Service] heartBeat,connected count=4
info|2019-12-13 23:52:24.017336|[P2P][Service] heartBeat,connected count=4
info|2019-12-13 23:52:28.025008|[LEDGER]stop sealer,groupID=1
info|2019-12-13 23:52:28.025032|[CONSENSUS][SEALER]Stop sealer module...
info|2019-12-13 23:52:28.030396|[CONSENSUS][ConsensusEngine][Stop ConsensusEngineBase]
info|2019-12-13 23:52:28.036316|[CONSENSUS][ConsensusEngine]ConsensusEngineBase stopped
info|2019-12-13 23:52:28.036327|[LEDGER]sealer stopped. stop sync,groupID=1
info|2019-12-13 23:52:28.040074|[SYNC][id:6e4f3ba3...]SyncMaster stopped
info|2019-12-13 23:52:28.040092|[LEDGER]ledger stopped,groupID=1
info|2019-12-13 23:52:28.081324|[EVENT][EventLogFilterManager]stop
info|2019-12-13 23:52:28.081344|[LEDGER]event filter manager stopped,groupID=1
info|2019-12-13 23:52:28.081351|[INITIALIZER]ledgerInitializer stopped
info|2019-12-13 23:52:29.081852|[INITIALIZER]ChannelRPCHttpServer deleted.
info|2019-12-13 23:52:29.082799|[INITIALIZER]JsonrpcHttpServer deleted.
info|2019-12-13 23:52:29.082849|[INITIALIZER]RPCInitializer stopped
info|2019-12-13 23:52:29.082928|[NETWORK][Host]Host exit
info|2019-12-13 23:52:29.084294|[INITIALIZER]P2PInitializer stopped
info|2019-12-13 23:52:29.084353|[LEDGER]stop sealer,groupID=1
info|2019-12-13 23:52:29.084375|[LEDGER]sealer stopped. stop sync,groupID=1
info|2019-12-13 23:52:29.084391|[SYNC][id:6e4f3ba3...]SyncMaster stopped
info|2019-12-13 23:52:29.084407|[LEDGER]ledger stopped,groupID=1
info|2019-12-13 23:52:29.084422|[LEDGER]event filter manager stopped,groupID=1
info|2019-12-13 23:52:29.084448|[STORAGE]Stopping flushStorage thread
info|2019-12-13 23:52:29.954798|[STORAGE]flushStorage thread stopped.
info|2019-12-13 23:52:29.954812|[DBINITIALIZER] storage stopped
info|2019-12-13 23:52:29.954888|[SYNC][id:6e4f3ba3...]SyncMaster stopped
