info|2019-11-15 22:00:01.702968|[P2P][Service] heartBeat,connected count=4
info|2019-11-15 22:00:11.703053|[P2P][Service] heartBeat,connected count=4
info|2019-11-15 22:00:21.703771|[P2P][Service] heartBeat,connected count=4
info|2019-11-15 22:00:31.704282|[P2P][Service] heartBeat,connected count=4
info|2019-11-15 22:00:41.704372|[P2P][Service] heartBeat,connected count=4
info|2019-11-15 22:00:51.704454|[P2P][Service] heartBeat,connected count=4
info|2019-11-15 22:01:01.704849|[P2P][Service] heartBeat,connected count=4
info|2019-11-15 22:01:11.705723|[P2P][Service] heartBeat,connected count=4
info|2019-11-15 22:01:21.706186|[P2P][Service] heartBeat,connected count=4
info|2019-11-15 22:01:31.706275|[P2P][Service] heartBeat,connected count=4
info|2019-11-15 22:01:41.706809|[P2P][Service] heartBeat,connected count=4
info|2019-11-15 22:01:51.707475|[P2P][Service] heartBeat,connected count=4
info|2019-11-15 22:02:01.707560|[P2P][Service] heartBeat,connected count=4
info|2019-11-15 22:02:11.707709|[P2P][Service] heartBeat,connected count=4
info|2019-11-15 22:02:21.708006|[P2P][Service] heartBeat,connected count=4
info|2019-11-15 22:02:31.708110|[P2P][Service] heartBeat,connected count=4
info|2019-11-15 22:02:41.708202|[P2P][Service] heartBeat,connected count=4
info|2019-11-15 22:02:51.708327|[P2P][Service] heartBeat,connected count=4
info|2019-11-15 22:03:01.708492|[P2P][Service] heartBeat,connected count=4
info|2019-11-15 22:03:11.708590|[P2P][Service] heartBeat,connected count=4
info|2019-11-15 22:03:21.708679|[P2P][Service] heartBeat,connected count=4
info|2019-11-15 22:03:31.708814|[P2P][Service] heartBeat,connected count=4
info|2019-11-15 22:03:41.708894|[P2P][Service] heartBeat,connected count=4
info|2019-11-15 22:03:51.709327|[P2P][Service] heartBeat,connected count=4
info|2019-11-15 22:04:01.709758|[P2P][Service] heartBeat,connected count=4
info|2019-11-15 22:04:11.709836|[P2P][Service] heartBeat,connected count=4
info|2019-11-15 22:04:21.709915|[P2P][Service] heartBeat,connected count=4
info|2019-11-15 22:04:31.709992|[P2P][Service] heartBeat,connected count=4
info|2019-11-15 22:04:41.710078|[P2P][Service] heartBeat,connected count=4
info|2019-11-15 22:04:51.710152|[P2P][Service] heartBeat,connected count=4
info|2019-11-15 22:05:01.710312|[P2P][Service] heartBeat,connected count=4
info|2019-11-15 22:05:11.710432|[P2P][Service] heartBeat,connected count=4
info|2019-11-15 22:05:21.710524|[P2P][Service] heartBeat,connected count=4
info|2019-11-15 22:05:31.710606|[P2P][Service] heartBeat,connected count=4
info|2019-11-15 22:05:41.710684|[P2P][Service] heartBeat,connected count=4
info|2019-11-15 22:05:51.710766|[P2P][Service] heartBeat,connected count=4
info|2019-11-15 22:06:01.710860|[P2P][Service] heartBeat,connected count=4
info|2019-11-15 22:06:11.710947|[P2P][Service] heartBeat,connected count=4
info|2019-11-15 22:06:21.711040|[P2P][Service] heartBeat,connected count=4
info|2019-11-15 22:06:31.711224|[P2P][Service] heartBeat,connected count=4
info|2019-11-15 22:06:41.711337|[P2P][Service] heartBeat,connected count=4
info|2019-11-15 22:06:51.711527|[P2P][Service] heartBeat,connected count=4
info|2019-11-15 22:07:01.712022|[P2P][Service] heartBeat,connected count=4
info|2019-11-15 22:07:11.712207|[P2P][Service] heartBeat,connected count=4
info|2019-11-15 22:07:21.712303|[P2P][Service] heartBeat,connected count=4
info|2019-11-15 22:07:31.712428|[P2P][Service] heartBeat,connected count=4
info|2019-11-15 22:07:41.713077|[P2P][Service] heartBeat,connected count=4
info|2019-11-15 22:07:51.713153|[P2P][Service] heartBeat,connected count=4
info|2019-11-15 22:08:01.713352|[P2P][Service] heartBeat,connected count=4
info|2019-11-15 22:08:11.713570|[P2P][Service] heartBeat,connected count=4
info|2019-11-15 22:08:21.714307|[P2P][Service] heartBeat,connected count=4
info|2019-11-15 22:08:31.714921|[P2P][Service] heartBeat,connected count=4
info|2019-11-15 22:08:41.715089|[P2P][Service] heartBeat,connected count=4
info|2019-11-15 22:08:51.715264|[P2P][Service] heartBeat,connected count=4
info|2019-11-15 22:09:01.715961|[P2P][Service] heartBeat,connected count=4
info|2019-11-15 22:09:11.716053|[P2P][Service] heartBeat,connected count=4
info|2019-11-15 22:09:21.716134|[P2P][Service] heartBeat,connected count=4
info|2019-11-15 22:09:31.716403|[P2P][Service] heartBeat,connected count=4
info|2019-11-15 22:09:41.716579|[P2P][Service] heartBeat,connected count=4
info|2019-11-15 22:09:51.716750|[P2P][Service] heartBeat,connected count=4
info|2019-11-15 22:10:01.716853|[P2P][Service] heartBeat,connected count=4
info|2019-11-15 22:10:11.716937|[P2P][Service] heartBeat,connected count=4
info|2019-11-15 22:10:21.717180|[P2P][Service] heartBeat,connected count=4
info|2019-11-15 22:10:31.717273|[P2P][Service] heartBeat,connected count=4
info|2019-11-15 22:10:41.717358|[P2P][Service] heartBeat,connected count=4
info|2019-11-15 22:10:51.718160|[P2P][Service] heartBeat,connected count=4
info|2019-11-15 22:11:01.718240|[P2P][Service] heartBeat,connected count=4
info|2019-11-15 22:11:11.719357|[P2P][Service] heartBeat,connected count=4
info|2019-11-15 22:11:21.719430|[P2P][Service] heartBeat,connected count=4
info|2019-11-15 22:11:31.720136|[P2P][Service] heartBeat,connected count=4
info|2019-11-15 22:11:41.720222|[P2P][Service] heartBeat,connected count=4
info|2019-11-15 22:11:51.720365|[P2P][Service] heartBeat,connected count=4
info|2019-11-15 22:12:01.720444|[P2P][Service] heartBeat,connected count=4
info|2019-11-15 22:12:11.720525|[P2P][Service] heartBeat,connected count=4
info|2019-11-15 22:12:21.720633|[P2P][Service] heartBeat,connected count=4
info|2019-11-15 22:12:31.720706|[P2P][Service] heartBeat,connected count=4
info|2019-11-15 22:12:41.720779|[P2P][Service] heartBeat,connected count=4
info|2019-11-15 22:12:51.720860|[P2P][Service] heartBeat,connected count=4
info|2019-11-15 22:13:01.720944|[P2P][Service] heartBeat,connected count=4
info|2019-11-15 22:13:11.721025|[P2P][Service] heartBeat,connected count=4
info|2019-11-15 22:13:21.721427|[P2P][Service] heartBeat,connected count=4
info|2019-11-15 22:13:31.721496|[P2P][Service] heartBeat,connected count=4
info|2019-11-15 22:13:41.721668|[P2P][Service] heartBeat,connected count=4
info|2019-11-15 22:13:51.721877|[P2P][Service] heartBeat,connected count=4
info|2019-11-15 22:14:01.721992|[P2P][Service] heartBeat,connected count=4
info|2019-11-15 22:14:11.722246|[P2P][Service] heartBeat,connected count=4
info|2019-11-15 22:14:21.722413|[P2P][Service] heartBeat,connected count=4
info|2019-11-15 22:14:31.723447|[P2P][Service] heartBeat,connected count=4
info|2019-11-15 22:14:41.724016|[P2P][Service] heartBeat,connected count=4
info|2019-11-15 22:14:51.724096|[P2P][Service] heartBeat,connected count=4
info|2019-11-15 22:15:01.724170|[P2P][Service] heartBeat,connected count=4
info|2019-11-15 22:15:11.724716|[P2P][Service] heartBeat,connected count=4
info|2019-11-15 22:15:21.725355|[P2P][Service] heartBeat,connected count=4
info|2019-11-15 22:15:31.725443|[P2P][Service] heartBeat,connected count=4
info|2019-11-15 22:15:41.725528|[P2P][Service] heartBeat,connected count=4
info|2019-11-15 22:15:51.725610|[P2P][Service] heartBeat,connected count=4
info|2019-11-15 22:16:01.725693|[P2P][Service] heartBeat,connected count=4
info|2019-11-15 22:16:11.726405|[P2P][Service] heartBeat,connected count=4
info|2019-11-15 22:16:21.727565|[P2P][Service] heartBeat,connected count=4
info|2019-11-15 22:16:31.727661|[P2P][Service] heartBeat,connected count=4
info|2019-11-15 22:16:41.727814|[P2P][Service] heartBeat,connected count=4
info|2019-11-15 22:16:51.727894|[P2P][Service] heartBeat,connected count=4
info|2019-11-15 22:17:01.727993|[P2P][Service] heartBeat,connected count=4
info|2019-11-15 22:17:11.728205|[P2P][Service] heartBeat,connected count=4
info|2019-11-15 22:17:21.728373|[P2P][Service] heartBeat,connected count=4
info|2019-11-15 22:17:31.728548|[P2P][Service] heartBeat,connected count=4
info|2019-11-15 22:17:41.728640|[P2P][Service] heartBeat,connected count=4
info|2019-11-15 22:17:51.728749|[P2P][Service] heartBeat,connected count=4
info|2019-11-15 22:18:01.728835|[P2P][Service] heartBeat,connected count=4
info|2019-11-15 22:18:11.728931|[P2P][Service] heartBeat,connected count=4
info|2019-11-15 22:18:21.729015|[P2P][Service] heartBeat,connected count=4
info|2019-11-15 22:18:31.729115|[P2P][Service] heartBeat,connected count=4
info|2019-11-15 22:18:41.729193|[P2P][Service] heartBeat,connected count=4
info|2019-11-15 22:18:51.729293|[P2P][Service] heartBeat,connected count=4
info|2019-11-15 22:19:01.729374|[P2P][Service] heartBeat,connected count=4
info|2019-11-15 22:19:11.729503|[P2P][Service] heartBeat,connected count=4
info|2019-11-15 22:19:21.729600|[P2P][Service] heartBeat,connected count=4
info|2019-11-15 22:19:31.730132|[P2P][Service] heartBeat,connected count=4
info|2019-11-15 22:19:41.730465|[P2P][Service] heartBeat,connected count=4
info|2019-11-15 22:19:51.730596|[P2P][Service] heartBeat,connected count=4
info|2019-11-15 22:20:01.730678|[P2P][Service] heartBeat,connected count=4
info|2019-11-15 22:20:11.731471|[P2P][Service] heartBeat,connected count=4
info|2019-11-15 22:20:21.731552|[P2P][Service] heartBeat,connected count=4
info|2019-11-15 22:20:31.731629|[P2P][Service] heartBeat,connected count=4
info|2019-11-15 22:20:41.731863|[P2P][Service] heartBeat,connected count=4
info|2019-11-15 22:20:51.731979|[P2P][Service] heartBeat,connected count=4
info|2019-11-15 22:21:01.732266|[P2P][Service] heartBeat,connected count=4
info|2019-11-15 22:21:11.732347|[P2P][Service] heartBeat,connected count=4
info|2019-11-15 22:21:13.623794|[LEDGER]stop sealer,groupID=1
info|2019-11-15 22:21:13.623805|[CONSENSUS][SEALER]Stop sealer module...
info|2019-11-15 22:21:13.630402|[CONSENSUS][ConsensusEngine][Stop ConsensusEngineBase]
info|2019-11-15 22:21:13.635891|[CONSENSUS][ConsensusEngine]ConsensusEngineBase stopped
info|2019-11-15 22:21:13.635910|[LEDGER]sealer stopped. stop sync,groupID=1
info|2019-11-15 22:21:13.668417|[SYNC][id:6e4f3ba3...]SyncMaster stopped
info|2019-11-15 22:21:13.668439|[LEDGER]ledger stopped,groupID=1
info|2019-11-15 22:21:13.688773|[EVENT][EventLogFilterManager]stop
info|2019-11-15 22:21:13.688792|[LEDGER]event filter manager stopped,groupID=1
info|2019-11-15 22:21:13.688798|[INITIALIZER]ledgerInitializer stopped
info|2019-11-15 22:21:14.689115|[INITIALIZER]ChannelRPCHttpServer deleted.
info|2019-11-15 22:21:14.689355|[INITIALIZER]JsonrpcHttpServer deleted.
info|2019-11-15 22:21:14.689366|[INITIALIZER]RPCInitializer stopped
info|2019-11-15 22:21:14.689389|[NETWORK][Host]Host exit
info|2019-11-15 22:21:14.689626|[INITIALIZER]P2PInitializer stopped
info|2019-11-15 22:21:14.689639|[LEDGER]stop sealer,groupID=1
info|2019-11-15 22:21:14.689704|[LEDGER]sealer stopped. stop sync,groupID=1
info|2019-11-15 22:21:14.689709|[SYNC][id:6e4f3ba3...]SyncMaster stopped
info|2019-11-15 22:21:14.689713|[LEDGER]ledger stopped,groupID=1
info|2019-11-15 22:21:14.689717|[LEDGER]event filter manager stopped,groupID=1
info|2019-11-15 22:21:14.689723|[STORAGE]Stopping flushStorage thread
info|2019-11-15 22:21:15.636374|[STORAGE]flushStorage thread stopped.
info|2019-11-15 22:21:15.636387|[DBINITIALIZER] storage stopped
info|2019-11-15 22:21:15.636442|[SYNC][id:6e4f3ba3...]SyncMaster stopped
