info|2019-11-13 21:00:08.330696|[P2P][Service] heartBeat,connected count=4
info|2019-11-13 21:00:18.331148|[P2P][Service] heartBeat,connected count=4
info|2019-11-13 21:00:28.331243|[P2P][Service] heartBeat,connected count=4
info|2019-11-13 21:00:38.331329|[P2P][Service] heartBeat,connected count=4
info|2019-11-13 21:00:48.331414|[P2P][Service] heartBeat,connected count=4
info|2019-11-13 21:00:58.331691|[P2P][Service] heartBeat,connected count=4
info|2019-11-13 21:01:08.331807|[P2P][Service] heartBeat,connected count=4
info|2019-11-13 21:01:18.331893|[P2P][Service] heartBeat,connected count=4
info|2019-11-13 21:01:28.332687|[P2P][Service] heartBeat,connected count=4
info|2019-11-13 21:01:38.332803|[P2P][Service] heartBeat,connected count=4
info|2019-11-13 21:01:48.333044|[P2P][Service] heartBeat,connected count=4
info|2019-11-13 21:01:58.333208|[P2P][Service] heartBeat,connected count=4
info|2019-11-13 21:02:08.333349|[P2P][Service] heartBeat,connected count=4
info|2019-11-13 21:02:18.333565|[P2P][Service] heartBeat,connected count=4
info|2019-11-13 21:02:28.333695|[P2P][Service] heartBeat,connected count=4
info|2019-11-13 21:02:38.333777|[P2P][Service] heartBeat,connected count=4
info|2019-11-13 21:02:48.333851|[P2P][Service] heartBeat,connected count=4
info|2019-11-13 21:02:58.334356|[P2P][Service] heartBeat,connected count=4
info|2019-11-13 21:03:08.334484|[P2P][Service] heartBeat,connected count=4
info|2019-11-13 21:03:18.334602|[P2P][Service] heartBeat,connected count=4
info|2019-11-13 21:03:28.334696|[P2P][Service] heartBeat,connected count=4
info|2019-11-13 21:03:38.334927|[P2P][Service] heartBeat,connected count=4
info|2019-11-13 21:03:48.335009|[P2P][Service] heartBeat,connected count=4
info|2019-11-13 21:03:58.335073|[P2P][Service] heartBeat,connected count=4
info|2019-11-13 21:04:08.335149|[P2P][Service] heartBeat,connected count=4
info|2019-11-13 21:04:18.335224|[P2P][Service] heartBeat,connected count=4
info|2019-11-13 21:04:28.335388|[P2P][Service] heartBeat,connected count=4
info|2019-11-13 21:04:38.336069|[P2P][Service] heartBeat,connected count=4
info|2019-11-13 21:04:48.336173|[P2P][Service] heartBeat,connected count=4
info|2019-11-13 21:04:58.336328|[P2P][Service] heartBeat,connected count=4
info|2019-11-13 21:05:08.336408|[P2P][Service] heartBeat,connected count=4
info|2019-11-13 21:05:18.336489|[P2P][Service] heartBeat,connected count=4
info|2019-11-13 21:05:28.336578|[P2P][Service] heartBeat,connected count=4
info|2019-11-13 21:05:38.336653|[P2P][Service] heartBeat,connected count=4
info|2019-11-13 21:05:48.336732|[P2P][Service] heartBeat,connected count=4
info|2019-11-13 21:05:58.337250|[P2P][Service] heartBeat,connected count=4
info|2019-11-13 21:06:08.337344|[P2P][Service] heartBeat,connected count=4
info|2019-11-13 21:06:18.337424|[P2P][Service] heartBeat,connected count=4
info|2019-11-13 21:06:28.337495|[P2P][Service] heartBeat,connected count=4
info|2019-11-13 21:06:38.337573|[P2P][Service] heartBeat,connected count=4
info|2019-11-13 21:06:48.337652|[P2P][Service] heartBeat,connected count=4
info|2019-11-13 21:06:58.337742|[P2P][Service] heartBeat,connected count=4
info|2019-11-13 21:07:08.337813|[P2P][Service] heartBeat,connected count=4
info|2019-11-13 21:07:18.337901|[P2P][Service] heartBeat,connected count=4
info|2019-11-13 21:07:28.337969|[P2P][Service] heartBeat,connected count=4
info|2019-11-13 21:07:38.338204|[P2P][Service] heartBeat,connected count=4
info|2019-11-13 21:07:48.338796|[P2P][Service] heartBeat,connected count=4
info|2019-11-13 21:07:58.338972|[P2P][Service] heartBeat,connected count=4
info|2019-11-13 21:08:08.339053|[P2P][Service] heartBeat,connected count=4
info|2019-11-13 21:08:18.340412|[P2P][Service] heartBeat,connected count=4
info|2019-11-13 21:08:28.340509|[P2P][Service] heartBeat,connected count=4
info|2019-11-13 21:08:38.340753|[P2P][Service] heartBeat,connected count=4
info|2019-11-13 21:08:48.340834|[P2P][Service] heartBeat,connected count=4
info|2019-11-13 21:08:58.340920|[P2P][Service] heartBeat,connected count=4
info|2019-11-13 21:09:08.341077|[P2P][Service] heartBeat,connected count=4
info|2019-11-13 21:09:18.341191|[P2P][Service] heartBeat,connected count=4
info|2019-11-13 21:09:28.341280|[P2P][Service] heartBeat,connected count=4
info|2019-11-13 21:09:38.341936|[P2P][Service] heartBeat,connected count=4
info|2019-11-13 21:09:48.342015|[P2P][Service] heartBeat,connected count=4
info|2019-11-13 21:09:58.342473|[P2P][Service] heartBeat,connected count=4
info|2019-11-13 21:10:08.343046|[P2P][Service] heartBeat,connected count=4
info|2019-11-13 21:10:18.345750|[P2P][Service] heartBeat,connected count=4
info|2019-11-13 21:10:28.346359|[P2P][Service] heartBeat,connected count=4
info|2019-11-13 21:10:38.346438|[P2P][Service] heartBeat,connected count=4
info|2019-11-13 21:10:48.346567|[P2P][Service] heartBeat,connected count=4
info|2019-11-13 21:10:58.346646|[P2P][Service] heartBeat,connected count=4
info|2019-11-13 21:11:08.346722|[P2P][Service] heartBeat,connected count=4
info|2019-11-13 21:11:18.346800|[P2P][Service] heartBeat,connected count=4
info|2019-11-13 21:11:28.346878|[P2P][Service] heartBeat,connected count=4
info|2019-11-13 21:11:38.346958|[P2P][Service] heartBeat,connected count=4
info|2019-11-13 21:11:48.347457|[P2P][Service] heartBeat,connected count=4
info|2019-11-13 21:11:58.347536|[P2P][Service] heartBeat,connected count=4
info|2019-11-13 21:12:08.349560|[P2P][Service] heartBeat,connected count=4
info|2019-11-13 21:12:18.349642|[P2P][Service] heartBeat,connected count=4
info|2019-11-13 21:12:28.349729|[P2P][Service] heartBeat,connected count=4
info|2019-11-13 21:12:38.349973|[P2P][Service] heartBeat,connected count=4
info|2019-11-13 21:12:48.350094|[P2P][Service] heartBeat,connected count=4
info|2019-11-13 21:12:58.350180|[P2P][Service] heartBeat,connected count=4
info|2019-11-13 21:13:08.350258|[P2P][Service] heartBeat,connected count=4
info|2019-11-13 21:13:18.350378|[P2P][Service] heartBeat,connected count=4
info|2019-11-13 21:13:28.350592|[P2P][Service] heartBeat,connected count=4
info|2019-11-13 21:13:38.350677|[P2P][Service] heartBeat,connected count=4
info|2019-11-13 21:13:48.350750|[P2P][Service] heartBeat,connected count=4
info|2019-11-13 21:13:58.350827|[P2P][Service] heartBeat,connected count=4
info|2019-11-13 21:14:08.350902|[P2P][Service] heartBeat,connected count=4
info|2019-11-13 21:14:18.351025|[P2P][Service] heartBeat,connected count=4
info|2019-11-13 21:14:28.351112|[P2P][Service] heartBeat,connected count=4
info|2019-11-13 21:14:38.351197|[P2P][Service] heartBeat,connected count=4
info|2019-11-13 21:14:48.351275|[P2P][Service] heartBeat,connected count=4
info|2019-11-13 21:14:58.351351|[P2P][Service] heartBeat,connected count=4
info|2019-11-13 21:15:08.351433|[P2P][Service] heartBeat,connected count=4
info|2019-11-13 21:15:18.351526|[P2P][Service] heartBeat,connected count=4
info|2019-11-13 21:15:28.352559|[P2P][Service] heartBeat,connected count=4
info|2019-11-13 21:15:38.353000|[P2P][Service] heartBeat,connected count=4
info|2019-11-13 21:15:48.353082|[P2P][Service] heartBeat,connected count=4
info|2019-11-13 21:15:58.353531|[P2P][Service] heartBeat,connected count=4
info|2019-11-13 21:16:08.354345|[P2P][Service] heartBeat,connected count=4
info|2019-11-13 21:16:18.354433|[P2P][Service] heartBeat,connected count=4
info|2019-11-13 21:16:28.354529|[P2P][Service] heartBeat,connected count=4
info|2019-11-13 21:16:38.354609|[P2P][Service] heartBeat,connected count=4
info|2019-11-13 21:16:48.355109|[P2P][Service] heartBeat,connected count=4
info|2019-11-13 21:16:58.355190|[P2P][Service] heartBeat,connected count=4
info|2019-11-13 21:17:08.355270|[P2P][Service] heartBeat,connected count=4
info|2019-11-13 21:17:18.355445|[P2P][Service] heartBeat,connected count=4
info|2019-11-13 21:17:28.355591|[P2P][Service] heartBeat,connected count=4
info|2019-11-13 21:17:38.355685|[P2P][Service] heartBeat,connected count=4
info|2019-11-13 21:17:48.356253|[P2P][Service] heartBeat,connected count=4
info|2019-11-13 21:17:58.356336|[P2P][Service] heartBeat,connected count=4
info|2019-11-13 21:18:08.356411|[P2P][Service] heartBeat,connected count=4
info|2019-11-13 21:18:18.356539|[P2P][Service] heartBeat,connected count=4
info|2019-11-13 21:18:28.356619|[P2P][Service] heartBeat,connected count=4
info|2019-11-13 21:18:38.356718|[P2P][Service] heartBeat,connected count=4
info|2019-11-13 21:18:48.356846|[P2P][Service] heartBeat,connected count=4
info|2019-11-13 21:18:58.356991|[P2P][Service] heartBeat,connected count=4
info|2019-11-13 21:19:08.357078|[P2P][Service] heartBeat,connected count=4
info|2019-11-13 21:19:18.357164|[P2P][Service] heartBeat,connected count=4
info|2019-11-13 21:19:28.357258|[P2P][Service] heartBeat,connected count=4
info|2019-11-13 21:19:38.357345|[P2P][Service] heartBeat,connected count=4
info|2019-11-13 21:19:48.357489|[P2P][Service] heartBeat,connected count=4
info|2019-11-13 21:19:58.357571|[P2P][Service] heartBeat,connected count=4
info|2019-11-13 21:20:08.358087|[P2P][Service] heartBeat,connected count=4
info|2019-11-13 21:20:18.358723|[P2P][Service] heartBeat,connected count=4
info|2019-11-13 21:20:28.359391|[P2P][Service] heartBeat,connected count=4
info|2019-11-13 21:20:38.359471|[P2P][Service] heartBeat,connected count=4
info|2019-11-13 21:20:48.359538|[P2P][Service] heartBeat,connected count=4
info|2019-11-13 21:20:58.359609|[P2P][Service] heartBeat,connected count=4
info|2019-11-13 21:21:08.359744|[P2P][Service] heartBeat,connected count=4
info|2019-11-13 21:21:18.359849|[P2P][Service] heartBeat,connected count=4
info|2019-11-13 21:21:28.359930|[P2P][Service] heartBeat,connected count=4
info|2019-11-13 21:21:38.360013|[P2P][Service] heartBeat,connected count=4
info|2019-11-13 21:21:48.360115|[P2P][Service] heartBeat,connected count=4
info|2019-11-13 21:21:58.360199|[P2P][Service] heartBeat,connected count=4
info|2019-11-13 21:22:08.360277|[P2P][Service] heartBeat,connected count=4
info|2019-11-13 21:22:18.360353|[P2P][Service] heartBeat,connected count=4
info|2019-11-13 21:22:28.360439|[P2P][Service] heartBeat,connected count=4
info|2019-11-13 21:22:38.360517|[P2P][Service] heartBeat,connected count=4
info|2019-11-13 21:22:48.360597|[P2P][Service] heartBeat,connected count=4
info|2019-11-13 21:22:58.360690|[P2P][Service] heartBeat,connected count=4
info|2019-11-13 21:23:08.360772|[P2P][Service] heartBeat,connected count=4
info|2019-11-13 21:23:18.360916|[P2P][Service] heartBeat,connected count=4
info|2019-11-13 21:23:28.360997|[P2P][Service] heartBeat,connected count=4
info|2019-11-13 21:23:38.361073|[P2P][Service] heartBeat,connected count=4
info|2019-11-13 21:23:48.361165|[P2P][Service] heartBeat,connected count=4
info|2019-11-13 21:23:58.361242|[P2P][Service] heartBeat,connected count=4
info|2019-11-13 21:24:08.361428|[P2P][Service] heartBeat,connected count=4
info|2019-11-13 21:24:18.361516|[P2P][Service] heartBeat,connected count=4
info|2019-11-13 21:24:28.361636|[P2P][Service] heartBeat,connected count=4
info|2019-11-13 21:24:38.361710|[P2P][Service] heartBeat,connected count=4
info|2019-11-13 21:24:48.361931|[P2P][Service] heartBeat,connected count=4
info|2019-11-13 21:24:58.362116|[P2P][Service] heartBeat,connected count=4
info|2019-11-13 21:25:08.362896|[P2P][Service] heartBeat,connected count=4
info|2019-11-13 21:25:18.362979|[P2P][Service] heartBeat,connected count=4
info|2019-11-13 21:25:28.363066|[P2P][Service] heartBeat,connected count=4
info|2019-11-13 21:25:38.363152|[P2P][Service] heartBeat,connected count=4
info|2019-11-13 21:25:48.363923|[P2P][Service] heartBeat,connected count=4
info|2019-11-13 21:25:58.364001|[P2P][Service] heartBeat,connected count=4
info|2019-11-13 21:26:08.364107|[P2P][Service] heartBeat,connected count=4
info|2019-11-13 21:26:18.364192|[P2P][Service] heartBeat,connected count=4
info|2019-11-13 21:26:28.364283|[P2P][Service] heartBeat,connected count=4
info|2019-11-13 21:26:38.364377|[P2P][Service] heartBeat,connected count=4
info|2019-11-13 21:26:48.364459|[P2P][Service] heartBeat,connected count=4
info|2019-11-13 21:26:58.364622|[P2P][Service] heartBeat,connected count=4
info|2019-11-13 21:27:08.364695|[P2P][Service] heartBeat,connected count=4
info|2019-11-13 21:27:18.364900|[P2P][Service] heartBeat,connected count=4
info|2019-11-13 21:27:28.365030|[P2P][Service] heartBeat,connected count=4
info|2019-11-13 21:27:38.365113|[P2P][Service] heartBeat,connected count=4
info|2019-11-13 21:27:48.365237|[P2P][Service] heartBeat,connected count=4
info|2019-11-13 21:27:58.366155|[P2P][Service] heartBeat,connected count=4
info|2019-11-13 21:28:08.366231|[P2P][Service] heartBeat,connected count=4
info|2019-11-13 21:28:18.366314|[P2P][Service] heartBeat,connected count=4
info|2019-11-13 21:28:28.366426|[P2P][Service] heartBeat,connected count=4
info|2019-11-13 21:28:38.366527|[P2P][Service] heartBeat,connected count=4
info|2019-11-13 21:28:48.366635|[P2P][Service] heartBeat,connected count=4
info|2019-11-13 21:28:58.366791|[P2P][Service] heartBeat,connected count=4
info|2019-11-13 21:29:08.366880|[P2P][Service] heartBeat,connected count=4
info|2019-11-13 21:29:18.366979|[P2P][Service] heartBeat,connected count=4
info|2019-11-13 21:29:28.367088|[P2P][Service] heartBeat,connected count=4
info|2019-11-13 21:29:38.367177|[P2P][Service] heartBeat,connected count=4
info|2019-11-13 21:29:48.367293|[P2P][Service] heartBeat,connected count=4
info|2019-11-13 21:29:58.367417|[P2P][Service] heartBeat,connected count=4
info|2019-11-13 21:30:08.367544|[P2P][Service] heartBeat,connected count=4
info|2019-11-13 21:30:18.367641|[P2P][Service] heartBeat,connected count=4
info|2019-11-13 21:30:28.367769|[P2P][Service] heartBeat,connected count=4
info|2019-11-13 21:30:38.368615|[P2P][Service] heartBeat,connected count=4
info|2019-11-13 21:30:48.368696|[P2P][Service] heartBeat,connected count=4
info|2019-11-13 21:30:58.368779|[P2P][Service] heartBeat,connected count=4
info|2019-11-13 21:31:08.368857|[P2P][Service] heartBeat,connected count=4
info|2019-11-13 21:31:18.369456|[P2P][Service] heartBeat,connected count=4
info|2019-11-13 21:31:28.369533|[P2P][Service] heartBeat,connected count=4
info|2019-11-13 21:31:38.369625|[P2P][Service] heartBeat,connected count=4
info|2019-11-13 21:31:48.369723|[P2P][Service] heartBeat,connected count=4
info|2019-11-13 21:31:58.370259|[P2P][Service] heartBeat,connected count=4
info|2019-11-13 21:32:08.370349|[P2P][Service] heartBeat,connected count=4
info|2019-11-13 21:32:18.370425|[P2P][Service] heartBeat,connected count=4
info|2019-11-13 21:32:28.370527|[P2P][Service] heartBeat,connected count=4
info|2019-11-13 21:32:38.370624|[P2P][Service] heartBeat,connected count=4
info|2019-11-13 21:32:48.370702|[P2P][Service] heartBeat,connected count=4
info|2019-11-13 21:32:58.370809|[P2P][Service] heartBeat,connected count=4
info|2019-11-13 21:33:08.371168|[P2P][Service] heartBeat,connected count=4
info|2019-11-13 21:33:18.371249|[P2P][Service] heartBeat,connected count=4
info|2019-11-13 21:33:28.371346|[P2P][Service] heartBeat,connected count=4
info|2019-11-13 21:33:38.371431|[P2P][Service] heartBeat,connected count=4
info|2019-11-13 21:33:48.371564|[P2P][Service] heartBeat,connected count=4
info|2019-11-13 21:33:58.371637|[P2P][Service] heartBeat,connected count=4
info|2019-11-13 21:34:08.371720|[P2P][Service] heartBeat,connected count=4
info|2019-11-13 21:34:18.371834|[P2P][Service] heartBeat,connected count=4
info|2019-11-13 21:34:28.371920|[P2P][Service] heartBeat,connected count=4
info|2019-11-13 21:34:38.371994|[P2P][Service] heartBeat,connected count=4
info|2019-11-13 21:34:48.372072|[P2P][Service] heartBeat,connected count=4
info|2019-11-13 21:34:58.372157|[P2P][Service] heartBeat,connected count=4
info|2019-11-13 21:35:08.372238|[P2P][Service] heartBeat,connected count=4
info|2019-11-13 21:35:18.372321|[P2P][Service] heartBeat,connected count=4
info|2019-11-13 21:35:28.372400|[P2P][Service] heartBeat,connected count=4
info|2019-11-13 21:35:38.372481|[P2P][Service] heartBeat,connected count=4
info|2019-11-13 21:35:48.372562|[P2P][Service] heartBeat,connected count=4
info|2019-11-13 21:35:58.372691|[P2P][Service] heartBeat,connected count=4
info|2019-11-13 21:36:08.372836|[P2P][Service] heartBeat,connected count=4
info|2019-11-13 21:36:18.372926|[P2P][Service] heartBeat,connected count=4
info|2019-11-13 21:36:28.376505|[P2P][Service] heartBeat,connected count=4
info|2019-11-13 21:36:38.376603|[P2P][Service] heartBeat,connected count=4
info|2019-11-13 21:36:48.376881|[P2P][Service] heartBeat,connected count=4
info|2019-11-13 21:36:58.376965|[P2P][Service] heartBeat,connected count=4
info|2019-11-13 21:37:08.377044|[P2P][Service] heartBeat,connected count=4
info|2019-11-13 21:37:18.377849|[P2P][Service] heartBeat,connected count=4
info|2019-11-13 21:37:28.378416|[P2P][Service] heartBeat,connected count=4
info|2019-11-13 21:37:38.379384|[P2P][Service] heartBeat,connected count=4
info|2019-11-13 21:37:48.379749|[P2P][Service] heartBeat,connected count=4
info|2019-11-13 21:37:58.379826|[P2P][Service] heartBeat,connected count=4
info|2019-11-13 21:38:08.379911|[P2P][Service] heartBeat,connected count=4
info|2019-11-13 21:38:18.379988|[P2P][Service] heartBeat,connected count=4
info|2019-11-13 21:38:28.380076|[P2P][Service] heartBeat,connected count=4
info|2019-11-13 21:38:38.380156|[P2P][Service] heartBeat,connected count=4
info|2019-11-13 21:38:48.380385|[P2P][Service] heartBeat,connected count=4
info|2019-11-13 21:38:58.380521|[P2P][Service] heartBeat,connected count=4
info|2019-11-13 21:39:08.380974|[P2P][Service] heartBeat,connected count=4
info|2019-11-13 21:39:18.381052|[P2P][Service] heartBeat,connected count=4
info|2019-11-13 21:39:28.381393|[P2P][Service] heartBeat,connected count=4
info|2019-11-13 21:39:38.381584|[P2P][Service] heartBeat,connected count=4
info|2019-11-13 21:39:48.381924|[P2P][Service] heartBeat,connected count=4
info|2019-11-13 21:39:58.382023|[P2P][Service] heartBeat,connected count=4
info|2019-11-13 21:40:08.382125|[P2P][Service] heartBeat,connected count=4
info|2019-11-13 21:40:18.382229|[P2P][Service] heartBeat,connected count=4
info|2019-11-13 21:40:28.382345|[P2P][Service] heartBeat,connected count=4
info|2019-11-13 21:40:38.382425|[P2P][Service] heartBeat,connected count=4
info|2019-11-13 21:40:48.383185|[P2P][Service] heartBeat,connected count=4
info|2019-11-13 21:40:58.383263|[P2P][Service] heartBeat,connected count=4
info|2019-11-13 21:41:08.383340|[P2P][Service] heartBeat,connected count=4
info|2019-11-13 21:41:18.383431|[P2P][Service] heartBeat,connected count=4
info|2019-11-13 21:41:28.383559|[P2P][Service] heartBeat,connected count=4
info|2019-11-13 21:41:38.383639|[P2P][Service] heartBeat,connected count=4
info|2019-11-13 21:41:48.383726|[P2P][Service] heartBeat,connected count=4
info|2019-11-13 21:41:58.383825|[P2P][Service] heartBeat,connected count=4
info|2019-11-13 21:42:08.383914|[P2P][Service] heartBeat,connected count=4
info|2019-11-13 21:42:18.384016|[P2P][Service] heartBeat,connected count=4
info|2019-11-13 21:42:28.384117|[P2P][Service] heartBeat,connected count=4
info|2019-11-13 21:42:38.384194|[P2P][Service] heartBeat,connected count=4
info|2019-11-13 21:42:48.384980|[P2P][Service] heartBeat,connected count=4
info|2019-11-13 21:42:58.385270|[P2P][Service] heartBeat,connected count=4
info|2019-11-13 21:43:08.386426|[P2P][Service] heartBeat,connected count=4
info|2019-11-13 21:43:18.386502|[P2P][Service] heartBeat,connected count=4
info|2019-11-13 21:43:28.386582|[P2P][Service] heartBeat,connected count=4
info|2019-11-13 21:43:38.387105|[P2P][Service] heartBeat,connected count=4
info|2019-11-13 21:43:48.387378|[P2P][Service] heartBeat,connected count=4
info|2019-11-13 21:43:58.388340|[P2P][Service] heartBeat,connected count=4
info|2019-11-13 21:44:08.388427|[P2P][Service] heartBeat,connected count=4
info|2019-11-13 21:44:18.388494|[P2P][Service] heartBeat,connected count=4
info|2019-11-13 21:44:28.388572|[P2P][Service] heartBeat,connected count=4
info|2019-11-13 21:44:38.388698|[P2P][Service] heartBeat,connected count=4
info|2019-11-13 21:44:48.388797|[P2P][Service] heartBeat,connected count=4
info|2019-11-13 21:44:58.388882|[P2P][Service] heartBeat,connected count=4
info|2019-11-13 21:45:08.389012|[P2P][Service] heartBeat,connected count=4
info|2019-11-13 21:45:18.389103|[P2P][Service] heartBeat,connected count=4
info|2019-11-13 21:45:28.389185|[P2P][Service] heartBeat,connected count=4
info|2019-11-13 21:45:38.389273|[P2P][Service] heartBeat,connected count=4
info|2019-11-13 21:45:48.389354|[P2P][Service] heartBeat,connected count=4
info|2019-11-13 21:45:58.389596|[P2P][Service] heartBeat,connected count=4
info|2019-11-13 21:46:08.390213|[P2P][Service] heartBeat,connected count=4
info|2019-11-13 21:46:18.390449|[P2P][Service] heartBeat,connected count=4
info|2019-11-13 21:46:28.390685|[P2P][Service] heartBeat,connected count=4
info|2019-11-13 21:46:38.390801|[P2P][Service] heartBeat,connected count=4
info|2019-11-13 21:46:48.390894|[P2P][Service] heartBeat,connected count=4
info|2019-11-13 21:46:58.390974|[P2P][Service] heartBeat,connected count=4
info|2019-11-13 21:47:08.391067|[P2P][Service] heartBeat,connected count=4
info|2019-11-13 21:47:18.391406|[P2P][Service] heartBeat,connected count=4
info|2019-11-13 21:47:28.391626|[P2P][Service] heartBeat,connected count=4
info|2019-11-13 21:47:38.392522|[P2P][Service] heartBeat,connected count=4
info|2019-11-13 21:47:48.392594|[P2P][Service] heartBeat,connected count=4
info|2019-11-13 21:47:58.392678|[P2P][Service] heartBeat,connected count=4
info|2019-11-13 21:48:08.393080|[P2P][Service] heartBeat,connected count=4
info|2019-11-13 21:48:18.393784|[P2P][Service] heartBeat,connected count=4
info|2019-11-13 21:48:28.393880|[P2P][Service] heartBeat,connected count=4
info|2019-11-13 21:48:38.393950|[P2P][Service] heartBeat,connected count=4
info|2019-11-13 21:48:48.394011|[P2P][Service] heartBeat,connected count=4
info|2019-11-13 21:48:58.394220|[P2P][Service] heartBeat,connected count=4
info|2019-11-13 21:49:08.394679|[P2P][Service] heartBeat,connected count=4
info|2019-11-13 21:49:17.961161|[LEDGER]stop sealer,groupID=1
info|2019-11-13 21:49:17.961170|[CONSENSUS][SEALER]Stop sealer module...
info|2019-11-13 21:49:17.963494|[CONSENSUS][ConsensusEngine][Stop ConsensusEngineBase]
info|2019-11-13 21:49:17.967731|[CONSENSUS][ConsensusEngine]ConsensusEngineBase stopped
info|2019-11-13 21:49:17.967741|[LEDGER]sealer stopped. stop sync,groupID=1
info|2019-11-13 21:49:17.999341|[SYNC][id:6e4f3ba3...]SyncMaster stopped
info|2019-11-13 21:49:17.999362|[LEDGER]ledger stopped,groupID=1
info|2019-11-13 21:49:18.064229|[EVENT][EventLogFilterManager]stop
info|2019-11-13 21:49:18.064279|[LEDGER]event filter manager stopped,groupID=1
info|2019-11-13 21:49:18.064298|[INITIALIZER]ledgerInitializer stopped
info|2019-11-13 21:49:18.394877|[P2P][Service] heartBeat,connected count=4
info|2019-11-13 21:49:19.064844|[INITIALIZER]ChannelRPCHttpServer deleted.
info|2019-11-13 21:49:19.065458|[INITIALIZER]JsonrpcHttpServer deleted.
info|2019-11-13 21:49:19.065498|[INITIALIZER]RPCInitializer stopped
info|2019-11-13 21:49:19.065630|[NETWORK][Host]Host exit
info|2019-11-13 21:49:19.066391|[INITIALIZER]P2PInitializer stopped
info|2019-11-13 21:49:19.066426|[LEDGER]stop sealer,groupID=1
info|2019-11-13 21:49:19.066441|[LEDGER]sealer stopped. stop sync,groupID=1
info|2019-11-13 21:49:19.066452|[SYNC][id:6e4f3ba3...]SyncMaster stopped
info|2019-11-13 21:49:19.066463|[LEDGER]ledger stopped,groupID=1
info|2019-11-13 21:49:19.066475|[LEDGER]event filter manager stopped,groupID=1
info|2019-11-13 21:49:19.066489|[STORAGE]Stopping flushStorage thread
info|2019-11-13 21:49:19.394277|[STORAGE]flushStorage thread stopped.
info|2019-11-13 21:49:19.394291|[DBINITIALIZER] storage stopped
info|2019-11-13 21:49:19.394371|[SYNC][id:6e4f3ba3...]SyncMaster stopped
