info|2019-12-13 13:00:01.586376|[P2P][Service] heartBeat,connected count=4
info|2019-12-13 13:00:11.586450|[P2P][Service] heartBeat,connected count=4
info|2019-12-13 13:00:21.586699|[P2P][Service] heartBeat,connected count=4
info|2019-12-13 13:00:31.586777|[P2P][Service] heartBeat,connected count=4
info|2019-12-13 13:00:41.586852|[P2P][Service] heartBeat,connected count=4
info|2019-12-13 13:00:51.586932|[P2P][Service] heartBeat,connected count=4
info|2019-12-13 13:01:01.587002|[P2P][Service] heartBeat,connected count=4
info|2019-12-13 13:01:11.587195|[P2P][Service] heartBeat,connected count=4
info|2019-12-13 13:01:21.587271|[P2P][Service] heartBeat,connected count=4
info|2019-12-13 13:01:31.587357|[P2P][Service] heartBeat,connected count=4
info|2019-12-13 13:01:41.587731|[P2P][Service] heartBeat,connected count=4
info|2019-12-13 13:01:51.587819|[P2P][Service] heartBeat,connected count=4
info|2019-12-13 13:02:01.587886|[P2P][Service] heartBeat,connected count=4
info|2019-12-13 13:02:11.587957|[P2P][Service] heartBeat,connected count=4
info|2019-12-13 13:02:21.588072|[P2P][Service] heartBeat,connected count=4
info|2019-12-13 13:02:31.588237|[P2P][Service] heartBeat,connected count=4
info|2019-12-13 13:02:41.588330|[P2P][Service] heartBeat,connected count=4
info|2019-12-13 13:02:51.588860|[P2P][Service] heartBeat,connected count=4
info|2019-12-13 13:03:01.588930|[P2P][Service] heartBeat,connected count=4
info|2019-12-13 13:03:11.588995|[P2P][Service] heartBeat,connected count=4
info|2019-12-13 13:03:21.589071|[P2P][Service] heartBeat,connected count=4
info|2019-12-13 13:03:31.589295|[P2P][Service] heartBeat,connected count=4
info|2019-12-13 13:03:41.590029|[P2P][Service] heartBeat,connected count=4
info|2019-12-13 13:03:51.590888|[P2P][Service] heartBeat,connected count=4
info|2019-12-13 13:04:01.590973|[P2P][Service] heartBeat,connected count=4
info|2019-12-13 13:04:11.591429|[P2P][Service] heartBeat,connected count=4
info|2019-12-13 13:04:21.591530|[P2P][Service] heartBeat,connected count=4
info|2019-12-13 13:04:31.592246|[P2P][Service] heartBeat,connected count=4
info|2019-12-13 13:04:41.592332|[P2P][Service] heartBeat,connected count=4
info|2019-12-13 13:04:51.593036|[P2P][Service] heartBeat,connected count=4
info|2019-12-13 13:05:01.593109|[P2P][Service] heartBeat,connected count=4
info|2019-12-13 13:05:11.593204|[P2P][Service] heartBeat,connected count=4
info|2019-12-13 13:05:21.593435|[P2P][Service] heartBeat,connected count=4
info|2019-12-13 13:05:31.593706|[P2P][Service] heartBeat,connected count=4
info|2019-12-13 13:05:41.594440|[P2P][Service] heartBeat,connected count=4
info|2019-12-13 13:05:51.594522|[P2P][Service] heartBeat,connected count=4
info|2019-12-13 13:06:01.594602|[P2P][Service] heartBeat,connected count=4
info|2019-12-13 13:06:11.594677|[P2P][Service] heartBeat,connected count=4
info|2019-12-13 13:06:21.594787|[P2P][Service] heartBeat,connected count=4
info|2019-12-13 13:06:31.594856|[P2P][Service] heartBeat,connected count=4
info|2019-12-13 13:06:41.594934|[P2P][Service] heartBeat,connected count=4
info|2019-12-13 13:06:51.595006|[P2P][Service] heartBeat,connected count=4
info|2019-12-13 13:07:01.595083|[P2P][Service] heartBeat,connected count=4
info|2019-12-13 13:07:11.595153|[P2P][Service] heartBeat,connected count=4
info|2019-12-13 13:07:21.595775|[P2P][Service] heartBeat,connected count=4
info|2019-12-13 13:07:31.595854|[P2P][Service] heartBeat,connected count=4
info|2019-12-13 13:07:41.596122|[P2P][Service] heartBeat,connected count=4
info|2019-12-13 13:07:51.596203|[P2P][Service] heartBeat,connected count=4
info|2019-12-13 13:08:01.596366|[P2P][Service] heartBeat,connected count=4
info|2019-12-13 13:08:11.596452|[P2P][Service] heartBeat,connected count=4
info|2019-12-13 13:08:21.596536|[P2P][Service] heartBeat,connected count=4
info|2019-12-13 13:08:31.596680|[P2P][Service] heartBeat,connected count=4
info|2019-12-13 13:08:41.596759|[P2P][Service] heartBeat,connected count=4
info|2019-12-13 13:08:51.598021|[P2P][Service] heartBeat,connected count=4
info|2019-12-13 13:09:01.598245|[P2P][Service] heartBeat,connected count=4
info|2019-12-13 13:09:11.598371|[P2P][Service] heartBeat,connected count=4
info|2019-12-13 13:09:21.598450|[P2P][Service] heartBeat,connected count=4
info|2019-12-13 13:09:31.598599|[P2P][Service] heartBeat,connected count=4
info|2019-12-13 13:09:41.598682|[P2P][Service] heartBeat,connected count=4
info|2019-12-13 13:09:51.598774|[P2P][Service] heartBeat,connected count=4
info|2019-12-13 13:10:01.599599|[P2P][Service] heartBeat,connected count=4
info|2019-12-13 13:10:11.599677|[P2P][Service] heartBeat,connected count=4
info|2019-12-13 13:10:21.599755|[P2P][Service] heartBeat,connected count=4
info|2019-12-13 13:10:31.599841|[P2P][Service] heartBeat,connected count=4
info|2019-12-13 13:10:41.599921|[P2P][Service] heartBeat,connected count=4
info|2019-12-13 13:10:51.600016|[P2P][Service] heartBeat,connected count=4
info|2019-12-13 13:11:01.600090|[P2P][Service] heartBeat,connected count=4
info|2019-12-13 13:11:11.600621|[P2P][Service] heartBeat,connected count=4
info|2019-12-13 13:11:21.600704|[P2P][Service] heartBeat,connected count=4
info|2019-12-13 13:11:31.601343|[P2P][Service] heartBeat,connected count=4
info|2019-12-13 13:11:41.601462|[P2P][Service] heartBeat,connected count=4
info|2019-12-13 13:11:51.601533|[P2P][Service] heartBeat,connected count=4
info|2019-12-13 13:12:01.601596|[P2P][Service] heartBeat,connected count=4
info|2019-12-13 13:12:11.601744|[P2P][Service] heartBeat,connected count=4
info|2019-12-13 13:12:21.601822|[P2P][Service] heartBeat,connected count=4
info|2019-12-13 13:12:31.601890|[P2P][Service] heartBeat,connected count=4
info|2019-12-13 13:12:41.601960|[P2P][Service] heartBeat,connected count=4
info|2019-12-13 13:12:51.602032|[P2P][Service] heartBeat,connected count=4
info|2019-12-13 13:13:01.602515|[P2P][Service] heartBeat,connected count=4
info|2019-12-13 13:13:11.602674|[P2P][Service] heartBeat,connected count=4
info|2019-12-13 13:13:21.602747|[P2P][Service] heartBeat,connected count=4
info|2019-12-13 13:13:31.602832|[P2P][Service] heartBeat,connected count=4
info|2019-12-13 13:13:41.602907|[P2P][Service] heartBeat,connected count=4
info|2019-12-13 13:13:51.603001|[P2P][Service] heartBeat,connected count=4
info|2019-12-13 13:14:01.603076|[P2P][Service] heartBeat,connected count=4
info|2019-12-13 13:14:11.603152|[P2P][Service] heartBeat,connected count=4
info|2019-12-13 13:14:21.603695|[P2P][Service] heartBeat,connected count=4
info|2019-12-13 13:14:31.604646|[P2P][Service] heartBeat,connected count=4
info|2019-12-13 13:14:41.604823|[P2P][Service] heartBeat,connected count=4
info|2019-12-13 13:14:51.604941|[P2P][Service] heartBeat,connected count=4
info|2019-12-13 13:15:01.605029|[P2P][Service] heartBeat,connected count=4
info|2019-12-13 13:15:11.605114|[P2P][Service] heartBeat,connected count=4
info|2019-12-13 13:15:21.605196|[P2P][Service] heartBeat,connected count=4
info|2019-12-13 13:15:31.605279|[P2P][Service] heartBeat,connected count=4
info|2019-12-13 13:15:41.605490|[P2P][Service] heartBeat,connected count=4
info|2019-12-13 13:15:51.605570|[P2P][Service] heartBeat,connected count=4
info|2019-12-13 13:16:01.605743|[P2P][Service] heartBeat,connected count=4
info|2019-12-13 13:16:11.605827|[P2P][Service] heartBeat,connected count=4
info|2019-12-13 13:16:21.606046|[P2P][Service] heartBeat,connected count=4
info|2019-12-13 13:16:31.606296|[P2P][Service] heartBeat,connected count=4
info|2019-12-13 13:16:41.606499|[P2P][Service] heartBeat,connected count=4
info|2019-12-13 13:16:51.606754|[P2P][Service] heartBeat,connected count=4
warning|2019-12-13 13:16:53.681575|[NETWORK][Session]doRead error,endpoint=127.0.0.1:30300,message=stream truncated
info|2019-12-13 13:16:53.681592|[NETWORK][Session]drop, call and erase all callbackFunc in this session!,endpoint=127.0.0.1:30300
warning|2019-12-13 13:16:53.681602|[NETWORK][Session][drop] closing remote 127.0.0.1:30300,reason=Low-level TCP communication error.,endpoint=127.0.0.1:30300
warning|2019-12-13 13:16:53.681648|[NETWORK][Session][drop] shutdown failed ,errorValue=9,message=Bad file descriptor
warning|2019-12-13 13:16:53.681980|[P2P][Service] disconnect error P2PSession,nodeID=6f997471...,endpoint=127.0.0.1:30300,errorCode=3,what=Disconnect
warning|2019-12-13 13:16:53.682004|[P2P][Service] onDisconnect,errorCode=3,what=Dynamic exception type: dev::network::NetworkException
std::exception::what: Disconnect

