info|2019-12-13 15:00:06.262120|[P2P][Service] heartBeat,connected count=4
info|2019-12-13 15:00:16.262217|[P2P][Service] heartBeat,connected count=4
info|2019-12-13 15:00:26.262525|[P2P][Service] heartBeat,connected count=4
info|2019-12-13 15:00:36.262613|[P2P][Service] heartBeat,connected count=4
info|2019-12-13 15:00:46.262692|[P2P][Service] heartBeat,connected count=4
info|2019-12-13 15:00:56.263209|[P2P][Service] heartBeat,connected count=4
info|2019-12-13 15:01:06.263286|[P2P][Service] heartBeat,connected count=4
info|2019-12-13 15:01:16.263363|[P2P][Service] heartBeat,connected count=4
info|2019-12-13 15:01:26.263464|[P2P][Service] heartBeat,connected count=4
info|2019-12-13 15:01:36.263988|[P2P][Service] heartBeat,connected count=4
info|2019-12-13 15:01:46.264078|[P2P][Service] heartBeat,connected count=4
info|2019-12-13 15:01:56.264173|[P2P][Service] heartBeat,connected count=4
info|2019-12-13 15:02:06.264239|[P2P][Service] heartBeat,connected count=4
info|2019-12-13 15:02:16.264417|[P2P][Service] heartBeat,connected count=4
info|2019-12-13 15:02:26.265423|[P2P][Service] heartBeat,connected count=4
info|2019-12-13 15:02:36.265539|[P2P][Service] heartBeat,connected count=4
info|2019-12-13 15:02:46.265627|[P2P][Service] heartBeat,connected count=4
info|2019-12-13 15:02:56.265718|[P2P][Service] heartBeat,connected count=4
info|2019-12-13 15:03:06.265797|[P2P][Service] heartBeat,connected count=4
info|2019-12-13 15:03:16.265875|[P2P][Service] heartBeat,connected count=4
info|2019-12-13 15:03:26.265963|[P2P][Service] heartBeat,connected count=4
info|2019-12-13 15:03:36.266049|[P2P][Service] heartBeat,connected count=4
info|2019-12-13 15:03:46.266148|[P2P][Service] heartBeat,connected count=4
info|2019-12-13 15:03:56.266227|[P2P][Service] heartBeat,connected count=4
info|2019-12-13 15:04:06.266306|[P2P][Service] heartBeat,connected count=4
info|2019-12-13 15:04:16.266374|[P2P][Service] heartBeat,connected count=4
info|2019-12-13 15:04:26.266981|[P2P][Service] heartBeat,connected count=4
info|2019-12-13 15:04:36.267167|[P2P][Service] heartBeat,connected count=4
info|2019-12-13 15:04:46.267243|[P2P][Service] heartBeat,connected count=4
info|2019-12-13 15:04:56.267466|[P2P][Service] heartBeat,connected count=4
info|2019-12-13 15:05:06.267763|[P2P][Service] heartBeat,connected count=4
info|2019-12-13 15:05:16.268602|[P2P][Service] heartBeat,connected count=4
info|2019-12-13 15:05:26.268803|[P2P][Service] heartBeat,connected count=4
info|2019-12-13 15:05:36.269043|[P2P][Service] heartBeat,connected count=4
info|2019-12-13 15:05:46.269266|[P2P][Service] heartBeat,connected count=4
info|2019-12-13 15:05:56.269373|[P2P][Service] heartBeat,connected count=4
info|2019-12-13 15:06:06.269451|[P2P][Service] heartBeat,connected count=4
info|2019-12-13 15:06:16.269524|[P2P][Service] heartBeat,connected count=4
info|2019-12-13 15:06:26.269611|[P2P][Service] heartBeat,connected count=4
info|2019-12-13 15:06:36.269797|[P2P][Service] heartBeat,connected count=4
info|2019-12-13 15:06:46.270270|[P2P][Service] heartBeat,connected count=4
info|2019-12-13 15:06:56.270360|[P2P][Service] heartBeat,connected count=4
info|2019-12-13 15:07:06.270441|[P2P][Service] heartBeat,connected count=4
info|2019-12-13 15:07:16.271171|[P2P][Service] heartBeat,connected count=4
info|2019-12-13 15:07:26.271245|[P2P][Service] heartBeat,connected count=4
info|2019-12-13 15:07:36.271341|[P2P][Service] heartBeat,connected count=4
info|2019-12-13 15:07:46.271686|[P2P][Service] heartBeat,connected count=4
info|2019-12-13 15:07:56.272150|[P2P][Service] heartBeat,connected count=4
info|2019-12-13 15:08:06.272240|[P2P][Service] heartBeat,connected count=4
info|2019-12-13 15:08:16.272447|[P2P][Service] heartBeat,connected count=4
info|2019-12-13 15:08:26.272642|[P2P][Service] heartBeat,connected count=4
info|2019-12-13 15:08:36.273628|[P2P][Service] heartBeat,connected count=4
info|2019-12-13 15:08:46.273702|[P2P][Service] heartBeat,connected count=4
info|2019-12-13 15:08:56.273796|[P2P][Service] heartBeat,connected count=4
info|2019-12-13 15:09:06.273885|[P2P][Service] heartBeat,connected count=4
info|2019-12-13 15:09:16.273989|[P2P][Service] heartBeat,connected count=4
info|2019-12-13 15:09:26.274070|[P2P][Service] heartBeat,connected count=4
info|2019-12-13 15:09:36.274138|[P2P][Service] heartBeat,connected count=4
info|2019-12-13 15:09:46.274206|[P2P][Service] heartBeat,connected count=4
info|2019-12-13 15:09:56.275134|[P2P][Service] heartBeat,connected count=4
info|2019-12-13 15:10:06.275496|[P2P][Service] heartBeat,connected count=4
info|2019-12-13 15:10:16.275619|[P2P][Service] heartBeat,connected count=4
info|2019-12-13 15:10:26.275793|[P2P][Service] heartBeat,connected count=4
info|2019-12-13 15:10:36.276187|[P2P][Service] heartBeat,connected count=4
info|2019-12-13 15:10:46.276579|[P2P][Service] heartBeat,connected count=4
info|2019-12-13 15:10:56.277049|[P2P][Service] heartBeat,connected count=4
info|2019-12-13 15:11:06.277168|[P2P][Service] heartBeat,connected count=4
info|2019-12-13 15:11:16.277709|[P2P][Service] heartBeat,connected count=4
info|2019-12-13 15:11:26.277978|[P2P][Service] heartBeat,connected count=4
info|2019-12-13 15:11:36.278063|[P2P][Service] heartBeat,connected count=4
info|2019-12-13 15:11:46.278144|[P2P][Service] heartBeat,connected count=4
info|2019-12-13 15:11:56.278227|[P2P][Service] heartBeat,connected count=4
info|2019-12-13 15:12:06.278315|[P2P][Service] heartBeat,connected count=4
info|2019-12-13 15:12:16.278392|[P2P][Service] heartBeat,connected count=4
info|2019-12-13 15:12:26.278482|[P2P][Service] heartBeat,connected count=4
info|2019-12-13 15:12:36.278722|[P2P][Service] heartBeat,connected count=4
info|2019-12-13 15:12:46.278804|[P2P][Service] heartBeat,connected count=4
info|2019-12-13 15:12:56.279700|[P2P][Service] heartBeat,connected count=4
info|2019-12-13 15:13:06.279849|[P2P][Service] heartBeat,connected count=4
info|2019-12-13 15:13:16.280228|[P2P][Service] heartBeat,connected count=4
info|2019-12-13 15:13:26.280477|[P2P][Service] heartBeat,connected count=4
info|2019-12-13 15:13:36.280572|[P2P][Service] heartBeat,connected count=4
info|2019-12-13 15:13:46.280648|[P2P][Service] heartBeat,connected count=4
info|2019-12-13 15:13:56.280738|[P2P][Service] heartBeat,connected count=4
info|2019-12-13 15:14:06.280868|[P2P][Service] heartBeat,connected count=4
info|2019-12-13 15:14:16.280958|[P2P][Service] heartBeat,connected count=4
info|2019-12-13 15:14:26.281036|[P2P][Service] heartBeat,connected count=4
info|2019-12-13 15:14:36.281103|[P2P][Service] heartBeat,connected count=4
info|2019-12-13 15:14:46.281174|[P2P][Service] heartBeat,connected count=4
info|2019-12-13 15:14:56.281501|[P2P][Service] heartBeat,connected count=4
info|2019-12-13 15:15:06.281577|[P2P][Service] heartBeat,connected count=4
info|2019-12-13 15:15:16.281726|[P2P][Service] heartBeat,connected count=4
info|2019-12-13 15:15:26.281831|[P2P][Service] heartBeat,connected count=4
info|2019-12-13 15:15:36.281996|[P2P][Service] heartBeat,connected count=4
info|2019-12-13 15:15:46.282088|[P2P][Service] heartBeat,connected count=4
info|2019-12-13 15:15:56.282864|[P2P][Service] heartBeat,connected count=4
info|2019-12-13 15:16:06.282953|[P2P][Service] heartBeat,connected count=4
info|2019-12-13 15:16:16.283226|[P2P][Service] heartBeat,connected count=4
info|2019-12-13 15:16:26.283353|[P2P][Service] heartBeat,connected count=4
info|2019-12-13 15:16:36.283437|[P2P][Service] heartBeat,connected count=4
info|2019-12-13 15:16:46.283623|[P2P][Service] heartBeat,connected count=4
info|2019-12-13 15:16:56.283706|[P2P][Service] heartBeat,connected count=4
info|2019-12-13 15:17:06.283787|[P2P][Service] heartBeat,connected count=4
info|2019-12-13 15:17:16.284126|[P2P][Service] heartBeat,connected count=4
info|2019-12-13 15:17:26.284292|[P2P][Service] heartBeat,connected count=4
info|2019-12-13 15:17:36.284383|[P2P][Service] heartBeat,connected count=4
info|2019-12-13 15:17:46.284513|[P2P][Service] heartBeat,connected count=4
info|2019-12-13 15:17:56.284618|[P2P][Service] heartBeat,connected count=4
info|2019-12-13 15:18:06.284717|[P2P][Service] heartBeat,connected count=4
info|2019-12-13 15:18:16.284796|[P2P][Service] heartBeat,connected count=4
info|2019-12-13 15:18:26.284876|[P2P][Service] heartBeat,connected count=4
info|2019-12-13 15:18:36.285193|[P2P][Service] heartBeat,connected count=4
info|2019-12-13 15:18:46.285496|[P2P][Service] heartBeat,connected count=4
info|2019-12-13 15:18:56.285570|[P2P][Service] heartBeat,connected count=4
info|2019-12-13 15:19:06.285655|[P2P][Service] heartBeat,connected count=4
info|2019-12-13 15:19:16.285734|[P2P][Service] heartBeat,connected count=4
info|2019-12-13 15:19:26.285900|[P2P][Service] heartBeat,connected count=4
info|2019-12-13 15:19:36.285998|[P2P][Service] heartBeat,connected count=4
info|2019-12-13 15:19:46.286080|[P2P][Service] heartBeat,connected count=4
info|2019-12-13 15:19:56.286164|[P2P][Service] heartBeat,connected count=4
info|2019-12-13 15:20:06.286533|[P2P][Service] heartBeat,connected count=4
info|2019-12-13 15:20:16.286622|[P2P][Service] heartBeat,connected count=4
info|2019-12-13 15:20:26.286744|[P2P][Service] heartBeat,connected count=4
info|2019-12-13 15:20:36.286831|[P2P][Service] heartBeat,connected count=4
info|2019-12-13 15:20:46.286923|[P2P][Service] heartBeat,connected count=4
info|2019-12-13 15:20:56.290341|[P2P][Service] heartBeat,connected count=4
info|2019-12-13 15:21:06.290427|[P2P][Service] heartBeat,connected count=4
info|2019-12-13 15:21:16.290533|[P2P][Service] heartBeat,connected count=4
info|2019-12-13 15:21:26.290609|[P2P][Service] heartBeat,connected count=4
info|2019-12-13 15:21:36.290925|[P2P][Service] heartBeat,connected count=4
info|2019-12-13 15:21:46.291077|[P2P][Service] heartBeat,connected count=4
info|2019-12-13 15:21:56.291327|[P2P][Service] heartBeat,connected count=4
info|2019-12-13 15:22:06.291415|[P2P][Service] heartBeat,connected count=4
info|2019-12-13 15:22:16.291572|[P2P][Service] heartBeat,connected count=4
info|2019-12-13 15:22:26.291649|[P2P][Service] heartBeat,connected count=4
info|2019-12-13 15:22:36.291729|[P2P][Service] heartBeat,connected count=4
info|2019-12-13 15:22:46.291811|[P2P][Service] heartBeat,connected count=4
info|2019-12-13 15:22:56.291904|[P2P][Service] heartBeat,connected count=4
info|2019-12-13 15:23:06.292067|[P2P][Service] heartBeat,connected count=4
info|2019-12-13 15:23:16.292173|[P2P][Service] heartBeat,connected count=4
info|2019-12-13 15:23:26.292269|[P2P][Service] heartBeat,connected count=4
info|2019-12-13 15:23:36.292487|[P2P][Service] heartBeat,connected count=4
info|2019-12-13 15:23:46.293046|[P2P][Service] heartBeat,connected count=4
info|2019-12-13 15:23:56.293479|[P2P][Service] heartBeat,connected count=4
info|2019-12-13 15:24:06.293570|[P2P][Service] heartBeat,connected count=4
info|2019-12-13 15:24:16.293684|[P2P][Service] heartBeat,connected count=4
info|2019-12-13 15:24:26.293785|[P2P][Service] heartBeat,connected count=4
info|2019-12-13 15:24:36.294089|[P2P][Service] heartBeat,connected count=4
info|2019-12-13 15:24:46.294249|[P2P][Service] heartBeat,connected count=4
info|2019-12-13 15:24:56.294318|[P2P][Service] heartBeat,connected count=4
info|2019-12-13 15:25:06.294770|[P2P][Service] heartBeat,connected count=4
info|2019-12-13 15:25:16.294905|[P2P][Service] heartBeat,connected count=4
info|2019-12-13 15:25:26.294992|[P2P][Service] heartBeat,connected count=4
info|2019-12-13 15:25:36.296061|[P2P][Service] heartBeat,connected count=4
info|2019-12-13 15:25:46.296137|[P2P][Service] heartBeat,connected count=4
info|2019-12-13 15:25:56.296388|[P2P][Service] heartBeat,connected count=4
info|2019-12-13 15:26:06.296471|[P2P][Service] heartBeat,connected count=4
info|2019-12-13 15:26:16.296559|[P2P][Service] heartBeat,connected count=4
info|2019-12-13 15:26:26.296742|[P2P][Service] heartBeat,connected count=4
info|2019-12-13 15:26:36.296888|[P2P][Service] heartBeat,connected count=4
info|2019-12-13 15:26:46.296966|[P2P][Service] heartBeat,connected count=4
info|2019-12-13 15:26:56.297038|[P2P][Service] heartBeat,connected count=4
info|2019-12-13 15:27:06.297186|[P2P][Service] heartBeat,connected count=4
info|2019-12-13 15:27:16.297526|[P2P][Service] heartBeat,connected count=4
info|2019-12-13 15:27:26.298212|[P2P][Service] heartBeat,connected count=4
info|2019-12-13 15:27:36.298286|[P2P][Service] heartBeat,connected count=4
info|2019-12-13 15:27:46.298371|[P2P][Service] heartBeat,connected count=4
info|2019-12-13 15:27:56.298477|[P2P][Service] heartBeat,connected count=4
info|2019-12-13 15:28:06.298568|[P2P][Service] heartBeat,connected count=4
info|2019-12-13 15:28:16.299000|[P2P][Service] heartBeat,connected count=4
info|2019-12-13 15:28:26.299124|[P2P][Service] heartBeat,connected count=4
info|2019-12-13 15:28:36.299455|[P2P][Service] heartBeat,connected count=4
info|2019-12-13 15:28:46.299517|[P2P][Service] heartBeat,connected count=4
info|2019-12-13 15:28:56.299591|[P2P][Service] heartBeat,connected count=4
info|2019-12-13 15:29:06.300293|[P2P][Service] heartBeat,connected count=4
info|2019-12-13 15:29:16.300573|[P2P][Service] heartBeat,connected count=4
info|2019-12-13 15:29:26.300717|[P2P][Service] heartBeat,connected count=4
info|2019-12-13 15:29:36.300795|[P2P][Service] heartBeat,connected count=4
info|2019-12-13 15:29:46.301378|[P2P][Service] heartBeat,connected count=4
info|2019-12-13 15:29:56.301770|[P2P][Service] heartBeat,connected count=4
info|2019-12-13 15:30:06.302377|[P2P][Service] heartBeat,connected count=4
info|2019-12-13 15:30:16.302456|[P2P][Service] heartBeat,connected count=4
info|2019-12-13 15:30:26.302537|[P2P][Service] heartBeat,connected count=4
info|2019-12-13 15:30:36.302738|[P2P][Service] heartBeat,connected count=4
info|2019-12-13 15:30:46.308821|[P2P][Service] heartBeat,connected count=4
info|2019-12-13 15:30:56.308910|[P2P][Service] heartBeat,connected count=4
info|2019-12-13 15:31:06.308986|[P2P][Service] heartBeat,connected count=4
info|2019-12-13 15:31:16.309215|[P2P][Service] heartBeat,connected count=4
info|2019-12-13 15:31:26.309427|[P2P][Service] heartBeat,connected count=4
info|2019-12-13 15:31:36.309523|[P2P][Service] heartBeat,connected count=4
info|2019-12-13 15:31:46.309614|[P2P][Service] heartBeat,connected count=4
info|2019-12-13 15:31:56.309699|[P2P][Service] heartBeat,connected count=4
info|2019-12-13 15:32:06.311568|[P2P][Service] heartBeat,connected count=4
info|2019-12-13 15:32:16.311660|[P2P][Service] heartBeat,connected count=4
info|2019-12-13 15:32:26.311770|[P2P][Service] heartBeat,connected count=4
info|2019-12-13 15:32:36.311856|[P2P][Service] heartBeat,connected count=4
info|2019-12-13 15:32:46.312049|[P2P][Service] heartBeat,connected count=4
info|2019-12-13 15:32:56.312852|[P2P][Service] heartBeat,connected count=4
info|2019-12-13 15:33:06.312999|[P2P][Service] heartBeat,connected count=4
info|2019-12-13 15:33:16.313192|[P2P][Service] heartBeat,connected count=4
info|2019-12-13 15:33:26.313277|[P2P][Service] heartBeat,connected count=4
info|2019-12-13 15:33:36.313357|[P2P][Service] heartBeat,connected count=4
info|2019-12-13 15:33:46.313437|[P2P][Service] heartBeat,connected count=4
info|2019-12-13 15:33:56.313636|[P2P][Service] heartBeat,connected count=4
info|2019-12-13 15:34:06.313811|[P2P][Service] heartBeat,connected count=4
info|2019-12-13 15:34:16.313953|[P2P][Service] heartBeat,connected count=4
info|2019-12-13 15:34:26.314052|[P2P][Service] heartBeat,connected count=4
info|2019-12-13 15:34:36.314133|[P2P][Service] heartBeat,connected count=4
info|2019-12-13 15:34:46.314368|[P2P][Service] heartBeat,connected count=4
info|2019-12-13 15:34:56.314494|[P2P][Service] heartBeat,connected count=4
info|2019-12-13 15:35:06.314666|[P2P][Service] heartBeat,connected count=4
info|2019-12-13 15:35:16.315358|[P2P][Service] heartBeat,connected count=4
info|2019-12-13 15:35:26.315438|[P2P][Service] heartBeat,connected count=4
info|2019-12-13 15:35:36.315545|[P2P][Service] heartBeat,connected count=4
info|2019-12-13 15:35:46.315620|[P2P][Service] heartBeat,connected count=4
info|2019-12-13 15:35:56.315695|[P2P][Service] heartBeat,connected count=4
info|2019-12-13 15:36:06.315771|[P2P][Service] heartBeat,connected count=4
info|2019-12-13 15:36:16.315850|[P2P][Service] heartBeat,connected count=4
info|2019-12-13 15:36:26.315930|[P2P][Service] heartBeat,connected count=4
info|2019-12-13 15:36:36.316012|[P2P][Service] heartBeat,connected count=4
info|2019-12-13 15:36:46.316642|[P2P][Service] heartBeat,connected count=4
info|2019-12-13 15:36:56.317273|[P2P][Service] heartBeat,connected count=4
info|2019-12-13 15:37:06.317354|[P2P][Service] heartBeat,connected count=4
info|2019-12-13 15:37:16.320014|[P2P][Service] heartBeat,connected count=4
info|2019-12-13 15:37:26.320402|[P2P][Service] heartBeat,connected count=4
info|2019-12-13 15:37:36.321047|[P2P][Service] heartBeat,connected count=4
info|2019-12-13 15:37:46.321171|[P2P][Service] heartBeat,connected count=4
info|2019-12-13 15:37:56.321293|[P2P][Service] heartBeat,connected count=4
info|2019-12-13 15:38:06.321379|[P2P][Service] heartBeat,connected count=4
info|2019-12-13 15:38:16.322218|[P2P][Service] heartBeat,connected count=4
info|2019-12-13 15:38:26.322342|[P2P][Service] heartBeat,connected count=4
info|2019-12-13 15:38:31.521454|[LEDGER]stop sealer,groupID=1
info|2019-12-13 15:38:31.521466|[CONSENSUS][SEALER]Stop sealer module...
info|2019-12-13 15:38:31.531790|[CONSENSUS][ConsensusEngine][Stop ConsensusEngineBase]
info|2019-12-13 15:38:31.535560|[CONSENSUS][ConsensusEngine]ConsensusEngineBase stopped
info|2019-12-13 15:38:31.535579|[LEDGER]sealer stopped. stop sync,groupID=1
info|2019-12-13 15:38:31.699260|[SYNC][id:6e4f3ba3...]SyncMaster stopped
info|2019-12-13 15:38:31.699313|[LEDGER]ledger stopped,groupID=1
info|2019-12-13 15:38:31.758573|[EVENT][EventLogFilterManager]stop
info|2019-12-13 15:38:31.758592|[LEDGER]event filter manager stopped,groupID=1
info|2019-12-13 15:38:31.758598|[INITIALIZER]ledgerInitializer stopped
info|2019-12-13 15:38:32.758861|[INITIALIZER]ChannelRPCHttpServer deleted.
info|2019-12-13 15:38:32.759063|[INITIALIZER]JsonrpcHttpServer deleted.
info|2019-12-13 15:38:32.759075|[INITIALIZER]RPCInitializer stopped
info|2019-12-13 15:38:32.759099|[NETWORK][Host]Host exit
info|2019-12-13 15:38:32.759450|[INITIALIZER]P2PInitializer stopped
info|2019-12-13 15:38:32.759472|[LEDGER]stop sealer,groupID=1
info|2019-12-13 15:38:32.759481|[LEDGER]sealer stopped. stop sync,groupID=1
info|2019-12-13 15:38:32.759486|[SYNC][id:6e4f3ba3...]SyncMaster stopped
info|2019-12-13 15:38:32.759491|[LEDGER]ledger stopped,groupID=1
info|2019-12-13 15:38:32.759495|[LEDGER]event filter manager stopped,groupID=1
info|2019-12-13 15:38:32.759502|[STORAGE]Stopping flushStorage thread
info|2019-12-13 15:38:33.449627|[STORAGE]flushStorage thread stopped.
info|2019-12-13 15:38:33.449661|[DBINITIALIZER] storage stopped
info|2019-12-13 15:38:33.449798|[SYNC][id:6e4f3ba3...]SyncMaster stopped
