info|2019-10-25 21:00:01.927371|[P2P][Service] heartBeat,connected count=4
info|2019-10-25 21:00:11.927471|[P2P][Service] heartBeat,connected count=4
info|2019-10-25 21:00:21.927552|[P2P][Service] heartBeat,connected count=4
info|2019-10-25 21:00:31.927647|[P2P][Service] heartBeat,connected count=4
info|2019-10-25 21:00:41.927729|[P2P][Service] heartBeat,connected count=4
info|2019-10-25 21:00:51.927914|[P2P][Service] heartBeat,connected count=4
info|2019-10-25 21:01:01.928099|[P2P][Service] heartBeat,connected count=4
info|2019-10-25 21:01:11.929034|[P2P][Service] heartBeat,connected count=4
info|2019-10-25 21:01:17.005578|[NETWORK][Session]Received topic: [16] from 6f9974710b9ea562ecc6a6823039b05e159d8669f228efa0c8b8234f08c2b75fb97eecdae4ef16bc99800bdfa03ed03d619629887e9c1c8b46ad79f5d38c4991
info|2019-10-25 21:01:21.929119|[P2P][Service] heartBeat,connected count=4
info|2019-10-25 21:01:31.929201|[P2P][Service] heartBeat,connected count=4
info|2019-10-25 21:01:41.929269|[P2P][Service] heartBeat,connected count=4
info|2019-10-25 21:01:51.929358|[P2P][Service] heartBeat,connected count=4
info|2019-10-25 21:02:01.930125|[P2P][Service] heartBeat,connected count=4
info|2019-10-25 21:02:11.930209|[P2P][Service] heartBeat,connected count=4
info|2019-10-25 21:02:21.930324|[P2P][Service] heartBeat,connected count=4
info|2019-10-25 21:02:31.930403|[P2P][Service] heartBeat,connected count=4
info|2019-10-25 21:02:41.931208|[P2P][Service] heartBeat,connected count=4
info|2019-10-25 21:02:51.931300|[P2P][Service] heartBeat,connected count=4
info|2019-10-25 21:03:01.931412|[P2P][Service] heartBeat,connected count=4
info|2019-10-25 21:03:11.931520|[P2P][Service] heartBeat,connected count=4
info|2019-10-25 21:03:21.931683|[P2P][Service] heartBeat,connected count=4
info|2019-10-25 21:03:31.931805|[P2P][Service] heartBeat,connected count=4
info|2019-10-25 21:03:41.931931|[P2P][Service] heartBeat,connected count=4
info|2019-10-25 21:03:51.932107|[P2P][Service] heartBeat,connected count=4
info|2019-10-25 21:04:01.932194|[P2P][Service] heartBeat,connected count=4
info|2019-10-25 21:04:11.932274|[P2P][Service] heartBeat,connected count=4
info|2019-10-25 21:04:21.932561|[P2P][Service] heartBeat,connected count=4
info|2019-10-25 21:04:31.932781|[P2P][Service] heartBeat,connected count=4
info|2019-10-25 21:04:41.932891|[P2P][Service] heartBeat,connected count=4
info|2019-10-25 21:04:51.932976|[P2P][Service] heartBeat,connected count=4
info|2019-10-25 21:05:01.933058|[P2P][Service] heartBeat,connected count=4
info|2019-10-25 21:05:11.933129|[P2P][Service] heartBeat,connected count=4
info|2019-10-25 21:05:21.933193|[P2P][Service] heartBeat,connected count=4
info|2019-10-25 21:05:31.933353|[P2P][Service] heartBeat,connected count=4
info|2019-10-25 21:05:41.933433|[P2P][Service] heartBeat,connected count=4
info|2019-10-25 21:05:51.933519|[P2P][Service] heartBeat,connected count=4
info|2019-10-25 21:06:01.934435|[P2P][Service] heartBeat,connected count=4
info|2019-10-25 21:06:11.934525|[P2P][Service] heartBeat,connected count=4
info|2019-10-25 21:06:21.934690|[P2P][Service] heartBeat,connected count=4
info|2019-10-25 21:06:31.934768|[P2P][Service] heartBeat,connected count=4
info|2019-10-25 21:06:41.934846|[P2P][Service] heartBeat,connected count=4
info|2019-10-25 21:06:51.934940|[P2P][Service] heartBeat,connected count=4
info|2019-10-25 21:07:01.935071|[P2P][Service] heartBeat,connected count=4
info|2019-10-25 21:07:11.935846|[P2P][Service] heartBeat,connected count=4
info|2019-10-25 21:07:21.936245|[P2P][Service] heartBeat,connected count=4
info|2019-10-25 21:07:31.936345|[P2P][Service] heartBeat,connected count=4
info|2019-10-25 21:07:41.936417|[P2P][Service] heartBeat,connected count=4
info|2019-10-25 21:07:51.936476|[P2P][Service] heartBeat,connected count=4
info|2019-10-25 21:08:01.936660|[P2P][Service] heartBeat,connected count=4
info|2019-10-25 21:08:11.936878|[P2P][Service] heartBeat,connected count=4
info|2019-10-25 21:08:21.937003|[P2P][Service] heartBeat,connected count=4
info|2019-10-25 21:08:31.937130|[P2P][Service] heartBeat,connected count=4
info|2019-10-25 21:08:41.937199|[P2P][Service] heartBeat,connected count=4
info|2019-10-25 21:08:51.937338|[P2P][Service] heartBeat,connected count=4
info|2019-10-25 21:09:01.937419|[P2P][Service] heartBeat,connected count=4
info|2019-10-25 21:09:11.937561|[P2P][Service] heartBeat,connected count=4
info|2019-10-25 21:09:21.937624|[P2P][Service] heartBeat,connected count=4
info|2019-10-25 21:09:31.937706|[P2P][Service] heartBeat,connected count=4
info|2019-10-25 21:09:41.937940|[P2P][Service] heartBeat,connected count=4
info|2019-10-25 21:09:51.938218|[P2P][Service] heartBeat,connected count=4
info|2019-10-25 21:10:01.938775|[P2P][Service] heartBeat,connected count=4
info|2019-10-25 21:10:11.938930|[P2P][Service] heartBeat,connected count=4
info|2019-10-25 21:10:21.939034|[P2P][Service] heartBeat,connected count=4
info|2019-10-25 21:10:31.939114|[P2P][Service] heartBeat,connected count=4
info|2019-10-25 21:10:41.939711|[P2P][Service] heartBeat,connected count=4
info|2019-10-25 21:10:51.939795|[P2P][Service] heartBeat,connected count=4
info|2019-10-25 21:11:01.940475|[P2P][Service] heartBeat,connected count=4
info|2019-10-25 21:11:11.940551|[P2P][Service] heartBeat,connected count=4
info|2019-10-25 21:11:21.940633|[P2P][Service] heartBeat,connected count=4
info|2019-10-25 21:11:31.941228|[P2P][Service] heartBeat,connected count=4
info|2019-10-25 21:11:41.941615|[P2P][Service] heartBeat,connected count=4
info|2019-10-25 21:11:51.941873|[P2P][Service] heartBeat,connected count=4
info|2019-10-25 21:12:01.941977|[P2P][Service] heartBeat,connected count=4
info|2019-10-25 21:12:11.942055|[P2P][Service] heartBeat,connected count=4
info|2019-10-25 21:12:21.942147|[P2P][Service] heartBeat,connected count=4
info|2019-10-25 21:12:31.942311|[P2P][Service] heartBeat,connected count=4
info|2019-10-25 21:12:41.942509|[P2P][Service] heartBeat,connected count=4
info|2019-10-25 21:12:51.942614|[P2P][Service] heartBeat,connected count=4
info|2019-10-25 21:13:01.942694|[P2P][Service] heartBeat,connected count=4
info|2019-10-25 21:13:11.942793|[P2P][Service] heartBeat,connected count=4
info|2019-10-25 21:13:21.942871|[P2P][Service] heartBeat,connected count=4
info|2019-10-25 21:13:31.942949|[P2P][Service] heartBeat,connected count=4
info|2019-10-25 21:13:41.943230|[P2P][Service] heartBeat,connected count=4
info|2019-10-25 21:13:51.943319|[P2P][Service] heartBeat,connected count=4
info|2019-10-25 21:14:01.943412|[P2P][Service] heartBeat,connected count=4
info|2019-10-25 21:14:11.943491|[P2P][Service] heartBeat,connected count=4
info|2019-10-25 21:14:21.943582|[P2P][Service] heartBeat,connected count=4
info|2019-10-25 21:14:31.943663|[P2P][Service] heartBeat,connected count=4
info|2019-10-25 21:14:41.943898|[P2P][Service] heartBeat,connected count=4
info|2019-10-25 21:14:51.943993|[P2P][Service] heartBeat,connected count=4
info|2019-10-25 21:15:01.944127|[P2P][Service] heartBeat,connected count=4
info|2019-10-25 21:15:11.944460|[P2P][Service] heartBeat,connected count=4
info|2019-10-25 21:15:21.944553|[P2P][Service] heartBeat,connected count=4
info|2019-10-25 21:15:31.944628|[P2P][Service] heartBeat,connected count=4
info|2019-10-25 21:15:41.944736|[P2P][Service] heartBeat,connected count=4
info|2019-10-25 21:15:51.944985|[P2P][Service] heartBeat,connected count=4
info|2019-10-25 21:16:01.945100|[P2P][Service] heartBeat,connected count=4
info|2019-10-25 21:16:11.945179|[P2P][Service] heartBeat,connected count=4
info|2019-10-25 21:16:21.945296|[P2P][Service] heartBeat,connected count=4
info|2019-10-25 21:16:31.945909|[P2P][Service] heartBeat,connected count=4
info|2019-10-25 21:16:41.946060|[P2P][Service] heartBeat,connected count=4
info|2019-10-25 21:16:51.946140|[P2P][Service] heartBeat,connected count=4
info|2019-10-25 21:17:01.946221|[P2P][Service] heartBeat,connected count=4
info|2019-10-25 21:17:11.946295|[P2P][Service] heartBeat,connected count=4
info|2019-10-25 21:17:21.946382|[P2P][Service] heartBeat,connected count=4
info|2019-10-25 21:17:31.946517|[P2P][Service] heartBeat,connected count=4
info|2019-10-25 21:17:41.946601|[P2P][Service] heartBeat,connected count=4
info|2019-10-25 21:17:51.946963|[P2P][Service] heartBeat,connected count=4
info|2019-10-25 21:18:01.947091|[P2P][Service] heartBeat,connected count=4
info|2019-10-25 21:18:11.947221|[P2P][Service] heartBeat,connected count=4
info|2019-10-25 21:18:21.947301|[P2P][Service] heartBeat,connected count=4
info|2019-10-25 21:18:31.947531|[P2P][Service] heartBeat,connected count=4
info|2019-10-25 21:18:41.947610|[P2P][Service] heartBeat,connected count=4
info|2019-10-25 21:18:51.947739|[P2P][Service] heartBeat,connected count=4
info|2019-10-25 21:19:01.947815|[P2P][Service] heartBeat,connected count=4
info|2019-10-25 21:19:11.948693|[P2P][Service] heartBeat,connected count=4
info|2019-10-25 21:19:17.049046|[NETWORK][Session]Received topic: [17	_block_notify_1] from 6f9974710b9ea562ecc6a6823039b05e159d8669f228efa0c8b8234f08c2b75fb97eecdae4ef16bc99800bdfa03ed03d619629887e9c1c8b46ad79f5d38c4991
info|2019-10-25 21:19:21.948790|[P2P][Service] heartBeat,connected count=4
info|2019-10-25 21:19:31.949623|[P2P][Service] heartBeat,connected count=4
info|2019-10-25 21:19:41.950060|[P2P][Service] heartBeat,connected count=4
info|2019-10-25 21:19:47.049946|[NETWORK][Session]Received topic: [18] from 6f9974710b9ea562ecc6a6823039b05e159d8669f228efa0c8b8234f08c2b75fb97eecdae4ef16bc99800bdfa03ed03d619629887e9c1c8b46ad79f5d38c4991
info|2019-10-25 21:19:51.950980|[P2P][Service] heartBeat,connected count=4
info|2019-10-25 21:20:01.951063|[P2P][Service] heartBeat,connected count=4
warning|2019-10-25 21:20:11.897027|[NETWORK][Session]doRead error,endpoint=127.0.0.1:30302,message=stream truncated
info|2019-10-25 21:20:11.897052|[NETWORK][Session]drop, call and erase all callbackFunc in this session!,endpoint=127.0.0.1:30302
warning|2019-10-25 21:20:11.897063|[NETWORK][Session][drop] closing remote 127.0.0.1:30302,reason=Low-level TCP communication error.,endpoint=127.0.0.1:30302
warning|2019-10-25 21:20:11.897120|[NETWORK][Session][drop] shutdown failed ,errorValue=9,message=Bad file descriptor
warning|2019-10-25 21:20:11.897199|[P2P][Service] disconnect error P2PSession,nodeID=7977f137...,endpoint=127.0.0.1:30302,errorCode=3,what=Disconnect
warning|2019-10-25 21:20:11.897216|[P2P][Service] onDisconnect,errorCode=3,what=Dynamic exception type: dev::network::NetworkException
std::exception::what: Disconnect

warning|2019-10-25 21:20:11.900042|[NETWORK][Session]doRead error,endpoint=127.0.0.1:30303,message=stream truncated
info|2019-10-25 21:20:11.900068|[NETWORK][Session]drop, call and erase all callbackFunc in this session!,endpoint=127.0.0.1:30303
warning|2019-10-25 21:20:11.900078|[NETWORK][Session][drop] closing remote 127.0.0.1:30303,reason=Low-level TCP communication error.,endpoint=127.0.0.1:30303
warning|2019-10-25 21:20:11.900129|[NETWORK][Session][drop] shutdown failed ,errorValue=9,message=Bad file descriptor
warning|2019-10-25 21:20:11.900148|[P2P][Service] disconnect error P2PSession,nodeID=9303553a...,endpoint=127.0.0.1:30303,errorCode=3,what=Disconnect
warning|2019-10-25 21:20:11.900159|[P2P][Service] onDisconnect,errorCode=3,what=Dynamic exception type: dev::network::NetworkException
std::exception::what: Disconnect

