warning|2019-12-12 19:15:58.084587|[g:1][CONSENSUS][PBFT]ViewChangeWarning: not caused by omit empty block ,v=724,toV=725,curNum=28,hash=965ae6f1...,nodeIdx=2,myNode=7977f137...
info|2019-12-12 19:15:58.084666|[g:1][CONSENSUS][PBFT]checkTimeout Succ,view=724,toView=725,nodeIdx=2,changeCycle=1,myNode=7977f137...,timecost=0.271
info|2019-12-12 19:15:58.099277|[P2P][Service] heartBeat,connected count=4
warning|2019-12-12 19:15:58.116756|[SYNC][id:7977f137...][Status]Peer data not found,nodeId=6e4f3ba3...
info|2019-12-12 19:15:58.131181|[g:1][CONSENSUS][PBFT]checkAndChangeView: Reach consensus,org_view=724,org_changeCycle=1,cur_changeCycle=1,to_view=725
info|2019-12-12 19:15:59.558953|[g:1][CONSENSUS]addRawPrepare,height=29,reqIdx=1,hash=35854229...
info|2019-12-12 19:15:59.802260|[g:1][CONSENSUS][PBFT]checkTimeout Succ,view=725,toView=726,nodeIdx=2,changeCycle=0,myNode=7977f137...,timecost=242.718
info|2019-12-12 19:16:01.143189|[g:1][CONSENSUS][PBFT]checkAndChangeView: Reach consensus,org_view=725,org_changeCycle=0,cur_changeCycle=0,to_view=726
info|2019-12-12 19:16:02.143496|[g:1][CONSENSUS][SEALER]++++++++++++++++ Generating seal on,blkNum=29,tx=0,nodeIdx=2,hash=3dfd4d6d...
info|2019-12-12 19:16:02.144643|[g:1][CONSENSUS][PBFT]checkTimeout Succ,view=726,toView=727,nodeIdx=2,changeCycle=0,myNode=7977f137...,timecost=0.457
info|2019-12-12 19:16:02.157566|[g:1][CONSENSUS][PBFT]checkAndChangeView: Reach consensus,org_view=726,org_changeCycle=0,cur_changeCycle=0,to_view=727
info|2019-12-12 19:16:03.037274|[NETWORK][Session]Received topic: [7	_block_notify_1] from 6f9974710b9ea562ecc6a6823039b05e159d8669f228efa0c8b8234f08c2b75fb97eecdae4ef16bc99800bdfa03ed03d619629887e9c1c8b46ad79f5d38c4991
info|2019-12-12 19:16:03.159673|[g:1][CONSENSUS]addRawPrepare,height=29,reqIdx=3,hash=07b58015...
info|2019-12-12 19:16:03.160042|[g:1][CONSENSUS][PBFT]checkTimeout Succ,view=727,toView=728,nodeIdx=2,changeCycle=0,myNode=7977f137...,timecost=0.327
info|2019-12-12 19:16:03.179482|[g:1][CONSENSUS][PBFT]checkAndChangeView: Reach consensus,org_view=727,org_changeCycle=0,cur_changeCycle=0,to_view=728
warning|2019-12-12 19:16:03.235330|[SYNC][id:7977f137...][Status]Peer data not found,nodeId=6e4f3ba3...
info|2019-12-12 19:16:04.201989|[g:1][CONSENSUS]addRawPrepare,height=29,reqIdx=0,hash=98af8411...
info|2019-12-12 19:16:04.202478|[g:1][CONSENSUS][PBFT]checkTimeout Succ,view=728,toView=729,nodeIdx=2,changeCycle=0,myNode=7977f137...,timecost=0.353
info|2019-12-12 19:16:04.210234|[g:1][CONSENSUS][PBFT]checkAndChangeView: Reach consensus,org_view=728,org_changeCycle=0,cur_changeCycle=0,to_view=729
info|2019-12-12 19:16:05.211710|[g:1][CONSENSUS]addRawPrepare,height=29,reqIdx=1,hash=0757c4c6...
info|2019-12-12 19:16:05.212001|[g:1][CONSENSUS][PBFT]checkTimeout Succ,view=729,toView=730,nodeIdx=2,changeCycle=0,myNode=7977f137...,timecost=0.196
info|2019-12-12 19:16:05.215842|[g:1][CONSENSUS][PBFT]checkAndChangeView: Reach consensus,org_view=729,org_changeCycle=0,cur_changeCycle=0,to_view=730
info|2019-12-12 19:16:06.216579|[g:1][CONSENSUS][SEALER]++++++++++++++++ Generating seal on,blkNum=29,tx=0,nodeIdx=2,hash=136bd869...
info|2019-12-12 19:16:06.241227|[g:1][CONSENSUS][PBFT]checkTimeout Succ,view=730,toView=731,nodeIdx=2,changeCycle=0,myNode=7977f137...,timecost=0.455
info|2019-12-12 19:16:06.246475|[g:1][CONSENSUS][PBFT]checkAndChangeView: Reach consensus,org_view=730,org_changeCycle=0,cur_changeCycle=0,to_view=731
info|2019-12-12 19:16:07.238086|[g:1][CONSENSUS]addRawPrepare,height=29,reqIdx=3,hash=e657a00c...
info|2019-12-12 19:16:07.238312|[g:1][CONSENSUS][PBFT]checkTimeout Succ,view=731,toView=732,nodeIdx=2,changeCycle=0,myNode=7977f137...,timecost=0.201
info|2019-12-12 19:16:07.240660|[g:1][CONSENSUS][PBFT]checkAndChangeView: Reach consensus,org_view=731,org_changeCycle=0,cur_changeCycle=0,to_view=732
info|2019-12-12 19:16:08.099360|[P2P][Service] heartBeat,connected count=4
warning|2019-12-12 19:16:08.241097|[SYNC][id:7977f137...][Status]Peer data not found,nodeId=6e4f3ba3...
info|2019-12-12 19:16:08.241947|[g:1][CONSENSUS]addRawPrepare,height=29,reqIdx=0,hash=1770a303...
info|2019-12-12 19:16:08.242237|[g:1][CONSENSUS][PBFT]checkTimeout Succ,view=732,toView=733,nodeIdx=2,changeCycle=0,myNode=7977f137...,timecost=0.22
info|2019-12-12 19:16:08.247557|[g:1][CONSENSUS][PBFT]checkAndChangeView: Reach consensus,org_view=732,org_changeCycle=0,cur_changeCycle=0,to_view=733
info|2019-12-12 19:16:09.248174|[g:1][CONSENSUS]addRawPrepare,height=29,reqIdx=1,hash=1e299f8c...
info|2019-12-12 19:16:09.248472|[g:1][CONSENSUS][PBFT]checkTimeout Succ,view=733,toView=734,nodeIdx=2,changeCycle=0,myNode=7977f137...,timecost=0.216
info|2019-12-12 19:16:09.253213|[g:1][CONSENSUS][PBFT]checkAndChangeView: Reach consensus,org_view=733,org_changeCycle=0,cur_changeCycle=0,to_view=734
info|2019-12-12 19:16:10.253237|[g:1][CONSENSUS][SEALER]++++++++++++++++ Generating seal on,blkNum=29,tx=0,nodeIdx=2,hash=7133b50b...
info|2019-12-12 19:16:10.261069|[g:1][CONSENSUS][PBFT]checkTimeout Succ,view=734,toView=735,nodeIdx=2,changeCycle=0,myNode=7977f137...,timecost=0.305
info|2019-12-12 19:16:10.262027|[g:1][CONSENSUS][PBFT]checkAndChangeView: Reach consensus,org_view=734,org_changeCycle=0,cur_changeCycle=0,to_view=735
info|2019-12-12 19:16:11.262521|[g:1][CONSENSUS]addRawPrepare,height=29,reqIdx=3,hash=97af5c34...
info|2019-12-12 19:16:11.262807|[g:1][CONSENSUS][PBFT]checkTimeout Succ,view=735,toView=736,nodeIdx=2,changeCycle=0,myNode=7977f137...,timecost=0.261
info|2019-12-12 19:16:11.263994|[g:1][CONSENSUS][PBFT]checkAndChangeView: Reach consensus,org_view=735,org_changeCycle=0,cur_changeCycle=0,to_view=736
info|2019-12-12 19:16:12.266096|[g:1][CONSENSUS]addRawPrepare,height=29,reqIdx=0,hash=3ae6272a...
info|2019-12-12 19:16:12.266361|[g:1][CONSENSUS][PBFT]checkTimeout Succ,view=736,toView=737,nodeIdx=2,changeCycle=0,myNode=7977f137...,timecost=0.191
info|2019-12-12 19:16:12.270116|[g:1][CONSENSUS][PBFT]checkAndChangeView: Reach consensus,org_view=736,org_changeCycle=0,cur_changeCycle=0,to_view=737
warning|2019-12-12 19:16:13.260310|[SYNC][id:7977f137...][Status]Peer data not found,nodeId=6e4f3ba3...
info|2019-12-12 19:16:13.280845|[g:1][CONSENSUS]addRawPrepare,height=29,reqIdx=1,hash=3fa85fd6...
info|2019-12-12 19:16:13.281211|[g:1][CONSENSUS][PBFT]checkTimeout Succ,view=737,toView=738,nodeIdx=2,changeCycle=0,myNode=7977f137...,timecost=0.266
info|2019-12-12 19:16:13.288349|[g:1][CONSENSUS][PBFT]checkAndChangeView: Reach consensus,org_view=737,org_changeCycle=0,cur_changeCycle=0,to_view=738
info|2019-12-12 19:16:14.291804|[g:1][CONSENSUS][SEALER]++++++++++++++++ Generating seal on,blkNum=29,tx=0,nodeIdx=2,hash=290f7801...
info|2019-12-12 19:16:14.306018|[g:1][CONSENSUS][PBFT]checkTimeout Succ,view=738,toView=739,nodeIdx=2,changeCycle=0,myNode=7977f137...,timecost=0.298
info|2019-12-12 19:16:14.307206|[g:1][CONSENSUS][PBFT]checkAndChangeView: Reach consensus,org_view=738,org_changeCycle=0,cur_changeCycle=0,to_view=739
info|2019-12-12 19:16:15.305609|[g:1][CONSENSUS]addRawPrepare,height=29,reqIdx=3,hash=0573a12d...
info|2019-12-12 19:16:15.305832|[g:1][CONSENSUS][PBFT]checkTimeout Succ,view=739,toView=740,nodeIdx=2,changeCycle=0,myNode=7977f137...,timecost=0.199
info|2019-12-12 19:16:15.307657|[g:1][CONSENSUS][PBFT]checkAndChangeView: Reach consensus,org_view=739,org_changeCycle=0,cur_changeCycle=0,to_view=740
info|2019-12-12 19:16:16.314921|[g:1][CONSENSUS]addRawPrepare,height=29,reqIdx=0,hash=aa27a2c5...
info|2019-12-12 19:16:16.315203|[g:1][CONSENSUS][PBFT]checkTimeout Succ,view=740,toView=741,nodeIdx=2,changeCycle=0,myNode=7977f137...,timecost=0.198
info|2019-12-12 19:16:16.319081|[g:1][CONSENSUS][PBFT]checkAndChangeView: Reach consensus,org_view=740,org_changeCycle=0,cur_changeCycle=0,to_view=741
info|2019-12-12 19:16:17.320239|[g:1][CONSENSUS]addRawPrepare,height=29,reqIdx=1,hash=c8330f4e...
info|2019-12-12 19:16:17.320542|[g:1][CONSENSUS][PBFT]checkTimeout Succ,view=741,toView=742,nodeIdx=2,changeCycle=0,myNode=7977f137...,timecost=0.231
info|2019-12-12 19:16:17.323985|[g:1][CONSENSUS][PBFT]checkAndChangeView: Reach consensus,org_view=741,org_changeCycle=0,cur_changeCycle=0,to_view=742
info|2019-12-12 19:16:18.099439|[P2P][Service] heartBeat,connected count=4
warning|2019-12-12 19:16:18.267829|[SYNC][id:7977f137...][Status]Peer data not found,nodeId=6e4f3ba3...
info|2019-12-12 19:16:18.324614|[g:1][CONSENSUS][SEALER]++++++++++++++++ Generating seal on,blkNum=29,tx=0,nodeIdx=2,hash=2d1abde1...
info|2019-12-12 19:16:18.338706|[g:1][CONSENSUS][PBFT]checkTimeout Succ,view=742,toView=743,nodeIdx=2,changeCycle=0,myNode=7977f137...,timecost=3.457
info|2019-12-12 19:16:18.339437|[g:1][CONSENSUS][PBFT]checkAndChangeView: Reach consensus,org_view=742,org_changeCycle=0,cur_changeCycle=0,to_view=743
info|2019-12-12 19:16:19.342083|[g:1][CONSENSUS]addRawPrepare,height=29,reqIdx=3,hash=31ac9a1b...
info|2019-12-12 19:16:19.343301|[g:1][CONSENSUS][PBFT]checkTimeout Succ,view=743,toView=744,nodeIdx=2,changeCycle=0,myNode=7977f137...,timecost=1.189
info|2019-12-12 19:16:19.344993|[g:1][CONSENSUS][PBFT]checkAndChangeView: Reach consensus,org_view=743,org_changeCycle=0,cur_changeCycle=0,to_view=744
info|2019-12-12 19:16:20.352513|[g:1][CONSENSUS]addRawPrepare,height=29,reqIdx=0,hash=b4130216...
info|2019-12-12 19:16:20.352770|[g:1][CONSENSUS][PBFT]checkTimeout Succ,view=744,toView=745,nodeIdx=2,changeCycle=0,myNode=7977f137...,timecost=0.189
info|2019-12-12 19:16:20.362330|[g:1][CONSENSUS][PBFT]checkAndChangeView: Reach consensus,org_view=744,org_changeCycle=0,cur_changeCycle=0,to_view=745
info|2019-12-12 19:16:21.367203|[g:1][CONSENSUS]addRawPrepare,height=29,reqIdx=1,hash=92b7aeea...
info|2019-12-12 19:16:21.367504|[g:1][CONSENSUS][PBFT]checkTimeout Succ,view=745,toView=746,nodeIdx=2,changeCycle=0,myNode=7977f137...,timecost=0.233
info|2019-12-12 19:16:21.373871|[g:1][CONSENSUS][PBFT]checkAndChangeView: Reach consensus,org_view=745,org_changeCycle=0,cur_changeCycle=0,to_view=746
info|2019-12-12 19:16:22.374851|[g:1][CONSENSUS][SEALER]++++++++++++++++ Generating seal on,blkNum=29,tx=0,nodeIdx=2,hash=f7b63e15...
info|2019-12-12 19:16:22.387524|[g:1][CONSENSUS][PBFT]checkTimeout Succ,view=746,toView=747,nodeIdx=2,changeCycle=0,myNode=7977f137...,timecost=0.344
info|2019-12-12 19:16:22.388829|[g:1][CONSENSUS][PBFT]checkAndChangeView: Reach consensus,org_view=746,org_changeCycle=0,cur_changeCycle=0,to_view=747
warning|2019-12-12 19:16:23.275753|[SYNC][id:7977f137...][Status]Peer data not found,nodeId=6e4f3ba3...
info|2019-12-12 19:16:23.387626|[g:1][CONSENSUS]addRawPrepare,height=29,reqIdx=3,hash=78338392...
info|2019-12-12 19:16:23.387924|[g:1][CONSENSUS][PBFT]checkTimeout Succ,view=747,toView=748,nodeIdx=2,changeCycle=0,myNode=7977f137...,timecost=0.241
info|2019-12-12 19:16:23.390905|[g:1][CONSENSUS][PBFT]checkAndChangeView: Reach consensus,org_view=747,org_changeCycle=0,cur_changeCycle=0,to_view=748
info|2019-12-12 19:16:24.394107|[g:1][CONSENSUS]addRawPrepare,height=29,reqIdx=0,hash=a048e6fc...
info|2019-12-12 19:16:24.394485|[g:1][CONSENSUS][PBFT]checkTimeout Succ,view=748,toView=749,nodeIdx=2,changeCycle=0,myNode=7977f137...,timecost=0.284
info|2019-12-12 19:16:24.399380|[g:1][CONSENSUS][PBFT]checkAndChangeView: Reach consensus,org_view=748,org_changeCycle=0,cur_changeCycle=0,to_view=749
info|2019-12-12 19:16:25.400157|[g:1][CONSENSUS]addRawPrepare,height=29,reqIdx=1,hash=519e2da3...
info|2019-12-12 19:16:25.400466|[g:1][CONSENSUS][PBFT]checkTimeout Succ,view=749,toView=750,nodeIdx=2,changeCycle=0,myNode=7977f137...,timecost=0.233
info|2019-12-12 19:16:25.404239|[g:1][CONSENSUS][PBFT]checkAndChangeView: Reach consensus,org_view=749,org_changeCycle=0,cur_changeCycle=0,to_view=750
info|2019-12-12 19:16:26.404380|[g:1][CONSENSUS][SEALER]++++++++++++++++ Generating seal on,blkNum=29,tx=0,nodeIdx=2,hash=9de22c8a...
info|2019-12-12 19:16:26.413722|[g:1][CONSENSUS][PBFT]checkTimeout Succ,view=750,toView=751,nodeIdx=2,changeCycle=0,myNode=7977f137...,timecost=0.244
info|2019-12-12 19:16:26.415143|[g:1][CONSENSUS][PBFT]checkAndChangeView: Reach consensus,org_view=750,org_changeCycle=0,cur_changeCycle=0,to_view=751
info|2019-12-12 19:16:27.412911|[g:1][CONSENSUS]addRawPrepare,height=29,reqIdx=3,hash=419ff3e7...
info|2019-12-12 19:16:27.413181|[g:1][CONSENSUS][PBFT]checkTimeout Succ,view=751,toView=752,nodeIdx=2,changeCycle=0,myNode=7977f137...,timecost=0.247
info|2019-12-12 19:16:27.417025|[g:1][CONSENSUS][PBFT]checkAndChangeView: Reach consensus,org_view=751,org_changeCycle=0,cur_changeCycle=0,to_view=752
info|2019-12-12 19:16:28.100013|[P2P][Service] heartBeat,connected count=4
warning|2019-12-12 19:16:28.285940|[SYNC][id:7977f137...][Status]Peer data not found,nodeId=6e4f3ba3...
info|2019-12-12 19:16:28.418689|[g:1][CONSENSUS]addRawPrepare,height=29,reqIdx=0,hash=8674bde8...
info|2019-12-12 19:16:28.418977|[g:1][CONSENSUS][PBFT]checkTimeout Succ,view=752,toView=753,nodeIdx=2,changeCycle=0,myNode=7977f137...,timecost=0.222
info|2019-12-12 19:16:28.423197|[g:1][CONSENSUS][PBFT]checkAndChangeView: Reach consensus,org_view=752,org_changeCycle=0,cur_changeCycle=0,to_view=753
info|2019-12-12 19:16:29.434359|[g:1][CONSENSUS]addRawPrepare,height=29,reqIdx=1,hash=dddaaa6c...
info|2019-12-12 19:16:29.434644|[g:1][CONSENSUS][PBFT]checkTimeout Succ,view=753,toView=754,nodeIdx=2,changeCycle=0,myNode=7977f137...,timecost=0.195
info|2019-12-12 19:16:29.602619|[g:1][CONSENSUS][PBFT]checkAndChangeView: Reach consensus,org_view=753,org_changeCycle=0,cur_changeCycle=0,to_view=754
