info|2019-11-15 18:00:00.379400|[g:1][CONSENSUS][SEALER]++++++++++++++++ Generating seal on,blkNum=13,tx=0,nodeIdx=2,hash=fbd63fff...
info|2019-11-15 18:00:00.386238|[g:1][CONSENSUS][PBFT]checkTimeout Succ,view=6138,toView=6139,nodeIdx=2,changeCycle=0,myNode=7977f137...,timecost=0.204
info|2019-11-15 18:00:00.387667|[g:1][CONSENSUS][PBFT]checkAndChangeView: Reach consensus,org_view=6138,org_changeCycle=0,cur_changeCycle=0,to_view=6139
info|2019-11-15 18:00:01.386564|[g:1][CONSENSUS]addRawPrepare,height=13,reqIdx=3,hash=c45b6b4a...
info|2019-11-15 18:00:01.386790|[g:1][CONSENSUS][PBFT]checkTimeout Succ,view=6139,toView=6140,nodeIdx=2,changeCycle=0,myNode=7977f137...,timecost=0.2
info|2019-11-15 18:00:01.389790|[g:1][CONSENSUS][PBFT]checkAndChangeView: Reach consensus,org_view=6139,org_changeCycle=0,cur_changeCycle=0,to_view=6140
info|2019-11-15 18:00:02.391431|[g:1][CONSENSUS]addRawPrepare,height=13,reqIdx=0,hash=99d50c82...
info|2019-11-15 18:00:02.397400|[g:1][CONSENSUS][PBFT]checkTimeout Succ,view=6140,toView=6141,nodeIdx=2,changeCycle=0,myNode=7977f137...,timecost=5.773
info|2019-11-15 18:00:02.403169|[g:1][CONSENSUS][PBFT]checkAndChangeView: Reach consensus,org_view=6140,org_changeCycle=0,cur_changeCycle=0,to_view=6141
warning|2019-11-15 18:00:02.652557|[SYNC][id:7977f137...][Status]Peer data not found,nodeId=6e4f3ba3...
info|2019-11-15 18:00:03.408105|[g:1][CONSENSUS]addRawPrepare,height=13,reqIdx=1,hash=1b51f4a3...
info|2019-11-15 18:00:03.408386|[g:1][CONSENSUS][PBFT]checkTimeout Succ,view=6141,toView=6142,nodeIdx=2,changeCycle=0,myNode=7977f137...,timecost=0.193
info|2019-11-15 18:00:03.411904|[g:1][CONSENSUS][PBFT]checkAndChangeView: Reach consensus,org_view=6141,org_changeCycle=0,cur_changeCycle=0,to_view=6142
info|2019-11-15 18:00:04.413121|[g:1][CONSENSUS][SEALER]++++++++++++++++ Generating seal on,blkNum=13,tx=0,nodeIdx=2,hash=dcc29545...
info|2019-11-15 18:00:04.420518|[g:1][CONSENSUS][PBFT]checkTimeout Succ,view=6142,toView=6143,nodeIdx=2,changeCycle=0,myNode=7977f137...,timecost=0.23
info|2019-11-15 18:00:04.421509|[g:1][CONSENSUS][PBFT]checkAndChangeView: Reach consensus,org_view=6142,org_changeCycle=0,cur_changeCycle=0,to_view=6143
info|2019-11-15 18:00:05.421169|[g:1][CONSENSUS]addRawPrepare,height=13,reqIdx=3,hash=876cf542...
info|2019-11-15 18:00:05.421408|[g:1][CONSENSUS][PBFT]checkTimeout Succ,view=6143,toView=6144,nodeIdx=2,changeCycle=0,myNode=7977f137...,timecost=0.207
info|2019-11-15 18:00:05.423851|[g:1][CONSENSUS][PBFT]checkAndChangeView: Reach consensus,org_view=6143,org_changeCycle=0,cur_changeCycle=0,to_view=6144
info|2019-11-15 18:00:06.265089|[P2P][Service] heartBeat,connected count=4
info|2019-11-15 18:00:06.425843|[g:1][CONSENSUS]addRawPrepare,height=13,reqIdx=0,hash=6e9c940f...
info|2019-11-15 18:00:06.426170|[g:1][CONSENSUS][PBFT]checkTimeout Succ,view=6144,toView=6145,nodeIdx=2,changeCycle=0,myNode=7977f137...,timecost=0.2
info|2019-11-15 18:00:06.430191|[g:1][CONSENSUS][PBFT]checkAndChangeView: Reach consensus,org_view=6144,org_changeCycle=0,cur_changeCycle=0,to_view=6145
info|2019-11-15 18:00:07.431634|[g:1][CONSENSUS]addRawPrepare,height=13,reqIdx=1,hash=b75bd99a...
info|2019-11-15 18:00:07.431946|[g:1][CONSENSUS][PBFT]checkTimeout Succ,view=6145,toView=6146,nodeIdx=2,changeCycle=0,myNode=7977f137...,timecost=0.232
info|2019-11-15 18:00:07.435443|[g:1][CONSENSUS][PBFT]checkAndChangeView: Reach consensus,org_view=6145,org_changeCycle=0,cur_changeCycle=0,to_view=6146
warning|2019-11-15 18:00:07.662075|[SYNC][id:7977f137...][Status]Peer data not found,nodeId=6e4f3ba3...
info|2019-11-15 18:00:08.436288|[g:1][CONSENSUS][SEALER]++++++++++++++++ Generating seal on,blkNum=13,tx=0,nodeIdx=2,hash=c9e34e48...
info|2019-11-15 18:00:08.442927|[g:1][CONSENSUS][PBFT]checkTimeout Succ,view=6146,toView=6147,nodeIdx=2,changeCycle=0,myNode=7977f137...,timecost=0.209
info|2019-11-15 18:00:08.443950|[g:1][CONSENSUS][PBFT]checkAndChangeView: Reach consensus,org_view=6146,org_changeCycle=0,cur_changeCycle=0,to_view=6147
info|2019-11-15 18:00:09.443924|[g:1][CONSENSUS]addRawPrepare,height=13,reqIdx=3,hash=620b8516...
info|2019-11-15 18:00:09.444173|[g:1][CONSENSUS][PBFT]checkTimeout Succ,view=6147,toView=6148,nodeIdx=2,changeCycle=0,myNode=7977f137...,timecost=0.225
info|2019-11-15 18:00:09.445979|[g:1][CONSENSUS][PBFT]checkAndChangeView: Reach consensus,org_view=6147,org_changeCycle=0,cur_changeCycle=0,to_view=6148
info|2019-11-15 18:00:10.448625|[g:1][CONSENSUS]addRawPrepare,height=13,reqIdx=0,hash=b9de6957...
info|2019-11-15 18:00:10.448895|[g:1][CONSENSUS][PBFT]checkTimeout Succ,view=6148,toView=6149,nodeIdx=2,changeCycle=0,myNode=7977f137...,timecost=0.194
info|2019-11-15 18:00:10.452539|[g:1][CONSENSUS][PBFT]checkAndChangeView: Reach consensus,org_view=6148,org_changeCycle=0,cur_changeCycle=0,to_view=6149
info|2019-11-15 18:00:11.453019|[g:1][CONSENSUS]addRawPrepare,height=13,reqIdx=1,hash=199f7522...
info|2019-11-15 18:00:11.453331|[g:1][CONSENSUS][PBFT]checkTimeout Succ,view=6149,toView=6150,nodeIdx=2,changeCycle=0,myNode=7977f137...,timecost=0.229
info|2019-11-15 18:00:11.456946|[g:1][CONSENSUS][PBFT]checkAndChangeView: Reach consensus,org_view=6149,org_changeCycle=0,cur_changeCycle=0,to_view=6150
info|2019-11-15 18:00:12.457711|[g:1][CONSENSUS][SEALER]++++++++++++++++ Generating seal on,blkNum=13,tx=0,nodeIdx=2,hash=59f8a50f...
info|2019-11-15 18:00:12.464108|[g:1][CONSENSUS][PBFT]checkTimeout Succ,view=6150,toView=6151,nodeIdx=2,changeCycle=0,myNode=7977f137...,timecost=0.205
info|2019-11-15 18:00:12.465204|[g:1][CONSENSUS][PBFT]checkAndChangeView: Reach consensus,org_view=6150,org_changeCycle=0,cur_changeCycle=0,to_view=6151
warning|2019-11-15 18:00:12.672346|[SYNC][id:7977f137...][Status]Peer data not found,nodeId=6e4f3ba3...
info|2019-11-15 18:00:13.466116|[g:1][CONSENSUS]addRawPrepare,height=13,reqIdx=3,hash=cf51f811...
info|2019-11-15 18:00:13.466348|[g:1][CONSENSUS][PBFT]checkTimeout Succ,view=6151,toView=6152,nodeIdx=2,changeCycle=0,myNode=7977f137...,timecost=0.205
info|2019-11-15 18:00:13.469660|[g:1][CONSENSUS][PBFT]checkAndChangeView: Reach consensus,org_view=6151,org_changeCycle=0,cur_changeCycle=0,to_view=6152
info|2019-11-15 18:00:14.471748|[g:1][CONSENSUS]addRawPrepare,height=13,reqIdx=0,hash=585e20ac...
info|2019-11-15 18:00:14.472020|[g:1][CONSENSUS][PBFT]checkTimeout Succ,view=6152,toView=6153,nodeIdx=2,changeCycle=0,myNode=7977f137...,timecost=0.194
info|2019-11-15 18:00:14.476277|[g:1][CONSENSUS][PBFT]checkAndChangeView: Reach consensus,org_view=6152,org_changeCycle=0,cur_changeCycle=0,to_view=6153
info|2019-11-15 18:00:15.477057|[g:1][CONSENSUS]addRawPrepare,height=13,reqIdx=1,hash=c8b1cf54...
info|2019-11-15 18:00:15.477367|[g:1][CONSENSUS][PBFT]checkTimeout Succ,view=6153,toView=6154,nodeIdx=2,changeCycle=0,myNode=7977f137...,timecost=0.228
info|2019-11-15 18:00:15.481489|[g:1][CONSENSUS][PBFT]checkAndChangeView: Reach consensus,org_view=6153,org_changeCycle=0,cur_changeCycle=0,to_view=6154
info|2019-11-15 18:00:16.265580|[P2P][Service] heartBeat,connected count=4
info|2019-11-15 18:00:16.481920|[g:1][CONSENSUS][SEALER]++++++++++++++++ Generating seal on,blkNum=13,tx=0,nodeIdx=2,hash=1f6a166a...
info|2019-11-15 18:00:16.501579|[g:1][CONSENSUS][PBFT]checkTimeout Succ,view=6154,toView=6155,nodeIdx=2,changeCycle=0,myNode=7977f137...,timecost=0.349
info|2019-11-15 18:00:16.503379|[g:1][CONSENSUS][PBFT]checkAndChangeView: Reach consensus,org_view=6154,org_changeCycle=0,cur_changeCycle=0,to_view=6155
info|2019-11-15 18:00:17.504058|[g:1][CONSENSUS]addRawPrepare,height=13,reqIdx=3,hash=594db255...
info|2019-11-15 18:00:17.504293|[g:1][CONSENSUS][PBFT]checkTimeout Succ,view=6155,toView=6156,nodeIdx=2,changeCycle=0,myNode=7977f137...,timecost=0.213
info|2019-11-15 18:00:17.505778|[g:1][CONSENSUS][PBFT]checkAndChangeView: Reach consensus,org_view=6155,org_changeCycle=0,cur_changeCycle=0,to_view=6156
warning|2019-11-15 18:00:17.679592|[SYNC][id:7977f137...][Status]Peer data not found,nodeId=6e4f3ba3...
info|2019-11-15 18:00:18.507786|[g:1][CONSENSUS]addRawPrepare,height=13,reqIdx=0,hash=47bf5120...
info|2019-11-15 18:00:18.508063|[g:1][CONSENSUS][PBFT]checkTimeout Succ,view=6156,toView=6157,nodeIdx=2,changeCycle=0,myNode=7977f137...,timecost=0.198
info|2019-11-15 18:00:18.512382|[g:1][CONSENSUS][PBFT]checkAndChangeView: Reach consensus,org_view=6156,org_changeCycle=0,cur_changeCycle=0,to_view=6157
info|2019-11-15 18:00:19.511219|[g:1][CONSENSUS]addRawPrepare,height=13,reqIdx=1,hash=a0747006...
info|2019-11-15 18:00:19.511491|[g:1][CONSENSUS][PBFT]checkTimeout Succ,view=6157,toView=6158,nodeIdx=2,changeCycle=0,myNode=7977f137...,timecost=0.191
info|2019-11-15 18:00:19.514748|[g:1][CONSENSUS][PBFT]checkAndChangeView: Reach consensus,org_view=6157,org_changeCycle=0,cur_changeCycle=0,to_view=6158
info|2019-11-15 18:00:20.516970|[g:1][CONSENSUS][SEALER]++++++++++++++++ Generating seal on,blkNum=13,tx=0,nodeIdx=2,hash=a8dfeea8...
info|2019-11-15 18:00:20.523730|[g:1][CONSENSUS][PBFT]checkTimeout Succ,view=6158,toView=6159,nodeIdx=2,changeCycle=0,myNode=7977f137...,timecost=0.199
info|2019-11-15 18:00:20.524634|[g:1][CONSENSUS][PBFT]checkAndChangeView: Reach consensus,org_view=6158,org_changeCycle=0,cur_changeCycle=0,to_view=6159
info|2019-11-15 18:00:21.523790|[g:1][CONSENSUS]addRawPrepare,height=13,reqIdx=3,hash=9f3a55ae...
info|2019-11-15 18:00:21.524048|[g:1][CONSENSUS][PBFT]checkTimeout Succ,view=6159,toView=6160,nodeIdx=2,changeCycle=0,myNode=7977f137...,timecost=0.204
info|2019-11-15 18:00:21.527234|[g:1][CONSENSUS][PBFT]checkAndChangeView: Reach consensus,org_view=6159,org_changeCycle=0,cur_changeCycle=0,to_view=6160
info|2019-11-15 18:00:22.528772|[g:1][CONSENSUS]addRawPrepare,height=13,reqIdx=0,hash=c2666f99...
info|2019-11-15 18:00:22.529296|[g:1][CONSENSUS][PBFT]checkTimeout Succ,view=6160,toView=6161,nodeIdx=2,changeCycle=0,myNode=7977f137...,timecost=0.379
info|2019-11-15 18:00:22.535517|[g:1][CONSENSUS][PBFT]checkAndChangeView: Reach consensus,org_view=6160,org_changeCycle=0,cur_changeCycle=0,to_view=6161
warning|2019-11-15 18:00:22.687276|[SYNC][id:7977f137...][Status]Peer data not found,nodeId=6e4f3ba3...
info|2019-11-15 18:00:23.536470|[g:1][CONSENSUS]addRawPrepare,height=13,reqIdx=1,hash=6c93896e...
info|2019-11-15 18:00:23.536773|[g:1][CONSENSUS][PBFT]checkTimeout Succ,view=6161,toView=6162,nodeIdx=2,changeCycle=0,myNode=7977f137...,timecost=0.194
info|2019-11-15 18:00:23.540250|[g:1][CONSENSUS][PBFT]checkAndChangeView: Reach consensus,org_view=6161,org_changeCycle=0,cur_changeCycle=0,to_view=6162
info|2019-11-15 18:00:24.540882|[g:1][CONSENSUS][SEALER]++++++++++++++++ Generating seal on,blkNum=13,tx=0,nodeIdx=2,hash=582f79b2...
info|2019-11-15 18:00:24.547838|[g:1][CONSENSUS][PBFT]checkTimeout Succ,view=6162,toView=6163,nodeIdx=2,changeCycle=0,myNode=7977f137...,timecost=0.207
info|2019-11-15 18:00:24.548747|[g:1][CONSENSUS][PBFT]checkAndChangeView: Reach consensus,org_view=6162,org_changeCycle=0,cur_changeCycle=0,to_view=6163
info|2019-11-15 18:00:25.548102|[g:1][CONSENSUS]addRawPrepare,height=13,reqIdx=3,hash=8837b017...
info|2019-11-15 18:00:25.548351|[g:1][CONSENSUS][PBFT]checkTimeout Succ,view=6163,toView=6164,nodeIdx=2,changeCycle=0,myNode=7977f137...,timecost=0.214
info|2019-11-15 18:00:25.550303|[g:1][CONSENSUS][PBFT]checkAndChangeView: Reach consensus,org_view=6163,org_changeCycle=0,cur_changeCycle=0,to_view=6164
info|2019-11-15 18:00:26.265703|[P2P][Service] heartBeat,connected count=4
info|2019-11-15 18:00:26.553030|[g:1][CONSENSUS]addRawPrepare,height=13,reqIdx=0,hash=bccd25ac...
info|2019-11-15 18:00:26.553354|[g:1][CONSENSUS][PBFT]checkTimeout Succ,view=6164,toView=6165,nodeIdx=2,changeCycle=0,myNode=7977f137...,timecost=0.24
info|2019-11-15 18:00:26.557066|[g:1][CONSENSUS][PBFT]checkAndChangeView: Reach consensus,org_view=6164,org_changeCycle=0,cur_changeCycle=0,to_view=6165
info|2019-11-15 18:00:27.558778|[g:1][CONSENSUS]addRawPrepare,height=13,reqIdx=1,hash=7c4d5dbb...
info|2019-11-15 18:00:27.559080|[g:1][CONSENSUS][PBFT]checkTimeout Succ,view=6165,toView=6166,nodeIdx=2,changeCycle=0,myNode=7977f137...,timecost=0.195
info|2019-11-15 18:00:27.562647|[g:1][CONSENSUS][PBFT]checkAndChangeView: Reach consensus,org_view=6165,org_changeCycle=0,cur_changeCycle=0,to_view=6166
warning|2019-11-15 18:00:27.698759|[SYNC][id:7977f137...][Status]Peer data not found,nodeId=6e4f3ba3...
info|2019-11-15 18:00:28.562547|[g:1][CONSENSUS][SEALER]++++++++++++++++ Generating seal on,blkNum=13,tx=0,nodeIdx=2,hash=535ca04c...
info|2019-11-15 18:00:28.569066|[g:1][CONSENSUS][PBFT]checkTimeout Succ,view=6166,toView=6167,nodeIdx=2,changeCycle=0,myNode=7977f137...,timecost=0.232
info|2019-11-15 18:00:28.570019|[g:1][CONSENSUS][PBFT]checkAndChangeView: Reach consensus,org_view=6166,org_changeCycle=0,cur_changeCycle=0,to_view=6167
info|2019-11-15 18:00:29.569986|[g:1][CONSENSUS]addRawPrepare,height=13,reqIdx=3,hash=3a84ce7e...
info|2019-11-15 18:00:29.570221|[g:1][CONSENSUS][PBFT]checkTimeout Succ,view=6167,toView=6168,nodeIdx=2,changeCycle=0,myNode=7977f137...,timecost=0.206
info|2019-11-15 18:00:29.573309|[g:1][CONSENSUS][PBFT]checkAndChangeView: Reach consensus,org_view=6167,org_changeCycle=0,cur_changeCycle=0,to_view=6168
info|2019-11-15 18:00:30.574796|[g:1][CONSENSUS]addRawPrepare,height=13,reqIdx=0,hash=a8f1241e...
info|2019-11-15 18:00:30.575149|[g:1][CONSENSUS][PBFT]checkTimeout Succ,view=6168,toView=6169,nodeIdx=2,changeCycle=0,myNode=7977f137...,timecost=0.215
info|2019-11-15 18:00:30.579366|[g:1][CONSENSUS][PBFT]checkAndChangeView: Reach consensus,org_view=6168,org_changeCycle=0,cur_changeCycle=0,to_view=6169
info|2019-11-15 18:00:31.580341|[g:1][CONSENSUS]addRawPrepare,height=13,reqIdx=1,hash=44bb9b8b...
info|2019-11-15 18:00:31.580632|[g:1][CONSENSUS][PBFT]checkTimeout Succ,view=6169,toView=6170,nodeIdx=2,changeCycle=0,myNode=7977f137...,timecost=0.209
info|2019-11-15 18:00:31.584623|[g:1][CONSENSUS][PBFT]checkAndChangeView: Reach consensus,org_view=6169,org_changeCycle=0,cur_changeCycle=0,to_view=6170
info|2019-11-15 18:00:32.585287|[g:1][CONSENSUS][SEALER]++++++++++++++++ Generating seal on,blkNum=13,tx=0,nodeIdx=2,hash=0af0b2ab...
info|2019-11-15 18:00:32.591545|[g:1][CONSENSUS][PBFT]checkTimeout Succ,view=6170,toView=6171,nodeIdx=2,changeCycle=0,myNode=7977f137...,timecost=0.212
info|2019-11-15 18:00:32.592668|[g:1][CONSENSUS][PBFT]checkAndChangeView: Reach consensus,org_view=6170,org_changeCycle=0,cur_changeCycle=0,to_view=6171
warning|2019-11-15 18:00:32.703554|[SYNC][id:7977f137...][Status]Peer data not found,nodeId=6e4f3ba3...
info|2019-11-15 18:00:33.591944|[g:1][CONSENSUS]addRawPrepare,height=13,reqIdx=3,hash=432c271f...
info|2019-11-15 18:00:33.592228|[g:1][CONSENSUS][PBFT]checkTimeout Succ,view=6171,toView=6172,nodeIdx=2,changeCycle=0,myNode=7977f137...,timecost=0.253
info|2019-11-15 18:00:33.594891|[g:1][CONSENSUS][PBFT]checkAndChangeView: Reach consensus,org_view=6171,org_changeCycle=0,cur_changeCycle=0,to_view=6172
info|2019-11-15 18:00:34.597341|[g:1][CONSENSUS]addRawPrepare,height=13,reqIdx=0,hash=304eca2a...
info|2019-11-15 18:00:34.597616|[g:1][CONSENSUS][PBFT]checkTimeout Succ,view=6172,toView=6173,nodeIdx=2,changeCycle=0,myNode=7977f137...,timecost=0.193
info|2019-11-15 18:00:34.601373|[g:1][CONSENSUS][PBFT]checkAndChangeView: Reach consensus,org_view=6172,org_changeCycle=0,cur_changeCycle=0,to_view=6173
info|2019-11-15 18:00:35.602304|[g:1][CONSENSUS]addRawPrepare,height=13,reqIdx=1,hash=53f54d34...
info|2019-11-15 18:00:35.602652|[g:1][CONSENSUS][PBFT]checkTimeout Succ,view=6173,toView=6174,nodeIdx=2,changeCycle=0,myNode=7977f137...,timecost=0.194
info|2019-11-15 18:00:35.606020|[g:1][CONSENSUS][PBFT]checkAndChangeView: Reach consensus,org_view=6173,org_changeCycle=0,cur_changeCycle=0,to_view=6174
info|2019-11-15 18:00:36.265854|[P2P][Service] heartBeat,connected count=4
info|2019-11-15 18:00:36.606850|[g:1][CONSENSUS][SEALER]++++++++++++++++ Generating seal on,blkNum=13,tx=0,nodeIdx=2,hash=fe34a7bd...
info|2019-11-15 18:00:36.613551|[g:1][CONSENSUS][PBFT]checkTimeout Succ,view=6174,toView=6175,nodeIdx=2,changeCycle=0,myNode=7977f137...,timecost=0.202
info|2019-11-15 18:00:36.614543|[g:1][CONSENSUS][PBFT]checkAndChangeView: Reach consensus,org_view=6174,org_changeCycle=0,cur_changeCycle=0,to_view=6175
info|2019-11-15 18:00:37.617721|[g:1][CONSENSUS]addRawPrepare,height=13,reqIdx=3,hash=23a67274...
info|2019-11-15 18:00:37.617934|[g:1][CONSENSUS][PBFT]checkTimeout Succ,view=6175,toView=6176,nodeIdx=2,changeCycle=0,myNode=7977f137...,timecost=0.188
info|2019-11-15 18:00:37.619429|[g:1][CONSENSUS][PBFT]checkAndChangeView: Reach consensus,org_view=6175,org_changeCycle=0,cur_changeCycle=0,to_view=6176
warning|2019-11-15 18:00:37.709973|[SYNC][id:7977f137...][Status]Peer data not found,nodeId=6e4f3ba3...
info|2019-11-15 18:00:38.621378|[g:1][CONSENSUS]addRawPrepare,height=13,reqIdx=0,hash=74f97242...
info|2019-11-15 18:00:38.621669|[g:1][CONSENSUS][PBFT]checkTimeout Succ,view=6176,toView=6177,nodeIdx=2,changeCycle=0,myNode=7977f137...,timecost=0.197
info|2019-11-15 18:00:38.625458|[g:1][CONSENSUS][PBFT]checkAndChangeView: Reach consensus,org_view=6176,org_changeCycle=0,cur_changeCycle=0,to_view=6177
info|2019-11-15 18:00:39.628085|[g:1][CONSENSUS]addRawPrepare,height=13,reqIdx=1,hash=7f40595e...
info|2019-11-15 18:00:39.635956|[g:1][CONSENSUS][PBFT]checkTimeout Succ,view=6177,toView=6178,nodeIdx=2,changeCycle=0,myNode=7977f137...,timecost=7.653
info|2019-11-15 18:00:39.641133|[g:1][CONSENSUS][PBFT]checkAndChangeView: Reach consensus,org_view=6177,org_changeCycle=0,cur_changeCycle=0,to_view=6178
info|2019-11-15 18:00:40.646306|[g:1][CONSENSUS][SEALER]++++++++++++++++ Generating seal on,blkNum=13,tx=0,nodeIdx=2,hash=be49c7bf...
info|2019-11-15 18:00:40.652888|[g:1][CONSENSUS][PBFT]checkTimeout Succ,view=6178,toView=6179,nodeIdx=2,changeCycle=0,myNode=7977f137...,timecost=0.211
info|2019-11-15 18:00:40.653950|[g:1][CONSENSUS][PBFT]checkAndChangeView: Reach consensus,org_view=6178,org_changeCycle=0,cur_changeCycle=0,to_view=6179
info|2019-11-15 18:00:41.655642|[g:1][CONSENSUS]addRawPrepare,height=13,reqIdx=3,hash=3279c66f...
info|2019-11-15 18:00:41.656122|[g:1][CONSENSUS][PBFT]checkTimeout Succ,view=6179,toView=6180,nodeIdx=2,changeCycle=0,myNode=7977f137...,timecost=0.42
info|2019-11-15 18:00:41.661231|[g:1][CONSENSUS][PBFT]checkAndChangeView: Reach consensus,org_view=6179,org_changeCycle=0,cur_changeCycle=0,to_view=6180
info|2019-11-15 18:00:42.663821|[g:1][CONSENSUS]addRawPrepare,height=13,reqIdx=0,hash=1f261eba...
info|2019-11-15 18:00:42.664093|[g:1][CONSENSUS][PBFT]checkTimeout Succ,view=6180,toView=6181,nodeIdx=2,changeCycle=0,myNode=7977f137...,timecost=0.193
info|2019-11-15 18:00:42.667479|[g:1][CONSENSUS][PBFT]checkAndChangeView: Reach consensus,org_view=6180,org_changeCycle=0,cur_changeCycle=0,to_view=6181
warning|2019-11-15 18:00:42.717765|[SYNC][id:7977f137...][Status]Peer data not found,nodeId=6e4f3ba3...
info|2019-11-15 18:00:43.669465|[g:1][CONSENSUS]addRawPrepare,height=13,reqIdx=1,hash=f56ef55e...
info|2019-11-15 18:00:43.669745|[g:1][CONSENSUS][PBFT]checkTimeout Succ,view=6181,toView=6182,nodeIdx=2,changeCycle=0,myNode=7977f137...,timecost=0.194
info|2019-11-15 18:00:43.673656|[g:1][CONSENSUS][PBFT]checkAndChangeView: Reach consensus,org_view=6181,org_changeCycle=0,cur_changeCycle=0,to_view=6182
info|2019-11-15 18:00:44.675725|[g:1][CONSENSUS][SEALER]++++++++++++++++ Generating seal on,blkNum=13,tx=0,nodeIdx=2,hash=dc8b6c42...
info|2019-11-15 18:00:44.682647|[g:1][CONSENSUS][PBFT]checkTimeout Succ,view=6182,toView=6183,nodeIdx=2,changeCycle=0,myNode=7977f137...,timecost=0.232
info|2019-11-15 18:00:44.683896|[g:1][CONSENSUS][PBFT]checkAndChangeView: Reach consensus,org_view=6182,org_changeCycle=0,cur_changeCycle=0,to_view=6183
info|2019-11-15 18:00:45.683436|[g:1][CONSENSUS]addRawPrepare,height=13,reqIdx=3,hash=5783f547...
info|2019-11-15 18:00:45.683699|[g:1][CONSENSUS][PBFT]checkTimeout Succ,view=6183,toView=6184,nodeIdx=2,changeCycle=0,myNode=7977f137...,timecost=0.238
info|2019-11-15 18:00:45.686777|[g:1][CONSENSUS][PBFT]checkAndChangeView: Reach consensus,org_view=6183,org_changeCycle=0,cur_changeCycle=0,to_view=6184
info|2019-11-15 18:00:46.265931|[P2P][Service] heartBeat,connected count=4
info|2019-11-15 18:00:46.731266|[g:1][CONSENSUS]addRawPrepare,height=13,reqIdx=0,hash=2c7deb27...
info|2019-11-15 18:00:46.731541|[g:1][CONSENSUS][PBFT]checkTimeout Succ,view=6184,toView=6185,nodeIdx=2,changeCycle=0,myNode=7977f137...,timecost=0.195
info|2019-11-15 18:00:46.734972|[g:1][CONSENSUS][PBFT]checkAndChangeView: Reach consensus,org_view=6184,org_changeCycle=0,cur_changeCycle=0,to_view=6185
warning|2019-11-15 18:00:47.727280|[SYNC][id:7977f137...][Status]Peer data not found,nodeId=6e4f3ba3...
info|2019-11-15 18:00:47.739462|[g:1][CONSENSUS]addRawPrepare,height=13,reqIdx=1,hash=265527ae...
info|2019-11-15 18:00:47.740019|[g:1][CONSENSUS][PBFT]checkTimeout Succ,view=6185,toView=6186,nodeIdx=2,changeCycle=0,myNode=7977f137...,timecost=0.401
info|2019-11-15 18:00:47.747855|[g:1][CONSENSUS][PBFT]checkAndChangeView: Reach consensus,org_view=6185,org_changeCycle=0,cur_changeCycle=0,to_view=6186
info|2019-11-15 18:00:48.749467|[g:1][CONSENSUS][SEALER]++++++++++++++++ Generating seal on,blkNum=13,tx=0,nodeIdx=2,hash=c6290ecf...
info|2019-11-15 18:00:48.756133|[g:1][CONSENSUS][PBFT]checkTimeout Succ,view=6186,toView=6187,nodeIdx=2,changeCycle=0,myNode=7977f137...,timecost=0.258
info|2019-11-15 18:00:48.757078|[g:1][CONSENSUS][PBFT]checkAndChangeView: Reach consensus,org_view=6186,org_changeCycle=0,cur_changeCycle=0,to_view=6187
info|2019-11-15 18:00:49.757254|[g:1][CONSENSUS]addRawPrepare,height=13,reqIdx=3,hash=55f7b14c...
info|2019-11-15 18:00:49.757486|[g:1][CONSENSUS][PBFT]checkTimeout Succ,view=6187,toView=6188,nodeIdx=2,changeCycle=0,myNode=7977f137...,timecost=0.202
info|2019-11-15 18:00:49.759301|[g:1][CONSENSUS][PBFT]checkAndChangeView: Reach consensus,org_view=6187,org_changeCycle=0,cur_changeCycle=0,to_view=6188
info|2019-11-15 18:00:50.762685|[g:1][CONSENSUS]addRawPrepare,height=13,reqIdx=0,hash=0a8a1f70...
info|2019-11-15 18:00:50.763009|[g:1][CONSENSUS][PBFT]checkTimeout Succ,view=6188,toView=6189,nodeIdx=2,changeCycle=0,myNode=7977f137...,timecost=0.241
info|2019-11-15 18:00:50.766935|[g:1][CONSENSUS][PBFT]checkAndChangeView: Reach consensus,org_view=6188,org_changeCycle=0,cur_changeCycle=0,to_view=6189
info|2019-11-15 18:00:51.769632|[g:1][CONSENSUS]addRawPrepare,height=13,reqIdx=1,hash=895259a5...
info|2019-11-15 18:00:51.774207|[g:1][CONSENSUS][PBFT]checkTimeout Succ,view=6189,toView=6190,nodeIdx=2,changeCycle=0,myNode=7977f137...,timecost=4.415
info|2019-11-15 18:00:51.776199|[g:1][CONSENSUS][PBFT]checkAndChangeView: Reach consensus,org_view=6189,org_changeCycle=0,cur_changeCycle=0,to_view=6190
warning|2019-11-15 18:00:52.733788|[SYNC][id:7977f137...][Status]Peer data not found,nodeId=6e4f3ba3...
info|2019-11-15 18:00:52.776215|[g:1][CONSENSUS][SEALER]++++++++++++++++ Generating seal on,blkNum=13,tx=0,nodeIdx=2,hash=e02d4efe...
info|2019-11-15 18:00:52.782940|[g:1][CONSENSUS][PBFT]checkTimeout Succ,view=6190,toView=6191,nodeIdx=2,changeCycle=0,myNode=7977f137...,timecost=0.21
info|2019-11-15 18:00:52.783866|[g:1][CONSENSUS][PBFT]checkAndChangeView: Reach consensus,org_view=6190,org_changeCycle=0,cur_changeCycle=0,to_view=6191
info|2019-11-15 18:00:53.782231|[g:1][CONSENSUS]addRawPrepare,height=13,reqIdx=3,hash=e3edc73b...
info|2019-11-15 18:00:53.782506|[g:1][CONSENSUS][PBFT]checkTimeout Succ,view=6191,toView=6192,nodeIdx=2,changeCycle=0,myNode=7977f137...,timecost=0.246
info|2019-11-15 18:00:53.784921|[g:1][CONSENSUS][PBFT]checkAndChangeView: Reach consensus,org_view=6191,org_changeCycle=0,cur_changeCycle=0,to_view=6192
info|2019-11-15 18:00:54.786580|[g:1][CONSENSUS]addRawPrepare,height=13,reqIdx=0,hash=0d6ba258...
info|2019-11-15 18:00:54.786903|[g:1][CONSENSUS][PBFT]checkTimeout Succ,view=6192,toView=6193,nodeIdx=2,changeCycle=0,myNode=7977f137...,timecost=0.199
info|2019-11-15 18:00:54.790774|[g:1][CONSENSUS][PBFT]checkAndChangeView: Reach consensus,org_view=6192,org_changeCycle=0,cur_changeCycle=0,to_view=6193
info|2019-11-15 18:00:55.791165|[g:1][CONSENSUS]addRawPrepare,height=13,reqIdx=1,hash=be921d10...
info|2019-11-15 18:00:55.791434|[g:1][CONSENSUS][PBFT]checkTimeout Succ,view=6193,toView=6194,nodeIdx=2,changeCycle=0,myNode=7977f137...,timecost=0.19
info|2019-11-15 18:00:55.794635|[g:1][CONSENSUS][PBFT]checkAndChangeView: Reach consensus,org_view=6193,org_changeCycle=0,cur_changeCycle=0,to_view=6194
info|2019-11-15 18:00:56.266018|[P2P][Service] heartBeat,connected count=4
info|2019-11-15 18:00:56.797104|[g:1][CONSENSUS][SEALER]++++++++++++++++ Generating seal on,blkNum=13,tx=0,nodeIdx=2,hash=5448ea54...
info|2019-11-15 18:00:56.803038|[g:1][CONSENSUS][PBFT]checkTimeout Succ,view=6194,toView=6195,nodeIdx=2,changeCycle=0,myNode=7977f137...,timecost=0.231
info|2019-11-15 18:00:56.803914|[g:1][CONSENSUS][PBFT]checkAndChangeView: Reach consensus,org_view=6194,org_changeCycle=0,cur_changeCycle=0,to_view=6195
warning|2019-11-15 18:00:57.744463|[SYNC][id:7977f137...][Status]Peer data not found,nodeId=6e4f3ba3...
info|2019-11-15 18:00:57.809404|[g:1][CONSENSUS]addRawPrepare,height=13,reqIdx=3,hash=f5a8caec...
info|2019-11-15 18:00:57.813788|[g:1][CONSENSUS][PBFT]checkTimeout Succ,view=6195,toView=6196,nodeIdx=2,changeCycle=0,myNode=7977f137...,timecost=4.295
info|2019-11-15 18:00:57.818992|[g:1][CONSENSUS][PBFT]checkAndChangeView: Reach consensus,org_view=6195,org_changeCycle=0,cur_changeCycle=0,to_view=6196
info|2019-11-15 18:00:58.820846|[g:1][CONSENSUS]addRawPrepare,height=13,reqIdx=0,hash=33c8e3c6...
info|2019-11-15 18:00:58.821145|[g:1][CONSENSUS][PBFT]checkTimeout Succ,view=6196,toView=6197,nodeIdx=2,changeCycle=0,myNode=7977f137...,timecost=0.199
info|2019-11-15 18:00:58.825166|[g:1][CONSENSUS][PBFT]checkAndChangeView: Reach consensus,org_view=6196,org_changeCycle=0,cur_changeCycle=0,to_view=6197
info|2019-11-15 18:00:59.826910|[g:1][CONSENSUS]addRawPrepare,height=13,reqIdx=1,hash=60ba4b9e...
info|2019-11-15 18:00:59.827552|[g:1][CONSENSUS][PBFT]checkTimeout Succ,view=6197,toView=6198,nodeIdx=2,changeCycle=0,myNode=7977f137...,timecost=0.487
info|2019-11-15 18:00:59.834588|[g:1][CONSENSUS][PBFT]checkAndChangeView: Reach consensus,org_view=6197,org_changeCycle=0,cur_changeCycle=0,to_view=6198
info|2019-11-15 18:01:00.836286|[g:1][CONSENSUS][SEALER]++++++++++++++++ Generating seal on,blkNum=13,tx=0,nodeIdx=2,hash=88f28390...
info|2019-11-15 18:01:00.845272|[g:1][CONSENSUS][PBFT]checkTimeout Succ,view=6198,toView=6199,nodeIdx=2,changeCycle=0,myNode=7977f137...,timecost=0.257
info|2019-11-15 18:01:00.846329|[g:1][CONSENSUS][PBFT]checkAndChangeView: Reach consensus,org_view=6198,org_changeCycle=0,cur_changeCycle=0,to_view=6199
info|2019-11-15 18:01:01.846025|[g:1][CONSENSUS]addRawPrepare,height=13,reqIdx=3,hash=a5a55f1f...
info|2019-11-15 18:01:01.847638|[g:1][CONSENSUS][PBFT]checkTimeout Succ,view=6199,toView=6200,nodeIdx=2,changeCycle=0,myNode=7977f137...,timecost=1.589
info|2019-11-15 18:01:01.853701|[g:1][CONSENSUS][PBFT]checkAndChangeView: Reach consensus,org_view=6199,org_changeCycle=0,cur_changeCycle=0,to_view=6200
warning|2019-11-15 18:01:02.756364|[SYNC][id:7977f137...][Status]Peer data not found,nodeId=6e4f3ba3...
info|2019-11-15 18:01:02.854287|[g:1][CONSENSUS]addRawPrepare,height=13,reqIdx=0,hash=b97c7ca8...
info|2019-11-15 18:01:02.854599|[g:1][CONSENSUS][PBFT]checkTimeout Succ,view=6200,toView=6201,nodeIdx=2,changeCycle=0,myNode=7977f137...,timecost=0.234
info|2019-11-15 18:01:02.857737|[g:1][CONSENSUS][PBFT]checkAndChangeView: Reach consensus,org_view=6200,org_changeCycle=0,cur_changeCycle=0,to_view=6201
info|2019-11-15 18:01:03.864041|[g:1][CONSENSUS]addRawPrepare,height=13,reqIdx=1,hash=b084c5c5...
info|2019-11-15 18:01:03.864360|[g:1][CONSENSUS][PBFT]checkTimeout Succ,view=6201,toView=6202,nodeIdx=2,changeCycle=0,myNode=7977f137...,timecost=0.217
info|2019-11-15 18:01:03.867921|[g:1][CONSENSUS][PBFT]checkAndChangeView: Reach consensus,org_view=6201,org_changeCycle=0,cur_changeCycle=0,to_view=6202
info|2019-11-15 18:01:04.869147|[g:1][CONSENSUS][SEALER]++++++++++++++++ Generating seal on,blkNum=13,tx=0,nodeIdx=2,hash=41069a05...
info|2019-11-15 18:01:04.875827|[g:1][CONSENSUS][PBFT]checkTimeout Succ,view=6202,toView=6203,nodeIdx=2,changeCycle=0,myNode=7977f137...,timecost=0.239
info|2019-11-15 18:01:04.876739|[g:1][CONSENSUS][PBFT]checkAndChangeView: Reach consensus,org_view=6202,org_changeCycle=0,cur_changeCycle=0,to_view=6203
info|2019-11-15 18:01:05.880010|[g:1][CONSENSUS]addRawPrepare,height=13,reqIdx=3,hash=37ca019d...
info|2019-11-15 18:01:05.882365|[g:1][CONSENSUS][PBFT]checkTimeout Succ,view=6203,toView=6204,nodeIdx=2,changeCycle=0,myNode=7977f137...,timecost=2.292
info|2019-11-15 18:01:05.888521|[g:1][CONSENSUS][PBFT]checkAndChangeView: Reach consensus,org_view=6203,org_changeCycle=0,cur_changeCycle=0,to_view=6204
info|2019-11-15 18:01:06.266258|[P2P][Service] heartBeat,connected count=4
info|2019-11-15 18:01:06.891386|[g:1][CONSENSUS]addRawPrepare,height=13,reqIdx=0,hash=4c43849f...
info|2019-11-15 18:01:06.891662|[g:1][CONSENSUS][PBFT]checkTimeout Succ,view=6204,toView=6205,nodeIdx=2,changeCycle=0,myNode=7977f137...,timecost=0.193
info|2019-11-15 18:01:06.899405|[g:1][CONSENSUS][PBFT]checkAndChangeView: Reach consensus,org_view=6204,org_changeCycle=0,cur_changeCycle=0,to_view=6205
warning|2019-11-15 18:01:07.765793|[SYNC][id:7977f137...][Status]Peer data not found,nodeId=6e4f3ba3...
info|2019-11-15 18:01:07.901524|[g:1][CONSENSUS]addRawPrepare,height=13,reqIdx=1,hash=ed9c3b08...
info|2019-11-15 18:01:07.905987|[g:1][CONSENSUS][PBFT]checkTimeout Succ,view=6205,toView=6206,nodeIdx=2,changeCycle=0,myNode=7977f137...,timecost=4.143
info|2019-11-15 18:01:07.914824|[g:1][CONSENSUS][PBFT]checkAndChangeView: Reach consensus,org_view=6205,org_changeCycle=0,cur_changeCycle=0,to_view=6206
info|2019-11-15 18:01:08.917771|[g:1][CONSENSUS][SEALER]++++++++++++++++ Generating seal on,blkNum=13,tx=0,nodeIdx=2,hash=18f19adc...
info|2019-11-15 18:01:08.925746|[g:1][CONSENSUS][PBFT]checkTimeout Succ,view=6206,toView=6207,nodeIdx=2,changeCycle=0,myNode=7977f137...,timecost=0.353
info|2019-11-15 18:01:08.926876|[g:1][CONSENSUS][PBFT]checkAndChangeView: Reach consensus,org_view=6206,org_changeCycle=0,cur_changeCycle=0,to_view=6207
info|2019-11-15 18:01:09.926398|[g:1][CONSENSUS]addRawPrepare,height=13,reqIdx=3,hash=007434c1...
info|2019-11-15 18:01:09.926632|[g:1][CONSENSUS][PBFT]checkTimeout Succ,view=6207,toView=6208,nodeIdx=2,changeCycle=0,myNode=7977f137...,timecost=0.204
info|2019-11-15 18:01:09.928350|[g:1][CONSENSUS][PBFT]checkAndChangeView: Reach consensus,org_view=6207,org_changeCycle=0,cur_changeCycle=0,to_view=6208
info|2019-11-15 18:01:10.931268|[g:1][CONSENSUS]addRawPrepare,height=13,reqIdx=0,hash=8e649d6f...
info|2019-11-15 18:01:10.931544|[g:1][CONSENSUS][PBFT]checkTimeout Succ,view=6208,toView=6209,nodeIdx=2,changeCycle=0,myNode=7977f137...,timecost=0.195
info|2019-11-15 18:01:10.935590|[g:1][CONSENSUS][PBFT]checkAndChangeView: Reach consensus,org_view=6208,org_changeCycle=0,cur_changeCycle=0,to_view=6209
info|2019-11-15 18:01:11.937099|[g:1][CONSENSUS]addRawPrepare,height=13,reqIdx=1,hash=eadcdc68...
info|2019-11-15 18:01:11.939518|[g:1][CONSENSUS][PBFT]checkTimeout Succ,view=6209,toView=6210,nodeIdx=2,changeCycle=0,myNode=7977f137...,timecost=2.338
info|2019-11-15 18:01:11.940091|[g:1][CONSENSUS][PBFT]checkAndChangeView: Reach consensus,org_view=6209,org_changeCycle=0,cur_changeCycle=0,to_view=6210
warning|2019-11-15 18:01:12.777383|[SYNC][id:7977f137...][Status]Peer data not found,nodeId=6e4f3ba3...
info|2019-11-15 18:01:12.942115|[g:1][CONSENSUS][SEALER]++++++++++++++++ Generating seal on,blkNum=13,tx=0,nodeIdx=2,hash=64edb2bb...
info|2019-11-15 18:01:12.951942|[g:1][CONSENSUS][PBFT]checkTimeout Succ,view=6210,toView=6211,nodeIdx=2,changeCycle=0,myNode=7977f137...,timecost=0.313
info|2019-11-15 18:01:12.953529|[g:1][CONSENSUS][PBFT]checkAndChangeView: Reach consensus,org_view=6210,org_changeCycle=0,cur_changeCycle=0,to_view=6211
info|2019-11-15 18:01:13.953074|[g:1][CONSENSUS]addRawPrepare,height=13,reqIdx=3,hash=71f207c8...
info|2019-11-15 18:01:13.953346|[g:1][CONSENSUS][PBFT]checkTimeout Succ,view=6211,toView=6212,nodeIdx=2,changeCycle=0,myNode=7977f137...,timecost=0.214
info|2019-11-15 18:01:13.955700|[g:1][CONSENSUS][PBFT]checkAndChangeView: Reach consensus,org_view=6211,org_changeCycle=0,cur_changeCycle=0,to_view=6212
info|2019-11-15 18:01:14.956942|[g:1][CONSENSUS]addRawPrepare,height=13,reqIdx=0,hash=5519d6e2...
info|2019-11-15 18:01:14.957226|[g:1][CONSENSUS][PBFT]checkTimeout Succ,view=6212,toView=6213,nodeIdx=2,changeCycle=0,myNode=7977f137...,timecost=0.197
info|2019-11-15 18:01:14.962970|[g:1][CONSENSUS][PBFT]checkAndChangeView: Reach consensus,org_view=6212,org_changeCycle=0,cur_changeCycle=0,to_view=6213
info|2019-11-15 18:01:15.963844|[g:1][CONSENSUS]addRawPrepare,height=13,reqIdx=1,hash=e615309e...
info|2019-11-15 18:01:15.964122|[g:1][CONSENSUS][PBFT]checkTimeout Succ,view=6213,toView=6214,nodeIdx=2,changeCycle=0,myNode=7977f137...,timecost=0.195
info|2019-11-15 18:01:15.967680|[g:1][CONSENSUS][PBFT]checkAndChangeView: Reach consensus,org_view=6213,org_changeCycle=0,cur_changeCycle=0,to_view=6214
info|2019-11-15 18:01:16.266340|[P2P][Service] heartBeat,connected count=4
info|2019-11-15 18:01:16.969625|[g:1][CONSENSUS][SEALER]++++++++++++++++ Generating seal on,blkNum=13,tx=0,nodeIdx=2,hash=ccdbcfa4...
info|2019-11-15 18:01:16.973538|[g:1][CONSENSUS][PBFT]checkTimeout Succ,view=6214,toView=6215,nodeIdx=2,changeCycle=0,myNode=7977f137...,timecost=0.251
info|2019-11-15 18:01:16.974096|[g:1][CONSENSUS][PBFT]checkAndChangeView: Reach consensus,org_view=6214,org_changeCycle=0,cur_changeCycle=0,to_view=6215
info|2019-11-15 18:01:17.031353|[LEDGER]stop sealer,groupID=1
info|2019-11-15 18:01:17.031381|[CONSENSUS][SEALER]Stop sealer module...
info|2019-11-15 18:01:17.037504|[CONSENSUS][ConsensusEngine][Stop ConsensusEngineBase]
info|2019-11-15 18:01:17.038032|[CONSENSUS][ConsensusEngine]ConsensusEngineBase stopped
info|2019-11-15 18:01:17.038046|[LEDGER]sealer stopped. stop sync,groupID=1
info|2019-11-15 18:01:17.175183|[SYNC][id:7977f137...]SyncMaster stopped
info|2019-11-15 18:01:17.175201|[LEDGER]ledger stopped,groupID=1
info|2019-11-15 18:01:17.227820|[EVENT][EventLogFilterManager]stop
info|2019-11-15 18:01:17.227845|[LEDGER]event filter manager stopped,groupID=1
info|2019-11-15 18:01:17.227854|[INITIALIZER]ledgerInitializer stopped
info|2019-11-15 18:01:18.228465|[INITIALIZER]ChannelRPCHttpServer deleted.
info|2019-11-15 18:01:18.228957|[INITIALIZER]JsonrpcHttpServer deleted.
info|2019-11-15 18:01:18.229039|[INITIALIZER]RPCInitializer stopped
info|2019-11-15 18:01:18.229104|[NETWORK][Host]Host exit
info|2019-11-15 18:01:18.230179|[INITIALIZER]P2PInitializer stopped
info|2019-11-15 18:01:18.230211|[LEDGER]stop sealer,groupID=1
info|2019-11-15 18:01:18.230229|[LEDGER]sealer stopped. stop sync,groupID=1
info|2019-11-15 18:01:18.230258|[SYNC][id:7977f137...]SyncMaster stopped
info|2019-11-15 18:01:18.230272|[LEDGER]ledger stopped,groupID=1
info|2019-11-15 18:01:18.230282|[LEDGER]event filter manager stopped,groupID=1
info|2019-11-15 18:01:18.230297|[STORAGE]Stopping flushStorage thread
info|2019-11-15 18:01:18.994187|[STORAGE]flushStorage thread stopped.
info|2019-11-15 18:01:18.994237|[DBINITIALIZER] storage stopped
info|2019-11-15 18:01:19.011641|[SYNC][id:7977f137...]SyncMaster stopped
