info|2019-12-13 03:07:06.015637|[P2P][Service] heartBeat,connected count=4
warning|2019-12-13 03:07:06.051600|[g:1][CONSENSUS][PBFT]ViewChangeWarning: not caused by omit empty block ,v=17790,toV=17791,curNum=33,hash=1e4d9270...,nodeIdx=2,myNode=7977f137...
info|2019-12-13 03:07:06.051712|[g:1][CONSENSUS][PBFT]checkTimeout Succ,view=17790,toView=17791,nodeIdx=2,changeCycle=1,myNode=7977f137...,timecost=0.374
warning|2019-12-13 03:07:06.106227|[SYNC][id:7977f137...][Status]Peer data not found,nodeId=6e4f3ba3...
info|2019-12-13 03:07:06.134438|[g:1][CONSENSUS][PBFT]checkAndChangeView: Reach consensus,org_view=17790,org_changeCycle=1,cur_changeCycle=1,to_view=17791
info|2019-12-13 03:07:07.139971|[g:1][CONSENSUS]addRawPrepare,height=34,reqIdx=0,hash=0d92d1f8...
info|2019-12-13 03:07:07.140196|[g:1][CONSENSUS][PBFT]checkTimeout Succ,view=17791,toView=17792,nodeIdx=2,changeCycle=0,myNode=7977f137...,timecost=0.203
info|2019-12-13 03:07:07.145075|[g:1][CONSENSUS][PBFT]checkAndChangeView: Reach consensus,org_view=17791,org_changeCycle=0,cur_changeCycle=0,to_view=17792
info|2019-12-13 03:07:08.143501|[g:1][CONSENSUS]addRawPrepare,height=34,reqIdx=1,hash=2217496e...
info|2019-12-13 03:07:08.143787|[g:1][CONSENSUS][PBFT]checkTimeout Succ,view=17792,toView=17793,nodeIdx=2,changeCycle=0,myNode=7977f137...,timecost=0.214
info|2019-12-13 03:07:08.146801|[g:1][CONSENSUS][PBFT]checkAndChangeView: Reach consensus,org_view=17792,org_changeCycle=0,cur_changeCycle=0,to_view=17793
info|2019-12-13 03:07:09.148149|[g:1][CONSENSUS][SEALER]++++++++++++++++ Generating seal on,blkNum=34,tx=0,nodeIdx=2,hash=e4932fbc...
info|2019-12-13 03:07:09.154306|[g:1][CONSENSUS][PBFT]checkTimeout Succ,view=17793,toView=17794,nodeIdx=2,changeCycle=0,myNode=7977f137...,timecost=0.238
info|2019-12-13 03:07:09.155150|[g:1][CONSENSUS][PBFT]checkAndChangeView: Reach consensus,org_view=17793,org_changeCycle=0,cur_changeCycle=0,to_view=17794
info|2019-12-13 03:07:10.154823|[g:1][CONSENSUS]addRawPrepare,height=34,reqIdx=3,hash=f9765408...
info|2019-12-13 03:07:10.155057|[g:1][CONSENSUS][PBFT]checkTimeout Succ,view=17794,toView=17795,nodeIdx=2,changeCycle=0,myNode=7977f137...,timecost=0.207
info|2019-12-13 03:07:10.157458|[g:1][CONSENSUS][PBFT]checkAndChangeView: Reach consensus,org_view=17794,org_changeCycle=0,cur_changeCycle=0,to_view=17795
info|2019-12-13 03:07:11.005483|[NETWORK][Session]Received topic: [11	_block_notify_1] from 6f9974710b9ea562ecc6a6823039b05e159d8669f228efa0c8b8234f08c2b75fb97eecdae4ef16bc99800bdfa03ed03d619629887e9c1c8b46ad79f5d38c4991
warning|2019-12-13 03:07:11.049447|[SYNC][id:7977f137...][Status]Peer data not found,nodeId=6e4f3ba3...
info|2019-12-13 03:07:11.161613|[g:1][CONSENSUS]addRawPrepare,height=34,reqIdx=0,hash=917fdc93...
info|2019-12-13 03:07:11.161874|[g:1][CONSENSUS][PBFT]checkTimeout Succ,view=17795,toView=17796,nodeIdx=2,changeCycle=0,myNode=7977f137...,timecost=0.19
info|2019-12-13 03:07:11.165740|[g:1][CONSENSUS][PBFT]checkAndChangeView: Reach consensus,org_view=17795,org_changeCycle=0,cur_changeCycle=0,to_view=17796
