info|2019-10-25 18:00:00.523537|[g:1][CONSENSUS][SEALER]++++++++++++++++ Generating seal on,blkNum=6,tx=0,nodeIdx=2,hash=314bce97...
info|2019-10-25 18:00:00.530060|[g:1][CONSENSUS][PBFT]checkTimeout Succ,view=1993,toView=1994,nodeIdx=2,changeCycle=0,myNode=7977f137...,timecost=0.205
info|2019-10-25 18:00:00.531018|[g:1][CONSENSUS][PBFT]checkAndChangeView: Reach consensus,org_view=1993,org_changeCycle=0,cur_changeCycle=0,to_view=1994
info|2019-10-25 18:00:01.531087|[g:1][CONSENSUS]addRawPrepare,height=6,reqIdx=3,hash=13696d29...
info|2019-10-25 18:00:01.531315|[g:1][CONSENSUS][PBFT]checkTimeout Succ,view=1994,toView=1995,nodeIdx=2,changeCycle=0,myNode=7977f137...,timecost=0.203
info|2019-10-25 18:00:01.533277|[g:1][CONSENSUS][PBFT]checkAndChangeView: Reach consensus,org_view=1994,org_changeCycle=0,cur_changeCycle=0,to_view=1995
info|2019-10-25 18:00:02.538717|[g:1][CONSENSUS]addRawPrepare,height=6,reqIdx=0,hash=f19d63bf...
info|2019-10-25 18:00:02.538932|[g:1][CONSENSUS][PBFT]checkTimeout Succ,view=1995,toView=1996,nodeIdx=2,changeCycle=0,myNode=7977f137...,timecost=0.191
info|2019-10-25 18:00:02.540621|[g:1][CONSENSUS][PBFT]checkAndChangeView: Reach consensus,org_view=1995,org_changeCycle=0,cur_changeCycle=0,to_view=1996
info|2019-10-25 18:00:03.402317|[P2P][Service] heartBeat,connected count=3
info|2019-10-25 18:00:03.542798|[g:1][CONSENSUS]addRawPrepare,height=6,reqIdx=1,hash=544e8558...
info|2019-10-25 18:00:03.543084|[g:1][CONSENSUS][PBFT]checkTimeout Succ,view=1996,toView=1997,nodeIdx=2,changeCycle=0,myNode=7977f137...,timecost=0.205
info|2019-10-25 18:00:03.546917|[g:1][CONSENSUS][PBFT]checkAndChangeView: Reach consensus,org_view=1996,org_changeCycle=0,cur_changeCycle=0,to_view=1997
info|2019-10-25 18:00:04.547580|[g:1][CONSENSUS][SEALER]++++++++++++++++ Generating seal on,blkNum=6,tx=0,nodeIdx=2,hash=0bb7f033...
info|2019-10-25 18:00:04.558115|[g:1][CONSENSUS][PBFT]checkTimeout Succ,view=1997,toView=1998,nodeIdx=2,changeCycle=0,myNode=7977f137...,timecost=0.25
info|2019-10-25 18:00:04.559094|[g:1][CONSENSUS][PBFT]checkAndChangeView: Reach consensus,org_view=1997,org_changeCycle=0,cur_changeCycle=0,to_view=1998
info|2019-10-25 18:00:05.557800|[g:1][CONSENSUS]addRawPrepare,height=6,reqIdx=3,hash=52b421a6...
info|2019-10-25 18:00:05.558053|[g:1][CONSENSUS][PBFT]checkTimeout Succ,view=1998,toView=1999,nodeIdx=2,changeCycle=0,myNode=7977f137...,timecost=0.234
info|2019-10-25 18:00:05.561403|[g:1][CONSENSUS][PBFT]checkAndChangeView: Reach consensus,org_view=1998,org_changeCycle=0,cur_changeCycle=0,to_view=1999
info|2019-10-25 18:00:06.563468|[g:1][CONSENSUS]addRawPrepare,height=6,reqIdx=0,hash=dbdc96e5...
info|2019-10-25 18:00:06.563691|[g:1][CONSENSUS][PBFT]checkTimeout Succ,view=1999,toView=2000,nodeIdx=2,changeCycle=0,myNode=7977f137...,timecost=0.199
info|2019-10-25 18:00:06.565345|[g:1][CONSENSUS][PBFT]checkAndChangeView: Reach consensus,org_view=1999,org_changeCycle=0,cur_changeCycle=0,to_view=2000
info|2019-10-25 18:00:07.568197|[g:1][CONSENSUS]addRawPrepare,height=6,reqIdx=1,hash=b1e83461...
info|2019-10-25 18:00:07.568506|[g:1][CONSENSUS][PBFT]checkTimeout Succ,view=2000,toView=2001,nodeIdx=2,changeCycle=0,myNode=7977f137...,timecost=0.195
info|2019-10-25 18:00:07.572415|[g:1][CONSENSUS][PBFT]checkAndChangeView: Reach consensus,org_view=2000,org_changeCycle=0,cur_changeCycle=0,to_view=2001
info|2019-10-25 18:00:08.572774|[g:1][CONSENSUS][SEALER]++++++++++++++++ Generating seal on,blkNum=6,tx=0,nodeIdx=2,hash=a606c112...
info|2019-10-25 18:00:08.585042|[g:1][CONSENSUS][PBFT]checkTimeout Succ,view=2001,toView=2002,nodeIdx=2,changeCycle=0,myNode=7977f137...,timecost=0.329
info|2019-10-25 18:00:08.586517|[g:1][CONSENSUS][PBFT]checkAndChangeView: Reach consensus,org_view=2001,org_changeCycle=0,cur_changeCycle=0,to_view=2002
info|2019-10-25 18:00:09.587231|[g:1][CONSENSUS]addRawPrepare,height=6,reqIdx=3,hash=71a39eb7...
info|2019-10-25 18:00:09.587605|[g:1][CONSENSUS][PBFT]checkTimeout Succ,view=2002,toView=2003,nodeIdx=2,changeCycle=0,myNode=7977f137...,timecost=0.335
info|2019-10-25 18:00:09.591515|[g:1][CONSENSUS][PBFT]checkAndChangeView: Reach consensus,org_view=2002,org_changeCycle=0,cur_changeCycle=0,to_view=2003
info|2019-10-25 18:00:10.596171|[g:1][CONSENSUS]addRawPrepare,height=6,reqIdx=0,hash=e5694a63...
info|2019-10-25 18:00:10.596422|[g:1][CONSENSUS][PBFT]checkTimeout Succ,view=2003,toView=2004,nodeIdx=2,changeCycle=0,myNode=7977f137...,timecost=0.229
info|2019-10-25 18:00:10.598150|[g:1][CONSENSUS][PBFT]checkAndChangeView: Reach consensus,org_view=2003,org_changeCycle=0,cur_changeCycle=0,to_view=2004
info|2019-10-25 18:00:11.599539|[g:1][CONSENSUS]addRawPrepare,height=6,reqIdx=1,hash=bf6b5432...
info|2019-10-25 18:00:11.599801|[g:1][CONSENSUS][PBFT]checkTimeout Succ,view=2004,toView=2005,nodeIdx=2,changeCycle=0,myNode=7977f137...,timecost=0.191
info|2019-10-25 18:00:11.603882|[g:1][CONSENSUS][PBFT]checkAndChangeView: Reach consensus,org_view=2004,org_changeCycle=0,cur_changeCycle=0,to_view=2005
info|2019-10-25 18:00:12.606033|[g:1][CONSENSUS][SEALER]++++++++++++++++ Generating seal on,blkNum=6,tx=0,nodeIdx=2,hash=6504c06c...
info|2019-10-25 18:00:12.612190|[g:1][CONSENSUS][PBFT]checkTimeout Succ,view=2005,toView=2006,nodeIdx=2,changeCycle=0,myNode=7977f137...,timecost=0.186
info|2019-10-25 18:00:12.612904|[g:1][CONSENSUS][PBFT]checkAndChangeView: Reach consensus,org_view=2005,org_changeCycle=0,cur_changeCycle=0,to_view=2006
info|2019-10-25 18:00:13.402401|[P2P][Service] heartBeat,connected count=3
info|2019-10-25 18:00:13.612383|[g:1][CONSENSUS][PBFT]Trigger fast-viewchange,view=2006,toView=2006,minView=2007,INFO=,reqNum=5,curNum=5,GenIdx=0,Cview=2007,view=2006,fromIdx=0,fromNode=3c841dae...,fromIp=127.0.0.1:50890,hash=a3532739...,nodeIdx=2,myNode=7977f137...
info|2019-10-25 18:00:13.612632|[g:1][CONSENSUS][PBFT]checkAndChangeView: Reach consensus,org_view=2006,org_changeCycle=0,cur_changeCycle=0,to_view=2007
info|2019-10-25 18:00:13.612640|[g:1][CONSENSUS][PBFT]checkTimeout Succ,view=2007,toView=2007,nodeIdx=2,changeCycle=0,myNode=7977f137...,timecost=0.212
info|2019-10-25 18:00:14.617956|[g:1][CONSENSUS]addRawPrepare,height=6,reqIdx=0,hash=aa571d6b...
info|2019-10-25 18:00:14.618163|[g:1][CONSENSUS][PBFT]checkTimeout Succ,view=2007,toView=2008,nodeIdx=2,changeCycle=0,myNode=7977f137...,timecost=0.185
info|2019-10-25 18:00:14.619909|[g:1][CONSENSUS][PBFT]checkAndChangeView: Reach consensus,org_view=2007,org_changeCycle=0,cur_changeCycle=0,to_view=2008
info|2019-10-25 18:00:15.622089|[g:1][CONSENSUS]addRawPrepare,height=6,reqIdx=1,hash=270f3589...
info|2019-10-25 18:00:15.622398|[g:1][CONSENSUS][PBFT]checkTimeout Succ,view=2008,toView=2009,nodeIdx=2,changeCycle=0,myNode=7977f137...,timecost=0.226
info|2019-10-25 18:00:15.626656|[g:1][CONSENSUS][PBFT]checkAndChangeView: Reach consensus,org_view=2008,org_changeCycle=0,cur_changeCycle=0,to_view=2009
info|2019-10-25 18:00:16.628738|[g:1][CONSENSUS][SEALER]++++++++++++++++ Generating seal on,blkNum=6,tx=0,nodeIdx=2,hash=dfd58aae...
info|2019-10-25 18:00:16.636180|[g:1][CONSENSUS][PBFT]checkTimeout Succ,view=2009,toView=2010,nodeIdx=2,changeCycle=0,myNode=7977f137...,timecost=0.263
info|2019-10-25 18:00:16.637497|[g:1][CONSENSUS][PBFT]checkAndChangeView: Reach consensus,org_view=2009,org_changeCycle=0,cur_changeCycle=0,to_view=2010
info|2019-10-25 18:00:17.637119|[g:1][CONSENSUS]addRawPrepare,height=6,reqIdx=3,hash=819445c2...
info|2019-10-25 18:00:17.637392|[g:1][CONSENSUS][PBFT]checkTimeout Succ,view=2010,toView=2011,nodeIdx=2,changeCycle=0,myNode=7977f137...,timecost=0.244
info|2019-10-25 18:00:17.641315|[g:1][CONSENSUS][PBFT]checkAndChangeView: Reach consensus,org_view=2010,org_changeCycle=0,cur_changeCycle=0,to_view=2011
info|2019-10-25 18:00:18.646206|[g:1][CONSENSUS]addRawPrepare,height=6,reqIdx=0,hash=446f0dfa...
info|2019-10-25 18:00:18.646730|[g:1][CONSENSUS][PBFT]checkTimeout Succ,view=2011,toView=2012,nodeIdx=2,changeCycle=0,myNode=7977f137...,timecost=0.471
info|2019-10-25 18:00:18.651845|[g:1][CONSENSUS][PBFT]checkAndChangeView: Reach consensus,org_view=2011,org_changeCycle=0,cur_changeCycle=0,to_view=2012
info|2019-10-25 18:00:19.660029|[g:1][CONSENSUS]addRawPrepare,height=6,reqIdx=1,hash=6e0bddb3...
info|2019-10-25 18:00:19.666453|[g:1][CONSENSUS][PBFT]checkTimeout Succ,view=2012,toView=2013,nodeIdx=2,changeCycle=0,myNode=7977f137...,timecost=6.174
info|2019-10-25 18:00:19.669982|[g:1][CONSENSUS][PBFT]checkAndChangeView: Reach consensus,org_view=2012,org_changeCycle=0,cur_changeCycle=0,to_view=2013
info|2019-10-25 18:00:20.670395|[g:1][CONSENSUS][SEALER]++++++++++++++++ Generating seal on,blkNum=6,tx=0,nodeIdx=2,hash=5dea7f0b...
info|2019-10-25 18:00:20.682998|[g:1][CONSENSUS][PBFT]checkTimeout Succ,view=2013,toView=2014,nodeIdx=2,changeCycle=0,myNode=7977f137...,timecost=0.346
info|2019-10-25 18:00:20.684554|[g:1][CONSENSUS][PBFT]checkAndChangeView: Reach consensus,org_view=2013,org_changeCycle=0,cur_changeCycle=0,to_view=2014
info|2019-10-25 18:00:21.683503|[g:1][CONSENSUS]addRawPrepare,height=6,reqIdx=3,hash=1d2f4027...
info|2019-10-25 18:00:21.683726|[g:1][CONSENSUS][PBFT]checkTimeout Succ,view=2014,toView=2015,nodeIdx=2,changeCycle=0,myNode=7977f137...,timecost=0.214
info|2019-10-25 18:00:21.686299|[g:1][CONSENSUS][PBFT]checkAndChangeView: Reach consensus,org_view=2014,org_changeCycle=0,cur_changeCycle=0,to_view=2015
info|2019-10-25 18:00:22.690200|[g:1][CONSENSUS]addRawPrepare,height=6,reqIdx=0,hash=c1194f06...
info|2019-10-25 18:00:22.690447|[g:1][CONSENSUS][PBFT]checkTimeout Succ,view=2015,toView=2016,nodeIdx=2,changeCycle=0,myNode=7977f137...,timecost=0.226
info|2019-10-25 18:00:22.693224|[g:1][CONSENSUS][PBFT]checkAndChangeView: Reach consensus,org_view=2015,org_changeCycle=0,cur_changeCycle=0,to_view=2016
info|2019-10-25 18:00:23.402755|[P2P][Service] heartBeat,connected count=3
info|2019-10-25 18:00:23.694014|[g:1][CONSENSUS]addRawPrepare,height=6,reqIdx=1,hash=2300e05f...
info|2019-10-25 18:00:23.694290|[g:1][CONSENSUS][PBFT]checkTimeout Succ,view=2016,toView=2017,nodeIdx=2,changeCycle=0,myNode=7977f137...,timecost=0.237
info|2019-10-25 18:00:23.697797|[g:1][CONSENSUS][PBFT]checkAndChangeView: Reach consensus,org_view=2016,org_changeCycle=0,cur_changeCycle=0,to_view=2017
info|2019-10-25 18:00:24.698357|[g:1][CONSENSUS][SEALER]++++++++++++++++ Generating seal on,blkNum=6,tx=0,nodeIdx=2,hash=d086d7b2...
info|2019-10-25 18:00:24.708376|[g:1][CONSENSUS][PBFT]checkTimeout Succ,view=2017,toView=2018,nodeIdx=2,changeCycle=0,myNode=7977f137...,timecost=0.249
info|2019-10-25 18:00:24.709498|[g:1][CONSENSUS][PBFT]checkAndChangeView: Reach consensus,org_view=2017,org_changeCycle=0,cur_changeCycle=0,to_view=2018
info|2019-10-25 18:00:25.708204|[g:1][CONSENSUS]addRawPrepare,height=6,reqIdx=3,hash=08bcd1c3...
info|2019-10-25 18:00:25.708452|[g:1][CONSENSUS][PBFT]checkTimeout Succ,view=2018,toView=2019,nodeIdx=2,changeCycle=0,myNode=7977f137...,timecost=0.225
info|2019-10-25 18:00:25.710075|[g:1][CONSENSUS][PBFT]checkAndChangeView: Reach consensus,org_view=2018,org_changeCycle=0,cur_changeCycle=0,to_view=2019
info|2019-10-25 18:00:26.714054|[g:1][CONSENSUS]addRawPrepare,height=6,reqIdx=0,hash=b9c1f1a2...
info|2019-10-25 18:00:26.714295|[g:1][CONSENSUS][PBFT]checkTimeout Succ,view=2019,toView=2020,nodeIdx=2,changeCycle=0,myNode=7977f137...,timecost=0.193
info|2019-10-25 18:00:26.716444|[g:1][CONSENSUS][PBFT]checkAndChangeView: Reach consensus,org_view=2019,org_changeCycle=0,cur_changeCycle=0,to_view=2020
info|2019-10-25 18:00:27.717747|[g:1][CONSENSUS]addRawPrepare,height=6,reqIdx=1,hash=a0219bc5...
info|2019-10-25 18:00:27.718062|[g:1][CONSENSUS][PBFT]checkTimeout Succ,view=2020,toView=2021,nodeIdx=2,changeCycle=0,myNode=7977f137...,timecost=0.233
info|2019-10-25 18:00:27.727156|[g:1][CONSENSUS][PBFT]checkAndChangeView: Reach consensus,org_view=2020,org_changeCycle=0,cur_changeCycle=0,to_view=2021
info|2019-10-25 18:00:28.727548|[g:1][CONSENSUS][SEALER]++++++++++++++++ Generating seal on,blkNum=6,tx=0,nodeIdx=2,hash=751e22dd...
info|2019-10-25 18:00:28.733898|[g:1][CONSENSUS][PBFT]checkTimeout Succ,view=2021,toView=2022,nodeIdx=2,changeCycle=0,myNode=7977f137...,timecost=0.203
info|2019-10-25 18:00:28.734857|[g:1][CONSENSUS][PBFT]checkAndChangeView: Reach consensus,org_view=2021,org_changeCycle=0,cur_changeCycle=0,to_view=2022
info|2019-10-25 18:00:29.737873|[g:1][CONSENSUS]addRawPrepare,height=6,reqIdx=3,hash=fd49fc76...
info|2019-10-25 18:00:29.738246|[g:1][CONSENSUS][PBFT]checkTimeout Succ,view=2022,toView=2023,nodeIdx=2,changeCycle=0,myNode=7977f137...,timecost=0.333
info|2019-10-25 18:00:29.743001|[g:1][CONSENSUS][PBFT]checkAndChangeView: Reach consensus,org_view=2022,org_changeCycle=0,cur_changeCycle=0,to_view=2023
info|2019-10-25 18:00:30.745926|[g:1][CONSENSUS]addRawPrepare,height=6,reqIdx=0,hash=c0d04b81...
info|2019-10-25 18:00:30.746163|[g:1][CONSENSUS][PBFT]checkTimeout Succ,view=2023,toView=2024,nodeIdx=2,changeCycle=0,myNode=7977f137...,timecost=0.217
info|2019-10-25 18:00:30.747796|[g:1][CONSENSUS][PBFT]checkAndChangeView: Reach consensus,org_view=2023,org_changeCycle=0,cur_changeCycle=0,to_view=2024
info|2019-10-25 18:00:31.749717|[g:1][CONSENSUS]addRawPrepare,height=6,reqIdx=1,hash=25008f73...
info|2019-10-25 18:00:31.750090|[g:1][CONSENSUS][PBFT]checkTimeout Succ,view=2024,toView=2025,nodeIdx=2,changeCycle=0,myNode=7977f137...,timecost=0.27
info|2019-10-25 18:00:31.755521|[g:1][CONSENSUS][PBFT]checkAndChangeView: Reach consensus,org_view=2024,org_changeCycle=0,cur_changeCycle=0,to_view=2025
info|2019-10-25 18:00:32.755912|[g:1][CONSENSUS][SEALER]++++++++++++++++ Generating seal on,blkNum=6,tx=0,nodeIdx=2,hash=bf89e276...
info|2019-10-25 18:00:32.761719|[g:1][CONSENSUS][PBFT]checkTimeout Succ,view=2025,toView=2026,nodeIdx=2,changeCycle=0,myNode=7977f137...,timecost=0.198
info|2019-10-25 18:00:32.762653|[g:1][CONSENSUS][PBFT]checkAndChangeView: Reach consensus,org_view=2025,org_changeCycle=0,cur_changeCycle=0,to_view=2026
info|2019-10-25 18:00:33.403097|[P2P][Service] heartBeat,connected count=3
info|2019-10-25 18:00:33.764283|[g:1][CONSENSUS]addRawPrepare,height=6,reqIdx=3,hash=66c3c5f4...
info|2019-10-25 18:00:33.764511|[g:1][CONSENSUS][PBFT]checkTimeout Succ,view=2026,toView=2027,nodeIdx=2,changeCycle=0,myNode=7977f137...,timecost=0.205
info|2019-10-25 18:00:33.764842|[g:1][CONSENSUS][PBFT]checkAndChangeView: Reach consensus,org_view=2026,org_changeCycle=0,cur_changeCycle=0,to_view=2027
info|2019-10-25 18:00:34.768342|[g:1][CONSENSUS]addRawPrepare,height=6,reqIdx=0,hash=e87734cc...
info|2019-10-25 18:00:34.768567|[g:1][CONSENSUS][PBFT]checkTimeout Succ,view=2027,toView=2028,nodeIdx=2,changeCycle=0,myNode=7977f137...,timecost=0.199
info|2019-10-25 18:00:34.771402|[g:1][CONSENSUS][PBFT]checkAndChangeView: Reach consensus,org_view=2027,org_changeCycle=0,cur_changeCycle=0,to_view=2028
info|2019-10-25 18:00:35.772447|[g:1][CONSENSUS]addRawPrepare,height=6,reqIdx=1,hash=2cf754f1...
info|2019-10-25 18:00:35.772727|[g:1][CONSENSUS][PBFT]checkTimeout Succ,view=2028,toView=2029,nodeIdx=2,changeCycle=0,myNode=7977f137...,timecost=0.195
info|2019-10-25 18:00:35.776231|[g:1][CONSENSUS][PBFT]checkAndChangeView: Reach consensus,org_view=2028,org_changeCycle=0,cur_changeCycle=0,to_view=2029
info|2019-10-25 18:00:36.777624|[g:1][CONSENSUS][SEALER]++++++++++++++++ Generating seal on,blkNum=6,tx=0,nodeIdx=2,hash=1df9a708...
info|2019-10-25 18:00:36.784090|[g:1][CONSENSUS][PBFT]checkTimeout Succ,view=2029,toView=2030,nodeIdx=2,changeCycle=0,myNode=7977f137...,timecost=0.191
info|2019-10-25 18:00:36.784821|[g:1][CONSENSUS][PBFT]checkAndChangeView: Reach consensus,org_view=2029,org_changeCycle=0,cur_changeCycle=0,to_view=2030
info|2019-10-25 18:00:37.783468|[g:1][CONSENSUS]addRawPrepare,height=6,reqIdx=3,hash=81bcf501...
info|2019-10-25 18:00:37.783694|[g:1][CONSENSUS][PBFT]checkTimeout Succ,view=2030,toView=2031,nodeIdx=2,changeCycle=0,myNode=7977f137...,timecost=0.202
info|2019-10-25 18:00:37.785337|[g:1][CONSENSUS][PBFT]checkAndChangeView: Reach consensus,org_view=2030,org_changeCycle=0,cur_changeCycle=0,to_view=2031
info|2019-10-25 18:00:38.789590|[g:1][CONSENSUS]addRawPrepare,height=6,reqIdx=0,hash=9cdd6a1a...
info|2019-10-25 18:00:38.789833|[g:1][CONSENSUS][PBFT]checkTimeout Succ,view=2031,toView=2032,nodeIdx=2,changeCycle=0,myNode=7977f137...,timecost=0.221
info|2019-10-25 18:00:38.792644|[g:1][CONSENSUS][PBFT]checkAndChangeView: Reach consensus,org_view=2031,org_changeCycle=0,cur_changeCycle=0,to_view=2032
info|2019-10-25 18:00:39.794757|[g:1][CONSENSUS]addRawPrepare,height=6,reqIdx=1,hash=50992d31...
info|2019-10-25 18:00:39.795089|[g:1][CONSENSUS][PBFT]checkTimeout Succ,view=2032,toView=2033,nodeIdx=2,changeCycle=0,myNode=7977f137...,timecost=0.236
info|2019-10-25 18:00:39.799804|[g:1][CONSENSUS][PBFT]checkAndChangeView: Reach consensus,org_view=2032,org_changeCycle=0,cur_changeCycle=0,to_view=2033
info|2019-10-25 18:00:40.800877|[g:1][CONSENSUS][SEALER]++++++++++++++++ Generating seal on,blkNum=6,tx=0,nodeIdx=2,hash=472cd55f...
info|2019-10-25 18:00:40.806668|[g:1][CONSENSUS][PBFT]checkTimeout Succ,view=2033,toView=2034,nodeIdx=2,changeCycle=0,myNode=7977f137...,timecost=0.197
info|2019-10-25 18:00:40.807591|[g:1][CONSENSUS][PBFT]checkAndChangeView: Reach consensus,org_view=2033,org_changeCycle=0,cur_changeCycle=0,to_view=2034
info|2019-10-25 18:00:41.807355|[g:1][CONSENSUS]addRawPrepare,height=6,reqIdx=3,hash=0f77461a...
info|2019-10-25 18:00:41.807582|[g:1][CONSENSUS][PBFT]checkTimeout Succ,view=2034,toView=2035,nodeIdx=2,changeCycle=0,myNode=7977f137...,timecost=0.202
info|2019-10-25 18:00:41.809929|[g:1][CONSENSUS][PBFT]checkAndChangeView: Reach consensus,org_view=2034,org_changeCycle=0,cur_changeCycle=0,to_view=2035
info|2019-10-25 18:00:42.813573|[g:1][CONSENSUS]addRawPrepare,height=6,reqIdx=0,hash=5a6262eb...
info|2019-10-25 18:00:42.813789|[g:1][CONSENSUS][PBFT]checkTimeout Succ,view=2035,toView=2036,nodeIdx=2,changeCycle=0,myNode=7977f137...,timecost=0.191
info|2019-10-25 18:00:42.814065|[g:1][CONSENSUS][PBFT]checkAndChangeView: Reach consensus,org_view=2035,org_changeCycle=0,cur_changeCycle=0,to_view=2036
info|2019-10-25 18:00:43.403232|[P2P][Service] heartBeat,connected count=3
info|2019-10-25 18:00:43.816778|[g:1][CONSENSUS]addRawPrepare,height=6,reqIdx=1,hash=40e12141...
info|2019-10-25 18:00:43.817133|[g:1][CONSENSUS][PBFT]checkTimeout Succ,view=2036,toView=2037,nodeIdx=2,changeCycle=0,myNode=7977f137...,timecost=0.252
info|2019-10-25 18:00:43.820732|[g:1][CONSENSUS][PBFT]checkAndChangeView: Reach consensus,org_view=2036,org_changeCycle=0,cur_changeCycle=0,to_view=2037
info|2019-10-25 18:00:44.822021|[g:1][CONSENSUS][SEALER]++++++++++++++++ Generating seal on,blkNum=6,tx=0,nodeIdx=2,hash=56c5d4ff...
info|2019-10-25 18:00:44.831208|[g:1][CONSENSUS][PBFT]checkTimeout Succ,view=2037,toView=2038,nodeIdx=2,changeCycle=0,myNode=7977f137...,timecost=0.24
info|2019-10-25 18:00:44.832085|[g:1][CONSENSUS][PBFT]checkAndChangeView: Reach consensus,org_view=2037,org_changeCycle=0,cur_changeCycle=0,to_view=2038
info|2019-10-25 18:00:45.835584|[g:1][CONSENSUS]addRawPrepare,height=6,reqIdx=3,hash=700b1dc7...
info|2019-10-25 18:00:45.840679|[g:1][CONSENSUS][PBFT]checkTimeout Succ,view=2038,toView=2039,nodeIdx=2,changeCycle=0,myNode=7977f137...,timecost=4.899
info|2019-10-25 18:00:45.843120|[g:1][CONSENSUS][PBFT]checkAndChangeView: Reach consensus,org_view=2038,org_changeCycle=0,cur_changeCycle=0,to_view=2039
info|2019-10-25 18:00:46.846646|[g:1][CONSENSUS]addRawPrepare,height=6,reqIdx=0,hash=6411e3bb...
info|2019-10-25 18:00:46.846854|[g:1][CONSENSUS][PBFT]checkTimeout Succ,view=2039,toView=2040,nodeIdx=2,changeCycle=0,myNode=7977f137...,timecost=0.187
info|2019-10-25 18:00:46.848831|[g:1][CONSENSUS][PBFT]checkAndChangeView: Reach consensus,org_view=2039,org_changeCycle=0,cur_changeCycle=0,to_view=2040
info|2019-10-25 18:00:47.850746|[g:1][CONSENSUS]addRawPrepare,height=6,reqIdx=1,hash=c9242b66...
info|2019-10-25 18:00:47.851234|[g:1][CONSENSUS][PBFT]checkTimeout Succ,view=2040,toView=2041,nodeIdx=2,changeCycle=0,myNode=7977f137...,timecost=0.36
info|2019-10-25 18:00:47.855212|[g:1][CONSENSUS][PBFT]checkAndChangeView: Reach consensus,org_view=2040,org_changeCycle=0,cur_changeCycle=0,to_view=2041
info|2019-10-25 18:00:48.855667|[g:1][CONSENSUS][SEALER]++++++++++++++++ Generating seal on,blkNum=6,tx=0,nodeIdx=2,hash=1293a12f...
info|2019-10-25 18:00:48.862476|[g:1][CONSENSUS][PBFT]checkTimeout Succ,view=2041,toView=2042,nodeIdx=2,changeCycle=0,myNode=7977f137...,timecost=0.219
info|2019-10-25 18:00:48.863449|[g:1][CONSENSUS][PBFT]checkAndChangeView: Reach consensus,org_view=2041,org_changeCycle=0,cur_changeCycle=0,to_view=2042
info|2019-10-25 18:00:49.863995|[g:1][CONSENSUS]addRawPrepare,height=6,reqIdx=3,hash=b339063c...
info|2019-10-25 18:00:49.864224|[g:1][CONSENSUS][PBFT]checkTimeout Succ,view=2042,toView=2043,nodeIdx=2,changeCycle=0,myNode=7977f137...,timecost=0.204
info|2019-10-25 18:00:49.868111|[g:1][CONSENSUS][PBFT]checkAndChangeView: Reach consensus,org_view=2042,org_changeCycle=0,cur_changeCycle=0,to_view=2043
info|2019-10-25 18:00:50.874852|[g:1][CONSENSUS]addRawPrepare,height=6,reqIdx=0,hash=9990999b...
info|2019-10-25 18:00:50.875074|[g:1][CONSENSUS][PBFT]checkTimeout Succ,view=2043,toView=2044,nodeIdx=2,changeCycle=0,myNode=7977f137...,timecost=0.198
info|2019-10-25 18:00:50.881919|[g:1][CONSENSUS][PBFT]checkAndChangeView: Reach consensus,org_view=2043,org_changeCycle=0,cur_changeCycle=0,to_view=2044
info|2019-10-25 18:00:51.883783|[g:1][CONSENSUS]addRawPrepare,height=6,reqIdx=1,hash=cbbcb880...
info|2019-10-25 18:00:51.884092|[g:1][CONSENSUS][PBFT]checkTimeout Succ,view=2044,toView=2045,nodeIdx=2,changeCycle=0,myNode=7977f137...,timecost=0.236
info|2019-10-25 18:00:51.889329|[g:1][CONSENSUS][PBFT]checkAndChangeView: Reach consensus,org_view=2044,org_changeCycle=0,cur_changeCycle=0,to_view=2045
info|2019-10-25 18:00:52.892282|[g:1][CONSENSUS][SEALER]++++++++++++++++ Generating seal on,blkNum=6,tx=0,nodeIdx=2,hash=f2c92df5...
info|2019-10-25 18:00:52.899770|[g:1][CONSENSUS][PBFT]checkTimeout Succ,view=2045,toView=2046,nodeIdx=2,changeCycle=0,myNode=7977f137...,timecost=0.205
info|2019-10-25 18:00:52.900731|[g:1][CONSENSUS][PBFT]checkAndChangeView: Reach consensus,org_view=2045,org_changeCycle=0,cur_changeCycle=0,to_view=2046
info|2019-10-25 18:00:53.403502|[P2P][Service] heartBeat,connected count=3
