info|2019-11-12 18:41:59.835646|[INITIALIZER][initGlobalConfig],enableCompress=true,compatibilityVersion=2.1.0,versionNumber=33619968,chainId=1
info|2019-11-12 18:41:59.890802|[NETWORK][Host]Connecting to node,endpoint=127.0.0.1:30300
info|2019-11-12 18:41:59.890897|[NETWORK][Host]Connecting to node,endpoint=127.0.0.1:30301
info|2019-11-12 18:41:59.890943|[NETWORK][Host]Connecting to node,endpoint=127.0.0.1:30302
info|2019-11-12 18:41:59.890980|[NETWORK][Host]Connecting to node,endpoint=127.0.0.1:30303
info|2019-11-12 18:41:59.891016|[P2P][Service] heartBeat,connected count=0
info|2019-11-12 18:41:59.891451|[CHANNEL]ChannelRPCServer started
info|2019-11-12 18:41:59.891470|[INITIALIZER][RPCInitializer]ChannelRPCHttpServer started.
info|2019-11-12 18:41:59.891488|[LedgerInitializer],groupConfigPath=conf/
info|2019-11-12 18:41:59.891588|[INITIALIZER][initSingleLedger] [GroupId]:  1
info|2019-11-12 18:41:59.891611|[g:1][LEDGER]LedgerConstructor,configPath=conf/group.1.genesis,baseDir=data//group1
info|2019-11-12 18:41:59.891626|[g:1][LEDGER][initGenesisConfig]initConsensusConfig/initDBConfig/initTxConfig,configFile=conf/group.1.genesis
info|2019-11-12 18:41:59.891708|[g:1][LEDGER][initConsensusConfig],it.first=6f9974710b9ea562ecc6a6823039b05e159d8669f228efa0c8b8234f08c2b75fb97eecdae4ef16bc99800bdfa03ed03d619629887e9c1c8b46ad79f5d38c4991
info|2019-11-12 18:41:59.891758|[g:1][LEDGER][initConsensusConfig],it.first=3c841dae42d67ff6c383c1bb1de35a240c03722517cf3711eacd8c8d1b168ac146b4580f67399b4d7d2a36358faea19bc9d7875a3160147b3b9c3c9eb331f80c
info|2019-11-12 18:41:59.891783|[g:1][LEDGER][initConsensusConfig],it.first=7977f13736cfe14481107f9daa8a957d5156ba4f001285ee5d658512a97bedebf72a47213feba7cce05ecd2639f2426ad79a3abd436fe58d3eab1d37c47da13c
info|2019-11-12 18:41:59.891805|[g:1][LEDGER][initConsensusConfig],it.first=9303553ad8ac45cce2b6dfa1efc53e16bad3db119e47da65b9656ed9be68073f3a68780aaf85b2d1545a93db9d541276a33bdd6f3bef1baab3c8c44880e1837a
info|2019-11-12 18:41:59.891847|[g:1][LEDGER][initIniConfig]initTxPoolConfig/initSyncConfig/initTxExecuteConfig,configFile=conf/group.1.ini
info|2019-11-12 18:41:59.891948|[g:1][LEDGER][initLedger][DBInitializer]
info|2019-11-12 18:41:59.891970|[g:1][DBINITIALIZER] [initRocksDBStorage]
info|2019-11-12 18:41:59.892004|[g:1][ROCKSDB]open rocksDB handler
info|2019-11-12 18:41:59.899815|[NETWORK][Host]P2P StartAccept,Host=0.0.0.0:30302
info|2019-11-12 18:41:59.899898|[NETWORK][Host]P2P Recv Connect, From=127.0.0.1:52204
info|2019-11-12 18:41:59.899950|[NETWORK][Host]P2P StartAccept,Host=0.0.0.0:30302
info|2019-11-12 18:41:59.904838|[NETWORK][Host]P2P Recv Connect, From=127.0.0.1:52214
info|2019-11-12 18:41:59.923968|[NETWORK][Host]P2P StartAccept,Host=0.0.0.0:30302
info|2019-11-12 18:41:59.924104|[NETWORK][ASIO]asyncResolveConnect,endpoint=127.0.0.1:30300
info|2019-11-12 18:41:59.924164|[NETWORK][ASIO]asyncResolveConnect,endpoint=127.0.0.1:30301
info|2019-11-12 18:41:59.924208|[NETWORK][ASIO]asyncResolveConnect,endpoint=127.0.0.1:30302
info|2019-11-12 18:41:59.924250|[NETWORK][ASIO]asyncResolveConnect,endpoint=127.0.0.1:30303
info|2019-11-12 18:41:59.925948|[NETWORK][Host]P2P Recv Connect, From=127.0.0.1:52224
info|2019-11-12 18:41:59.934905|[NETWORK][Host]P2P StartAccept,Host=0.0.0.0:30302
info|2019-11-12 18:41:59.936644|[NETWORK][Host]P2P Recv Connect, From=127.0.0.1:52230
info|2019-11-12 18:41:59.936678|[NETWORK][Host]P2P StartAccept,Host=0.0.0.0:30302
info|2019-11-12 18:41:59.945623|[NETWORK][Host]P2P Recv Connect, From=127.0.0.1:52238
info|2019-11-12 18:41:59.969316|[g:1][g:0][STORAGE][CachedStorage]Init flushStorage thread
info|2019-11-12 18:41:59.969708|[g:1][BLOCKCHAIN][#checkAndBuildGenesisBlock]Already have the 0th block, 0th groupMark is equal to file groupMark.
info|2019-11-12 18:41:59.970604|[g:1][CONSENSUS][PBFT]Register handler for PBFTEngine
info|2019-11-12 18:41:59.971226|[NETWORK][Host]P2P StartAccept,Host=0.0.0.0:30302
info|2019-11-12 18:41:59.996791|[g:1][CONSENSUS][PBFT],minBlockGenerationTime=500
info|2019-11-12 18:41:59.996829|[LedgerInitializer init group succ],groupID=1
info|2019-11-12 18:41:59.997034|[INITIALIZER][RPCInitializer]JsonrpcHttpServer started.
info|2019-11-12 18:41:59.997056|[g:1][LEDGER]startAll...
info|2019-11-12 18:41:59.998861|[g:1][CONSENSUS][PBFT]^^^^^^^^Report,num=8,sealerIdx=1,hash=83ea54fc...,next=9,tx=1,nodeIdx=2
info|2019-11-12 18:42:00.003546|[g:1][CONSENSUS][PBFT][PBFT init env successfully]
info|2019-11-12 18:42:00.003636|[g:1][CONSENSUS][ConsensusEngine][Start ConsensusEngineBase]
info|2019-11-12 18:42:00.013591|[g:1][CONSENSUS][PBFT][Start PBFTEngine...]
info|2019-11-12 18:42:00.013638|[g:1][CONSENSUS][SEALER][Start sealer module]
info|2019-11-12 18:42:00.026174|[g:1][EVENT][EventLogFilterManager]start,m_maxBlockRange=0,m_maxBlockPerLoopFilter=3
info|2019-11-12 18:42:00.065478|[P2P][Service] Connection established,nodeID=6e4f3ba3...,endpoint=127.0.0.1:52214
info|2019-11-12 18:42:00.068580|[NETWORK][Host]startPeerSession, From=127.0.0.1:52214,nodeID=6e4f3ba3...
info|2019-11-12 18:42:00.068661|[NETWORK][Host]startPeerSession, From=127.0.0.1:52238,nodeID=7977f137...
info|2019-11-12 18:42:00.068791|[P2P][Service] Connection established,nodeID=3c841dae...,endpoint=127.0.0.1:52224
info|2019-11-12 18:42:00.068815|[NETWORK][Host]startPeerSession, From=127.0.0.1:52224,nodeID=3c841dae...
info|2019-11-12 18:42:00.100796|[NETWORK][Host]startPeerSession, From=127.0.0.1:30302,nodeID=7977f137...
info|2019-11-12 18:42:00.111594|[P2P][Service] Connection established,nodeID=9303553a...,endpoint=127.0.0.1:52204
info|2019-11-12 18:42:00.111626|[NETWORK][Host]startPeerSession, From=127.0.0.1:52204,nodeID=9303553a...
info|2019-11-12 18:42:00.111740|[P2P][Service] Connection established,nodeID=6f997471...,endpoint=127.0.0.1:52230
info|2019-11-12 18:42:00.111762|[NETWORK][Host]startPeerSession, From=127.0.0.1:52230,nodeID=6f997471...
info|2019-11-12 18:42:00.139532|[NETWORK][Host]startPeerSession, From=127.0.0.1:30300,nodeID=6f997471...
info|2019-11-12 18:42:00.139657|[NETWORK][Host]startPeerSession, From=127.0.0.1:30301,nodeID=3c841dae...
info|2019-11-12 18:42:00.139850|[NETWORK][Host]startPeerSession, From=127.0.0.1:30303,nodeID=9303553a...
warning|2019-11-12 18:42:00.215579|[SYNC][id:7977f137...][Status]Peer data not found,nodeId=6e4f3ba3...
info|2019-11-12 18:42:01.035418|[g:1][CONSENSUS]addRawPrepare,height=9,reqIdx=0,hash=077b7533...
info|2019-11-12 18:42:01.035628|[g:1][CONSENSUS][PBFT]checkTimeout Succ,view=0,toView=1,nodeIdx=2,changeCycle=0,myNode=7977f137...,timecost=0.185
info|2019-11-12 18:42:01.037340|[g:1][CONSENSUS][PBFT]checkAndChangeView: Reach consensus,org_view=0,org_changeCycle=0,cur_changeCycle=0,to_view=1
info|2019-11-12 18:42:02.039026|[g:1][CONSENSUS]addRawPrepare,height=9,reqIdx=1,hash=7797030e...
info|2019-11-12 18:42:02.039390|[g:1][CONSENSUS][PBFT]checkTimeout Succ,view=1,toView=2,nodeIdx=2,changeCycle=0,myNode=7977f137...,timecost=0.23
info|2019-11-12 18:42:02.043520|[g:1][CONSENSUS][PBFT]checkAndChangeView: Reach consensus,org_view=1,org_changeCycle=0,cur_changeCycle=0,to_view=2
info|2019-11-12 18:42:03.044285|[g:1][CONSENSUS][SEALER]++++++++++++++++ Generating seal on,blkNum=9,tx=0,nodeIdx=2,hash=31294bfd...
info|2019-11-12 18:42:03.050215|[g:1][CONSENSUS][PBFT]checkTimeout Succ,view=2,toView=3,nodeIdx=2,changeCycle=0,myNode=7977f137...,timecost=0.219
info|2019-11-12 18:42:03.051134|[g:1][CONSENSUS][PBFT]checkAndChangeView: Reach consensus,org_view=2,org_changeCycle=0,cur_changeCycle=0,to_view=3
info|2019-11-12 18:42:04.050713|[g:1][CONSENSUS]addRawPrepare,height=9,reqIdx=3,hash=682bcf01...
info|2019-11-12 18:42:04.050927|[g:1][CONSENSUS][PBFT]checkTimeout Succ,view=3,toView=4,nodeIdx=2,changeCycle=0,myNode=7977f137...,timecost=0.192
info|2019-11-12 18:42:04.052565|[g:1][CONSENSUS][PBFT]checkAndChangeView: Reach consensus,org_view=3,org_changeCycle=0,cur_changeCycle=0,to_view=4
warning|2019-11-12 18:42:05.021404|[SYNC][id:7977f137...][Status]Peer data not found,nodeId=6e4f3ba3...
info|2019-11-12 18:42:05.058110|[g:1][CONSENSUS]addRawPrepare,height=9,reqIdx=0,hash=9b6ce45a...
info|2019-11-12 18:42:05.058356|[g:1][CONSENSUS][PBFT]checkTimeout Succ,view=4,toView=5,nodeIdx=2,changeCycle=0,myNode=7977f137...,timecost=0.224
info|2019-11-12 18:42:05.059368|[g:1][CONSENSUS][PBFT]checkAndChangeView: Reach consensus,org_view=4,org_changeCycle=0,cur_changeCycle=0,to_view=5
info|2019-11-12 18:42:06.062247|[g:1][CONSENSUS]addRawPrepare,height=9,reqIdx=1,hash=d797c701...
info|2019-11-12 18:42:06.062678|[g:1][CONSENSUS][PBFT]checkTimeout Succ,view=5,toView=6,nodeIdx=2,changeCycle=0,myNode=7977f137...,timecost=0.31
info|2019-11-12 18:42:06.068284|[g:1][CONSENSUS][PBFT]checkAndChangeView: Reach consensus,org_view=5,org_changeCycle=0,cur_changeCycle=0,to_view=6
info|2019-11-12 18:42:07.069753|[g:1][CONSENSUS][SEALER]++++++++++++++++ Generating seal on,blkNum=9,tx=0,nodeIdx=2,hash=b8f356ce...
info|2019-11-12 18:42:07.075723|[g:1][CONSENSUS][PBFT]checkTimeout Succ,view=6,toView=7,nodeIdx=2,changeCycle=0,myNode=7977f137...,timecost=0.197
info|2019-11-12 18:42:07.076662|[g:1][CONSENSUS][PBFT]checkAndChangeView: Reach consensus,org_view=6,org_changeCycle=0,cur_changeCycle=0,to_view=7
info|2019-11-12 18:42:08.077341|[g:1][CONSENSUS]addRawPrepare,height=9,reqIdx=3,hash=cd20b7be...
info|2019-11-12 18:42:08.077581|[g:1][CONSENSUS][PBFT]checkTimeout Succ,view=7,toView=8,nodeIdx=2,changeCycle=0,myNode=7977f137...,timecost=0.219
info|2019-11-12 18:42:08.078647|[g:1][CONSENSUS][PBFT]checkAndChangeView: Reach consensus,org_view=7,org_changeCycle=0,cur_changeCycle=0,to_view=8
info|2019-11-12 18:42:09.082856|[g:1][CONSENSUS]addRawPrepare,height=9,reqIdx=0,hash=f49fc35f...
info|2019-11-12 18:42:09.083072|[g:1][CONSENSUS][PBFT]checkTimeout Succ,view=8,toView=9,nodeIdx=2,changeCycle=0,myNode=7977f137...,timecost=0.193
info|2019-11-12 18:42:09.084966|[g:1][CONSENSUS][PBFT]checkAndChangeView: Reach consensus,org_view=8,org_changeCycle=0,cur_changeCycle=0,to_view=9
info|2019-11-12 18:42:09.891074|[P2P][Service] heartBeat,connected count=4
warning|2019-11-12 18:42:10.029836|[SYNC][id:7977f137...][Status]Peer data not found,nodeId=6e4f3ba3...
info|2019-11-12 18:42:10.086330|[g:1][CONSENSUS]addRawPrepare,height=9,reqIdx=1,hash=67016af9...
info|2019-11-12 18:42:10.086600|[g:1][CONSENSUS][PBFT]checkTimeout Succ,view=9,toView=10,nodeIdx=2,changeCycle=0,myNode=7977f137...,timecost=0.216
info|2019-11-12 18:42:10.090972|[g:1][CONSENSUS][PBFT]checkAndChangeView: Reach consensus,org_view=9,org_changeCycle=0,cur_changeCycle=0,to_view=10
info|2019-11-12 18:42:11.092783|[g:1][CONSENSUS][SEALER]++++++++++++++++ Generating seal on,blkNum=9,tx=0,nodeIdx=2,hash=54c1dcf5...
info|2019-11-12 18:42:11.098767|[g:1][CONSENSUS][PBFT]checkTimeout Succ,view=10,toView=11,nodeIdx=2,changeCycle=0,myNode=7977f137...,timecost=0.196
info|2019-11-12 18:42:11.099643|[g:1][CONSENSUS][PBFT]checkAndChangeView: Reach consensus,org_view=10,org_changeCycle=0,cur_changeCycle=0,to_view=11
info|2019-11-12 18:42:12.098900|[g:1][CONSENSUS]addRawPrepare,height=9,reqIdx=3,hash=d33d6a3e...
info|2019-11-12 18:42:12.099121|[g:1][CONSENSUS][PBFT]checkTimeout Succ,view=11,toView=12,nodeIdx=2,changeCycle=0,myNode=7977f137...,timecost=0.197
info|2019-11-12 18:42:12.102029|[g:1][CONSENSUS][PBFT]checkAndChangeView: Reach consensus,org_view=11,org_changeCycle=0,cur_changeCycle=0,to_view=12
info|2019-11-12 18:42:13.104815|[g:1][CONSENSUS]addRawPrepare,height=9,reqIdx=0,hash=ea122933...
info|2019-11-12 18:42:13.105070|[g:1][CONSENSUS][PBFT]checkTimeout Succ,view=12,toView=13,nodeIdx=2,changeCycle=0,myNode=7977f137...,timecost=0.186
info|2019-11-12 18:42:13.108110|[g:1][CONSENSUS][PBFT]checkAndChangeView: Reach consensus,org_view=12,org_changeCycle=0,cur_changeCycle=0,to_view=13
info|2019-11-12 18:42:14.111597|[g:1][CONSENSUS]addRawPrepare,height=9,reqIdx=1,hash=a8e0d090...
info|2019-11-12 18:42:14.111881|[g:1][CONSENSUS][PBFT]checkTimeout Succ,view=13,toView=14,nodeIdx=2,changeCycle=0,myNode=7977f137...,timecost=0.221
info|2019-11-12 18:42:14.115229|[g:1][CONSENSUS][PBFT]checkAndChangeView: Reach consensus,org_view=13,org_changeCycle=0,cur_changeCycle=0,to_view=14
warning|2019-11-12 18:42:15.036388|[SYNC][id:7977f137...][Status]Peer data not found,nodeId=6e4f3ba3...
info|2019-11-12 18:42:15.116259|[g:1][CONSENSUS][SEALER]++++++++++++++++ Generating seal on,blkNum=9,tx=0,nodeIdx=2,hash=e43b0599...
info|2019-11-12 18:42:15.125278|[g:1][CONSENSUS][PBFT]checkTimeout Succ,view=14,toView=15,nodeIdx=2,changeCycle=0,myNode=7977f137...,timecost=0.217
info|2019-11-12 18:42:15.126208|[g:1][CONSENSUS][PBFT]checkAndChangeView: Reach consensus,org_view=14,org_changeCycle=0,cur_changeCycle=0,to_view=15
info|2019-11-12 18:42:16.127608|[g:1][CONSENSUS]addRawPrepare,height=9,reqIdx=3,hash=51da1231...
info|2019-11-12 18:42:16.127824|[g:1][CONSENSUS][PBFT]checkTimeout Succ,view=15,toView=16,nodeIdx=2,changeCycle=0,myNode=7977f137...,timecost=0.191
info|2019-11-12 18:42:16.128838|[g:1][CONSENSUS][PBFT]checkAndChangeView: Reach consensus,org_view=15,org_changeCycle=0,cur_changeCycle=0,to_view=16
info|2019-11-12 18:42:17.133196|[g:1][CONSENSUS]addRawPrepare,height=9,reqIdx=0,hash=7ec5e488...
info|2019-11-12 18:42:17.133421|[g:1][CONSENSUS][PBFT]checkTimeout Succ,view=16,toView=17,nodeIdx=2,changeCycle=0,myNode=7977f137...,timecost=0.205
info|2019-11-12 18:42:17.136066|[g:1][CONSENSUS][PBFT]checkAndChangeView: Reach consensus,org_view=16,org_changeCycle=0,cur_changeCycle=0,to_view=17
info|2019-11-12 18:42:18.136735|[g:1][CONSENSUS]addRawPrepare,height=9,reqIdx=1,hash=cbc482a3...
info|2019-11-12 18:42:18.137071|[g:1][CONSENSUS][PBFT]checkTimeout Succ,view=17,toView=18,nodeIdx=2,changeCycle=0,myNode=7977f137...,timecost=0.268
info|2019-11-12 18:42:18.140711|[g:1][CONSENSUS][PBFT]checkAndChangeView: Reach consensus,org_view=17,org_changeCycle=0,cur_changeCycle=0,to_view=18
info|2019-11-12 18:42:19.141526|[g:1][CONSENSUS][SEALER]++++++++++++++++ Generating seal on,blkNum=9,tx=0,nodeIdx=2,hash=514c4a6c...
info|2019-11-12 18:42:19.147565|[g:1][CONSENSUS][PBFT]checkTimeout Succ,view=18,toView=19,nodeIdx=2,changeCycle=0,myNode=7977f137...,timecost=0.196
info|2019-11-12 18:42:19.148416|[g:1][CONSENSUS][PBFT]checkAndChangeView: Reach consensus,org_view=18,org_changeCycle=0,cur_changeCycle=0,to_view=19
info|2019-11-12 18:42:19.891194|[P2P][Service] heartBeat,connected count=4
warning|2019-11-12 18:42:20.047930|[SYNC][id:7977f137...][Status]Peer data not found,nodeId=6e4f3ba3...
info|2019-11-12 18:42:20.150855|[g:1][CONSENSUS]addRawPrepare,height=9,reqIdx=3,hash=7346af47...
info|2019-11-12 18:42:20.151110|[g:1][CONSENSUS][PBFT]checkTimeout Succ,view=19,toView=20,nodeIdx=2,changeCycle=0,myNode=7977f137...,timecost=0.184
info|2019-11-12 18:42:20.154592|[g:1][CONSENSUS][PBFT]checkAndChangeView: Reach consensus,org_view=19,org_changeCycle=0,cur_changeCycle=0,to_view=20
info|2019-11-12 18:42:21.160794|[g:1][CONSENSUS]addRawPrepare,height=9,reqIdx=0,hash=1e986f4e...
info|2019-11-12 18:42:21.161042|[g:1][CONSENSUS][PBFT]checkTimeout Succ,view=20,toView=21,nodeIdx=2,changeCycle=0,myNode=7977f137...,timecost=0.224
info|2019-11-12 18:42:21.162880|[g:1][CONSENSUS][PBFT]checkAndChangeView: Reach consensus,org_view=20,org_changeCycle=0,cur_changeCycle=0,to_view=21
info|2019-11-12 18:42:22.163621|[g:1][CONSENSUS]addRawPrepare,height=9,reqIdx=1,hash=097c0e5d...
info|2019-11-12 18:42:22.163886|[g:1][CONSENSUS][PBFT]checkTimeout Succ,view=21,toView=22,nodeIdx=2,changeCycle=0,myNode=7977f137...,timecost=0.19
info|2019-11-12 18:42:22.167629|[g:1][CONSENSUS][PBFT]checkAndChangeView: Reach consensus,org_view=21,org_changeCycle=0,cur_changeCycle=0,to_view=22
info|2019-11-12 18:42:23.168600|[g:1][CONSENSUS][SEALER]++++++++++++++++ Generating seal on,blkNum=9,tx=0,nodeIdx=2,hash=d9d8629f...
info|2019-11-12 18:42:23.174758|[g:1][CONSENSUS][PBFT]checkTimeout Succ,view=22,toView=23,nodeIdx=2,changeCycle=0,myNode=7977f137...,timecost=0.227
info|2019-11-12 18:42:23.175760|[g:1][CONSENSUS][PBFT]checkAndChangeView: Reach consensus,org_view=22,org_changeCycle=0,cur_changeCycle=0,to_view=23
info|2019-11-12 18:42:24.175834|[g:1][CONSENSUS]addRawPrepare,height=9,reqIdx=3,hash=85c7507c...
info|2019-11-12 18:42:24.176050|[g:1][CONSENSUS][PBFT]checkTimeout Succ,view=23,toView=24,nodeIdx=2,changeCycle=0,myNode=7977f137...,timecost=0.193
info|2019-11-12 18:42:24.178081|[g:1][CONSENSUS][PBFT]checkAndChangeView: Reach consensus,org_view=23,org_changeCycle=0,cur_changeCycle=0,to_view=24
warning|2019-11-12 18:42:25.056602|[SYNC][id:7977f137...][Status]Peer data not found,nodeId=6e4f3ba3...
info|2019-11-12 18:42:25.181927|[g:1][CONSENSUS]addRawPrepare,height=9,reqIdx=0,hash=f515fa3a...
info|2019-11-12 18:42:25.182145|[g:1][CONSENSUS][PBFT]checkTimeout Succ,view=24,toView=25,nodeIdx=2,changeCycle=0,myNode=7977f137...,timecost=0.193
info|2019-11-12 18:42:25.183568|[g:1][CONSENSUS][PBFT]checkAndChangeView: Reach consensus,org_view=24,org_changeCycle=0,cur_changeCycle=0,to_view=25
info|2019-11-12 18:42:26.185147|[g:1][CONSENSUS]addRawPrepare,height=9,reqIdx=1,hash=eebc86a0...
info|2019-11-12 18:42:26.185420|[g:1][CONSENSUS][PBFT]checkTimeout Succ,view=25,toView=26,nodeIdx=2,changeCycle=0,myNode=7977f137...,timecost=0.192
info|2019-11-12 18:42:26.189145|[g:1][CONSENSUS][PBFT]checkAndChangeView: Reach consensus,org_view=25,org_changeCycle=0,cur_changeCycle=0,to_view=26
info|2019-11-12 18:42:27.189835|[g:1][CONSENSUS][SEALER]++++++++++++++++ Generating seal on,blkNum=9,tx=0,nodeIdx=2,hash=07c1e50d...
info|2019-11-12 18:42:27.196120|[g:1][CONSENSUS][PBFT]checkTimeout Succ,view=26,toView=27,nodeIdx=2,changeCycle=0,myNode=7977f137...,timecost=0.197
info|2019-11-12 18:42:27.197081|[g:1][CONSENSUS][PBFT]checkAndChangeView: Reach consensus,org_view=26,org_changeCycle=0,cur_changeCycle=0,to_view=27
info|2019-11-12 18:42:28.197583|[g:1][CONSENSUS]addRawPrepare,height=9,reqIdx=3,hash=7ec2e12d...
info|2019-11-12 18:42:28.197807|[g:1][CONSENSUS][PBFT]checkTimeout Succ,view=27,toView=28,nodeIdx=2,changeCycle=0,myNode=7977f137...,timecost=0.199
info|2019-11-12 18:42:28.198908|[g:1][CONSENSUS][PBFT]checkAndChangeView: Reach consensus,org_view=27,org_changeCycle=0,cur_changeCycle=0,to_view=28
info|2019-11-12 18:42:29.201822|[g:1][CONSENSUS]addRawPrepare,height=9,reqIdx=0,hash=515c38e9...
info|2019-11-12 18:42:29.202043|[g:1][CONSENSUS][PBFT]checkTimeout Succ,view=28,toView=29,nodeIdx=2,changeCycle=0,myNode=7977f137...,timecost=0.19
info|2019-11-12 18:42:29.205049|[g:1][CONSENSUS][PBFT]checkAndChangeView: Reach consensus,org_view=28,org_changeCycle=0,cur_changeCycle=0,to_view=29
info|2019-11-12 18:42:29.891270|[P2P][Service] heartBeat,connected count=4
warning|2019-11-12 18:42:30.066408|[SYNC][id:7977f137...][Status]Peer data not found,nodeId=6e4f3ba3...
info|2019-11-12 18:42:30.207702|[g:1][CONSENSUS]addRawPrepare,height=9,reqIdx=1,hash=3c7b1706...
info|2019-11-12 18:42:30.207952|[g:1][CONSENSUS][PBFT]checkTimeout Succ,view=29,toView=30,nodeIdx=2,changeCycle=0,myNode=7977f137...,timecost=0.183
info|2019-11-12 18:42:30.211135|[g:1][CONSENSUS][PBFT]checkAndChangeView: Reach consensus,org_view=29,org_changeCycle=0,cur_changeCycle=0,to_view=30
info|2019-11-12 18:42:31.214328|[g:1][CONSENSUS][SEALER]++++++++++++++++ Generating seal on,blkNum=9,tx=0,nodeIdx=2,hash=de1b2cb4...
info|2019-11-12 18:42:31.214946|[g:1][CONSENSUS][PBFT]checkTimeout Succ,view=30,toView=31,nodeIdx=2,changeCycle=0,myNode=7977f137...,timecost=0.198
info|2019-11-12 18:42:31.218796|[g:1][CONSENSUS][PBFT]checkAndChangeView: Reach consensus,org_view=30,org_changeCycle=0,cur_changeCycle=0,to_view=31
info|2019-11-12 18:42:32.224299|[g:1][CONSENSUS]addRawPrepare,height=9,reqIdx=3,hash=39dbabc0...
info|2019-11-12 18:42:32.224550|[g:1][CONSENSUS][PBFT]checkTimeout Succ,view=31,toView=32,nodeIdx=2,changeCycle=0,myNode=7977f137...,timecost=0.182
info|2019-11-12 18:42:32.228884|[g:1][CONSENSUS][PBFT]checkAndChangeView: Reach consensus,org_view=31,org_changeCycle=0,cur_changeCycle=0,to_view=32
info|2019-11-12 18:42:33.230330|[g:1][CONSENSUS]addRawPrepare,height=9,reqIdx=0,hash=c4359427...
info|2019-11-12 18:42:33.230586|[g:1][CONSENSUS][PBFT]checkTimeout Succ,view=32,toView=33,nodeIdx=2,changeCycle=0,myNode=7977f137...,timecost=0.182
info|2019-11-12 18:42:33.233424|[g:1][CONSENSUS][PBFT]checkAndChangeView: Reach consensus,org_view=32,org_changeCycle=0,cur_changeCycle=0,to_view=33
info|2019-11-12 18:42:34.235937|[g:1][CONSENSUS]addRawPrepare,height=9,reqIdx=1,hash=bdc6b1af...
info|2019-11-12 18:42:34.236204|[g:1][CONSENSUS][PBFT]checkTimeout Succ,view=33,toView=34,nodeIdx=2,changeCycle=0,myNode=7977f137...,timecost=0.192
info|2019-11-12 18:42:34.241361|[g:1][CONSENSUS][PBFT]checkAndChangeView: Reach consensus,org_view=33,org_changeCycle=0,cur_changeCycle=0,to_view=34
warning|2019-11-12 18:42:35.085977|[SYNC][id:7977f137...][Status]Peer data not found,nodeId=6e4f3ba3...
info|2019-11-12 18:42:35.241853|[g:1][CONSENSUS][SEALER]++++++++++++++++ Generating seal on,blkNum=9,tx=0,nodeIdx=2,hash=3e7f7581...
info|2019-11-12 18:42:35.242460|[g:1][CONSENSUS][PBFT]checkTimeout Succ,view=34,toView=35,nodeIdx=2,changeCycle=0,myNode=7977f137...,timecost=0.192
info|2019-11-12 18:42:35.246695|[g:1][CONSENSUS][PBFT]checkAndChangeView: Reach consensus,org_view=34,org_changeCycle=0,cur_changeCycle=0,to_view=35
info|2019-11-12 18:42:36.250148|[g:1][CONSENSUS]addRawPrepare,height=9,reqIdx=3,hash=d31f1a95...
info|2019-11-12 18:42:36.250406|[g:1][CONSENSUS][PBFT]checkTimeout Succ,view=35,toView=36,nodeIdx=2,changeCycle=0,myNode=7977f137...,timecost=0.188
info|2019-11-12 18:42:36.255032|[g:1][CONSENSUS][PBFT]checkAndChangeView: Reach consensus,org_view=35,org_changeCycle=0,cur_changeCycle=0,to_view=36
info|2019-11-12 18:42:37.256837|[g:1][CONSENSUS]addRawPrepare,height=9,reqIdx=0,hash=b01907f4...
info|2019-11-12 18:42:37.257099|[g:1][CONSENSUS][PBFT]checkTimeout Succ,view=36,toView=37,nodeIdx=2,changeCycle=0,myNode=7977f137...,timecost=0.192
info|2019-11-12 18:42:37.259728|[g:1][CONSENSUS][PBFT]checkAndChangeView: Reach consensus,org_view=36,org_changeCycle=0,cur_changeCycle=0,to_view=37
info|2019-11-12 18:42:38.262509|[g:1][CONSENSUS]addRawPrepare,height=9,reqIdx=1,hash=5c3d66f3...
info|2019-11-12 18:42:38.262784|[g:1][CONSENSUS][PBFT]checkTimeout Succ,view=37,toView=38,nodeIdx=2,changeCycle=0,myNode=7977f137...,timecost=0.2
info|2019-11-12 18:42:38.267898|[g:1][CONSENSUS][PBFT]checkAndChangeView: Reach consensus,org_view=37,org_changeCycle=0,cur_changeCycle=0,to_view=38
info|2019-11-12 18:42:39.267737|[g:1][CONSENSUS][SEALER]++++++++++++++++ Generating seal on,blkNum=9,tx=0,nodeIdx=2,hash=b8d93625...
info|2019-11-12 18:42:39.271554|[g:1][CONSENSUS][PBFT]checkTimeout Succ,view=38,toView=39,nodeIdx=2,changeCycle=0,myNode=7977f137...,timecost=0.221
info|2019-11-12 18:42:39.272937|[g:1][CONSENSUS][PBFT]checkAndChangeView: Reach consensus,org_view=38,org_changeCycle=0,cur_changeCycle=0,to_view=39
info|2019-11-12 18:42:39.892232|[P2P][Service] heartBeat,connected count=4
warning|2019-11-12 18:42:40.109268|[SYNC][id:7977f137...][Status]Peer data not found,nodeId=6e4f3ba3...
info|2019-11-12 18:42:40.278391|[g:1][CONSENSUS]addRawPrepare,height=9,reqIdx=3,hash=f7874067...
info|2019-11-12 18:42:40.278643|[g:1][CONSENSUS][PBFT]checkTimeout Succ,view=39,toView=40,nodeIdx=2,changeCycle=0,myNode=7977f137...,timecost=0.208
info|2019-11-12 18:42:40.282375|[g:1][CONSENSUS][PBFT]checkAndChangeView: Reach consensus,org_view=39,org_changeCycle=0,cur_changeCycle=0,to_view=40
info|2019-11-12 18:42:41.282458|[g:1][CONSENSUS]addRawPrepare,height=9,reqIdx=0,hash=8cf386ed...
info|2019-11-12 18:42:41.282744|[g:1][CONSENSUS][PBFT]checkTimeout Succ,view=40,toView=41,nodeIdx=2,changeCycle=0,myNode=7977f137...,timecost=0.217
info|2019-11-12 18:42:41.286289|[g:1][CONSENSUS][PBFT]checkAndChangeView: Reach consensus,org_view=40,org_changeCycle=0,cur_changeCycle=0,to_view=41
info|2019-11-12 18:42:42.289581|[g:1][CONSENSUS]addRawPrepare,height=9,reqIdx=1,hash=bb66a1d0...
info|2019-11-12 18:42:42.289853|[g:1][CONSENSUS][PBFT]checkTimeout Succ,view=41,toView=42,nodeIdx=2,changeCycle=0,myNode=7977f137...,timecost=0.189
info|2019-11-12 18:42:42.293448|[g:1][CONSENSUS][PBFT]checkAndChangeView: Reach consensus,org_view=41,org_changeCycle=0,cur_changeCycle=0,to_view=42
info|2019-11-12 18:42:43.295479|[g:1][CONSENSUS][SEALER]++++++++++++++++ Generating seal on,blkNum=9,tx=0,nodeIdx=2,hash=311f7187...
info|2019-11-12 18:42:43.298970|[g:1][CONSENSUS][PBFT]checkTimeout Succ,view=42,toView=43,nodeIdx=2,changeCycle=0,myNode=7977f137...,timecost=0.199
info|2019-11-12 18:42:43.299562|[g:1][CONSENSUS][PBFT]checkAndChangeView: Reach consensus,org_view=42,org_changeCycle=0,cur_changeCycle=0,to_view=43
info|2019-11-12 18:42:44.304954|[g:1][CONSENSUS]addRawPrepare,height=9,reqIdx=3,hash=4073c217...
info|2019-11-12 18:42:44.305231|[g:1][CONSENSUS][PBFT]checkTimeout Succ,view=43,toView=44,nodeIdx=2,changeCycle=0,myNode=7977f137...,timecost=0.21
info|2019-11-12 18:42:44.309224|[g:1][CONSENSUS][PBFT]checkAndChangeView: Reach consensus,org_view=43,org_changeCycle=0,cur_changeCycle=0,to_view=44
warning|2019-11-12 18:42:45.130300|[SYNC][id:7977f137...][Status]Peer data not found,nodeId=6e4f3ba3...
info|2019-11-12 18:42:45.310984|[g:1][CONSENSUS]addRawPrepare,height=9,reqIdx=0,hash=69eecb20...
info|2019-11-12 18:42:45.311238|[g:1][CONSENSUS][PBFT]checkTimeout Succ,view=44,toView=45,nodeIdx=2,changeCycle=0,myNode=7977f137...,timecost=0.183
info|2019-11-12 18:42:45.316445|[g:1][CONSENSUS][PBFT]checkAndChangeView: Reach consensus,org_view=44,org_changeCycle=0,cur_changeCycle=0,to_view=45
info|2019-11-12 18:42:46.318791|[g:1][CONSENSUS]addRawPrepare,height=9,reqIdx=1,hash=1e4ce9e9...
info|2019-11-12 18:42:46.319138|[g:1][CONSENSUS][PBFT]checkTimeout Succ,view=45,toView=46,nodeIdx=2,changeCycle=0,myNode=7977f137...,timecost=0.238
info|2019-11-12 18:42:46.323806|[g:1][CONSENSUS][PBFT]checkAndChangeView: Reach consensus,org_view=45,org_changeCycle=0,cur_changeCycle=0,to_view=46
info|2019-11-12 18:42:47.324585|[g:1][CONSENSUS][SEALER]++++++++++++++++ Generating seal on,blkNum=9,tx=0,nodeIdx=2,hash=ee40aef1...
info|2019-11-12 18:42:47.331144|[g:1][CONSENSUS][PBFT]checkTimeout Succ,view=46,toView=47,nodeIdx=2,changeCycle=0,myNode=7977f137...,timecost=0.199
info|2019-11-12 18:42:47.332833|[g:1][CONSENSUS][PBFT]checkAndChangeView: Reach consensus,org_view=46,org_changeCycle=0,cur_changeCycle=0,to_view=47
info|2019-11-12 18:42:48.332160|[g:1][CONSENSUS]addRawPrepare,height=9,reqIdx=3,hash=ce4a6e96...
info|2019-11-12 18:42:48.332456|[g:1][CONSENSUS][PBFT]checkTimeout Succ,view=47,toView=48,nodeIdx=2,changeCycle=0,myNode=7977f137...,timecost=0.273
info|2019-11-12 18:42:48.335455|[g:1][CONSENSUS][PBFT]checkAndChangeView: Reach consensus,org_view=47,org_changeCycle=0,cur_changeCycle=0,to_view=48
info|2019-11-12 18:42:49.338373|[g:1][CONSENSUS]addRawPrepare,height=9,reqIdx=0,hash=8d31e91d...
info|2019-11-12 18:42:49.338586|[g:1][CONSENSUS][PBFT]checkTimeout Succ,view=48,toView=49,nodeIdx=2,changeCycle=0,myNode=7977f137...,timecost=0.187
info|2019-11-12 18:42:49.341407|[g:1][CONSENSUS][PBFT]checkAndChangeView: Reach consensus,org_view=48,org_changeCycle=0,cur_changeCycle=0,to_view=49
info|2019-11-12 18:42:49.892290|[P2P][Service] heartBeat,connected count=4
warning|2019-11-12 18:42:50.139726|[SYNC][id:7977f137...][Status]Peer data not found,nodeId=6e4f3ba3...
info|2019-11-12 18:42:50.341194|[g:1][CONSENSUS]addRawPrepare,height=9,reqIdx=1,hash=f801f90e...
info|2019-11-12 18:42:50.341449|[g:1][CONSENSUS][PBFT]checkTimeout Succ,view=49,toView=50,nodeIdx=2,changeCycle=0,myNode=7977f137...,timecost=0.184
info|2019-11-12 18:42:50.345221|[g:1][CONSENSUS][PBFT]checkAndChangeView: Reach consensus,org_view=49,org_changeCycle=0,cur_changeCycle=0,to_view=50
info|2019-11-12 18:42:51.347314|[g:1][CONSENSUS][SEALER]++++++++++++++++ Generating seal on,blkNum=9,tx=0,nodeIdx=2,hash=4c184152...
info|2019-11-12 18:42:51.353176|[g:1][CONSENSUS][PBFT]checkTimeout Succ,view=50,toView=51,nodeIdx=2,changeCycle=0,myNode=7977f137...,timecost=0.199
info|2019-11-12 18:42:51.354124|[g:1][CONSENSUS][PBFT]checkAndChangeView: Reach consensus,org_view=50,org_changeCycle=0,cur_changeCycle=0,to_view=51
info|2019-11-12 18:42:52.354557|[g:1][CONSENSUS]addRawPrepare,height=9,reqIdx=3,hash=c38a61b6...
info|2019-11-12 18:42:52.354775|[g:1][CONSENSUS][PBFT]checkTimeout Succ,view=51,toView=52,nodeIdx=2,changeCycle=0,myNode=7977f137...,timecost=0.195
info|2019-11-12 18:42:52.357965|[g:1][CONSENSUS][PBFT]checkAndChangeView: Reach consensus,org_view=51,org_changeCycle=0,cur_changeCycle=0,to_view=52
info|2019-11-12 18:42:53.361000|[g:1][CONSENSUS]addRawPrepare,height=9,reqIdx=0,hash=4f4b31dc...
info|2019-11-12 18:42:53.361212|[g:1][CONSENSUS][PBFT]checkTimeout Succ,view=52,toView=53,nodeIdx=2,changeCycle=0,myNode=7977f137...,timecost=0.191
info|2019-11-12 18:42:53.362917|[g:1][CONSENSUS][PBFT]checkAndChangeView: Reach consensus,org_view=52,org_changeCycle=0,cur_changeCycle=0,to_view=53
info|2019-11-12 18:42:54.365170|[g:1][CONSENSUS]addRawPrepare,height=9,reqIdx=1,hash=ed87e800...
info|2019-11-12 18:42:54.365458|[g:1][CONSENSUS][PBFT]checkTimeout Succ,view=53,toView=54,nodeIdx=2,changeCycle=0,myNode=7977f137...,timecost=0.189
info|2019-11-12 18:42:54.368678|[g:1][CONSENSUS][PBFT]checkAndChangeView: Reach consensus,org_view=53,org_changeCycle=0,cur_changeCycle=0,to_view=54
warning|2019-11-12 18:42:55.148408|[SYNC][id:7977f137...][Status]Peer data not found,nodeId=6e4f3ba3...
info|2019-11-12 18:42:55.370141|[g:1][CONSENSUS][SEALER]++++++++++++++++ Generating seal on,blkNum=9,tx=0,nodeIdx=2,hash=3719efe2...
info|2019-11-12 18:42:55.377015|[g:1][CONSENSUS][PBFT]checkTimeout Succ,view=54,toView=55,nodeIdx=2,changeCycle=0,myNode=7977f137...,timecost=0.195
info|2019-11-12 18:42:55.377861|[g:1][CONSENSUS][PBFT]checkAndChangeView: Reach consensus,org_view=54,org_changeCycle=0,cur_changeCycle=0,to_view=55
info|2019-11-12 18:42:56.378024|[g:1][CONSENSUS]addRawPrepare,height=9,reqIdx=3,hash=c31501dc...
info|2019-11-12 18:42:56.378272|[g:1][CONSENSUS][PBFT]checkTimeout Succ,view=55,toView=56,nodeIdx=2,changeCycle=0,myNode=7977f137...,timecost=0.226
info|2019-11-12 18:42:56.380191|[g:1][CONSENSUS][PBFT]checkAndChangeView: Reach consensus,org_view=55,org_changeCycle=0,cur_changeCycle=0,to_view=56
info|2019-11-12 18:42:57.383772|[g:1][CONSENSUS]addRawPrepare,height=9,reqIdx=0,hash=95694746...
info|2019-11-12 18:42:57.384033|[g:1][CONSENSUS][PBFT]checkTimeout Succ,view=56,toView=57,nodeIdx=2,changeCycle=0,myNode=7977f137...,timecost=0.189
info|2019-11-12 18:42:57.384720|[g:1][CONSENSUS][PBFT]checkAndChangeView: Reach consensus,org_view=56,org_changeCycle=0,cur_changeCycle=0,to_view=57
info|2019-11-12 18:42:58.388957|[g:1][CONSENSUS]addRawPrepare,height=9,reqIdx=1,hash=2bb2fee6...
info|2019-11-12 18:42:58.389215|[g:1][CONSENSUS][PBFT]checkTimeout Succ,view=57,toView=58,nodeIdx=2,changeCycle=0,myNode=7977f137...,timecost=0.186
info|2019-11-12 18:42:58.394107|[g:1][CONSENSUS][PBFT]checkAndChangeView: Reach consensus,org_view=57,org_changeCycle=0,cur_changeCycle=0,to_view=58
info|2019-11-12 18:42:59.395877|[g:1][CONSENSUS][SEALER]++++++++++++++++ Generating seal on,blkNum=9,tx=0,nodeIdx=2,hash=0bbb1202...
info|2019-11-12 18:42:59.399238|[g:1][CONSENSUS][PBFT]checkTimeout Succ,view=58,toView=59,nodeIdx=2,changeCycle=0,myNode=7977f137...,timecost=0.195
info|2019-11-12 18:42:59.399797|[g:1][CONSENSUS][PBFT]checkAndChangeView: Reach consensus,org_view=58,org_changeCycle=0,cur_changeCycle=0,to_view=59
info|2019-11-12 18:42:59.892584|[P2P][Service] heartBeat,connected count=4
warning|2019-11-12 18:43:00.169478|[SYNC][id:7977f137...][Status]Peer data not found,nodeId=6e4f3ba3...
info|2019-11-12 18:43:00.403251|[g:1][CONSENSUS]addRawPrepare,height=9,reqIdx=3,hash=18a810e5...
info|2019-11-12 18:43:00.403513|[g:1][CONSENSUS][PBFT]checkTimeout Succ,view=59,toView=60,nodeIdx=2,changeCycle=0,myNode=7977f137...,timecost=0.183
info|2019-11-12 18:43:00.407399|[g:1][CONSENSUS][PBFT]checkAndChangeView: Reach consensus,org_view=59,org_changeCycle=0,cur_changeCycle=0,to_view=60
info|2019-11-12 18:43:01.411203|[g:1][CONSENSUS]addRawPrepare,height=9,reqIdx=0,hash=f464658b...
info|2019-11-12 18:43:01.411461|[g:1][CONSENSUS][PBFT]checkTimeout Succ,view=60,toView=61,nodeIdx=2,changeCycle=0,myNode=7977f137...,timecost=0.189
info|2019-11-12 18:43:01.415291|[g:1][CONSENSUS][PBFT]checkAndChangeView: Reach consensus,org_view=60,org_changeCycle=0,cur_changeCycle=0,to_view=61
info|2019-11-12 18:43:02.418481|[g:1][CONSENSUS]addRawPrepare,height=9,reqIdx=1,hash=40674fb9...
info|2019-11-12 18:43:02.418741|[g:1][CONSENSUS][PBFT]checkTimeout Succ,view=61,toView=62,nodeIdx=2,changeCycle=0,myNode=7977f137...,timecost=0.186
info|2019-11-12 18:43:02.424426|[g:1][CONSENSUS][PBFT]checkAndChangeView: Reach consensus,org_view=61,org_changeCycle=0,cur_changeCycle=0,to_view=62
info|2019-11-12 18:43:03.425318|[g:1][CONSENSUS][SEALER]++++++++++++++++ Generating seal on,blkNum=9,tx=0,nodeIdx=2,hash=aecb3253...
info|2019-11-12 18:43:03.429778|[g:1][CONSENSUS][PBFT]checkTimeout Succ,view=62,toView=63,nodeIdx=2,changeCycle=0,myNode=7977f137...,timecost=0.2
info|2019-11-12 18:43:03.431832|[g:1][CONSENSUS][PBFT]checkAndChangeView: Reach consensus,org_view=62,org_changeCycle=0,cur_changeCycle=0,to_view=63
info|2019-11-12 18:43:04.435903|[g:1][CONSENSUS]addRawPrepare,height=9,reqIdx=3,hash=99edb844...
info|2019-11-12 18:43:04.436159|[g:1][CONSENSUS][PBFT]checkTimeout Succ,view=63,toView=64,nodeIdx=2,changeCycle=0,myNode=7977f137...,timecost=0.186
info|2019-11-12 18:43:04.439077|[g:1][CONSENSUS][PBFT]checkAndChangeView: Reach consensus,org_view=63,org_changeCycle=0,cur_changeCycle=0,to_view=64
warning|2019-11-12 18:43:05.189495|[SYNC][id:7977f137...][Status]Peer data not found,nodeId=6e4f3ba3...
info|2019-11-12 18:43:05.443088|[g:1][CONSENSUS]addRawPrepare,height=9,reqIdx=0,hash=2311dff3...
info|2019-11-12 18:43:05.443352|[g:1][CONSENSUS][PBFT]checkTimeout Succ,view=64,toView=65,nodeIdx=2,changeCycle=0,myNode=7977f137...,timecost=0.19
info|2019-11-12 18:43:05.453720|[g:1][CONSENSUS][PBFT]checkAndChangeView: Reach consensus,org_view=64,org_changeCycle=0,cur_changeCycle=0,to_view=65
info|2019-11-12 18:43:06.458087|[g:1][CONSENSUS]addRawPrepare,height=9,reqIdx=1,hash=b8b9c6d8...
info|2019-11-12 18:43:06.458499|[g:1][CONSENSUS][PBFT]checkTimeout Succ,view=65,toView=66,nodeIdx=2,changeCycle=0,myNode=7977f137...,timecost=0.294
info|2019-11-12 18:43:06.468216|[g:1][CONSENSUS][PBFT]checkAndChangeView: Reach consensus,org_view=65,org_changeCycle=0,cur_changeCycle=0,to_view=66
info|2019-11-12 18:43:07.469238|[g:1][CONSENSUS][SEALER]++++++++++++++++ Generating seal on,blkNum=9,tx=0,nodeIdx=2,hash=7ebdae7e...
info|2019-11-12 18:43:07.470100|[g:1][CONSENSUS][PBFT]checkTimeout Succ,view=66,toView=67,nodeIdx=2,changeCycle=0,myNode=7977f137...,timecost=0.241
info|2019-11-12 18:43:07.474127|[g:1][CONSENSUS][PBFT]checkAndChangeView: Reach consensus,org_view=66,org_changeCycle=0,cur_changeCycle=0,to_view=67
info|2019-11-12 18:43:08.483032|[g:1][CONSENSUS]addRawPrepare,height=9,reqIdx=3,hash=9f89c01f...
info|2019-11-12 18:43:08.483356|[g:1][CONSENSUS][PBFT]checkTimeout Succ,view=67,toView=68,nodeIdx=2,changeCycle=0,myNode=7977f137...,timecost=0.255
info|2019-11-12 18:43:08.486318|[g:1][CONSENSUS][PBFT]checkAndChangeView: Reach consensus,org_view=67,org_changeCycle=0,cur_changeCycle=0,to_view=68
info|2019-11-12 18:43:09.489642|[g:1][CONSENSUS]addRawPrepare,height=9,reqIdx=0,hash=ed6163cc...
info|2019-11-12 18:43:09.489997|[g:1][CONSENSUS][PBFT]checkTimeout Succ,view=68,toView=69,nodeIdx=2,changeCycle=0,myNode=7977f137...,timecost=0.269
info|2019-11-12 18:43:09.496504|[g:1][CONSENSUS][PBFT]checkAndChangeView: Reach consensus,org_view=68,org_changeCycle=0,cur_changeCycle=0,to_view=69
info|2019-11-12 18:43:09.892792|[P2P][Service] heartBeat,connected count=4
warning|2019-11-12 18:43:10.228664|[SYNC][id:7977f137...][Status]Peer data not found,nodeId=6e4f3ba3...
info|2019-11-12 18:43:10.495347|[g:1][CONSENSUS]addRawPrepare,height=9,reqIdx=1,hash=0fa74c9c...
info|2019-11-12 18:43:10.495611|[g:1][CONSENSUS][PBFT]checkTimeout Succ,view=69,toView=70,nodeIdx=2,changeCycle=0,myNode=7977f137...,timecost=0.193
info|2019-11-12 18:43:10.500861|[g:1][CONSENSUS][PBFT]checkAndChangeView: Reach consensus,org_view=69,org_changeCycle=0,cur_changeCycle=0,to_view=70
info|2019-11-12 18:43:11.500852|[g:1][CONSENSUS][SEALER]++++++++++++++++ Generating seal on,blkNum=9,tx=0,nodeIdx=2,hash=0a705663...
info|2019-11-12 18:43:11.504585|[g:1][CONSENSUS][PBFT]checkTimeout Succ,view=70,toView=71,nodeIdx=2,changeCycle=0,myNode=7977f137...,timecost=0.202
info|2019-11-12 18:43:11.505155|[g:1][CONSENSUS][PBFT]checkAndChangeView: Reach consensus,org_view=70,org_changeCycle=0,cur_changeCycle=0,to_view=71
info|2019-11-12 18:43:12.509316|[g:1][CONSENSUS]addRawPrepare,height=9,reqIdx=3,hash=05df80d8...
info|2019-11-12 18:43:12.509579|[g:1][CONSENSUS][PBFT]checkTimeout Succ,view=71,toView=72,nodeIdx=2,changeCycle=0,myNode=7977f137...,timecost=0.189
info|2019-11-12 18:43:12.514146|[g:1][CONSENSUS][PBFT]checkAndChangeView: Reach consensus,org_view=71,org_changeCycle=0,cur_changeCycle=0,to_view=72
info|2019-11-12 18:43:13.515292|[g:1][CONSENSUS]addRawPrepare,height=9,reqIdx=0,hash=033a3081...
info|2019-11-12 18:43:13.515569|[g:1][CONSENSUS][PBFT]checkTimeout Succ,view=72,toView=73,nodeIdx=2,changeCycle=0,myNode=7977f137...,timecost=0.193
info|2019-11-12 18:43:13.523567|[g:1][CONSENSUS][PBFT]checkAndChangeView: Reach consensus,org_view=72,org_changeCycle=0,cur_changeCycle=0,to_view=73
info|2019-11-12 18:43:14.525759|[g:1][CONSENSUS]addRawPrepare,height=9,reqIdx=1,hash=22597e1f...
info|2019-11-12 18:43:14.526034|[g:1][CONSENSUS][PBFT]checkTimeout Succ,view=73,toView=74,nodeIdx=2,changeCycle=0,myNode=7977f137...,timecost=0.193
info|2019-11-12 18:43:14.532023|[g:1][CONSENSUS][PBFT]checkAndChangeView: Reach consensus,org_view=73,org_changeCycle=0,cur_changeCycle=0,to_view=74
warning|2019-11-12 18:43:15.251841|[SYNC][id:7977f137...][Status]Peer data not found,nodeId=6e4f3ba3...
info|2019-11-12 18:43:15.533493|[g:1][CONSENSUS][SEALER]++++++++++++++++ Generating seal on,blkNum=9,tx=0,nodeIdx=2,hash=ab690d7d...
info|2019-11-12 18:43:15.534262|[g:1][CONSENSUS][PBFT]checkTimeout Succ,view=74,toView=75,nodeIdx=2,changeCycle=0,myNode=7977f137...,timecost=0.199
info|2019-11-12 18:43:15.538579|[g:1][CONSENSUS][PBFT]checkAndChangeView: Reach consensus,org_view=74,org_changeCycle=0,cur_changeCycle=0,to_view=75
info|2019-11-12 18:43:16.544072|[g:1][CONSENSUS]addRawPrepare,height=9,reqIdx=3,hash=6b4d0f35...
info|2019-11-12 18:43:16.544319|[g:1][CONSENSUS][PBFT]checkTimeout Succ,view=75,toView=76,nodeIdx=2,changeCycle=0,myNode=7977f137...,timecost=0.185
info|2019-11-12 18:43:16.547143|[g:1][CONSENSUS][PBFT]checkAndChangeView: Reach consensus,org_view=75,org_changeCycle=0,cur_changeCycle=0,to_view=76
info|2019-11-12 18:43:17.553667|[g:1][CONSENSUS]addRawPrepare,height=9,reqIdx=0,hash=7979420c...
info|2019-11-12 18:43:17.553955|[g:1][CONSENSUS][PBFT]checkTimeout Succ,view=76,toView=77,nodeIdx=2,changeCycle=0,myNode=7977f137...,timecost=0.193
info|2019-11-12 18:43:17.559414|[g:1][CONSENSUS][PBFT]checkAndChangeView: Reach consensus,org_view=76,org_changeCycle=0,cur_changeCycle=0,to_view=77
info|2019-11-12 18:43:18.560764|[g:1][CONSENSUS]addRawPrepare,height=9,reqIdx=1,hash=22be3ae0...
info|2019-11-12 18:43:18.561023|[g:1][CONSENSUS][PBFT]checkTimeout Succ,view=77,toView=78,nodeIdx=2,changeCycle=0,myNode=7977f137...,timecost=0.187
info|2019-11-12 18:43:18.566621|[g:1][CONSENSUS][PBFT]checkAndChangeView: Reach consensus,org_view=77,org_changeCycle=0,cur_changeCycle=0,to_view=78
info|2019-11-12 18:43:19.567985|[g:1][CONSENSUS][SEALER]++++++++++++++++ Generating seal on,blkNum=9,tx=0,nodeIdx=2,hash=44219bf1...
info|2019-11-12 18:43:19.571409|[g:1][CONSENSUS][PBFT]checkTimeout Succ,view=78,toView=79,nodeIdx=2,changeCycle=0,myNode=7977f137...,timecost=0.202
info|2019-11-12 18:43:19.572004|[g:1][CONSENSUS][PBFT]checkAndChangeView: Reach consensus,org_view=78,org_changeCycle=0,cur_changeCycle=0,to_view=79
info|2019-11-12 18:43:19.893509|[P2P][Service] heartBeat,connected count=4
info|2019-11-12 18:43:20.139151|[NETWORK][Session]Received topic: [2	_block_notify_1] from 6f9974710b9ea562ecc6a6823039b05e159d8669f228efa0c8b8234f08c2b75fb97eecdae4ef16bc99800bdfa03ed03d619629887e9c1c8b46ad79f5d38c4991
warning|2019-11-12 18:43:20.274094|[SYNC][id:7977f137...][Status]Peer data not found,nodeId=6e4f3ba3...
info|2019-11-12 18:43:20.577442|[g:1][CONSENSUS]addRawPrepare,height=9,reqIdx=3,hash=0b6ab0ea...
info|2019-11-12 18:43:20.577696|[g:1][CONSENSUS][PBFT]checkTimeout Succ,view=79,toView=80,nodeIdx=2,changeCycle=0,myNode=7977f137...,timecost=0.182
info|2019-11-12 18:43:20.580894|[g:1][CONSENSUS][PBFT]checkAndChangeView: Reach consensus,org_view=79,org_changeCycle=0,cur_changeCycle=0,to_view=80
info|2019-11-12 18:43:21.585543|[g:1][CONSENSUS]addRawPrepare,height=9,reqIdx=0,hash=ad5a8215...
info|2019-11-12 18:43:21.585831|[g:1][CONSENSUS][PBFT]checkTimeout Succ,view=80,toView=81,nodeIdx=2,changeCycle=0,myNode=7977f137...,timecost=0.205
info|2019-11-12 18:43:21.589857|[g:1][CONSENSUS][PBFT]checkAndChangeView: Reach consensus,org_view=80,org_changeCycle=0,cur_changeCycle=0,to_view=81
info|2019-11-12 18:43:22.592632|[g:1][CONSENSUS]addRawPrepare,height=9,reqIdx=1,hash=363c27f5...
info|2019-11-12 18:43:22.592933|[g:1][CONSENSUS][PBFT]checkTimeout Succ,view=81,toView=82,nodeIdx=2,changeCycle=0,myNode=7977f137...,timecost=0.23
info|2019-11-12 18:43:22.593512|[g:1][CONSENSUS][PBFT]checkAndChangeView: Reach consensus,org_view=81,org_changeCycle=0,cur_changeCycle=0,to_view=82
info|2019-11-12 18:43:23.593220|[g:1][CONSENSUS][SEALER]++++++++++++++++ Generating seal on,blkNum=9,tx=0,nodeIdx=2,hash=ed83c1c2...
info|2019-11-12 18:43:23.594183|[g:1][CONSENSUS][PBFT]checkTimeout Succ,view=82,toView=83,nodeIdx=2,changeCycle=0,myNode=7977f137...,timecost=0.249
info|2019-11-12 18:43:23.597800|[g:1][CONSENSUS][PBFT]checkAndChangeView: Reach consensus,org_view=82,org_changeCycle=0,cur_changeCycle=0,to_view=83
info|2019-11-12 18:43:24.600664|[g:1][CONSENSUS]addRawPrepare,height=9,reqIdx=3,hash=e3c8ae1d...
info|2019-11-12 18:43:24.600945|[g:1][CONSENSUS][PBFT]checkTimeout Succ,view=83,toView=84,nodeIdx=2,changeCycle=0,myNode=7977f137...,timecost=0.215
info|2019-11-12 18:43:24.603541|[g:1][CONSENSUS][PBFT]checkAndChangeView: Reach consensus,org_view=83,org_changeCycle=0,cur_changeCycle=0,to_view=84
warning|2019-11-12 18:43:25.292271|[SYNC][id:7977f137...][Status]Peer data not found,nodeId=6e4f3ba3...
info|2019-11-12 18:43:25.611910|[g:1][CONSENSUS]addRawPrepare,height=9,reqIdx=0,hash=a6529f90...
info|2019-11-12 18:43:25.612114|[g:1][CONSENSUS][PBFT]checkTimeout Succ,view=84,toView=85,nodeIdx=2,changeCycle=0,myNode=7977f137...,timecost=0.183
info|2019-11-12 18:43:25.612414|[g:1][CONSENSUS][PBFT]checkAndChangeView: Reach consensus,org_view=84,org_changeCycle=0,cur_changeCycle=0,to_view=85
info|2019-11-12 18:43:26.615372|[g:1][CONSENSUS]addRawPrepare,height=9,reqIdx=1,hash=291207bc...
info|2019-11-12 18:43:26.615682|[g:1][CONSENSUS][PBFT]checkTimeout Succ,view=85,toView=86,nodeIdx=2,changeCycle=0,myNode=7977f137...,timecost=0.238
info|2019-11-12 18:43:26.619191|[g:1][CONSENSUS][PBFT]checkAndChangeView: Reach consensus,org_view=85,org_changeCycle=0,cur_changeCycle=0,to_view=86
info|2019-11-12 18:43:27.619799|[g:1][CONSENSUS][SEALER]++++++++++++++++ Generating seal on,blkNum=9,tx=0,nodeIdx=2,hash=e9d45e2e...
info|2019-11-12 18:43:27.626258|[g:1][CONSENSUS][PBFT]checkTimeout Succ,view=86,toView=87,nodeIdx=2,changeCycle=0,myNode=7977f137...,timecost=0.23
info|2019-11-12 18:43:27.627202|[g:1][CONSENSUS][PBFT]checkAndChangeView: Reach consensus,org_view=86,org_changeCycle=0,cur_changeCycle=0,to_view=87
info|2019-11-12 18:43:28.625890|[g:1][CONSENSUS]addRawPrepare,height=9,reqIdx=3,hash=83ecb48b...
info|2019-11-12 18:43:28.626114|[g:1][CONSENSUS][PBFT]checkTimeout Succ,view=87,toView=88,nodeIdx=2,changeCycle=0,myNode=7977f137...,timecost=0.199
info|2019-11-12 18:43:28.628517|[g:1][CONSENSUS][PBFT]checkAndChangeView: Reach consensus,org_view=87,org_changeCycle=0,cur_changeCycle=0,to_view=88
info|2019-11-12 18:43:29.632914|[g:1][CONSENSUS]addRawPrepare,height=9,reqIdx=0,hash=970ecf6a...
info|2019-11-12 18:43:29.633163|[g:1][CONSENSUS][PBFT]checkTimeout Succ,view=88,toView=89,nodeIdx=2,changeCycle=0,myNode=7977f137...,timecost=0.223
info|2019-11-12 18:43:29.634478|[g:1][CONSENSUS][PBFT]checkAndChangeView: Reach consensus,org_view=88,org_changeCycle=0,cur_changeCycle=0,to_view=89
info|2019-11-12 18:43:29.894502|[P2P][Service] heartBeat,connected count=4
warning|2019-11-12 18:43:30.300326|[SYNC][id:7977f137...][Status]Peer data not found,nodeId=6e4f3ba3...
info|2019-11-12 18:43:30.636507|[g:1][CONSENSUS]addRawPrepare,height=9,reqIdx=1,hash=f6ad3602...
info|2019-11-12 18:43:30.636824|[g:1][CONSENSUS][PBFT]checkTimeout Succ,view=89,toView=90,nodeIdx=2,changeCycle=0,myNode=7977f137...,timecost=0.246
info|2019-11-12 18:43:30.640879|[g:1][CONSENSUS][PBFT]checkAndChangeView: Reach consensus,org_view=89,org_changeCycle=0,cur_changeCycle=0,to_view=90
info|2019-11-12 18:43:31.641132|[g:1][CONSENSUS][SEALER]++++++++++++++++ Generating seal on,blkNum=9,tx=0,nodeIdx=2,hash=4ecc6ecc...
info|2019-11-12 18:43:31.647471|[g:1][CONSENSUS][PBFT]checkTimeout Succ,view=90,toView=91,nodeIdx=2,changeCycle=0,myNode=7977f137...,timecost=0.216
info|2019-11-12 18:43:31.648446|[g:1][CONSENSUS][PBFT]checkAndChangeView: Reach consensus,org_view=90,org_changeCycle=0,cur_changeCycle=0,to_view=91
info|2019-11-12 18:43:32.648989|[g:1][CONSENSUS]addRawPrepare,height=9,reqIdx=3,hash=88b330c8...
info|2019-11-12 18:43:32.649266|[g:1][CONSENSUS][PBFT]checkTimeout Succ,view=91,toView=92,nodeIdx=2,changeCycle=0,myNode=7977f137...,timecost=0.253
info|2019-11-12 18:43:32.652378|[g:1][CONSENSUS][PBFT]checkAndChangeView: Reach consensus,org_view=91,org_changeCycle=0,cur_changeCycle=0,to_view=92
info|2019-11-12 18:43:33.656147|[g:1][CONSENSUS]addRawPrepare,height=9,reqIdx=0,hash=7307a60f...
info|2019-11-12 18:43:33.656368|[g:1][CONSENSUS][PBFT]checkTimeout Succ,view=92,toView=93,nodeIdx=2,changeCycle=0,myNode=7977f137...,timecost=0.2
info|2019-11-12 18:43:33.658100|[g:1][CONSENSUS][PBFT]checkAndChangeView: Reach consensus,org_view=92,org_changeCycle=0,cur_changeCycle=0,to_view=93
info|2019-11-12 18:43:34.660144|[g:1][CONSENSUS]addRawPrepare,height=9,reqIdx=1,hash=fbd3cd87...
info|2019-11-12 18:43:34.660405|[g:1][CONSENSUS][PBFT]checkTimeout Succ,view=93,toView=94,nodeIdx=2,changeCycle=0,myNode=7977f137...,timecost=0.189
info|2019-11-12 18:43:34.663852|[g:1][CONSENSUS][PBFT]checkAndChangeView: Reach consensus,org_view=93,org_changeCycle=0,cur_changeCycle=0,to_view=94
warning|2019-11-12 18:43:35.307024|[SYNC][id:7977f137...][Status]Peer data not found,nodeId=6e4f3ba3...
info|2019-11-12 18:43:35.665118|[g:1][CONSENSUS][SEALER]++++++++++++++++ Generating seal on,blkNum=9,tx=0,nodeIdx=2,hash=11c03f15...
info|2019-11-12 18:43:35.672068|[g:1][CONSENSUS][PBFT]checkTimeout Succ,view=94,toView=95,nodeIdx=2,changeCycle=0,myNode=7977f137...,timecost=0.204
info|2019-11-12 18:43:35.672929|[g:1][CONSENSUS][PBFT]checkAndChangeView: Reach consensus,org_view=94,org_changeCycle=0,cur_changeCycle=0,to_view=95
info|2019-11-12 18:43:36.670878|[g:1][CONSENSUS]addRawPrepare,height=9,reqIdx=3,hash=0f5dc3bf...
info|2019-11-12 18:43:36.671135|[g:1][CONSENSUS][PBFT]checkTimeout Succ,view=95,toView=96,nodeIdx=2,changeCycle=0,myNode=7977f137...,timecost=0.234
info|2019-11-12 18:43:36.674011|[g:1][CONSENSUS][PBFT]checkAndChangeView: Reach consensus,org_view=95,org_changeCycle=0,cur_changeCycle=0,to_view=96
info|2019-11-12 18:43:37.677681|[g:1][CONSENSUS]addRawPrepare,height=9,reqIdx=0,hash=19585ca7...
info|2019-11-12 18:43:37.677901|[g:1][CONSENSUS][PBFT]checkTimeout Succ,view=96,toView=97,nodeIdx=2,changeCycle=0,myNode=7977f137...,timecost=0.193
info|2019-11-12 18:43:37.679922|[g:1][CONSENSUS][PBFT]checkAndChangeView: Reach consensus,org_view=96,org_changeCycle=0,cur_changeCycle=0,to_view=97
info|2019-11-12 18:43:38.680073|[g:1][CONSENSUS]addRawPrepare,height=9,reqIdx=1,hash=b658ef3b...
info|2019-11-12 18:43:38.680378|[g:1][CONSENSUS][PBFT]checkTimeout Succ,view=97,toView=98,nodeIdx=2,changeCycle=0,myNode=7977f137...,timecost=0.199
info|2019-11-12 18:43:38.683703|[g:1][CONSENSUS][PBFT]checkAndChangeView: Reach consensus,org_view=97,org_changeCycle=0,cur_changeCycle=0,to_view=98
info|2019-11-12 18:43:39.685302|[g:1][CONSENSUS][SEALER]++++++++++++++++ Generating seal on,blkNum=9,tx=0,nodeIdx=2,hash=3feb3f97...
info|2019-11-12 18:43:39.696081|[g:1][CONSENSUS][PBFT]checkTimeout Succ,view=98,toView=99,nodeIdx=2,changeCycle=0,myNode=7977f137...,timecost=0.242
info|2019-11-12 18:43:39.697195|[g:1][CONSENSUS][PBFT]checkAndChangeView: Reach consensus,org_view=98,org_changeCycle=0,cur_changeCycle=0,to_view=99
info|2019-11-12 18:43:39.895255|[P2P][Service] heartBeat,connected count=4
warning|2019-11-12 18:43:40.313389|[SYNC][id:7977f137...][Status]Peer data not found,nodeId=6e4f3ba3...
info|2019-11-12 18:43:40.697450|[g:1][CONSENSUS]addRawPrepare,height=9,reqIdx=3,hash=cc4c748c...
info|2019-11-12 18:43:40.697667|[g:1][CONSENSUS][PBFT]checkTimeout Succ,view=99,toView=100,nodeIdx=2,changeCycle=0,myNode=7977f137...,timecost=0.192
info|2019-11-12 18:43:40.697973|[g:1][CONSENSUS][PBFT]checkAndChangeView: Reach consensus,org_view=99,org_changeCycle=0,cur_changeCycle=0,to_view=100
info|2019-11-12 18:43:41.702765|[g:1][CONSENSUS]addRawPrepare,height=9,reqIdx=0,hash=67a0908c...
info|2019-11-12 18:43:41.702968|[g:1][CONSENSUS][PBFT]checkTimeout Succ,view=100,toView=101,nodeIdx=2,changeCycle=0,myNode=7977f137...,timecost=0.182
info|2019-11-12 18:43:41.704531|[g:1][CONSENSUS][PBFT]checkAndChangeView: Reach consensus,org_view=100,org_changeCycle=0,cur_changeCycle=0,to_view=101
info|2019-11-12 18:43:42.705798|[g:1][CONSENSUS]addRawPrepare,height=9,reqIdx=1,hash=54b0b922...
info|2019-11-12 18:43:42.706066|[g:1][CONSENSUS][PBFT]checkTimeout Succ,view=101,toView=102,nodeIdx=2,changeCycle=0,myNode=7977f137...,timecost=0.196
info|2019-11-12 18:43:42.710650|[g:1][CONSENSUS][PBFT]checkAndChangeView: Reach consensus,org_view=101,org_changeCycle=0,cur_changeCycle=0,to_view=102
info|2019-11-12 18:43:43.710217|[g:1][CONSENSUS][SEALER]++++++++++++++++ Generating seal on,blkNum=9,tx=0,nodeIdx=2,hash=f913209b...
info|2019-11-12 18:43:43.716463|[g:1][CONSENSUS][PBFT]checkTimeout Succ,view=102,toView=103,nodeIdx=2,changeCycle=0,myNode=7977f137...,timecost=0.224
info|2019-11-12 18:43:43.717382|[g:1][CONSENSUS][PBFT]checkAndChangeView: Reach consensus,org_view=102,org_changeCycle=0,cur_changeCycle=0,to_view=103
info|2019-11-12 18:43:44.717838|[g:1][CONSENSUS]addRawPrepare,height=9,reqIdx=3,hash=399a8ad7...
info|2019-11-12 18:43:44.718081|[g:1][CONSENSUS][PBFT]checkTimeout Succ,view=103,toView=104,nodeIdx=2,changeCycle=0,myNode=7977f137...,timecost=0.22
info|2019-11-12 18:43:44.721147|[g:1][CONSENSUS][PBFT]checkAndChangeView: Reach consensus,org_view=103,org_changeCycle=0,cur_changeCycle=0,to_view=104
warning|2019-11-12 18:43:45.321481|[SYNC][id:7977f137...][Status]Peer data not found,nodeId=6e4f3ba3...
info|2019-11-12 18:43:45.723650|[g:1][CONSENSUS]addRawPrepare,height=9,reqIdx=0,hash=b275c9c6...
info|2019-11-12 18:43:45.723873|[g:1][CONSENSUS][PBFT]checkTimeout Succ,view=104,toView=105,nodeIdx=2,changeCycle=0,myNode=7977f137...,timecost=0.198
info|2019-11-12 18:43:45.726564|[g:1][CONSENSUS][PBFT]checkAndChangeView: Reach consensus,org_view=104,org_changeCycle=0,cur_changeCycle=0,to_view=105
info|2019-11-12 18:43:46.728148|[g:1][CONSENSUS]addRawPrepare,height=9,reqIdx=1,hash=6b7c07f3...
info|2019-11-12 18:43:46.728432|[g:1][CONSENSUS][PBFT]checkTimeout Succ,view=105,toView=106,nodeIdx=2,changeCycle=0,myNode=7977f137...,timecost=0.209
info|2019-11-12 18:43:46.731622|[g:1][CONSENSUS][PBFT]checkAndChangeView: Reach consensus,org_view=105,org_changeCycle=0,cur_changeCycle=0,to_view=106
info|2019-11-12 18:43:47.732914|[g:1][CONSENSUS][SEALER]++++++++++++++++ Generating seal on,blkNum=9,tx=0,nodeIdx=2,hash=cf7119b0...
info|2019-11-12 18:43:47.739180|[g:1][CONSENSUS][PBFT]checkTimeout Succ,view=106,toView=107,nodeIdx=2,changeCycle=0,myNode=7977f137...,timecost=0.194
info|2019-11-12 18:43:47.740044|[g:1][CONSENSUS][PBFT]checkAndChangeView: Reach consensus,org_view=106,org_changeCycle=0,cur_changeCycle=0,to_view=107
info|2019-11-12 18:43:48.741354|[g:1][CONSENSUS]addRawPrepare,height=9,reqIdx=3,hash=371cbd58...
info|2019-11-12 18:43:48.741575|[g:1][CONSENSUS][PBFT]checkTimeout Succ,view=107,toView=108,nodeIdx=2,changeCycle=0,myNode=7977f137...,timecost=0.194
info|2019-11-12 18:43:48.742641|[g:1][CONSENSUS][PBFT]checkAndChangeView: Reach consensus,org_view=107,org_changeCycle=0,cur_changeCycle=0,to_view=108
info|2019-11-12 18:43:49.746349|[g:1][CONSENSUS]addRawPrepare,height=9,reqIdx=0,hash=122d5c7f...
info|2019-11-12 18:43:49.746561|[g:1][CONSENSUS][PBFT]checkTimeout Succ,view=108,toView=109,nodeIdx=2,changeCycle=0,myNode=7977f137...,timecost=0.187
info|2019-11-12 18:43:49.749021|[g:1][CONSENSUS][PBFT]checkAndChangeView: Reach consensus,org_view=108,org_changeCycle=0,cur_changeCycle=0,to_view=109
info|2019-11-12 18:43:49.895474|[P2P][Service] heartBeat,connected count=4
warning|2019-11-12 18:43:50.329426|[SYNC][id:7977f137...][Status]Peer data not found,nodeId=6e4f3ba3...
info|2019-11-12 18:43:50.751015|[g:1][CONSENSUS]addRawPrepare,height=9,reqIdx=1,hash=c4c1b4f6...
info|2019-11-12 18:43:50.751388|[g:1][CONSENSUS][PBFT]checkTimeout Succ,view=109,toView=110,nodeIdx=2,changeCycle=0,myNode=7977f137...,timecost=0.253
info|2019-11-12 18:43:50.756574|[g:1][CONSENSUS][PBFT]checkAndChangeView: Reach consensus,org_view=109,org_changeCycle=0,cur_changeCycle=0,to_view=110
info|2019-11-12 18:43:51.758654|[g:1][CONSENSUS][SEALER]++++++++++++++++ Generating seal on,blkNum=9,tx=0,nodeIdx=2,hash=aa785681...
info|2019-11-12 18:43:51.767344|[g:1][CONSENSUS][PBFT]checkTimeout Succ,view=110,toView=111,nodeIdx=2,changeCycle=0,myNode=7977f137...,timecost=0.243
info|2019-11-12 18:43:51.771071|[g:1][CONSENSUS][PBFT]checkAndChangeView: Reach consensus,org_view=110,org_changeCycle=0,cur_changeCycle=0,to_view=111
info|2019-11-12 18:43:52.768432|[g:1][CONSENSUS]addRawPrepare,height=9,reqIdx=3,hash=01689503...
info|2019-11-12 18:43:52.768725|[g:1][CONSENSUS][PBFT]checkTimeout Succ,view=111,toView=112,nodeIdx=2,changeCycle=0,myNode=7977f137...,timecost=0.186
info|2019-11-12 18:43:52.773384|[g:1][CONSENSUS][PBFT]checkAndChangeView: Reach consensus,org_view=111,org_changeCycle=0,cur_changeCycle=0,to_view=112
info|2019-11-12 18:43:53.776924|[g:1][CONSENSUS]addRawPrepare,height=9,reqIdx=0,hash=406112e6...
info|2019-11-12 18:43:53.777179|[g:1][CONSENSUS][PBFT]checkTimeout Succ,view=112,toView=113,nodeIdx=2,changeCycle=0,myNode=7977f137...,timecost=0.223
info|2019-11-12 18:43:53.783638|[g:1][CONSENSUS][PBFT]checkAndChangeView: Reach consensus,org_view=112,org_changeCycle=0,cur_changeCycle=0,to_view=113
info|2019-11-12 18:43:54.785537|[g:1][CONSENSUS]addRawPrepare,height=9,reqIdx=1,hash=ce71e260...
info|2019-11-12 18:43:54.785836|[g:1][CONSENSUS][PBFT]checkTimeout Succ,view=113,toView=114,nodeIdx=2,changeCycle=0,myNode=7977f137...,timecost=0.196
info|2019-11-12 18:43:54.789772|[g:1][CONSENSUS][PBFT]checkAndChangeView: Reach consensus,org_view=113,org_changeCycle=0,cur_changeCycle=0,to_view=114
warning|2019-11-12 18:43:55.349105|[SYNC][id:7977f137...][Status]Peer data not found,nodeId=6e4f3ba3...
info|2019-11-12 18:43:55.790833|[g:1][CONSENSUS][SEALER]++++++++++++++++ Generating seal on,blkNum=9,tx=0,nodeIdx=2,hash=2349c017...
info|2019-11-12 18:43:55.797559|[g:1][CONSENSUS][PBFT]checkTimeout Succ,view=114,toView=115,nodeIdx=2,changeCycle=0,myNode=7977f137...,timecost=0.2
info|2019-11-12 18:43:55.798416|[g:1][CONSENSUS][PBFT]checkAndChangeView: Reach consensus,org_view=114,org_changeCycle=0,cur_changeCycle=0,to_view=115
info|2019-11-12 18:43:56.798550|[g:1][CONSENSUS]addRawPrepare,height=9,reqIdx=3,hash=c0734d8d...
info|2019-11-12 18:43:56.798767|[g:1][CONSENSUS][PBFT]checkTimeout Succ,view=115,toView=116,nodeIdx=2,changeCycle=0,myNode=7977f137...,timecost=0.194
info|2019-11-12 18:43:56.799877|[g:1][CONSENSUS][PBFT]checkAndChangeView: Reach consensus,org_view=115,org_changeCycle=0,cur_changeCycle=0,to_view=116
info|2019-11-12 18:43:57.805113|[g:1][CONSENSUS]addRawPrepare,height=9,reqIdx=0,hash=5bfe0704...
info|2019-11-12 18:43:57.805335|[g:1][CONSENSUS][PBFT]checkTimeout Succ,view=116,toView=117,nodeIdx=2,changeCycle=0,myNode=7977f137...,timecost=0.196
info|2019-11-12 18:43:57.807060|[g:1][CONSENSUS][PBFT]checkAndChangeView: Reach consensus,org_view=116,org_changeCycle=0,cur_changeCycle=0,to_view=117
info|2019-11-12 18:43:58.809667|[g:1][CONSENSUS]addRawPrepare,height=9,reqIdx=1,hash=e2e7b1e9...
info|2019-11-12 18:43:58.814395|[g:1][CONSENSUS][PBFT]checkTimeout Succ,view=117,toView=118,nodeIdx=2,changeCycle=0,myNode=7977f137...,timecost=4.538
info|2019-11-12 18:43:58.819173|[g:1][CONSENSUS][PBFT]checkAndChangeView: Reach consensus,org_view=117,org_changeCycle=0,cur_changeCycle=0,to_view=118
info|2019-11-12 18:43:59.821169|[g:1][CONSENSUS][SEALER]++++++++++++++++ Generating seal on,blkNum=9,tx=0,nodeIdx=2,hash=574582cc...
info|2019-11-12 18:43:59.827713|[g:1][CONSENSUS][PBFT]checkTimeout Succ,view=118,toView=119,nodeIdx=2,changeCycle=0,myNode=7977f137...,timecost=0.24
info|2019-11-12 18:43:59.828614|[g:1][CONSENSUS][PBFT]checkAndChangeView: Reach consensus,org_view=118,org_changeCycle=0,cur_changeCycle=0,to_view=119
info|2019-11-12 18:43:59.895629|[P2P][Service] heartBeat,connected count=4
warning|2019-11-12 18:44:00.362967|[SYNC][id:7977f137...][Status]Peer data not found,nodeId=6e4f3ba3...
info|2019-11-12 18:44:00.829239|[g:1][CONSENSUS]addRawPrepare,height=9,reqIdx=3,hash=a796e242...
info|2019-11-12 18:44:00.829456|[g:1][CONSENSUS][PBFT]checkTimeout Succ,view=119,toView=120,nodeIdx=2,changeCycle=0,myNode=7977f137...,timecost=0.195
info|2019-11-12 18:44:00.832086|[g:1][CONSENSUS][PBFT]checkAndChangeView: Reach consensus,org_view=119,org_changeCycle=0,cur_changeCycle=0,to_view=120
info|2019-11-12 18:44:01.837097|[g:1][CONSENSUS]addRawPrepare,height=9,reqIdx=0,hash=6ec3176f...
info|2019-11-12 18:44:01.837368|[g:1][CONSENSUS][PBFT]checkTimeout Succ,view=120,toView=121,nodeIdx=2,changeCycle=0,myNode=7977f137...,timecost=0.237
info|2019-11-12 18:44:01.837667|[g:1][CONSENSUS][PBFT]checkAndChangeView: Reach consensus,org_view=120,org_changeCycle=0,cur_changeCycle=0,to_view=121
info|2019-11-12 18:44:02.845649|[g:1][CONSENSUS]addRawPrepare,height=9,reqIdx=1,hash=b77806a1...
info|2019-11-12 18:44:02.853653|[g:1][CONSENSUS][PBFT]checkTimeout Succ,view=121,toView=122,nodeIdx=2,changeCycle=0,myNode=7977f137...,timecost=2.297
info|2019-11-12 18:44:02.855008|[g:1][CONSENSUS][PBFT]checkAndChangeView: Reach consensus,org_view=121,org_changeCycle=0,cur_changeCycle=0,to_view=122
info|2019-11-12 18:44:03.856370|[g:1][CONSENSUS][SEALER]++++++++++++++++ Generating seal on,blkNum=9,tx=0,nodeIdx=2,hash=d6b2561e...
info|2019-11-12 18:44:03.863659|[g:1][CONSENSUS][PBFT]checkTimeout Succ,view=122,toView=123,nodeIdx=2,changeCycle=0,myNode=7977f137...,timecost=0.21
info|2019-11-12 18:44:03.864738|[g:1][CONSENSUS][PBFT]checkAndChangeView: Reach consensus,org_view=122,org_changeCycle=0,cur_changeCycle=0,to_view=123
info|2019-11-12 18:44:04.865389|[g:1][CONSENSUS]addRawPrepare,height=9,reqIdx=3,hash=e46b383e...
info|2019-11-12 18:44:04.865646|[g:1][CONSENSUS][PBFT]checkTimeout Succ,view=123,toView=124,nodeIdx=2,changeCycle=0,myNode=7977f137...,timecost=0.235
info|2019-11-12 18:44:04.868804|[g:1][CONSENSUS][PBFT]checkAndChangeView: Reach consensus,org_view=123,org_changeCycle=0,cur_changeCycle=0,to_view=124
warning|2019-11-12 18:44:05.371172|[SYNC][id:7977f137...][Status]Peer data not found,nodeId=6e4f3ba3...
info|2019-11-12 18:44:05.872184|[g:1][CONSENSUS]addRawPrepare,height=9,reqIdx=0,hash=8b001235...
info|2019-11-12 18:44:05.872410|[g:1][CONSENSUS][PBFT]checkTimeout Succ,view=124,toView=125,nodeIdx=2,changeCycle=0,myNode=7977f137...,timecost=0.2
info|2019-11-12 18:44:05.875457|[g:1][CONSENSUS][PBFT]checkAndChangeView: Reach consensus,org_view=124,org_changeCycle=0,cur_changeCycle=0,to_view=125
info|2019-11-12 18:44:06.877402|[g:1][CONSENSUS]addRawPrepare,height=9,reqIdx=1,hash=3a2a4a91...
info|2019-11-12 18:44:06.878018|[g:1][CONSENSUS][PBFT]checkTimeout Succ,view=125,toView=126,nodeIdx=2,changeCycle=0,myNode=7977f137...,timecost=0.47
info|2019-11-12 18:44:06.885437|[g:1][CONSENSUS][PBFT]checkAndChangeView: Reach consensus,org_view=125,org_changeCycle=0,cur_changeCycle=0,to_view=126
info|2019-11-12 18:44:07.888711|[g:1][CONSENSUS][SEALER]++++++++++++++++ Generating seal on,blkNum=9,tx=0,nodeIdx=2,hash=a0ec3ad6...
info|2019-11-12 18:44:07.894666|[g:1][CONSENSUS][PBFT]checkTimeout Succ,view=126,toView=127,nodeIdx=2,changeCycle=0,myNode=7977f137...,timecost=0.195
info|2019-11-12 18:44:07.895663|[g:1][CONSENSUS][PBFT]checkAndChangeView: Reach consensus,org_view=126,org_changeCycle=0,cur_changeCycle=0,to_view=127
info|2019-11-12 18:44:08.897614|[g:1][CONSENSUS]addRawPrepare,height=9,reqIdx=3,hash=3652ab1d...
info|2019-11-12 18:44:08.897832|[g:1][CONSENSUS][PBFT]checkTimeout Succ,view=127,toView=128,nodeIdx=2,changeCycle=0,myNode=7977f137...,timecost=0.196
info|2019-11-12 18:44:08.898944|[g:1][CONSENSUS][PBFT]checkAndChangeView: Reach consensus,org_view=127,org_changeCycle=0,cur_changeCycle=0,to_view=128
info|2019-11-12 18:44:09.896594|[P2P][Service] heartBeat,connected count=4
info|2019-11-12 18:44:09.903393|[g:1][CONSENSUS]addRawPrepare,height=9,reqIdx=0,hash=2317d05c...
info|2019-11-12 18:44:09.905934|[g:1][CONSENSUS][PBFT]checkTimeout Succ,view=128,toView=129,nodeIdx=2,changeCycle=0,myNode=7977f137...,timecost=2.475
info|2019-11-12 18:44:09.906527|[g:1][CONSENSUS][PBFT]checkAndChangeView: Reach consensus,org_view=128,org_changeCycle=0,cur_changeCycle=0,to_view=129
info|2019-11-12 18:44:10.167882|[LEDGER]stop sealer,groupID=1
info|2019-11-12 18:44:10.167893|[CONSENSUS][SEALER]Stop sealer module...
info|2019-11-12 18:44:10.171142|[CONSENSUS][ConsensusEngine][Stop ConsensusEngineBase]
info|2019-11-12 18:44:10.171715|[CONSENSUS][ConsensusEngine]ConsensusEngineBase stopped
info|2019-11-12 18:44:10.171726|[LEDGER]sealer stopped. stop sync,groupID=1
info|2019-11-12 18:44:10.307210|[SYNC][id:7977f137...]SyncMaster stopped
info|2019-11-12 18:44:10.307251|[LEDGER]ledger stopped,groupID=1
info|2019-11-12 18:44:10.366096|[EVENT][EventLogFilterManager]stop
info|2019-11-12 18:44:10.366106|[LEDGER]event filter manager stopped,groupID=1
info|2019-11-12 18:44:10.366112|[INITIALIZER]ledgerInitializer stopped
info|2019-11-12 18:44:11.367254|[INITIALIZER]ChannelRPCHttpServer deleted.
info|2019-11-12 18:44:11.367504|[INITIALIZER]JsonrpcHttpServer deleted.
info|2019-11-12 18:44:11.367512|[INITIALIZER]RPCInitializer stopped
info|2019-11-12 18:44:11.367537|[NETWORK][Host]Host exit
info|2019-11-12 18:44:11.368478|[INITIALIZER]P2PInitializer stopped
info|2019-11-12 18:44:11.368490|[LEDGER]stop sealer,groupID=1
info|2019-11-12 18:44:11.368496|[LEDGER]sealer stopped. stop sync,groupID=1
info|2019-11-12 18:44:11.368500|[SYNC][id:7977f137...]SyncMaster stopped
info|2019-11-12 18:44:11.368505|[LEDGER]ledger stopped,groupID=1
info|2019-11-12 18:44:11.368508|[LEDGER]event filter manager stopped,groupID=1
info|2019-11-12 18:44:11.368515|[STORAGE]Stopping flushStorage thread
info|2019-11-12 18:44:12.050830|[STORAGE]flushStorage thread stopped.
info|2019-11-12 18:44:12.050842|[DBINITIALIZER] storage stopped
info|2019-11-12 18:44:12.051375|[SYNC][id:7977f137...]SyncMaster stopped
