info|2019-12-12 20:57:13.832729|[INITIALIZER][initGlobalConfig],enableCompress=true,compatibilityVersion=2.1.0,versionNumber=33619968,chainId=1
info|2019-12-12 20:57:13.895965|[NETWORK][Host]Connecting to node,endpoint=127.0.0.1:30300
info|2019-12-12 20:57:13.896066|[NETWORK][Host]Connecting to node,endpoint=127.0.0.1:30301
info|2019-12-12 20:57:13.896110|[NETWORK][Host]Connecting to node,endpoint=127.0.0.1:30302
info|2019-12-12 20:57:13.896147|[NETWORK][Host]Connecting to node,endpoint=127.0.0.1:30303
info|2019-12-12 20:57:13.896182|[P2P][Service] heartBeat,connected count=0
info|2019-12-12 20:57:13.896655|[CHANNEL]ChannelRPCServer started
info|2019-12-12 20:57:13.898472|[INITIALIZER][RPCInitializer]ChannelRPCHttpServer started.
info|2019-12-12 20:57:13.902299|[NETWORK][Host]P2P StartAccept,Host=0.0.0.0:30302
info|2019-12-12 20:57:13.902447|[NETWORK][ASIO]asyncResolveConnect,endpoint=127.0.0.1:30300
info|2019-12-12 20:57:13.902507|[NETWORK][ASIO]asyncResolveConnect,endpoint=127.0.0.1:30301
info|2019-12-12 20:57:13.902548|[NETWORK][ASIO]asyncResolveConnect,endpoint=127.0.0.1:30302
info|2019-12-12 20:57:13.902589|[NETWORK][ASIO]asyncResolveConnect,endpoint=127.0.0.1:30303
warning|2019-12-12 20:57:13.902613|[NETWORK][Host]TCP Connection refused by node,endpoint=127.0.0.1:30300,message=Connection refused
info|2019-12-12 20:57:13.902811|[NETWORK][Host]P2P Recv Connect, From=127.0.0.1:45240
info|2019-12-12 20:57:13.902856|[NETWORK][Host]P2P StartAccept,Host=0.0.0.0:30302
warning|2019-12-12 20:57:13.910171|[P2P][Service] onConnect,errorCode=5,what=Connect failed
info|2019-12-12 20:57:13.910752|[LedgerInitializer],groupConfigPath=conf/
info|2019-12-12 20:57:13.910879|[INITIALIZER][initSingleLedger] [GroupId]:  1
info|2019-12-12 20:57:13.910905|[g:1][LEDGER]LedgerConstructor,configPath=conf/group.1.genesis,baseDir=data//group1
info|2019-12-12 20:57:13.910920|[g:1][LEDGER][initGenesisConfig]initConsensusConfig/initDBConfig/initTxConfig,configFile=conf/group.1.genesis
info|2019-12-12 20:57:13.910998|[g:1][LEDGER][initConsensusConfig],it.first=6f9974710b9ea562ecc6a6823039b05e159d8669f228efa0c8b8234f08c2b75fb97eecdae4ef16bc99800bdfa03ed03d619629887e9c1c8b46ad79f5d38c4991
info|2019-12-12 20:57:13.911025|[g:1][LEDGER][initConsensusConfig],it.first=3c841dae42d67ff6c383c1bb1de35a240c03722517cf3711eacd8c8d1b168ac146b4580f67399b4d7d2a36358faea19bc9d7875a3160147b3b9c3c9eb331f80c
info|2019-12-12 20:57:13.911048|[g:1][LEDGER][initConsensusConfig],it.first=7977f13736cfe14481107f9daa8a957d5156ba4f001285ee5d658512a97bedebf72a47213feba7cce05ecd2639f2426ad79a3abd436fe58d3eab1d37c47da13c
info|2019-12-12 20:57:13.911071|[g:1][LEDGER][initConsensusConfig],it.first=9303553ad8ac45cce2b6dfa1efc53e16bad3db119e47da65b9656ed9be68073f3a68780aaf85b2d1545a93db9d541276a33bdd6f3bef1baab3c8c44880e1837a
info|2019-12-12 20:57:13.911145|[g:1][LEDGER][initIniConfig]initTxPoolConfig/initSyncConfig/initTxExecuteConfig,configFile=conf/group.1.ini
info|2019-12-12 20:57:13.911251|[g:1][LEDGER][initLedger][DBInitializer]
info|2019-12-12 20:57:13.911273|[g:1][DBINITIALIZER] [initRocksDBStorage]
info|2019-12-12 20:57:13.911306|[g:1][ROCKSDB]open rocksDB handler
info|2019-12-12 20:57:13.979436|[g:1][g:0][STORAGE][CachedStorage]Init flushStorage thread
info|2019-12-12 20:57:13.979953|[g:1][BLOCKCHAIN][#checkAndBuildGenesisBlock]Already have the 0th block, 0th groupMark is equal to file groupMark.
info|2019-12-12 20:57:13.982036|[g:1][CONSENSUS][PBFT]Register handler for PBFTEngine
info|2019-12-12 20:57:14.004569|[g:1][CONSENSUS][PBFT],minBlockGenerationTime=500
info|2019-12-12 20:57:14.004605|[LedgerInitializer init group succ],groupID=1
info|2019-12-12 20:57:14.010764|[INITIALIZER][RPCInitializer]JsonrpcHttpServer started.
info|2019-12-12 20:57:14.010796|[g:1][LEDGER]startAll...
info|2019-12-12 20:57:14.017281|[g:1][CONSENSUS][PBFT]^^^^^^^^Report,num=30,sealerIdx=2,hash=64f42bb3...,next=31,tx=1,nodeIdx=2
info|2019-12-12 20:57:14.024088|[g:1][CONSENSUS][PBFT][PBFT init env successfully]
info|2019-12-12 20:57:14.024115|[g:1][CONSENSUS][ConsensusEngine][Start ConsensusEngineBase]
info|2019-12-12 20:57:14.032418|[g:1][CONSENSUS][PBFT][Start PBFTEngine...]
info|2019-12-12 20:57:14.032497|[g:1][CONSENSUS][SEALER][Start sealer module]
info|2019-12-12 20:57:14.044710|[g:1][EVENT][EventLogFilterManager]start,m_maxBlockRange=0,m_maxBlockPerLoopFilter=3
info|2019-12-12 20:57:14.066090|[NETWORK][Host]P2P Recv Connect, From=127.0.0.1:45248
info|2019-12-12 20:57:14.066354|[NETWORK][Host]P2P StartAccept,Host=0.0.0.0:30302
info|2019-12-12 20:57:14.088170|[NETWORK][Host]P2P Recv Connect, From=127.0.0.1:45258
info|2019-12-12 20:57:14.088228|[NETWORK][Host]P2P StartAccept,Host=0.0.0.0:30302
info|2019-12-12 20:57:14.088630|[NETWORK][Host]startPeerSession, From=127.0.0.1:45240,nodeID=7977f137...
info|2019-12-12 20:57:14.088882|[NETWORK][Host]startPeerSession, From=127.0.0.1:30302,nodeID=7977f137...
info|2019-12-12 20:57:14.093461|[NETWORK][Host]P2P Recv Connect, From=127.0.0.1:45266
info|2019-12-12 20:57:14.095614|[NETWORK][Host]P2P StartAccept,Host=0.0.0.0:30302
info|2019-12-12 20:57:14.095828|[P2P][Service] Connection established,nodeID=3c841dae...,endpoint=127.0.0.1:30301
info|2019-12-12 20:57:14.095853|[NETWORK][Host]startPeerSession, From=127.0.0.1:30301,nodeID=3c841dae...
info|2019-12-12 20:57:14.107499|[P2P][Service] Connection established,nodeID=6e4f3ba3...,endpoint=127.0.0.1:45248
info|2019-12-12 20:57:14.109262|[NETWORK][Host]startPeerSession, From=127.0.0.1:45248,nodeID=6e4f3ba3...
info|2019-12-12 20:57:14.109323|[NETWORK][Host]P2P Recv Connect, From=127.0.0.1:45274
info|2019-12-12 20:57:14.109358|[NETWORK][Host]P2P StartAccept,Host=0.0.0.0:30302
info|2019-12-12 20:57:14.119203|[P2P][Service] Connection established,nodeID=9303553a...,endpoint=127.0.0.1:30303
info|2019-12-12 20:57:14.119246|[NETWORK][Host]startPeerSession, From=127.0.0.1:30303,nodeID=9303553a...
info|2019-12-12 20:57:14.136642|[NETWORK][Host]startPeerSession, From=127.0.0.1:45258,nodeID=3c841dae...
info|2019-12-12 20:57:14.136794|[P2P][Service] Connection established,nodeID=6f997471...,endpoint=127.0.0.1:45274
info|2019-12-12 20:57:14.136818|[NETWORK][Host]startPeerSession, From=127.0.0.1:45274,nodeID=6f997471...
info|2019-12-12 20:57:14.144493|[NETWORK][Host]startPeerSession, From=127.0.0.1:45266,nodeID=9303553a...
warning|2019-12-12 20:57:14.231420|[SYNC][id:7977f137...][Status]Peer data not found,nodeId=3c841dae...
warning|2019-12-12 20:57:14.245119|[SYNC][id:7977f137...][Status]Peer data not found,nodeId=6e4f3ba3...
info|2019-12-12 20:57:15.025097|[g:1][CONSENSUS][SEALER]++++++++++++++++ Generating seal on,blkNum=31,tx=0,nodeIdx=2,hash=9883ce74...
info|2019-12-12 20:57:15.030818|[g:1][CONSENSUS][PBFT]checkTimeout Succ,view=0,toView=1,nodeIdx=2,changeCycle=0,myNode=7977f137...,timecost=0.229
info|2019-12-12 20:57:15.031901|[g:1][CONSENSUS][PBFT]checkAndChangeView: Reach consensus,org_view=0,org_changeCycle=0,cur_changeCycle=0,to_view=1
info|2019-12-12 20:57:16.031194|[g:1][CONSENSUS]addRawPrepare,height=31,reqIdx=3,hash=6c0e8d98...
info|2019-12-12 20:57:16.031418|[g:1][CONSENSUS][PBFT]checkTimeout Succ,view=1,toView=2,nodeIdx=2,changeCycle=0,myNode=7977f137...,timecost=0.193
info|2019-12-12 20:57:16.033247|[g:1][CONSENSUS][PBFT]checkAndChangeView: Reach consensus,org_view=1,org_changeCycle=0,cur_changeCycle=0,to_view=2
info|2019-12-12 20:57:17.036951|[g:1][CONSENSUS]addRawPrepare,height=31,reqIdx=0,hash=b273a68b...
info|2019-12-12 20:57:17.037220|[g:1][CONSENSUS][PBFT]checkTimeout Succ,view=2,toView=3,nodeIdx=2,changeCycle=0,myNode=7977f137...,timecost=0.224
info|2019-12-12 20:57:17.039654|[g:1][CONSENSUS][PBFT]checkAndChangeView: Reach consensus,org_view=2,org_changeCycle=0,cur_changeCycle=0,to_view=3
info|2019-12-12 20:57:18.043802|[g:1][CONSENSUS]addRawPrepare,height=31,reqIdx=1,hash=583eb560...
info|2019-12-12 20:57:18.044159|[g:1][CONSENSUS][PBFT]checkTimeout Succ,view=3,toView=4,nodeIdx=2,changeCycle=0,myNode=7977f137...,timecost=0.316
info|2019-12-12 20:57:18.047197|[g:1][CONSENSUS][PBFT]checkAndChangeView: Reach consensus,org_view=3,org_changeCycle=0,cur_changeCycle=0,to_view=4
info|2019-12-12 20:57:19.047124|[g:1][CONSENSUS][SEALER]++++++++++++++++ Generating seal on,blkNum=31,tx=0,nodeIdx=2,hash=e691a6be...
warning|2019-12-12 20:57:19.053365|[SYNC][id:7977f137...][Status]Peer data not found,nodeId=6e4f3ba3...
info|2019-12-12 20:57:19.054184|[g:1][CONSENSUS][PBFT]checkTimeout Succ,view=4,toView=5,nodeIdx=2,changeCycle=0,myNode=7977f137...,timecost=0.198
info|2019-12-12 20:57:19.054914|[g:1][CONSENSUS][PBFT]checkAndChangeView: Reach consensus,org_view=4,org_changeCycle=0,cur_changeCycle=0,to_view=5
info|2019-12-12 20:57:20.098573|[g:1][CONSENSUS]addRawPrepare,height=31,reqIdx=3,hash=8bbda546...
info|2019-12-12 20:57:20.098799|[g:1][CONSENSUS][PBFT]checkTimeout Succ,view=5,toView=6,nodeIdx=2,changeCycle=0,myNode=7977f137...,timecost=0.203
info|2019-12-12 20:57:20.099076|[g:1][CONSENSUS][PBFT]checkAndChangeView: Reach consensus,org_view=5,org_changeCycle=0,cur_changeCycle=0,to_view=6
info|2019-12-12 20:57:21.102838|[g:1][CONSENSUS]addRawPrepare,height=31,reqIdx=0,hash=d72ca8ce...
info|2019-12-12 20:57:21.103098|[g:1][CONSENSUS][PBFT]checkTimeout Succ,view=6,toView=7,nodeIdx=2,changeCycle=0,myNode=7977f137...,timecost=0.181
info|2019-12-12 20:57:21.106530|[g:1][CONSENSUS][PBFT]checkAndChangeView: Reach consensus,org_view=6,org_changeCycle=0,cur_changeCycle=0,to_view=7
info|2019-12-12 20:57:22.111102|[g:1][CONSENSUS]addRawPrepare,height=31,reqIdx=1,hash=30e35ef8...
info|2019-12-12 20:57:22.111346|[g:1][CONSENSUS][PBFT]checkTimeout Succ,view=7,toView=8,nodeIdx=2,changeCycle=0,myNode=7977f137...,timecost=0.206
info|2019-12-12 20:57:22.114281|[g:1][CONSENSUS][PBFT]checkAndChangeView: Reach consensus,org_view=7,org_changeCycle=0,cur_changeCycle=0,to_view=8
info|2019-12-12 20:57:23.116145|[g:1][CONSENSUS][SEALER]++++++++++++++++ Generating seal on,blkNum=31,tx=0,nodeIdx=2,hash=02d3b76d...
info|2019-12-12 20:57:23.116792|[g:1][CONSENSUS][PBFT]checkTimeout Succ,view=8,toView=9,nodeIdx=2,changeCycle=0,myNode=7977f137...,timecost=0.234
info|2019-12-12 20:57:23.120244|[g:1][CONSENSUS][PBFT]checkAndChangeView: Reach consensus,org_view=8,org_changeCycle=0,cur_changeCycle=0,to_view=9
info|2019-12-12 20:57:23.896495|[NETWORK][Host]Connecting to node,endpoint=127.0.0.1:30300
info|2019-12-12 20:57:23.896565|[P2P][Service] heartBeat,connected count=4
info|2019-12-12 20:57:23.896688|[NETWORK][ASIO]asyncResolveConnect,endpoint=127.0.0.1:30300
info|2019-12-12 20:57:23.921433|[NETWORK][Host]startPeerSession, From=127.0.0.1:30300,nodeID=6f997471...
warning|2019-12-12 20:57:24.071401|[SYNC][id:7977f137...][Status]Peer data not found,nodeId=6e4f3ba3...
info|2019-12-12 20:57:24.124448|[g:1][CONSENSUS]addRawPrepare,height=31,reqIdx=3,hash=1d545508...
info|2019-12-12 20:57:24.124690|[g:1][CONSENSUS][PBFT]checkTimeout Succ,view=9,toView=10,nodeIdx=2,changeCycle=0,myNode=7977f137...,timecost=0.179
info|2019-12-12 20:57:24.126844|[g:1][CONSENSUS][PBFT]checkAndChangeView: Reach consensus,org_view=9,org_changeCycle=0,cur_changeCycle=0,to_view=10
info|2019-12-12 20:57:25.129756|[g:1][CONSENSUS]addRawPrepare,height=31,reqIdx=0,hash=285f5348...
info|2019-12-12 20:57:25.130003|[g:1][CONSENSUS][PBFT]checkTimeout Succ,view=10,toView=11,nodeIdx=2,changeCycle=0,myNode=7977f137...,timecost=0.183
info|2019-12-12 20:57:25.132424|[g:1][CONSENSUS][PBFT]checkAndChangeView: Reach consensus,org_view=10,org_changeCycle=0,cur_changeCycle=0,to_view=11
info|2019-12-12 20:57:26.137370|[g:1][CONSENSUS]addRawPrepare,height=31,reqIdx=1,hash=0030ae3f...
info|2019-12-12 20:57:26.137622|[g:1][CONSENSUS][PBFT]checkTimeout Succ,view=11,toView=12,nodeIdx=2,changeCycle=0,myNode=7977f137...,timecost=0.181
info|2019-12-12 20:57:26.142170|[g:1][CONSENSUS][PBFT]checkAndChangeView: Reach consensus,org_view=11,org_changeCycle=0,cur_changeCycle=0,to_view=12
info|2019-12-12 20:57:27.142736|[g:1][CONSENSUS][SEALER]++++++++++++++++ Generating seal on,blkNum=31,tx=0,nodeIdx=2,hash=0d39858b...
info|2019-12-12 20:57:27.143229|[g:1][CONSENSUS][PBFT]checkTimeout Succ,view=12,toView=13,nodeIdx=2,changeCycle=0,myNode=7977f137...,timecost=0.189
info|2019-12-12 20:57:27.147375|[g:1][CONSENSUS][PBFT]checkAndChangeView: Reach consensus,org_view=12,org_changeCycle=0,cur_changeCycle=0,to_view=13
info|2019-12-12 20:57:28.151267|[g:1][CONSENSUS]addRawPrepare,height=31,reqIdx=3,hash=da38f2b8...
info|2019-12-12 20:57:28.151530|[g:1][CONSENSUS][PBFT]checkTimeout Succ,view=13,toView=14,nodeIdx=2,changeCycle=0,myNode=7977f137...,timecost=0.195
info|2019-12-12 20:57:28.156029|[g:1][CONSENSUS][PBFT]checkAndChangeView: Reach consensus,org_view=13,org_changeCycle=0,cur_changeCycle=0,to_view=14
warning|2019-12-12 20:57:29.094427|[SYNC][id:7977f137...][Status]Peer data not found,nodeId=6e4f3ba3...
info|2019-12-12 20:57:29.156596|[g:1][CONSENSUS]addRawPrepare,height=31,reqIdx=0,hash=0696a5fd...
info|2019-12-12 20:57:29.156908|[g:1][CONSENSUS][PBFT]checkTimeout Succ,view=14,toView=15,nodeIdx=2,changeCycle=0,myNode=7977f137...,timecost=0.238
info|2019-12-12 20:57:29.162534|[g:1][CONSENSUS][PBFT]checkAndChangeView: Reach consensus,org_view=14,org_changeCycle=0,cur_changeCycle=0,to_view=15
info|2019-12-12 20:57:30.166777|[g:1][CONSENSUS]addRawPrepare,height=31,reqIdx=1,hash=15a6000b...
info|2019-12-12 20:57:30.167022|[g:1][CONSENSUS][PBFT]checkTimeout Succ,view=15,toView=16,nodeIdx=2,changeCycle=0,myNode=7977f137...,timecost=0.184
info|2019-12-12 20:57:30.169458|[g:1][CONSENSUS][PBFT]checkAndChangeView: Reach consensus,org_view=15,org_changeCycle=0,cur_changeCycle=0,to_view=16
info|2019-12-12 20:57:31.170820|[g:1][CONSENSUS][SEALER]++++++++++++++++ Generating seal on,blkNum=31,tx=0,nodeIdx=2,hash=99d97d0f...
info|2019-12-12 20:57:31.171741|[g:1][CONSENSUS][PBFT]checkTimeout Succ,view=16,toView=17,nodeIdx=2,changeCycle=0,myNode=7977f137...,timecost=0.223
info|2019-12-12 20:57:31.175090|[g:1][CONSENSUS][PBFT]checkAndChangeView: Reach consensus,org_view=16,org_changeCycle=0,cur_changeCycle=0,to_view=17
info|2019-12-12 20:57:32.180513|[g:1][CONSENSUS]addRawPrepare,height=31,reqIdx=3,hash=f5f89f83...
info|2019-12-12 20:57:32.180756|[g:1][CONSENSUS][PBFT]checkTimeout Succ,view=17,toView=18,nodeIdx=2,changeCycle=0,myNode=7977f137...,timecost=0.179
info|2019-12-12 20:57:32.183868|[g:1][CONSENSUS][PBFT]checkAndChangeView: Reach consensus,org_view=17,org_changeCycle=0,cur_changeCycle=0,to_view=18
info|2019-12-12 20:57:33.185665|[g:1][CONSENSUS]addRawPrepare,height=31,reqIdx=0,hash=0fc9adec...
info|2019-12-12 20:57:33.185916|[g:1][CONSENSUS][PBFT]checkTimeout Succ,view=18,toView=19,nodeIdx=2,changeCycle=0,myNode=7977f137...,timecost=0.18
info|2019-12-12 20:57:33.188301|[g:1][CONSENSUS][PBFT]checkAndChangeView: Reach consensus,org_view=18,org_changeCycle=0,cur_changeCycle=0,to_view=19
info|2019-12-12 20:57:33.897202|[P2P][Service] heartBeat,connected count=4
warning|2019-12-12 20:57:34.119291|[SYNC][id:7977f137...][Status]Peer data not found,nodeId=6e4f3ba3...
info|2019-12-12 20:57:34.191093|[g:1][CONSENSUS]addRawPrepare,height=31,reqIdx=1,hash=4875e5dc...
info|2019-12-12 20:57:34.195852|[g:1][CONSENSUS][PBFT]checkTimeout Succ,view=19,toView=20,nodeIdx=2,changeCycle=0,myNode=7977f137...,timecost=2.004
info|2019-12-12 20:57:34.196415|[g:1][CONSENSUS][PBFT]checkAndChangeView: Reach consensus,org_view=19,org_changeCycle=0,cur_changeCycle=0,to_view=20
info|2019-12-12 20:57:35.196829|[g:1][CONSENSUS][SEALER]++++++++++++++++ Generating seal on,blkNum=31,tx=0,nodeIdx=2,hash=0b3ac30a...
info|2019-12-12 20:57:35.200076|[g:1][CONSENSUS][PBFT]checkTimeout Succ,view=20,toView=21,nodeIdx=2,changeCycle=0,myNode=7977f137...,timecost=0.193
info|2019-12-12 20:57:35.200636|[g:1][CONSENSUS][PBFT]checkAndChangeView: Reach consensus,org_view=20,org_changeCycle=0,cur_changeCycle=0,to_view=21
info|2019-12-12 20:57:36.204928|[g:1][CONSENSUS]addRawPrepare,height=31,reqIdx=3,hash=3c3a00e3...
info|2019-12-12 20:57:36.205179|[g:1][CONSENSUS][PBFT]checkTimeout Succ,view=21,toView=22,nodeIdx=2,changeCycle=0,myNode=7977f137...,timecost=0.182
info|2019-12-12 20:57:36.208416|[g:1][CONSENSUS][PBFT]checkAndChangeView: Reach consensus,org_view=21,org_changeCycle=0,cur_changeCycle=0,to_view=22
info|2019-12-12 20:57:37.210172|[g:1][CONSENSUS]addRawPrepare,height=31,reqIdx=0,hash=f20ec4b5...
info|2019-12-12 20:57:37.210429|[g:1][CONSENSUS][PBFT]checkTimeout Succ,view=22,toView=23,nodeIdx=2,changeCycle=0,myNode=7977f137...,timecost=0.185
info|2019-12-12 20:57:37.214187|[g:1][CONSENSUS][PBFT]checkAndChangeView: Reach consensus,org_view=22,org_changeCycle=0,cur_changeCycle=0,to_view=23
info|2019-12-12 20:57:38.218723|[g:1][CONSENSUS]addRawPrepare,height=31,reqIdx=1,hash=abec7675...
info|2019-12-12 20:57:38.218981|[g:1][CONSENSUS][PBFT]checkTimeout Succ,view=23,toView=24,nodeIdx=2,changeCycle=0,myNode=7977f137...,timecost=0.193
info|2019-12-12 20:57:38.221774|[g:1][CONSENSUS][PBFT]checkAndChangeView: Reach consensus,org_view=23,org_changeCycle=0,cur_changeCycle=0,to_view=24
warning|2019-12-12 20:57:39.142208|[SYNC][id:7977f137...][Status]Peer data not found,nodeId=6e4f3ba3...
info|2019-12-12 20:57:39.223759|[g:1][CONSENSUS][SEALER]++++++++++++++++ Generating seal on,blkNum=31,tx=0,nodeIdx=2,hash=bb0c9393...
info|2019-12-12 20:57:39.226467|[g:1][CONSENSUS][PBFT]checkTimeout Succ,view=24,toView=25,nodeIdx=2,changeCycle=0,myNode=7977f137...,timecost=0.194
info|2019-12-12 20:57:39.230258|[g:1][CONSENSUS][PBFT]checkAndChangeView: Reach consensus,org_view=24,org_changeCycle=0,cur_changeCycle=0,to_view=25
info|2019-12-12 20:57:40.270283|[g:1][CONSENSUS]addRawPrepare,height=31,reqIdx=3,hash=65a65540...
info|2019-12-12 20:57:40.270528|[g:1][CONSENSUS][PBFT]checkTimeout Succ,view=25,toView=26,nodeIdx=2,changeCycle=0,myNode=7977f137...,timecost=0.181
info|2019-12-12 20:57:40.273204|[g:1][CONSENSUS][PBFT]checkAndChangeView: Reach consensus,org_view=25,org_changeCycle=0,cur_changeCycle=0,to_view=26
info|2019-12-12 20:57:41.278990|[g:1][CONSENSUS]addRawPrepare,height=31,reqIdx=0,hash=536ceab8...
info|2019-12-12 20:57:41.279302|[g:1][CONSENSUS][PBFT]checkTimeout Succ,view=26,toView=27,nodeIdx=2,changeCycle=0,myNode=7977f137...,timecost=0.247
info|2019-12-12 20:57:41.283617|[g:1][CONSENSUS][PBFT]checkAndChangeView: Reach consensus,org_view=26,org_changeCycle=0,cur_changeCycle=0,to_view=27
info|2019-12-12 20:57:42.285142|[g:1][CONSENSUS]addRawPrepare,height=31,reqIdx=1,hash=c483c65b...
info|2019-12-12 20:57:42.285406|[g:1][CONSENSUS][PBFT]checkTimeout Succ,view=27,toView=28,nodeIdx=2,changeCycle=0,myNode=7977f137...,timecost=0.186
info|2019-12-12 20:57:42.289930|[g:1][CONSENSUS][PBFT]checkAndChangeView: Reach consensus,org_view=27,org_changeCycle=0,cur_changeCycle=0,to_view=28
info|2019-12-12 20:57:43.290475|[g:1][CONSENSUS][SEALER]++++++++++++++++ Generating seal on,blkNum=31,tx=0,nodeIdx=2,hash=55df5341...
info|2019-12-12 20:57:43.294274|[g:1][CONSENSUS][PBFT]checkTimeout Succ,view=28,toView=29,nodeIdx=2,changeCycle=0,myNode=7977f137...,timecost=0.214
info|2019-12-12 20:57:43.294555|[g:1][CONSENSUS][PBFT]checkAndChangeView: Reach consensus,org_view=28,org_changeCycle=0,cur_changeCycle=0,to_view=29
info|2019-12-12 20:57:43.897408|[P2P][Service] heartBeat,connected count=4
warning|2019-12-12 20:57:44.162478|[SYNC][id:7977f137...][Status]Peer data not found,nodeId=6e4f3ba3...
info|2019-12-12 20:57:44.299913|[g:1][CONSENSUS]addRawPrepare,height=31,reqIdx=3,hash=bdbe0bf8...
info|2019-12-12 20:57:44.300162|[g:1][CONSENSUS][PBFT]checkTimeout Succ,view=29,toView=30,nodeIdx=2,changeCycle=0,myNode=7977f137...,timecost=0.182
info|2019-12-12 20:57:44.306702|[g:1][CONSENSUS][PBFT]checkAndChangeView: Reach consensus,org_view=29,org_changeCycle=0,cur_changeCycle=0,to_view=30
info|2019-12-12 20:57:45.310001|[g:1][CONSENSUS]addRawPrepare,height=31,reqIdx=0,hash=330e44b1...
info|2019-12-12 20:57:45.313314|[g:1][CONSENSUS][PBFT]checkTimeout Succ,view=30,toView=31,nodeIdx=2,changeCycle=0,myNode=7977f137...,timecost=3.242
info|2019-12-12 20:57:45.313895|[g:1][CONSENSUS][PBFT]checkAndChangeView: Reach consensus,org_view=30,org_changeCycle=0,cur_changeCycle=0,to_view=31
info|2019-12-12 20:57:46.317333|[g:1][CONSENSUS]addRawPrepare,height=31,reqIdx=1,hash=40da02f8...
info|2019-12-12 20:57:46.317611|[g:1][CONSENSUS][PBFT]checkTimeout Succ,view=31,toView=32,nodeIdx=2,changeCycle=0,myNode=7977f137...,timecost=0.207
info|2019-12-12 20:57:46.320679|[g:1][CONSENSUS][PBFT]checkAndChangeView: Reach consensus,org_view=31,org_changeCycle=0,cur_changeCycle=0,to_view=32
info|2019-12-12 20:57:47.320338|[g:1][CONSENSUS][SEALER]++++++++++++++++ Generating seal on,blkNum=31,tx=0,nodeIdx=2,hash=595233da...
info|2019-12-12 20:57:47.324301|[g:1][CONSENSUS][PBFT]checkTimeout Succ,view=32,toView=33,nodeIdx=2,changeCycle=0,myNode=7977f137...,timecost=0.209
info|2019-12-12 20:57:47.324842|[g:1][CONSENSUS][PBFT]checkAndChangeView: Reach consensus,org_view=32,org_changeCycle=0,cur_changeCycle=0,to_view=33
info|2019-12-12 20:57:48.329949|[g:1][CONSENSUS]addRawPrepare,height=31,reqIdx=3,hash=042e9dee...
info|2019-12-12 20:57:48.330208|[g:1][CONSENSUS][PBFT]checkTimeout Succ,view=33,toView=34,nodeIdx=2,changeCycle=0,myNode=7977f137...,timecost=0.194
info|2019-12-12 20:57:48.332680|[g:1][CONSENSUS][PBFT]checkAndChangeView: Reach consensus,org_view=33,org_changeCycle=0,cur_changeCycle=0,to_view=34
warning|2019-12-12 20:57:49.185880|[SYNC][id:7977f137...][Status]Peer data not found,nodeId=6e4f3ba3...
info|2019-12-12 20:57:49.335826|[g:1][CONSENSUS]addRawPrepare,height=31,reqIdx=0,hash=932aabc2...
info|2019-12-12 20:57:49.336084|[g:1][CONSENSUS][PBFT]checkTimeout Succ,view=34,toView=35,nodeIdx=2,changeCycle=0,myNode=7977f137...,timecost=0.186
info|2019-12-12 20:57:49.342084|[g:1][CONSENSUS][PBFT]checkAndChangeView: Reach consensus,org_view=34,org_changeCycle=0,cur_changeCycle=0,to_view=35
info|2019-12-12 20:57:50.346059|[g:1][CONSENSUS]addRawPrepare,height=31,reqIdx=1,hash=6ee55e33...
info|2019-12-12 20:57:50.346310|[g:1][CONSENSUS][PBFT]checkTimeout Succ,view=35,toView=36,nodeIdx=2,changeCycle=0,myNode=7977f137...,timecost=0.182
info|2019-12-12 20:57:50.348880|[g:1][CONSENSUS][PBFT]checkAndChangeView: Reach consensus,org_view=35,org_changeCycle=0,cur_changeCycle=0,to_view=36
info|2019-12-12 20:57:51.348220|[g:1][CONSENSUS][SEALER]++++++++++++++++ Generating seal on,blkNum=31,tx=0,nodeIdx=2,hash=74f3823a...
info|2019-12-12 20:57:51.348817|[g:1][CONSENSUS][PBFT]checkTimeout Succ,view=36,toView=37,nodeIdx=2,changeCycle=0,myNode=7977f137...,timecost=0.19
info|2019-12-12 20:57:51.352584|[g:1][CONSENSUS][PBFT]checkAndChangeView: Reach consensus,org_view=36,org_changeCycle=0,cur_changeCycle=0,to_view=37
info|2019-12-12 20:57:52.357825|[g:1][CONSENSUS]addRawPrepare,height=31,reqIdx=3,hash=e8864818...
info|2019-12-12 20:57:52.358080|[g:1][CONSENSUS][PBFT]checkTimeout Succ,view=37,toView=38,nodeIdx=2,changeCycle=0,myNode=7977f137...,timecost=0.188
info|2019-12-12 20:57:52.363827|[g:1][CONSENSUS][PBFT]checkAndChangeView: Reach consensus,org_view=37,org_changeCycle=0,cur_changeCycle=0,to_view=38
info|2019-12-12 20:57:53.365059|[g:1][CONSENSUS]addRawPrepare,height=31,reqIdx=0,hash=a306444c...
info|2019-12-12 20:57:53.365305|[g:1][CONSENSUS][PBFT]checkTimeout Succ,view=38,toView=39,nodeIdx=2,changeCycle=0,myNode=7977f137...,timecost=0.181
info|2019-12-12 20:57:53.368062|[g:1][CONSENSUS][PBFT]checkAndChangeView: Reach consensus,org_view=38,org_changeCycle=0,cur_changeCycle=0,to_view=39
info|2019-12-12 20:57:53.897739|[P2P][Service] heartBeat,connected count=4
warning|2019-12-12 20:57:54.206614|[SYNC][id:7977f137...][Status]Peer data not found,nodeId=6e4f3ba3...
info|2019-12-12 20:57:54.372648|[g:1][CONSENSUS]addRawPrepare,height=31,reqIdx=1,hash=0562159c...
info|2019-12-12 20:57:54.372929|[g:1][CONSENSUS][PBFT]checkTimeout Succ,view=39,toView=40,nodeIdx=2,changeCycle=0,myNode=7977f137...,timecost=0.216
info|2019-12-12 20:57:54.378698|[g:1][CONSENSUS][PBFT]checkAndChangeView: Reach consensus,org_view=39,org_changeCycle=0,cur_changeCycle=0,to_view=40
info|2019-12-12 20:57:55.380475|[g:1][CONSENSUS][SEALER]++++++++++++++++ Generating seal on,blkNum=31,tx=0,nodeIdx=2,hash=4c75e2e9...
info|2019-12-12 20:57:55.384167|[g:1][CONSENSUS][PBFT]checkTimeout Succ,view=40,toView=41,nodeIdx=2,changeCycle=0,myNode=7977f137...,timecost=0.219
info|2019-12-12 20:57:55.384700|[g:1][CONSENSUS][PBFT]checkAndChangeView: Reach consensus,org_view=40,org_changeCycle=0,cur_changeCycle=0,to_view=41
info|2019-12-12 20:57:56.388055|[g:1][CONSENSUS]addRawPrepare,height=31,reqIdx=3,hash=78a177a3...
info|2019-12-12 20:57:56.388303|[g:1][CONSENSUS][PBFT]checkTimeout Succ,view=41,toView=42,nodeIdx=2,changeCycle=0,myNode=7977f137...,timecost=0.183
info|2019-12-12 20:57:56.401031|[g:1][CONSENSUS][PBFT]checkAndChangeView: Reach consensus,org_view=41,org_changeCycle=0,cur_changeCycle=0,to_view=42
info|2019-12-12 20:57:57.401512|[g:1][CONSENSUS]addRawPrepare,height=31,reqIdx=0,hash=1751a562...
info|2019-12-12 20:57:57.401809|[g:1][CONSENSUS][PBFT]checkTimeout Succ,view=42,toView=43,nodeIdx=2,changeCycle=0,myNode=7977f137...,timecost=0.198
info|2019-12-12 20:57:57.405884|[g:1][CONSENSUS][PBFT]checkAndChangeView: Reach consensus,org_view=42,org_changeCycle=0,cur_changeCycle=0,to_view=43
info|2019-12-12 20:57:58.410233|[g:1][CONSENSUS]addRawPrepare,height=31,reqIdx=1,hash=fd7e328e...
info|2019-12-12 20:57:58.410483|[g:1][CONSENSUS][PBFT]checkTimeout Succ,view=43,toView=44,nodeIdx=2,changeCycle=0,myNode=7977f137...,timecost=0.184
info|2019-12-12 20:57:58.414044|[g:1][CONSENSUS][PBFT]checkAndChangeView: Reach consensus,org_view=43,org_changeCycle=0,cur_changeCycle=0,to_view=44
info|2019-12-12 20:57:59.139096|[NETWORK][Session]Received topic: [2	_block_notify_1] from 6f9974710b9ea562ecc6a6823039b05e159d8669f228efa0c8b8234f08c2b75fb97eecdae4ef16bc99800bdfa03ed03d619629887e9c1c8b46ad79f5d38c4991
warning|2019-12-12 20:57:59.226218|[SYNC][id:7977f137...][Status]Peer data not found,nodeId=6e4f3ba3...
info|2019-12-12 20:57:59.415118|[g:1][CONSENSUS][SEALER]++++++++++++++++ Generating seal on,blkNum=31,tx=0,nodeIdx=2,hash=45d047d7...
info|2019-12-12 20:57:59.415736|[g:1][CONSENSUS][PBFT]checkTimeout Succ,view=44,toView=45,nodeIdx=2,changeCycle=0,myNode=7977f137...,timecost=0.195
info|2019-12-12 20:57:59.419784|[g:1][CONSENSUS][PBFT]checkAndChangeView: Reach consensus,org_view=44,org_changeCycle=0,cur_changeCycle=0,to_view=45
info|2019-12-12 20:58:00.425671|[g:1][CONSENSUS]addRawPrepare,height=31,reqIdx=3,hash=59f25f7e...
info|2019-12-12 20:58:00.425915|[g:1][CONSENSUS][PBFT]checkTimeout Succ,view=45,toView=46,nodeIdx=2,changeCycle=0,myNode=7977f137...,timecost=0.18
info|2019-12-12 20:58:00.430076|[g:1][CONSENSUS][PBFT]checkAndChangeView: Reach consensus,org_view=45,org_changeCycle=0,cur_changeCycle=0,to_view=46
info|2019-12-12 20:58:01.432993|[g:1][CONSENSUS]addRawPrepare,height=31,reqIdx=0,hash=435851c6...
info|2019-12-12 20:58:01.433247|[g:1][CONSENSUS][PBFT]checkTimeout Succ,view=46,toView=47,nodeIdx=2,changeCycle=0,myNode=7977f137...,timecost=0.188
info|2019-12-12 20:58:01.436034|[g:1][CONSENSUS][PBFT]checkAndChangeView: Reach consensus,org_view=46,org_changeCycle=0,cur_changeCycle=0,to_view=47
info|2019-12-12 20:58:02.440351|[g:1][CONSENSUS]addRawPrepare,height=31,reqIdx=1,hash=04b74698...
info|2019-12-12 20:58:02.440586|[g:1][CONSENSUS][PBFT]checkTimeout Succ,view=47,toView=48,nodeIdx=2,changeCycle=0,myNode=7977f137...,timecost=0.212
info|2019-12-12 20:58:02.442697|[g:1][CONSENSUS][PBFT]checkAndChangeView: Reach consensus,org_view=47,org_changeCycle=0,cur_changeCycle=0,to_view=48
info|2019-12-12 20:58:03.442335|[g:1][CONSENSUS][SEALER]++++++++++++++++ Generating seal on,blkNum=31,tx=0,nodeIdx=2,hash=112f60ac...
info|2019-12-12 20:58:03.448093|[g:1][CONSENSUS][PBFT]checkTimeout Succ,view=48,toView=49,nodeIdx=2,changeCycle=0,myNode=7977f137...,timecost=0.196
info|2019-12-12 20:58:03.448998|[g:1][CONSENSUS][PBFT]checkAndChangeView: Reach consensus,org_view=48,org_changeCycle=0,cur_changeCycle=0,to_view=49
info|2019-12-12 20:58:03.897812|[P2P][Service] heartBeat,connected count=4
warning|2019-12-12 20:58:04.243888|[SYNC][id:7977f137...][Status]Peer data not found,nodeId=6e4f3ba3...
info|2019-12-12 20:58:04.449535|[g:1][CONSENSUS]addRawPrepare,height=31,reqIdx=3,hash=2229ee69...
info|2019-12-12 20:58:04.449758|[g:1][CONSENSUS][PBFT]checkTimeout Succ,view=49,toView=50,nodeIdx=2,changeCycle=0,myNode=7977f137...,timecost=0.196
info|2019-12-12 20:58:04.451107|[g:1][CONSENSUS][PBFT]checkAndChangeView: Reach consensus,org_view=49,org_changeCycle=0,cur_changeCycle=0,to_view=50
info|2019-12-12 20:58:05.455075|[g:1][CONSENSUS]addRawPrepare,height=31,reqIdx=0,hash=79a67759...
info|2019-12-12 20:58:05.455291|[g:1][CONSENSUS][PBFT]checkTimeout Succ,view=50,toView=51,nodeIdx=2,changeCycle=0,myNode=7977f137...,timecost=0.193
info|2019-12-12 20:58:05.457420|[g:1][CONSENSUS][PBFT]checkAndChangeView: Reach consensus,org_view=50,org_changeCycle=0,cur_changeCycle=0,to_view=51
info|2019-12-12 20:58:06.459678|[g:1][CONSENSUS]addRawPrepare,height=31,reqIdx=1,hash=6835589f...
info|2019-12-12 20:58:06.459899|[g:1][CONSENSUS][PBFT]checkTimeout Succ,view=51,toView=52,nodeIdx=2,changeCycle=0,myNode=7977f137...,timecost=0.196
info|2019-12-12 20:58:06.462873|[g:1][CONSENSUS][PBFT]checkAndChangeView: Reach consensus,org_view=51,org_changeCycle=0,cur_changeCycle=0,to_view=52
info|2019-12-12 20:58:07.462278|[g:1][CONSENSUS][SEALER]++++++++++++++++ Generating seal on,blkNum=31,tx=0,nodeIdx=2,hash=e72bebc2...
info|2019-12-12 20:58:07.465101|[g:1][CONSENSUS][PBFT]checkTimeout Succ,view=52,toView=53,nodeIdx=2,changeCycle=0,myNode=7977f137...,timecost=0.203
info|2019-12-12 20:58:07.467530|[g:1][CONSENSUS][PBFT]checkAndChangeView: Reach consensus,org_view=52,org_changeCycle=0,cur_changeCycle=0,to_view=53
info|2019-12-12 20:58:08.472712|[g:1][CONSENSUS]addRawPrepare,height=31,reqIdx=3,hash=e13c3a13...
info|2019-12-12 20:58:08.478658|[g:1][CONSENSUS][PBFT]checkTimeout Succ,view=53,toView=54,nodeIdx=2,changeCycle=0,myNode=7977f137...,timecost=5.88
info|2019-12-12 20:58:08.479289|[g:1][CONSENSUS][PBFT]checkAndChangeView: Reach consensus,org_view=53,org_changeCycle=0,cur_changeCycle=0,to_view=54
warning|2019-12-12 20:58:09.254440|[SYNC][id:7977f137...][Status]Peer data not found,nodeId=6e4f3ba3...
info|2019-12-12 20:58:09.486495|[g:1][CONSENSUS]addRawPrepare,height=31,reqIdx=0,hash=a0f88113...
info|2019-12-12 20:58:09.486748|[g:1][CONSENSUS][PBFT]checkTimeout Succ,view=54,toView=55,nodeIdx=2,changeCycle=0,myNode=7977f137...,timecost=0.232
info|2019-12-12 20:58:09.489983|[g:1][CONSENSUS][PBFT]checkAndChangeView: Reach consensus,org_view=54,org_changeCycle=0,cur_changeCycle=0,to_view=55
info|2019-12-12 20:58:10.493000|[g:1][CONSENSUS]addRawPrepare,height=31,reqIdx=1,hash=5671e50b...
info|2019-12-12 20:58:10.498265|[g:1][CONSENSUS][PBFT]checkTimeout Succ,view=55,toView=56,nodeIdx=2,changeCycle=0,myNode=7977f137...,timecost=5.203
info|2019-12-12 20:58:10.502151|[g:1][CONSENSUS][PBFT]checkAndChangeView: Reach consensus,org_view=55,org_changeCycle=0,cur_changeCycle=0,to_view=56
info|2019-12-12 20:58:11.502729|[g:1][CONSENSUS][SEALER]++++++++++++++++ Generating seal on,blkNum=31,tx=0,nodeIdx=2,hash=b84984ed...
info|2019-12-12 20:58:11.508877|[g:1][CONSENSUS][PBFT]checkTimeout Succ,view=56,toView=57,nodeIdx=2,changeCycle=0,myNode=7977f137...,timecost=0.204
info|2019-12-12 20:58:11.509839|[g:1][CONSENSUS][PBFT]checkAndChangeView: Reach consensus,org_view=56,org_changeCycle=0,cur_changeCycle=0,to_view=57
info|2019-12-12 20:58:12.511114|[g:1][CONSENSUS]addRawPrepare,height=31,reqIdx=3,hash=1470f578...
info|2019-12-12 20:58:12.511331|[g:1][CONSENSUS][PBFT]checkTimeout Succ,view=57,toView=58,nodeIdx=2,changeCycle=0,myNode=7977f137...,timecost=0.195
info|2019-12-12 20:58:12.514633|[g:1][CONSENSUS][PBFT]checkAndChangeView: Reach consensus,org_view=57,org_changeCycle=0,cur_changeCycle=0,to_view=58
info|2019-12-12 20:58:13.522868|[g:1][CONSENSUS]addRawPrepare,height=31,reqIdx=0,hash=db9e61d0...
info|2019-12-12 20:58:13.523122|[g:1][CONSENSUS][PBFT]checkTimeout Succ,view=58,toView=59,nodeIdx=2,changeCycle=0,myNode=7977f137...,timecost=0.229
info|2019-12-12 20:58:13.523654|[g:1][CONSENSUS][PBFT]checkAndChangeView: Reach consensus,org_view=58,org_changeCycle=0,cur_changeCycle=0,to_view=59
info|2019-12-12 20:58:13.898706|[P2P][Service] heartBeat,connected count=4
warning|2019-12-12 20:58:14.262346|[SYNC][id:7977f137...][Status]Peer data not found,nodeId=6e4f3ba3...
info|2019-12-12 20:58:14.527528|[g:1][CONSENSUS]addRawPrepare,height=31,reqIdx=1,hash=b8454cd4...
info|2019-12-12 20:58:14.527754|[g:1][CONSENSUS][PBFT]checkTimeout Succ,view=59,toView=60,nodeIdx=2,changeCycle=0,myNode=7977f137...,timecost=0.202
info|2019-12-12 20:58:14.530213|[g:1][CONSENSUS][PBFT]checkAndChangeView: Reach consensus,org_view=59,org_changeCycle=0,cur_changeCycle=0,to_view=60
info|2019-12-12 20:58:15.530498|[g:1][CONSENSUS][SEALER]++++++++++++++++ Generating seal on,blkNum=31,tx=0,nodeIdx=2,hash=f6c3f29b...
info|2019-12-12 20:58:15.536509|[g:1][CONSENSUS][PBFT]checkTimeout Succ,view=60,toView=61,nodeIdx=2,changeCycle=0,myNode=7977f137...,timecost=0.213
info|2019-12-12 20:58:15.537385|[g:1][CONSENSUS][PBFT]checkAndChangeView: Reach consensus,org_view=60,org_changeCycle=0,cur_changeCycle=0,to_view=61
info|2019-12-12 20:58:16.539036|[g:1][CONSENSUS]addRawPrepare,height=31,reqIdx=3,hash=09fe87d6...
info|2019-12-12 20:58:16.539256|[g:1][CONSENSUS][PBFT]checkTimeout Succ,view=61,toView=62,nodeIdx=2,changeCycle=0,myNode=7977f137...,timecost=0.193
info|2019-12-12 20:58:16.540299|[g:1][CONSENSUS][PBFT]checkAndChangeView: Reach consensus,org_view=61,org_changeCycle=0,cur_changeCycle=0,to_view=62
info|2019-12-12 20:58:17.545505|[g:1][CONSENSUS]addRawPrepare,height=31,reqIdx=0,hash=fa55c069...
info|2019-12-12 20:58:17.545707|[g:1][CONSENSUS][PBFT]checkTimeout Succ,view=62,toView=63,nodeIdx=2,changeCycle=0,myNode=7977f137...,timecost=0.181
info|2019-12-12 20:58:17.547423|[g:1][CONSENSUS][PBFT]checkAndChangeView: Reach consensus,org_view=62,org_changeCycle=0,cur_changeCycle=0,to_view=63
info|2019-12-12 20:58:18.550748|[g:1][CONSENSUS]addRawPrepare,height=31,reqIdx=1,hash=cad74af1...
info|2019-12-12 20:58:18.550966|[g:1][CONSENSUS][PBFT]checkTimeout Succ,view=63,toView=64,nodeIdx=2,changeCycle=0,myNode=7977f137...,timecost=0.195
info|2019-12-12 20:58:18.552082|[g:1][CONSENSUS][PBFT]checkAndChangeView: Reach consensus,org_view=63,org_changeCycle=0,cur_changeCycle=0,to_view=64
warning|2019-12-12 20:58:19.269250|[SYNC][id:7977f137...][Status]Peer data not found,nodeId=6e4f3ba3...
info|2019-12-12 20:58:19.553234|[g:1][CONSENSUS][SEALER]++++++++++++++++ Generating seal on,blkNum=31,tx=0,nodeIdx=2,hash=60ebeeb0...
info|2019-12-12 20:58:19.559552|[g:1][CONSENSUS][PBFT]checkTimeout Succ,view=64,toView=65,nodeIdx=2,changeCycle=0,myNode=7977f137...,timecost=0.202
info|2019-12-12 20:58:19.560407|[g:1][CONSENSUS][PBFT]checkAndChangeView: Reach consensus,org_view=64,org_changeCycle=0,cur_changeCycle=0,to_view=65
info|2019-12-12 20:58:20.558835|[g:1][CONSENSUS]addRawPrepare,height=31,reqIdx=3,hash=7c3acdf8...
info|2019-12-12 20:58:20.559056|[g:1][CONSENSUS][PBFT]checkTimeout Succ,view=65,toView=66,nodeIdx=2,changeCycle=0,myNode=7977f137...,timecost=0.199
info|2019-12-12 20:58:20.561027|[g:1][CONSENSUS][PBFT]checkAndChangeView: Reach consensus,org_view=65,org_changeCycle=0,cur_changeCycle=0,to_view=66
info|2019-12-12 20:58:21.565795|[g:1][CONSENSUS]addRawPrepare,height=31,reqIdx=0,hash=1bd6155c...
info|2019-12-12 20:58:21.566001|[g:1][CONSENSUS][PBFT]checkTimeout Succ,view=66,toView=67,nodeIdx=2,changeCycle=0,myNode=7977f137...,timecost=0.182
info|2019-12-12 20:58:21.567392|[g:1][CONSENSUS][PBFT]checkAndChangeView: Reach consensus,org_view=66,org_changeCycle=0,cur_changeCycle=0,to_view=67
info|2019-12-12 20:58:22.570480|[g:1][CONSENSUS]addRawPrepare,height=31,reqIdx=1,hash=edb84417...
info|2019-12-12 20:58:22.570745|[g:1][CONSENSUS][PBFT]checkTimeout Succ,view=67,toView=68,nodeIdx=2,changeCycle=0,myNode=7977f137...,timecost=0.244
info|2019-12-12 20:58:22.572464|[g:1][CONSENSUS][PBFT]checkAndChangeView: Reach consensus,org_view=67,org_changeCycle=0,cur_changeCycle=0,to_view=68
info|2019-12-12 20:58:23.573541|[g:1][CONSENSUS][SEALER]++++++++++++++++ Generating seal on,blkNum=31,tx=0,nodeIdx=2,hash=98d26d75...
info|2019-12-12 20:58:23.580142|[g:1][CONSENSUS][PBFT]checkTimeout Succ,view=68,toView=69,nodeIdx=2,changeCycle=0,myNode=7977f137...,timecost=0.202
info|2019-12-12 20:58:23.581006|[g:1][CONSENSUS][PBFT]checkAndChangeView: Reach consensus,org_view=68,org_changeCycle=0,cur_changeCycle=0,to_view=69
info|2019-12-12 20:58:23.898783|[P2P][Service] heartBeat,connected count=4
warning|2019-12-12 20:58:24.276043|[SYNC][id:7977f137...][Status]Peer data not found,nodeId=6e4f3ba3...
info|2019-12-12 20:58:24.578979|[g:1][CONSENSUS]addRawPrepare,height=31,reqIdx=3,hash=8180fa08...
info|2019-12-12 20:58:24.579204|[g:1][CONSENSUS][PBFT]checkTimeout Succ,view=69,toView=70,nodeIdx=2,changeCycle=0,myNode=7977f137...,timecost=0.203
info|2019-12-12 20:58:24.581621|[g:1][CONSENSUS][PBFT]checkAndChangeView: Reach consensus,org_view=69,org_changeCycle=0,cur_changeCycle=0,to_view=70
info|2019-12-12 20:58:25.586321|[g:1][CONSENSUS]addRawPrepare,height=31,reqIdx=0,hash=c60e9a39...
info|2019-12-12 20:58:25.586719|[g:1][CONSENSUS][PBFT]checkTimeout Succ,view=70,toView=71,nodeIdx=2,changeCycle=0,myNode=7977f137...,timecost=0.314
info|2019-12-12 20:58:25.589183|[g:1][CONSENSUS][PBFT]checkAndChangeView: Reach consensus,org_view=70,org_changeCycle=0,cur_changeCycle=0,to_view=71
info|2019-12-12 20:58:26.592676|[g:1][CONSENSUS]addRawPrepare,height=31,reqIdx=1,hash=90742102...
info|2019-12-12 20:58:26.592911|[g:1][CONSENSUS][PBFT]checkTimeout Succ,view=71,toView=72,nodeIdx=2,changeCycle=0,myNode=7977f137...,timecost=0.195
info|2019-12-12 20:58:26.594648|[g:1][CONSENSUS][PBFT]checkAndChangeView: Reach consensus,org_view=71,org_changeCycle=0,cur_changeCycle=0,to_view=72
info|2019-12-12 20:58:27.594983|[g:1][CONSENSUS][SEALER]++++++++++++++++ Generating seal on,blkNum=31,tx=0,nodeIdx=2,hash=f4e2bdcb...
info|2019-12-12 20:58:27.600893|[g:1][CONSENSUS][PBFT]checkTimeout Succ,view=72,toView=73,nodeIdx=2,changeCycle=0,myNode=7977f137...,timecost=0.224
info|2019-12-12 20:58:27.601784|[g:1][CONSENSUS][PBFT]checkAndChangeView: Reach consensus,org_view=72,org_changeCycle=0,cur_changeCycle=0,to_view=73
info|2019-12-12 20:58:28.601648|[g:1][CONSENSUS]addRawPrepare,height=31,reqIdx=3,hash=f89f804f...
info|2019-12-12 20:58:28.601908|[g:1][CONSENSUS][PBFT]checkTimeout Succ,view=73,toView=74,nodeIdx=2,changeCycle=0,myNode=7977f137...,timecost=0.2
info|2019-12-12 20:58:28.604935|[g:1][CONSENSUS][PBFT]checkAndChangeView: Reach consensus,org_view=73,org_changeCycle=0,cur_changeCycle=0,to_view=74
warning|2019-12-12 20:58:29.283356|[SYNC][id:7977f137...][Status]Peer data not found,nodeId=6e4f3ba3...
info|2019-12-12 20:58:29.611345|[g:1][CONSENSUS]addRawPrepare,height=31,reqIdx=0,hash=26965336...
info|2019-12-12 20:58:29.611829|[g:1][CONSENSUS][PBFT]checkTimeout Succ,view=74,toView=75,nodeIdx=2,changeCycle=0,myNode=7977f137...,timecost=0.205
info|2019-12-12 20:58:29.615746|[g:1][CONSENSUS][PBFT]checkAndChangeView: Reach consensus,org_view=74,org_changeCycle=0,cur_changeCycle=0,to_view=75
info|2019-12-12 20:58:30.617483|[g:1][CONSENSUS]addRawPrepare,height=31,reqIdx=1,hash=f9b9aed7...
info|2019-12-12 20:58:30.617704|[g:1][CONSENSUS][PBFT]checkTimeout Succ,view=75,toView=76,nodeIdx=2,changeCycle=0,myNode=7977f137...,timecost=0.192
info|2019-12-12 20:58:30.618813|[g:1][CONSENSUS][PBFT]checkAndChangeView: Reach consensus,org_view=75,org_changeCycle=0,cur_changeCycle=0,to_view=76
info|2019-12-12 20:58:31.620310|[g:1][CONSENSUS][SEALER]++++++++++++++++ Generating seal on,blkNum=31,tx=0,nodeIdx=2,hash=574119c3...
info|2019-12-12 20:58:31.629116|[g:1][CONSENSUS][PBFT]checkTimeout Succ,view=76,toView=77,nodeIdx=2,changeCycle=0,myNode=7977f137...,timecost=0.223
info|2019-12-12 20:58:31.629917|[g:1][CONSENSUS][PBFT]checkAndChangeView: Reach consensus,org_view=76,org_changeCycle=0,cur_changeCycle=0,to_view=77
info|2019-12-12 20:58:32.626065|[g:1][CONSENSUS]addRawPrepare,height=31,reqIdx=3,hash=6f2f58f3...
info|2019-12-12 20:58:32.626291|[g:1][CONSENSUS][PBFT]checkTimeout Succ,view=77,toView=78,nodeIdx=2,changeCycle=0,myNode=7977f137...,timecost=0.201
info|2019-12-12 20:58:32.627457|[g:1][CONSENSUS][PBFT]checkAndChangeView: Reach consensus,org_view=77,org_changeCycle=0,cur_changeCycle=0,to_view=78
info|2019-12-12 20:58:33.631014|[g:1][CONSENSUS]addRawPrepare,height=31,reqIdx=0,hash=94ad7f61...
info|2019-12-12 20:58:33.631282|[g:1][CONSENSUS][PBFT]checkTimeout Succ,view=78,toView=79,nodeIdx=2,changeCycle=0,myNode=7977f137...,timecost=0.239
info|2019-12-12 20:58:33.634739|[g:1][CONSENSUS][PBFT]checkAndChangeView: Reach consensus,org_view=78,org_changeCycle=0,cur_changeCycle=0,to_view=79
info|2019-12-12 20:58:33.899419|[P2P][Service] heartBeat,connected count=4
warning|2019-12-12 20:58:34.295421|[SYNC][id:7977f137...][Status]Peer data not found,nodeId=6e4f3ba3...
info|2019-12-12 20:58:34.636546|[g:1][CONSENSUS]addRawPrepare,height=31,reqIdx=1,hash=aded623c...
info|2019-12-12 20:58:34.636789|[g:1][CONSENSUS][PBFT]checkTimeout Succ,view=79,toView=80,nodeIdx=2,changeCycle=0,myNode=7977f137...,timecost=0.221
info|2019-12-12 20:58:34.637068|[g:1][CONSENSUS][PBFT]checkAndChangeView: Reach consensus,org_view=79,org_changeCycle=0,cur_changeCycle=0,to_view=80
info|2019-12-12 20:58:35.637427|[g:1][CONSENSUS][SEALER]++++++++++++++++ Generating seal on,blkNum=31,tx=0,nodeIdx=2,hash=679fab5c...
info|2019-12-12 20:58:35.645506|[g:1][CONSENSUS][PBFT]checkTimeout Succ,view=80,toView=81,nodeIdx=2,changeCycle=0,myNode=7977f137...,timecost=0.242
info|2019-12-12 20:58:35.646488|[g:1][CONSENSUS][PBFT]checkAndChangeView: Reach consensus,org_view=80,org_changeCycle=0,cur_changeCycle=0,to_view=81
info|2019-12-12 20:58:36.647474|[g:1][CONSENSUS]addRawPrepare,height=31,reqIdx=3,hash=fdf28ab6...
info|2019-12-12 20:58:36.647775|[g:1][CONSENSUS][PBFT]checkTimeout Succ,view=81,toView=82,nodeIdx=2,changeCycle=0,myNode=7977f137...,timecost=0.234
info|2019-12-12 20:58:36.653410|[g:1][CONSENSUS][PBFT]checkAndChangeView: Reach consensus,org_view=81,org_changeCycle=0,cur_changeCycle=0,to_view=82
info|2019-12-12 20:58:37.652379|[g:1][CONSENSUS]addRawPrepare,height=31,reqIdx=0,hash=05a1e894...
info|2019-12-12 20:58:37.652588|[g:1][CONSENSUS][PBFT]checkTimeout Succ,view=82,toView=83,nodeIdx=2,changeCycle=0,myNode=7977f137...,timecost=0.186
info|2019-12-12 20:58:37.657780|[g:1][CONSENSUS][PBFT]checkAndChangeView: Reach consensus,org_view=82,org_changeCycle=0,cur_changeCycle=0,to_view=83
info|2019-12-12 20:58:38.660676|[g:1][CONSENSUS]addRawPrepare,height=31,reqIdx=1,hash=576d7e1e...
info|2019-12-12 20:58:38.660891|[g:1][CONSENSUS][PBFT]checkTimeout Succ,view=83,toView=84,nodeIdx=2,changeCycle=0,myNode=7977f137...,timecost=0.192
info|2019-12-12 20:58:38.662013|[g:1][CONSENSUS][PBFT]checkAndChangeView: Reach consensus,org_view=83,org_changeCycle=0,cur_changeCycle=0,to_view=84
warning|2019-12-12 20:58:39.311372|[SYNC][id:7977f137...][Status]Peer data not found,nodeId=6e4f3ba3...
info|2019-12-12 20:58:39.663911|[g:1][CONSENSUS][SEALER]++++++++++++++++ Generating seal on,blkNum=31,tx=0,nodeIdx=2,hash=eddaebdc...
info|2019-12-12 20:58:39.670635|[g:1][CONSENSUS][PBFT]checkTimeout Succ,view=84,toView=85,nodeIdx=2,changeCycle=0,myNode=7977f137...,timecost=0.252
info|2019-12-12 20:58:39.671448|[g:1][CONSENSUS][PBFT]checkAndChangeView: Reach consensus,org_view=84,org_changeCycle=0,cur_changeCycle=0,to_view=85
info|2019-12-12 20:58:40.669446|[g:1][CONSENSUS]addRawPrepare,height=31,reqIdx=3,hash=b0102812...
info|2019-12-12 20:58:40.669696|[g:1][CONSENSUS][PBFT]checkTimeout Succ,view=85,toView=86,nodeIdx=2,changeCycle=0,myNode=7977f137...,timecost=0.228
info|2019-12-12 20:58:40.671710|[g:1][CONSENSUS][PBFT]checkAndChangeView: Reach consensus,org_view=85,org_changeCycle=0,cur_changeCycle=0,to_view=86
info|2019-12-12 20:58:41.679469|[g:1][CONSENSUS]addRawPrepare,height=31,reqIdx=0,hash=f0d68018...
info|2019-12-12 20:58:41.679712|[g:1][CONSENSUS][PBFT]checkTimeout Succ,view=86,toView=87,nodeIdx=2,changeCycle=0,myNode=7977f137...,timecost=0.211
info|2019-12-12 20:58:41.680013|[g:1][CONSENSUS][PBFT]checkAndChangeView: Reach consensus,org_view=86,org_changeCycle=0,cur_changeCycle=0,to_view=87
info|2019-12-12 20:58:42.687205|[g:1][CONSENSUS]addRawPrepare,height=31,reqIdx=1,hash=25b5994d...
info|2019-12-12 20:58:42.687501|[g:1][CONSENSUS][PBFT]checkTimeout Succ,view=87,toView=88,nodeIdx=2,changeCycle=0,myNode=7977f137...,timecost=0.272
info|2019-12-12 20:58:42.689663|[g:1][CONSENSUS][PBFT]checkAndChangeView: Reach consensus,org_view=87,org_changeCycle=0,cur_changeCycle=0,to_view=88
info|2019-12-12 20:58:43.691091|[g:1][CONSENSUS][SEALER]++++++++++++++++ Generating seal on,blkNum=31,tx=0,nodeIdx=2,hash=8b66dbb4...
info|2019-12-12 20:58:43.697995|[g:1][CONSENSUS][PBFT]checkTimeout Succ,view=88,toView=89,nodeIdx=2,changeCycle=0,myNode=7977f137...,timecost=0.195
info|2019-12-12 20:58:43.698971|[g:1][CONSENSUS][PBFT]checkAndChangeView: Reach consensus,org_view=88,org_changeCycle=0,cur_changeCycle=0,to_view=89
info|2019-12-12 20:58:43.899476|[P2P][Service] heartBeat,connected count=4
warning|2019-12-12 20:58:44.317961|[SYNC][id:7977f137...][Status]Peer data not found,nodeId=6e4f3ba3...
info|2019-12-12 20:58:44.699336|[g:1][CONSENSUS]addRawPrepare,height=31,reqIdx=3,hash=46149062...
info|2019-12-12 20:58:44.699559|[g:1][CONSENSUS][PBFT]checkTimeout Succ,view=89,toView=90,nodeIdx=2,changeCycle=0,myNode=7977f137...,timecost=0.201
info|2019-12-12 20:58:44.701679|[g:1][CONSENSUS][PBFT]checkAndChangeView: Reach consensus,org_view=89,org_changeCycle=0,cur_changeCycle=0,to_view=90
info|2019-12-12 20:58:45.704692|[g:1][CONSENSUS]addRawPrepare,height=31,reqIdx=0,hash=6f5e29ae...
info|2019-12-12 20:58:45.704906|[g:1][CONSENSUS][PBFT]checkTimeout Succ,view=90,toView=91,nodeIdx=2,changeCycle=0,myNode=7977f137...,timecost=0.191
info|2019-12-12 20:58:45.707900|[g:1][CONSENSUS][PBFT]checkAndChangeView: Reach consensus,org_view=90,org_changeCycle=0,cur_changeCycle=0,to_view=91
info|2019-12-12 20:58:46.709205|[g:1][CONSENSUS]addRawPrepare,height=31,reqIdx=1,hash=077351db...
info|2019-12-12 20:58:46.709434|[g:1][CONSENSUS][PBFT]checkTimeout Succ,view=91,toView=92,nodeIdx=2,changeCycle=0,myNode=7977f137...,timecost=0.205
info|2019-12-12 20:58:46.712423|[g:1][CONSENSUS][PBFT]checkAndChangeView: Reach consensus,org_view=91,org_changeCycle=0,cur_changeCycle=0,to_view=92
info|2019-12-12 20:58:47.713048|[g:1][CONSENSUS][SEALER]++++++++++++++++ Generating seal on,blkNum=31,tx=0,nodeIdx=2,hash=67c0f979...
info|2019-12-12 20:58:47.720008|[g:1][CONSENSUS][PBFT]checkTimeout Succ,view=92,toView=93,nodeIdx=2,changeCycle=0,myNode=7977f137...,timecost=0.235
info|2019-12-12 20:58:47.720973|[g:1][CONSENSUS][PBFT]checkAndChangeView: Reach consensus,org_view=92,org_changeCycle=0,cur_changeCycle=0,to_view=93
info|2019-12-12 20:58:48.721664|[g:1][CONSENSUS]addRawPrepare,height=31,reqIdx=3,hash=a9c2aaae...
info|2019-12-12 20:58:48.721953|[g:1][CONSENSUS][PBFT]checkTimeout Succ,view=93,toView=94,nodeIdx=2,changeCycle=0,myNode=7977f137...,timecost=0.266
info|2019-12-12 20:58:48.723778|[g:1][CONSENSUS][PBFT]checkAndChangeView: Reach consensus,org_view=93,org_changeCycle=0,cur_changeCycle=0,to_view=94
warning|2019-12-12 20:58:49.326058|[SYNC][id:7977f137...][Status]Peer data not found,nodeId=6e4f3ba3...
info|2019-12-12 20:58:49.739281|[g:1][CONSENSUS]addRawPrepare,height=31,reqIdx=0,hash=fc2105ce...
info|2019-12-12 20:58:49.739598|[g:1][CONSENSUS][PBFT]checkTimeout Succ,view=94,toView=95,nodeIdx=2,changeCycle=0,myNode=7977f137...,timecost=0.281
info|2019-12-12 20:58:49.742549|[g:1][CONSENSUS][PBFT]checkAndChangeView: Reach consensus,org_view=94,org_changeCycle=0,cur_changeCycle=0,to_view=95
info|2019-12-12 20:58:50.752379|[g:1][CONSENSUS]addRawPrepare,height=31,reqIdx=1,hash=e6628c41...
info|2019-12-12 20:58:50.752599|[g:1][CONSENSUS][PBFT]checkTimeout Succ,view=95,toView=96,nodeIdx=2,changeCycle=0,myNode=7977f137...,timecost=0.197
info|2019-12-12 20:58:50.753679|[g:1][CONSENSUS][PBFT]checkAndChangeView: Reach consensus,org_view=95,org_changeCycle=0,cur_changeCycle=0,to_view=96
info|2019-12-12 20:58:51.754842|[g:1][CONSENSUS][SEALER]++++++++++++++++ Generating seal on,blkNum=31,tx=0,nodeIdx=2,hash=3f6de74b...
info|2019-12-12 20:58:51.765522|[g:1][CONSENSUS][PBFT]checkTimeout Succ,view=96,toView=97,nodeIdx=2,changeCycle=0,myNode=7977f137...,timecost=0.209
info|2019-12-12 20:58:51.766433|[g:1][CONSENSUS][PBFT]checkAndChangeView: Reach consensus,org_view=96,org_changeCycle=0,cur_changeCycle=0,to_view=97
info|2019-12-12 20:58:52.764040|[g:1][CONSENSUS]addRawPrepare,height=31,reqIdx=3,hash=86f3e639...
info|2019-12-12 20:58:52.764255|[g:1][CONSENSUS][PBFT]checkTimeout Succ,view=97,toView=98,nodeIdx=2,changeCycle=0,myNode=7977f137...,timecost=0.192
info|2019-12-12 20:58:52.766867|[g:1][CONSENSUS][PBFT]checkAndChangeView: Reach consensus,org_view=97,org_changeCycle=0,cur_changeCycle=0,to_view=98
info|2019-12-12 20:58:53.771556|[g:1][CONSENSUS]addRawPrepare,height=31,reqIdx=0,hash=3a66251e...
info|2019-12-12 20:58:53.771785|[g:1][CONSENSUS][PBFT]checkTimeout Succ,view=98,toView=99,nodeIdx=2,changeCycle=0,myNode=7977f137...,timecost=0.229
info|2019-12-12 20:58:53.775427|[g:1][CONSENSUS][PBFT]checkAndChangeView: Reach consensus,org_view=98,org_changeCycle=0,cur_changeCycle=0,to_view=99
info|2019-12-12 20:58:53.899563|[P2P][Service] heartBeat,connected count=4
warning|2019-12-12 20:58:54.332878|[SYNC][id:7977f137...][Status]Peer data not found,nodeId=6e4f3ba3...
info|2019-12-12 20:58:54.778421|[g:1][CONSENSUS]addRawPrepare,height=31,reqIdx=1,hash=39dc78b5...
info|2019-12-12 20:58:54.778636|[g:1][CONSENSUS][PBFT]checkTimeout Succ,view=99,toView=100,nodeIdx=2,changeCycle=0,myNode=7977f137...,timecost=0.192
info|2019-12-12 20:58:54.782182|[g:1][CONSENSUS][PBFT]checkAndChangeView: Reach consensus,org_view=99,org_changeCycle=0,cur_changeCycle=0,to_view=100
info|2019-12-12 20:58:55.782884|[g:1][CONSENSUS][SEALER]++++++++++++++++ Generating seal on,blkNum=31,tx=0,nodeIdx=2,hash=caace415...
info|2019-12-12 20:58:55.789030|[g:1][CONSENSUS][PBFT]checkTimeout Succ,view=100,toView=101,nodeIdx=2,changeCycle=0,myNode=7977f137...,timecost=0.193
info|2019-12-12 20:58:55.789908|[g:1][CONSENSUS][PBFT]checkAndChangeView: Reach consensus,org_view=100,org_changeCycle=0,cur_changeCycle=0,to_view=101
info|2019-12-12 20:58:56.788666|[g:1][CONSENSUS]addRawPrepare,height=31,reqIdx=3,hash=9a695bdd...
info|2019-12-12 20:58:56.788909|[g:1][CONSENSUS][PBFT]checkTimeout Succ,view=101,toView=102,nodeIdx=2,changeCycle=0,myNode=7977f137...,timecost=0.22
info|2019-12-12 20:58:56.791727|[g:1][CONSENSUS][PBFT]checkAndChangeView: Reach consensus,org_view=101,org_changeCycle=0,cur_changeCycle=0,to_view=102
info|2019-12-12 20:58:57.794926|[g:1][CONSENSUS]addRawPrepare,height=31,reqIdx=0,hash=1f5bbc66...
info|2019-12-12 20:58:57.795138|[g:1][CONSENSUS][PBFT]checkTimeout Succ,view=102,toView=103,nodeIdx=2,changeCycle=0,myNode=7977f137...,timecost=0.187
info|2019-12-12 20:58:57.797517|[g:1][CONSENSUS][PBFT]checkAndChangeView: Reach consensus,org_view=102,org_changeCycle=0,cur_changeCycle=0,to_view=103
info|2019-12-12 20:58:58.801264|[g:1][CONSENSUS]addRawPrepare,height=31,reqIdx=1,hash=58abb224...
info|2019-12-12 20:58:58.801483|[g:1][CONSENSUS][PBFT]checkTimeout Succ,view=103,toView=104,nodeIdx=2,changeCycle=0,myNode=7977f137...,timecost=0.194
info|2019-12-12 20:58:58.803184|[g:1][CONSENSUS][PBFT]checkAndChangeView: Reach consensus,org_view=103,org_changeCycle=0,cur_changeCycle=0,to_view=104
warning|2019-12-12 20:58:59.344937|[SYNC][id:7977f137...][Status]Peer data not found,nodeId=6e4f3ba3...
info|2019-12-12 20:58:59.804363|[g:1][CONSENSUS][SEALER]++++++++++++++++ Generating seal on,blkNum=31,tx=0,nodeIdx=2,hash=f7422c25...
info|2019-12-12 20:58:59.810777|[g:1][CONSENSUS][PBFT]checkTimeout Succ,view=104,toView=105,nodeIdx=2,changeCycle=0,myNode=7977f137...,timecost=0.219
info|2019-12-12 20:58:59.811651|[g:1][CONSENSUS][PBFT]checkAndChangeView: Reach consensus,org_view=104,org_changeCycle=0,cur_changeCycle=0,to_view=105
info|2019-12-12 20:59:00.812468|[g:1][CONSENSUS]addRawPrepare,height=31,reqIdx=3,hash=4a97351e...
info|2019-12-12 20:59:00.812727|[g:1][CONSENSUS][PBFT]checkTimeout Succ,view=105,toView=106,nodeIdx=2,changeCycle=0,myNode=7977f137...,timecost=0.236
info|2019-12-12 20:59:00.813256|[g:1][CONSENSUS][PBFT]checkAndChangeView: Reach consensus,org_view=105,org_changeCycle=0,cur_changeCycle=0,to_view=106
info|2019-12-12 20:59:01.816526|[g:1][CONSENSUS]addRawPrepare,height=31,reqIdx=0,hash=4b5060fc...
info|2019-12-12 20:59:01.816744|[g:1][CONSENSUS][PBFT]checkTimeout Succ,view=106,toView=107,nodeIdx=2,changeCycle=0,myNode=7977f137...,timecost=0.193
info|2019-12-12 20:59:01.819951|[g:1][CONSENSUS][PBFT]checkAndChangeView: Reach consensus,org_view=106,org_changeCycle=0,cur_changeCycle=0,to_view=107
info|2019-12-12 20:59:02.823418|[g:1][CONSENSUS]addRawPrepare,height=31,reqIdx=1,hash=a5c38e5e...
info|2019-12-12 20:59:02.823722|[g:1][CONSENSUS][PBFT]checkTimeout Succ,view=107,toView=108,nodeIdx=2,changeCycle=0,myNode=7977f137...,timecost=0.271
info|2019-12-12 20:59:02.826569|[g:1][CONSENSUS][PBFT]checkAndChangeView: Reach consensus,org_view=107,org_changeCycle=0,cur_changeCycle=0,to_view=108
info|2019-12-12 20:59:03.827621|[g:1][CONSENSUS][SEALER]++++++++++++++++ Generating seal on,blkNum=31,tx=0,nodeIdx=2,hash=d7449ad1...
info|2019-12-12 20:59:03.833674|[g:1][CONSENSUS][PBFT]checkTimeout Succ,view=108,toView=109,nodeIdx=2,changeCycle=0,myNode=7977f137...,timecost=0.208
info|2019-12-12 20:59:03.834701|[g:1][CONSENSUS][PBFT]checkAndChangeView: Reach consensus,org_view=108,org_changeCycle=0,cur_changeCycle=0,to_view=109
info|2019-12-12 20:59:03.899647|[P2P][Service] heartBeat,connected count=4
warning|2019-12-12 20:59:04.354925|[SYNC][id:7977f137...][Status]Peer data not found,nodeId=6e4f3ba3...
info|2019-12-12 20:59:04.836362|[g:1][CONSENSUS]addRawPrepare,height=31,reqIdx=3,hash=8be9df1a...
info|2019-12-12 20:59:04.836614|[g:1][CONSENSUS][PBFT]checkTimeout Succ,view=109,toView=110,nodeIdx=2,changeCycle=0,myNode=7977f137...,timecost=0.229
info|2019-12-12 20:59:04.838008|[g:1][CONSENSUS][PBFT]checkAndChangeView: Reach consensus,org_view=109,org_changeCycle=0,cur_changeCycle=0,to_view=110
info|2019-12-12 20:59:05.841853|[g:1][CONSENSUS]addRawPrepare,height=31,reqIdx=0,hash=c3b5af0a...
info|2019-12-12 20:59:05.842057|[g:1][CONSENSUS][PBFT]checkTimeout Succ,view=110,toView=111,nodeIdx=2,changeCycle=0,myNode=7977f137...,timecost=0.182
info|2019-12-12 20:59:05.844654|[g:1][CONSENSUS][PBFT]checkAndChangeView: Reach consensus,org_view=110,org_changeCycle=0,cur_changeCycle=0,to_view=111
info|2019-12-12 20:59:06.846294|[g:1][CONSENSUS]addRawPrepare,height=31,reqIdx=1,hash=4f9cfbdf...
info|2019-12-12 20:59:06.846512|[g:1][CONSENSUS][PBFT]checkTimeout Succ,view=111,toView=112,nodeIdx=2,changeCycle=0,myNode=7977f137...,timecost=0.193
info|2019-12-12 20:59:06.848188|[g:1][CONSENSUS][PBFT]checkAndChangeView: Reach consensus,org_view=111,org_changeCycle=0,cur_changeCycle=0,to_view=112
info|2019-12-12 20:59:07.848210|[g:1][CONSENSUS][SEALER]++++++++++++++++ Generating seal on,blkNum=31,tx=0,nodeIdx=2,hash=e4d9812d...
info|2019-12-12 20:59:07.857486|[g:1][CONSENSUS][PBFT]checkTimeout Succ,view=112,toView=113,nodeIdx=2,changeCycle=0,myNode=7977f137...,timecost=0.229
info|2019-12-12 20:59:07.858434|[g:1][CONSENSUS][PBFT]checkAndChangeView: Reach consensus,org_view=112,org_changeCycle=0,cur_changeCycle=0,to_view=113
info|2019-12-12 20:59:08.865267|[g:1][CONSENSUS]addRawPrepare,height=31,reqIdx=3,hash=1e4eefd4...
info|2019-12-12 20:59:08.865589|[g:1][CONSENSUS][PBFT]checkTimeout Succ,view=113,toView=114,nodeIdx=2,changeCycle=0,myNode=7977f137...,timecost=0.284
info|2019-12-12 20:59:08.868067|[g:1][CONSENSUS][PBFT]checkAndChangeView: Reach consensus,org_view=113,org_changeCycle=0,cur_changeCycle=0,to_view=114
warning|2019-12-12 20:59:09.363905|[SYNC][id:7977f137...][Status]Peer data not found,nodeId=6e4f3ba3...
info|2019-12-12 20:59:09.874087|[g:1][CONSENSUS]addRawPrepare,height=31,reqIdx=0,hash=8b99e0d8...
info|2019-12-12 20:59:09.874302|[g:1][CONSENSUS][PBFT]checkTimeout Succ,view=114,toView=115,nodeIdx=2,changeCycle=0,myNode=7977f137...,timecost=0.193
info|2019-12-12 20:59:09.876760|[g:1][CONSENSUS][PBFT]checkAndChangeView: Reach consensus,org_view=114,org_changeCycle=0,cur_changeCycle=0,to_view=115
info|2019-12-12 20:59:10.882531|[g:1][CONSENSUS]addRawPrepare,height=31,reqIdx=1,hash=1561d9a9...
info|2019-12-12 20:59:10.882985|[g:1][CONSENSUS][PBFT]checkTimeout Succ,view=115,toView=116,nodeIdx=2,changeCycle=0,myNode=7977f137...,timecost=0.382
info|2019-12-12 20:59:10.887874|[g:1][CONSENSUS][PBFT]checkAndChangeView: Reach consensus,org_view=115,org_changeCycle=0,cur_changeCycle=0,to_view=116
info|2019-12-12 20:59:11.889384|[g:1][CONSENSUS][SEALER]++++++++++++++++ Generating seal on,blkNum=31,tx=0,nodeIdx=2,hash=f492fbc6...
info|2019-12-12 20:59:11.897556|[g:1][CONSENSUS][PBFT]checkTimeout Succ,view=116,toView=117,nodeIdx=2,changeCycle=0,myNode=7977f137...,timecost=0.21
info|2019-12-12 20:59:11.898498|[g:1][CONSENSUS][PBFT]checkAndChangeView: Reach consensus,org_view=116,org_changeCycle=0,cur_changeCycle=0,to_view=117
info|2019-12-12 20:59:12.900499|[g:1][CONSENSUS]addRawPrepare,height=31,reqIdx=3,hash=72a341e7...
info|2019-12-12 20:59:12.900725|[g:1][CONSENSUS][PBFT]checkTimeout Succ,view=117,toView=118,nodeIdx=2,changeCycle=0,myNode=7977f137...,timecost=0.204
info|2019-12-12 20:59:12.902424|[g:1][CONSENSUS][PBFT]checkAndChangeView: Reach consensus,org_view=117,org_changeCycle=0,cur_changeCycle=0,to_view=118
info|2019-12-12 20:59:13.899729|[P2P][Service] heartBeat,connected count=4
info|2019-12-12 20:59:13.904280|[g:1][CONSENSUS]addRawPrepare,height=31,reqIdx=0,hash=d9853419...
info|2019-12-12 20:59:13.904530|[g:1][CONSENSUS][PBFT]checkTimeout Succ,view=118,toView=119,nodeIdx=2,changeCycle=0,myNode=7977f137...,timecost=0.228
info|2019-12-12 20:59:13.907281|[g:1][CONSENSUS][PBFT]checkAndChangeView: Reach consensus,org_view=118,org_changeCycle=0,cur_changeCycle=0,to_view=119
warning|2019-12-12 20:59:14.371586|[SYNC][id:7977f137...][Status]Peer data not found,nodeId=6e4f3ba3...
info|2019-12-12 20:59:14.910484|[g:1][CONSENSUS]addRawPrepare,height=31,reqIdx=1,hash=2a61b2e5...
info|2019-12-12 20:59:14.910730|[g:1][CONSENSUS][PBFT]checkTimeout Succ,view=119,toView=120,nodeIdx=2,changeCycle=0,myNode=7977f137...,timecost=0.225
info|2019-12-12 20:59:14.913209|[g:1][CONSENSUS][PBFT]checkAndChangeView: Reach consensus,org_view=119,org_changeCycle=0,cur_changeCycle=0,to_view=120
info|2019-12-12 20:59:15.913609|[g:1][CONSENSUS][SEALER]++++++++++++++++ Generating seal on,blkNum=31,tx=0,nodeIdx=2,hash=12ef47bb...
info|2019-12-12 20:59:15.922010|[g:1][CONSENSUS][PBFT]checkTimeout Succ,view=120,toView=121,nodeIdx=2,changeCycle=0,myNode=7977f137...,timecost=0.227
info|2019-12-12 20:59:15.926245|[g:1][CONSENSUS][PBFT]checkAndChangeView: Reach consensus,org_view=120,org_changeCycle=0,cur_changeCycle=0,to_view=121
info|2019-12-12 20:59:16.926900|[g:1][CONSENSUS]addRawPrepare,height=31,reqIdx=3,hash=a99a166a...
info|2019-12-12 20:59:16.927216|[g:1][CONSENSUS][PBFT]checkTimeout Succ,view=121,toView=122,nodeIdx=2,changeCycle=0,myNode=7977f137...,timecost=0.278
info|2019-12-12 20:59:16.930540|[g:1][CONSENSUS][PBFT]checkAndChangeView: Reach consensus,org_view=121,org_changeCycle=0,cur_changeCycle=0,to_view=122
info|2019-12-12 20:59:17.934365|[g:1][CONSENSUS]addRawPrepare,height=31,reqIdx=0,hash=26b26367...
info|2019-12-12 20:59:17.934932|[g:1][CONSENSUS][PBFT]checkTimeout Succ,view=122,toView=123,nodeIdx=2,changeCycle=0,myNode=7977f137...,timecost=0.546
info|2019-12-12 20:59:17.935498|[g:1][CONSENSUS][PBFT]checkAndChangeView: Reach consensus,org_view=122,org_changeCycle=0,cur_changeCycle=0,to_view=123
info|2019-12-12 20:59:18.938481|[g:1][CONSENSUS]addRawPrepare,height=31,reqIdx=1,hash=ce6035b0...
info|2019-12-12 20:59:18.938708|[g:1][CONSENSUS][PBFT]checkTimeout Succ,view=123,toView=124,nodeIdx=2,changeCycle=0,myNode=7977f137...,timecost=0.196
info|2019-12-12 20:59:18.941786|[g:1][CONSENSUS][PBFT]checkAndChangeView: Reach consensus,org_view=123,org_changeCycle=0,cur_changeCycle=0,to_view=124
warning|2019-12-12 20:59:19.377709|[SYNC][id:7977f137...][Status]Peer data not found,nodeId=6e4f3ba3...
info|2019-12-12 20:59:19.942713|[g:1][CONSENSUS][SEALER]++++++++++++++++ Generating seal on,blkNum=31,tx=0,nodeIdx=2,hash=e18b2625...
info|2019-12-12 20:59:19.948881|[g:1][CONSENSUS][PBFT]checkTimeout Succ,view=124,toView=125,nodeIdx=2,changeCycle=0,myNode=7977f137...,timecost=0.203
info|2019-12-12 20:59:19.949661|[g:1][CONSENSUS][PBFT]checkAndChangeView: Reach consensus,org_view=124,org_changeCycle=0,cur_changeCycle=0,to_view=125
info|2019-12-12 20:59:20.951987|[g:1][CONSENSUS]addRawPrepare,height=31,reqIdx=3,hash=b550c0ed...
info|2019-12-12 20:59:20.952394|[g:1][CONSENSUS][PBFT]checkTimeout Succ,view=125,toView=126,nodeIdx=2,changeCycle=0,myNode=7977f137...,timecost=0.368
info|2019-12-12 20:59:20.955116|[g:1][CONSENSUS][PBFT]checkAndChangeView: Reach consensus,org_view=125,org_changeCycle=0,cur_changeCycle=0,to_view=126
info|2019-12-12 20:59:21.959801|[g:1][CONSENSUS]addRawPrepare,height=31,reqIdx=0,hash=49c48551...
info|2019-12-12 20:59:21.960029|[g:1][CONSENSUS][PBFT]checkTimeout Succ,view=126,toView=127,nodeIdx=2,changeCycle=0,myNode=7977f137...,timecost=0.202
info|2019-12-12 20:59:21.961767|[g:1][CONSENSUS][PBFT]checkAndChangeView: Reach consensus,org_view=126,org_changeCycle=0,cur_changeCycle=0,to_view=127
info|2019-12-12 20:59:22.967051|[g:1][CONSENSUS]addRawPrepare,height=31,reqIdx=1,hash=dda591ed...
info|2019-12-12 20:59:22.967275|[g:1][CONSENSUS][PBFT]checkTimeout Succ,view=127,toView=128,nodeIdx=2,changeCycle=0,myNode=7977f137...,timecost=0.195
info|2019-12-12 20:59:22.968982|[g:1][CONSENSUS][PBFT]checkAndChangeView: Reach consensus,org_view=127,org_changeCycle=0,cur_changeCycle=0,to_view=128
info|2019-12-12 20:59:23.899804|[P2P][Service] heartBeat,connected count=4
info|2019-12-12 20:59:23.969914|[g:1][CONSENSUS][SEALER]++++++++++++++++ Generating seal on,blkNum=31,tx=0,nodeIdx=2,hash=bc81c3a2...
info|2019-12-12 20:59:23.976544|[g:1][CONSENSUS][PBFT]checkTimeout Succ,view=128,toView=129,nodeIdx=2,changeCycle=0,myNode=7977f137...,timecost=0.215
info|2019-12-12 20:59:23.977393|[g:1][CONSENSUS][PBFT]checkAndChangeView: Reach consensus,org_view=128,org_changeCycle=0,cur_changeCycle=0,to_view=129
warning|2019-12-12 20:59:24.384527|[SYNC][id:7977f137...][Status]Peer data not found,nodeId=6e4f3ba3...
info|2019-12-12 20:59:24.978703|[g:1][CONSENSUS]addRawPrepare,height=31,reqIdx=3,hash=738e2871...
info|2019-12-12 20:59:24.978923|[g:1][CONSENSUS][PBFT]checkTimeout Succ,view=129,toView=130,nodeIdx=2,changeCycle=0,myNode=7977f137...,timecost=0.195
info|2019-12-12 20:59:24.981608|[g:1][CONSENSUS][PBFT]checkAndChangeView: Reach consensus,org_view=129,org_changeCycle=0,cur_changeCycle=0,to_view=130
info|2019-12-12 20:59:25.984599|[g:1][CONSENSUS]addRawPrepare,height=31,reqIdx=0,hash=eed7072f...
info|2019-12-12 20:59:25.984815|[g:1][CONSENSUS][PBFT]checkTimeout Succ,view=130,toView=131,nodeIdx=2,changeCycle=0,myNode=7977f137...,timecost=0.193
info|2019-12-12 20:59:25.989275|[g:1][CONSENSUS][PBFT]checkAndChangeView: Reach consensus,org_view=130,org_changeCycle=0,cur_changeCycle=0,to_view=131
info|2019-12-12 20:59:26.989690|[g:1][CONSENSUS]addRawPrepare,height=31,reqIdx=1,hash=a03d80da...
info|2019-12-12 20:59:26.989909|[g:1][CONSENSUS][PBFT]checkTimeout Succ,view=131,toView=132,nodeIdx=2,changeCycle=0,myNode=7977f137...,timecost=0.195
info|2019-12-12 20:59:26.990889|[g:1][CONSENSUS][PBFT]checkAndChangeView: Reach consensus,org_view=131,org_changeCycle=0,cur_changeCycle=0,to_view=132
info|2019-12-12 20:59:27.991305|[g:1][CONSENSUS][SEALER]++++++++++++++++ Generating seal on,blkNum=31,tx=0,nodeIdx=2,hash=bc48f89a...
info|2019-12-12 20:59:27.997234|[g:1][CONSENSUS][PBFT]checkTimeout Succ,view=132,toView=133,nodeIdx=2,changeCycle=0,myNode=7977f137...,timecost=0.2
info|2019-12-12 20:59:27.998050|[g:1][CONSENSUS][PBFT]checkAndChangeView: Reach consensus,org_view=132,org_changeCycle=0,cur_changeCycle=0,to_view=133
info|2019-12-12 20:59:28.997274|[g:1][CONSENSUS]addRawPrepare,height=31,reqIdx=3,hash=6d780851...
info|2019-12-12 20:59:28.997496|[g:1][CONSENSUS][PBFT]checkTimeout Succ,view=133,toView=134,nodeIdx=2,changeCycle=0,myNode=7977f137...,timecost=0.196
info|2019-12-12 20:59:28.999643|[g:1][CONSENSUS][PBFT]checkAndChangeView: Reach consensus,org_view=133,org_changeCycle=0,cur_changeCycle=0,to_view=134
warning|2019-12-12 20:59:29.394053|[SYNC][id:7977f137...][Status]Peer data not found,nodeId=6e4f3ba3...
info|2019-12-12 20:59:30.015383|[g:1][CONSENSUS]addRawPrepare,height=31,reqIdx=0,hash=5d6443e3...
info|2019-12-12 20:59:30.015620|[g:1][CONSENSUS][PBFT]checkTimeout Succ,view=134,toView=135,nodeIdx=2,changeCycle=0,myNode=7977f137...,timecost=0.213
info|2019-12-12 20:59:30.018097|[g:1][CONSENSUS][PBFT]checkAndChangeView: Reach consensus,org_view=134,org_changeCycle=0,cur_changeCycle=0,to_view=135
info|2019-12-12 20:59:31.021728|[g:1][CONSENSUS]addRawPrepare,height=31,reqIdx=1,hash=5005eed6...
info|2019-12-12 20:59:31.022144|[g:1][CONSENSUS][PBFT]checkTimeout Succ,view=135,toView=136,nodeIdx=2,changeCycle=0,myNode=7977f137...,timecost=0.379
info|2019-12-12 20:59:31.024450|[g:1][CONSENSUS][PBFT]checkAndChangeView: Reach consensus,org_view=135,org_changeCycle=0,cur_changeCycle=0,to_view=136
info|2019-12-12 20:59:32.025501|[g:1][CONSENSUS][SEALER]++++++++++++++++ Generating seal on,blkNum=31,tx=0,nodeIdx=2,hash=6c4280ad...
info|2019-12-12 20:59:32.031748|[g:1][CONSENSUS][PBFT]checkTimeout Succ,view=136,toView=137,nodeIdx=2,changeCycle=0,myNode=7977f137...,timecost=0.213
info|2019-12-12 20:59:32.032593|[g:1][CONSENSUS][PBFT]checkAndChangeView: Reach consensus,org_view=136,org_changeCycle=0,cur_changeCycle=0,to_view=137
info|2019-12-12 20:59:33.033426|[g:1][CONSENSUS]addRawPrepare,height=31,reqIdx=3,hash=52aee593...
info|2019-12-12 20:59:33.033645|[g:1][CONSENSUS][PBFT]checkTimeout Succ,view=137,toView=138,nodeIdx=2,changeCycle=0,myNode=7977f137...,timecost=0.195
info|2019-12-12 20:59:33.034715|[g:1][CONSENSUS][PBFT]checkAndChangeView: Reach consensus,org_view=137,org_changeCycle=0,cur_changeCycle=0,to_view=138
info|2019-12-12 20:59:33.900442|[P2P][Service] heartBeat,connected count=4
info|2019-12-12 20:59:34.038197|[g:1][CONSENSUS]addRawPrepare,height=31,reqIdx=0,hash=f9be2964...
info|2019-12-12 20:59:34.038416|[g:1][CONSENSUS][PBFT]checkTimeout Succ,view=138,toView=139,nodeIdx=2,changeCycle=0,myNode=7977f137...,timecost=0.191
info|2019-12-12 20:59:34.040690|[g:1][CONSENSUS][PBFT]checkAndChangeView: Reach consensus,org_view=138,org_changeCycle=0,cur_changeCycle=0,to_view=139
warning|2019-12-12 20:59:34.403785|[SYNC][id:7977f137...][Status]Peer data not found,nodeId=6e4f3ba3...
info|2019-12-12 20:59:35.042233|[g:1][CONSENSUS]addRawPrepare,height=31,reqIdx=1,hash=c96fdad1...
info|2019-12-12 20:59:35.042480|[g:1][CONSENSUS][PBFT]checkTimeout Succ,view=139,toView=140,nodeIdx=2,changeCycle=0,myNode=7977f137...,timecost=0.182
info|2019-12-12 20:59:35.045115|[g:1][CONSENSUS][PBFT]checkAndChangeView: Reach consensus,org_view=139,org_changeCycle=0,cur_changeCycle=0,to_view=140
info|2019-12-12 20:59:36.047444|[g:1][CONSENSUS][SEALER]++++++++++++++++ Generating seal on,blkNum=31,tx=0,nodeIdx=2,hash=8f1f5409...
info|2019-12-12 20:59:36.053290|[g:1][CONSENSUS][PBFT]checkTimeout Succ,view=140,toView=141,nodeIdx=2,changeCycle=0,myNode=7977f137...,timecost=0.202
info|2019-12-12 20:59:36.054338|[g:1][CONSENSUS][PBFT]checkAndChangeView: Reach consensus,org_view=140,org_changeCycle=0,cur_changeCycle=0,to_view=141
info|2019-12-12 20:59:37.055676|[g:1][CONSENSUS]addRawPrepare,height=31,reqIdx=3,hash=e8379a47...
info|2019-12-12 20:59:37.055934|[g:1][CONSENSUS][PBFT]checkTimeout Succ,view=141,toView=142,nodeIdx=2,changeCycle=0,myNode=7977f137...,timecost=0.233
info|2019-12-12 20:59:37.058527|[g:1][CONSENSUS][PBFT]checkAndChangeView: Reach consensus,org_view=141,org_changeCycle=0,cur_changeCycle=0,to_view=142
info|2019-12-12 20:59:38.062516|[g:1][CONSENSUS]addRawPrepare,height=31,reqIdx=0,hash=757fb6f4...
info|2019-12-12 20:59:38.062718|[g:1][CONSENSUS][PBFT]checkTimeout Succ,view=142,toView=143,nodeIdx=2,changeCycle=0,myNode=7977f137...,timecost=0.18
info|2019-12-12 20:59:38.064335|[g:1][CONSENSUS][PBFT]checkAndChangeView: Reach consensus,org_view=142,org_changeCycle=0,cur_changeCycle=0,to_view=143
info|2019-12-12 20:59:39.066777|[g:1][CONSENSUS]addRawPrepare,height=31,reqIdx=1,hash=fcf0b7fa...
info|2019-12-12 20:59:39.067007|[g:1][CONSENSUS][PBFT]checkTimeout Succ,view=143,toView=144,nodeIdx=2,changeCycle=0,myNode=7977f137...,timecost=0.208
info|2019-12-12 20:59:39.068168|[g:1][CONSENSUS][PBFT]checkAndChangeView: Reach consensus,org_view=143,org_changeCycle=0,cur_changeCycle=0,to_view=144
warning|2019-12-12 20:59:39.413605|[SYNC][id:7977f137...][Status]Peer data not found,nodeId=6e4f3ba3...
info|2019-12-12 20:59:40.073911|[g:1][CONSENSUS][SEALER]++++++++++++++++ Generating seal on,blkNum=31,tx=0,nodeIdx=2,hash=712e8ad2...
info|2019-12-12 20:59:40.080489|[g:1][CONSENSUS][PBFT]checkTimeout Succ,view=144,toView=145,nodeIdx=2,changeCycle=0,myNode=7977f137...,timecost=0.242
info|2019-12-12 20:59:40.081845|[g:1][CONSENSUS][PBFT]checkAndChangeView: Reach consensus,org_view=144,org_changeCycle=0,cur_changeCycle=0,to_view=145
info|2019-12-12 20:59:41.088200|[g:1][CONSENSUS]addRawPrepare,height=31,reqIdx=3,hash=adce2457...
info|2019-12-12 20:59:41.088478|[g:1][CONSENSUS][PBFT]checkTimeout Succ,view=145,toView=146,nodeIdx=2,changeCycle=0,myNode=7977f137...,timecost=0.261
info|2019-12-12 20:59:41.090503|[g:1][CONSENSUS][PBFT]checkAndChangeView: Reach consensus,org_view=145,org_changeCycle=0,cur_changeCycle=0,to_view=146
info|2019-12-12 20:59:42.097338|[g:1][CONSENSUS]addRawPrepare,height=31,reqIdx=0,hash=c921b218...
info|2019-12-12 20:59:42.097550|[g:1][CONSENSUS][PBFT]checkTimeout Succ,view=146,toView=147,nodeIdx=2,changeCycle=0,myNode=7977f137...,timecost=0.185
info|2019-12-12 20:59:42.100386|[g:1][CONSENSUS][PBFT]checkAndChangeView: Reach consensus,org_view=146,org_changeCycle=0,cur_changeCycle=0,to_view=147
info|2019-12-12 20:59:43.102285|[g:1][CONSENSUS]addRawPrepare,height=31,reqIdx=1,hash=5991982c...
info|2019-12-12 20:59:43.103458|[g:1][CONSENSUS][PBFT]checkTimeout Succ,view=147,toView=148,nodeIdx=2,changeCycle=0,myNode=7977f137...,timecost=1.151
info|2019-12-12 20:59:43.108524|[g:1][CONSENSUS][PBFT]checkAndChangeView: Reach consensus,org_view=147,org_changeCycle=0,cur_changeCycle=0,to_view=148
info|2019-12-12 20:59:43.900538|[P2P][Service] heartBeat,connected count=4
info|2019-12-12 20:59:44.109742|[g:1][CONSENSUS][SEALER]++++++++++++++++ Generating seal on,blkNum=31,tx=0,nodeIdx=2,hash=9cb84059...
info|2019-12-12 20:59:44.122426|[g:1][CONSENSUS][PBFT]checkTimeout Succ,view=148,toView=149,nodeIdx=2,changeCycle=0,myNode=7977f137...,timecost=0.251
info|2019-12-12 20:59:44.123231|[g:1][CONSENSUS][PBFT]checkAndChangeView: Reach consensus,org_view=148,org_changeCycle=0,cur_changeCycle=0,to_view=149
warning|2019-12-12 20:59:44.427568|[SYNC][id:7977f137...][Status]Peer data not found,nodeId=6e4f3ba3...
info|2019-12-12 20:59:45.122495|[g:1][CONSENSUS]addRawPrepare,height=31,reqIdx=3,hash=d31641c1...
info|2019-12-12 20:59:45.124146|[g:1][CONSENSUS][PBFT]checkTimeout Succ,view=149,toView=150,nodeIdx=2,changeCycle=0,myNode=7977f137...,timecost=1.63
info|2019-12-12 20:59:45.124777|[g:1][CONSENSUS][PBFT]checkAndChangeView: Reach consensus,org_view=149,org_changeCycle=0,cur_changeCycle=0,to_view=150
info|2019-12-12 20:59:46.129127|[g:1][CONSENSUS]addRawPrepare,height=31,reqIdx=0,hash=12614814...
info|2019-12-12 20:59:46.129333|[g:1][CONSENSUS][PBFT]checkTimeout Succ,view=150,toView=151,nodeIdx=2,changeCycle=0,myNode=7977f137...,timecost=0.185
info|2019-12-12 20:59:46.130763|[g:1][CONSENSUS][PBFT]checkAndChangeView: Reach consensus,org_view=150,org_changeCycle=0,cur_changeCycle=0,to_view=151
info|2019-12-12 20:59:47.134509|[g:1][CONSENSUS]addRawPrepare,height=31,reqIdx=1,hash=2550fbaa...
info|2019-12-12 20:59:47.134781|[g:1][CONSENSUS][PBFT]checkTimeout Succ,view=151,toView=152,nodeIdx=2,changeCycle=0,myNode=7977f137...,timecost=0.252
info|2019-12-12 20:59:47.136444|[g:1][CONSENSUS][PBFT]checkAndChangeView: Reach consensus,org_view=151,org_changeCycle=0,cur_changeCycle=0,to_view=152
info|2019-12-12 20:59:48.137230|[g:1][CONSENSUS][SEALER]++++++++++++++++ Generating seal on,blkNum=31,tx=0,nodeIdx=2,hash=52c2d7d5...
info|2019-12-12 20:59:48.147157|[g:1][CONSENSUS][PBFT]checkTimeout Succ,view=152,toView=153,nodeIdx=2,changeCycle=0,myNode=7977f137...,timecost=0.2
info|2019-12-12 20:59:48.150468|[g:1][CONSENSUS][PBFT]checkAndChangeView: Reach consensus,org_view=152,org_changeCycle=0,cur_changeCycle=0,to_view=153
info|2019-12-12 20:59:49.149163|[g:1][CONSENSUS]addRawPrepare,height=31,reqIdx=3,hash=e1e50c4d...
info|2019-12-12 20:59:49.149499|[g:1][CONSENSUS][PBFT]checkTimeout Succ,view=153,toView=154,nodeIdx=2,changeCycle=0,myNode=7977f137...,timecost=0.295
info|2019-12-12 20:59:49.156396|[g:1][CONSENSUS][PBFT]checkAndChangeView: Reach consensus,org_view=153,org_changeCycle=0,cur_changeCycle=0,to_view=154
warning|2019-12-12 20:59:49.444731|[SYNC][id:7977f137...][Status]Peer data not found,nodeId=6e4f3ba3...
info|2019-12-12 20:59:50.154885|[g:1][CONSENSUS]addRawPrepare,height=31,reqIdx=0,hash=647dbf2e...
info|2019-12-12 20:59:50.155112|[g:1][CONSENSUS][PBFT]checkTimeout Succ,view=154,toView=155,nodeIdx=2,changeCycle=0,myNode=7977f137...,timecost=0.2
info|2019-12-12 20:59:50.157677|[g:1][CONSENSUS][PBFT]checkAndChangeView: Reach consensus,org_view=154,org_changeCycle=0,cur_changeCycle=0,to_view=155
info|2019-12-12 20:59:51.158551|[g:1][CONSENSUS]addRawPrepare,height=31,reqIdx=1,hash=f268e341...
info|2019-12-12 20:59:51.158802|[g:1][CONSENSUS][PBFT]checkTimeout Succ,view=155,toView=156,nodeIdx=2,changeCycle=0,myNode=7977f137...,timecost=0.23
info|2019-12-12 20:59:51.160654|[g:1][CONSENSUS][PBFT]checkAndChangeView: Reach consensus,org_view=155,org_changeCycle=0,cur_changeCycle=0,to_view=156
info|2019-12-12 20:59:52.161247|[g:1][CONSENSUS][SEALER]++++++++++++++++ Generating seal on,blkNum=31,tx=0,nodeIdx=2,hash=2223c2b5...
info|2019-12-12 20:59:52.167093|[g:1][CONSENSUS][PBFT]checkTimeout Succ,view=156,toView=157,nodeIdx=2,changeCycle=0,myNode=7977f137...,timecost=0.212
info|2019-12-12 20:59:52.167899|[g:1][CONSENSUS][PBFT]checkAndChangeView: Reach consensus,org_view=156,org_changeCycle=0,cur_changeCycle=0,to_view=157
info|2019-12-12 20:59:53.168599|[g:1][CONSENSUS]addRawPrepare,height=31,reqIdx=3,hash=132616bd...
info|2019-12-12 20:59:53.168818|[g:1][CONSENSUS][PBFT]checkTimeout Succ,view=157,toView=158,nodeIdx=2,changeCycle=0,myNode=7977f137...,timecost=0.196
info|2019-12-12 20:59:53.170541|[g:1][CONSENSUS][PBFT]checkAndChangeView: Reach consensus,org_view=157,org_changeCycle=0,cur_changeCycle=0,to_view=158
info|2019-12-12 20:59:53.900610|[P2P][Service] heartBeat,connected count=4
info|2019-12-12 20:59:54.173815|[g:1][CONSENSUS]addRawPrepare,height=31,reqIdx=0,hash=1306dedb...
info|2019-12-12 20:59:54.174062|[g:1][CONSENSUS][PBFT]checkTimeout Succ,view=158,toView=159,nodeIdx=2,changeCycle=0,myNode=7977f137...,timecost=0.221
info|2019-12-12 20:59:54.174624|[g:1][CONSENSUS][PBFT]checkAndChangeView: Reach consensus,org_view=158,org_changeCycle=0,cur_changeCycle=0,to_view=159
warning|2019-12-12 20:59:54.451178|[SYNC][id:7977f137...][Status]Peer data not found,nodeId=6e4f3ba3...
info|2019-12-12 20:59:55.180547|[g:1][CONSENSUS]addRawPrepare,height=31,reqIdx=1,hash=141c31cd...
info|2019-12-12 20:59:55.180768|[g:1][CONSENSUS][PBFT]checkTimeout Succ,view=159,toView=160,nodeIdx=2,changeCycle=0,myNode=7977f137...,timecost=0.196
info|2019-12-12 20:59:55.181697|[g:1][CONSENSUS][PBFT]checkAndChangeView: Reach consensus,org_view=159,org_changeCycle=0,cur_changeCycle=0,to_view=160
info|2019-12-12 20:59:56.183773|[g:1][CONSENSUS][SEALER]++++++++++++++++ Generating seal on,blkNum=31,tx=0,nodeIdx=2,hash=938cedd0...
info|2019-12-12 20:59:56.189776|[g:1][CONSENSUS][PBFT]checkTimeout Succ,view=160,toView=161,nodeIdx=2,changeCycle=0,myNode=7977f137...,timecost=0.199
info|2019-12-12 20:59:56.190679|[g:1][CONSENSUS][PBFT]checkAndChangeView: Reach consensus,org_view=160,org_changeCycle=0,cur_changeCycle=0,to_view=161
info|2019-12-12 20:59:57.190886|[g:1][CONSENSUS]addRawPrepare,height=31,reqIdx=3,hash=159768c7...
info|2019-12-12 20:59:57.191102|[g:1][CONSENSUS][PBFT]checkTimeout Succ,view=161,toView=162,nodeIdx=2,changeCycle=0,myNode=7977f137...,timecost=0.193
info|2019-12-12 20:59:57.192671|[g:1][CONSENSUS][PBFT]checkAndChangeView: Reach consensus,org_view=161,org_changeCycle=0,cur_changeCycle=0,to_view=162
info|2019-12-12 20:59:58.198803|[g:1][CONSENSUS][PBFT]Trigger fast-viewchange,view=162,toView=162,minView=163,INFO=,reqNum=30,curNum=30,GenIdx=1,Cview=163,view=162,fromIdx=1,fromNode=6f997471...,fromIp=127.0.0.1:45274,hash=64f42bb3...,nodeIdx=2,myNode=7977f137...
info|2019-12-12 20:59:58.199056|[g:1][CONSENSUS][PBFT]checkAndChangeView: Reach consensus,org_view=162,org_changeCycle=0,cur_changeCycle=0,to_view=163
info|2019-12-12 20:59:58.199069|[g:1][CONSENSUS][PBFT]checkTimeout Succ,view=163,toView=163,nodeIdx=2,changeCycle=0,myNode=7977f137...,timecost=0.221
info|2019-12-12 20:59:59.202519|[g:1][CONSENSUS]addRawPrepare,height=31,reqIdx=1,hash=6532e59b...
info|2019-12-12 20:59:59.202740|[g:1][CONSENSUS][PBFT]checkTimeout Succ,view=163,toView=164,nodeIdx=2,changeCycle=0,myNode=7977f137...,timecost=0.198
info|2019-12-12 20:59:59.207537|[g:1][CONSENSUS][PBFT]checkAndChangeView: Reach consensus,org_view=163,org_changeCycle=0,cur_changeCycle=0,to_view=164
warning|2019-12-12 20:59:59.459566|[SYNC][id:7977f137...][Status]Peer data not found,nodeId=6e4f3ba3...
