info|2019-12-12 20:57:13.829287|[INITIALIZER][initGlobalConfig],enableCompress=true,compatibilityVersion=2.1.0,versionNumber=33619968,chainId=1
info|2019-12-12 20:57:13.899931|[NETWORK][Host]Connecting to node,endpoint=127.0.0.1:30300
info|2019-12-12 20:57:13.916385|[NETWORK][Host]P2P StartAccept,Host=0.0.0.0:30303
info|2019-12-12 20:57:13.916474|[NETWORK][Host]P2P Recv Connect, From=127.0.0.1:55732
info|2019-12-12 20:57:13.916533|[NETWORK][Host]P2P StartAccept,Host=0.0.0.0:30303
info|2019-12-12 20:57:13.918418|[NETWORK][Host]Connecting to node,endpoint=127.0.0.1:30301
info|2019-12-12 20:57:13.918504|[NETWORK][Host]Connecting to node,endpoint=127.0.0.1:30302
info|2019-12-12 20:57:13.918548|[NETWORK][Host]Connecting to node,endpoint=127.0.0.1:30303
info|2019-12-12 20:57:13.918589|[P2P][Service] heartBeat,connected count=0
info|2019-12-12 20:57:13.919068|[CHANNEL]ChannelRPCServer started
info|2019-12-12 20:57:13.919089|[INITIALIZER][RPCInitializer]ChannelRPCHttpServer started.
info|2019-12-12 20:57:13.919108|[LedgerInitializer],groupConfigPath=conf/
info|2019-12-12 20:57:13.919214|[INITIALIZER][initSingleLedger] [GroupId]:  1
info|2019-12-12 20:57:13.919237|[g:1][LEDGER]LedgerConstructor,configPath=conf/group.1.genesis,baseDir=data//group1
info|2019-12-12 20:57:13.919251|[g:1][LEDGER][initGenesisConfig]initConsensusConfig/initDBConfig/initTxConfig,configFile=conf/group.1.genesis
info|2019-12-12 20:57:13.919328|[g:1][LEDGER][initConsensusConfig],it.first=6f9974710b9ea562ecc6a6823039b05e159d8669f228efa0c8b8234f08c2b75fb97eecdae4ef16bc99800bdfa03ed03d619629887e9c1c8b46ad79f5d38c4991
info|2019-12-12 20:57:13.919354|[g:1][LEDGER][initConsensusConfig],it.first=3c841dae42d67ff6c383c1bb1de35a240c03722517cf3711eacd8c8d1b168ac146b4580f67399b4d7d2a36358faea19bc9d7875a3160147b3b9c3c9eb331f80c
info|2019-12-12 20:57:13.919377|[g:1][LEDGER][initConsensusConfig],it.first=7977f13736cfe14481107f9daa8a957d5156ba4f001285ee5d658512a97bedebf72a47213feba7cce05ecd2639f2426ad79a3abd436fe58d3eab1d37c47da13c
info|2019-12-12 20:57:13.919399|[g:1][LEDGER][initConsensusConfig],it.first=9303553ad8ac45cce2b6dfa1efc53e16bad3db119e47da65b9656ed9be68073f3a68780aaf85b2d1545a93db9d541276a33bdd6f3bef1baab3c8c44880e1837a
info|2019-12-12 20:57:13.919443|[g:1][LEDGER][initIniConfig]initTxPoolConfig/initSyncConfig/initTxExecuteConfig,configFile=conf/group.1.ini
info|2019-12-12 20:57:13.919540|[g:1][LEDGER][initLedger][DBInitializer]
info|2019-12-12 20:57:13.919560|[g:1][DBINITIALIZER] [initRocksDBStorage]
info|2019-12-12 20:57:13.919590|[g:1][ROCKSDB]open rocksDB handler
info|2019-12-12 20:57:13.938556|[NETWORK][ASIO]asyncResolveConnect,endpoint=127.0.0.1:30300
info|2019-12-12 20:57:13.938611|[NETWORK][ASIO]asyncResolveConnect,endpoint=127.0.0.1:30301
info|2019-12-12 20:57:13.938652|[NETWORK][ASIO]asyncResolveConnect,endpoint=127.0.0.1:30302
info|2019-12-12 20:57:13.938690|[NETWORK][ASIO]asyncResolveConnect,endpoint=127.0.0.1:30303
info|2019-12-12 20:57:13.938722|[NETWORK][Host]P2P Recv Connect, From=127.0.0.1:55740
info|2019-12-12 20:57:13.938765|[NETWORK][Host]P2P StartAccept,Host=0.0.0.0:30303
info|2019-12-12 20:57:13.951217|[NETWORK][Host]P2P Recv Connect, From=127.0.0.1:55750
info|2019-12-12 20:57:13.951278|[NETWORK][Host]P2P StartAccept,Host=0.0.0.0:30303
warning|2019-12-12 20:57:13.951326|[NETWORK][Host]TCP Connection refused by node,endpoint=127.0.0.1:30300,message=Connection refused
warning|2019-12-12 20:57:13.951387|[P2P][Service] onConnect,errorCode=5,what=Connect failed
info|2019-12-12 20:57:14.038468|[g:1][g:0][STORAGE][CachedStorage]Init flushStorage thread
info|2019-12-12 20:57:14.038913|[g:1][BLOCKCHAIN][#checkAndBuildGenesisBlock]Already have the 0th block, 0th groupMark is equal to file groupMark.
info|2019-12-12 20:57:14.057201|[g:1][CONSENSUS][PBFT]Register handler for PBFTEngine
info|2019-12-12 20:57:14.057233|[g:1][CONSENSUS][PBFT],minBlockGenerationTime=500
info|2019-12-12 20:57:14.057256|[LedgerInitializer init group succ],groupID=1
info|2019-12-12 20:57:14.057439|[INITIALIZER][RPCInitializer]JsonrpcHttpServer started.
info|2019-12-12 20:57:14.057459|[g:1][LEDGER]startAll...
info|2019-12-12 20:57:14.065503|[g:1][CONSENSUS][PBFT]^^^^^^^^Report,num=30,sealerIdx=2,hash=64f42bb3...,next=31,tx=1,nodeIdx=3
info|2019-12-12 20:57:14.068708|[NETWORK][Host]P2P Recv Connect, From=127.0.0.1:55758
info|2019-12-12 20:57:14.070604|[g:1][CONSENSUS][PBFT][PBFT init env successfully]
info|2019-12-12 20:57:14.070630|[g:1][CONSENSUS][ConsensusEngine][Start ConsensusEngineBase]
info|2019-12-12 20:57:14.072216|[NETWORK][Host]P2P StartAccept,Host=0.0.0.0:30303
info|2019-12-12 20:57:14.074008|[NETWORK][Host]P2P Recv Connect, From=127.0.0.1:55766
info|2019-12-12 20:57:14.076110|[g:1][CONSENSUS][PBFT][Start PBFTEngine...]
info|2019-12-12 20:57:14.076133|[g:1][CONSENSUS][SEALER][Start sealer module]
info|2019-12-12 20:57:14.077883|[NETWORK][Host]P2P StartAccept,Host=0.0.0.0:30303
info|2019-12-12 20:57:14.080746|[g:1][EVENT][EventLogFilterManager]start,m_maxBlockRange=0,m_maxBlockPerLoopFilter=3
info|2019-12-12 20:57:14.120263|[P2P][Service] Connection established,nodeID=6e4f3ba3...,endpoint=127.0.0.1:55740
info|2019-12-12 20:57:14.122959|[NETWORK][Host]startPeerSession, From=127.0.0.1:55740,nodeID=6e4f3ba3...
info|2019-12-12 20:57:14.123064|[P2P][Service] Connection established,nodeID=7977f137...,endpoint=127.0.0.1:55732
info|2019-12-12 20:57:14.123096|[NETWORK][Host]startPeerSession, From=127.0.0.1:55732,nodeID=7977f137...
info|2019-12-12 20:57:14.144775|[P2P][Service] Connection established,nodeID=3c841dae...,endpoint=127.0.0.1:55750
info|2019-12-12 20:57:14.144837|[NETWORK][Host]startPeerSession, From=127.0.0.1:55750,nodeID=3c841dae...
info|2019-12-12 20:57:14.144942|[NETWORK][Host]startPeerSession, From=127.0.0.1:30301,nodeID=3c841dae...
info|2019-12-12 20:57:14.149716|[NETWORK][Host]startPeerSession, From=127.0.0.1:30302,nodeID=7977f137...
info|2019-12-12 20:57:14.149839|[NETWORK][Host]startPeerSession, From=127.0.0.1:55758,nodeID=9303553a...
info|2019-12-12 20:57:14.149977|[NETWORK][Host]startPeerSession, From=127.0.0.1:30303,nodeID=9303553a...
info|2019-12-12 20:57:14.150052|[P2P][Service] Connection established,nodeID=6f997471...,endpoint=127.0.0.1:55766
info|2019-12-12 20:57:14.150073|[NETWORK][Host]startPeerSession, From=127.0.0.1:55766,nodeID=6f997471...
warning|2019-12-12 20:57:14.150229|[NETWORK][Session]doRead error,endpoint=127.0.0.1:55750,message=stream truncated
info|2019-12-12 20:57:14.150648|[NETWORK][Session]drop, call and erase all callbackFunc in this session!,endpoint=127.0.0.1:55750
warning|2019-12-12 20:57:14.150674|[P2P][Service] disconnect error P2PSession,nodeID=3c841dae...,endpoint=127.0.0.1:55750,errorCode=3,what=Disconnect
warning|2019-12-12 20:57:14.150685|[P2P][Service] onDisconnect,errorCode=3,what=Dynamic exception type: dev::network::NetworkException
std::exception::what: Disconnect

warning|2019-12-12 20:57:14.150710|[NETWORK][Session][drop] closing remote 0.0.0.0:0,reason=Low-level TCP communication error.,endpoint=127.0.0.1:55750
warning|2019-12-12 20:57:14.150751|[NETWORK][Session][drop] shutdown failed ,errorValue=9,message=Bad file descriptor
warning|2019-12-12 20:57:14.233364|[SYNC][id:9303553a...][Status]Peer data not found,nodeId=7977f137...
warning|2019-12-12 20:57:14.245223|[SYNC][id:9303553a...][Status]Peer data not found,nodeId=6e4f3ba3...
info|2019-12-12 20:57:15.026776|[g:1][CONSENSUS]addRawPrepare,height=31,reqIdx=2,hash=9883ce74...
info|2019-12-12 20:57:15.027004|[g:1][CONSENSUS][PBFT]checkTimeout Succ,view=0,toView=1,nodeIdx=3,changeCycle=0,myNode=9303553a...,timecost=0.196
info|2019-12-12 20:57:15.029384|[g:1][CONSENSUS][PBFT]checkAndChangeView: Reach consensus,org_view=0,org_changeCycle=0,cur_changeCycle=0,to_view=1
info|2019-12-12 20:57:16.029471|[g:1][CONSENSUS][SEALER]++++++++++++++++ Generating seal on,blkNum=31,tx=0,nodeIdx=3,hash=6c0e8d98...
info|2019-12-12 20:57:16.035323|[g:1][CONSENSUS][PBFT]checkTimeout Succ,view=1,toView=2,nodeIdx=3,changeCycle=0,myNode=9303553a...,timecost=0.184
info|2019-12-12 20:57:16.036111|[g:1][CONSENSUS][PBFT]checkAndChangeView: Reach consensus,org_view=1,org_changeCycle=0,cur_changeCycle=0,to_view=2
info|2019-12-12 20:57:17.036413|[g:1][CONSENSUS]addRawPrepare,height=31,reqIdx=0,hash=b273a68b...
info|2019-12-12 20:57:17.036617|[g:1][CONSENSUS][PBFT]checkTimeout Succ,view=2,toView=3,nodeIdx=3,changeCycle=0,myNode=9303553a...,timecost=0.181
info|2019-12-12 20:57:17.038616|[g:1][CONSENSUS][PBFT]checkAndChangeView: Reach consensus,org_view=2,org_changeCycle=0,cur_changeCycle=0,to_view=3
info|2019-12-12 20:57:18.041968|[g:1][CONSENSUS]addRawPrepare,height=31,reqIdx=1,hash=583eb560...
info|2019-12-12 20:57:18.042532|[g:1][CONSENSUS][PBFT]checkTimeout Succ,view=3,toView=4,nodeIdx=3,changeCycle=0,myNode=9303553a...,timecost=0.462
info|2019-12-12 20:57:18.048353|[g:1][CONSENSUS][PBFT]checkAndChangeView: Reach consensus,org_view=3,org_changeCycle=0,cur_changeCycle=0,to_view=4
info|2019-12-12 20:57:19.048767|[g:1][CONSENSUS]addRawPrepare,height=31,reqIdx=2,hash=e691a6be...
info|2019-12-12 20:57:19.048981|[g:1][CONSENSUS][PBFT]checkTimeout Succ,view=4,toView=5,nodeIdx=3,changeCycle=0,myNode=9303553a...,timecost=0.184
warning|2019-12-12 20:57:19.051311|[SYNC][id:9303553a...][Status]Peer data not found,nodeId=6e4f3ba3...
info|2019-12-12 20:57:19.094796|[g:1][CONSENSUS][PBFT]checkAndChangeView: Reach consensus,org_view=4,org_changeCycle=0,cur_changeCycle=0,to_view=5
info|2019-12-12 20:57:20.095585|[g:1][CONSENSUS][SEALER]++++++++++++++++ Generating seal on,blkNum=31,tx=0,nodeIdx=3,hash=8bbda546...
info|2019-12-12 20:57:20.101169|[g:1][CONSENSUS][PBFT]checkTimeout Succ,view=5,toView=6,nodeIdx=3,changeCycle=0,myNode=9303553a...,timecost=0.181
info|2019-12-12 20:57:20.102005|[g:1][CONSENSUS][PBFT]checkAndChangeView: Reach consensus,org_view=5,org_changeCycle=0,cur_changeCycle=0,to_view=6
info|2019-12-12 20:57:21.103765|[g:1][CONSENSUS]addRawPrepare,height=31,reqIdx=0,hash=d72ca8ce...
info|2019-12-12 20:57:21.103973|[g:1][CONSENSUS][PBFT]checkTimeout Succ,view=6,toView=7,nodeIdx=3,changeCycle=0,myNode=9303553a...,timecost=0.182
info|2019-12-12 20:57:21.107958|[g:1][CONSENSUS][PBFT]checkAndChangeView: Reach consensus,org_view=6,org_changeCycle=0,cur_changeCycle=0,to_view=7
info|2019-12-12 20:57:22.109982|[g:1][CONSENSUS]addRawPrepare,height=31,reqIdx=1,hash=30e35ef8...
info|2019-12-12 20:57:22.110224|[g:1][CONSENSUS][PBFT]checkTimeout Succ,view=7,toView=8,nodeIdx=3,changeCycle=0,myNode=9303553a...,timecost=0.175
info|2019-12-12 20:57:22.113674|[g:1][CONSENSUS][PBFT]checkAndChangeView: Reach consensus,org_view=7,org_changeCycle=0,cur_changeCycle=0,to_view=8
info|2019-12-12 20:57:23.117938|[g:1][CONSENSUS]addRawPrepare,height=31,reqIdx=2,hash=02d3b76d...
info|2019-12-12 20:57:23.118173|[g:1][CONSENSUS][PBFT]checkTimeout Succ,view=8,toView=9,nodeIdx=3,changeCycle=0,myNode=9303553a...,timecost=0.183
info|2019-12-12 20:57:23.120929|[g:1][CONSENSUS][PBFT]checkAndChangeView: Reach consensus,org_view=8,org_changeCycle=0,cur_changeCycle=0,to_view=9
info|2019-12-12 20:57:23.900913|[NETWORK][Host]P2P Recv Connect, From=127.0.0.1:55772
info|2019-12-12 20:57:23.900955|[NETWORK][Host]P2P StartAccept,Host=0.0.0.0:30303
info|2019-12-12 20:57:23.917007|[P2P][Service] Connection established,nodeID=3c841dae...,endpoint=127.0.0.1:55772
info|2019-12-12 20:57:23.918930|[NETWORK][Host]startPeerSession, From=127.0.0.1:55772,nodeID=3c841dae...
info|2019-12-12 20:57:23.919006|[NETWORK][Host]Connecting to node,endpoint=127.0.0.1:30300
info|2019-12-12 20:57:23.919071|[NETWORK][Host]Connecting to node,endpoint=127.0.0.1:30301
info|2019-12-12 20:57:23.919114|[P2P][Service] heartBeat,connected count=4
info|2019-12-12 20:57:23.919177|[NETWORK][ASIO]asyncResolveConnect,endpoint=127.0.0.1:30300
info|2019-12-12 20:57:23.919938|[NETWORK][ASIO]asyncResolveConnect,endpoint=127.0.0.1:30301
info|2019-12-12 20:57:23.982665|[NETWORK][Host]startPeerSession, From=127.0.0.1:30301,nodeID=3c841dae...
info|2019-12-12 20:57:23.996444|[NETWORK][Host]startPeerSession, From=127.0.0.1:30300,nodeID=6f997471...
warning|2019-12-12 20:57:24.071448|[SYNC][id:9303553a...][Status]Peer data not found,nodeId=6e4f3ba3...
info|2019-12-12 20:57:24.120167|[g:1][CONSENSUS][SEALER]++++++++++++++++ Generating seal on,blkNum=31,tx=0,nodeIdx=3,hash=1d545508...
info|2019-12-12 20:57:24.122919|[g:1][CONSENSUS][PBFT]checkTimeout Succ,view=9,toView=10,nodeIdx=3,changeCycle=0,myNode=9303553a...,timecost=0.221
info|2019-12-12 20:57:24.123477|[g:1][CONSENSUS][PBFT]checkAndChangeView: Reach consensus,org_view=9,org_changeCycle=0,cur_changeCycle=0,to_view=10
info|2019-12-12 20:57:25.128617|[g:1][CONSENSUS]addRawPrepare,height=31,reqIdx=0,hash=285f5348...
info|2019-12-12 20:57:25.128886|[g:1][CONSENSUS][PBFT]checkTimeout Succ,view=10,toView=11,nodeIdx=3,changeCycle=0,myNode=9303553a...,timecost=0.19
info|2019-12-12 20:57:25.133113|[g:1][CONSENSUS][PBFT]checkAndChangeView: Reach consensus,org_view=10,org_changeCycle=0,cur_changeCycle=0,to_view=11
info|2019-12-12 20:57:26.136120|[g:1][CONSENSUS]addRawPrepare,height=31,reqIdx=1,hash=0030ae3f...
info|2019-12-12 20:57:26.136421|[g:1][CONSENSUS][PBFT]checkTimeout Succ,view=11,toView=12,nodeIdx=3,changeCycle=0,myNode=9303553a...,timecost=0.228
info|2019-12-12 20:57:26.141211|[g:1][CONSENSUS][PBFT]checkAndChangeView: Reach consensus,org_view=11,org_changeCycle=0,cur_changeCycle=0,to_view=12
info|2019-12-12 20:57:27.145064|[g:1][CONSENSUS]addRawPrepare,height=31,reqIdx=2,hash=0d39858b...
info|2019-12-12 20:57:27.145312|[g:1][CONSENSUS][PBFT]checkTimeout Succ,view=12,toView=13,nodeIdx=3,changeCycle=0,myNode=9303553a...,timecost=0.182
info|2019-12-12 20:57:27.149097|[g:1][CONSENSUS][PBFT]checkAndChangeView: Reach consensus,org_view=12,org_changeCycle=0,cur_changeCycle=0,to_view=13
info|2019-12-12 20:57:28.149204|[g:1][CONSENSUS][SEALER]++++++++++++++++ Generating seal on,blkNum=31,tx=0,nodeIdx=3,hash=da38f2b8...
info|2019-12-12 20:57:28.152814|[g:1][CONSENSUS][PBFT]checkTimeout Succ,view=13,toView=14,nodeIdx=3,changeCycle=0,myNode=9303553a...,timecost=0.196
info|2019-12-12 20:57:28.153110|[g:1][CONSENSUS][PBFT]checkAndChangeView: Reach consensus,org_view=13,org_changeCycle=0,cur_changeCycle=0,to_view=14
warning|2019-12-12 20:57:29.094471|[SYNC][id:9303553a...][Status]Peer data not found,nodeId=6e4f3ba3...
info|2019-12-12 20:57:29.158971|[g:1][CONSENSUS]addRawPrepare,height=31,reqIdx=0,hash=0696a5fd...
info|2019-12-12 20:57:29.159240|[g:1][CONSENSUS][PBFT]checkTimeout Succ,view=14,toView=15,nodeIdx=3,changeCycle=0,myNode=9303553a...,timecost=0.206
info|2019-12-12 20:57:29.159856|[g:1][CONSENSUS][PBFT]checkAndChangeView: Reach consensus,org_view=14,org_changeCycle=0,cur_changeCycle=0,to_view=15
info|2019-12-12 20:57:30.165611|[g:1][CONSENSUS]addRawPrepare,height=31,reqIdx=1,hash=15a6000b...
info|2019-12-12 20:57:30.165870|[g:1][CONSENSUS][PBFT]checkTimeout Succ,view=15,toView=16,nodeIdx=3,changeCycle=0,myNode=9303553a...,timecost=0.181
info|2019-12-12 20:57:30.171546|[g:1][CONSENSUS][PBFT]checkAndChangeView: Reach consensus,org_view=15,org_changeCycle=0,cur_changeCycle=0,to_view=16
info|2019-12-12 20:57:31.172729|[g:1][CONSENSUS]addRawPrepare,height=31,reqIdx=2,hash=99d97d0f...
info|2019-12-12 20:57:31.172975|[g:1][CONSENSUS][PBFT]checkTimeout Succ,view=16,toView=17,nodeIdx=3,changeCycle=0,myNode=9303553a...,timecost=0.18
info|2019-12-12 20:57:31.177805|[g:1][CONSENSUS][PBFT]checkAndChangeView: Reach consensus,org_view=16,org_changeCycle=0,cur_changeCycle=0,to_view=17
info|2019-12-12 20:57:32.178081|[g:1][CONSENSUS][SEALER]++++++++++++++++ Generating seal on,blkNum=31,tx=0,nodeIdx=3,hash=f5f89f83...
info|2019-12-12 20:57:32.178720|[g:1][CONSENSUS][PBFT]checkTimeout Succ,view=17,toView=18,nodeIdx=3,changeCycle=0,myNode=9303553a...,timecost=0.195
info|2019-12-12 20:57:32.182388|[g:1][CONSENSUS][PBFT]checkAndChangeView: Reach consensus,org_view=17,org_changeCycle=0,cur_changeCycle=0,to_view=18
info|2019-12-12 20:57:33.184515|[g:1][CONSENSUS]addRawPrepare,height=31,reqIdx=0,hash=0fc9adec...
info|2019-12-12 20:57:33.184773|[g:1][CONSENSUS][PBFT]checkTimeout Succ,view=18,toView=19,nodeIdx=3,changeCycle=0,myNode=9303553a...,timecost=0.185
info|2019-12-12 20:57:33.190088|[g:1][CONSENSUS][PBFT]checkAndChangeView: Reach consensus,org_view=18,org_changeCycle=0,cur_changeCycle=0,to_view=19
info|2019-12-12 20:57:33.919611|[P2P][Service] heartBeat,connected count=4
warning|2019-12-12 20:57:34.119321|[SYNC][id:9303553a...][Status]Peer data not found,nodeId=6e4f3ba3...
info|2019-12-12 20:57:34.190470|[g:1][CONSENSUS]addRawPrepare,height=31,reqIdx=1,hash=4875e5dc...
info|2019-12-12 20:57:34.194634|[g:1][CONSENSUS][PBFT]checkTimeout Succ,view=19,toView=20,nodeIdx=3,changeCycle=0,myNode=9303553a...,timecost=4.072
info|2019-12-12 20:57:34.197945|[g:1][CONSENSUS][PBFT]checkAndChangeView: Reach consensus,org_view=19,org_changeCycle=0,cur_changeCycle=0,to_view=20
info|2019-12-12 20:57:35.198482|[g:1][CONSENSUS]addRawPrepare,height=31,reqIdx=2,hash=0b3ac30a...
info|2019-12-12 20:57:35.201232|[g:1][CONSENSUS][PBFT]checkTimeout Succ,view=20,toView=21,nodeIdx=3,changeCycle=0,myNode=9303553a...,timecost=2.665
info|2019-12-12 20:57:35.201812|[g:1][CONSENSUS][PBFT]checkAndChangeView: Reach consensus,org_view=20,org_changeCycle=0,cur_changeCycle=0,to_view=21
info|2019-12-12 20:57:36.202097|[g:1][CONSENSUS][SEALER]++++++++++++++++ Generating seal on,blkNum=31,tx=0,nodeIdx=3,hash=3c3a00e3...
info|2019-12-12 20:57:36.202694|[g:1][CONSENSUS][PBFT]checkTimeout Succ,view=21,toView=22,nodeIdx=3,changeCycle=0,myNode=9303553a...,timecost=0.19
info|2019-12-12 20:57:36.206325|[g:1][CONSENSUS][PBFT]checkAndChangeView: Reach consensus,org_view=21,org_changeCycle=0,cur_changeCycle=0,to_view=22
info|2019-12-12 20:57:37.210843|[g:1][CONSENSUS]addRawPrepare,height=31,reqIdx=0,hash=f20ec4b5...
info|2019-12-12 20:57:37.211106|[g:1][CONSENSUS][PBFT]checkTimeout Succ,view=22,toView=23,nodeIdx=3,changeCycle=0,myNode=9303553a...,timecost=0.194
info|2019-12-12 20:57:37.215281|[g:1][CONSENSUS][PBFT]checkAndChangeView: Reach consensus,org_view=22,org_changeCycle=0,cur_changeCycle=0,to_view=23
info|2019-12-12 20:57:38.217534|[g:1][CONSENSUS]addRawPrepare,height=31,reqIdx=1,hash=abec7675...
info|2019-12-12 20:57:38.217805|[g:1][CONSENSUS][PBFT]checkTimeout Succ,view=23,toView=24,nodeIdx=3,changeCycle=0,myNode=9303553a...,timecost=0.193
info|2019-12-12 20:57:38.223457|[g:1][CONSENSUS][PBFT]checkAndChangeView: Reach consensus,org_view=23,org_changeCycle=0,cur_changeCycle=0,to_view=24
warning|2019-12-12 20:57:39.142247|[SYNC][id:9303553a...][Status]Peer data not found,nodeId=6e4f3ba3...
info|2019-12-12 20:57:39.225334|[g:1][CONSENSUS]addRawPrepare,height=31,reqIdx=2,hash=bb0c9393...
info|2019-12-12 20:57:39.225615|[g:1][CONSENSUS][PBFT]checkTimeout Succ,view=24,toView=25,nodeIdx=3,changeCycle=0,myNode=9303553a...,timecost=0.207
info|2019-12-12 20:57:39.267219|[g:1][CONSENSUS][PBFT]checkAndChangeView: Reach consensus,org_view=24,org_changeCycle=0,cur_changeCycle=0,to_view=25
info|2019-12-12 20:57:40.268186|[g:1][CONSENSUS][SEALER]++++++++++++++++ Generating seal on,blkNum=31,tx=0,nodeIdx=3,hash=65a65540...
info|2019-12-12 20:57:40.271478|[g:1][CONSENSUS][PBFT]checkTimeout Succ,view=25,toView=26,nodeIdx=3,changeCycle=0,myNode=9303553a...,timecost=0.191
info|2019-12-12 20:57:40.272049|[g:1][CONSENSUS][PBFT]checkAndChangeView: Reach consensus,org_view=25,org_changeCycle=0,cur_changeCycle=0,to_view=26
info|2019-12-12 20:57:41.277796|[g:1][CONSENSUS]addRawPrepare,height=31,reqIdx=0,hash=536ceab8...
info|2019-12-12 20:57:41.278058|[g:1][CONSENSUS][PBFT]checkTimeout Succ,view=26,toView=27,nodeIdx=3,changeCycle=0,myNode=9303553a...,timecost=0.182
info|2019-12-12 20:57:41.281816|[g:1][CONSENSUS][PBFT]checkAndChangeView: Reach consensus,org_view=26,org_changeCycle=0,cur_changeCycle=0,to_view=27
info|2019-12-12 20:57:42.284432|[g:1][CONSENSUS]addRawPrepare,height=31,reqIdx=1,hash=c483c65b...
info|2019-12-12 20:57:42.284711|[g:1][CONSENSUS][PBFT]checkTimeout Succ,view=27,toView=28,nodeIdx=3,changeCycle=0,myNode=9303553a...,timecost=0.212
info|2019-12-12 20:57:42.289044|[g:1][CONSENSUS][PBFT]checkAndChangeView: Reach consensus,org_view=27,org_changeCycle=0,cur_changeCycle=0,to_view=28
info|2019-12-12 20:57:43.292020|[g:1][CONSENSUS]addRawPrepare,height=31,reqIdx=2,hash=55df5341...
info|2019-12-12 20:57:43.292316|[g:1][CONSENSUS][PBFT]checkTimeout Succ,view=28,toView=29,nodeIdx=3,changeCycle=0,myNode=9303553a...,timecost=0.233
info|2019-12-12 20:57:43.296356|[g:1][CONSENSUS][PBFT]checkAndChangeView: Reach consensus,org_view=28,org_changeCycle=0,cur_changeCycle=0,to_view=29
info|2019-12-12 20:57:43.919860|[P2P][Service] heartBeat,connected count=4
warning|2019-12-12 20:57:44.162511|[SYNC][id:9303553a...][Status]Peer data not found,nodeId=6e4f3ba3...
info|2019-12-12 20:57:44.297750|[g:1][CONSENSUS][SEALER]++++++++++++++++ Generating seal on,blkNum=31,tx=0,nodeIdx=3,hash=bdbe0bf8...
info|2019-12-12 20:57:44.303468|[g:1][CONSENSUS][PBFT]checkTimeout Succ,view=29,toView=30,nodeIdx=3,changeCycle=0,myNode=9303553a...,timecost=0.235
info|2019-12-12 20:57:44.303765|[g:1][CONSENSUS][PBFT]checkAndChangeView: Reach consensus,org_view=29,org_changeCycle=0,cur_changeCycle=0,to_view=30
info|2019-12-12 20:57:45.308842|[g:1][CONSENSUS]addRawPrepare,height=31,reqIdx=0,hash=330e44b1...
info|2019-12-12 20:57:45.309113|[g:1][CONSENSUS][PBFT]checkTimeout Succ,view=30,toView=31,nodeIdx=3,changeCycle=0,myNode=9303553a...,timecost=0.201
info|2019-12-12 20:57:45.315115|[g:1][CONSENSUS][PBFT]checkAndChangeView: Reach consensus,org_view=30,org_changeCycle=0,cur_changeCycle=0,to_view=31
info|2019-12-12 20:57:46.314311|[g:1][CONSENSUS]addRawPrepare,height=31,reqIdx=1,hash=40da02f8...
info|2019-12-12 20:57:46.314559|[g:1][CONSENSUS][PBFT]checkTimeout Succ,view=31,toView=32,nodeIdx=3,changeCycle=0,myNode=9303553a...,timecost=0.181
info|2019-12-12 20:57:46.319031|[g:1][CONSENSUS][PBFT]checkAndChangeView: Reach consensus,org_view=31,org_changeCycle=0,cur_changeCycle=0,to_view=32
info|2019-12-12 20:57:47.321661|[g:1][CONSENSUS]addRawPrepare,height=31,reqIdx=2,hash=595233da...
info|2019-12-12 20:57:47.321919|[g:1][CONSENSUS][PBFT]checkTimeout Succ,view=32,toView=33,nodeIdx=3,changeCycle=0,myNode=9303553a...,timecost=0.185
info|2019-12-12 20:57:47.326634|[g:1][CONSENSUS][PBFT]checkAndChangeView: Reach consensus,org_view=32,org_changeCycle=0,cur_changeCycle=0,to_view=33
info|2019-12-12 20:57:48.327582|[g:1][CONSENSUS][SEALER]++++++++++++++++ Generating seal on,blkNum=31,tx=0,nodeIdx=3,hash=042e9dee...
info|2019-12-12 20:57:48.330919|[g:1][CONSENSUS][PBFT]checkTimeout Succ,view=33,toView=34,nodeIdx=3,changeCycle=0,myNode=9303553a...,timecost=0.199
info|2019-12-12 20:57:48.331508|[g:1][CONSENSUS][PBFT]checkAndChangeView: Reach consensus,org_view=33,org_changeCycle=0,cur_changeCycle=0,to_view=34
warning|2019-12-12 20:57:49.185915|[SYNC][id:9303553a...][Status]Peer data not found,nodeId=6e4f3ba3...
info|2019-12-12 20:57:49.337668|[g:1][CONSENSUS]addRawPrepare,height=31,reqIdx=0,hash=932aabc2...
info|2019-12-12 20:57:49.338740|[g:1][CONSENSUS][PBFT]checkTimeout Succ,view=34,toView=35,nodeIdx=3,changeCycle=0,myNode=9303553a...,timecost=0.236
info|2019-12-12 20:57:49.341811|[g:1][CONSENSUS][PBFT]checkAndChangeView: Reach consensus,org_view=34,org_changeCycle=0,cur_changeCycle=0,to_view=35
info|2019-12-12 20:57:50.344922|[g:1][CONSENSUS]addRawPrepare,height=31,reqIdx=1,hash=6ee55e33...
info|2019-12-12 20:57:50.345185|[g:1][CONSENSUS][PBFT]checkTimeout Succ,view=35,toView=36,nodeIdx=3,changeCycle=0,myNode=9303553a...,timecost=0.189
info|2019-12-12 20:57:50.350680|[g:1][CONSENSUS][PBFT]checkAndChangeView: Reach consensus,org_view=35,org_changeCycle=0,cur_changeCycle=0,to_view=36
info|2019-12-12 20:57:51.349958|[g:1][CONSENSUS]addRawPrepare,height=31,reqIdx=2,hash=74f3823a...
info|2019-12-12 20:57:51.350249|[g:1][CONSENSUS][PBFT]checkTimeout Succ,view=36,toView=37,nodeIdx=3,changeCycle=0,myNode=9303553a...,timecost=0.19
info|2019-12-12 20:57:51.355382|[g:1][CONSENSUS][PBFT]checkAndChangeView: Reach consensus,org_view=36,org_changeCycle=0,cur_changeCycle=0,to_view=37
info|2019-12-12 20:57:52.356767|[g:1][CONSENSUS][SEALER]++++++++++++++++ Generating seal on,blkNum=31,tx=0,nodeIdx=3,hash=e8864818...
info|2019-12-12 20:57:52.359940|[g:1][CONSENSUS][PBFT]checkTimeout Succ,view=37,toView=38,nodeIdx=3,changeCycle=0,myNode=9303553a...,timecost=0.194
info|2019-12-12 20:57:52.360480|[g:1][CONSENSUS][PBFT]checkAndChangeView: Reach consensus,org_view=37,org_changeCycle=0,cur_changeCycle=0,to_view=38
info|2019-12-12 20:57:53.363921|[g:1][CONSENSUS]addRawPrepare,height=31,reqIdx=0,hash=a306444c...
info|2019-12-12 20:57:53.364181|[g:1][CONSENSUS][PBFT]checkTimeout Succ,view=38,toView=39,nodeIdx=3,changeCycle=0,myNode=9303553a...,timecost=0.192
info|2019-12-12 20:57:53.369905|[g:1][CONSENSUS][PBFT]checkAndChangeView: Reach consensus,org_view=38,org_changeCycle=0,cur_changeCycle=0,to_view=39
info|2019-12-12 20:57:53.920166|[P2P][Service] heartBeat,connected count=4
warning|2019-12-12 20:57:54.206646|[SYNC][id:9303553a...][Status]Peer data not found,nodeId=6e4f3ba3...
info|2019-12-12 20:57:54.375084|[g:1][CONSENSUS]addRawPrepare,height=31,reqIdx=1,hash=0562159c...
info|2019-12-12 20:57:54.375344|[g:1][CONSENSUS][PBFT]checkTimeout Succ,view=39,toView=40,nodeIdx=3,changeCycle=0,myNode=9303553a...,timecost=0.193
info|2019-12-12 20:57:54.376068|[g:1][CONSENSUS][PBFT]checkAndChangeView: Reach consensus,org_view=39,org_changeCycle=0,cur_changeCycle=0,to_view=40
info|2019-12-12 20:57:55.382805|[g:1][CONSENSUS]addRawPrepare,height=31,reqIdx=2,hash=4c75e2e9...
info|2019-12-12 20:57:55.383072|[g:1][CONSENSUS][PBFT]checkTimeout Succ,view=40,toView=41,nodeIdx=3,changeCycle=0,myNode=9303553a...,timecost=0.187
info|2019-12-12 20:57:55.385546|[g:1][CONSENSUS][PBFT]checkAndChangeView: Reach consensus,org_view=40,org_changeCycle=0,cur_changeCycle=0,to_view=41
info|2019-12-12 20:57:56.385731|[g:1][CONSENSUS][SEALER]++++++++++++++++ Generating seal on,blkNum=31,tx=0,nodeIdx=3,hash=78a177a3...
info|2019-12-12 20:57:56.389078|[g:1][CONSENSUS][PBFT]checkTimeout Succ,view=41,toView=42,nodeIdx=3,changeCycle=0,myNode=9303553a...,timecost=0.191
info|2019-12-12 20:57:56.389649|[g:1][CONSENSUS][PBFT]checkAndChangeView: Reach consensus,org_view=41,org_changeCycle=0,cur_changeCycle=0,to_view=42
info|2019-12-12 20:57:57.402477|[g:1][CONSENSUS]addRawPrepare,height=31,reqIdx=0,hash=1751a562...
info|2019-12-12 20:57:57.402755|[g:1][CONSENSUS][PBFT]checkTimeout Succ,view=42,toView=43,nodeIdx=3,changeCycle=0,myNode=9303553a...,timecost=0.185
info|2019-12-12 20:57:57.405618|[g:1][CONSENSUS][PBFT]checkAndChangeView: Reach consensus,org_view=42,org_changeCycle=0,cur_changeCycle=0,to_view=43
info|2019-12-12 20:57:58.409083|[g:1][CONSENSUS]addRawPrepare,height=31,reqIdx=1,hash=fd7e328e...
info|2019-12-12 20:57:58.409341|[g:1][CONSENSUS][PBFT]checkTimeout Succ,view=43,toView=44,nodeIdx=3,changeCycle=0,myNode=9303553a...,timecost=0.189
info|2019-12-12 20:57:58.414968|[g:1][CONSENSUS][PBFT]checkAndChangeView: Reach consensus,org_view=43,org_changeCycle=0,cur_changeCycle=0,to_view=44
info|2019-12-12 20:57:59.152798|[NETWORK][Session]Received topic: [2	_block_notify_1] from 6f9974710b9ea562ecc6a6823039b05e159d8669f228efa0c8b8234f08c2b75fb97eecdae4ef16bc99800bdfa03ed03d619629887e9c1c8b46ad79f5d38c4991
warning|2019-12-12 20:57:59.226249|[SYNC][id:9303553a...][Status]Peer data not found,nodeId=6e4f3ba3...
info|2019-12-12 20:57:59.417035|[g:1][CONSENSUS]addRawPrepare,height=31,reqIdx=2,hash=45d047d7...
info|2019-12-12 20:57:59.417291|[g:1][CONSENSUS][PBFT]checkTimeout Succ,view=44,toView=45,nodeIdx=3,changeCycle=0,myNode=9303553a...,timecost=0.181
info|2019-12-12 20:57:59.422125|[g:1][CONSENSUS][PBFT]checkAndChangeView: Reach consensus,org_view=44,org_changeCycle=0,cur_changeCycle=0,to_view=45
info|2019-12-12 20:58:00.423502|[g:1][CONSENSUS][SEALER]++++++++++++++++ Generating seal on,blkNum=31,tx=0,nodeIdx=3,hash=59f25f7e...
info|2019-12-12 20:58:00.427043|[g:1][CONSENSUS][PBFT]checkTimeout Succ,view=45,toView=46,nodeIdx=3,changeCycle=0,myNode=9303553a...,timecost=0.182
info|2019-12-12 20:58:00.427343|[g:1][CONSENSUS][PBFT]checkAndChangeView: Reach consensus,org_view=45,org_changeCycle=0,cur_changeCycle=0,to_view=46
info|2019-12-12 20:58:01.431815|[g:1][CONSENSUS]addRawPrepare,height=31,reqIdx=0,hash=435851c6...
info|2019-12-12 20:58:01.432088|[g:1][CONSENSUS][PBFT]checkTimeout Succ,view=46,toView=47,nodeIdx=3,changeCycle=0,myNode=9303553a...,timecost=0.196
info|2019-12-12 20:58:01.437911|[g:1][CONSENSUS][PBFT]checkAndChangeView: Reach consensus,org_view=46,org_changeCycle=0,cur_changeCycle=0,to_view=47
info|2019-12-12 20:58:02.438587|[g:1][CONSENSUS]addRawPrepare,height=31,reqIdx=1,hash=04b74698...
info|2019-12-12 20:58:02.438893|[g:1][CONSENSUS][PBFT]checkTimeout Succ,view=47,toView=48,nodeIdx=3,changeCycle=0,myNode=9303553a...,timecost=0.229
info|2019-12-12 20:58:02.442069|[g:1][CONSENSUS][PBFT]checkAndChangeView: Reach consensus,org_view=47,org_changeCycle=0,cur_changeCycle=0,to_view=48
info|2019-12-12 20:58:03.445157|[g:1][CONSENSUS]addRawPrepare,height=31,reqIdx=2,hash=112f60ac...
info|2019-12-12 20:58:03.445364|[g:1][CONSENSUS][PBFT]checkTimeout Succ,view=48,toView=49,nodeIdx=3,changeCycle=0,myNode=9303553a...,timecost=0.184
info|2019-12-12 20:58:03.446790|[g:1][CONSENSUS][PBFT]checkAndChangeView: Reach consensus,org_view=48,org_changeCycle=0,cur_changeCycle=0,to_view=49
info|2019-12-12 20:58:03.920389|[P2P][Service] heartBeat,connected count=4
warning|2019-12-12 20:58:04.243919|[SYNC][id:9303553a...][Status]Peer data not found,nodeId=6e4f3ba3...
info|2019-12-12 20:58:04.446770|[g:1][CONSENSUS][SEALER]++++++++++++++++ Generating seal on,blkNum=31,tx=0,nodeIdx=3,hash=2229ee69...
info|2019-12-12 20:58:04.453686|[g:1][CONSENSUS][PBFT]checkTimeout Succ,view=49,toView=50,nodeIdx=3,changeCycle=0,myNode=9303553a...,timecost=0.197
info|2019-12-12 20:58:04.454467|[g:1][CONSENSUS][PBFT]checkAndChangeView: Reach consensus,org_view=49,org_changeCycle=0,cur_changeCycle=0,to_view=50
info|2019-12-12 20:58:05.453237|[g:1][CONSENSUS]addRawPrepare,height=31,reqIdx=0,hash=79a67759...
info|2019-12-12 20:58:05.453518|[g:1][CONSENSUS][PBFT]checkTimeout Succ,view=50,toView=51,nodeIdx=3,changeCycle=0,myNode=9303553a...,timecost=0.191
info|2019-12-12 20:58:05.456578|[g:1][CONSENSUS][PBFT]checkAndChangeView: Reach consensus,org_view=50,org_changeCycle=0,cur_changeCycle=0,to_view=51
info|2019-12-12 20:58:06.458416|[g:1][CONSENSUS]addRawPrepare,height=31,reqIdx=1,hash=6835589f...
info|2019-12-12 20:58:06.460492|[g:1][CONSENSUS][PBFT]checkTimeout Succ,view=51,toView=52,nodeIdx=3,changeCycle=0,myNode=9303553a...,timecost=2.007
info|2019-12-12 20:58:06.461076|[g:1][CONSENSUS][PBFT]checkAndChangeView: Reach consensus,org_view=51,org_changeCycle=0,cur_changeCycle=0,to_view=52
info|2019-12-12 20:58:07.463385|[g:1][CONSENSUS]addRawPrepare,height=31,reqIdx=2,hash=e72bebc2...
info|2019-12-12 20:58:07.463646|[g:1][CONSENSUS][PBFT]checkTimeout Succ,view=52,toView=53,nodeIdx=3,changeCycle=0,myNode=9303553a...,timecost=0.184
info|2019-12-12 20:58:07.468321|[g:1][CONSENSUS][PBFT]checkAndChangeView: Reach consensus,org_view=52,org_changeCycle=0,cur_changeCycle=0,to_view=53
info|2019-12-12 20:58:08.469883|[g:1][CONSENSUS][SEALER]++++++++++++++++ Generating seal on,blkNum=31,tx=0,nodeIdx=3,hash=e13c3a13...
info|2019-12-12 20:58:08.470589|[g:1][CONSENSUS][PBFT]checkTimeout Succ,view=53,toView=54,nodeIdx=3,changeCycle=0,myNode=9303553a...,timecost=0.202
info|2019-12-12 20:58:08.484363|[g:1][CONSENSUS][PBFT]checkAndChangeView: Reach consensus,org_view=53,org_changeCycle=0,cur_changeCycle=0,to_view=54
warning|2019-12-12 20:58:09.254471|[SYNC][id:9303553a...][Status]Peer data not found,nodeId=6e4f3ba3...
info|2019-12-12 20:58:09.485443|[g:1][CONSENSUS]addRawPrepare,height=31,reqIdx=0,hash=a0f88113...
info|2019-12-12 20:58:09.485703|[g:1][CONSENSUS][PBFT]checkTimeout Succ,view=54,toView=55,nodeIdx=3,changeCycle=0,myNode=9303553a...,timecost=0.184
info|2019-12-12 20:58:09.491122|[g:1][CONSENSUS][PBFT]checkAndChangeView: Reach consensus,org_view=54,org_changeCycle=0,cur_changeCycle=0,to_view=55
info|2019-12-12 20:58:10.490716|[g:1][CONSENSUS]addRawPrepare,height=31,reqIdx=1,hash=5671e50b...
info|2019-12-12 20:58:10.491379|[g:1][CONSENSUS][PBFT]checkTimeout Succ,view=55,toView=56,nodeIdx=3,changeCycle=0,myNode=9303553a...,timecost=0.479
info|2019-12-12 20:58:10.501327|[g:1][CONSENSUS][PBFT]checkAndChangeView: Reach consensus,org_view=55,org_changeCycle=0,cur_changeCycle=0,to_view=56
info|2019-12-12 20:58:11.504365|[g:1][CONSENSUS]addRawPrepare,height=31,reqIdx=2,hash=b84984ed...
info|2019-12-12 20:58:11.504664|[g:1][CONSENSUS][PBFT]checkTimeout Succ,view=56,toView=57,nodeIdx=3,changeCycle=0,myNode=9303553a...,timecost=0.272
info|2019-12-12 20:58:11.507173|[g:1][CONSENSUS][PBFT]checkAndChangeView: Reach consensus,org_view=56,org_changeCycle=0,cur_changeCycle=0,to_view=57
info|2019-12-12 20:58:12.508651|[g:1][CONSENSUS][SEALER]++++++++++++++++ Generating seal on,blkNum=31,tx=0,nodeIdx=3,hash=1470f578...
info|2019-12-12 20:58:12.520163|[g:1][CONSENSUS][PBFT]checkTimeout Succ,view=57,toView=58,nodeIdx=3,changeCycle=0,myNode=9303553a...,timecost=0.199
info|2019-12-12 20:58:12.521022|[g:1][CONSENSUS][PBFT]checkAndChangeView: Reach consensus,org_view=57,org_changeCycle=0,cur_changeCycle=0,to_view=58
info|2019-12-12 20:58:13.520262|[g:1][CONSENSUS]addRawPrepare,height=31,reqIdx=0,hash=db9e61d0...
info|2019-12-12 20:58:13.520550|[g:1][CONSENSUS][PBFT]checkTimeout Succ,view=58,toView=59,nodeIdx=3,changeCycle=0,myNode=9303553a...,timecost=0.218
info|2019-12-12 20:58:13.524489|[g:1][CONSENSUS][PBFT]checkAndChangeView: Reach consensus,org_view=58,org_changeCycle=0,cur_changeCycle=0,to_view=59
info|2019-12-12 20:58:13.920544|[P2P][Service] heartBeat,connected count=4
warning|2019-12-12 20:58:14.262374|[SYNC][id:9303553a...][Status]Peer data not found,nodeId=6e4f3ba3...
info|2019-12-12 20:58:14.526005|[g:1][CONSENSUS]addRawPrepare,height=31,reqIdx=1,hash=b8454cd4...
info|2019-12-12 20:58:14.526270|[g:1][CONSENSUS][PBFT]checkTimeout Succ,view=59,toView=60,nodeIdx=3,changeCycle=0,myNode=9303553a...,timecost=0.184
info|2019-12-12 20:58:14.529871|[g:1][CONSENSUS][PBFT]checkAndChangeView: Reach consensus,org_view=59,org_changeCycle=0,cur_changeCycle=0,to_view=60
info|2019-12-12 20:58:15.533453|[g:1][CONSENSUS]addRawPrepare,height=31,reqIdx=2,hash=f6c3f29b...
info|2019-12-12 20:58:15.533681|[g:1][CONSENSUS][PBFT]checkTimeout Succ,view=60,toView=61,nodeIdx=3,changeCycle=0,myNode=9303553a...,timecost=0.207
info|2019-12-12 20:58:15.535379|[g:1][CONSENSUS][PBFT]checkAndChangeView: Reach consensus,org_view=60,org_changeCycle=0,cur_changeCycle=0,to_view=61
info|2019-12-12 20:58:16.536880|[g:1][CONSENSUS][SEALER]++++++++++++++++ Generating seal on,blkNum=31,tx=0,nodeIdx=3,hash=09fe87d6...
info|2019-12-12 20:58:16.542797|[g:1][CONSENSUS][PBFT]checkTimeout Succ,view=61,toView=62,nodeIdx=3,changeCycle=0,myNode=9303553a...,timecost=0.197
info|2019-12-12 20:58:16.543773|[g:1][CONSENSUS][PBFT]checkAndChangeView: Reach consensus,org_view=61,org_changeCycle=0,cur_changeCycle=0,to_view=62
info|2019-12-12 20:58:17.543652|[g:1][CONSENSUS]addRawPrepare,height=31,reqIdx=0,hash=fa55c069...
info|2019-12-12 20:58:17.543941|[g:1][CONSENSUS][PBFT]checkTimeout Succ,view=62,toView=63,nodeIdx=3,changeCycle=0,myNode=9303553a...,timecost=0.223
info|2019-12-12 20:58:17.547116|[g:1][CONSENSUS][PBFT]checkAndChangeView: Reach consensus,org_view=62,org_changeCycle=0,cur_changeCycle=0,to_view=63
info|2019-12-12 20:58:18.549415|[g:1][CONSENSUS]addRawPrepare,height=31,reqIdx=1,hash=cad74af1...
info|2019-12-12 20:58:18.549689|[g:1][CONSENSUS][PBFT]checkTimeout Succ,view=63,toView=64,nodeIdx=3,changeCycle=0,myNode=9303553a...,timecost=0.196
info|2019-12-12 20:58:18.553519|[g:1][CONSENSUS][PBFT]checkAndChangeView: Reach consensus,org_view=63,org_changeCycle=0,cur_changeCycle=0,to_view=64
warning|2019-12-12 20:58:19.269281|[SYNC][id:9303553a...][Status]Peer data not found,nodeId=6e4f3ba3...
info|2019-12-12 20:58:19.554743|[g:1][CONSENSUS]addRawPrepare,height=31,reqIdx=2,hash=60ebeeb0...
info|2019-12-12 20:58:19.554990|[g:1][CONSENSUS][PBFT]checkTimeout Succ,view=64,toView=65,nodeIdx=3,changeCycle=0,myNode=9303553a...,timecost=0.225
info|2019-12-12 20:58:19.557516|[g:1][CONSENSUS][PBFT]checkAndChangeView: Reach consensus,org_view=64,org_changeCycle=0,cur_changeCycle=0,to_view=65
info|2019-12-12 20:58:20.557222|[g:1][CONSENSUS][SEALER]++++++++++++++++ Generating seal on,blkNum=31,tx=0,nodeIdx=3,hash=7c3acdf8...
info|2019-12-12 20:58:20.563279|[g:1][CONSENSUS][PBFT]checkTimeout Succ,view=65,toView=66,nodeIdx=3,changeCycle=0,myNode=9303553a...,timecost=0.238
info|2019-12-12 20:58:20.564308|[g:1][CONSENSUS][PBFT]checkAndChangeView: Reach consensus,org_view=65,org_changeCycle=0,cur_changeCycle=0,to_view=66
info|2019-12-12 20:58:21.563670|[g:1][CONSENSUS]addRawPrepare,height=31,reqIdx=0,hash=1bd6155c...
info|2019-12-12 20:58:21.563941|[g:1][CONSENSUS][PBFT]checkTimeout Succ,view=66,toView=67,nodeIdx=3,changeCycle=0,myNode=9303553a...,timecost=0.186
info|2019-12-12 20:58:21.567075|[g:1][CONSENSUS][PBFT]checkAndChangeView: Reach consensus,org_view=66,org_changeCycle=0,cur_changeCycle=0,to_view=67
info|2019-12-12 20:58:22.569063|[g:1][CONSENSUS]addRawPrepare,height=31,reqIdx=1,hash=edb84417...
info|2019-12-12 20:58:22.569323|[g:1][CONSENSUS][PBFT]checkTimeout Succ,view=67,toView=68,nodeIdx=3,changeCycle=0,myNode=9303553a...,timecost=0.187
info|2019-12-12 20:58:22.573062|[g:1][CONSENSUS][PBFT]checkAndChangeView: Reach consensus,org_view=67,org_changeCycle=0,cur_changeCycle=0,to_view=68
info|2019-12-12 20:58:23.577250|[g:1][CONSENSUS]addRawPrepare,height=31,reqIdx=2,hash=98d26d75...
info|2019-12-12 20:58:23.577460|[g:1][CONSENSUS][PBFT]checkTimeout Succ,view=68,toView=69,nodeIdx=3,changeCycle=0,myNode=9303553a...,timecost=0.187
info|2019-12-12 20:58:23.577741|[g:1][CONSENSUS][PBFT]checkAndChangeView: Reach consensus,org_view=68,org_changeCycle=0,cur_changeCycle=0,to_view=69
info|2019-12-12 20:58:23.920615|[P2P][Service] heartBeat,connected count=4
warning|2019-12-12 20:58:24.276076|[SYNC][id:9303553a...][Status]Peer data not found,nodeId=6e4f3ba3...
info|2019-12-12 20:58:24.577317|[g:1][CONSENSUS][SEALER]++++++++++++++++ Generating seal on,blkNum=31,tx=0,nodeIdx=3,hash=8180fa08...
info|2019-12-12 20:58:24.583845|[g:1][CONSENSUS][PBFT]checkTimeout Succ,view=69,toView=70,nodeIdx=3,changeCycle=0,myNode=9303553a...,timecost=0.195
info|2019-12-12 20:58:24.584572|[g:1][CONSENSUS][PBFT]checkAndChangeView: Reach consensus,org_view=69,org_changeCycle=0,cur_changeCycle=0,to_view=70
info|2019-12-12 20:58:25.584251|[g:1][CONSENSUS]addRawPrepare,height=31,reqIdx=0,hash=c60e9a39...
info|2019-12-12 20:58:25.584708|[g:1][CONSENSUS][PBFT]checkTimeout Succ,view=70,toView=71,nodeIdx=3,changeCycle=0,myNode=9303553a...,timecost=0.336
info|2019-12-12 20:58:25.590496|[g:1][CONSENSUS][PBFT]checkAndChangeView: Reach consensus,org_view=70,org_changeCycle=0,cur_changeCycle=0,to_view=71
info|2019-12-12 20:58:26.591144|[g:1][CONSENSUS]addRawPrepare,height=31,reqIdx=1,hash=90742102...
info|2019-12-12 20:58:26.591414|[g:1][CONSENSUS][PBFT]checkTimeout Succ,view=71,toView=72,nodeIdx=3,changeCycle=0,myNode=9303553a...,timecost=0.191
info|2019-12-12 20:58:26.595416|[g:1][CONSENSUS][PBFT]checkAndChangeView: Reach consensus,org_view=71,org_changeCycle=0,cur_changeCycle=0,to_view=72
info|2019-12-12 20:58:27.596588|[g:1][CONSENSUS]addRawPrepare,height=31,reqIdx=2,hash=f4e2bdcb...
info|2019-12-12 20:58:27.596835|[g:1][CONSENSUS][PBFT]checkTimeout Succ,view=72,toView=73,nodeIdx=3,changeCycle=0,myNode=9303553a...,timecost=0.223
info|2019-12-12 20:58:27.599765|[g:1][CONSENSUS][PBFT]checkAndChangeView: Reach consensus,org_view=72,org_changeCycle=0,cur_changeCycle=0,to_view=73
info|2019-12-12 20:58:28.599399|[g:1][CONSENSUS][SEALER]++++++++++++++++ Generating seal on,blkNum=31,tx=0,nodeIdx=3,hash=f89f804f...
info|2019-12-12 20:58:28.606353|[g:1][CONSENSUS][PBFT]checkTimeout Succ,view=73,toView=74,nodeIdx=3,changeCycle=0,myNode=9303553a...,timecost=0.195
info|2019-12-12 20:58:28.607370|[g:1][CONSENSUS][PBFT]checkAndChangeView: Reach consensus,org_view=73,org_changeCycle=0,cur_changeCycle=0,to_view=74
warning|2019-12-12 20:58:29.283389|[SYNC][id:9303553a...][Status]Peer data not found,nodeId=6e4f3ba3...
info|2019-12-12 20:58:29.606156|[g:1][CONSENSUS]addRawPrepare,height=31,reqIdx=0,hash=26965336...
info|2019-12-12 20:58:29.610417|[g:1][CONSENSUS][PBFT]checkTimeout Succ,view=74,toView=75,nodeIdx=3,changeCycle=0,myNode=9303553a...,timecost=4.181
info|2019-12-12 20:58:29.615995|[g:1][CONSENSUS][PBFT]checkAndChangeView: Reach consensus,org_view=74,org_changeCycle=0,cur_changeCycle=0,to_view=75
info|2019-12-12 20:58:30.616100|[g:1][CONSENSUS]addRawPrepare,height=31,reqIdx=1,hash=f9b9aed7...
info|2019-12-12 20:58:30.616358|[g:1][CONSENSUS][PBFT]checkTimeout Succ,view=75,toView=76,nodeIdx=3,changeCycle=0,myNode=9303553a...,timecost=0.184
info|2019-12-12 20:58:30.620084|[g:1][CONSENSUS][PBFT]checkAndChangeView: Reach consensus,org_view=75,org_changeCycle=0,cur_changeCycle=0,to_view=76
info|2019-12-12 20:58:31.623430|[g:1][CONSENSUS]addRawPrepare,height=31,reqIdx=2,hash=574119c3...
info|2019-12-12 20:58:31.623647|[g:1][CONSENSUS][PBFT]checkTimeout Succ,view=76,toView=77,nodeIdx=3,changeCycle=0,myNode=9303553a...,timecost=0.191
info|2019-12-12 20:58:31.623933|[g:1][CONSENSUS][PBFT]checkAndChangeView: Reach consensus,org_view=76,org_changeCycle=0,cur_changeCycle=0,to_view=77
info|2019-12-12 20:58:32.623419|[g:1][CONSENSUS][SEALER]++++++++++++++++ Generating seal on,blkNum=31,tx=0,nodeIdx=3,hash=6f2f58f3...
info|2019-12-12 20:58:32.629867|[g:1][CONSENSUS][PBFT]checkTimeout Succ,view=77,toView=78,nodeIdx=3,changeCycle=0,myNode=9303553a...,timecost=0.278
info|2019-12-12 20:58:32.630959|[g:1][CONSENSUS][PBFT]checkAndChangeView: Reach consensus,org_view=77,org_changeCycle=0,cur_changeCycle=0,to_view=78
info|2019-12-12 20:58:33.629173|[g:1][CONSENSUS]addRawPrepare,height=31,reqIdx=0,hash=94ad7f61...
info|2019-12-12 20:58:33.629453|[g:1][CONSENSUS][PBFT]checkTimeout Succ,view=78,toView=79,nodeIdx=3,changeCycle=0,myNode=9303553a...,timecost=0.199
info|2019-12-12 20:58:33.634221|[g:1][CONSENSUS][PBFT]checkAndChangeView: Reach consensus,org_view=78,org_changeCycle=0,cur_changeCycle=0,to_view=79
info|2019-12-12 20:58:33.920952|[P2P][Service] heartBeat,connected count=4
warning|2019-12-12 20:58:34.295451|[SYNC][id:9303553a...][Status]Peer data not found,nodeId=6e4f3ba3...
info|2019-12-12 20:58:34.634224|[g:1][CONSENSUS]addRawPrepare,height=31,reqIdx=1,hash=aded623c...
info|2019-12-12 20:58:34.634549|[g:1][CONSENSUS][PBFT]checkTimeout Succ,view=79,toView=80,nodeIdx=3,changeCycle=0,myNode=9303553a...,timecost=0.187
info|2019-12-12 20:58:34.638832|[g:1][CONSENSUS][PBFT]checkAndChangeView: Reach consensus,org_view=79,org_changeCycle=0,cur_changeCycle=0,to_view=80
info|2019-12-12 20:58:35.641666|[g:1][CONSENSUS]addRawPrepare,height=31,reqIdx=2,hash=679fab5c...
info|2019-12-12 20:58:35.641997|[g:1][CONSENSUS][PBFT]checkTimeout Succ,view=80,toView=81,nodeIdx=3,changeCycle=0,myNode=9303553a...,timecost=0.301
info|2019-12-12 20:58:35.642814|[g:1][CONSENSUS][PBFT]checkAndChangeView: Reach consensus,org_view=80,org_changeCycle=0,cur_changeCycle=0,to_view=81
info|2019-12-12 20:58:36.645329|[g:1][CONSENSUS][SEALER]++++++++++++++++ Generating seal on,blkNum=31,tx=0,nodeIdx=3,hash=fdf28ab6...
info|2019-12-12 20:58:36.645968|[g:1][CONSENSUS][PBFT]checkTimeout Succ,view=81,toView=82,nodeIdx=3,changeCycle=0,myNode=9303553a...,timecost=0.201
info|2019-12-12 20:58:36.649040|[g:1][CONSENSUS][PBFT]checkAndChangeView: Reach consensus,org_view=81,org_changeCycle=0,cur_changeCycle=0,to_view=82
info|2019-12-12 20:58:37.651188|[g:1][CONSENSUS]addRawPrepare,height=31,reqIdx=0,hash=05a1e894...
info|2019-12-12 20:58:37.651452|[g:1][CONSENSUS][PBFT]checkTimeout Succ,view=82,toView=83,nodeIdx=3,changeCycle=0,myNode=9303553a...,timecost=0.185
info|2019-12-12 20:58:37.657429|[g:1][CONSENSUS][PBFT]checkAndChangeView: Reach consensus,org_view=82,org_changeCycle=0,cur_changeCycle=0,to_view=83
info|2019-12-12 20:58:38.659255|[g:1][CONSENSUS]addRawPrepare,height=31,reqIdx=1,hash=576d7e1e...
info|2019-12-12 20:58:38.659528|[g:1][CONSENSUS][PBFT]checkTimeout Succ,view=83,toView=84,nodeIdx=3,changeCycle=0,myNode=9303553a...,timecost=0.192
info|2019-12-12 20:58:38.663409|[g:1][CONSENSUS][PBFT]checkAndChangeView: Reach consensus,org_view=83,org_changeCycle=0,cur_changeCycle=0,to_view=84
warning|2019-12-12 20:58:39.311405|[SYNC][id:9303553a...][Status]Peer data not found,nodeId=6e4f3ba3...
info|2019-12-12 20:58:39.667021|[g:1][CONSENSUS]addRawPrepare,height=31,reqIdx=2,hash=eddaebdc...
info|2019-12-12 20:58:39.667247|[g:1][CONSENSUS][PBFT]checkTimeout Succ,view=84,toView=85,nodeIdx=3,changeCycle=0,myNode=9303553a...,timecost=0.19
info|2019-12-12 20:58:39.667522|[g:1][CONSENSUS][PBFT]checkAndChangeView: Reach consensus,org_view=84,org_changeCycle=0,cur_changeCycle=0,to_view=85
info|2019-12-12 20:58:40.667952|[g:1][CONSENSUS][SEALER]++++++++++++++++ Generating seal on,blkNum=31,tx=0,nodeIdx=3,hash=b0102812...
info|2019-12-12 20:58:40.673865|[g:1][CONSENSUS][PBFT]checkTimeout Succ,view=85,toView=86,nodeIdx=3,changeCycle=0,myNode=9303553a...,timecost=0.194
info|2019-12-12 20:58:40.674950|[g:1][CONSENSUS][PBFT]checkAndChangeView: Reach consensus,org_view=85,org_changeCycle=0,cur_changeCycle=0,to_view=86
info|2019-12-12 20:58:41.674588|[g:1][CONSENSUS]addRawPrepare,height=31,reqIdx=0,hash=f0d68018...
info|2019-12-12 20:58:41.674840|[g:1][CONSENSUS][PBFT]checkTimeout Succ,view=86,toView=87,nodeIdx=3,changeCycle=0,myNode=9303553a...,timecost=0.184
info|2019-12-12 20:58:41.680881|[g:1][CONSENSUS][PBFT]checkAndChangeView: Reach consensus,org_view=86,org_changeCycle=0,cur_changeCycle=0,to_view=87
info|2019-12-12 20:58:42.685772|[g:1][CONSENSUS]addRawPrepare,height=31,reqIdx=1,hash=25b5994d...
info|2019-12-12 20:58:42.686029|[g:1][CONSENSUS][PBFT]checkTimeout Succ,view=87,toView=88,nodeIdx=3,changeCycle=0,myNode=9303553a...,timecost=0.188
info|2019-12-12 20:58:42.689863|[g:1][CONSENSUS][PBFT]checkAndChangeView: Reach consensus,org_view=87,org_changeCycle=0,cur_changeCycle=0,to_view=88
info|2019-12-12 20:58:43.694901|[g:1][CONSENSUS]addRawPrepare,height=31,reqIdx=2,hash=8b66dbb4...
info|2019-12-12 20:58:43.695763|[g:1][CONSENSUS][PBFT]checkTimeout Succ,view=88,toView=89,nodeIdx=3,changeCycle=0,myNode=9303553a...,timecost=0.833
info|2019-12-12 20:58:43.696041|[g:1][CONSENSUS][PBFT]checkAndChangeView: Reach consensus,org_view=88,org_changeCycle=0,cur_changeCycle=0,to_view=89
info|2019-12-12 20:58:43.921741|[P2P][Service] heartBeat,connected count=4
warning|2019-12-12 20:58:44.317994|[SYNC][id:9303553a...][Status]Peer data not found,nodeId=6e4f3ba3...
info|2019-12-12 20:58:44.697312|[g:1][CONSENSUS][SEALER]++++++++++++++++ Generating seal on,blkNum=31,tx=0,nodeIdx=3,hash=46149062...
info|2019-12-12 20:58:44.703816|[g:1][CONSENSUS][PBFT]checkTimeout Succ,view=89,toView=90,nodeIdx=3,changeCycle=0,myNode=9303553a...,timecost=0.194
info|2019-12-12 20:58:44.704653|[g:1][CONSENSUS][PBFT]checkAndChangeView: Reach consensus,org_view=89,org_changeCycle=0,cur_changeCycle=0,to_view=90
info|2019-12-12 20:58:45.703798|[g:1][CONSENSUS]addRawPrepare,height=31,reqIdx=0,hash=6f5e29ae...
info|2019-12-12 20:58:45.704051|[g:1][CONSENSUS][PBFT]checkTimeout Succ,view=90,toView=91,nodeIdx=3,changeCycle=0,myNode=9303553a...,timecost=0.182
info|2019-12-12 20:58:45.707077|[g:1][CONSENSUS][PBFT]checkAndChangeView: Reach consensus,org_view=90,org_changeCycle=0,cur_changeCycle=0,to_view=91
info|2019-12-12 20:58:46.708287|[g:1][CONSENSUS]addRawPrepare,height=31,reqIdx=1,hash=077351db...
info|2019-12-12 20:58:46.708580|[g:1][CONSENSUS][PBFT]checkTimeout Succ,view=91,toView=92,nodeIdx=3,changeCycle=0,myNode=9303553a...,timecost=0.201
info|2019-12-12 20:58:46.711896|[g:1][CONSENSUS][PBFT]checkAndChangeView: Reach consensus,org_view=91,org_changeCycle=0,cur_changeCycle=0,to_view=92
info|2019-12-12 20:58:47.715100|[g:1][CONSENSUS]addRawPrepare,height=31,reqIdx=2,hash=67c0f979...
info|2019-12-12 20:58:47.715371|[g:1][CONSENSUS][PBFT]checkTimeout Succ,view=92,toView=93,nodeIdx=3,changeCycle=0,myNode=9303553a...,timecost=0.243
info|2019-12-12 20:58:47.718220|[g:1][CONSENSUS][PBFT]checkAndChangeView: Reach consensus,org_view=92,org_changeCycle=0,cur_changeCycle=0,to_view=93
info|2019-12-12 20:58:48.719053|[g:1][CONSENSUS][SEALER]++++++++++++++++ Generating seal on,blkNum=31,tx=0,nodeIdx=3,hash=a9c2aaae...
info|2019-12-12 20:58:48.725816|[g:1][CONSENSUS][PBFT]checkTimeout Succ,view=93,toView=94,nodeIdx=3,changeCycle=0,myNode=9303553a...,timecost=0.196
info|2019-12-12 20:58:48.726756|[g:1][CONSENSUS][PBFT]checkAndChangeView: Reach consensus,org_view=93,org_changeCycle=0,cur_changeCycle=0,to_view=94
warning|2019-12-12 20:58:49.326231|[SYNC][id:9303553a...][Status]Peer data not found,nodeId=6e4f3ba3...
info|2019-12-12 20:58:49.727460|[g:1][CONSENSUS]addRawPrepare,height=31,reqIdx=0,hash=fc2105ce...
info|2019-12-12 20:58:49.728253|[g:1][CONSENSUS][PBFT]checkTimeout Succ,view=94,toView=95,nodeIdx=3,changeCycle=0,myNode=9303553a...,timecost=0.601
info|2019-12-12 20:58:49.745595|[g:1][CONSENSUS][PBFT]checkAndChangeView: Reach consensus,org_view=94,org_changeCycle=0,cur_changeCycle=0,to_view=95
info|2019-12-12 20:58:50.750957|[g:1][CONSENSUS]addRawPrepare,height=31,reqIdx=1,hash=e6628c41...
info|2019-12-12 20:58:50.751272|[g:1][CONSENSUS][PBFT]checkTimeout Succ,view=95,toView=96,nodeIdx=3,changeCycle=0,myNode=9303553a...,timecost=0.229
info|2019-12-12 20:58:50.754853|[g:1][CONSENSUS][PBFT]checkAndChangeView: Reach consensus,org_view=95,org_changeCycle=0,cur_changeCycle=0,to_view=96
info|2019-12-12 20:58:51.756626|[g:1][CONSENSUS]addRawPrepare,height=31,reqIdx=2,hash=3f6de74b...
info|2019-12-12 20:58:51.756845|[g:1][CONSENSUS][PBFT]checkTimeout Succ,view=96,toView=97,nodeIdx=3,changeCycle=0,myNode=9303553a...,timecost=0.193
info|2019-12-12 20:58:51.761908|[g:1][CONSENSUS][PBFT]checkAndChangeView: Reach consensus,org_view=96,org_changeCycle=0,cur_changeCycle=0,to_view=97
info|2019-12-12 20:58:52.762437|[g:1][CONSENSUS][SEALER]++++++++++++++++ Generating seal on,blkNum=31,tx=0,nodeIdx=3,hash=86f3e639...
info|2019-12-12 20:58:52.768383|[g:1][CONSENSUS][PBFT]checkTimeout Succ,view=97,toView=98,nodeIdx=3,changeCycle=0,myNode=9303553a...,timecost=0.193
info|2019-12-12 20:58:52.769306|[g:1][CONSENSUS][PBFT]checkAndChangeView: Reach consensus,org_view=97,org_changeCycle=0,cur_changeCycle=0,to_view=98
info|2019-12-12 20:58:53.769611|[g:1][CONSENSUS]addRawPrepare,height=31,reqIdx=0,hash=3a66251e...
info|2019-12-12 20:58:53.769942|[g:1][CONSENSUS][PBFT]checkTimeout Succ,view=98,toView=99,nodeIdx=3,changeCycle=0,myNode=9303553a...,timecost=0.23
info|2019-12-12 20:58:53.773144|[g:1][CONSENSUS][PBFT]checkAndChangeView: Reach consensus,org_view=98,org_changeCycle=0,cur_changeCycle=0,to_view=99
info|2019-12-12 20:58:53.921799|[P2P][Service] heartBeat,connected count=4
warning|2019-12-12 20:58:54.332907|[SYNC][id:9303553a...][Status]Peer data not found,nodeId=6e4f3ba3...
info|2019-12-12 20:58:54.777361|[g:1][CONSENSUS]addRawPrepare,height=31,reqIdx=1,hash=39dc78b5...
info|2019-12-12 20:58:54.777914|[g:1][CONSENSUS][PBFT]checkTimeout Succ,view=99,toView=100,nodeIdx=3,changeCycle=0,myNode=9303553a...,timecost=0.214
info|2019-12-12 20:58:54.782125|[g:1][CONSENSUS][PBFT]checkAndChangeView: Reach consensus,org_view=99,org_changeCycle=0,cur_changeCycle=0,to_view=100
info|2019-12-12 20:58:55.784668|[g:1][CONSENSUS]addRawPrepare,height=31,reqIdx=2,hash=caace415...
info|2019-12-12 20:58:55.784887|[g:1][CONSENSUS][PBFT]checkTimeout Succ,view=100,toView=101,nodeIdx=3,changeCycle=0,myNode=9303553a...,timecost=0.193
info|2019-12-12 20:58:55.787877|[g:1][CONSENSUS][PBFT]checkAndChangeView: Reach consensus,org_view=100,org_changeCycle=0,cur_changeCycle=0,to_view=101
info|2019-12-12 20:58:56.787111|[g:1][CONSENSUS][SEALER]++++++++++++++++ Generating seal on,blkNum=31,tx=0,nodeIdx=3,hash=9a695bdd...
info|2019-12-12 20:58:56.793448|[g:1][CONSENSUS][PBFT]checkTimeout Succ,view=101,toView=102,nodeIdx=3,changeCycle=0,myNode=9303553a...,timecost=0.238
info|2019-12-12 20:58:56.794304|[g:1][CONSENSUS][PBFT]checkAndChangeView: Reach consensus,org_view=101,org_changeCycle=0,cur_changeCycle=0,to_view=102
info|2019-12-12 20:58:57.793545|[g:1][CONSENSUS]addRawPrepare,height=31,reqIdx=0,hash=1f5bbc66...
info|2019-12-12 20:58:57.793867|[g:1][CONSENSUS][PBFT]checkTimeout Succ,view=102,toView=103,nodeIdx=3,changeCycle=0,myNode=9303553a...,timecost=0.249
info|2019-12-12 20:58:57.797201|[g:1][CONSENSUS][PBFT]checkAndChangeView: Reach consensus,org_view=102,org_changeCycle=0,cur_changeCycle=0,to_view=103
info|2019-12-12 20:58:58.800283|[g:1][CONSENSUS]addRawPrepare,height=31,reqIdx=1,hash=58abb224...
info|2019-12-12 20:58:58.800544|[g:1][CONSENSUS][PBFT]checkTimeout Succ,view=103,toView=104,nodeIdx=3,changeCycle=0,myNode=9303553a...,timecost=0.186
info|2019-12-12 20:58:58.804372|[g:1][CONSENSUS][PBFT]checkAndChangeView: Reach consensus,org_view=103,org_changeCycle=0,cur_changeCycle=0,to_view=104
warning|2019-12-12 20:58:59.344971|[SYNC][id:9303553a...][Status]Peer data not found,nodeId=6e4f3ba3...
info|2019-12-12 20:58:59.805862|[g:1][CONSENSUS]addRawPrepare,height=31,reqIdx=2,hash=f7422c25...
info|2019-12-12 20:58:59.806081|[g:1][CONSENSUS][PBFT]checkTimeout Succ,view=104,toView=105,nodeIdx=3,changeCycle=0,myNode=9303553a...,timecost=0.195
info|2019-12-12 20:58:59.809219|[g:1][CONSENSUS][PBFT]checkAndChangeView: Reach consensus,org_view=104,org_changeCycle=0,cur_changeCycle=0,to_view=105
info|2019-12-12 20:59:00.809858|[g:1][CONSENSUS][SEALER]++++++++++++++++ Generating seal on,blkNum=31,tx=0,nodeIdx=3,hash=4a97351e...
info|2019-12-12 20:59:00.815547|[g:1][CONSENSUS][PBFT]checkTimeout Succ,view=105,toView=106,nodeIdx=3,changeCycle=0,myNode=9303553a...,timecost=0.234
info|2019-12-12 20:59:00.816537|[g:1][CONSENSUS][PBFT]checkAndChangeView: Reach consensus,org_view=105,org_changeCycle=0,cur_changeCycle=0,to_view=106
info|2019-12-12 20:59:01.815587|[g:1][CONSENSUS]addRawPrepare,height=31,reqIdx=0,hash=4b5060fc...
info|2019-12-12 20:59:01.815846|[g:1][CONSENSUS][PBFT]checkTimeout Succ,view=106,toView=107,nodeIdx=3,changeCycle=0,myNode=9303553a...,timecost=0.188
info|2019-12-12 20:59:01.818960|[g:1][CONSENSUS][PBFT]checkAndChangeView: Reach consensus,org_view=106,org_changeCycle=0,cur_changeCycle=0,to_view=107
info|2019-12-12 20:59:02.821266|[g:1][CONSENSUS]addRawPrepare,height=31,reqIdx=1,hash=a5c38e5e...
info|2019-12-12 20:59:02.821626|[g:1][CONSENSUS][PBFT]checkTimeout Succ,view=107,toView=108,nodeIdx=3,changeCycle=0,myNode=9303553a...,timecost=0.26
info|2019-12-12 20:59:02.826981|[g:1][CONSENSUS][PBFT]checkAndChangeView: Reach consensus,org_view=107,org_changeCycle=0,cur_changeCycle=0,to_view=108
info|2019-12-12 20:59:03.829214|[g:1][CONSENSUS]addRawPrepare,height=31,reqIdx=2,hash=d7449ad1...
info|2019-12-12 20:59:03.829549|[g:1][CONSENSUS][PBFT]checkTimeout Succ,view=108,toView=109,nodeIdx=3,changeCycle=0,myNode=9303553a...,timecost=0.298
info|2019-12-12 20:59:03.832812|[g:1][CONSENSUS][PBFT]checkAndChangeView: Reach consensus,org_view=108,org_changeCycle=0,cur_changeCycle=0,to_view=109
info|2019-12-12 20:59:03.922092|[P2P][Service] heartBeat,connected count=4
warning|2019-12-12 20:59:04.354954|[SYNC][id:9303553a...][Status]Peer data not found,nodeId=6e4f3ba3...
info|2019-12-12 20:59:04.833765|[g:1][CONSENSUS][SEALER]++++++++++++++++ Generating seal on,blkNum=31,tx=0,nodeIdx=3,hash=8be9df1a...
info|2019-12-12 20:59:04.840487|[g:1][CONSENSUS][PBFT]checkTimeout Succ,view=109,toView=110,nodeIdx=3,changeCycle=0,myNode=9303553a...,timecost=0.244
info|2019-12-12 20:59:04.841246|[g:1][CONSENSUS][PBFT]checkAndChangeView: Reach consensus,org_view=109,org_changeCycle=0,cur_changeCycle=0,to_view=110
info|2019-12-12 20:59:05.840616|[g:1][CONSENSUS]addRawPrepare,height=31,reqIdx=0,hash=c3b5af0a...
info|2019-12-12 20:59:05.840877|[g:1][CONSENSUS][PBFT]checkTimeout Succ,view=110,toView=111,nodeIdx=3,changeCycle=0,myNode=9303553a...,timecost=0.188
info|2019-12-12 20:59:05.844056|[g:1][CONSENSUS][PBFT]checkAndChangeView: Reach consensus,org_view=110,org_changeCycle=0,cur_changeCycle=0,to_view=111
info|2019-12-12 20:59:06.844880|[g:1][CONSENSUS]addRawPrepare,height=31,reqIdx=1,hash=4f9cfbdf...
info|2019-12-12 20:59:06.845159|[g:1][CONSENSUS][PBFT]checkTimeout Succ,view=111,toView=112,nodeIdx=3,changeCycle=0,myNode=9303553a...,timecost=0.185
info|2019-12-12 20:59:06.848769|[g:1][CONSENSUS][PBFT]checkAndChangeView: Reach consensus,org_view=111,org_changeCycle=0,cur_changeCycle=0,to_view=112
info|2019-12-12 20:59:07.849754|[g:1][CONSENSUS]addRawPrepare,height=31,reqIdx=2,hash=e4d9812d...
info|2019-12-12 20:59:07.850010|[g:1][CONSENSUS][PBFT]checkTimeout Succ,view=112,toView=113,nodeIdx=3,changeCycle=0,myNode=9303553a...,timecost=0.234
info|2019-12-12 20:59:07.856629|[g:1][CONSENSUS][PBFT]checkAndChangeView: Reach consensus,org_view=112,org_changeCycle=0,cur_changeCycle=0,to_view=113
info|2019-12-12 20:59:08.857382|[g:1][CONSENSUS][SEALER]++++++++++++++++ Generating seal on,blkNum=31,tx=0,nodeIdx=3,hash=1e4eefd4...
info|2019-12-12 20:59:08.872650|[g:1][CONSENSUS][PBFT]checkTimeout Succ,view=113,toView=114,nodeIdx=3,changeCycle=0,myNode=9303553a...,timecost=0.311
info|2019-12-12 20:59:08.874194|[g:1][CONSENSUS][PBFT]checkAndChangeView: Reach consensus,org_view=113,org_changeCycle=0,cur_changeCycle=0,to_view=114
warning|2019-12-12 20:59:09.364006|[SYNC][id:9303553a...][Status]Peer data not found,nodeId=6e4f3ba3...
info|2019-12-12 20:59:09.872557|[g:1][CONSENSUS]addRawPrepare,height=31,reqIdx=0,hash=8b99e0d8...
info|2019-12-12 20:59:09.872832|[g:1][CONSENSUS][PBFT]checkTimeout Succ,view=114,toView=115,nodeIdx=3,changeCycle=0,myNode=9303553a...,timecost=0.208
info|2019-12-12 20:59:09.876391|[g:1][CONSENSUS][PBFT]checkAndChangeView: Reach consensus,org_view=114,org_changeCycle=0,cur_changeCycle=0,to_view=115
info|2019-12-12 20:59:10.877438|[g:1][CONSENSUS]addRawPrepare,height=31,reqIdx=1,hash=1561d9a9...
info|2019-12-12 20:59:10.886381|[g:1][CONSENSUS][PBFT]checkTimeout Succ,view=115,toView=116,nodeIdx=3,changeCycle=0,myNode=9303553a...,timecost=8.789
info|2019-12-12 20:59:10.889315|[g:1][CONSENSUS][PBFT]checkAndChangeView: Reach consensus,org_view=115,org_changeCycle=0,cur_changeCycle=0,to_view=116
info|2019-12-12 20:59:11.891983|[g:1][CONSENSUS]addRawPrepare,height=31,reqIdx=2,hash=f492fbc6...
info|2019-12-12 20:59:11.892296|[g:1][CONSENSUS][PBFT]checkTimeout Succ,view=116,toView=117,nodeIdx=3,changeCycle=0,myNode=9303553a...,timecost=0.277
info|2019-12-12 20:59:11.895927|[g:1][CONSENSUS][PBFT]checkAndChangeView: Reach consensus,org_view=116,org_changeCycle=0,cur_changeCycle=0,to_view=117
info|2019-12-12 20:59:12.897785|[g:1][CONSENSUS][SEALER]++++++++++++++++ Generating seal on,blkNum=31,tx=0,nodeIdx=3,hash=72a341e7...
info|2019-12-12 20:59:12.904039|[g:1][CONSENSUS][PBFT]checkTimeout Succ,view=117,toView=118,nodeIdx=3,changeCycle=0,myNode=9303553a...,timecost=0.266
info|2019-12-12 20:59:12.904968|[g:1][CONSENSUS][PBFT]checkAndChangeView: Reach consensus,org_view=117,org_changeCycle=0,cur_changeCycle=0,to_view=118
info|2019-12-12 20:59:13.903305|[g:1][CONSENSUS]addRawPrepare,height=31,reqIdx=0,hash=d9853419...
info|2019-12-12 20:59:13.903598|[g:1][CONSENSUS][PBFT]checkTimeout Succ,view=118,toView=119,nodeIdx=3,changeCycle=0,myNode=9303553a...,timecost=0.225
info|2019-12-12 20:59:13.906717|[g:1][CONSENSUS][PBFT]checkAndChangeView: Reach consensus,org_view=118,org_changeCycle=0,cur_changeCycle=0,to_view=119
info|2019-12-12 20:59:13.922298|[P2P][Service] heartBeat,connected count=4
warning|2019-12-12 20:59:14.371637|[SYNC][id:9303553a...][Status]Peer data not found,nodeId=6e4f3ba3...
info|2019-12-12 20:59:14.908480|[g:1][CONSENSUS]addRawPrepare,height=31,reqIdx=1,hash=2a61b2e5...
info|2019-12-12 20:59:14.908796|[g:1][CONSENSUS][PBFT]checkTimeout Succ,view=119,toView=120,nodeIdx=3,changeCycle=0,myNode=9303553a...,timecost=0.192
info|2019-12-12 20:59:14.912894|[g:1][CONSENSUS][PBFT]checkAndChangeView: Reach consensus,org_view=119,org_changeCycle=0,cur_changeCycle=0,to_view=120
info|2019-12-12 20:59:15.915287|[g:1][CONSENSUS]addRawPrepare,height=31,reqIdx=2,hash=12ef47bb...
info|2019-12-12 20:59:15.915537|[g:1][CONSENSUS][PBFT]checkTimeout Succ,view=120,toView=121,nodeIdx=3,changeCycle=0,myNode=9303553a...,timecost=0.227
info|2019-12-12 20:59:15.920587|[g:1][CONSENSUS][PBFT]checkAndChangeView: Reach consensus,org_view=120,org_changeCycle=0,cur_changeCycle=0,to_view=121
info|2019-12-12 20:59:16.922542|[g:1][CONSENSUS][SEALER]++++++++++++++++ Generating seal on,blkNum=31,tx=0,nodeIdx=3,hash=a99a166a...
info|2019-12-12 20:59:16.933177|[g:1][CONSENSUS][PBFT]checkTimeout Succ,view=121,toView=122,nodeIdx=3,changeCycle=0,myNode=9303553a...,timecost=0.237
info|2019-12-12 20:59:16.934310|[g:1][CONSENSUS][PBFT]checkAndChangeView: Reach consensus,org_view=121,org_changeCycle=0,cur_changeCycle=0,to_view=122
info|2019-12-12 20:59:17.932573|[g:1][CONSENSUS]addRawPrepare,height=31,reqIdx=0,hash=26b26367...
info|2019-12-12 20:59:17.932848|[g:1][CONSENSUS][PBFT]checkTimeout Succ,view=122,toView=123,nodeIdx=3,changeCycle=0,myNode=9303553a...,timecost=0.194
info|2019-12-12 20:59:17.936293|[g:1][CONSENSUS][PBFT]checkAndChangeView: Reach consensus,org_view=122,org_changeCycle=0,cur_changeCycle=0,to_view=123
info|2019-12-12 20:59:18.937890|[g:1][CONSENSUS]addRawPrepare,height=31,reqIdx=1,hash=ce6035b0...
info|2019-12-12 20:59:18.940436|[g:1][CONSENSUS][PBFT]checkTimeout Succ,view=123,toView=124,nodeIdx=3,changeCycle=0,myNode=9303553a...,timecost=2.475
info|2019-12-12 20:59:18.940985|[g:1][CONSENSUS][PBFT]checkAndChangeView: Reach consensus,org_view=123,org_changeCycle=0,cur_changeCycle=0,to_view=124
warning|2019-12-12 20:59:19.377740|[SYNC][id:9303553a...][Status]Peer data not found,nodeId=6e4f3ba3...
info|2019-12-12 20:59:19.944671|[g:1][CONSENSUS]addRawPrepare,height=31,reqIdx=2,hash=e18b2625...
info|2019-12-12 20:59:19.944918|[g:1][CONSENSUS][PBFT]checkTimeout Succ,view=124,toView=125,nodeIdx=3,changeCycle=0,myNode=9303553a...,timecost=0.221
info|2019-12-12 20:59:19.947575|[g:1][CONSENSUS][PBFT]checkAndChangeView: Reach consensus,org_view=124,org_changeCycle=0,cur_changeCycle=0,to_view=125
info|2019-12-12 20:59:20.947962|[g:1][CONSENSUS][SEALER]++++++++++++++++ Generating seal on,blkNum=31,tx=0,nodeIdx=3,hash=b550c0ed...
info|2019-12-12 20:59:20.958083|[g:1][CONSENSUS][PBFT]checkTimeout Succ,view=125,toView=126,nodeIdx=3,changeCycle=0,myNode=9303553a...,timecost=0.279
info|2019-12-12 20:59:20.959279|[g:1][CONSENSUS][PBFT]checkAndChangeView: Reach consensus,org_view=125,org_changeCycle=0,cur_changeCycle=0,to_view=126
info|2019-12-12 20:59:21.957799|[g:1][CONSENSUS]addRawPrepare,height=31,reqIdx=0,hash=49c48551...
info|2019-12-12 20:59:21.958057|[g:1][CONSENSUS][PBFT]checkTimeout Succ,view=126,toView=127,nodeIdx=3,changeCycle=0,myNode=9303553a...,timecost=0.184
info|2019-12-12 20:59:21.961303|[g:1][CONSENSUS][PBFT]checkAndChangeView: Reach consensus,org_view=126,org_changeCycle=0,cur_changeCycle=0,to_view=127
info|2019-12-12 20:59:22.964871|[g:1][CONSENSUS]addRawPrepare,height=31,reqIdx=1,hash=dda591ed...
info|2019-12-12 20:59:22.965476|[g:1][CONSENSUS][PBFT]checkTimeout Succ,view=127,toView=128,nodeIdx=3,changeCycle=0,myNode=9303553a...,timecost=0.395
info|2019-12-12 20:59:22.970321|[g:1][CONSENSUS][PBFT]checkAndChangeView: Reach consensus,org_view=127,org_changeCycle=0,cur_changeCycle=0,to_view=128
info|2019-12-12 20:59:23.922670|[P2P][Service] heartBeat,connected count=4
info|2019-12-12 20:59:23.973161|[g:1][CONSENSUS]addRawPrepare,height=31,reqIdx=2,hash=bc81c3a2...
info|2019-12-12 20:59:23.973369|[g:1][CONSENSUS][PBFT]checkTimeout Succ,view=128,toView=129,nodeIdx=3,changeCycle=0,myNode=9303553a...,timecost=0.182
info|2019-12-12 20:59:23.975303|[g:1][CONSENSUS][PBFT]checkAndChangeView: Reach consensus,org_view=128,org_changeCycle=0,cur_changeCycle=0,to_view=129
warning|2019-12-12 20:59:24.384565|[SYNC][id:9303553a...][Status]Peer data not found,nodeId=6e4f3ba3...
info|2019-12-12 20:59:24.976998|[g:1][CONSENSUS][SEALER]++++++++++++++++ Generating seal on,blkNum=31,tx=0,nodeIdx=3,hash=738e2871...
info|2019-12-12 20:59:24.983412|[g:1][CONSENSUS][PBFT]checkTimeout Succ,view=129,toView=130,nodeIdx=3,changeCycle=0,myNode=9303553a...,timecost=0.182
info|2019-12-12 20:59:24.983920|[g:1][CONSENSUS][PBFT]checkAndChangeView: Reach consensus,org_view=129,org_changeCycle=0,cur_changeCycle=0,to_view=130
info|2019-12-12 20:59:25.983651|[g:1][CONSENSUS]addRawPrepare,height=31,reqIdx=0,hash=eed7072f...
info|2019-12-12 20:59:25.983919|[g:1][CONSENSUS][PBFT]checkTimeout Succ,view=130,toView=131,nodeIdx=3,changeCycle=0,myNode=9303553a...,timecost=0.192
info|2019-12-12 20:59:25.988769|[g:1][CONSENSUS][PBFT]checkAndChangeView: Reach consensus,org_view=130,org_changeCycle=0,cur_changeCycle=0,to_view=131
info|2019-12-12 20:59:26.988149|[g:1][CONSENSUS]addRawPrepare,height=31,reqIdx=1,hash=a03d80da...
info|2019-12-12 20:59:26.988413|[g:1][CONSENSUS][PBFT]checkTimeout Succ,view=131,toView=132,nodeIdx=3,changeCycle=0,myNode=9303553a...,timecost=0.183
info|2019-12-12 20:59:26.992296|[g:1][CONSENSUS][PBFT]checkAndChangeView: Reach consensus,org_view=131,org_changeCycle=0,cur_changeCycle=0,to_view=132
info|2019-12-12 20:59:27.994195|[g:1][CONSENSUS]addRawPrepare,height=31,reqIdx=2,hash=bc48f89a...
info|2019-12-12 20:59:27.994399|[g:1][CONSENSUS][PBFT]checkTimeout Succ,view=132,toView=133,nodeIdx=3,changeCycle=0,myNode=9303553a...,timecost=0.181
info|2019-12-12 20:59:27.995752|[g:1][CONSENSUS][PBFT]checkAndChangeView: Reach consensus,org_view=132,org_changeCycle=0,cur_changeCycle=0,to_view=133
info|2019-12-12 20:59:28.995424|[g:1][CONSENSUS][SEALER]++++++++++++++++ Generating seal on,blkNum=31,tx=0,nodeIdx=3,hash=6d780851...
info|2019-12-12 20:59:29.002082|[g:1][CONSENSUS][PBFT]checkTimeout Succ,view=133,toView=134,nodeIdx=3,changeCycle=0,myNode=9303553a...,timecost=0.252
info|2019-12-12 20:59:29.002972|[g:1][CONSENSUS][PBFT]checkAndChangeView: Reach consensus,org_view=133,org_changeCycle=0,cur_changeCycle=0,to_view=134
warning|2019-12-12 20:59:29.394085|[SYNC][id:9303553a...][Status]Peer data not found,nodeId=6e4f3ba3...
info|2019-12-12 20:59:30.014260|[g:1][CONSENSUS]addRawPrepare,height=31,reqIdx=0,hash=5d6443e3...
info|2019-12-12 20:59:30.014518|[g:1][CONSENSUS][PBFT]checkTimeout Succ,view=134,toView=135,nodeIdx=3,changeCycle=0,myNode=9303553a...,timecost=0.185
info|2019-12-12 20:59:30.017704|[g:1][CONSENSUS][PBFT]checkAndChangeView: Reach consensus,org_view=134,org_changeCycle=0,cur_changeCycle=0,to_view=135
info|2019-12-12 20:59:31.018859|[g:1][CONSENSUS]addRawPrepare,height=31,reqIdx=1,hash=5005eed6...
info|2019-12-12 20:59:31.019368|[g:1][CONSENSUS][PBFT]checkTimeout Succ,view=135,toView=136,nodeIdx=3,changeCycle=0,myNode=9303553a...,timecost=0.371
info|2019-12-12 20:59:31.025594|[g:1][CONSENSUS][PBFT]checkAndChangeView: Reach consensus,org_view=135,org_changeCycle=0,cur_changeCycle=0,to_view=136
info|2019-12-12 20:59:32.027298|[g:1][CONSENSUS]addRawPrepare,height=31,reqIdx=2,hash=6c4280ad...
info|2019-12-12 20:59:32.027519|[g:1][CONSENSUS][PBFT]checkTimeout Succ,view=136,toView=137,nodeIdx=3,changeCycle=0,myNode=9303553a...,timecost=0.197
info|2019-12-12 20:59:32.030443|[g:1][CONSENSUS][PBFT]checkAndChangeView: Reach consensus,org_view=136,org_changeCycle=0,cur_changeCycle=0,to_view=137
info|2019-12-12 20:59:33.030847|[g:1][CONSENSUS][SEALER]++++++++++++++++ Generating seal on,blkNum=31,tx=0,nodeIdx=3,hash=52aee593...
info|2019-12-12 20:59:33.036929|[g:1][CONSENSUS][PBFT]checkTimeout Succ,view=137,toView=138,nodeIdx=3,changeCycle=0,myNode=9303553a...,timecost=0.193
info|2019-12-12 20:59:33.037968|[g:1][CONSENSUS][PBFT]checkAndChangeView: Reach consensus,org_view=137,org_changeCycle=0,cur_changeCycle=0,to_view=138
info|2019-12-12 20:59:33.923053|[P2P][Service] heartBeat,connected count=4
info|2019-12-12 20:59:34.037093|[g:1][CONSENSUS]addRawPrepare,height=31,reqIdx=0,hash=f9be2964...
info|2019-12-12 20:59:34.037360|[g:1][CONSENSUS][PBFT]checkTimeout Succ,view=138,toView=139,nodeIdx=3,changeCycle=0,myNode=9303553a...,timecost=0.188
info|2019-12-12 20:59:34.042089|[g:1][CONSENSUS][PBFT]checkAndChangeView: Reach consensus,org_view=138,org_changeCycle=0,cur_changeCycle=0,to_view=139
warning|2019-12-12 20:59:34.403815|[SYNC][id:9303553a...][Status]Peer data not found,nodeId=6e4f3ba3...
info|2019-12-12 20:59:35.041081|[g:1][CONSENSUS]addRawPrepare,height=31,reqIdx=1,hash=c96fdad1...
info|2019-12-12 20:59:35.041341|[g:1][CONSENSUS][PBFT]checkTimeout Succ,view=139,toView=140,nodeIdx=3,changeCycle=0,myNode=9303553a...,timecost=0.186
info|2019-12-12 20:59:35.046280|[g:1][CONSENSUS][PBFT]checkAndChangeView: Reach consensus,org_view=139,org_changeCycle=0,cur_changeCycle=0,to_view=140
info|2019-12-12 20:59:36.049376|[g:1][CONSENSUS]addRawPrepare,height=31,reqIdx=2,hash=8f1f5409...
info|2019-12-12 20:59:36.049584|[g:1][CONSENSUS][PBFT]checkTimeout Succ,view=140,toView=141,nodeIdx=3,changeCycle=0,myNode=9303553a...,timecost=0.184
info|2019-12-12 20:59:36.052280|[g:1][CONSENSUS][PBFT]checkAndChangeView: Reach consensus,org_view=140,org_changeCycle=0,cur_changeCycle=0,to_view=141
info|2019-12-12 20:59:37.052519|[g:1][CONSENSUS][SEALER]++++++++++++++++ Generating seal on,blkNum=31,tx=0,nodeIdx=3,hash=e8379a47...
info|2019-12-12 20:59:37.060404|[g:1][CONSENSUS][PBFT]checkTimeout Succ,view=141,toView=142,nodeIdx=3,changeCycle=0,myNode=9303553a...,timecost=0.201
info|2019-12-12 20:59:37.061249|[g:1][CONSENSUS][PBFT]checkAndChangeView: Reach consensus,org_view=141,org_changeCycle=0,cur_changeCycle=0,to_view=142
info|2019-12-12 20:59:38.060220|[g:1][CONSENSUS]addRawPrepare,height=31,reqIdx=0,hash=757fb6f4...
info|2019-12-12 20:59:38.060500|[g:1][CONSENSUS][PBFT]checkTimeout Succ,view=142,toView=143,nodeIdx=3,changeCycle=0,myNode=9303553a...,timecost=0.189
info|2019-12-12 20:59:38.063768|[g:1][CONSENSUS][PBFT]checkAndChangeView: Reach consensus,org_view=142,org_changeCycle=0,cur_changeCycle=0,to_view=143
info|2019-12-12 20:59:39.065417|[g:1][CONSENSUS]addRawPrepare,height=31,reqIdx=1,hash=fcf0b7fa...
info|2019-12-12 20:59:39.065720|[g:1][CONSENSUS][PBFT]checkTimeout Succ,view=143,toView=144,nodeIdx=3,changeCycle=0,myNode=9303553a...,timecost=0.228
info|2019-12-12 20:59:39.072149|[g:1][CONSENSUS][PBFT]checkAndChangeView: Reach consensus,org_view=143,org_changeCycle=0,cur_changeCycle=0,to_view=144
warning|2019-12-12 20:59:39.413662|[SYNC][id:9303553a...][Status]Peer data not found,nodeId=6e4f3ba3...
info|2019-12-12 20:59:40.075037|[g:1][CONSENSUS]addRawPrepare,height=31,reqIdx=2,hash=712e8ad2...
info|2019-12-12 20:59:40.085330|[g:1][CONSENSUS][PBFT]checkTimeout Succ,view=144,toView=145,nodeIdx=3,changeCycle=0,myNode=9303553a...,timecost=3.102
info|2019-12-12 20:59:40.086036|[g:1][CONSENSUS][PBFT]checkAndChangeView: Reach consensus,org_view=144,org_changeCycle=0,cur_changeCycle=0,to_view=145
info|2019-12-12 20:59:41.086629|[g:1][CONSENSUS][SEALER]++++++++++++++++ Generating seal on,blkNum=31,tx=0,nodeIdx=3,hash=adce2457...
info|2019-12-12 20:59:41.096530|[g:1][CONSENSUS][PBFT]checkTimeout Succ,view=145,toView=146,nodeIdx=3,changeCycle=0,myNode=9303553a...,timecost=0.2
info|2019-12-12 20:59:41.097660|[g:1][CONSENSUS][PBFT]checkAndChangeView: Reach consensus,org_view=145,org_changeCycle=0,cur_changeCycle=0,to_view=146
info|2019-12-12 20:59:42.096080|[g:1][CONSENSUS]addRawPrepare,height=31,reqIdx=0,hash=c921b218...
info|2019-12-12 20:59:42.096366|[g:1][CONSENSUS][PBFT]checkTimeout Succ,view=146,toView=147,nodeIdx=3,changeCycle=0,myNode=9303553a...,timecost=0.22
info|2019-12-12 20:59:42.099899|[g:1][CONSENSUS][PBFT]checkAndChangeView: Reach consensus,org_view=146,org_changeCycle=0,cur_changeCycle=0,to_view=147
info|2019-12-12 20:59:43.101354|[g:1][CONSENSUS]addRawPrepare,height=31,reqIdx=1,hash=5991982c...
info|2019-12-12 20:59:43.101656|[g:1][CONSENSUS][PBFT]checkTimeout Succ,view=147,toView=148,nodeIdx=3,changeCycle=0,myNode=9303553a...,timecost=0.229
info|2019-12-12 20:59:43.108114|[g:1][CONSENSUS][PBFT]checkAndChangeView: Reach consensus,org_view=147,org_changeCycle=0,cur_changeCycle=0,to_view=148
info|2019-12-12 20:59:43.923121|[P2P][Service] heartBeat,connected count=4
info|2019-12-12 20:59:44.113863|[g:1][CONSENSUS]addRawPrepare,height=31,reqIdx=2,hash=9cb84059...
info|2019-12-12 20:59:44.114076|[g:1][CONSENSUS][PBFT]checkTimeout Succ,view=148,toView=149,nodeIdx=3,changeCycle=0,myNode=9303553a...,timecost=0.187
info|2019-12-12 20:59:44.120802|[g:1][CONSENSUS][PBFT]checkAndChangeView: Reach consensus,org_view=148,org_changeCycle=0,cur_changeCycle=0,to_view=149
warning|2019-12-12 20:59:44.427899|[SYNC][id:9303553a...][Status]Peer data not found,nodeId=6e4f3ba3...
info|2019-12-12 20:59:45.120873|[g:1][CONSENSUS][SEALER]++++++++++++++++ Generating seal on,blkNum=31,tx=0,nodeIdx=3,hash=d31641c1...
info|2019-12-12 20:59:45.128081|[g:1][CONSENSUS][PBFT]checkTimeout Succ,view=149,toView=150,nodeIdx=3,changeCycle=0,myNode=9303553a...,timecost=0.204
info|2019-12-12 20:59:45.128988|[g:1][CONSENSUS][PBFT]checkAndChangeView: Reach consensus,org_view=149,org_changeCycle=0,cur_changeCycle=0,to_view=150
info|2019-12-12 20:59:46.126946|[g:1][CONSENSUS]addRawPrepare,height=31,reqIdx=0,hash=12614814...
info|2019-12-12 20:59:46.127210|[g:1][CONSENSUS][PBFT]checkTimeout Succ,view=150,toView=151,nodeIdx=3,changeCycle=0,myNode=9303553a...,timecost=0.192
info|2019-12-12 20:59:46.130410|[g:1][CONSENSUS][PBFT]checkAndChangeView: Reach consensus,org_view=150,org_changeCycle=0,cur_changeCycle=0,to_view=151
info|2019-12-12 20:59:47.133024|[g:1][CONSENSUS]addRawPrepare,height=31,reqIdx=1,hash=2550fbaa...
info|2019-12-12 20:59:47.133341|[g:1][CONSENSUS][PBFT]checkTimeout Succ,view=151,toView=152,nodeIdx=3,changeCycle=0,myNode=9303553a...,timecost=0.227
info|2019-12-12 20:59:47.137027|[g:1][CONSENSUS][PBFT]checkAndChangeView: Reach consensus,org_view=151,org_changeCycle=0,cur_changeCycle=0,to_view=152
info|2019-12-12 20:59:48.138825|[g:1][CONSENSUS]addRawPrepare,height=31,reqIdx=2,hash=52c2d7d5...
info|2019-12-12 20:59:48.139174|[g:1][CONSENSUS][PBFT]checkTimeout Succ,view=152,toView=153,nodeIdx=3,changeCycle=0,myNode=9303553a...,timecost=0.28
info|2019-12-12 20:59:48.145855|[g:1][CONSENSUS][PBFT]checkAndChangeView: Reach consensus,org_view=152,org_changeCycle=0,cur_changeCycle=0,to_view=153
info|2019-12-12 20:59:49.146810|[g:1][CONSENSUS][SEALER]++++++++++++++++ Generating seal on,blkNum=31,tx=0,nodeIdx=3,hash=e1e50c4d...
info|2019-12-12 20:59:49.147386|[g:1][CONSENSUS][PBFT]checkTimeout Succ,view=153,toView=154,nodeIdx=3,changeCycle=0,myNode=9303553a...,timecost=0.191
info|2019-12-12 20:59:49.161693|[g:1][CONSENSUS][PBFT]checkAndChangeView: Reach consensus,org_view=153,org_changeCycle=0,cur_changeCycle=0,to_view=154
warning|2019-12-12 20:59:49.444779|[SYNC][id:9303553a...][Status]Peer data not found,nodeId=6e4f3ba3...
info|2019-12-12 20:59:50.153783|[g:1][CONSENSUS]addRawPrepare,height=31,reqIdx=0,hash=647dbf2e...
info|2019-12-12 20:59:50.154077|[g:1][CONSENSUS][PBFT]checkTimeout Succ,view=154,toView=155,nodeIdx=3,changeCycle=0,myNode=9303553a...,timecost=0.226
info|2019-12-12 20:59:50.158088|[g:1][CONSENSUS][PBFT]checkAndChangeView: Reach consensus,org_view=154,org_changeCycle=0,cur_changeCycle=0,to_view=155
info|2019-12-12 20:59:51.157185|[g:1][CONSENSUS]addRawPrepare,height=31,reqIdx=1,hash=f268e341...
info|2019-12-12 20:59:51.157443|[g:1][CONSENSUS][PBFT]checkTimeout Succ,view=155,toView=156,nodeIdx=3,changeCycle=0,myNode=9303553a...,timecost=0.186
info|2019-12-12 20:59:51.161242|[g:1][CONSENSUS][PBFT]checkAndChangeView: Reach consensus,org_view=155,org_changeCycle=0,cur_changeCycle=0,to_view=156
info|2019-12-12 20:59:52.162767|[g:1][CONSENSUS]addRawPrepare,height=31,reqIdx=2,hash=2223c2b5...
info|2019-12-12 20:59:52.162996|[g:1][CONSENSUS][PBFT]checkTimeout Succ,view=156,toView=157,nodeIdx=3,changeCycle=0,myNode=9303553a...,timecost=0.202
info|2019-12-12 20:59:52.165821|[g:1][CONSENSUS][PBFT]checkAndChangeView: Reach consensus,org_view=156,org_changeCycle=0,cur_changeCycle=0,to_view=157
info|2019-12-12 20:59:53.165669|[g:1][CONSENSUS][SEALER]++++++++++++++++ Generating seal on,blkNum=31,tx=0,nodeIdx=3,hash=132616bd...
info|2019-12-12 20:59:53.171780|[g:1][CONSENSUS][PBFT]checkTimeout Succ,view=157,toView=158,nodeIdx=3,changeCycle=0,myNode=9303553a...,timecost=0.196
info|2019-12-12 20:59:53.172716|[g:1][CONSENSUS][PBFT]checkAndChangeView: Reach consensus,org_view=157,org_changeCycle=0,cur_changeCycle=0,to_view=158
info|2019-12-12 20:59:53.923230|[P2P][Service] heartBeat,connected count=4
info|2019-12-12 20:59:54.171690|[g:1][CONSENSUS]addRawPrepare,height=31,reqIdx=0,hash=1306dedb...
info|2019-12-12 20:59:54.171959|[g:1][CONSENSUS][PBFT]checkTimeout Succ,view=158,toView=159,nodeIdx=3,changeCycle=0,myNode=9303553a...,timecost=0.199
info|2019-12-12 20:59:54.176078|[g:1][CONSENSUS][PBFT]checkAndChangeView: Reach consensus,org_view=158,org_changeCycle=0,cur_changeCycle=0,to_view=159
warning|2019-12-12 20:59:54.451226|[SYNC][id:9303553a...][Status]Peer data not found,nodeId=6e4f3ba3...
info|2019-12-12 20:59:55.178714|[g:1][CONSENSUS]addRawPrepare,height=31,reqIdx=1,hash=141c31cd...
info|2019-12-12 20:59:55.178976|[g:1][CONSENSUS][PBFT]checkTimeout Succ,view=159,toView=160,nodeIdx=3,changeCycle=0,myNode=9303553a...,timecost=0.197
info|2019-12-12 20:59:55.182318|[g:1][CONSENSUS][PBFT]checkAndChangeView: Reach consensus,org_view=159,org_changeCycle=0,cur_changeCycle=0,to_view=160
info|2019-12-12 20:59:56.186681|[g:1][CONSENSUS]addRawPrepare,height=31,reqIdx=2,hash=938cedd0...
info|2019-12-12 20:59:56.186890|[g:1][CONSENSUS][PBFT]checkTimeout Succ,view=160,toView=161,nodeIdx=3,changeCycle=0,myNode=9303553a...,timecost=0.183
info|2019-12-12 20:59:56.188249|[g:1][CONSENSUS][PBFT]checkAndChangeView: Reach consensus,org_view=160,org_changeCycle=0,cur_changeCycle=0,to_view=161
info|2019-12-12 20:59:57.189027|[g:1][CONSENSUS][SEALER]++++++++++++++++ Generating seal on,blkNum=31,tx=0,nodeIdx=3,hash=159768c7...
info|2019-12-12 20:59:57.195144|[g:1][CONSENSUS][PBFT]checkTimeout Succ,view=161,toView=162,nodeIdx=3,changeCycle=0,myNode=9303553a...,timecost=0.198
info|2019-12-12 20:59:57.196080|[g:1][CONSENSUS][PBFT]checkAndChangeView: Reach consensus,org_view=161,org_changeCycle=0,cur_changeCycle=0,to_view=162
info|2019-12-12 20:59:58.196203|[g:1][CONSENSUS]addRawPrepare,height=31,reqIdx=0,hash=87fbb0cf...
info|2019-12-12 20:59:58.196531|[g:1][CONSENSUS][PBFT]checkTimeout Succ,view=162,toView=163,nodeIdx=3,changeCycle=0,myNode=9303553a...,timecost=0.246
info|2019-12-12 20:59:58.200415|[g:1][CONSENSUS][PBFT]checkAndChangeView: Reach consensus,org_view=162,org_changeCycle=0,cur_changeCycle=0,to_view=163
info|2019-12-12 20:59:59.201300|[g:1][CONSENSUS]addRawPrepare,height=31,reqIdx=1,hash=6532e59b...
info|2019-12-12 20:59:59.201563|[g:1][CONSENSUS][PBFT]checkTimeout Succ,view=163,toView=164,nodeIdx=3,changeCycle=0,myNode=9303553a...,timecost=0.185
info|2019-12-12 20:59:59.207196|[g:1][CONSENSUS][PBFT]checkAndChangeView: Reach consensus,org_view=163,org_changeCycle=0,cur_changeCycle=0,to_view=164
warning|2019-12-12 20:59:59.459402|[SYNC][id:9303553a...][Status]Peer data not found,nodeId=6e4f3ba3...
