info|2019-10-25 18:00:00.525871|[g:1][CONSENSUS]addRawPrepare,height=6,reqIdx=2,hash=314bce97...
info|2019-10-25 18:00:00.526097|[g:1][CONSENSUS][PBFT]checkTimeout Succ,view=1993,toView=1994,nodeIdx=3,changeCycle=0,myNode=9303553a...,timecost=0.201
info|2019-10-25 18:00:00.529061|[g:1][CONSENSUS][PBFT]checkAndChangeView: Reach consensus,org_view=1993,org_changeCycle=0,cur_changeCycle=0,to_view=1994
info|2019-10-25 18:00:01.529476|[g:1][CONSENSUS][SEALER]++++++++++++++++ Generating seal on,blkNum=6,tx=0,nodeIdx=3,hash=13696d29...
info|2019-10-25 18:00:01.535531|[g:1][CONSENSUS][PBFT]checkTimeout Succ,view=1994,toView=1995,nodeIdx=3,changeCycle=0,myNode=9303553a...,timecost=0.202
info|2019-10-25 18:00:01.536504|[g:1][CONSENSUS][PBFT]checkAndChangeView: Reach consensus,org_view=1994,org_changeCycle=0,cur_changeCycle=0,to_view=1995
info|2019-10-25 18:00:02.537720|[g:1][CONSENSUS]addRawPrepare,height=6,reqIdx=0,hash=f19d63bf...
info|2019-10-25 18:00:02.537947|[g:1][CONSENSUS][PBFT]checkTimeout Succ,view=1995,toView=1996,nodeIdx=3,changeCycle=0,myNode=9303553a...,timecost=0.201
info|2019-10-25 18:00:02.540868|[g:1][CONSENSUS][PBFT]checkAndChangeView: Reach consensus,org_view=1995,org_changeCycle=0,cur_changeCycle=0,to_view=1996
info|2019-10-25 18:00:03.375838|[P2P][Service] heartBeat,connected count=3
info|2019-10-25 18:00:03.543637|[g:1][CONSENSUS]addRawPrepare,height=6,reqIdx=1,hash=544e8558...
info|2019-10-25 18:00:03.543898|[g:1][CONSENSUS][PBFT]checkTimeout Succ,view=1996,toView=1997,nodeIdx=3,changeCycle=0,myNode=9303553a...,timecost=0.214
info|2019-10-25 18:00:03.546086|[g:1][CONSENSUS][PBFT]checkAndChangeView: Reach consensus,org_view=1996,org_changeCycle=0,cur_changeCycle=0,to_view=1997
info|2019-10-25 18:00:04.552455|[g:1][CONSENSUS]addRawPrepare,height=6,reqIdx=2,hash=0bb7f033...
info|2019-10-25 18:00:04.552827|[g:1][CONSENSUS][PBFT]checkTimeout Succ,view=1997,toView=1998,nodeIdx=3,changeCycle=0,myNode=9303553a...,timecost=0.324
info|2019-10-25 18:00:04.555136|[g:1][CONSENSUS][PBFT]checkAndChangeView: Reach consensus,org_view=1997,org_changeCycle=0,cur_changeCycle=0,to_view=1998
info|2019-10-25 18:00:05.556201|[g:1][CONSENSUS][SEALER]++++++++++++++++ Generating seal on,blkNum=6,tx=0,nodeIdx=3,hash=52b421a6...
info|2019-10-25 18:00:05.562670|[g:1][CONSENSUS][PBFT]checkTimeout Succ,view=1998,toView=1999,nodeIdx=3,changeCycle=0,myNode=9303553a...,timecost=0.204
info|2019-10-25 18:00:05.563496|[g:1][CONSENSUS][PBFT]checkAndChangeView: Reach consensus,org_view=1998,org_changeCycle=0,cur_changeCycle=0,to_view=1999
info|2019-10-25 18:00:06.564007|[g:1][CONSENSUS]addRawPrepare,height=6,reqIdx=0,hash=dbdc96e5...
info|2019-10-25 18:00:06.564232|[g:1][CONSENSUS][PBFT]checkTimeout Succ,view=1999,toView=2000,nodeIdx=3,changeCycle=0,myNode=9303553a...,timecost=0.202
info|2019-10-25 18:00:06.565946|[g:1][CONSENSUS][PBFT]checkAndChangeView: Reach consensus,org_view=1999,org_changeCycle=0,cur_changeCycle=0,to_view=2000
info|2019-10-25 18:00:07.569759|[g:1][CONSENSUS]addRawPrepare,height=6,reqIdx=1,hash=b1e83461...
info|2019-10-25 18:00:07.569980|[g:1][CONSENSUS][PBFT]checkTimeout Succ,view=2000,toView=2001,nodeIdx=3,changeCycle=0,myNode=9303553a...,timecost=0.198
info|2019-10-25 18:00:07.571053|[g:1][CONSENSUS][PBFT]checkAndChangeView: Reach consensus,org_view=2000,org_changeCycle=0,cur_changeCycle=0,to_view=2001
info|2019-10-25 18:00:08.578957|[g:1][CONSENSUS]addRawPrepare,height=6,reqIdx=2,hash=a606c112...
info|2019-10-25 18:00:08.582542|[g:1][CONSENSUS][PBFT]checkTimeout Succ,view=2001,toView=2002,nodeIdx=3,changeCycle=0,myNode=9303553a...,timecost=3.018
info|2019-10-25 18:00:08.583093|[g:1][CONSENSUS][PBFT]checkAndChangeView: Reach consensus,org_view=2001,org_changeCycle=0,cur_changeCycle=0,to_view=2002
info|2019-10-25 18:00:09.583755|[g:1][CONSENSUS][SEALER]++++++++++++++++ Generating seal on,blkNum=6,tx=0,nodeIdx=3,hash=71a39eb7...
info|2019-10-25 18:00:09.594775|[g:1][CONSENSUS][PBFT]checkTimeout Succ,view=2002,toView=2003,nodeIdx=3,changeCycle=0,myNode=9303553a...,timecost=0.246
info|2019-10-25 18:00:09.595947|[g:1][CONSENSUS][PBFT]checkAndChangeView: Reach consensus,org_view=2002,org_changeCycle=0,cur_changeCycle=0,to_view=2003
info|2019-10-25 18:00:10.595162|[g:1][CONSENSUS]addRawPrepare,height=6,reqIdx=0,hash=e5694a63...
info|2019-10-25 18:00:10.595434|[g:1][CONSENSUS][PBFT]checkTimeout Succ,view=2003,toView=2004,nodeIdx=3,changeCycle=0,myNode=9303553a...,timecost=0.248
info|2019-10-25 18:00:10.598432|[g:1][CONSENSUS][PBFT]checkAndChangeView: Reach consensus,org_view=2003,org_changeCycle=0,cur_changeCycle=0,to_view=2004
info|2019-10-25 18:00:11.601010|[g:1][CONSENSUS]addRawPrepare,height=6,reqIdx=1,hash=bf6b5432...
info|2019-10-25 18:00:11.601276|[g:1][CONSENSUS][PBFT]checkTimeout Succ,view=2004,toView=2005,nodeIdx=3,changeCycle=0,myNode=9303553a...,timecost=0.197
info|2019-10-25 18:00:11.603186|[g:1][CONSENSUS][PBFT]checkAndChangeView: Reach consensus,org_view=2004,org_changeCycle=0,cur_changeCycle=0,to_view=2005
info|2019-10-25 18:00:12.608165|[g:1][CONSENSUS]addRawPrepare,height=6,reqIdx=2,hash=6504c06c...
info|2019-10-25 18:00:12.608382|[g:1][CONSENSUS][PBFT]checkTimeout Succ,view=2005,toView=2006,nodeIdx=3,changeCycle=0,myNode=9303553a...,timecost=0.195
info|2019-10-25 18:00:12.609432|[g:1][CONSENSUS][PBFT]checkAndChangeView: Reach consensus,org_view=2005,org_changeCycle=0,cur_changeCycle=0,to_view=2006
info|2019-10-25 18:00:13.375911|[P2P][Service] heartBeat,connected count=3
info|2019-10-25 18:00:13.609705|[g:1][CONSENSUS][SEALER]++++++++++++++++ Generating seal on,blkNum=6,tx=0,nodeIdx=3,hash=216441b9...
info|2019-10-25 18:00:13.615373|[g:1][CONSENSUS][PBFT]checkTimeout Succ,view=2006,toView=2007,nodeIdx=3,changeCycle=0,myNode=9303553a...,timecost=0.197
info|2019-10-25 18:00:13.616185|[g:1][CONSENSUS][PBFT]checkAndChangeView: Reach consensus,org_view=2006,org_changeCycle=0,cur_changeCycle=0,to_view=2007
info|2019-10-25 18:00:14.617013|[g:1][CONSENSUS]addRawPrepare,height=6,reqIdx=0,hash=aa571d6b...
info|2019-10-25 18:00:14.617240|[g:1][CONSENSUS][PBFT]checkTimeout Succ,view=2007,toView=2008,nodeIdx=3,changeCycle=0,myNode=9303553a...,timecost=0.2
info|2019-10-25 18:00:14.620193|[g:1][CONSENSUS][PBFT]checkAndChangeView: Reach consensus,org_view=2007,org_changeCycle=0,cur_changeCycle=0,to_view=2008
info|2019-10-25 18:00:15.623248|[g:1][CONSENSUS]addRawPrepare,height=6,reqIdx=1,hash=270f3589...
info|2019-10-25 18:00:15.623481|[g:1][CONSENSUS][PBFT]checkTimeout Succ,view=2008,toView=2009,nodeIdx=3,changeCycle=0,myNode=9303553a...,timecost=0.206
info|2019-10-25 18:00:15.626990|[g:1][CONSENSUS][PBFT]checkAndChangeView: Reach consensus,org_view=2008,org_changeCycle=0,cur_changeCycle=0,to_view=2009
info|2019-10-25 18:00:16.631147|[g:1][CONSENSUS]addRawPrepare,height=6,reqIdx=2,hash=dfd58aae...
info|2019-10-25 18:00:16.631422|[g:1][CONSENSUS][PBFT]checkTimeout Succ,view=2009,toView=2010,nodeIdx=3,changeCycle=0,myNode=9303553a...,timecost=0.262
info|2019-10-25 18:00:16.633466|[g:1][CONSENSUS][PBFT]checkAndChangeView: Reach consensus,org_view=2009,org_changeCycle=0,cur_changeCycle=0,to_view=2010
info|2019-10-25 18:00:17.635295|[g:1][CONSENSUS][SEALER]++++++++++++++++ Generating seal on,blkNum=6,tx=0,nodeIdx=3,hash=819445c2...
info|2019-10-25 18:00:17.642605|[g:1][CONSENSUS][PBFT]checkTimeout Succ,view=2010,toView=2011,nodeIdx=3,changeCycle=0,myNode=9303553a...,timecost=0.22
info|2019-10-25 18:00:17.643499|[g:1][CONSENSUS][PBFT]checkAndChangeView: Reach consensus,org_view=2010,org_changeCycle=0,cur_changeCycle=0,to_view=2011
info|2019-10-25 18:00:18.647261|[g:1][CONSENSUS]addRawPrepare,height=6,reqIdx=0,hash=446f0dfa...
info|2019-10-25 18:00:18.647710|[g:1][CONSENSUS][PBFT]checkTimeout Succ,view=2011,toView=2012,nodeIdx=3,changeCycle=0,myNode=9303553a...,timecost=0.414
info|2019-10-25 18:00:18.651974|[g:1][CONSENSUS][PBFT]checkAndChangeView: Reach consensus,org_view=2011,org_changeCycle=0,cur_changeCycle=0,to_view=2012
info|2019-10-25 18:00:19.663122|[g:1][CONSENSUS]addRawPrepare,height=6,reqIdx=1,hash=6e0bddb3...
info|2019-10-25 18:00:19.663589|[g:1][CONSENSUS][PBFT]checkTimeout Succ,view=2012,toView=2013,nodeIdx=3,changeCycle=0,myNode=9303553a...,timecost=0.415
info|2019-10-25 18:00:19.668343|[g:1][CONSENSUS][PBFT]checkAndChangeView: Reach consensus,org_view=2012,org_changeCycle=0,cur_changeCycle=0,to_view=2013
info|2019-10-25 18:00:20.675374|[g:1][CONSENSUS]addRawPrepare,height=6,reqIdx=2,hash=5dea7f0b...
info|2019-10-25 18:00:20.678934|[g:1][CONSENSUS][PBFT]checkTimeout Succ,view=2013,toView=2014,nodeIdx=3,changeCycle=0,myNode=9303553a...,timecost=1.05
info|2019-10-25 18:00:20.680986|[g:1][CONSENSUS][PBFT]checkAndChangeView: Reach consensus,org_view=2013,org_changeCycle=0,cur_changeCycle=0,to_view=2014
info|2019-10-25 18:00:21.681931|[g:1][CONSENSUS][SEALER]++++++++++++++++ Generating seal on,blkNum=6,tx=0,nodeIdx=3,hash=1d2f4027...
info|2019-10-25 18:00:21.688265|[g:1][CONSENSUS][PBFT]checkTimeout Succ,view=2014,toView=2015,nodeIdx=3,changeCycle=0,myNode=9303553a...,timecost=0.202
info|2019-10-25 18:00:21.689091|[g:1][CONSENSUS][PBFT]checkAndChangeView: Reach consensus,org_view=2014,org_changeCycle=0,cur_changeCycle=0,to_view=2015
info|2019-10-25 18:00:22.691034|[g:1][CONSENSUS]addRawPrepare,height=6,reqIdx=0,hash=c1194f06...
info|2019-10-25 18:00:22.691259|[g:1][CONSENSUS][PBFT]checkTimeout Succ,view=2015,toView=2016,nodeIdx=3,changeCycle=0,myNode=9303553a...,timecost=0.2
info|2019-10-25 18:00:22.692308|[g:1][CONSENSUS][PBFT]checkAndChangeView: Reach consensus,org_view=2015,org_changeCycle=0,cur_changeCycle=0,to_view=2016
info|2019-10-25 18:00:23.375989|[P2P][Service] heartBeat,connected count=3
info|2019-10-25 18:00:23.696504|[g:1][CONSENSUS]addRawPrepare,height=6,reqIdx=1,hash=2300e05f...
info|2019-10-25 18:00:23.696724|[g:1][CONSENSUS][PBFT]checkTimeout Succ,view=2016,toView=2017,nodeIdx=3,changeCycle=0,myNode=9303553a...,timecost=0.195
info|2019-10-25 18:00:23.697000|[g:1][CONSENSUS][PBFT]checkAndChangeView: Reach consensus,org_view=2016,org_changeCycle=0,cur_changeCycle=0,to_view=2017
info|2019-10-25 18:00:24.703339|[g:1][CONSENSUS]addRawPrepare,height=6,reqIdx=2,hash=d086d7b2...
info|2019-10-25 18:00:24.703653|[g:1][CONSENSUS][PBFT]checkTimeout Succ,view=2017,toView=2018,nodeIdx=3,changeCycle=0,myNode=9303553a...,timecost=0.279
info|2019-10-25 18:00:24.705712|[g:1][CONSENSUS][PBFT]checkAndChangeView: Reach consensus,org_view=2017,org_changeCycle=0,cur_changeCycle=0,to_view=2018
info|2019-10-25 18:00:25.706601|[g:1][CONSENSUS][SEALER]++++++++++++++++ Generating seal on,blkNum=6,tx=0,nodeIdx=3,hash=08bcd1c3...
info|2019-10-25 18:00:25.712657|[g:1][CONSENSUS][PBFT]checkTimeout Succ,view=2018,toView=2019,nodeIdx=3,changeCycle=0,myNode=9303553a...,timecost=0.204
info|2019-10-25 18:00:25.713872|[g:1][CONSENSUS][PBFT]checkAndChangeView: Reach consensus,org_view=2018,org_changeCycle=0,cur_changeCycle=0,to_view=2019
info|2019-10-25 18:00:26.713056|[g:1][CONSENSUS]addRawPrepare,height=6,reqIdx=0,hash=b9c1f1a2...
info|2019-10-25 18:00:26.714839|[g:1][CONSENSUS][PBFT]checkTimeout Succ,view=2019,toView=2020,nodeIdx=3,changeCycle=0,myNode=9303553a...,timecost=1.76
info|2019-10-25 18:00:26.716199|[g:1][CONSENSUS][PBFT]checkAndChangeView: Reach consensus,org_view=2019,org_changeCycle=0,cur_changeCycle=0,to_view=2020
info|2019-10-25 18:00:27.724182|[g:1][CONSENSUS]addRawPrepare,height=6,reqIdx=1,hash=a0219bc5...
info|2019-10-25 18:00:27.724405|[g:1][CONSENSUS][PBFT]checkTimeout Succ,view=2020,toView=2021,nodeIdx=3,changeCycle=0,myNode=9303553a...,timecost=0.195
info|2019-10-25 18:00:27.727491|[g:1][CONSENSUS][PBFT]checkAndChangeView: Reach consensus,org_view=2020,org_changeCycle=0,cur_changeCycle=0,to_view=2021
info|2019-10-25 18:00:28.730061|[g:1][CONSENSUS]addRawPrepare,height=6,reqIdx=2,hash=751e22dd...
info|2019-10-25 18:00:28.730286|[g:1][CONSENSUS][PBFT]checkTimeout Succ,view=2021,toView=2022,nodeIdx=3,changeCycle=0,myNode=9303553a...,timecost=0.2
info|2019-10-25 18:00:28.731277|[g:1][CONSENSUS][PBFT]checkAndChangeView: Reach consensus,org_view=2021,org_changeCycle=0,cur_changeCycle=0,to_view=2022
info|2019-10-25 18:00:29.733232|[g:1][CONSENSUS][SEALER]++++++++++++++++ Generating seal on,blkNum=6,tx=0,nodeIdx=3,hash=fd49fc76...
info|2019-10-25 18:00:29.745293|[g:1][CONSENSUS][PBFT]checkTimeout Succ,view=2022,toView=2023,nodeIdx=3,changeCycle=0,myNode=9303553a...,timecost=0.243
info|2019-10-25 18:00:29.746222|[g:1][CONSENSUS][PBFT]checkAndChangeView: Reach consensus,org_view=2022,org_changeCycle=0,cur_changeCycle=0,to_view=2023
info|2019-10-25 18:00:30.744910|[g:1][CONSENSUS]addRawPrepare,height=6,reqIdx=0,hash=c0d04b81...
info|2019-10-25 18:00:30.745169|[g:1][CONSENSUS][PBFT]checkTimeout Succ,view=2023,toView=2024,nodeIdx=3,changeCycle=0,myNode=9303553a...,timecost=0.237
info|2019-10-25 18:00:30.748204|[g:1][CONSENSUS][PBFT]checkAndChangeView: Reach consensus,org_view=2023,org_changeCycle=0,cur_changeCycle=0,to_view=2024
info|2019-10-25 18:00:31.751921|[g:1][CONSENSUS]addRawPrepare,height=6,reqIdx=1,hash=25008f73...
info|2019-10-25 18:00:31.752208|[g:1][CONSENSUS][PBFT]checkTimeout Succ,view=2024,toView=2025,nodeIdx=3,changeCycle=0,myNode=9303553a...,timecost=0.242
info|2019-10-25 18:00:31.754748|[g:1][CONSENSUS][PBFT]checkAndChangeView: Reach consensus,org_view=2024,org_changeCycle=0,cur_changeCycle=0,to_view=2025
info|2019-10-25 18:00:32.757968|[g:1][CONSENSUS]addRawPrepare,height=6,reqIdx=2,hash=bf89e276...
info|2019-10-25 18:00:32.758203|[g:1][CONSENSUS][PBFT]checkTimeout Succ,view=2025,toView=2026,nodeIdx=3,changeCycle=0,myNode=9303553a...,timecost=0.214
info|2019-10-25 18:00:32.759239|[g:1][CONSENSUS][PBFT]checkAndChangeView: Reach consensus,org_view=2025,org_changeCycle=0,cur_changeCycle=0,to_view=2026
info|2019-10-25 18:00:33.376483|[P2P][Service] heartBeat,connected count=3
info|2019-10-25 18:00:33.760789|[g:1][CONSENSUS][SEALER]++++++++++++++++ Generating seal on,blkNum=6,tx=0,nodeIdx=3,hash=66c3c5f4...
info|2019-10-25 18:00:33.767037|[g:1][CONSENSUS][PBFT]checkTimeout Succ,view=2026,toView=2027,nodeIdx=3,changeCycle=0,myNode=9303553a...,timecost=0.194
info|2019-10-25 18:00:33.767825|[g:1][CONSENSUS][PBFT]checkAndChangeView: Reach consensus,org_view=2026,org_changeCycle=0,cur_changeCycle=0,to_view=2027
info|2019-10-25 18:00:34.769254|[g:1][CONSENSUS]addRawPrepare,height=6,reqIdx=0,hash=e87734cc...
info|2019-10-25 18:00:34.769493|[g:1][CONSENSUS][PBFT]checkTimeout Succ,view=2027,toView=2028,nodeIdx=3,changeCycle=0,myNode=9303553a...,timecost=0.217
info|2019-10-25 18:00:34.770451|[g:1][CONSENSUS][PBFT]checkAndChangeView: Reach consensus,org_view=2027,org_changeCycle=0,cur_changeCycle=0,to_view=2028
info|2019-10-25 18:00:35.774159|[g:1][CONSENSUS]addRawPrepare,height=6,reqIdx=1,hash=2cf754f1...
info|2019-10-25 18:00:35.774387|[g:1][CONSENSUS][PBFT]checkTimeout Succ,view=2028,toView=2029,nodeIdx=3,changeCycle=0,myNode=9303553a...,timecost=0.202
info|2019-10-25 18:00:35.776575|[g:1][CONSENSUS][PBFT]checkAndChangeView: Reach consensus,org_view=2028,org_changeCycle=0,cur_changeCycle=0,to_view=2029
info|2019-10-25 18:00:36.779935|[g:1][CONSENSUS]addRawPrepare,height=6,reqIdx=2,hash=1df9a708...
info|2019-10-25 18:00:36.780153|[g:1][CONSENSUS][PBFT]checkTimeout Succ,view=2029,toView=2030,nodeIdx=3,changeCycle=0,myNode=9303553a...,timecost=0.196
info|2019-10-25 18:00:36.781227|[g:1][CONSENSUS][PBFT]checkAndChangeView: Reach consensus,org_view=2029,org_changeCycle=0,cur_changeCycle=0,to_view=2030
info|2019-10-25 18:00:37.781694|[g:1][CONSENSUS][SEALER]++++++++++++++++ Generating seal on,blkNum=6,tx=0,nodeIdx=3,hash=81bcf501...
info|2019-10-25 18:00:37.788017|[g:1][CONSENSUS][PBFT]checkTimeout Succ,view=2030,toView=2031,nodeIdx=3,changeCycle=0,myNode=9303553a...,timecost=0.242
info|2019-10-25 18:00:37.788852|[g:1][CONSENSUS][PBFT]checkAndChangeView: Reach consensus,org_view=2030,org_changeCycle=0,cur_changeCycle=0,to_view=2031
info|2019-10-25 18:00:38.790477|[g:1][CONSENSUS]addRawPrepare,height=6,reqIdx=0,hash=9cdd6a1a...
info|2019-10-25 18:00:38.790689|[g:1][CONSENSUS][PBFT]checkTimeout Succ,view=2031,toView=2032,nodeIdx=3,changeCycle=0,myNode=9303553a...,timecost=0.188
info|2019-10-25 18:00:38.792611|[g:1][CONSENSUS][PBFT]checkAndChangeView: Reach consensus,org_view=2031,org_changeCycle=0,cur_changeCycle=0,to_view=2032
info|2019-10-25 18:00:39.797372|[g:1][CONSENSUS]addRawPrepare,height=6,reqIdx=1,hash=50992d31...
info|2019-10-25 18:00:39.797654|[g:1][CONSENSUS][PBFT]checkTimeout Succ,view=2032,toView=2033,nodeIdx=3,changeCycle=0,myNode=9303553a...,timecost=0.216
info|2019-10-25 18:00:39.798231|[g:1][CONSENSUS][PBFT]checkAndChangeView: Reach consensus,org_view=2032,org_changeCycle=0,cur_changeCycle=0,to_view=2033
info|2019-10-25 18:00:40.802927|[g:1][CONSENSUS]addRawPrepare,height=6,reqIdx=2,hash=472cd55f...
info|2019-10-25 18:00:40.803172|[g:1][CONSENSUS][PBFT]checkTimeout Succ,view=2033,toView=2034,nodeIdx=3,changeCycle=0,myNode=9303553a...,timecost=0.224
info|2019-10-25 18:00:40.804819|[g:1][CONSENSUS][PBFT]checkAndChangeView: Reach consensus,org_view=2033,org_changeCycle=0,cur_changeCycle=0,to_view=2034
info|2019-10-25 18:00:41.805632|[g:1][CONSENSUS][SEALER]++++++++++++++++ Generating seal on,blkNum=6,tx=0,nodeIdx=3,hash=0f77461a...
info|2019-10-25 18:00:41.811915|[g:1][CONSENSUS][PBFT]checkTimeout Succ,view=2034,toView=2035,nodeIdx=3,changeCycle=0,myNode=9303553a...,timecost=0.204
info|2019-10-25 18:00:41.812853|[g:1][CONSENSUS][PBFT]checkAndChangeView: Reach consensus,org_view=2034,org_changeCycle=0,cur_changeCycle=0,to_view=2035
info|2019-10-25 18:00:42.812375|[g:1][CONSENSUS]addRawPrepare,height=6,reqIdx=0,hash=5a6262eb...
info|2019-10-25 18:00:42.812635|[g:1][CONSENSUS][PBFT]checkTimeout Succ,view=2035,toView=2036,nodeIdx=3,changeCycle=0,myNode=9303553a...,timecost=0.237
info|2019-10-25 18:00:42.815617|[g:1][CONSENSUS][PBFT]checkAndChangeView: Reach consensus,org_view=2035,org_changeCycle=0,cur_changeCycle=0,to_view=2036
info|2019-10-25 18:00:43.376681|[P2P][Service] heartBeat,connected count=3
info|2019-10-25 18:00:43.819419|[g:1][CONSENSUS]addRawPrepare,height=6,reqIdx=1,hash=40e12141...
info|2019-10-25 18:00:43.819633|[g:1][CONSENSUS][PBFT]checkTimeout Succ,view=2036,toView=2037,nodeIdx=3,changeCycle=0,myNode=9303553a...,timecost=0.193
info|2019-10-25 18:00:43.819923|[g:1][CONSENSUS][PBFT]checkAndChangeView: Reach consensus,org_view=2036,org_changeCycle=0,cur_changeCycle=0,to_view=2037
info|2019-10-25 18:00:44.825655|[g:1][CONSENSUS]addRawPrepare,height=6,reqIdx=2,hash=56c5d4ff...
info|2019-10-25 18:00:44.825993|[g:1][CONSENSUS][PBFT]checkTimeout Succ,view=2037,toView=2038,nodeIdx=3,changeCycle=0,myNode=9303553a...,timecost=0.3
info|2019-10-25 18:00:44.829295|[g:1][CONSENSUS][PBFT]checkAndChangeView: Reach consensus,org_view=2037,org_changeCycle=0,cur_changeCycle=0,to_view=2038
info|2019-10-25 18:00:45.830488|[g:1][CONSENSUS][SEALER]++++++++++++++++ Generating seal on,blkNum=6,tx=0,nodeIdx=3,hash=700b1dc7...
info|2019-10-25 18:00:45.844629|[g:1][CONSENSUS][PBFT]checkTimeout Succ,view=2038,toView=2039,nodeIdx=3,changeCycle=0,myNode=9303553a...,timecost=0.252
info|2019-10-25 18:00:45.845540|[g:1][CONSENSUS][PBFT]checkAndChangeView: Reach consensus,org_view=2038,org_changeCycle=0,cur_changeCycle=0,to_view=2039
info|2019-10-25 18:00:46.845687|[g:1][CONSENSUS]addRawPrepare,height=6,reqIdx=0,hash=6411e3bb...
info|2019-10-25 18:00:46.845912|[g:1][CONSENSUS][PBFT]checkTimeout Succ,view=2039,toView=2040,nodeIdx=3,changeCycle=0,myNode=9303553a...,timecost=0.202
info|2019-10-25 18:00:46.848796|[g:1][CONSENSUS][PBFT]checkAndChangeView: Reach consensus,org_view=2039,org_changeCycle=0,cur_changeCycle=0,to_view=2040
info|2019-10-25 18:00:47.852650|[g:1][CONSENSUS]addRawPrepare,height=6,reqIdx=1,hash=c9242b66...
info|2019-10-25 18:00:47.852877|[g:1][CONSENSUS][PBFT]checkTimeout Succ,view=2040,toView=2041,nodeIdx=3,changeCycle=0,myNode=9303553a...,timecost=0.204
info|2019-10-25 18:00:47.854590|[g:1][CONSENSUS][PBFT]checkAndChangeView: Reach consensus,org_view=2040,org_changeCycle=0,cur_changeCycle=0,to_view=2041
info|2019-10-25 18:00:48.857772|[g:1][CONSENSUS]addRawPrepare,height=6,reqIdx=2,hash=1293a12f...
info|2019-10-25 18:00:48.857994|[g:1][CONSENSUS][PBFT]checkTimeout Succ,view=2041,toView=2042,nodeIdx=3,changeCycle=0,myNode=9303553a...,timecost=0.2
info|2019-10-25 18:00:48.861267|[g:1][CONSENSUS][PBFT]checkAndChangeView: Reach consensus,org_view=2041,org_changeCycle=0,cur_changeCycle=0,to_view=2042
info|2019-10-25 18:00:49.861979|[g:1][CONSENSUS][SEALER]++++++++++++++++ Generating seal on,blkNum=6,tx=0,nodeIdx=3,hash=b339063c...
info|2019-10-25 18:00:49.873125|[g:1][CONSENSUS][PBFT]checkTimeout Succ,view=2042,toView=2043,nodeIdx=3,changeCycle=0,myNode=9303553a...,timecost=0.219
info|2019-10-25 18:00:49.874111|[g:1][CONSENSUS][PBFT]checkAndChangeView: Reach consensus,org_view=2042,org_changeCycle=0,cur_changeCycle=0,to_view=2043
info|2019-10-25 18:00:50.875672|[g:1][CONSENSUS]addRawPrepare,height=6,reqIdx=0,hash=9990999b...
info|2019-10-25 18:00:50.875897|[g:1][CONSENSUS][PBFT]checkTimeout Succ,view=2043,toView=2044,nodeIdx=3,changeCycle=0,myNode=9303553a...,timecost=0.201
info|2019-10-25 18:00:50.876974|[g:1][CONSENSUS][PBFT]checkAndChangeView: Reach consensus,org_view=2043,org_changeCycle=0,cur_changeCycle=0,to_view=2044
info|2019-10-25 18:00:51.884836|[g:1][CONSENSUS]addRawPrepare,height=6,reqIdx=1,hash=cbbcb880...
info|2019-10-25 18:00:51.885095|[g:1][CONSENSUS][PBFT]checkTimeout Succ,view=2044,toView=2045,nodeIdx=3,changeCycle=0,myNode=9303553a...,timecost=0.236
info|2019-10-25 18:00:51.889880|[g:1][CONSENSUS][PBFT]checkAndChangeView: Reach consensus,org_view=2044,org_changeCycle=0,cur_changeCycle=0,to_view=2045
info|2019-10-25 18:00:52.894245|[g:1][CONSENSUS]addRawPrepare,height=6,reqIdx=2,hash=f2c92df5...
info|2019-10-25 18:00:52.894486|[g:1][CONSENSUS][PBFT]checkTimeout Succ,view=2045,toView=2046,nodeIdx=3,changeCycle=0,myNode=9303553a...,timecost=0.214
info|2019-10-25 18:00:52.898256|[g:1][CONSENSUS][PBFT]checkAndChangeView: Reach consensus,org_view=2045,org_changeCycle=0,cur_changeCycle=0,to_view=2046
info|2019-10-25 18:00:53.377121|[P2P][Service] heartBeat,connected count=3
