info|2019-11-15 18:00:00.382276|[g:1][CONSENSUS]addRawPrepare,height=13,reqIdx=2,hash=fbd63fff...
info|2019-11-15 18:00:00.382485|[g:1][CONSENSUS][PBFT]checkTimeout Succ,view=6138,toView=6139,nodeIdx=3,changeCycle=0,myNode=9303553a...,timecost=0.187
info|2019-11-15 18:00:00.384499|[g:1][CONSENSUS][PBFT]checkAndChangeView: Reach consensus,org_view=6138,org_changeCycle=0,cur_changeCycle=0,to_view=6139
info|2019-11-15 18:00:01.384814|[g:1][CONSENSUS][SEALER]++++++++++++++++ Generating seal on,blkNum=13,tx=0,nodeIdx=3,hash=c45b6b4a...
info|2019-11-15 18:00:01.391204|[g:1][CONSENSUS][PBFT]checkTimeout Succ,view=6139,toView=6140,nodeIdx=3,changeCycle=0,myNode=9303553a...,timecost=0.203
info|2019-11-15 18:00:01.392121|[g:1][CONSENSUS][PBFT]checkAndChangeView: Reach consensus,org_view=6139,org_changeCycle=0,cur_changeCycle=0,to_view=6140
info|2019-11-15 18:00:02.395851|[g:1][CONSENSUS]addRawPrepare,height=13,reqIdx=0,hash=99d50c82...
info|2019-11-15 18:00:02.399375|[g:1][CONSENSUS][PBFT]checkTimeout Succ,view=6140,toView=6141,nodeIdx=3,changeCycle=0,myNode=9303553a...,timecost=3.441
info|2019-11-15 18:00:02.404934|[g:1][CONSENSUS][PBFT]checkAndChangeView: Reach consensus,org_view=6140,org_changeCycle=0,cur_changeCycle=0,to_view=6141
warning|2019-11-15 18:00:02.652592|[SYNC][id:9303553a...][Status]Peer data not found,nodeId=6e4f3ba3...
info|2019-11-15 18:00:03.410181|[g:1][CONSENSUS]addRawPrepare,height=13,reqIdx=1,hash=1b51f4a3...
info|2019-11-15 18:00:03.410388|[g:1][CONSENSUS][PBFT]checkTimeout Succ,view=6141,toView=6142,nodeIdx=3,changeCycle=0,myNode=9303553a...,timecost=0.186
info|2019-11-15 18:00:03.412472|[g:1][CONSENSUS][PBFT]checkAndChangeView: Reach consensus,org_view=6141,org_changeCycle=0,cur_changeCycle=0,to_view=6142
info|2019-11-15 18:00:04.416838|[g:1][CONSENSUS]addRawPrepare,height=13,reqIdx=2,hash=dcc29545...
info|2019-11-15 18:00:04.417061|[g:1][CONSENSUS][PBFT]checkTimeout Succ,view=6142,toView=6143,nodeIdx=3,changeCycle=0,myNode=9303553a...,timecost=0.199
info|2019-11-15 18:00:04.419018|[g:1][CONSENSUS][PBFT]checkAndChangeView: Reach consensus,org_view=6142,org_changeCycle=0,cur_changeCycle=0,to_view=6143
info|2019-11-15 18:00:05.419283|[g:1][CONSENSUS][SEALER]++++++++++++++++ Generating seal on,blkNum=13,tx=0,nodeIdx=3,hash=876cf542...
info|2019-11-15 18:00:05.426044|[g:1][CONSENSUS][PBFT]checkTimeout Succ,view=6143,toView=6144,nodeIdx=3,changeCycle=0,myNode=9303553a...,timecost=0.247
info|2019-11-15 18:00:05.427030|[g:1][CONSENSUS][PBFT]checkAndChangeView: Reach consensus,org_view=6143,org_changeCycle=0,cur_changeCycle=0,to_view=6144
info|2019-11-15 18:00:06.316610|[P2P][Service] heartBeat,connected count=4
info|2019-11-15 18:00:06.427380|[g:1][CONSENSUS]addRawPrepare,height=13,reqIdx=0,hash=6e9c940f...
info|2019-11-15 18:00:06.427605|[g:1][CONSENSUS][PBFT]checkTimeout Succ,view=6144,toView=6145,nodeIdx=3,changeCycle=0,myNode=9303553a...,timecost=0.202
info|2019-11-15 18:00:06.428738|[g:1][CONSENSUS][PBFT]checkAndChangeView: Reach consensus,org_view=6144,org_changeCycle=0,cur_changeCycle=0,to_view=6145
info|2019-11-15 18:00:07.432615|[g:1][CONSENSUS]addRawPrepare,height=13,reqIdx=1,hash=b75bd99a...
info|2019-11-15 18:00:07.432861|[g:1][CONSENSUS][PBFT]checkTimeout Succ,view=6145,toView=6146,nodeIdx=3,changeCycle=0,myNode=9303553a...,timecost=0.223
info|2019-11-15 18:00:07.435752|[g:1][CONSENSUS][PBFT]checkAndChangeView: Reach consensus,org_view=6145,org_changeCycle=0,cur_changeCycle=0,to_view=6146
warning|2019-11-15 18:00:07.662109|[SYNC][id:9303553a...][Status]Peer data not found,nodeId=6e4f3ba3...
info|2019-11-15 18:00:08.438371|[g:1][CONSENSUS]addRawPrepare,height=13,reqIdx=2,hash=c9e34e48...
info|2019-11-15 18:00:08.438633|[g:1][CONSENSUS][PBFT]checkTimeout Succ,view=6146,toView=6147,nodeIdx=3,changeCycle=0,myNode=9303553a...,timecost=0.238
info|2019-11-15 18:00:08.441582|[g:1][CONSENSUS][PBFT]checkAndChangeView: Reach consensus,org_view=6146,org_changeCycle=0,cur_changeCycle=0,to_view=6147
info|2019-11-15 18:00:09.441920|[g:1][CONSENSUS][SEALER]++++++++++++++++ Generating seal on,blkNum=13,tx=0,nodeIdx=3,hash=620b8516...
info|2019-11-15 18:00:09.448823|[g:1][CONSENSUS][PBFT]checkTimeout Succ,view=6147,toView=6148,nodeIdx=3,changeCycle=0,myNode=9303553a...,timecost=0.226
info|2019-11-15 18:00:09.450292|[g:1][CONSENSUS][PBFT]checkAndChangeView: Reach consensus,org_view=6147,org_changeCycle=0,cur_changeCycle=0,to_view=6148
info|2019-11-15 18:00:10.450189|[g:1][CONSENSUS]addRawPrepare,height=13,reqIdx=0,hash=b9de6957...
info|2019-11-15 18:00:10.450420|[g:1][CONSENSUS][PBFT]checkTimeout Succ,view=6148,toView=6149,nodeIdx=3,changeCycle=0,myNode=9303553a...,timecost=0.203
info|2019-11-15 18:00:10.453119|[g:1][CONSENSUS][PBFT]checkAndChangeView: Reach consensus,org_view=6148,org_changeCycle=0,cur_changeCycle=0,to_view=6149
info|2019-11-15 18:00:11.454022|[g:1][CONSENSUS]addRawPrepare,height=13,reqIdx=1,hash=199f7522...
info|2019-11-15 18:00:11.454246|[g:1][CONSENSUS][PBFT]checkTimeout Succ,view=6149,toView=6150,nodeIdx=3,changeCycle=0,myNode=9303553a...,timecost=0.2
info|2019-11-15 18:00:11.456329|[g:1][CONSENSUS][PBFT]checkAndChangeView: Reach consensus,org_view=6149,org_changeCycle=0,cur_changeCycle=0,to_view=6150
info|2019-11-15 18:00:12.458402|[g:1][CONSENSUS]addRawPrepare,height=13,reqIdx=2,hash=59f8a50f...
info|2019-11-15 18:00:12.458677|[g:1][CONSENSUS][PBFT]checkTimeout Succ,view=6150,toView=6151,nodeIdx=3,changeCycle=0,myNode=9303553a...,timecost=0.193
info|2019-11-15 18:00:12.462462|[g:1][CONSENSUS][PBFT]checkAndChangeView: Reach consensus,org_view=6150,org_changeCycle=0,cur_changeCycle=0,to_view=6151
warning|2019-11-15 18:00:12.672404|[SYNC][id:9303553a...][Status]Peer data not found,nodeId=6e4f3ba3...
info|2019-11-15 18:00:13.464207|[g:1][CONSENSUS][SEALER]++++++++++++++++ Generating seal on,blkNum=13,tx=0,nodeIdx=3,hash=cf51f811...
info|2019-11-15 18:00:13.471364|[g:1][CONSENSUS][PBFT]checkTimeout Succ,view=6151,toView=6152,nodeIdx=3,changeCycle=0,myNode=9303553a...,timecost=0.21
info|2019-11-15 18:00:13.472283|[g:1][CONSENSUS][PBFT]checkAndChangeView: Reach consensus,org_view=6151,org_changeCycle=0,cur_changeCycle=0,to_view=6152
info|2019-11-15 18:00:14.473188|[g:1][CONSENSUS]addRawPrepare,height=13,reqIdx=0,hash=585e20ac...
info|2019-11-15 18:00:14.473413|[g:1][CONSENSUS][PBFT]checkTimeout Succ,view=6152,toView=6153,nodeIdx=3,changeCycle=0,myNode=9303553a...,timecost=0.2
info|2019-11-15 18:00:14.475400|[g:1][CONSENSUS][PBFT]checkAndChangeView: Reach consensus,org_view=6152,org_changeCycle=0,cur_changeCycle=0,to_view=6153
info|2019-11-15 18:00:15.478901|[g:1][CONSENSUS]addRawPrepare,height=13,reqIdx=1,hash=c8b1cf54...
info|2019-11-15 18:00:15.479125|[g:1][CONSENSUS][PBFT]checkTimeout Succ,view=6153,toView=6154,nodeIdx=3,changeCycle=0,myNode=9303553a...,timecost=0.201
info|2019-11-15 18:00:15.479677|[g:1][CONSENSUS][PBFT]checkAndChangeView: Reach consensus,org_view=6153,org_changeCycle=0,cur_changeCycle=0,to_view=6154
info|2019-11-15 18:00:16.318324|[P2P][Service] heartBeat,connected count=4
info|2019-11-15 18:00:16.491611|[g:1][CONSENSUS]addRawPrepare,height=13,reqIdx=2,hash=1f6a166a...
info|2019-11-15 18:00:16.492541|[g:1][CONSENSUS][PBFT]checkTimeout Succ,view=6154,toView=6155,nodeIdx=3,changeCycle=0,myNode=9303553a...,timecost=0.884
info|2019-11-15 18:00:16.498242|[g:1][CONSENSUS][PBFT]checkAndChangeView: Reach consensus,org_view=6154,org_changeCycle=0,cur_changeCycle=0,to_view=6155
info|2019-11-15 18:00:17.501168|[g:1][CONSENSUS][SEALER]++++++++++++++++ Generating seal on,blkNum=13,tx=0,nodeIdx=3,hash=594db255...
info|2019-11-15 18:00:17.507413|[g:1][CONSENSUS][PBFT]checkTimeout Succ,view=6155,toView=6156,nodeIdx=3,changeCycle=0,myNode=9303553a...,timecost=0.205
info|2019-11-15 18:00:17.508447|[g:1][CONSENSUS][PBFT]checkAndChangeView: Reach consensus,org_view=6155,org_changeCycle=0,cur_changeCycle=0,to_view=6156
warning|2019-11-15 18:00:17.679623|[SYNC][id:9303553a...][Status]Peer data not found,nodeId=6e4f3ba3...
info|2019-11-15 18:00:18.509326|[g:1][CONSENSUS]addRawPrepare,height=13,reqIdx=0,hash=47bf5120...
info|2019-11-15 18:00:18.509594|[g:1][CONSENSUS][PBFT]checkTimeout Succ,view=6156,toView=6157,nodeIdx=3,changeCycle=0,myNode=9303553a...,timecost=0.247
info|2019-11-15 18:00:18.511770|[g:1][CONSENSUS][PBFT]checkAndChangeView: Reach consensus,org_view=6156,org_changeCycle=0,cur_changeCycle=0,to_view=6157
info|2019-11-15 18:00:19.513069|[g:1][CONSENSUS]addRawPrepare,height=13,reqIdx=1,hash=a0747006...
info|2019-11-15 18:00:19.513276|[g:1][CONSENSUS][PBFT]checkTimeout Succ,view=6157,toView=6158,nodeIdx=3,changeCycle=0,myNode=9303553a...,timecost=0.186
info|2019-11-15 18:00:19.515369|[g:1][CONSENSUS][PBFT]checkAndChangeView: Reach consensus,org_view=6157,org_changeCycle=0,cur_changeCycle=0,to_view=6158
info|2019-11-15 18:00:20.520495|[g:1][CONSENSUS]addRawPrepare,height=13,reqIdx=2,hash=a8dfeea8...
info|2019-11-15 18:00:20.520701|[g:1][CONSENSUS][PBFT]checkTimeout Succ,view=6158,toView=6159,nodeIdx=3,changeCycle=0,myNode=9303553a...,timecost=0.184
info|2019-11-15 18:00:20.522041|[g:1][CONSENSUS][PBFT]checkAndChangeView: Reach consensus,org_view=6158,org_changeCycle=0,cur_changeCycle=0,to_view=6159
info|2019-11-15 18:00:21.522225|[g:1][CONSENSUS][SEALER]++++++++++++++++ Generating seal on,blkNum=13,tx=0,nodeIdx=3,hash=9f3a55ae...
info|2019-11-15 18:00:21.528633|[g:1][CONSENSUS][PBFT]checkTimeout Succ,view=6159,toView=6160,nodeIdx=3,changeCycle=0,myNode=9303553a...,timecost=0.203
info|2019-11-15 18:00:21.529543|[g:1][CONSENSUS][PBFT]checkAndChangeView: Reach consensus,org_view=6159,org_changeCycle=0,cur_changeCycle=0,to_view=6160
info|2019-11-15 18:00:22.532044|[g:1][CONSENSUS]addRawPrepare,height=13,reqIdx=0,hash=c2666f99...
info|2019-11-15 18:00:22.532437|[g:1][CONSENSUS][PBFT]checkTimeout Succ,view=6160,toView=6161,nodeIdx=3,changeCycle=0,myNode=9303553a...,timecost=0.35
info|2019-11-15 18:00:22.535007|[g:1][CONSENSUS][PBFT]checkAndChangeView: Reach consensus,org_view=6160,org_changeCycle=0,cur_changeCycle=0,to_view=6161
warning|2019-11-15 18:00:22.687185|[SYNC][id:9303553a...][Status]Peer data not found,nodeId=6e4f3ba3...
info|2019-11-15 18:00:23.537523|[g:1][CONSENSUS]addRawPrepare,height=13,reqIdx=1,hash=6c93896e...
info|2019-11-15 18:00:23.537749|[g:1][CONSENSUS][PBFT]checkTimeout Succ,view=6161,toView=6162,nodeIdx=3,changeCycle=0,myNode=9303553a...,timecost=0.2
info|2019-11-15 18:00:23.540537|[g:1][CONSENSUS][PBFT]checkAndChangeView: Reach consensus,org_view=6161,org_changeCycle=0,cur_changeCycle=0,to_view=6162
info|2019-11-15 18:00:24.544230|[g:1][CONSENSUS]addRawPrepare,height=13,reqIdx=2,hash=582f79b2...
info|2019-11-15 18:00:24.544446|[g:1][CONSENSUS][PBFT]checkTimeout Succ,view=6162,toView=6163,nodeIdx=3,changeCycle=0,myNode=9303553a...,timecost=0.191
info|2019-11-15 18:00:24.546116|[g:1][CONSENSUS][PBFT]checkAndChangeView: Reach consensus,org_view=6162,org_changeCycle=0,cur_changeCycle=0,to_view=6163
info|2019-11-15 18:00:25.546255|[g:1][CONSENSUS][SEALER]++++++++++++++++ Generating seal on,blkNum=13,tx=0,nodeIdx=3,hash=8837b017...
info|2019-11-15 18:00:25.553001|[g:1][CONSENSUS][PBFT]checkTimeout Succ,view=6163,toView=6164,nodeIdx=3,changeCycle=0,myNode=9303553a...,timecost=0.231
info|2019-11-15 18:00:25.553973|[g:1][CONSENSUS][PBFT]checkAndChangeView: Reach consensus,org_view=6163,org_changeCycle=0,cur_changeCycle=0,to_view=6164
info|2019-11-15 18:00:26.318486|[P2P][Service] heartBeat,connected count=4
info|2019-11-15 18:00:26.554987|[g:1][CONSENSUS]addRawPrepare,height=13,reqIdx=0,hash=bccd25ac...
info|2019-11-15 18:00:26.555217|[g:1][CONSENSUS][PBFT]checkTimeout Succ,view=6164,toView=6165,nodeIdx=3,changeCycle=0,myNode=9303553a...,timecost=0.206
info|2019-11-15 18:00:26.556412|[g:1][CONSENSUS][PBFT]checkAndChangeView: Reach consensus,org_view=6164,org_changeCycle=0,cur_changeCycle=0,to_view=6165
info|2019-11-15 18:00:27.559897|[g:1][CONSENSUS]addRawPrepare,height=13,reqIdx=1,hash=7c4d5dbb...
info|2019-11-15 18:00:27.560121|[g:1][CONSENSUS][PBFT]checkTimeout Succ,view=6165,toView=6166,nodeIdx=3,changeCycle=0,myNode=9303553a...,timecost=0.2
info|2019-11-15 18:00:27.563256|[g:1][CONSENSUS][PBFT]checkAndChangeView: Reach consensus,org_view=6165,org_changeCycle=0,cur_changeCycle=0,to_view=6166
warning|2019-11-15 18:00:27.698672|[SYNC][id:9303553a...][Status]Peer data not found,nodeId=6e4f3ba3...
info|2019-11-15 18:00:28.564664|[g:1][CONSENSUS]addRawPrepare,height=13,reqIdx=2,hash=535ca04c...
info|2019-11-15 18:00:28.564968|[g:1][CONSENSUS][PBFT]checkTimeout Succ,view=6166,toView=6167,nodeIdx=3,changeCycle=0,myNode=9303553a...,timecost=0.281
info|2019-11-15 18:00:28.567557|[g:1][CONSENSUS][PBFT]checkAndChangeView: Reach consensus,org_view=6166,org_changeCycle=0,cur_changeCycle=0,to_view=6167
info|2019-11-15 18:00:29.567524|[g:1][CONSENSUS][SEALER]++++++++++++++++ Generating seal on,blkNum=13,tx=0,nodeIdx=3,hash=3a84ce7e...
info|2019-11-15 18:00:29.574868|[g:1][CONSENSUS][PBFT]checkTimeout Succ,view=6167,toView=6168,nodeIdx=3,changeCycle=0,myNode=9303553a...,timecost=0.233
info|2019-11-15 18:00:29.575838|[g:1][CONSENSUS][PBFT]checkAndChangeView: Reach consensus,org_view=6167,org_changeCycle=0,cur_changeCycle=0,to_view=6168
info|2019-11-15 18:00:30.576649|[g:1][CONSENSUS]addRawPrepare,height=13,reqIdx=0,hash=a8f1241e...
info|2019-11-15 18:00:30.576950|[g:1][CONSENSUS][PBFT]checkTimeout Succ,view=6168,toView=6169,nodeIdx=3,changeCycle=0,myNode=9303553a...,timecost=0.279
info|2019-11-15 18:00:30.578209|[g:1][CONSENSUS][PBFT]checkAndChangeView: Reach consensus,org_view=6168,org_changeCycle=0,cur_changeCycle=0,to_view=6169
info|2019-11-15 18:00:31.581259|[g:1][CONSENSUS]addRawPrepare,height=13,reqIdx=1,hash=44bb9b8b...
info|2019-11-15 18:00:31.581492|[g:1][CONSENSUS][PBFT]checkTimeout Succ,view=6169,toView=6170,nodeIdx=3,changeCycle=0,myNode=9303553a...,timecost=0.206
info|2019-11-15 18:00:31.583896|[g:1][CONSENSUS][PBFT]checkAndChangeView: Reach consensus,org_view=6169,org_changeCycle=0,cur_changeCycle=0,to_view=6170
info|2019-11-15 18:00:32.586937|[g:1][CONSENSUS]addRawPrepare,height=13,reqIdx=2,hash=0af0b2ab...
info|2019-11-15 18:00:32.587159|[g:1][CONSENSUS][PBFT]checkTimeout Succ,view=6170,toView=6171,nodeIdx=3,changeCycle=0,myNode=9303553a...,timecost=0.199
info|2019-11-15 18:00:32.589143|[g:1][CONSENSUS][PBFT]checkAndChangeView: Reach consensus,org_view=6170,org_changeCycle=0,cur_changeCycle=0,to_view=6171
warning|2019-11-15 18:00:32.703594|[SYNC][id:9303553a...][Status]Peer data not found,nodeId=6e4f3ba3...
info|2019-11-15 18:00:33.590212|[g:1][CONSENSUS][SEALER]++++++++++++++++ Generating seal on,blkNum=13,tx=0,nodeIdx=3,hash=432c271f...
info|2019-11-15 18:00:33.596837|[g:1][CONSENSUS][PBFT]checkTimeout Succ,view=6171,toView=6172,nodeIdx=3,changeCycle=0,myNode=9303553a...,timecost=0.207
info|2019-11-15 18:00:33.597806|[g:1][CONSENSUS][PBFT]checkAndChangeView: Reach consensus,org_view=6171,org_changeCycle=0,cur_changeCycle=0,to_view=6172
info|2019-11-15 18:00:34.598855|[g:1][CONSENSUS]addRawPrepare,height=13,reqIdx=0,hash=304eca2a...
info|2019-11-15 18:00:34.599090|[g:1][CONSENSUS][PBFT]checkTimeout Succ,view=6172,toView=6173,nodeIdx=3,changeCycle=0,myNode=9303553a...,timecost=0.209
info|2019-11-15 18:00:34.600778|[g:1][CONSENSUS][PBFT]checkAndChangeView: Reach consensus,org_view=6172,org_changeCycle=0,cur_changeCycle=0,to_view=6173
info|2019-11-15 18:00:35.604295|[g:1][CONSENSUS]addRawPrepare,height=13,reqIdx=1,hash=53f54d34...
info|2019-11-15 18:00:35.604537|[g:1][CONSENSUS][PBFT]checkTimeout Succ,view=6173,toView=6174,nodeIdx=3,changeCycle=0,myNode=9303553a...,timecost=0.198
info|2019-11-15 18:00:35.606624|[g:1][CONSENSUS][PBFT]checkAndChangeView: Reach consensus,org_view=6173,org_changeCycle=0,cur_changeCycle=0,to_view=6174
info|2019-11-15 18:00:36.318571|[P2P][Service] heartBeat,connected count=4
info|2019-11-15 18:00:36.609233|[g:1][CONSENSUS]addRawPrepare,height=13,reqIdx=2,hash=fe34a7bd...
info|2019-11-15 18:00:36.609451|[g:1][CONSENSUS][PBFT]checkTimeout Succ,view=6174,toView=6175,nodeIdx=3,changeCycle=0,myNode=9303553a...,timecost=0.192
info|2019-11-15 18:00:36.611852|[g:1][CONSENSUS][PBFT]checkAndChangeView: Reach consensus,org_view=6174,org_changeCycle=0,cur_changeCycle=0,to_view=6175
info|2019-11-15 18:00:37.614439|[g:1][CONSENSUS][SEALER]++++++++++++++++ Generating seal on,blkNum=13,tx=0,nodeIdx=3,hash=23a67274...
info|2019-11-15 18:00:37.620986|[g:1][CONSENSUS][PBFT]checkTimeout Succ,view=6175,toView=6176,nodeIdx=3,changeCycle=0,myNode=9303553a...,timecost=0.206
info|2019-11-15 18:00:37.622097|[g:1][CONSENSUS][PBFT]checkAndChangeView: Reach consensus,org_view=6175,org_changeCycle=0,cur_changeCycle=0,to_view=6176
warning|2019-11-15 18:00:37.710118|[SYNC][id:9303553a...][Status]Peer data not found,nodeId=6e4f3ba3...
info|2019-11-15 18:00:38.622566|[g:1][CONSENSUS]addRawPrepare,height=13,reqIdx=0,hash=74f97242...
info|2019-11-15 18:00:38.622848|[g:1][CONSENSUS][PBFT]checkTimeout Succ,view=6176,toView=6177,nodeIdx=3,changeCycle=0,myNode=9303553a...,timecost=0.254
info|2019-11-15 18:00:38.624917|[g:1][CONSENSUS][PBFT]checkAndChangeView: Reach consensus,org_view=6176,org_changeCycle=0,cur_changeCycle=0,to_view=6177
info|2019-11-15 18:00:39.631239|[g:1][CONSENSUS]addRawPrepare,height=13,reqIdx=1,hash=7f40595e...
info|2019-11-15 18:00:39.635872|[g:1][CONSENSUS][PBFT]checkTimeout Succ,view=6177,toView=6178,nodeIdx=3,changeCycle=0,myNode=9303553a...,timecost=4.347
info|2019-11-15 18:00:39.640121|[g:1][CONSENSUS][PBFT]checkAndChangeView: Reach consensus,org_view=6177,org_changeCycle=0,cur_changeCycle=0,to_view=6178
info|2019-11-15 18:00:40.648234|[g:1][CONSENSUS]addRawPrepare,height=13,reqIdx=2,hash=be49c7bf...
info|2019-11-15 18:00:40.648460|[g:1][CONSENSUS][PBFT]checkTimeout Succ,view=6178,toView=6179,nodeIdx=3,changeCycle=0,myNode=9303553a...,timecost=0.202
info|2019-11-15 18:00:40.651082|[g:1][CONSENSUS][PBFT]checkAndChangeView: Reach consensus,org_view=6178,org_changeCycle=0,cur_changeCycle=0,to_view=6179
info|2019-11-15 18:00:41.651335|[g:1][CONSENSUS][SEALER]++++++++++++++++ Generating seal on,blkNum=13,tx=0,nodeIdx=3,hash=3279c66f...
info|2019-11-15 18:00:41.664141|[g:1][CONSENSUS][PBFT]checkTimeout Succ,view=6179,toView=6180,nodeIdx=3,changeCycle=0,myNode=9303553a...,timecost=0.286
info|2019-11-15 18:00:41.665526|[g:1][CONSENSUS][PBFT]checkAndChangeView: Reach consensus,org_view=6179,org_changeCycle=0,cur_changeCycle=0,to_view=6180
info|2019-11-15 18:00:42.664761|[g:1][CONSENSUS]addRawPrepare,height=13,reqIdx=0,hash=1f261eba...
info|2019-11-15 18:00:42.664995|[g:1][CONSENSUS][PBFT]checkTimeout Succ,view=6180,toView=6181,nodeIdx=3,changeCycle=0,myNode=9303553a...,timecost=0.208
info|2019-11-15 18:00:42.668386|[g:1][CONSENSUS][PBFT]checkAndChangeView: Reach consensus,org_view=6180,org_changeCycle=0,cur_changeCycle=0,to_view=6181
warning|2019-11-15 18:00:42.717894|[SYNC][id:9303553a...][Status]Peer data not found,nodeId=6e4f3ba3...
info|2019-11-15 18:00:43.670552|[g:1][CONSENSUS]addRawPrepare,height=13,reqIdx=1,hash=f56ef55e...
info|2019-11-15 18:00:43.670785|[g:1][CONSENSUS][PBFT]checkTimeout Succ,view=6181,toView=6182,nodeIdx=3,changeCycle=0,myNode=9303553a...,timecost=0.205
info|2019-11-15 18:00:43.674708|[g:1][CONSENSUS][PBFT]checkAndChangeView: Reach consensus,org_view=6181,org_changeCycle=0,cur_changeCycle=0,to_view=6182
info|2019-11-15 18:00:44.679119|[g:1][CONSENSUS]addRawPrepare,height=13,reqIdx=2,hash=dc8b6c42...
info|2019-11-15 18:00:44.679334|[g:1][CONSENSUS][PBFT]checkTimeout Succ,view=6182,toView=6183,nodeIdx=3,changeCycle=0,myNode=9303553a...,timecost=0.19
info|2019-11-15 18:00:44.680920|[g:1][CONSENSUS][PBFT]checkAndChangeView: Reach consensus,org_view=6182,org_changeCycle=0,cur_changeCycle=0,to_view=6183
info|2019-11-15 18:00:45.681845|[g:1][CONSENSUS][SEALER]++++++++++++++++ Generating seal on,blkNum=13,tx=0,nodeIdx=3,hash=5783f547...
info|2019-11-15 18:00:45.688151|[g:1][CONSENSUS][PBFT]checkTimeout Succ,view=6183,toView=6184,nodeIdx=3,changeCycle=0,myNode=9303553a...,timecost=0.239
info|2019-11-15 18:00:45.689205|[g:1][CONSENSUS][PBFT]checkAndChangeView: Reach consensus,org_view=6183,org_changeCycle=0,cur_changeCycle=0,to_view=6184
info|2019-11-15 18:00:46.319399|[P2P][Service] heartBeat,connected count=4
info|2019-11-15 18:00:46.732202|[g:1][CONSENSUS]addRawPrepare,height=13,reqIdx=0,hash=2c7deb27...
info|2019-11-15 18:00:46.732472|[g:1][CONSENSUS][PBFT]checkTimeout Succ,view=6184,toView=6185,nodeIdx=3,changeCycle=0,myNode=9303553a...,timecost=0.194
info|2019-11-15 18:00:46.735281|[g:1][CONSENSUS][PBFT]checkAndChangeView: Reach consensus,org_view=6184,org_changeCycle=0,cur_changeCycle=0,to_view=6185
warning|2019-11-15 18:00:47.727529|[SYNC][id:9303553a...][Status]Peer data not found,nodeId=6e4f3ba3...
info|2019-11-15 18:00:47.743215|[g:1][CONSENSUS]addRawPrepare,height=13,reqIdx=1,hash=265527ae...
info|2019-11-15 18:00:47.746022|[g:1][CONSENSUS][PBFT]checkTimeout Succ,view=6185,toView=6186,nodeIdx=3,changeCycle=0,myNode=9303553a...,timecost=2.416
info|2019-11-15 18:00:47.748494|[g:1][CONSENSUS][PBFT]checkAndChangeView: Reach consensus,org_view=6185,org_changeCycle=0,cur_changeCycle=0,to_view=6186
info|2019-11-15 18:00:48.751617|[g:1][CONSENSUS]addRawPrepare,height=13,reqIdx=2,hash=c6290ecf...
info|2019-11-15 18:00:48.751830|[g:1][CONSENSUS][PBFT]checkTimeout Succ,view=6186,toView=6187,nodeIdx=3,changeCycle=0,myNode=9303553a...,timecost=0.19
info|2019-11-15 18:00:48.754353|[g:1][CONSENSUS][PBFT]checkAndChangeView: Reach consensus,org_view=6186,org_changeCycle=0,cur_changeCycle=0,to_view=6187
info|2019-11-15 18:00:49.755171|[g:1][CONSENSUS][SEALER]++++++++++++++++ Generating seal on,blkNum=13,tx=0,nodeIdx=3,hash=55f7b14c...
info|2019-11-15 18:00:49.762799|[g:1][CONSENSUS][PBFT]checkTimeout Succ,view=6187,toView=6188,nodeIdx=3,changeCycle=0,myNode=9303553a...,timecost=0.234
info|2019-11-15 18:00:49.764156|[g:1][CONSENSUS][PBFT]checkAndChangeView: Reach consensus,org_view=6187,org_changeCycle=0,cur_changeCycle=0,to_view=6188
info|2019-11-15 18:00:50.764353|[g:1][CONSENSUS]addRawPrepare,height=13,reqIdx=0,hash=0a8a1f70...
info|2019-11-15 18:00:50.764583|[g:1][CONSENSUS][PBFT]checkTimeout Succ,view=6188,toView=6189,nodeIdx=3,changeCycle=0,myNode=9303553a...,timecost=0.204
info|2019-11-15 18:00:50.765727|[g:1][CONSENSUS][PBFT]checkAndChangeView: Reach consensus,org_view=6188,org_changeCycle=0,cur_changeCycle=0,to_view=6189
info|2019-11-15 18:00:51.771127|[g:1][CONSENSUS]addRawPrepare,height=13,reqIdx=1,hash=895259a5...
info|2019-11-15 18:00:51.771597|[g:1][CONSENSUS][PBFT]checkTimeout Succ,view=6189,toView=6190,nodeIdx=3,changeCycle=0,myNode=9303553a...,timecost=0.418
info|2019-11-15 18:00:51.775746|[g:1][CONSENSUS][PBFT]checkAndChangeView: Reach consensus,org_view=6189,org_changeCycle=0,cur_changeCycle=0,to_view=6190
warning|2019-11-15 18:00:52.733905|[SYNC][id:9303553a...][Status]Peer data not found,nodeId=6e4f3ba3...
info|2019-11-15 18:00:52.778263|[g:1][CONSENSUS]addRawPrepare,height=13,reqIdx=2,hash=e02d4efe...
info|2019-11-15 18:00:52.778490|[g:1][CONSENSUS][PBFT]checkTimeout Succ,view=6190,toView=6191,nodeIdx=3,changeCycle=0,myNode=9303553a...,timecost=0.201
info|2019-11-15 18:00:52.780548|[g:1][CONSENSUS][PBFT]checkAndChangeView: Reach consensus,org_view=6190,org_changeCycle=0,cur_changeCycle=0,to_view=6191
info|2019-11-15 18:00:53.780408|[g:1][CONSENSUS][SEALER]++++++++++++++++ Generating seal on,blkNum=13,tx=0,nodeIdx=3,hash=e3edc73b...
info|2019-11-15 18:00:53.787166|[g:1][CONSENSUS][PBFT]checkTimeout Succ,view=6191,toView=6192,nodeIdx=3,changeCycle=0,myNode=9303553a...,timecost=0.22
info|2019-11-15 18:00:53.788084|[g:1][CONSENSUS][PBFT]checkAndChangeView: Reach consensus,org_view=6191,org_changeCycle=0,cur_changeCycle=0,to_view=6192
info|2019-11-15 18:00:54.788222|[g:1][CONSENSUS]addRawPrepare,height=13,reqIdx=0,hash=0d6ba258...
info|2019-11-15 18:00:54.788452|[g:1][CONSENSUS][PBFT]checkTimeout Succ,view=6192,toView=6193,nodeIdx=3,changeCycle=0,myNode=9303553a...,timecost=0.207
info|2019-11-15 18:00:54.789499|[g:1][CONSENSUS][PBFT]checkAndChangeView: Reach consensus,org_view=6192,org_changeCycle=0,cur_changeCycle=0,to_view=6193
info|2019-11-15 18:00:55.793022|[g:1][CONSENSUS]addRawPrepare,height=13,reqIdx=1,hash=be921d10...
info|2019-11-15 18:00:55.793234|[g:1][CONSENSUS][PBFT]checkTimeout Succ,view=6193,toView=6194,nodeIdx=3,changeCycle=0,myNode=9303553a...,timecost=0.188
info|2019-11-15 18:00:55.795271|[g:1][CONSENSUS][PBFT]checkAndChangeView: Reach consensus,org_view=6193,org_changeCycle=0,cur_changeCycle=0,to_view=6194
info|2019-11-15 18:00:56.319479|[P2P][Service] heartBeat,connected count=4
info|2019-11-15 18:00:56.799382|[g:1][CONSENSUS]addRawPrepare,height=13,reqIdx=2,hash=5448ea54...
info|2019-11-15 18:00:56.799614|[g:1][CONSENSUS][PBFT]checkTimeout Succ,view=6194,toView=6195,nodeIdx=3,changeCycle=0,myNode=9303553a...,timecost=0.211
info|2019-11-15 18:00:56.802246|[g:1][CONSENSUS][PBFT]checkAndChangeView: Reach consensus,org_view=6194,org_changeCycle=0,cur_changeCycle=0,to_view=6195
warning|2019-11-15 18:00:57.744498|[SYNC][id:9303553a...][Status]Peer data not found,nodeId=6e4f3ba3...
info|2019-11-15 18:00:57.803195|[g:1][CONSENSUS][SEALER]++++++++++++++++ Generating seal on,blkNum=13,tx=0,nodeIdx=3,hash=f5a8caec...
info|2019-11-15 18:00:57.821395|[g:1][CONSENSUS][PBFT]checkTimeout Succ,view=6195,toView=6196,nodeIdx=3,changeCycle=0,myNode=9303553a...,timecost=0.341
info|2019-11-15 18:00:57.823293|[g:1][CONSENSUS][PBFT]checkAndChangeView: Reach consensus,org_view=6195,org_changeCycle=0,cur_changeCycle=0,to_view=6196
info|2019-11-15 18:00:58.822459|[g:1][CONSENSUS]addRawPrepare,height=13,reqIdx=0,hash=33c8e3c6...
info|2019-11-15 18:00:58.822685|[g:1][CONSENSUS][PBFT]checkTimeout Succ,view=6196,toView=6197,nodeIdx=3,changeCycle=0,myNode=9303553a...,timecost=0.202
info|2019-11-15 18:00:58.823840|[g:1][CONSENSUS][PBFT]checkAndChangeView: Reach consensus,org_view=6196,org_changeCycle=0,cur_changeCycle=0,to_view=6197
info|2019-11-15 18:00:59.830303|[g:1][CONSENSUS]addRawPrepare,height=13,reqIdx=1,hash=60ba4b9e...
info|2019-11-15 18:00:59.830681|[g:1][CONSENSUS][PBFT]checkTimeout Succ,view=6197,toView=6198,nodeIdx=3,changeCycle=0,myNode=9303553a...,timecost=0.335
info|2019-11-15 18:00:59.833398|[g:1][CONSENSUS][PBFT]checkAndChangeView: Reach consensus,org_view=6197,org_changeCycle=0,cur_changeCycle=0,to_view=6198
info|2019-11-15 18:01:00.838942|[g:1][CONSENSUS]addRawPrepare,height=13,reqIdx=2,hash=88f28390...
info|2019-11-15 18:01:00.839148|[g:1][CONSENSUS][PBFT]checkTimeout Succ,view=6198,toView=6199,nodeIdx=3,changeCycle=0,myNode=9303553a...,timecost=0.185
info|2019-11-15 18:01:00.843809|[g:1][CONSENSUS][PBFT]checkAndChangeView: Reach consensus,org_view=6198,org_changeCycle=0,cur_changeCycle=0,to_view=6199
info|2019-11-15 18:01:01.844356|[g:1][CONSENSUS][SEALER]++++++++++++++++ Generating seal on,blkNum=13,tx=0,nodeIdx=3,hash=a5a55f1f...
info|2019-11-15 18:01:01.854997|[g:1][CONSENSUS][PBFT]checkTimeout Succ,view=6199,toView=6200,nodeIdx=3,changeCycle=0,myNode=9303553a...,timecost=0.235
info|2019-11-15 18:01:01.856037|[g:1][CONSENSUS][PBFT]checkAndChangeView: Reach consensus,org_view=6199,org_changeCycle=0,cur_changeCycle=0,to_view=6200
warning|2019-11-15 18:01:02.756402|[SYNC][id:9303553a...][Status]Peer data not found,nodeId=6e4f3ba3...
info|2019-11-15 18:01:02.855554|[g:1][CONSENSUS]addRawPrepare,height=13,reqIdx=0,hash=b97c7ca8...
info|2019-11-15 18:01:02.855768|[g:1][CONSENSUS][PBFT]checkTimeout Succ,view=6200,toView=6201,nodeIdx=3,changeCycle=0,myNode=9303553a...,timecost=0.19
info|2019-11-15 18:01:02.864412|[g:1][CONSENSUS][PBFT]checkAndChangeView: Reach consensus,org_view=6200,org_changeCycle=0,cur_changeCycle=0,to_view=6201
info|2019-11-15 18:01:03.865033|[g:1][CONSENSUS]addRawPrepare,height=13,reqIdx=1,hash=b084c5c5...
info|2019-11-15 18:01:03.865300|[g:1][CONSENSUS][PBFT]checkTimeout Succ,view=6201,toView=6202,nodeIdx=3,changeCycle=0,myNode=9303553a...,timecost=0.244
info|2019-11-15 18:01:03.868301|[g:1][CONSENSUS][PBFT]checkAndChangeView: Reach consensus,org_view=6201,org_changeCycle=0,cur_changeCycle=0,to_view=6202
info|2019-11-15 18:01:04.871983|[g:1][CONSENSUS]addRawPrepare,height=13,reqIdx=2,hash=41069a05...
info|2019-11-15 18:01:04.872216|[g:1][CONSENSUS][PBFT]checkTimeout Succ,view=6202,toView=6203,nodeIdx=3,changeCycle=0,myNode=9303553a...,timecost=0.205
info|2019-11-15 18:01:04.873994|[g:1][CONSENSUS][PBFT]checkAndChangeView: Reach consensus,org_view=6202,org_changeCycle=0,cur_changeCycle=0,to_view=6203
info|2019-11-15 18:01:05.874763|[g:1][CONSENSUS][SEALER]++++++++++++++++ Generating seal on,blkNum=13,tx=0,nodeIdx=3,hash=37ca019d...
info|2019-11-15 18:01:05.891766|[g:1][CONSENSUS][PBFT]checkTimeout Succ,view=6203,toView=6204,nodeIdx=3,changeCycle=0,myNode=9303553a...,timecost=0.361
info|2019-11-15 18:01:05.893345|[g:1][CONSENSUS][PBFT]checkAndChangeView: Reach consensus,org_view=6203,org_changeCycle=0,cur_changeCycle=0,to_view=6204
info|2019-11-15 18:01:06.320383|[P2P][Service] heartBeat,connected count=4
info|2019-11-15 18:01:06.892849|[g:1][CONSENSUS]addRawPrepare,height=13,reqIdx=0,hash=4c43849f...
info|2019-11-15 18:01:06.893579|[g:1][CONSENSUS][PBFT]checkTimeout Succ,view=6204,toView=6205,nodeIdx=3,changeCycle=0,myNode=9303553a...,timecost=0.707
info|2019-11-15 18:01:06.899097|[g:1][CONSENSUS][PBFT]checkAndChangeView: Reach consensus,org_view=6204,org_changeCycle=0,cur_changeCycle=0,to_view=6205
warning|2019-11-15 18:01:07.765831|[SYNC][id:9303553a...][Status]Peer data not found,nodeId=6e4f3ba3...
info|2019-11-15 18:01:07.903300|[g:1][CONSENSUS]addRawPrepare,height=13,reqIdx=1,hash=ed9c3b08...
info|2019-11-15 18:01:07.910774|[g:1][CONSENSUS][PBFT]checkTimeout Succ,view=6205,toView=6206,nodeIdx=3,changeCycle=0,myNode=9303553a...,timecost=7.403
info|2019-11-15 18:01:07.917134|[g:1][CONSENSUS][PBFT]checkAndChangeView: Reach consensus,org_view=6205,org_changeCycle=0,cur_changeCycle=0,to_view=6206
info|2019-11-15 18:01:08.920837|[g:1][CONSENSUS]addRawPrepare,height=13,reqIdx=2,hash=18f19adc...
info|2019-11-15 18:01:08.921085|[g:1][CONSENSUS][PBFT]checkTimeout Succ,view=6206,toView=6207,nodeIdx=3,changeCycle=0,myNode=9303553a...,timecost=0.221
info|2019-11-15 18:01:08.923325|[g:1][CONSENSUS][PBFT]checkAndChangeView: Reach consensus,org_view=6206,org_changeCycle=0,cur_changeCycle=0,to_view=6207
info|2019-11-15 18:01:09.924571|[g:1][CONSENSUS][SEALER]++++++++++++++++ Generating seal on,blkNum=13,tx=0,nodeIdx=3,hash=007434c1...
info|2019-11-15 18:01:09.931123|[g:1][CONSENSUS][PBFT]checkTimeout Succ,view=6207,toView=6208,nodeIdx=3,changeCycle=0,myNode=9303553a...,timecost=0.22
info|2019-11-15 18:01:09.932054|[g:1][CONSENSUS][PBFT]checkAndChangeView: Reach consensus,org_view=6207,org_changeCycle=0,cur_changeCycle=0,to_view=6208
info|2019-11-15 18:01:10.932718|[g:1][CONSENSUS]addRawPrepare,height=13,reqIdx=0,hash=8e649d6f...
info|2019-11-15 18:01:10.932973|[g:1][CONSENSUS][PBFT]checkTimeout Succ,view=6208,toView=6209,nodeIdx=3,changeCycle=0,myNode=9303553a...,timecost=0.229
info|2019-11-15 18:01:10.934841|[g:1][CONSENSUS][PBFT]checkAndChangeView: Reach consensus,org_view=6208,org_changeCycle=0,cur_changeCycle=0,to_view=6209
info|2019-11-15 18:01:11.937826|[g:1][CONSENSUS]addRawPrepare,height=13,reqIdx=1,hash=eadcdc68...
info|2019-11-15 18:01:11.938057|[g:1][CONSENSUS][PBFT]checkTimeout Succ,view=6209,toView=6210,nodeIdx=3,changeCycle=0,myNode=9303553a...,timecost=0.204
info|2019-11-15 18:01:11.945019|[g:1][CONSENSUS][PBFT]checkAndChangeView: Reach consensus,org_view=6209,org_changeCycle=0,cur_changeCycle=0,to_view=6210
warning|2019-11-15 18:01:12.777416|[SYNC][id:9303553a...][Status]Peer data not found,nodeId=6e4f3ba3...
info|2019-11-15 18:01:12.944460|[g:1][CONSENSUS]addRawPrepare,height=13,reqIdx=2,hash=64edb2bb...
info|2019-11-15 18:01:12.944849|[g:1][CONSENSUS][PBFT]checkTimeout Succ,view=6210,toView=6211,nodeIdx=3,changeCycle=0,myNode=9303553a...,timecost=0.303
info|2019-11-15 18:01:12.949312|[g:1][CONSENSUS][PBFT]checkAndChangeView: Reach consensus,org_view=6210,org_changeCycle=0,cur_changeCycle=0,to_view=6211
info|2019-11-15 18:01:13.951423|[g:1][CONSENSUS][SEALER]++++++++++++++++ Generating seal on,blkNum=13,tx=0,nodeIdx=3,hash=71f207c8...
info|2019-11-15 18:01:13.957897|[g:1][CONSENSUS][PBFT]checkTimeout Succ,view=6211,toView=6212,nodeIdx=3,changeCycle=0,myNode=9303553a...,timecost=0.208
info|2019-11-15 18:01:13.958843|[g:1][CONSENSUS][PBFT]checkAndChangeView: Reach consensus,org_view=6211,org_changeCycle=0,cur_changeCycle=0,to_view=6212
info|2019-11-15 18:01:14.958569|[g:1][CONSENSUS]addRawPrepare,height=13,reqIdx=0,hash=5519d6e2...
info|2019-11-15 18:01:14.958830|[g:1][CONSENSUS][PBFT]checkTimeout Succ,view=6212,toView=6213,nodeIdx=3,changeCycle=0,myNode=9303553a...,timecost=0.237
info|2019-11-15 18:01:14.962240|[g:1][CONSENSUS][PBFT]checkAndChangeView: Reach consensus,org_view=6212,org_changeCycle=0,cur_changeCycle=0,to_view=6213
info|2019-11-15 18:01:15.965538|[g:1][CONSENSUS]addRawPrepare,height=13,reqIdx=1,hash=e615309e...
info|2019-11-15 18:01:15.965767|[g:1][CONSENSUS][PBFT]checkTimeout Succ,view=6213,toView=6214,nodeIdx=3,changeCycle=0,myNode=9303553a...,timecost=0.203
info|2019-11-15 18:01:15.968009|[g:1][CONSENSUS][PBFT]checkAndChangeView: Reach consensus,org_view=6213,org_changeCycle=0,cur_changeCycle=0,to_view=6214
info|2019-11-15 18:01:16.320467|[P2P][Service] heartBeat,connected count=4
info|2019-11-15 18:01:16.971233|[g:1][CONSENSUS]addRawPrepare,height=13,reqIdx=2,hash=ccdbcfa4...
info|2019-11-15 18:01:16.971534|[g:1][CONSENSUS][PBFT]checkTimeout Succ,view=6214,toView=6215,nodeIdx=3,changeCycle=0,myNode=9303553a...,timecost=0.226
info|2019-11-15 18:01:16.976133|[g:1][CONSENSUS][PBFT]checkAndChangeView: Reach consensus,org_view=6214,org_changeCycle=0,cur_changeCycle=0,to_view=6215
info|2019-11-15 18:01:17.031477|[LEDGER]stop sealer,groupID=1
info|2019-11-15 18:01:17.031519|[CONSENSUS][SEALER]Stop sealer module...
info|2019-11-15 18:01:17.032189|[CONSENSUS][ConsensusEngine][Stop ConsensusEngineBase]
info|2019-11-15 18:01:17.043424|[CONSENSUS][ConsensusEngine]ConsensusEngineBase stopped
info|2019-11-15 18:01:17.043446|[LEDGER]sealer stopped. stop sync,groupID=1
info|2019-11-15 18:01:17.176402|[SYNC][id:9303553a...]SyncMaster stopped
info|2019-11-15 18:01:17.176412|[LEDGER]ledger stopped,groupID=1
info|2019-11-15 18:01:17.184081|[EVENT][EventLogFilterManager]stop
info|2019-11-15 18:01:17.184090|[LEDGER]event filter manager stopped,groupID=1
info|2019-11-15 18:01:17.184095|[INITIALIZER]ledgerInitializer stopped
info|2019-11-15 18:01:18.185397|[INITIALIZER]ChannelRPCHttpServer deleted.
info|2019-11-15 18:01:18.188105|[INITIALIZER]JsonrpcHttpServer deleted.
info|2019-11-15 18:01:18.188158|[INITIALIZER]RPCInitializer stopped
info|2019-11-15 18:01:18.188257|[NETWORK][Host]Host exit
info|2019-11-15 18:01:18.194082|[INITIALIZER]P2PInitializer stopped
info|2019-11-15 18:01:18.194136|[LEDGER]stop sealer,groupID=1
info|2019-11-15 18:01:18.194155|[LEDGER]sealer stopped. stop sync,groupID=1
info|2019-11-15 18:01:18.194171|[SYNC][id:9303553a...]SyncMaster stopped
info|2019-11-15 18:01:18.194190|[LEDGER]ledger stopped,groupID=1
info|2019-11-15 18:01:18.194211|[LEDGER]event filter manager stopped,groupID=1
info|2019-11-15 18:01:18.194242|[STORAGE]Stopping flushStorage thread
info|2019-11-15 18:01:18.997918|[STORAGE]flushStorage thread stopped.
info|2019-11-15 18:01:18.997963|[DBINITIALIZER] storage stopped
info|2019-11-15 18:01:19.033615|[SYNC][id:9303553a...]SyncMaster stopped
