warning|2019-12-12 19:15:58.057488|[g:1][CONSENSUS][PBFT]ViewChangeWarning: not caused by omit empty block ,v=724,toV=725,curNum=28,hash=965ae6f1...,nodeIdx=3,myNode=9303553a...
info|2019-12-12 19:15:58.057618|[g:1][CONSENSUS][PBFT]checkTimeout Succ,view=724,toView=725,nodeIdx=3,changeCycle=1,myNode=9303553a...,timecost=0.315
info|2019-12-12 19:15:58.100010|[P2P][Service] heartBeat,connected count=4
warning|2019-12-12 19:15:58.117237|[SYNC][id:9303553a...][Status]Peer data not found,nodeId=6e4f3ba3...
info|2019-12-12 19:15:58.135413|[g:1][CONSENSUS][PBFT]checkAndChangeView: Reach consensus,org_view=724,org_changeCycle=1,cur_changeCycle=1,to_view=725
info|2019-12-12 19:15:59.562661|[g:1][CONSENSUS]addRawPrepare,height=29,reqIdx=1,hash=35854229...
info|2019-12-12 19:15:59.807676|[g:1][CONSENSUS][PBFT]checkTimeout Succ,view=725,toView=726,nodeIdx=3,changeCycle=0,myNode=9303553a...,timecost=244.856
info|2019-12-12 19:15:59.901423|[g:1][CONSENSUS][PBFT]checkAndChangeView: Reach consensus,org_view=725,org_changeCycle=0,cur_changeCycle=0,to_view=726
info|2019-12-12 19:16:02.147568|[g:1][CONSENSUS]addRawPrepare,height=29,reqIdx=2,hash=3dfd4d6d...
info|2019-12-12 19:16:02.148087|[g:1][CONSENSUS][PBFT]checkTimeout Succ,view=726,toView=727,nodeIdx=3,changeCycle=0,myNode=9303553a...,timecost=0.385
info|2019-12-12 19:16:02.156151|[g:1][CONSENSUS][PBFT]checkAndChangeView: Reach consensus,org_view=726,org_changeCycle=0,cur_changeCycle=0,to_view=727
info|2019-12-12 19:16:03.037003|[NETWORK][Session]Received topic: [7	_block_notify_1] from 6f9974710b9ea562ecc6a6823039b05e159d8669f228efa0c8b8234f08c2b75fb97eecdae4ef16bc99800bdfa03ed03d619629887e9c1c8b46ad79f5d38c4991
info|2019-12-12 19:16:03.157000|[g:1][CONSENSUS][SEALER]++++++++++++++++ Generating seal on,blkNum=29,tx=0,nodeIdx=3,hash=07b58015...
info|2019-12-12 19:16:03.188731|[g:1][CONSENSUS][PBFT]checkTimeout Succ,view=727,toView=728,nodeIdx=3,changeCycle=0,myNode=9303553a...,timecost=0.932
info|2019-12-12 19:16:03.192607|[g:1][CONSENSUS][PBFT]checkAndChangeView: Reach consensus,org_view=727,org_changeCycle=0,cur_changeCycle=0,to_view=728
warning|2019-12-12 19:16:03.233773|[SYNC][id:9303553a...][Status]Peer data not found,nodeId=6e4f3ba3...
info|2019-12-12 19:16:04.203749|[g:1][CONSENSUS]addRawPrepare,height=29,reqIdx=0,hash=98af8411...
info|2019-12-12 19:16:04.204139|[g:1][CONSENSUS][PBFT]checkTimeout Succ,view=728,toView=729,nodeIdx=3,changeCycle=0,myNode=9303553a...,timecost=0.347
info|2019-12-12 19:16:04.208612|[g:1][CONSENSUS][PBFT]checkAndChangeView: Reach consensus,org_view=728,org_changeCycle=0,cur_changeCycle=0,to_view=729
info|2019-12-12 19:16:05.213843|[g:1][CONSENSUS]addRawPrepare,height=29,reqIdx=1,hash=0757c4c6...
info|2019-12-12 19:16:05.214068|[g:1][CONSENSUS][PBFT]checkTimeout Succ,view=729,toView=730,nodeIdx=3,changeCycle=0,myNode=9303553a...,timecost=0.198
info|2019-12-12 19:16:05.216222|[g:1][CONSENSUS][PBFT]checkAndChangeView: Reach consensus,org_view=729,org_changeCycle=0,cur_changeCycle=0,to_view=730
info|2019-12-12 19:16:06.225985|[g:1][CONSENSUS]addRawPrepare,height=29,reqIdx=2,hash=136bd869...
info|2019-12-12 19:16:06.226431|[g:1][CONSENSUS][PBFT]checkTimeout Succ,view=730,toView=731,nodeIdx=3,changeCycle=0,myNode=9303553a...,timecost=0.345
info|2019-12-12 19:16:06.232264|[g:1][CONSENSUS][PBFT]checkAndChangeView: Reach consensus,org_view=730,org_changeCycle=0,cur_changeCycle=0,to_view=731
info|2019-12-12 19:16:07.236482|[g:1][CONSENSUS][SEALER]++++++++++++++++ Generating seal on,blkNum=29,tx=0,nodeIdx=3,hash=e657a00c...
info|2019-12-12 19:16:07.242661|[g:1][CONSENSUS][PBFT]checkTimeout Succ,view=731,toView=732,nodeIdx=3,changeCycle=0,myNode=9303553a...,timecost=0.202
info|2019-12-12 19:16:07.243555|[g:1][CONSENSUS][PBFT]checkAndChangeView: Reach consensus,org_view=731,org_changeCycle=0,cur_changeCycle=0,to_view=732
info|2019-12-12 19:16:08.100062|[P2P][Service] heartBeat,connected count=4
warning|2019-12-12 19:16:08.241127|[SYNC][id:9303553a...][Status]Peer data not found,nodeId=6e4f3ba3...
info|2019-12-12 19:16:08.244471|[g:1][CONSENSUS]addRawPrepare,height=29,reqIdx=0,hash=1770a303...
info|2019-12-12 19:16:08.244720|[g:1][CONSENSUS][PBFT]checkTimeout Succ,view=732,toView=733,nodeIdx=3,changeCycle=0,myNode=9303553a...,timecost=0.22
info|2019-12-12 19:16:08.247374|[g:1][CONSENSUS][PBFT]checkAndChangeView: Reach consensus,org_view=732,org_changeCycle=0,cur_changeCycle=0,to_view=733
info|2019-12-12 19:16:09.249622|[g:1][CONSENSUS]addRawPrepare,height=29,reqIdx=1,hash=1e299f8c...
info|2019-12-12 19:16:09.249864|[g:1][CONSENSUS][PBFT]checkTimeout Succ,view=733,toView=734,nodeIdx=3,changeCycle=0,myNode=9303553a...,timecost=0.222
info|2019-12-12 19:16:09.251909|[g:1][CONSENSUS][PBFT]checkAndChangeView: Reach consensus,org_view=733,org_changeCycle=0,cur_changeCycle=0,to_view=734
info|2019-12-12 19:16:10.255696|[g:1][CONSENSUS]addRawPrepare,height=29,reqIdx=2,hash=7133b50b...
info|2019-12-12 19:16:10.255904|[g:1][CONSENSUS][PBFT]checkTimeout Succ,view=734,toView=735,nodeIdx=3,changeCycle=0,myNode=9303553a...,timecost=0.186
info|2019-12-12 19:16:10.259631|[g:1][CONSENSUS][PBFT]checkAndChangeView: Reach consensus,org_view=734,org_changeCycle=0,cur_changeCycle=0,to_view=735
info|2019-12-12 19:16:11.259915|[g:1][CONSENSUS][SEALER]++++++++++++++++ Generating seal on,blkNum=29,tx=0,nodeIdx=3,hash=97af5c34...
info|2019-12-12 19:16:11.266824|[g:1][CONSENSUS][PBFT]checkTimeout Succ,view=735,toView=736,nodeIdx=3,changeCycle=0,myNode=9303553a...,timecost=0.217
info|2019-12-12 19:16:11.267720|[g:1][CONSENSUS][PBFT]checkAndChangeView: Reach consensus,org_view=735,org_changeCycle=0,cur_changeCycle=0,to_view=736
info|2019-12-12 19:16:12.267495|[g:1][CONSENSUS]addRawPrepare,height=29,reqIdx=0,hash=3ae6272a...
info|2019-12-12 19:16:12.267719|[g:1][CONSENSUS][PBFT]checkTimeout Succ,view=736,toView=737,nodeIdx=3,changeCycle=0,myNode=9303553a...,timecost=0.2
info|2019-12-12 19:16:12.268890|[g:1][CONSENSUS][PBFT]checkAndChangeView: Reach consensus,org_view=736,org_changeCycle=0,cur_changeCycle=0,to_view=737
warning|2019-12-12 19:16:13.260388|[SYNC][id:9303553a...][Status]Peer data not found,nodeId=6e4f3ba3...
info|2019-12-12 19:16:13.286632|[g:1][CONSENSUS][PBFT]Trigger fast-viewchange,view=737,toView=737,minView=738,INFO=,reqNum=28,curNum=28,GenIdx=2,Cview=738,view=737,fromIdx=2,fromNode=7977f137...,fromIp=127.0.0.1:30302,hash=965ae6f1...,nodeIdx=3,myNode=9303553a...
info|2019-12-12 19:16:13.287826|[g:1][CONSENSUS][PBFT]checkAndChangeView: Reach consensus,org_view=737,org_changeCycle=0,cur_changeCycle=0,to_view=738
info|2019-12-12 19:16:13.287837|[g:1][CONSENSUS][PBFT]checkTimeout Succ,view=738,toView=738,nodeIdx=3,changeCycle=0,myNode=9303553a...,timecost=1.142
info|2019-12-12 19:16:14.295243|[g:1][CONSENSUS]addRawPrepare,height=29,reqIdx=2,hash=290f7801...
info|2019-12-12 19:16:14.295798|[g:1][CONSENSUS][PBFT]checkTimeout Succ,view=738,toView=739,nodeIdx=3,changeCycle=0,myNode=9303553a...,timecost=0.481
info|2019-12-12 19:16:14.303034|[g:1][CONSENSUS][PBFT]checkAndChangeView: Reach consensus,org_view=738,org_changeCycle=0,cur_changeCycle=0,to_view=739
info|2019-12-12 19:16:15.304088|[g:1][CONSENSUS][SEALER]++++++++++++++++ Generating seal on,blkNum=29,tx=0,nodeIdx=3,hash=0573a12d...
info|2019-12-12 19:16:15.314274|[g:1][CONSENSUS][PBFT]checkTimeout Succ,view=739,toView=740,nodeIdx=3,changeCycle=0,myNode=9303553a...,timecost=0.209
info|2019-12-12 19:16:15.315209|[g:1][CONSENSUS][PBFT]checkAndChangeView: Reach consensus,org_view=739,org_changeCycle=0,cur_changeCycle=0,to_view=740
info|2019-12-12 19:16:16.316096|[g:1][CONSENSUS]addRawPrepare,height=29,reqIdx=0,hash=aa27a2c5...
info|2019-12-12 19:16:16.316319|[g:1][CONSENSUS][PBFT]checkTimeout Succ,view=740,toView=741,nodeIdx=3,changeCycle=0,myNode=9303553a...,timecost=0.199
info|2019-12-12 19:16:16.318316|[g:1][CONSENSUS][PBFT]checkAndChangeView: Reach consensus,org_view=740,org_changeCycle=0,cur_changeCycle=0,to_view=741
info|2019-12-12 19:16:17.322180|[g:1][CONSENSUS]addRawPrepare,height=29,reqIdx=1,hash=c8330f4e...
info|2019-12-12 19:16:17.322412|[g:1][CONSENSUS][PBFT]checkTimeout Succ,view=741,toView=742,nodeIdx=3,changeCycle=0,myNode=9303553a...,timecost=0.211
info|2019-12-12 19:16:17.324277|[g:1][CONSENSUS][PBFT]checkAndChangeView: Reach consensus,org_view=741,org_changeCycle=0,cur_changeCycle=0,to_view=742
info|2019-12-12 19:16:18.100104|[P2P][Service] heartBeat,connected count=4
warning|2019-12-12 19:16:18.267884|[SYNC][id:9303553a...][Status]Peer data not found,nodeId=6e4f3ba3...
info|2019-12-12 19:16:18.330184|[g:1][CONSENSUS]addRawPrepare,height=29,reqIdx=2,hash=2d1abde1...
info|2019-12-12 19:16:18.330473|[g:1][CONSENSUS][PBFT]checkTimeout Succ,view=742,toView=743,nodeIdx=3,changeCycle=0,myNode=9303553a...,timecost=0.249
info|2019-12-12 19:16:18.333943|[g:1][CONSENSUS][PBFT]checkAndChangeView: Reach consensus,org_view=742,org_changeCycle=0,cur_changeCycle=0,to_view=743
info|2019-12-12 19:16:19.335139|[g:1][CONSENSUS][SEALER]++++++++++++++++ Generating seal on,blkNum=29,tx=0,nodeIdx=3,hash=31ac9a1b...
info|2019-12-12 19:16:19.346191|[g:1][CONSENSUS][PBFT]checkTimeout Succ,view=743,toView=744,nodeIdx=3,changeCycle=0,myNode=9303553a...,timecost=0.204
info|2019-12-12 19:16:19.347149|[g:1][CONSENSUS][PBFT]checkAndChangeView: Reach consensus,org_view=743,org_changeCycle=0,cur_changeCycle=0,to_view=744
info|2019-12-12 19:16:20.356630|[g:1][CONSENSUS]addRawPrepare,height=29,reqIdx=0,hash=b4130216...
info|2019-12-12 19:16:20.356934|[g:1][CONSENSUS][PBFT]checkTimeout Succ,view=744,toView=745,nodeIdx=3,changeCycle=0,myNode=9303553a...,timecost=0.218
info|2019-12-12 19:16:20.365329|[g:1][CONSENSUS][PBFT]checkAndChangeView: Reach consensus,org_view=744,org_changeCycle=0,cur_changeCycle=0,to_view=745
info|2019-12-12 19:16:21.368919|[g:1][CONSENSUS]addRawPrepare,height=29,reqIdx=1,hash=92b7aeea...
info|2019-12-12 19:16:21.369148|[g:1][CONSENSUS][PBFT]checkTimeout Succ,view=745,toView=746,nodeIdx=3,changeCycle=0,myNode=9303553a...,timecost=0.2
info|2019-12-12 19:16:21.370312|[g:1][CONSENSUS][PBFT]checkAndChangeView: Reach consensus,org_view=745,org_changeCycle=0,cur_changeCycle=0,to_view=746
info|2019-12-12 19:16:22.380769|[g:1][CONSENSUS]addRawPrepare,height=29,reqIdx=2,hash=f7b63e15...
info|2019-12-12 19:16:22.383267|[g:1][CONSENSUS][PBFT]checkTimeout Succ,view=746,toView=747,nodeIdx=3,changeCycle=0,myNode=9303553a...,timecost=2.288
info|2019-12-12 19:16:22.383988|[g:1][CONSENSUS][PBFT]checkAndChangeView: Reach consensus,org_view=746,org_changeCycle=0,cur_changeCycle=0,to_view=747
warning|2019-12-12 19:16:23.275783|[SYNC][id:9303553a...][Status]Peer data not found,nodeId=6e4f3ba3...
info|2019-12-12 19:16:23.385961|[g:1][CONSENSUS][SEALER]++++++++++++++++ Generating seal on,blkNum=29,tx=0,nodeIdx=3,hash=78338392...
info|2019-12-12 19:16:23.393349|[g:1][CONSENSUS][PBFT]checkTimeout Succ,view=747,toView=748,nodeIdx=3,changeCycle=0,myNode=9303553a...,timecost=0.212
info|2019-12-12 19:16:23.394202|[g:1][CONSENSUS][PBFT]checkAndChangeView: Reach consensus,org_view=747,org_changeCycle=0,cur_changeCycle=0,to_view=748
info|2019-12-12 19:16:24.395956|[g:1][CONSENSUS]addRawPrepare,height=29,reqIdx=0,hash=a048e6fc...
info|2019-12-12 19:16:24.396200|[g:1][CONSENSUS][PBFT]checkTimeout Succ,view=748,toView=749,nodeIdx=3,changeCycle=0,myNode=9303553a...,timecost=0.216
info|2019-12-12 19:16:24.397709|[g:1][CONSENSUS][PBFT]checkAndChangeView: Reach consensus,org_view=748,org_changeCycle=0,cur_changeCycle=0,to_view=749
info|2019-12-12 19:16:25.401904|[g:1][CONSENSUS]addRawPrepare,height=29,reqIdx=1,hash=519e2da3...
info|2019-12-12 19:16:25.402163|[g:1][CONSENSUS][PBFT]checkTimeout Succ,view=749,toView=750,nodeIdx=3,changeCycle=0,myNode=9303553a...,timecost=0.236
info|2019-12-12 19:16:25.404605|[g:1][CONSENSUS][PBFT]checkAndChangeView: Reach consensus,org_view=749,org_changeCycle=0,cur_changeCycle=0,to_view=750
info|2019-12-12 19:16:26.407216|[g:1][CONSENSUS]addRawPrepare,height=29,reqIdx=2,hash=9de22c8a...
info|2019-12-12 19:16:26.407424|[g:1][CONSENSUS][PBFT]checkTimeout Succ,view=750,toView=751,nodeIdx=3,changeCycle=0,myNode=9303553a...,timecost=0.187
info|2019-12-12 19:16:26.411436|[g:1][CONSENSUS][PBFT]checkAndChangeView: Reach consensus,org_view=750,org_changeCycle=0,cur_changeCycle=0,to_view=751
info|2019-12-12 19:16:27.411296|[g:1][CONSENSUS][SEALER]++++++++++++++++ Generating seal on,blkNum=29,tx=0,nodeIdx=3,hash=419ff3e7...
info|2019-12-12 19:16:27.418352|[g:1][CONSENSUS][PBFT]checkTimeout Succ,view=751,toView=752,nodeIdx=3,changeCycle=0,myNode=9303553a...,timecost=0.205
info|2019-12-12 19:16:27.419328|[g:1][CONSENSUS][PBFT]checkAndChangeView: Reach consensus,org_view=751,org_changeCycle=0,cur_changeCycle=0,to_view=752
info|2019-12-12 19:16:28.100218|[P2P][Service] heartBeat,connected count=4
warning|2019-12-12 19:16:28.285983|[SYNC][id:9303553a...][Status]Peer data not found,nodeId=6e4f3ba3...
info|2019-12-12 19:16:28.417975|[g:1][CONSENSUS]addRawPrepare,height=29,reqIdx=0,hash=8674bde8...
info|2019-12-12 19:16:28.418238|[g:1][CONSENSUS][PBFT]checkTimeout Succ,view=752,toView=753,nodeIdx=3,changeCycle=0,myNode=9303553a...,timecost=0.194
info|2019-12-12 19:16:28.424458|[g:1][CONSENSUS][PBFT]checkAndChangeView: Reach consensus,org_view=752,org_changeCycle=0,cur_changeCycle=0,to_view=753
info|2019-12-12 19:16:29.516614|[g:1][CONSENSUS]addRawPrepare,height=29,reqIdx=1,hash=dddaaa6c...
info|2019-12-12 19:16:29.516894|[g:1][CONSENSUS][PBFT]checkTimeout Succ,view=753,toView=754,nodeIdx=3,changeCycle=0,myNode=9303553a...,timecost=0.192
info|2019-12-12 19:16:29.619577|[g:1][CONSENSUS][PBFT]checkAndChangeView: Reach consensus,org_view=753,org_changeCycle=0,cur_changeCycle=0,to_view=754
