info|2019-12-13 03:07:05.996822|[P2P][Service] heartBeat,connected count=4
warning|2019-12-13 03:07:06.062799|[g:1][CONSENSUS][PBFT]ViewChangeWarning: not caused by omit empty block ,v=17790,toV=17791,curNum=33,hash=1e4d9270...,nodeIdx=3,myNode=9303553a...
info|2019-12-13 03:07:06.078601|[g:1][CONSENSUS][PBFT]checkTimeout Succ,view=17790,toView=17791,nodeIdx=3,changeCycle=1,myNode=9303553a...,timecost=15.999
warning|2019-12-13 03:07:06.110121|[SYNC][id:9303553a...][Status]Peer data not found,nodeId=6e4f3ba3...
info|2019-12-13 03:07:06.174970|[g:1][CONSENSUS][PBFT]checkAndChangeView: Reach consensus,org_view=17790,org_changeCycle=1,cur_changeCycle=1,to_view=17791
info|2019-12-13 03:07:07.138527|[g:1][CONSENSUS]addRawPrepare,height=34,reqIdx=0,hash=0d92d1f8...
info|2019-12-13 03:07:07.138837|[g:1][CONSENSUS][PBFT]checkTimeout Succ,view=17791,toView=17792,nodeIdx=3,changeCycle=0,myNode=9303553a...,timecost=0.234
info|2019-12-13 03:07:07.144529|[g:1][CONSENSUS][PBFT]checkAndChangeView: Reach consensus,org_view=17791,org_changeCycle=0,cur_changeCycle=0,to_view=17792
info|2019-12-13 03:07:08.142304|[g:1][CONSENSUS]addRawPrepare,height=34,reqIdx=1,hash=2217496e...
info|2019-12-13 03:07:08.142606|[g:1][CONSENSUS][PBFT]checkTimeout Succ,view=17792,toView=17793,nodeIdx=3,changeCycle=0,myNode=9303553a...,timecost=0.209
info|2019-12-13 03:07:08.147520|[g:1][CONSENSUS][PBFT]checkAndChangeView: Reach consensus,org_view=17792,org_changeCycle=0,cur_changeCycle=0,to_view=17793
info|2019-12-13 03:07:09.149626|[g:1][CONSENSUS]addRawPrepare,height=34,reqIdx=2,hash=e4932fbc...
info|2019-12-13 03:07:09.149851|[g:1][CONSENSUS][PBFT]checkTimeout Succ,view=17793,toView=17794,nodeIdx=3,changeCycle=0,myNode=9303553a...,timecost=0.2
info|2019-12-13 03:07:09.151655|[g:1][CONSENSUS][PBFT]checkAndChangeView: Reach consensus,org_view=17793,org_changeCycle=0,cur_changeCycle=0,to_view=17794
info|2019-12-13 03:07:10.153201|[g:1][CONSENSUS][SEALER]++++++++++++++++ Generating seal on,blkNum=34,tx=0,nodeIdx=3,hash=f9765408...
info|2019-12-13 03:07:10.159836|[g:1][CONSENSUS][PBFT]checkTimeout Succ,view=17794,toView=17795,nodeIdx=3,changeCycle=0,myNode=9303553a...,timecost=0.218
info|2019-12-13 03:07:10.160689|[g:1][CONSENSUS][PBFT]checkAndChangeView: Reach consensus,org_view=17794,org_changeCycle=0,cur_changeCycle=0,to_view=17795
info|2019-12-13 03:07:11.005776|[NETWORK][Session]Received topic: [11	_block_notify_1] from 6f9974710b9ea562ecc6a6823039b05e159d8669f228efa0c8b8234f08c2b75fb97eecdae4ef16bc99800bdfa03ed03d619629887e9c1c8b46ad79f5d38c4991
warning|2019-12-13 03:07:11.049481|[SYNC][id:9303553a...][Status]Peer data not found,nodeId=6e4f3ba3...
info|2019-12-13 03:07:11.161018|[g:1][CONSENSUS]addRawPrepare,height=34,reqIdx=0,hash=917fdc93...
info|2019-12-13 03:07:11.161295|[g:1][CONSENSUS][PBFT]checkTimeout Succ,view=17795,toView=17796,nodeIdx=3,changeCycle=0,myNode=9303553a...,timecost=0.196
info|2019-12-13 03:07:11.166634|[g:1][CONSENSUS][PBFT]checkAndChangeView: Reach consensus,org_view=17795,org_changeCycle=0,cur_changeCycle=0,to_view=17796
