info|2019-11-12 18:41:59.839403|[INITIALIZER][initGlobalConfig],enableCompress=true,compatibilityVersion=2.1.0,versionNumber=33619968,chainId=1
info|2019-11-12 18:41:59.886322|[NETWORK][Host]Connecting to node,endpoint=127.0.0.1:30300
info|2019-11-12 18:41:59.886455|[NETWORK][Host]Connecting to node,endpoint=127.0.0.1:30301
info|2019-11-12 18:41:59.886504|[NETWORK][Host]Connecting to node,endpoint=127.0.0.1:30302
info|2019-11-12 18:41:59.886542|[NETWORK][Host]Connecting to node,endpoint=127.0.0.1:30303
info|2019-11-12 18:41:59.886927|[P2P][Service] heartBeat,connected count=0
info|2019-11-12 18:41:59.887422|[CHANNEL]ChannelRPCServer started
info|2019-11-12 18:41:59.893345|[NETWORK][Host]P2P StartAccept,Host=0.0.0.0:30303
info|2019-11-12 18:41:59.893512|[NETWORK][ASIO]asyncResolveConnect,endpoint=127.0.0.1:30300
info|2019-11-12 18:41:59.893567|[NETWORK][ASIO]asyncResolveConnect,endpoint=127.0.0.1:30301
info|2019-11-12 18:41:59.893612|[NETWORK][ASIO]asyncResolveConnect,endpoint=127.0.0.1:30302
info|2019-11-12 18:41:59.893655|[NETWORK][ASIO]asyncResolveConnect,endpoint=127.0.0.1:30303
info|2019-11-12 18:41:59.893944|[NETWORK][Host]P2P Recv Connect, From=127.0.0.1:33812
info|2019-11-12 18:41:59.900175|[NETWORK][Host]P2P StartAccept,Host=0.0.0.0:30303
info|2019-11-12 18:41:59.901960|[NETWORK][Host]P2P Recv Connect, From=127.0.0.1:33822
info|2019-11-12 18:41:59.902301|[INITIALIZER][RPCInitializer]ChannelRPCHttpServer started.
info|2019-11-12 18:41:59.902328|[LedgerInitializer],groupConfigPath=conf/
info|2019-11-12 18:41:59.902431|[INITIALIZER][initSingleLedger] [GroupId]:  1
info|2019-11-12 18:41:59.902455|[g:1][LEDGER]LedgerConstructor,configPath=conf/group.1.genesis,baseDir=data//group1
info|2019-11-12 18:41:59.902470|[g:1][LEDGER][initGenesisConfig]initConsensusConfig/initDBConfig/initTxConfig,configFile=conf/group.1.genesis
info|2019-11-12 18:41:59.902547|[g:1][LEDGER][initConsensusConfig],it.first=6f9974710b9ea562ecc6a6823039b05e159d8669f228efa0c8b8234f08c2b75fb97eecdae4ef16bc99800bdfa03ed03d619629887e9c1c8b46ad79f5d38c4991
info|2019-11-12 18:41:59.902591|[g:1][LEDGER][initConsensusConfig],it.first=3c841dae42d67ff6c383c1bb1de35a240c03722517cf3711eacd8c8d1b168ac146b4580f67399b4d7d2a36358faea19bc9d7875a3160147b3b9c3c9eb331f80c
info|2019-11-12 18:41:59.902622|[g:1][LEDGER][initConsensusConfig],it.first=7977f13736cfe14481107f9daa8a957d5156ba4f001285ee5d658512a97bedebf72a47213feba7cce05ecd2639f2426ad79a3abd436fe58d3eab1d37c47da13c
info|2019-11-12 18:41:59.902645|[g:1][LEDGER][initConsensusConfig],it.first=9303553ad8ac45cce2b6dfa1efc53e16bad3db119e47da65b9656ed9be68073f3a68780aaf85b2d1545a93db9d541276a33bdd6f3bef1baab3c8c44880e1837a
info|2019-11-12 18:41:59.902687|[g:1][LEDGER][initIniConfig]initTxPoolConfig/initSyncConfig/initTxExecuteConfig,configFile=conf/group.1.ini
info|2019-11-12 18:41:59.902788|[g:1][LEDGER][initLedger][DBInitializer]
info|2019-11-12 18:41:59.902810|[g:1][DBINITIALIZER] [initRocksDBStorage]
info|2019-11-12 18:41:59.902843|[g:1][ROCKSDB]open rocksDB handler
info|2019-11-12 18:41:59.920002|[NETWORK][Host]P2P StartAccept,Host=0.0.0.0:30303
info|2019-11-12 18:41:59.940808|[NETWORK][Host]P2P Recv Connect, From=127.0.0.1:33832
info|2019-11-12 18:41:59.951017|[NETWORK][Host]P2P StartAccept,Host=0.0.0.0:30303
info|2019-11-12 18:41:59.973899|[g:1][g:0][STORAGE][CachedStorage]Init flushStorage thread
info|2019-11-12 18:41:59.974237|[g:1][BLOCKCHAIN][#checkAndBuildGenesisBlock]Already have the 0th block, 0th groupMark is equal to file groupMark.
info|2019-11-12 18:41:59.997354|[g:1][CONSENSUS][PBFT]Register handler for PBFTEngine
info|2019-11-12 18:41:59.997389|[g:1][CONSENSUS][PBFT],minBlockGenerationTime=500
info|2019-11-12 18:41:59.997411|[LedgerInitializer init group succ],groupID=1
info|2019-11-12 18:41:59.997575|[INITIALIZER][RPCInitializer]JsonrpcHttpServer started.
info|2019-11-12 18:41:59.997596|[g:1][LEDGER]startAll...
info|2019-11-12 18:41:59.999920|[g:1][CONSENSUS][PBFT]^^^^^^^^Report,num=8,sealerIdx=1,hash=83ea54fc...,next=9,tx=1,nodeIdx=3
info|2019-11-12 18:42:00.008894|[g:1][CONSENSUS][PBFT][PBFT init env successfully]
info|2019-11-12 18:42:00.008943|[g:1][CONSENSUS][ConsensusEngine][Start ConsensusEngineBase]
info|2019-11-12 18:42:00.015786|[g:1][CONSENSUS][PBFT][Start PBFTEngine...]
info|2019-11-12 18:42:00.015854|[g:1][CONSENSUS][SEALER][Start sealer module]
info|2019-11-12 18:42:00.029373|[g:1][EVENT][EventLogFilterManager]start,m_maxBlockRange=0,m_maxBlockPerLoopFilter=3
info|2019-11-12 18:42:00.072059|[NETWORK][Host]P2P Recv Connect, From=127.0.0.1:33838
info|2019-11-12 18:42:00.075435|[NETWORK][Host]P2P StartAccept,Host=0.0.0.0:30303
info|2019-11-12 18:42:00.082968|[P2P][Service] Connection established,nodeID=6f997471...,endpoint=127.0.0.1:30300
info|2019-11-12 18:42:00.086114|[NETWORK][Host]startPeerSession, From=127.0.0.1:30300,nodeID=6f997471...
info|2019-11-12 18:42:00.092948|[NETWORK][Host]startPeerSession, From=127.0.0.1:33812,nodeID=9303553a...
info|2019-11-12 18:42:00.093310|[P2P][Service] Connection established,nodeID=7977f137...,endpoint=127.0.0.1:30302
info|2019-11-12 18:42:00.093923|[NETWORK][Host]startPeerSession, From=127.0.0.1:30302,nodeID=7977f137...
info|2019-11-12 18:42:00.094927|[NETWORK][Host]startPeerSession, From=127.0.0.1:30303,nodeID=9303553a...
info|2019-11-12 18:42:00.107637|[NETWORK][Host]P2P Recv Connect, From=127.0.0.1:33846
info|2019-11-12 18:42:00.107688|[NETWORK][Host]P2P StartAccept,Host=0.0.0.0:30303
info|2019-11-12 18:42:00.108435|[P2P][Service] Connection established,nodeID=6e4f3ba3...,endpoint=127.0.0.1:33822
info|2019-11-12 18:42:00.108460|[NETWORK][Host]startPeerSession, From=127.0.0.1:33822,nodeID=6e4f3ba3...
info|2019-11-12 18:42:00.115739|[P2P][Service] Connection established,nodeID=3c841dae...,endpoint=127.0.0.1:30301
info|2019-11-12 18:42:00.115768|[NETWORK][Host]startPeerSession, From=127.0.0.1:30301,nodeID=3c841dae...
info|2019-11-12 18:42:00.124599|[NETWORK][Host]startPeerSession, From=127.0.0.1:33832,nodeID=3c841dae...
info|2019-11-12 18:42:00.134939|[NETWORK][Host]startPeerSession, From=127.0.0.1:33838,nodeID=6f997471...
info|2019-11-12 18:42:00.140023|[NETWORK][Host]startPeerSession, From=127.0.0.1:33846,nodeID=7977f137...
warning|2019-11-12 18:42:00.214466|[SYNC][id:9303553a...][Status]Peer data not found,nodeId=7977f137...
warning|2019-11-12 18:42:00.215687|[SYNC][id:9303553a...][Status]Peer data not found,nodeId=6e4f3ba3...
info|2019-11-12 18:42:01.033469|[g:1][CONSENSUS]addRawPrepare,height=9,reqIdx=0,hash=077b7533...
info|2019-11-12 18:42:01.033745|[g:1][CONSENSUS][PBFT]checkTimeout Succ,view=0,toView=1,nodeIdx=3,changeCycle=0,myNode=9303553a...,timecost=0.217
info|2019-11-12 18:42:01.037029|[g:1][CONSENSUS][PBFT]checkAndChangeView: Reach consensus,org_view=0,org_changeCycle=0,cur_changeCycle=0,to_view=1
info|2019-11-12 18:42:02.041467|[g:1][CONSENSUS]addRawPrepare,height=9,reqIdx=1,hash=7797030e...
info|2019-11-12 18:42:02.041715|[g:1][CONSENSUS][PBFT]checkTimeout Succ,view=1,toView=2,nodeIdx=3,changeCycle=0,myNode=9303553a...,timecost=0.234
info|2019-11-12 18:42:02.043828|[g:1][CONSENSUS][PBFT]checkAndChangeView: Reach consensus,org_view=1,org_changeCycle=0,cur_changeCycle=0,to_view=2
info|2019-11-12 18:42:03.047529|[g:1][CONSENSUS]addRawPrepare,height=9,reqIdx=2,hash=31294bfd...
info|2019-11-12 18:42:03.047740|[g:1][CONSENSUS][PBFT]checkTimeout Succ,view=2,toView=3,nodeIdx=3,changeCycle=0,myNode=9303553a...,timecost=0.189
info|2019-11-12 18:42:03.048025|[g:1][CONSENSUS][PBFT]checkAndChangeView: Reach consensus,org_view=2,org_changeCycle=0,cur_changeCycle=0,to_view=3
info|2019-11-12 18:42:04.048882|[g:1][CONSENSUS][SEALER]++++++++++++++++ Generating seal on,blkNum=9,tx=0,nodeIdx=3,hash=682bcf01...
info|2019-11-12 18:42:04.055077|[g:1][CONSENSUS][PBFT]checkTimeout Succ,view=3,toView=4,nodeIdx=3,changeCycle=0,myNode=9303553a...,timecost=0.234
info|2019-11-12 18:42:04.056050|[g:1][CONSENSUS][PBFT]checkAndChangeView: Reach consensus,org_view=3,org_changeCycle=0,cur_changeCycle=0,to_view=4
warning|2019-11-12 18:42:05.021437|[SYNC][id:9303553a...][Status]Peer data not found,nodeId=6e4f3ba3...
info|2019-11-12 18:42:05.056034|[g:1][CONSENSUS]addRawPrepare,height=9,reqIdx=0,hash=9b6ce45a...
info|2019-11-12 18:42:05.056347|[g:1][CONSENSUS][PBFT]checkTimeout Succ,view=4,toView=5,nodeIdx=3,changeCycle=0,myNode=9303553a...,timecost=0.226
info|2019-11-12 18:42:05.060552|[g:1][CONSENSUS][PBFT]checkAndChangeView: Reach consensus,org_view=4,org_changeCycle=0,cur_changeCycle=0,to_view=5
info|2019-11-12 18:42:06.065401|[g:1][CONSENSUS][PBFT]Trigger fast-viewchange,view=5,toView=5,minView=6,INFO=,reqNum=8,curNum=8,GenIdx=0,Cview=6,view=5,fromIdx=0,fromNode=3c841dae...,fromIp=127.0.0.1:30301,hash=83ea54fc...,nodeIdx=3,myNode=9303553a...
info|2019-11-12 18:42:06.065723|[g:1][CONSENSUS][PBFT]checkAndChangeView: Reach consensus,org_view=5,org_changeCycle=0,cur_changeCycle=0,to_view=6
info|2019-11-12 18:42:06.065733|[g:1][CONSENSUS][PBFT]checkTimeout Succ,view=6,toView=6,nodeIdx=3,changeCycle=0,myNode=9303553a...,timecost=0.269
info|2019-11-12 18:42:07.072264|[g:1][CONSENSUS]addRawPrepare,height=9,reqIdx=2,hash=b8f356ce...
info|2019-11-12 18:42:07.072478|[g:1][CONSENSUS][PBFT]checkTimeout Succ,view=6,toView=7,nodeIdx=3,changeCycle=0,myNode=9303553a...,timecost=0.191
info|2019-11-12 18:42:07.074172|[g:1][CONSENSUS][PBFT]checkAndChangeView: Reach consensus,org_view=6,org_changeCycle=0,cur_changeCycle=0,to_view=7
info|2019-11-12 18:42:08.074823|[g:1][CONSENSUS][SEALER]++++++++++++++++ Generating seal on,blkNum=9,tx=0,nodeIdx=3,hash=cd20b7be...
info|2019-11-12 18:42:08.080978|[g:1][CONSENSUS][PBFT]checkTimeout Succ,view=7,toView=8,nodeIdx=3,changeCycle=0,myNode=9303553a...,timecost=0.196
info|2019-11-12 18:42:08.081892|[g:1][CONSENSUS][PBFT]checkAndChangeView: Reach consensus,org_view=7,org_changeCycle=0,cur_changeCycle=0,to_view=8
info|2019-11-12 18:42:09.080812|[g:1][CONSENSUS]addRawPrepare,height=9,reqIdx=0,hash=f49fc35f...
info|2019-11-12 18:42:09.081132|[g:1][CONSENSUS][PBFT]checkTimeout Succ,view=8,toView=9,nodeIdx=3,changeCycle=0,myNode=9303553a...,timecost=0.242
info|2019-11-12 18:42:09.084374|[g:1][CONSENSUS][PBFT]checkAndChangeView: Reach consensus,org_view=8,org_changeCycle=0,cur_changeCycle=0,to_view=9
info|2019-11-12 18:42:09.887000|[P2P][Service] heartBeat,connected count=4
warning|2019-11-12 18:42:10.029869|[SYNC][id:9303553a...][Status]Peer data not found,nodeId=6e4f3ba3...
info|2019-11-12 18:42:10.087292|[g:1][CONSENSUS]addRawPrepare,height=9,reqIdx=1,hash=67016af9...
info|2019-11-12 18:42:10.087509|[g:1][CONSENSUS][PBFT]checkTimeout Succ,view=9,toView=10,nodeIdx=3,changeCycle=0,myNode=9303553a...,timecost=0.195
info|2019-11-12 18:42:10.090330|[g:1][CONSENSUS][PBFT]checkAndChangeView: Reach consensus,org_view=9,org_changeCycle=0,cur_changeCycle=0,to_view=10
info|2019-11-12 18:42:11.094795|[g:1][CONSENSUS]addRawPrepare,height=9,reqIdx=2,hash=54c1dcf5...
info|2019-11-12 18:42:11.095007|[g:1][CONSENSUS][PBFT]checkTimeout Succ,view=10,toView=11,nodeIdx=3,changeCycle=0,myNode=9303553a...,timecost=0.187
info|2019-11-12 18:42:11.097528|[g:1][CONSENSUS][PBFT]checkAndChangeView: Reach consensus,org_view=10,org_changeCycle=0,cur_changeCycle=0,to_view=11
info|2019-11-12 18:42:12.097261|[g:1][CONSENSUS][SEALER]++++++++++++++++ Generating seal on,blkNum=9,tx=0,nodeIdx=3,hash=d33d6a3e...
info|2019-11-12 18:42:12.103391|[g:1][CONSENSUS][PBFT]checkTimeout Succ,view=11,toView=12,nodeIdx=3,changeCycle=0,myNode=9303553a...,timecost=0.198
info|2019-11-12 18:42:12.104270|[g:1][CONSENSUS][PBFT]checkAndChangeView: Reach consensus,org_view=11,org_changeCycle=0,cur_changeCycle=0,to_view=12
info|2019-11-12 18:42:13.103735|[g:1][CONSENSUS]addRawPrepare,height=9,reqIdx=0,hash=ea122933...
info|2019-11-12 18:42:13.103990|[g:1][CONSENSUS][PBFT]checkTimeout Succ,view=12,toView=13,nodeIdx=3,changeCycle=0,myNode=9303553a...,timecost=0.185
info|2019-11-12 18:42:13.108813|[g:1][CONSENSUS][PBFT]checkAndChangeView: Reach consensus,org_view=12,org_changeCycle=0,cur_changeCycle=0,to_view=13
info|2019-11-12 18:42:14.112478|[g:1][CONSENSUS]addRawPrepare,height=9,reqIdx=1,hash=a8e0d090...
info|2019-11-12 18:42:14.112717|[g:1][CONSENSUS][PBFT]checkTimeout Succ,view=13,toView=14,nodeIdx=3,changeCycle=0,myNode=9303553a...,timecost=0.214
info|2019-11-12 18:42:14.114568|[g:1][CONSENSUS][PBFT]checkAndChangeView: Reach consensus,org_view=13,org_changeCycle=0,cur_changeCycle=0,to_view=14
warning|2019-11-12 18:42:15.036425|[SYNC][id:9303553a...][Status]Peer data not found,nodeId=6e4f3ba3...
info|2019-11-12 18:42:15.117188|[g:1][CONSENSUS]addRawPrepare,height=9,reqIdx=2,hash=e43b0599...
info|2019-11-12 18:42:15.117467|[g:1][CONSENSUS][PBFT]checkTimeout Succ,view=14,toView=15,nodeIdx=3,changeCycle=0,myNode=9303553a...,timecost=0.204
info|2019-11-12 18:42:15.122337|[g:1][CONSENSUS][PBFT]checkAndChangeView: Reach consensus,org_view=14,org_changeCycle=0,cur_changeCycle=0,to_view=15
info|2019-11-12 18:42:16.125042|[g:1][CONSENSUS][SEALER]++++++++++++++++ Generating seal on,blkNum=9,tx=0,nodeIdx=3,hash=51da1231...
info|2019-11-12 18:42:16.131023|[g:1][CONSENSUS][PBFT]checkTimeout Succ,view=15,toView=16,nodeIdx=3,changeCycle=0,myNode=9303553a...,timecost=0.194
info|2019-11-12 18:42:16.131877|[g:1][CONSENSUS][PBFT]checkAndChangeView: Reach consensus,org_view=15,org_changeCycle=0,cur_changeCycle=0,to_view=16
info|2019-11-12 18:42:17.132019|[g:1][CONSENSUS]addRawPrepare,height=9,reqIdx=0,hash=7ec5e488...
info|2019-11-12 18:42:17.132281|[g:1][CONSENSUS][PBFT]checkTimeout Succ,view=16,toView=17,nodeIdx=3,changeCycle=0,myNode=9303553a...,timecost=0.191
info|2019-11-12 18:42:17.136349|[g:1][CONSENSUS][PBFT]checkAndChangeView: Reach consensus,org_view=16,org_changeCycle=0,cur_changeCycle=0,to_view=17
info|2019-11-12 18:42:18.137809|[g:1][CONSENSUS]addRawPrepare,height=9,reqIdx=1,hash=cbc482a3...
info|2019-11-12 18:42:18.138043|[g:1][CONSENSUS][PBFT]checkTimeout Succ,view=17,toView=18,nodeIdx=3,changeCycle=0,myNode=9303553a...,timecost=0.213
info|2019-11-12 18:42:18.141040|[g:1][CONSENSUS][PBFT]checkAndChangeView: Reach consensus,org_view=17,org_changeCycle=0,cur_changeCycle=0,to_view=18
info|2019-11-12 18:42:19.143619|[g:1][CONSENSUS]addRawPrepare,height=9,reqIdx=2,hash=514c4a6c...
info|2019-11-12 18:42:19.143831|[g:1][CONSENSUS][PBFT]checkTimeout Succ,view=18,toView=19,nodeIdx=3,changeCycle=0,myNode=9303553a...,timecost=0.186
info|2019-11-12 18:42:19.146507|[g:1][CONSENSUS][PBFT]checkAndChangeView: Reach consensus,org_view=18,org_changeCycle=0,cur_changeCycle=0,to_view=19
info|2019-11-12 18:42:19.887125|[P2P][Service] heartBeat,connected count=4
warning|2019-11-12 18:42:20.047961|[SYNC][id:9303553a...][Status]Peer data not found,nodeId=6e4f3ba3...
info|2019-11-12 18:42:20.147807|[g:1][CONSENSUS][SEALER]++++++++++++++++ Generating seal on,blkNum=9,tx=0,nodeIdx=3,hash=7346af47...
info|2019-11-12 18:42:20.149978|[g:1][CONSENSUS][PBFT]checkTimeout Succ,view=19,toView=20,nodeIdx=3,changeCycle=0,myNode=9303553a...,timecost=0.181
info|2019-11-12 18:42:20.155752|[g:1][CONSENSUS][PBFT]checkAndChangeView: Reach consensus,org_view=19,org_changeCycle=0,cur_changeCycle=0,to_view=20
info|2019-11-12 18:42:21.158486|[g:1][CONSENSUS]addRawPrepare,height=9,reqIdx=0,hash=1e986f4e...
info|2019-11-12 18:42:21.158805|[g:1][CONSENSUS][PBFT]checkTimeout Succ,view=20,toView=21,nodeIdx=3,changeCycle=0,myNode=9303553a...,timecost=0.194
info|2019-11-12 18:42:21.162582|[g:1][CONSENSUS][PBFT]checkAndChangeView: Reach consensus,org_view=20,org_changeCycle=0,cur_changeCycle=0,to_view=21
info|2019-11-12 18:42:22.164519|[g:1][CONSENSUS]addRawPrepare,height=9,reqIdx=1,hash=097c0e5d...
info|2019-11-12 18:42:22.164770|[g:1][CONSENSUS][PBFT]checkTimeout Succ,view=21,toView=22,nodeIdx=3,changeCycle=0,myNode=9303553a...,timecost=0.23
info|2019-11-12 18:42:22.167033|[g:1][CONSENSUS][PBFT]checkAndChangeView: Reach consensus,org_view=21,org_changeCycle=0,cur_changeCycle=0,to_view=22
info|2019-11-12 18:42:23.171174|[g:1][CONSENSUS]addRawPrepare,height=9,reqIdx=2,hash=d9d8629f...
info|2019-11-12 18:42:23.171385|[g:1][CONSENSUS][PBFT]checkTimeout Succ,view=22,toView=23,nodeIdx=3,changeCycle=0,myNode=9303553a...,timecost=0.189
info|2019-11-12 18:42:23.173106|[g:1][CONSENSUS][PBFT]checkAndChangeView: Reach consensus,org_view=22,org_changeCycle=0,cur_changeCycle=0,to_view=23
info|2019-11-12 18:42:24.173296|[g:1][CONSENSUS][SEALER]++++++++++++++++ Generating seal on,blkNum=9,tx=0,nodeIdx=3,hash=85c7507c...
info|2019-11-12 18:42:24.179381|[g:1][CONSENSUS][PBFT]checkTimeout Succ,view=23,toView=24,nodeIdx=3,changeCycle=0,myNode=9303553a...,timecost=0.193
info|2019-11-12 18:42:24.180306|[g:1][CONSENSUS][PBFT]checkAndChangeView: Reach consensus,org_view=23,org_changeCycle=0,cur_changeCycle=0,to_view=24
warning|2019-11-12 18:42:25.056638|[SYNC][id:9303553a...][Status]Peer data not found,nodeId=6e4f3ba3...
info|2019-11-12 18:42:25.179014|[g:1][CONSENSUS]addRawPrepare,height=9,reqIdx=0,hash=f515fa3a...
info|2019-11-12 18:42:25.179325|[g:1][CONSENSUS][PBFT]checkTimeout Succ,view=24,toView=25,nodeIdx=3,changeCycle=0,myNode=9303553a...,timecost=0.193
info|2019-11-12 18:42:25.183284|[g:1][CONSENSUS][PBFT]checkAndChangeView: Reach consensus,org_view=24,org_changeCycle=0,cur_changeCycle=0,to_view=25
info|2019-11-12 18:42:26.186111|[g:1][CONSENSUS]addRawPrepare,height=9,reqIdx=1,hash=eebc86a0...
info|2019-11-12 18:42:26.186335|[g:1][CONSENSUS][PBFT]checkTimeout Succ,view=25,toView=26,nodeIdx=3,changeCycle=0,myNode=9303553a...,timecost=0.201
info|2019-11-12 18:42:26.187961|[g:1][CONSENSUS][PBFT]checkAndChangeView: Reach consensus,org_view=25,org_changeCycle=0,cur_changeCycle=0,to_view=26
info|2019-11-12 18:42:27.192476|[g:1][CONSENSUS]addRawPrepare,height=9,reqIdx=2,hash=07c1e50d...
info|2019-11-12 18:42:27.192717|[g:1][CONSENSUS][PBFT]checkTimeout Succ,view=26,toView=27,nodeIdx=3,changeCycle=0,myNode=9303553a...,timecost=0.213
info|2019-11-12 18:42:27.194947|[g:1][CONSENSUS][PBFT]checkAndChangeView: Reach consensus,org_view=26,org_changeCycle=0,cur_changeCycle=0,to_view=27
info|2019-11-12 18:42:28.195098|[g:1][CONSENSUS][SEALER]++++++++++++++++ Generating seal on,blkNum=9,tx=0,nodeIdx=3,hash=7ec2e12d...
info|2019-11-12 18:42:28.201267|[g:1][CONSENSUS][PBFT]checkTimeout Succ,view=27,toView=28,nodeIdx=3,changeCycle=0,myNode=9303553a...,timecost=0.202
info|2019-11-12 18:42:28.202171|[g:1][CONSENSUS][PBFT]checkAndChangeView: Reach consensus,org_view=27,org_changeCycle=0,cur_changeCycle=0,to_view=28
info|2019-11-12 18:42:29.200843|[g:1][CONSENSUS]addRawPrepare,height=9,reqIdx=0,hash=515c38e9...
info|2019-11-12 18:42:29.201112|[g:1][CONSENSUS][PBFT]checkTimeout Succ,view=28,toView=29,nodeIdx=3,changeCycle=0,myNode=9303553a...,timecost=0.192
info|2019-11-12 18:42:29.204383|[g:1][CONSENSUS][PBFT]checkAndChangeView: Reach consensus,org_view=28,org_changeCycle=0,cur_changeCycle=0,to_view=29
info|2019-11-12 18:42:29.889367|[P2P][Service] heartBeat,connected count=4
warning|2019-11-12 18:42:30.066440|[SYNC][id:9303553a...][Status]Peer data not found,nodeId=6e4f3ba3...
info|2019-11-12 18:42:30.208279|[g:1][CONSENSUS]addRawPrepare,height=9,reqIdx=1,hash=3c7b1706...
info|2019-11-12 18:42:30.208534|[g:1][CONSENSUS][PBFT]checkTimeout Succ,view=29,toView=30,nodeIdx=3,changeCycle=0,myNode=9303553a...,timecost=0.182
info|2019-11-12 18:42:30.212467|[g:1][CONSENSUS][PBFT]checkAndChangeView: Reach consensus,org_view=29,org_changeCycle=0,cur_changeCycle=0,to_view=30
info|2019-11-12 18:42:31.216310|[g:1][CONSENSUS]addRawPrepare,height=9,reqIdx=2,hash=de1b2cb4...
info|2019-11-12 18:42:31.216564|[g:1][CONSENSUS][PBFT]checkTimeout Succ,view=30,toView=31,nodeIdx=3,changeCycle=0,myNode=9303553a...,timecost=0.184
info|2019-11-12 18:42:31.219666|[g:1][CONSENSUS][PBFT]checkAndChangeView: Reach consensus,org_view=30,org_changeCycle=0,cur_changeCycle=0,to_view=31
info|2019-11-12 18:42:32.221862|[g:1][CONSENSUS][SEALER]++++++++++++++++ Generating seal on,blkNum=9,tx=0,nodeIdx=3,hash=39dbabc0...
info|2019-11-12 18:42:32.222481|[g:1][CONSENSUS][PBFT]checkTimeout Succ,view=31,toView=32,nodeIdx=3,changeCycle=0,myNode=9303553a...,timecost=0.199
info|2019-11-12 18:42:32.226168|[g:1][CONSENSUS][PBFT]checkAndChangeView: Reach consensus,org_view=31,org_changeCycle=0,cur_changeCycle=0,to_view=32
info|2019-11-12 18:42:33.229141|[g:1][CONSENSUS]addRawPrepare,height=9,reqIdx=0,hash=c4359427...
info|2019-11-12 18:42:33.229425|[g:1][CONSENSUS][PBFT]checkTimeout Succ,view=32,toView=33,nodeIdx=3,changeCycle=0,myNode=9303553a...,timecost=0.199
info|2019-11-12 18:42:33.235338|[g:1][CONSENSUS][PBFT]checkAndChangeView: Reach consensus,org_view=32,org_changeCycle=0,cur_changeCycle=0,to_view=33
info|2019-11-12 18:42:34.237089|[g:1][CONSENSUS]addRawPrepare,height=9,reqIdx=1,hash=bdc6b1af...
info|2019-11-12 18:42:34.237341|[g:1][CONSENSUS][PBFT]checkTimeout Succ,view=33,toView=34,nodeIdx=3,changeCycle=0,myNode=9303553a...,timecost=0.181
info|2019-11-12 18:42:34.242007|[g:1][CONSENSUS][PBFT]checkAndChangeView: Reach consensus,org_view=33,org_changeCycle=0,cur_changeCycle=0,to_view=34
warning|2019-11-12 18:42:35.086086|[SYNC][id:9303553a...][Status]Peer data not found,nodeId=6e4f3ba3...
info|2019-11-12 18:42:35.243826|[g:1][CONSENSUS]addRawPrepare,height=9,reqIdx=2,hash=3e7f7581...
info|2019-11-12 18:42:35.244077|[g:1][CONSENSUS][PBFT]checkTimeout Succ,view=34,toView=35,nodeIdx=3,changeCycle=0,myNode=9303553a...,timecost=0.184
info|2019-11-12 18:42:35.248061|[g:1][CONSENSUS][PBFT]checkAndChangeView: Reach consensus,org_view=34,org_changeCycle=0,cur_changeCycle=0,to_view=35
info|2019-11-12 18:42:36.249158|[g:1][CONSENSUS][SEALER]++++++++++++++++ Generating seal on,blkNum=9,tx=0,nodeIdx=3,hash=d31f1a95...
info|2019-11-12 18:42:36.252602|[g:1][CONSENSUS][PBFT]checkTimeout Succ,view=35,toView=36,nodeIdx=3,changeCycle=0,myNode=9303553a...,timecost=0.194
info|2019-11-12 18:42:36.253167|[g:1][CONSENSUS][PBFT]checkAndChangeView: Reach consensus,org_view=35,org_changeCycle=0,cur_changeCycle=0,to_view=36
info|2019-11-12 18:42:37.255682|[g:1][CONSENSUS]addRawPrepare,height=9,reqIdx=0,hash=b01907f4...
info|2019-11-12 18:42:37.255947|[g:1][CONSENSUS][PBFT]checkTimeout Succ,view=36,toView=37,nodeIdx=3,changeCycle=0,myNode=9303553a...,timecost=0.189
info|2019-11-12 18:42:37.261338|[g:1][CONSENSUS][PBFT]checkAndChangeView: Reach consensus,org_view=36,org_changeCycle=0,cur_changeCycle=0,to_view=37
info|2019-11-12 18:42:38.263696|[g:1][CONSENSUS]addRawPrepare,height=9,reqIdx=1,hash=5c3d66f3...
info|2019-11-12 18:42:38.263954|[g:1][CONSENSUS][PBFT]checkTimeout Succ,view=37,toView=38,nodeIdx=3,changeCycle=0,myNode=9303553a...,timecost=0.187
info|2019-11-12 18:42:38.268537|[g:1][CONSENSUS][PBFT]checkAndChangeView: Reach consensus,org_view=37,org_changeCycle=0,cur_changeCycle=0,to_view=38
info|2019-11-12 18:42:39.269309|[g:1][CONSENSUS]addRawPrepare,height=9,reqIdx=2,hash=b8d93625...
info|2019-11-12 18:42:39.269586|[g:1][CONSENSUS][PBFT]checkTimeout Succ,view=38,toView=39,nodeIdx=3,changeCycle=0,myNode=9303553a...,timecost=0.21
info|2019-11-12 18:42:39.274629|[g:1][CONSENSUS][PBFT]checkAndChangeView: Reach consensus,org_view=38,org_changeCycle=0,cur_changeCycle=0,to_view=39
info|2019-11-12 18:42:39.891307|[P2P][Service] heartBeat,connected count=4
warning|2019-11-12 18:42:40.109300|[SYNC][id:9303553a...][Status]Peer data not found,nodeId=6e4f3ba3...
info|2019-11-12 18:42:40.275872|[g:1][CONSENSUS][SEALER]++++++++++++++++ Generating seal on,blkNum=9,tx=0,nodeIdx=3,hash=f7874067...
info|2019-11-12 18:42:40.276490|[g:1][CONSENSUS][PBFT]checkTimeout Succ,view=39,toView=40,nodeIdx=3,changeCycle=0,myNode=9303553a...,timecost=0.193
info|2019-11-12 18:42:40.280802|[g:1][CONSENSUS][PBFT]checkAndChangeView: Reach consensus,org_view=39,org_changeCycle=0,cur_changeCycle=0,to_view=40
info|2019-11-12 18:42:41.283815|[g:1][CONSENSUS]addRawPrepare,height=9,reqIdx=0,hash=8cf386ed...
info|2019-11-12 18:42:41.284103|[g:1][CONSENSUS][PBFT]checkTimeout Succ,view=40,toView=41,nodeIdx=3,changeCycle=0,myNode=9303553a...,timecost=0.218
info|2019-11-12 18:42:41.287624|[g:1][CONSENSUS][PBFT]checkAndChangeView: Reach consensus,org_view=40,org_changeCycle=0,cur_changeCycle=0,to_view=41
info|2019-11-12 18:42:42.290734|[g:1][CONSENSUS]addRawPrepare,height=9,reqIdx=1,hash=bb66a1d0...
info|2019-11-12 18:42:42.290986|[g:1][CONSENSUS][PBFT]checkTimeout Succ,view=41,toView=42,nodeIdx=3,changeCycle=0,myNode=9303553a...,timecost=0.187
info|2019-11-12 18:42:42.295056|[g:1][CONSENSUS][PBFT]checkAndChangeView: Reach consensus,org_view=41,org_changeCycle=0,cur_changeCycle=0,to_view=42
info|2019-11-12 18:42:43.297006|[g:1][CONSENSUS]addRawPrepare,height=9,reqIdx=2,hash=311f7187...
info|2019-11-12 18:42:43.297256|[g:1][CONSENSUS][PBFT]checkTimeout Succ,view=42,toView=43,nodeIdx=3,changeCycle=0,myNode=9303553a...,timecost=0.183
info|2019-11-12 18:42:43.301553|[g:1][CONSENSUS][PBFT]checkAndChangeView: Reach consensus,org_view=42,org_changeCycle=0,cur_changeCycle=0,to_view=43
info|2019-11-12 18:42:44.302390|[g:1][CONSENSUS][SEALER]++++++++++++++++ Generating seal on,blkNum=9,tx=0,nodeIdx=3,hash=4073c217...
info|2019-11-12 18:42:44.303068|[g:1][CONSENSUS][PBFT]checkTimeout Succ,view=43,toView=44,nodeIdx=3,changeCycle=0,myNode=9303553a...,timecost=0.194
info|2019-11-12 18:42:44.306918|[g:1][CONSENSUS][PBFT]checkAndChangeView: Reach consensus,org_view=43,org_changeCycle=0,cur_changeCycle=0,to_view=44
warning|2019-11-12 18:42:45.130337|[SYNC][id:9303553a...][Status]Peer data not found,nodeId=6e4f3ba3...
info|2019-11-12 18:42:45.313110|[g:1][CONSENSUS]addRawPrepare,height=9,reqIdx=0,hash=69eecb20...
info|2019-11-12 18:42:45.313369|[g:1][CONSENSUS][PBFT]checkTimeout Succ,view=44,toView=45,nodeIdx=3,changeCycle=0,myNode=9303553a...,timecost=0.201
info|2019-11-12 18:42:45.316155|[g:1][CONSENSUS][PBFT]checkAndChangeView: Reach consensus,org_view=44,org_changeCycle=0,cur_changeCycle=0,to_view=45
info|2019-11-12 18:42:46.321002|[g:1][CONSENSUS]addRawPrepare,height=9,reqIdx=1,hash=1e4ce9e9...
info|2019-11-12 18:42:46.321418|[g:1][CONSENSUS][PBFT]checkTimeout Succ,view=45,toView=46,nodeIdx=3,changeCycle=0,myNode=9303553a...,timecost=0.387
info|2019-11-12 18:42:46.324395|[g:1][CONSENSUS][PBFT]checkAndChangeView: Reach consensus,org_view=45,org_changeCycle=0,cur_changeCycle=0,to_view=46
info|2019-11-12 18:42:47.327774|[g:1][CONSENSUS]addRawPrepare,height=9,reqIdx=2,hash=ee40aef1...
info|2019-11-12 18:42:47.328026|[g:1][CONSENSUS][PBFT]checkTimeout Succ,view=46,toView=47,nodeIdx=3,changeCycle=0,myNode=9303553a...,timecost=0.23
info|2019-11-12 18:42:47.330350|[g:1][CONSENSUS][PBFT]checkAndChangeView: Reach consensus,org_view=46,org_changeCycle=0,cur_changeCycle=0,to_view=47
info|2019-11-12 18:42:48.330431|[g:1][CONSENSUS][SEALER]++++++++++++++++ Generating seal on,blkNum=9,tx=0,nodeIdx=3,hash=ce4a6e96...
info|2019-11-12 18:42:48.336856|[g:1][CONSENSUS][PBFT]checkTimeout Succ,view=47,toView=48,nodeIdx=3,changeCycle=0,myNode=9303553a...,timecost=0.235
info|2019-11-12 18:42:48.337776|[g:1][CONSENSUS][PBFT]checkAndChangeView: Reach consensus,org_view=47,org_changeCycle=0,cur_changeCycle=0,to_view=48
info|2019-11-12 18:42:49.336935|[g:1][CONSENSUS]addRawPrepare,height=9,reqIdx=0,hash=8d31e91d...
info|2019-11-12 18:42:49.337196|[g:1][CONSENSUS][PBFT]checkTimeout Succ,view=48,toView=49,nodeIdx=3,changeCycle=0,myNode=9303553a...,timecost=0.189
info|2019-11-12 18:42:49.341030|[g:1][CONSENSUS][PBFT]checkAndChangeView: Reach consensus,org_view=48,org_changeCycle=0,cur_changeCycle=0,to_view=49
info|2019-11-12 18:42:49.891444|[P2P][Service] heartBeat,connected count=4
warning|2019-11-12 18:42:50.139770|[SYNC][id:9303553a...][Status]Peer data not found,nodeId=6e4f3ba3...
info|2019-11-12 18:42:50.343632|[g:1][CONSENSUS][PBFT]Trigger fast-viewchange,view=49,toView=49,minView=50,INFO=,reqNum=8,curNum=8,GenIdx=2,Cview=50,view=49,fromIdx=0,fromNode=3c841dae...,fromIp=127.0.0.1:30301,hash=83ea54fc...,nodeIdx=3,myNode=9303553a...
info|2019-11-12 18:42:50.343828|[g:1][CONSENSUS][PBFT]checkAndChangeView: Reach consensus,org_view=49,org_changeCycle=0,cur_changeCycle=0,to_view=50
info|2019-11-12 18:42:50.343834|[g:1][CONSENSUS][PBFT]checkTimeout Succ,view=50,toView=50,nodeIdx=3,changeCycle=0,myNode=9303553a...,timecost=0.193
info|2019-11-12 18:42:51.349899|[g:1][CONSENSUS]addRawPrepare,height=9,reqIdx=2,hash=4c184152...
info|2019-11-12 18:42:51.350119|[g:1][CONSENSUS][PBFT]checkTimeout Succ,view=50,toView=51,nodeIdx=3,changeCycle=0,myNode=9303553a...,timecost=0.193
info|2019-11-12 18:42:51.351951|[g:1][CONSENSUS][PBFT]checkAndChangeView: Reach consensus,org_view=50,org_changeCycle=0,cur_changeCycle=0,to_view=51
info|2019-11-12 18:42:52.352623|[g:1][CONSENSUS][SEALER]++++++++++++++++ Generating seal on,blkNum=9,tx=0,nodeIdx=3,hash=c38a61b6...
info|2019-11-12 18:42:52.359114|[g:1][CONSENSUS][PBFT]checkTimeout Succ,view=51,toView=52,nodeIdx=3,changeCycle=0,myNode=9303553a...,timecost=0.207
info|2019-11-12 18:42:52.360037|[g:1][CONSENSUS][PBFT]checkAndChangeView: Reach consensus,org_view=51,org_changeCycle=0,cur_changeCycle=0,to_view=52
info|2019-11-12 18:42:53.359255|[g:1][CONSENSUS]addRawPrepare,height=9,reqIdx=0,hash=4f4b31dc...
info|2019-11-12 18:42:53.359516|[g:1][CONSENSUS][PBFT]checkTimeout Succ,view=52,toView=53,nodeIdx=3,changeCycle=0,myNode=9303553a...,timecost=0.195
info|2019-11-12 18:42:53.362598|[g:1][CONSENSUS][PBFT]checkAndChangeView: Reach consensus,org_view=52,org_changeCycle=0,cur_changeCycle=0,to_view=53
info|2019-11-12 18:42:54.367136|[g:1][CONSENSUS]addRawPrepare,height=9,reqIdx=1,hash=ed87e800...
info|2019-11-12 18:42:54.367339|[g:1][CONSENSUS][PBFT]checkTimeout Succ,view=53,toView=54,nodeIdx=3,changeCycle=0,myNode=9303553a...,timecost=0.181
info|2019-11-12 18:42:54.368986|[g:1][CONSENSUS][PBFT]checkAndChangeView: Reach consensus,org_view=53,org_changeCycle=0,cur_changeCycle=0,to_view=54
warning|2019-11-12 18:42:55.148440|[SYNC][id:9303553a...][Status]Peer data not found,nodeId=6e4f3ba3...
info|2019-11-12 18:42:55.372375|[g:1][CONSENSUS]addRawPrepare,height=9,reqIdx=2,hash=3719efe2...
info|2019-11-12 18:42:55.372595|[g:1][CONSENSUS][PBFT]checkTimeout Succ,view=54,toView=55,nodeIdx=3,changeCycle=0,myNode=9303553a...,timecost=0.192
info|2019-11-12 18:42:55.374927|[g:1][CONSENSUS][PBFT]checkAndChangeView: Reach consensus,org_view=54,org_changeCycle=0,cur_changeCycle=0,to_view=55
info|2019-11-12 18:42:56.375526|[g:1][CONSENSUS][SEALER]++++++++++++++++ Generating seal on,blkNum=9,tx=0,nodeIdx=3,hash=c31501dc...
info|2019-11-12 18:42:56.381441|[g:1][CONSENSUS][PBFT]checkTimeout Succ,view=55,toView=56,nodeIdx=3,changeCycle=0,myNode=9303553a...,timecost=0.199
info|2019-11-12 18:42:56.382389|[g:1][CONSENSUS][PBFT]checkAndChangeView: Reach consensus,org_view=55,org_changeCycle=0,cur_changeCycle=0,to_view=56
info|2019-11-12 18:42:57.381353|[g:1][CONSENSUS]addRawPrepare,height=9,reqIdx=0,hash=95694746...
info|2019-11-12 18:42:57.385385|[g:1][CONSENSUS][PBFT]checkTimeout Succ,view=56,toView=57,nodeIdx=3,changeCycle=0,myNode=9303553a...,timecost=0.191
info|2019-11-12 18:42:57.387706|[g:1][CONSENSUS][PBFT]checkAndChangeView: Reach consensus,org_view=56,org_changeCycle=0,cur_changeCycle=0,to_view=57
info|2019-11-12 18:42:58.390085|[g:1][CONSENSUS]addRawPrepare,height=9,reqIdx=1,hash=2bb2fee6...
info|2019-11-12 18:42:58.390330|[g:1][CONSENSUS][PBFT]checkTimeout Succ,view=57,toView=58,nodeIdx=3,changeCycle=0,myNode=9303553a...,timecost=0.181
info|2019-11-12 18:42:58.435185|[g:1][CONSENSUS][PBFT]checkAndChangeView: Reach consensus,org_view=57,org_changeCycle=0,cur_changeCycle=0,to_view=58
info|2019-11-12 18:42:59.397537|[g:1][CONSENSUS]addRawPrepare,height=9,reqIdx=2,hash=0bbb1202...
info|2019-11-12 18:42:59.397789|[g:1][CONSENSUS][PBFT]checkTimeout Succ,view=58,toView=59,nodeIdx=3,changeCycle=0,myNode=9303553a...,timecost=0.183
info|2019-11-12 18:42:59.401658|[g:1][CONSENSUS][PBFT]checkAndChangeView: Reach consensus,org_view=58,org_changeCycle=0,cur_changeCycle=0,to_view=59
info|2019-11-12 18:42:59.892407|[P2P][Service] heartBeat,connected count=4
warning|2019-11-12 18:43:00.169509|[SYNC][id:9303553a...][Status]Peer data not found,nodeId=6e4f3ba3...
info|2019-11-12 18:43:00.401953|[g:1][CONSENSUS][SEALER]++++++++++++++++ Generating seal on,blkNum=9,tx=0,nodeIdx=3,hash=18a810e5...
info|2019-11-12 18:43:00.402600|[g:1][CONSENSUS][PBFT]checkTimeout Succ,view=59,toView=60,nodeIdx=3,changeCycle=0,myNode=9303553a...,timecost=0.198
info|2019-11-12 18:43:00.406648|[g:1][CONSENSUS][PBFT]checkAndChangeView: Reach consensus,org_view=59,org_changeCycle=0,cur_changeCycle=0,to_view=60
info|2019-11-12 18:43:01.412528|[g:1][CONSENSUS]addRawPrepare,height=9,reqIdx=0,hash=f464658b...
info|2019-11-12 18:43:01.412818|[g:1][CONSENSUS][PBFT]checkTimeout Succ,view=60,toView=61,nodeIdx=3,changeCycle=0,myNode=9303553a...,timecost=0.193
info|2019-11-12 18:43:01.417294|[g:1][CONSENSUS][PBFT]checkAndChangeView: Reach consensus,org_view=60,org_changeCycle=0,cur_changeCycle=0,to_view=61
info|2019-11-12 18:43:02.419122|[g:1][CONSENSUS]addRawPrepare,height=9,reqIdx=1,hash=40674fb9...
info|2019-11-12 18:43:02.419373|[g:1][CONSENSUS][PBFT]checkTimeout Succ,view=61,toView=62,nodeIdx=3,changeCycle=0,myNode=9303553a...,timecost=0.183
info|2019-11-12 18:43:02.423522|[g:1][CONSENSUS][PBFT]checkAndChangeView: Reach consensus,org_view=61,org_changeCycle=0,cur_changeCycle=0,to_view=62
info|2019-11-12 18:43:03.426962|[g:1][CONSENSUS]addRawPrepare,height=9,reqIdx=2,hash=aecb3253...
info|2019-11-12 18:43:03.427268|[g:1][CONSENSUS][PBFT]checkTimeout Succ,view=62,toView=63,nodeIdx=3,changeCycle=0,myNode=9303553a...,timecost=0.246
info|2019-11-12 18:43:03.432592|[g:1][CONSENSUS][PBFT]checkAndChangeView: Reach consensus,org_view=62,org_changeCycle=0,cur_changeCycle=0,to_view=63
info|2019-11-12 18:43:04.433618|[g:1][CONSENSUS][SEALER]++++++++++++++++ Generating seal on,blkNum=9,tx=0,nodeIdx=3,hash=99edb844...
info|2019-11-12 18:43:04.437440|[g:1][CONSENSUS][PBFT]checkTimeout Succ,view=63,toView=64,nodeIdx=3,changeCycle=0,myNode=9303553a...,timecost=0.213
info|2019-11-12 18:43:04.437727|[g:1][CONSENSUS][PBFT]checkAndChangeView: Reach consensus,org_view=63,org_changeCycle=0,cur_changeCycle=0,to_view=64
warning|2019-11-12 18:43:05.189526|[SYNC][id:9303553a...][Status]Peer data not found,nodeId=6e4f3ba3...
info|2019-11-12 18:43:05.441701|[g:1][CONSENSUS]addRawPrepare,height=9,reqIdx=0,hash=2311dff3...
info|2019-11-12 18:43:05.442151|[g:1][CONSENSUS][PBFT]checkTimeout Succ,view=64,toView=65,nodeIdx=3,changeCycle=0,myNode=9303553a...,timecost=0.382
info|2019-11-12 18:43:05.452879|[g:1][CONSENSUS][PBFT]checkAndChangeView: Reach consensus,org_view=64,org_changeCycle=0,cur_changeCycle=0,to_view=65
info|2019-11-12 18:43:06.456922|[g:1][CONSENSUS]addRawPrepare,height=9,reqIdx=1,hash=b8b9c6d8...
info|2019-11-12 18:43:06.457312|[g:1][CONSENSUS][PBFT]checkTimeout Succ,view=65,toView=66,nodeIdx=3,changeCycle=0,myNode=9303553a...,timecost=0.282
info|2019-11-12 18:43:06.465959|[g:1][CONSENSUS][PBFT]checkAndChangeView: Reach consensus,org_view=65,org_changeCycle=0,cur_changeCycle=0,to_view=66
info|2019-11-12 18:43:07.471686|[g:1][CONSENSUS]addRawPrepare,height=9,reqIdx=2,hash=7ebdae7e...
info|2019-11-12 18:43:07.471954|[g:1][CONSENSUS][PBFT]checkTimeout Succ,view=66,toView=67,nodeIdx=3,changeCycle=0,myNode=9303553a...,timecost=0.186
info|2019-11-12 18:43:07.478744|[g:1][CONSENSUS][PBFT]checkAndChangeView: Reach consensus,org_view=66,org_changeCycle=0,cur_changeCycle=0,to_view=67
info|2019-11-12 18:43:08.480356|[g:1][CONSENSUS][SEALER]++++++++++++++++ Generating seal on,blkNum=9,tx=0,nodeIdx=3,hash=9f89c01f...
info|2019-11-12 18:43:08.480982|[g:1][CONSENSUS][PBFT]checkTimeout Succ,view=67,toView=68,nodeIdx=3,changeCycle=0,myNode=9303553a...,timecost=0.197
info|2019-11-12 18:43:08.484860|[g:1][CONSENSUS][PBFT]checkAndChangeView: Reach consensus,org_view=67,org_changeCycle=0,cur_changeCycle=0,to_view=68
info|2019-11-12 18:43:09.491171|[g:1][CONSENSUS]addRawPrepare,height=9,reqIdx=0,hash=ed6163cc...
info|2019-11-12 18:43:09.491532|[g:1][CONSENSUS][PBFT]checkTimeout Succ,view=68,toView=69,nodeIdx=3,changeCycle=0,myNode=9303553a...,timecost=0.198
info|2019-11-12 18:43:09.495227|[g:1][CONSENSUS][PBFT]checkAndChangeView: Reach consensus,org_view=68,org_changeCycle=0,cur_changeCycle=0,to_view=69
info|2019-11-12 18:43:09.892644|[P2P][Service] heartBeat,connected count=4
warning|2019-11-12 18:43:10.228704|[SYNC][id:9303553a...][Status]Peer data not found,nodeId=6e4f3ba3...
info|2019-11-12 18:43:10.496534|[g:1][CONSENSUS]addRawPrepare,height=9,reqIdx=1,hash=0fa74c9c...
info|2019-11-12 18:43:10.496782|[g:1][CONSENSUS][PBFT]checkTimeout Succ,view=69,toView=70,nodeIdx=3,changeCycle=0,myNode=9303553a...,timecost=0.181
info|2019-11-12 18:43:10.499811|[g:1][CONSENSUS][PBFT]checkAndChangeView: Reach consensus,org_view=69,org_changeCycle=0,cur_changeCycle=0,to_view=70
info|2019-11-12 18:43:11.502431|[g:1][CONSENSUS]addRawPrepare,height=9,reqIdx=2,hash=0a705663...
info|2019-11-12 18:43:11.502715|[g:1][CONSENSUS][PBFT]checkTimeout Succ,view=70,toView=71,nodeIdx=3,changeCycle=0,myNode=9303553a...,timecost=0.221
info|2019-11-12 18:43:11.506124|[g:1][CONSENSUS][PBFT]checkAndChangeView: Reach consensus,org_view=70,org_changeCycle=0,cur_changeCycle=0,to_view=71
info|2019-11-12 18:43:12.506150|[g:1][CONSENSUS][SEALER]++++++++++++++++ Generating seal on,blkNum=9,tx=0,nodeIdx=3,hash=05df80d8...
info|2019-11-12 18:43:12.506673|[g:1][CONSENSUS][PBFT]checkTimeout Succ,view=71,toView=72,nodeIdx=3,changeCycle=0,myNode=9303553a...,timecost=0.197
info|2019-11-12 18:43:12.510611|[g:1][CONSENSUS][PBFT]checkAndChangeView: Reach consensus,org_view=71,org_changeCycle=0,cur_changeCycle=0,to_view=72
info|2019-11-12 18:43:13.514462|[g:1][CONSENSUS]addRawPrepare,height=9,reqIdx=0,hash=033a3081...
info|2019-11-12 18:43:13.514737|[g:1][CONSENSUS][PBFT]checkTimeout Succ,view=72,toView=73,nodeIdx=3,changeCycle=0,myNode=9303553a...,timecost=0.196
info|2019-11-12 18:43:13.522150|[g:1][CONSENSUS][PBFT]checkAndChangeView: Reach consensus,org_view=72,org_changeCycle=0,cur_changeCycle=0,to_view=73
info|2019-11-12 18:43:14.526948|[g:1][CONSENSUS]addRawPrepare,height=9,reqIdx=1,hash=22597e1f...
info|2019-11-12 18:43:14.527199|[g:1][CONSENSUS][PBFT]checkTimeout Succ,view=73,toView=74,nodeIdx=3,changeCycle=0,myNode=9303553a...,timecost=0.182
info|2019-11-12 18:43:14.532569|[g:1][CONSENSUS][PBFT]checkAndChangeView: Reach consensus,org_view=73,org_changeCycle=0,cur_changeCycle=0,to_view=74
warning|2019-11-12 18:43:15.251873|[SYNC][id:9303553a...][Status]Peer data not found,nodeId=6e4f3ba3...
info|2019-11-12 18:43:15.536501|[g:1][CONSENSUS]addRawPrepare,height=9,reqIdx=2,hash=ab690d7d...
info|2019-11-12 18:43:15.536750|[g:1][CONSENSUS][PBFT]checkTimeout Succ,view=74,toView=75,nodeIdx=3,changeCycle=0,myNode=9303553a...,timecost=0.181
info|2019-11-12 18:43:15.540439|[g:1][CONSENSUS][PBFT]checkAndChangeView: Reach consensus,org_view=74,org_changeCycle=0,cur_changeCycle=0,to_view=75
info|2019-11-12 18:43:16.540734|[g:1][CONSENSUS][SEALER]++++++++++++++++ Generating seal on,blkNum=9,tx=0,nodeIdx=3,hash=6b4d0f35...
info|2019-11-12 18:43:16.541368|[g:1][CONSENSUS][PBFT]checkTimeout Succ,view=75,toView=76,nodeIdx=3,changeCycle=0,myNode=9303553a...,timecost=0.251
info|2019-11-12 18:43:16.546328|[g:1][CONSENSUS][PBFT]checkAndChangeView: Reach consensus,org_view=75,org_changeCycle=0,cur_changeCycle=0,to_view=76
info|2019-11-12 18:43:17.554427|[g:1][CONSENSUS]addRawPrepare,height=9,reqIdx=0,hash=7979420c...
info|2019-11-12 18:43:17.554705|[g:1][CONSENSUS][PBFT]checkTimeout Succ,view=76,toView=77,nodeIdx=3,changeCycle=0,myNode=9303553a...,timecost=0.212
info|2019-11-12 18:43:17.557447|[g:1][CONSENSUS][PBFT]checkAndChangeView: Reach consensus,org_view=76,org_changeCycle=0,cur_changeCycle=0,to_view=77
info|2019-11-12 18:43:18.561916|[g:1][CONSENSUS]addRawPrepare,height=9,reqIdx=1,hash=22be3ae0...
info|2019-11-12 18:43:18.562170|[g:1][CONSENSUS][PBFT]checkTimeout Succ,view=77,toView=78,nodeIdx=3,changeCycle=0,myNode=9303553a...,timecost=0.185
info|2019-11-12 18:43:18.564886|[g:1][CONSENSUS][PBFT]checkAndChangeView: Reach consensus,org_view=77,org_changeCycle=0,cur_changeCycle=0,to_view=78
info|2019-11-12 18:43:19.570363|[g:1][CONSENSUS]addRawPrepare,height=9,reqIdx=2,hash=44219bf1...
info|2019-11-12 18:43:19.570619|[g:1][CONSENSUS][PBFT]checkTimeout Succ,view=78,toView=79,nodeIdx=3,changeCycle=0,myNode=9303553a...,timecost=0.183
info|2019-11-12 18:43:19.573399|[g:1][CONSENSUS][PBFT]checkAndChangeView: Reach consensus,org_view=78,org_changeCycle=0,cur_changeCycle=0,to_view=79
info|2019-11-12 18:43:19.893393|[P2P][Service] heartBeat,connected count=4
info|2019-11-12 18:43:20.091742|[NETWORK][Session]Received topic: [2	_block_notify_1] from 6f9974710b9ea562ecc6a6823039b05e159d8669f228efa0c8b8234f08c2b75fb97eecdae4ef16bc99800bdfa03ed03d619629887e9c1c8b46ad79f5d38c4991
warning|2019-11-12 18:43:20.274130|[SYNC][id:9303553a...][Status]Peer data not found,nodeId=6e4f3ba3...
info|2019-11-12 18:43:20.575251|[g:1][CONSENSUS][SEALER]++++++++++++++++ Generating seal on,blkNum=9,tx=0,nodeIdx=3,hash=0b6ab0ea...
info|2019-11-12 18:43:20.579517|[g:1][CONSENSUS][PBFT]checkTimeout Succ,view=79,toView=80,nodeIdx=3,changeCycle=0,myNode=9303553a...,timecost=0.198
info|2019-11-12 18:43:20.580075|[g:1][CONSENSUS][PBFT]checkAndChangeView: Reach consensus,org_view=79,org_changeCycle=0,cur_changeCycle=0,to_view=80
info|2019-11-12 18:43:21.584189|[g:1][CONSENSUS]addRawPrepare,height=9,reqIdx=0,hash=ad5a8215...
info|2019-11-12 18:43:21.584632|[g:1][CONSENSUS][PBFT]checkTimeout Succ,view=80,toView=81,nodeIdx=3,changeCycle=0,myNode=9303553a...,timecost=0.336
info|2019-11-12 18:43:21.590922|[g:1][CONSENSUS][PBFT]checkAndChangeView: Reach consensus,org_view=80,org_changeCycle=0,cur_changeCycle=0,to_view=81
info|2019-11-12 18:43:22.590534|[g:1][CONSENSUS]addRawPrepare,height=9,reqIdx=1,hash=363c27f5...
info|2019-11-12 18:43:22.590859|[g:1][CONSENSUS][PBFT]checkTimeout Succ,view=81,toView=82,nodeIdx=3,changeCycle=0,myNode=9303553a...,timecost=0.243
info|2019-11-12 18:43:22.595892|[g:1][CONSENSUS][PBFT]checkAndChangeView: Reach consensus,org_view=81,org_changeCycle=0,cur_changeCycle=0,to_view=82
info|2019-11-12 18:43:23.594488|[g:1][CONSENSUS]addRawPrepare,height=9,reqIdx=2,hash=ed83c1c2...
info|2019-11-12 18:43:23.594748|[g:1][CONSENSUS][PBFT]checkTimeout Succ,view=82,toView=83,nodeIdx=3,changeCycle=0,myNode=9303553a...,timecost=0.189
info|2019-11-12 18:43:23.598616|[g:1][CONSENSUS][PBFT]checkAndChangeView: Reach consensus,org_view=82,org_changeCycle=0,cur_changeCycle=0,to_view=83
info|2019-11-12 18:43:24.598177|[g:1][CONSENSUS][SEALER]++++++++++++++++ Generating seal on,blkNum=9,tx=0,nodeIdx=3,hash=e3c8ae1d...
info|2019-11-12 18:43:24.602041|[g:1][CONSENSUS][PBFT]checkTimeout Succ,view=83,toView=84,nodeIdx=3,changeCycle=0,myNode=9303553a...,timecost=0.215
info|2019-11-12 18:43:24.602324|[g:1][CONSENSUS][PBFT]checkAndChangeView: Reach consensus,org_view=83,org_changeCycle=0,cur_changeCycle=0,to_view=84
warning|2019-11-12 18:43:25.292352|[SYNC][id:9303553a...][Status]Peer data not found,nodeId=6e4f3ba3...
info|2019-11-12 18:43:25.609759|[g:1][CONSENSUS]addRawPrepare,height=9,reqIdx=0,hash=a6529f90...
info|2019-11-12 18:43:25.610013|[g:1][CONSENSUS][PBFT]checkTimeout Succ,view=84,toView=85,nodeIdx=3,changeCycle=0,myNode=9303553a...,timecost=0.183
info|2019-11-12 18:43:25.615560|[g:1][CONSENSUS][PBFT]checkAndChangeView: Reach consensus,org_view=84,org_changeCycle=0,cur_changeCycle=0,to_view=85
info|2019-11-12 18:43:26.617312|[g:1][CONSENSUS]addRawPrepare,height=9,reqIdx=1,hash=291207bc...
info|2019-11-12 18:43:26.617549|[g:1][CONSENSUS][PBFT]checkTimeout Succ,view=85,toView=86,nodeIdx=3,changeCycle=0,myNode=9303553a...,timecost=0.213
info|2019-11-12 18:43:26.619568|[g:1][CONSENSUS][PBFT]checkAndChangeView: Reach consensus,org_view=85,org_changeCycle=0,cur_changeCycle=0,to_view=86
info|2019-11-12 18:43:27.623409|[g:1][CONSENSUS]addRawPrepare,height=9,reqIdx=2,hash=e9d45e2e...
info|2019-11-12 18:43:27.623687|[g:1][CONSENSUS][PBFT]checkTimeout Succ,view=86,toView=87,nodeIdx=3,changeCycle=0,myNode=9303553a...,timecost=0.254
info|2019-11-12 18:43:27.623972|[g:1][CONSENSUS][PBFT]checkAndChangeView: Reach consensus,org_view=86,org_changeCycle=0,cur_changeCycle=0,to_view=87
info|2019-11-12 18:43:28.623531|[g:1][CONSENSUS][SEALER]++++++++++++++++ Generating seal on,blkNum=9,tx=0,nodeIdx=3,hash=83ecb48b...
info|2019-11-12 18:43:28.629873|[g:1][CONSENSUS][PBFT]checkTimeout Succ,view=87,toView=88,nodeIdx=3,changeCycle=0,myNode=9303553a...,timecost=0.221
info|2019-11-12 18:43:28.630846|[g:1][CONSENSUS][PBFT]checkAndChangeView: Reach consensus,org_view=87,org_changeCycle=0,cur_changeCycle=0,to_view=88
info|2019-11-12 18:43:29.630076|[g:1][CONSENSUS]addRawPrepare,height=9,reqIdx=0,hash=970ecf6a...
info|2019-11-12 18:43:29.630478|[g:1][CONSENSUS][PBFT]checkTimeout Succ,view=88,toView=89,nodeIdx=3,changeCycle=0,myNode=9303553a...,timecost=0.295
info|2019-11-12 18:43:29.635147|[g:1][CONSENSUS][PBFT]checkAndChangeView: Reach consensus,org_view=88,org_changeCycle=0,cur_changeCycle=0,to_view=89
info|2019-11-12 18:43:29.894375|[P2P][Service] heartBeat,connected count=4
warning|2019-11-12 18:43:30.300362|[SYNC][id:9303553a...][Status]Peer data not found,nodeId=6e4f3ba3...
info|2019-11-12 18:43:30.639327|[g:1][CONSENSUS][PBFT]Trigger fast-viewchange,view=89,toView=89,minView=90,INFO=,reqNum=8,curNum=8,GenIdx=2,Cview=90,view=89,fromIdx=0,fromNode=3c841dae...,fromIp=127.0.0.1:30301,hash=83ea54fc...,nodeIdx=3,myNode=9303553a...
info|2019-11-12 18:43:30.639516|[g:1][CONSENSUS][PBFT]checkAndChangeView: Reach consensus,org_view=89,org_changeCycle=0,cur_changeCycle=0,to_view=90
info|2019-11-12 18:43:30.639523|[g:1][CONSENSUS][PBFT]checkTimeout Succ,view=90,toView=90,nodeIdx=3,changeCycle=0,myNode=9303553a...,timecost=0.187
info|2019-11-12 18:43:31.642855|[g:1][CONSENSUS]addRawPrepare,height=9,reqIdx=2,hash=4ecc6ecc...
info|2019-11-12 18:43:31.643086|[g:1][CONSENSUS][PBFT]checkTimeout Succ,view=90,toView=91,nodeIdx=3,changeCycle=0,myNode=9303553a...,timecost=0.205
info|2019-11-12 18:43:31.645707|[g:1][CONSENSUS][PBFT]checkAndChangeView: Reach consensus,org_view=90,org_changeCycle=0,cur_changeCycle=0,to_view=91
info|2019-11-12 18:43:32.646365|[g:1][CONSENSUS][SEALER]++++++++++++++++ Generating seal on,blkNum=9,tx=0,nodeIdx=3,hash=88b330c8...
info|2019-11-12 18:43:32.654057|[g:1][CONSENSUS][PBFT]checkTimeout Succ,view=91,toView=92,nodeIdx=3,changeCycle=0,myNode=9303553a...,timecost=0.264
info|2019-11-12 18:43:32.655395|[g:1][CONSENSUS][PBFT]checkAndChangeView: Reach consensus,org_view=91,org_changeCycle=0,cur_changeCycle=0,to_view=92
info|2019-11-12 18:43:33.654423|[g:1][CONSENSUS]addRawPrepare,height=9,reqIdx=0,hash=7307a60f...
info|2019-11-12 18:43:33.654678|[g:1][CONSENSUS][PBFT]checkTimeout Succ,view=92,toView=93,nodeIdx=3,changeCycle=0,myNode=9303553a...,timecost=0.186
info|2019-11-12 18:43:33.657770|[g:1][CONSENSUS][PBFT]checkAndChangeView: Reach consensus,org_view=92,org_changeCycle=0,cur_changeCycle=0,to_view=93
info|2019-11-12 18:43:34.661453|[g:1][CONSENSUS]addRawPrepare,height=9,reqIdx=1,hash=fbd3cd87...
info|2019-11-12 18:43:34.661673|[g:1][CONSENSUS][PBFT]checkTimeout Succ,view=93,toView=94,nodeIdx=3,changeCycle=0,myNode=9303553a...,timecost=0.197
info|2019-11-12 18:43:34.664159|[g:1][CONSENSUS][PBFT]checkAndChangeView: Reach consensus,org_view=93,org_changeCycle=0,cur_changeCycle=0,to_view=94
warning|2019-11-12 18:43:35.307055|[SYNC][id:9303553a...][Status]Peer data not found,nodeId=6e4f3ba3...
info|2019-11-12 18:43:35.667407|[g:1][CONSENSUS]addRawPrepare,height=9,reqIdx=2,hash=11c03f15...
info|2019-11-12 18:43:35.668826|[g:1][CONSENSUS][PBFT]checkTimeout Succ,view=94,toView=95,nodeIdx=3,changeCycle=0,myNode=9303553a...,timecost=0.197
info|2019-11-12 18:43:35.669400|[g:1][CONSENSUS][PBFT]checkAndChangeView: Reach consensus,org_view=94,org_changeCycle=0,cur_changeCycle=0,to_view=95
info|2019-11-12 18:43:36.669120|[g:1][CONSENSUS][SEALER]++++++++++++++++ Generating seal on,blkNum=9,tx=0,nodeIdx=3,hash=0f5dc3bf...
info|2019-11-12 18:43:36.675732|[g:1][CONSENSUS][PBFT]checkTimeout Succ,view=95,toView=96,nodeIdx=3,changeCycle=0,myNode=9303553a...,timecost=0.207
info|2019-11-12 18:43:36.676680|[g:1][CONSENSUS][PBFT]checkAndChangeView: Reach consensus,org_view=95,org_changeCycle=0,cur_changeCycle=0,to_view=96
info|2019-11-12 18:43:37.675456|[g:1][CONSENSUS]addRawPrepare,height=9,reqIdx=0,hash=19585ca7...
info|2019-11-12 18:43:37.675724|[g:1][CONSENSUS][PBFT]checkTimeout Succ,view=96,toView=97,nodeIdx=3,changeCycle=0,myNode=9303553a...,timecost=0.187
info|2019-11-12 18:43:37.679127|[g:1][CONSENSUS][PBFT]checkAndChangeView: Reach consensus,org_view=96,org_changeCycle=0,cur_changeCycle=0,to_view=97
info|2019-11-12 18:43:38.681961|[g:1][CONSENSUS]addRawPrepare,height=9,reqIdx=1,hash=b658ef3b...
info|2019-11-12 18:43:38.682204|[g:1][CONSENSUS][PBFT]checkTimeout Succ,view=97,toView=98,nodeIdx=3,changeCycle=0,myNode=9303553a...,timecost=0.222
info|2019-11-12 18:43:38.684029|[g:1][CONSENSUS][PBFT]checkAndChangeView: Reach consensus,org_view=97,org_changeCycle=0,cur_changeCycle=0,to_view=98
info|2019-11-12 18:43:39.689221|[g:1][CONSENSUS]addRawPrepare,height=9,reqIdx=2,hash=3feb3f97...
info|2019-11-12 18:43:39.689585|[g:1][CONSENSUS][PBFT]checkTimeout Succ,view=98,toView=99,nodeIdx=3,changeCycle=0,myNode=9303553a...,timecost=0.324
info|2019-11-12 18:43:39.693423|[g:1][CONSENSUS][PBFT]checkAndChangeView: Reach consensus,org_view=98,org_changeCycle=0,cur_changeCycle=0,to_view=99
info|2019-11-12 18:43:39.895128|[P2P][Service] heartBeat,connected count=4
warning|2019-11-12 18:43:40.313426|[SYNC][id:9303553a...][Status]Peer data not found,nodeId=6e4f3ba3...
info|2019-11-12 18:43:40.694320|[g:1][CONSENSUS][SEALER]++++++++++++++++ Generating seal on,blkNum=9,tx=0,nodeIdx=3,hash=cc4c748c...
info|2019-11-12 18:43:40.700989|[g:1][CONSENSUS][PBFT]checkTimeout Succ,view=99,toView=100,nodeIdx=3,changeCycle=0,myNode=9303553a...,timecost=0.2
info|2019-11-12 18:43:40.701715|[g:1][CONSENSUS][PBFT]checkAndChangeView: Reach consensus,org_view=99,org_changeCycle=0,cur_changeCycle=0,to_view=100
info|2019-11-12 18:43:41.700422|[g:1][CONSENSUS]addRawPrepare,height=9,reqIdx=0,hash=67a0908c...
info|2019-11-12 18:43:41.700731|[g:1][CONSENSUS][PBFT]checkTimeout Succ,view=100,toView=101,nodeIdx=3,changeCycle=0,myNode=9303553a...,timecost=0.234
info|2019-11-12 18:43:41.704183|[g:1][CONSENSUS][PBFT]checkAndChangeView: Reach consensus,org_view=100,org_changeCycle=0,cur_changeCycle=0,to_view=101
info|2019-11-12 18:43:42.708290|[g:1][CONSENSUS]addRawPrepare,height=9,reqIdx=1,hash=54b0b922...
info|2019-11-12 18:43:42.708501|[g:1][CONSENSUS][PBFT]checkTimeout Succ,view=101,toView=102,nodeIdx=3,changeCycle=0,myNode=9303553a...,timecost=0.188
info|2019-11-12 18:43:42.708800|[g:1][CONSENSUS][PBFT]checkAndChangeView: Reach consensus,org_view=101,org_changeCycle=0,cur_changeCycle=0,to_view=102
info|2019-11-12 18:43:43.712861|[g:1][CONSENSUS]addRawPrepare,height=9,reqIdx=2,hash=f913209b...
info|2019-11-12 18:43:43.713089|[g:1][CONSENSUS][PBFT]checkTimeout Succ,view=102,toView=103,nodeIdx=3,changeCycle=0,myNode=9303553a...,timecost=0.206
info|2019-11-12 18:43:43.715027|[g:1][CONSENSUS][PBFT]checkAndChangeView: Reach consensus,org_view=102,org_changeCycle=0,cur_changeCycle=0,to_view=103
info|2019-11-12 18:43:44.716287|[g:1][CONSENSUS][SEALER]++++++++++++++++ Generating seal on,blkNum=9,tx=0,nodeIdx=3,hash=399a8ad7...
info|2019-11-12 18:43:44.722510|[g:1][CONSENSUS][PBFT]checkTimeout Succ,view=103,toView=104,nodeIdx=3,changeCycle=0,myNode=9303553a...,timecost=0.196
info|2019-11-12 18:43:44.723438|[g:1][CONSENSUS][PBFT]checkAndChangeView: Reach consensus,org_view=103,org_changeCycle=0,cur_changeCycle=0,to_view=104
warning|2019-11-12 18:43:45.321512|[SYNC][id:9303553a...][Status]Peer data not found,nodeId=6e4f3ba3...
info|2019-11-12 18:43:45.722378|[g:1][CONSENSUS]addRawPrepare,height=9,reqIdx=0,hash=b275c9c6...
info|2019-11-12 18:43:45.722639|[g:1][CONSENSUS][PBFT]checkTimeout Succ,view=104,toView=105,nodeIdx=3,changeCycle=0,myNode=9303553a...,timecost=0.188
info|2019-11-12 18:43:45.727476|[g:1][CONSENSUS][PBFT]checkAndChangeView: Reach consensus,org_view=104,org_changeCycle=0,cur_changeCycle=0,to_view=105
info|2019-11-12 18:43:46.730100|[g:1][CONSENSUS]addRawPrepare,height=9,reqIdx=1,hash=6b7c07f3...
info|2019-11-12 18:43:46.730316|[g:1][CONSENSUS][PBFT]checkTimeout Succ,view=105,toView=106,nodeIdx=3,changeCycle=0,myNode=9303553a...,timecost=0.189
info|2019-11-12 18:43:46.732225|[g:1][CONSENSUS][PBFT]checkAndChangeView: Reach consensus,org_view=105,org_changeCycle=0,cur_changeCycle=0,to_view=106
info|2019-11-12 18:43:47.735124|[g:1][CONSENSUS]addRawPrepare,height=9,reqIdx=2,hash=cf7119b0...
info|2019-11-12 18:43:47.735335|[g:1][CONSENSUS][PBFT]checkTimeout Succ,view=106,toView=107,nodeIdx=3,changeCycle=0,myNode=9303553a...,timecost=0.185
info|2019-11-12 18:43:47.738333|[g:1][CONSENSUS][PBFT]checkAndChangeView: Reach consensus,org_view=106,org_changeCycle=0,cur_changeCycle=0,to_view=107
info|2019-11-12 18:43:48.738964|[g:1][CONSENSUS][SEALER]++++++++++++++++ Generating seal on,blkNum=9,tx=0,nodeIdx=3,hash=371cbd58...
info|2019-11-12 18:43:48.744998|[g:1][CONSENSUS][PBFT]checkTimeout Succ,view=107,toView=108,nodeIdx=3,changeCycle=0,myNode=9303553a...,timecost=0.198
info|2019-11-12 18:43:48.746002|[g:1][CONSENSUS][PBFT]checkAndChangeView: Reach consensus,org_view=107,org_changeCycle=0,cur_changeCycle=0,to_view=108
info|2019-11-12 18:43:49.744927|[g:1][CONSENSUS]addRawPrepare,height=9,reqIdx=0,hash=122d5c7f...
info|2019-11-12 18:43:49.745228|[g:1][CONSENSUS][PBFT]checkTimeout Succ,view=108,toView=109,nodeIdx=3,changeCycle=0,myNode=9303553a...,timecost=0.207
info|2019-11-12 18:43:49.748649|[g:1][CONSENSUS][PBFT]checkAndChangeView: Reach consensus,org_view=108,org_changeCycle=0,cur_changeCycle=0,to_view=109
info|2019-11-12 18:43:49.895394|[P2P][Service] heartBeat,connected count=4
warning|2019-11-12 18:43:50.329465|[SYNC][id:9303553a...][Status]Peer data not found,nodeId=6e4f3ba3...
info|2019-11-12 18:43:50.752748|[g:1][CONSENSUS]addRawPrepare,height=9,reqIdx=1,hash=c4c1b4f6...
info|2019-11-12 18:43:50.753043|[g:1][CONSENSUS][PBFT]checkTimeout Succ,view=109,toView=110,nodeIdx=3,changeCycle=0,myNode=9303553a...,timecost=0.262
info|2019-11-12 18:43:50.757140|[g:1][CONSENSUS][PBFT]checkAndChangeView: Reach consensus,org_view=109,org_changeCycle=0,cur_changeCycle=0,to_view=110
info|2019-11-12 18:43:51.761548|[g:1][CONSENSUS]addRawPrepare,height=9,reqIdx=2,hash=aa785681...
info|2019-11-12 18:43:51.761759|[g:1][CONSENSUS][PBFT]checkTimeout Succ,view=110,toView=111,nodeIdx=3,changeCycle=0,myNode=9303553a...,timecost=0.185
info|2019-11-12 18:43:51.765717|[g:1][CONSENSUS][PBFT]checkAndChangeView: Reach consensus,org_view=110,org_changeCycle=0,cur_changeCycle=0,to_view=111
info|2019-11-12 18:43:52.766639|[g:1][CONSENSUS][SEALER]++++++++++++++++ Generating seal on,blkNum=9,tx=0,nodeIdx=3,hash=01689503...
info|2019-11-12 18:43:52.767270|[g:1][CONSENSUS][PBFT]checkTimeout Succ,view=111,toView=112,nodeIdx=3,changeCycle=0,myNode=9303553a...,timecost=0.193
info|2019-11-12 18:43:52.771657|[g:1][CONSENSUS][PBFT]checkAndChangeView: Reach consensus,org_view=111,org_changeCycle=0,cur_changeCycle=0,to_view=112
info|2019-11-12 18:43:53.773431|[g:1][CONSENSUS]addRawPrepare,height=9,reqIdx=0,hash=406112e6...
info|2019-11-12 18:43:53.780373|[g:1][CONSENSUS][PBFT]checkTimeout Succ,view=112,toView=113,nodeIdx=3,changeCycle=0,myNode=9303553a...,timecost=6.865
info|2019-11-12 18:43:53.783183|[g:1][CONSENSUS][PBFT]checkAndChangeView: Reach consensus,org_view=112,org_changeCycle=0,cur_changeCycle=0,to_view=113
info|2019-11-12 18:43:54.786508|[g:1][CONSENSUS]addRawPrepare,height=9,reqIdx=1,hash=ce71e260...
info|2019-11-12 18:43:54.786756|[g:1][CONSENSUS][PBFT]checkTimeout Succ,view=113,toView=114,nodeIdx=3,changeCycle=0,myNode=9303553a...,timecost=0.226
info|2019-11-12 18:43:54.789152|[g:1][CONSENSUS][PBFT]checkAndChangeView: Reach consensus,org_view=113,org_changeCycle=0,cur_changeCycle=0,to_view=114
warning|2019-11-12 18:43:55.349389|[SYNC][id:9303553a...][Status]Peer data not found,nodeId=6e4f3ba3...
info|2019-11-12 18:43:55.792543|[g:1][CONSENSUS]addRawPrepare,height=9,reqIdx=2,hash=2349c017...
info|2019-11-12 18:43:55.792760|[g:1][CONSENSUS][PBFT]checkTimeout Succ,view=114,toView=115,nodeIdx=3,changeCycle=0,myNode=9303553a...,timecost=0.194
info|2019-11-12 18:43:55.795404|[g:1][CONSENSUS][PBFT]checkAndChangeView: Reach consensus,org_view=114,org_changeCycle=0,cur_changeCycle=0,to_view=115
info|2019-11-12 18:43:56.796313|[g:1][CONSENSUS][SEALER]++++++++++++++++ Generating seal on,blkNum=9,tx=0,nodeIdx=3,hash=c0734d8d...
info|2019-11-12 18:43:56.802551|[g:1][CONSENSUS][PBFT]checkTimeout Succ,view=115,toView=116,nodeIdx=3,changeCycle=0,myNode=9303553a...,timecost=0.199
info|2019-11-12 18:43:56.803480|[g:1][CONSENSUS][PBFT]checkAndChangeView: Reach consensus,org_view=115,org_changeCycle=0,cur_changeCycle=0,to_view=116
info|2019-11-12 18:43:57.803304|[g:1][CONSENSUS]addRawPrepare,height=9,reqIdx=0,hash=5bfe0704...
info|2019-11-12 18:43:57.803627|[g:1][CONSENSUS][PBFT]checkTimeout Succ,view=116,toView=117,nodeIdx=3,changeCycle=0,myNode=9303553a...,timecost=0.252
info|2019-11-12 18:43:57.806710|[g:1][CONSENSUS][PBFT]checkAndChangeView: Reach consensus,org_view=116,org_changeCycle=0,cur_changeCycle=0,to_view=117
info|2019-11-12 18:43:58.811668|[g:1][CONSENSUS]addRawPrepare,height=9,reqIdx=1,hash=e2e7b1e9...
info|2019-11-12 18:43:58.815776|[g:1][CONSENSUS][PBFT]checkTimeout Succ,view=117,toView=118,nodeIdx=3,changeCycle=0,myNode=9303553a...,timecost=4.041
info|2019-11-12 18:43:58.818532|[g:1][CONSENSUS][PBFT]checkAndChangeView: Reach consensus,org_view=117,org_changeCycle=0,cur_changeCycle=0,to_view=118
info|2019-11-12 18:43:59.824311|[g:1][CONSENSUS]addRawPrepare,height=9,reqIdx=2,hash=574582cc...
info|2019-11-12 18:43:59.824563|[g:1][CONSENSUS][PBFT]checkTimeout Succ,view=118,toView=119,nodeIdx=3,changeCycle=0,myNode=9303553a...,timecost=0.23
info|2019-11-12 18:43:59.826847|[g:1][CONSENSUS][PBFT]checkAndChangeView: Reach consensus,org_view=118,org_changeCycle=0,cur_changeCycle=0,to_view=119
info|2019-11-12 18:43:59.895534|[P2P][Service] heartBeat,connected count=4
warning|2019-11-12 18:44:00.363007|[SYNC][id:9303553a...][Status]Peer data not found,nodeId=6e4f3ba3...
info|2019-11-12 18:44:00.826998|[g:1][CONSENSUS][SEALER]++++++++++++++++ Generating seal on,blkNum=9,tx=0,nodeIdx=3,hash=a796e242...
info|2019-11-12 18:44:00.833681|[g:1][CONSENSUS][PBFT]checkTimeout Succ,view=119,toView=120,nodeIdx=3,changeCycle=0,myNode=9303553a...,timecost=0.228
info|2019-11-12 18:44:00.834438|[g:1][CONSENSUS][PBFT]checkAndChangeView: Reach consensus,org_view=119,org_changeCycle=0,cur_changeCycle=0,to_view=120
info|2019-11-12 18:44:01.833225|[g:1][CONSENSUS]addRawPrepare,height=9,reqIdx=0,hash=6ec3176f...
info|2019-11-12 18:44:01.833513|[g:1][CONSENSUS][PBFT]checkTimeout Succ,view=120,toView=121,nodeIdx=3,changeCycle=0,myNode=9303553a...,timecost=0.199
info|2019-11-12 18:44:01.838583|[g:1][CONSENSUS][PBFT]checkAndChangeView: Reach consensus,org_view=120,org_changeCycle=0,cur_changeCycle=0,to_view=121
info|2019-11-12 18:44:02.846932|[g:1][CONSENSUS]addRawPrepare,height=9,reqIdx=1,hash=b77806a1...
info|2019-11-12 18:44:02.849457|[g:1][CONSENSUS][PBFT]checkTimeout Succ,view=121,toView=122,nodeIdx=3,changeCycle=0,myNode=9303553a...,timecost=2.464
info|2019-11-12 18:44:02.855716|[g:1][CONSENSUS][PBFT]checkAndChangeView: Reach consensus,org_view=121,org_changeCycle=0,cur_changeCycle=0,to_view=122
info|2019-11-12 18:44:03.857999|[g:1][CONSENSUS]addRawPrepare,height=9,reqIdx=2,hash=d6b2561e...
info|2019-11-12 18:44:03.858251|[g:1][CONSENSUS][PBFT]checkTimeout Succ,view=122,toView=123,nodeIdx=3,changeCycle=0,myNode=9303553a...,timecost=0.23
info|2019-11-12 18:44:03.862660|[g:1][CONSENSUS][PBFT]checkAndChangeView: Reach consensus,org_view=122,org_changeCycle=0,cur_changeCycle=0,to_view=123
info|2019-11-12 18:44:04.863247|[g:1][CONSENSUS][SEALER]++++++++++++++++ Generating seal on,blkNum=9,tx=0,nodeIdx=3,hash=e46b383e...
info|2019-11-12 18:44:04.869821|[g:1][CONSENSUS][PBFT]checkTimeout Succ,view=123,toView=124,nodeIdx=3,changeCycle=0,myNode=9303553a...,timecost=0.193
info|2019-11-12 18:44:04.870674|[g:1][CONSENSUS][PBFT]checkAndChangeView: Reach consensus,org_view=123,org_changeCycle=0,cur_changeCycle=0,to_view=124
warning|2019-11-12 18:44:05.371204|[SYNC][id:9303553a...][Status]Peer data not found,nodeId=6e4f3ba3...
info|2019-11-12 18:44:05.871193|[g:1][CONSENSUS]addRawPrepare,height=9,reqIdx=0,hash=8b001235...
info|2019-11-12 18:44:05.871449|[g:1][CONSENSUS][PBFT]checkTimeout Succ,view=124,toView=125,nodeIdx=3,changeCycle=0,myNode=9303553a...,timecost=0.186
info|2019-11-12 18:44:05.875334|[g:1][CONSENSUS][PBFT]checkAndChangeView: Reach consensus,org_view=124,org_changeCycle=0,cur_changeCycle=0,to_view=125
info|2019-11-12 18:44:06.879501|[g:1][CONSENSUS]addRawPrepare,height=9,reqIdx=1,hash=3a2a4a91...
info|2019-11-12 18:44:06.879942|[g:1][CONSENSUS][PBFT]checkTimeout Succ,view=125,toView=126,nodeIdx=3,changeCycle=0,myNode=9303553a...,timecost=0.386
info|2019-11-12 18:44:06.884519|[g:1][CONSENSUS][PBFT]checkAndChangeView: Reach consensus,org_view=125,org_changeCycle=0,cur_changeCycle=0,to_view=126
info|2019-11-12 18:44:07.891183|[g:1][CONSENSUS]addRawPrepare,height=9,reqIdx=2,hash=a0ec3ad6...
info|2019-11-12 18:44:07.891400|[g:1][CONSENSUS][PBFT]checkTimeout Succ,view=126,toView=127,nodeIdx=3,changeCycle=0,myNode=9303553a...,timecost=0.194
info|2019-11-12 18:44:07.893085|[g:1][CONSENSUS][PBFT]checkAndChangeView: Reach consensus,org_view=126,org_changeCycle=0,cur_changeCycle=0,to_view=127
info|2019-11-12 18:44:08.895167|[g:1][CONSENSUS][SEALER]++++++++++++++++ Generating seal on,blkNum=9,tx=0,nodeIdx=3,hash=3652ab1d...
info|2019-11-12 18:44:08.901179|[g:1][CONSENSUS][PBFT]checkTimeout Succ,view=127,toView=128,nodeIdx=3,changeCycle=0,myNode=9303553a...,timecost=0.194
info|2019-11-12 18:44:08.902084|[g:1][CONSENSUS][PBFT]checkAndChangeView: Reach consensus,org_view=127,org_changeCycle=0,cur_changeCycle=0,to_view=128
info|2019-11-12 18:44:09.896557|[P2P][Service] heartBeat,connected count=4
info|2019-11-12 18:44:09.902230|[g:1][CONSENSUS]addRawPrepare,height=9,reqIdx=0,hash=2317d05c...
info|2019-11-12 18:44:09.902493|[g:1][CONSENSUS][PBFT]checkTimeout Succ,view=128,toView=129,nodeIdx=3,changeCycle=0,myNode=9303553a...,timecost=0.191
info|2019-11-12 18:44:09.907366|[g:1][CONSENSUS][PBFT]checkAndChangeView: Reach consensus,org_view=128,org_changeCycle=0,cur_changeCycle=0,to_view=129
info|2019-11-12 18:44:10.167781|[LEDGER]stop sealer,groupID=1
info|2019-11-12 18:44:10.167813|[CONSENSUS][SEALER]Stop sealer module...
info|2019-11-12 18:44:10.171288|[CONSENSUS][ConsensusEngine][Stop ConsensusEngineBase]
info|2019-11-12 18:44:10.171580|[CONSENSUS][ConsensusEngine]ConsensusEngineBase stopped
info|2019-11-12 18:44:10.171591|[LEDGER]sealer stopped. stop sync,groupID=1
info|2019-11-12 18:44:10.309718|[SYNC][id:9303553a...]SyncMaster stopped
info|2019-11-12 18:44:10.309750|[LEDGER]ledger stopped,groupID=1
info|2019-11-12 18:44:10.365980|[EVENT][EventLogFilterManager]stop
info|2019-11-12 18:44:10.366001|[LEDGER]event filter manager stopped,groupID=1
info|2019-11-12 18:44:10.366008|[INITIALIZER]ledgerInitializer stopped
info|2019-11-12 18:44:11.366919|[INITIALIZER]ChannelRPCHttpServer deleted.
info|2019-11-12 18:44:11.367718|[INITIALIZER]JsonrpcHttpServer deleted.
info|2019-11-12 18:44:11.367729|[INITIALIZER]RPCInitializer stopped
info|2019-11-12 18:44:11.367749|[NETWORK][Host]Host exit
info|2019-11-12 18:44:11.368621|[INITIALIZER]P2PInitializer stopped
info|2019-11-12 18:44:11.368631|[LEDGER]stop sealer,groupID=1
info|2019-11-12 18:44:11.368636|[LEDGER]sealer stopped. stop sync,groupID=1
info|2019-11-12 18:44:11.368640|[SYNC][id:9303553a...]SyncMaster stopped
info|2019-11-12 18:44:11.368644|[LEDGER]ledger stopped,groupID=1
info|2019-11-12 18:44:11.368647|[LEDGER]event filter manager stopped,groupID=1
info|2019-11-12 18:44:11.368654|[STORAGE]Stopping flushStorage thread
info|2019-11-12 18:44:12.051553|[STORAGE]flushStorage thread stopped.
info|2019-11-12 18:44:12.051563|[DBINITIALIZER] storage stopped
info|2019-11-12 18:44:12.052116|[SYNC][id:9303553a...]SyncMaster stopped
