info|2019-10-25 18:00:00.524561|[g:1][CONSENSUS]addRawPrepare,height=6,reqIdx=2,hash=314bce97...
info|2019-10-25 18:00:00.526898|[g:1][CONSENSUS][PBFT]checkTimeout Succ,view=1993,toView=1994,nodeIdx=0,changeCycle=0,myNode=3c841dae...,timecost=2.257
info|2019-10-25 18:00:00.527440|[g:1][CONSENSUS][PBFT]checkAndChangeView: Reach consensus,org_view=1993,org_changeCycle=0,cur_changeCycle=0,to_view=1994
info|2019-10-25 18:00:01.531614|[g:1][CONSENSUS]addRawPrepare,height=6,reqIdx=3,hash=13696d29...
info|2019-10-25 18:00:01.531892|[g:1][CONSENSUS][PBFT]checkTimeout Succ,view=1994,toView=1995,nodeIdx=0,changeCycle=0,myNode=3c841dae...,timecost=0.257
info|2019-10-25 18:00:01.534208|[g:1][CONSENSUS][PBFT]checkAndChangeView: Reach consensus,org_view=1994,org_changeCycle=0,cur_changeCycle=0,to_view=1995
info|2019-10-25 18:00:02.535891|[g:1][CONSENSUS][SEALER]++++++++++++++++ Generating seal on,blkNum=6,tx=0,nodeIdx=0,hash=f19d63bf...
info|2019-10-25 18:00:02.542108|[g:1][CONSENSUS][PBFT]checkTimeout Succ,view=1995,toView=1996,nodeIdx=0,changeCycle=0,myNode=3c841dae...,timecost=0.203
info|2019-10-25 18:00:02.543011|[g:1][CONSENSUS][PBFT]checkAndChangeView: Reach consensus,org_view=1995,org_changeCycle=0,cur_changeCycle=0,to_view=1996
info|2019-10-25 18:00:03.402200|[P2P][Service] heartBeat,connected count=3
info|2019-10-25 18:00:03.544716|[g:1][CONSENSUS][PBFT]Trigger fast-viewchange,view=1996,toView=1996,minView=1997,INFO=,reqNum=5,curNum=5,GenIdx=3,Cview=1997,view=1996,fromIdx=3,fromNode=9303553a...,fromIp=127.0.0.1:30303,hash=a3532739...,nodeIdx=0,myNode=3c841dae...
info|2019-10-25 18:00:03.544963|[g:1][CONSENSUS][PBFT]checkAndChangeView: Reach consensus,org_view=1996,org_changeCycle=0,cur_changeCycle=0,to_view=1997
info|2019-10-25 18:00:03.544971|[g:1][CONSENSUS][PBFT]checkTimeout Succ,view=1997,toView=1997,nodeIdx=0,changeCycle=0,myNode=3c841dae...,timecost=0.204
info|2019-10-25 18:00:04.549797|[g:1][CONSENSUS]addRawPrepare,height=6,reqIdx=2,hash=0bb7f033...
info|2019-10-25 18:00:04.550286|[g:1][CONSENSUS][PBFT]checkTimeout Succ,view=1997,toView=1998,nodeIdx=0,changeCycle=0,myNode=3c841dae...,timecost=0.33
info|2019-10-25 18:00:04.556232|[g:1][CONSENSUS][PBFT]checkAndChangeView: Reach consensus,org_view=1997,org_changeCycle=0,cur_changeCycle=0,to_view=1998
info|2019-10-25 18:00:05.558387|[g:1][CONSENSUS]addRawPrepare,height=6,reqIdx=3,hash=52b421a6...
info|2019-10-25 18:00:05.558640|[g:1][CONSENSUS][PBFT]checkTimeout Succ,view=1998,toView=1999,nodeIdx=0,changeCycle=0,myNode=3c841dae...,timecost=0.23
info|2019-10-25 18:00:05.560763|[g:1][CONSENSUS][PBFT]checkAndChangeView: Reach consensus,org_view=1998,org_changeCycle=0,cur_changeCycle=0,to_view=1999
info|2019-10-25 18:00:06.561564|[g:1][CONSENSUS][SEALER]++++++++++++++++ Generating seal on,blkNum=6,tx=0,nodeIdx=0,hash=dbdc96e5...
info|2019-10-25 18:00:06.568007|[g:1][CONSENSUS][PBFT]checkTimeout Succ,view=1999,toView=2000,nodeIdx=0,changeCycle=0,myNode=3c841dae...,timecost=0.208
info|2019-10-25 18:00:06.568930|[g:1][CONSENSUS][PBFT]checkAndChangeView: Reach consensus,org_view=1999,org_changeCycle=0,cur_changeCycle=0,to_view=2000
info|2019-10-25 18:00:07.569183|[g:1][CONSENSUS]addRawPrepare,height=6,reqIdx=1,hash=b1e83461...
info|2019-10-25 18:00:07.569458|[g:1][CONSENSUS][PBFT]checkTimeout Succ,view=2000,toView=2001,nodeIdx=0,changeCycle=0,myNode=3c841dae...,timecost=0.205
info|2019-10-25 18:00:07.571811|[g:1][CONSENSUS][PBFT]checkAndChangeView: Reach consensus,org_view=2000,org_changeCycle=0,cur_changeCycle=0,to_view=2001
info|2019-10-25 18:00:08.574569|[g:1][CONSENSUS]addRawPrepare,height=6,reqIdx=2,hash=a606c112...
info|2019-10-25 18:00:08.575185|[g:1][CONSENSUS][PBFT]checkTimeout Succ,view=2001,toView=2002,nodeIdx=0,changeCycle=0,myNode=3c841dae...,timecost=0.398
info|2019-10-25 18:00:08.582485|[g:1][CONSENSUS][PBFT]checkAndChangeView: Reach consensus,org_view=2001,org_changeCycle=0,cur_changeCycle=0,to_view=2002
info|2019-10-25 18:00:09.588396|[g:1][CONSENSUS]addRawPrepare,height=6,reqIdx=3,hash=71a39eb7...
info|2019-10-25 18:00:09.588767|[g:1][CONSENSUS][PBFT]checkTimeout Succ,view=2002,toView=2003,nodeIdx=0,changeCycle=0,myNode=3c841dae...,timecost=0.33
info|2019-10-25 18:00:09.591955|[g:1][CONSENSUS][PBFT]checkAndChangeView: Reach consensus,org_view=2002,org_changeCycle=0,cur_changeCycle=0,to_view=2003
info|2019-10-25 18:00:10.593263|[g:1][CONSENSUS][SEALER]++++++++++++++++ Generating seal on,blkNum=6,tx=0,nodeIdx=0,hash=e5694a63...
info|2019-10-25 18:00:10.599824|[g:1][CONSENSUS][PBFT]checkTimeout Succ,view=2003,toView=2004,nodeIdx=0,changeCycle=0,myNode=3c841dae...,timecost=0.206
info|2019-10-25 18:00:10.600776|[g:1][CONSENSUS][PBFT]checkAndChangeView: Reach consensus,org_view=2003,org_changeCycle=0,cur_changeCycle=0,to_view=2004
info|2019-10-25 18:00:11.600496|[g:1][CONSENSUS]addRawPrepare,height=6,reqIdx=1,hash=bf6b5432...
info|2019-10-25 18:00:11.600717|[g:1][CONSENSUS][PBFT]checkTimeout Succ,view=2004,toView=2005,nodeIdx=0,changeCycle=0,myNode=3c841dae...,timecost=0.198
info|2019-10-25 18:00:11.602417|[g:1][CONSENSUS][PBFT]checkAndChangeView: Reach consensus,org_view=2004,org_changeCycle=0,cur_changeCycle=0,to_view=2005
info|2019-10-25 18:00:12.606664|[g:1][CONSENSUS]addRawPrepare,height=6,reqIdx=2,hash=6504c06c...
info|2019-10-25 18:00:12.606992|[g:1][CONSENSUS][PBFT]checkTimeout Succ,view=2005,toView=2006,nodeIdx=0,changeCycle=0,myNode=3c841dae...,timecost=0.254
info|2019-10-25 18:00:12.610815|[g:1][CONSENSUS][PBFT]checkAndChangeView: Reach consensus,org_view=2005,org_changeCycle=0,cur_changeCycle=0,to_view=2006
info|2019-10-25 18:00:13.402283|[P2P][Service] heartBeat,connected count=3
info|2019-10-25 18:00:13.611322|[g:1][CONSENSUS]addRawPrepare,height=6,reqIdx=3,hash=216441b9...
info|2019-10-25 18:00:13.611582|[g:1][CONSENSUS][PBFT]checkTimeout Succ,view=2006,toView=2007,nodeIdx=0,changeCycle=0,myNode=3c841dae...,timecost=0.238
info|2019-10-25 18:00:13.613589|[g:1][CONSENSUS][PBFT]checkAndChangeView: Reach consensus,org_view=2006,org_changeCycle=0,cur_changeCycle=0,to_view=2007
info|2019-10-25 18:00:14.615224|[g:1][CONSENSUS][SEALER]++++++++++++++++ Generating seal on,blkNum=6,tx=0,nodeIdx=0,hash=aa571d6b...
info|2019-10-25 18:00:14.621446|[g:1][CONSENSUS][PBFT]checkTimeout Succ,view=2007,toView=2008,nodeIdx=0,changeCycle=0,myNode=3c841dae...,timecost=0.202
info|2019-10-25 18:00:14.622532|[g:1][CONSENSUS][PBFT]checkAndChangeView: Reach consensus,org_view=2007,org_changeCycle=0,cur_changeCycle=0,to_view=2008
info|2019-10-25 18:00:15.624695|[g:1][CONSENSUS]addRawPrepare,height=6,reqIdx=1,hash=270f3589...
info|2019-10-25 18:00:15.624928|[g:1][CONSENSUS][PBFT]checkTimeout Succ,view=2008,toView=2009,nodeIdx=0,changeCycle=0,myNode=3c841dae...,timecost=0.204
info|2019-10-25 18:00:15.626017|[g:1][CONSENSUS][PBFT]checkAndChangeView: Reach consensus,org_view=2008,org_changeCycle=0,cur_changeCycle=0,to_view=2009
info|2019-10-25 18:00:16.629513|[g:1][CONSENSUS]addRawPrepare,height=6,reqIdx=2,hash=dfd58aae...
info|2019-10-25 18:00:16.629833|[g:1][CONSENSUS][PBFT]checkTimeout Succ,view=2009,toView=2010,nodeIdx=0,changeCycle=0,myNode=3c841dae...,timecost=0.249
info|2019-10-25 18:00:16.634100|[g:1][CONSENSUS][PBFT]checkAndChangeView: Reach consensus,org_view=2009,org_changeCycle=0,cur_changeCycle=0,to_view=2010
info|2019-10-25 18:00:17.637880|[g:1][CONSENSUS]addRawPrepare,height=6,reqIdx=3,hash=819445c2...
info|2019-10-25 18:00:17.638166|[g:1][CONSENSUS][PBFT]checkTimeout Succ,view=2010,toView=2011,nodeIdx=0,changeCycle=0,myNode=3c841dae...,timecost=0.245
info|2019-10-25 18:00:17.640961|[g:1][CONSENSUS][PBFT]checkAndChangeView: Reach consensus,org_view=2010,org_changeCycle=0,cur_changeCycle=0,to_view=2011
info|2019-10-25 18:00:18.642162|[g:1][CONSENSUS][SEALER]++++++++++++++++ Generating seal on,blkNum=6,tx=0,nodeIdx=0,hash=446f0dfa...
info|2019-10-25 18:00:18.654699|[g:1][CONSENSUS][PBFT]checkTimeout Succ,view=2011,toView=2012,nodeIdx=0,changeCycle=0,myNode=3c841dae...,timecost=0.332
info|2019-10-25 18:00:18.655847|[g:1][CONSENSUS][PBFT]checkAndChangeView: Reach consensus,org_view=2011,org_changeCycle=0,cur_changeCycle=0,to_view=2012
info|2019-10-25 18:00:19.661951|[g:1][CONSENSUS]addRawPrepare,height=6,reqIdx=1,hash=6e0bddb3...
info|2019-10-25 18:00:19.664423|[g:1][CONSENSUS][PBFT]checkTimeout Succ,view=2012,toView=2013,nodeIdx=0,changeCycle=0,myNode=3c841dae...,timecost=2.425
info|2019-10-25 18:00:19.667717|[g:1][CONSENSUS][PBFT]checkAndChangeView: Reach consensus,org_view=2012,org_changeCycle=0,cur_changeCycle=0,to_view=2013
info|2019-10-25 18:00:20.672877|[g:1][CONSENSUS]addRawPrepare,height=6,reqIdx=2,hash=5dea7f0b...
info|2019-10-25 18:00:20.673422|[g:1][CONSENSUS][PBFT]checkTimeout Succ,view=2013,toView=2014,nodeIdx=0,changeCycle=0,myNode=3c841dae...,timecost=0.396
info|2019-10-25 18:00:20.680804|[g:1][CONSENSUS][PBFT]checkAndChangeView: Reach consensus,org_view=2013,org_changeCycle=0,cur_changeCycle=0,to_view=2014
info|2019-10-25 18:00:21.684039|[g:1][CONSENSUS]addRawPrepare,height=6,reqIdx=3,hash=1d2f4027...
info|2019-10-25 18:00:21.684263|[g:1][CONSENSUS][PBFT]checkTimeout Succ,view=2014,toView=2015,nodeIdx=0,changeCycle=0,myNode=3c841dae...,timecost=0.201
info|2019-10-25 18:00:21.685658|[g:1][CONSENSUS][PBFT]checkAndChangeView: Reach consensus,org_view=2014,org_changeCycle=0,cur_changeCycle=0,to_view=2015
info|2019-10-25 18:00:22.688362|[g:1][CONSENSUS][SEALER]++++++++++++++++ Generating seal on,blkNum=6,tx=0,nodeIdx=0,hash=c1194f06...
info|2019-10-25 18:00:22.694665|[g:1][CONSENSUS][PBFT]checkTimeout Succ,view=2015,toView=2016,nodeIdx=0,changeCycle=0,myNode=3c841dae...,timecost=0.203
info|2019-10-25 18:00:22.695518|[g:1][CONSENSUS][PBFT]checkAndChangeView: Reach consensus,org_view=2015,org_changeCycle=0,cur_changeCycle=0,to_view=2016
info|2019-10-25 18:00:23.402604|[P2P][Service] heartBeat,connected count=3
info|2019-10-25 18:00:23.695252|[g:1][CONSENSUS]addRawPrepare,height=6,reqIdx=1,hash=2300e05f...
info|2019-10-25 18:00:23.695485|[g:1][CONSENSUS][PBFT]checkTimeout Succ,view=2016,toView=2017,nodeIdx=0,changeCycle=0,myNode=3c841dae...,timecost=0.191
info|2019-10-25 18:00:23.698394|[g:1][CONSENSUS][PBFT]checkAndChangeView: Reach consensus,org_view=2016,org_changeCycle=0,cur_changeCycle=0,to_view=2017
info|2019-10-25 18:00:24.700019|[g:1][CONSENSUS]addRawPrepare,height=6,reqIdx=2,hash=d086d7b2...
info|2019-10-25 18:00:24.700520|[g:1][CONSENSUS][PBFT]checkTimeout Succ,view=2017,toView=2018,nodeIdx=0,changeCycle=0,myNode=3c841dae...,timecost=0.381
info|2019-10-25 18:00:24.706711|[g:1][CONSENSUS][PBFT]checkAndChangeView: Reach consensus,org_view=2017,org_changeCycle=0,cur_changeCycle=0,to_view=2018
info|2019-10-25 18:00:25.708877|[g:1][CONSENSUS]addRawPrepare,height=6,reqIdx=3,hash=08bcd1c3...
info|2019-10-25 18:00:25.709104|[g:1][CONSENSUS][PBFT]checkTimeout Succ,view=2018,toView=2019,nodeIdx=0,changeCycle=0,myNode=3c841dae...,timecost=0.202
info|2019-10-25 18:00:25.710681|[g:1][CONSENSUS][PBFT]checkAndChangeView: Reach consensus,org_view=2018,org_changeCycle=0,cur_changeCycle=0,to_view=2019
info|2019-10-25 18:00:26.711372|[g:1][CONSENSUS][SEALER]++++++++++++++++ Generating seal on,blkNum=6,tx=0,nodeIdx=0,hash=b9c1f1a2...
info|2019-10-25 18:00:26.717775|[g:1][CONSENSUS][PBFT]checkTimeout Succ,view=2019,toView=2020,nodeIdx=0,changeCycle=0,myNode=3c841dae...,timecost=0.2
info|2019-10-25 18:00:26.718715|[g:1][CONSENSUS][PBFT]checkAndChangeView: Reach consensus,org_view=2019,org_changeCycle=0,cur_changeCycle=0,to_view=2020
info|2019-10-25 18:00:27.720542|[g:1][CONSENSUS]addRawPrepare,height=6,reqIdx=1,hash=a0219bc5...
info|2019-10-25 18:00:27.720785|[g:1][CONSENSUS][PBFT]checkTimeout Succ,view=2020,toView=2021,nodeIdx=0,changeCycle=0,myNode=3c841dae...,timecost=0.211
info|2019-10-25 18:00:27.726598|[g:1][CONSENSUS][PBFT]checkAndChangeView: Reach consensus,org_view=2020,org_changeCycle=0,cur_changeCycle=0,to_view=2021
info|2019-10-25 18:00:28.728293|[g:1][CONSENSUS]addRawPrepare,height=6,reqIdx=2,hash=751e22dd...
info|2019-10-25 18:00:28.728573|[g:1][CONSENSUS][PBFT]checkTimeout Succ,view=2021,toView=2022,nodeIdx=0,changeCycle=0,myNode=3c841dae...,timecost=0.201
info|2019-10-25 18:00:28.732453|[g:1][CONSENSUS][PBFT]checkAndChangeView: Reach consensus,org_view=2021,org_changeCycle=0,cur_changeCycle=0,to_view=2022
info|2019-10-25 18:00:29.740014|[g:1][CONSENSUS]addRawPrepare,height=6,reqIdx=3,hash=fd49fc76...
info|2019-10-25 18:00:29.741456|[g:1][CONSENSUS][PBFT]checkTimeout Succ,view=2022,toView=2023,nodeIdx=0,changeCycle=0,myNode=3c841dae...,timecost=1.407
info|2019-10-25 18:00:29.742464|[g:1][CONSENSUS][PBFT]checkAndChangeView: Reach consensus,org_view=2022,org_changeCycle=0,cur_changeCycle=0,to_view=2023
info|2019-10-25 18:00:30.743359|[g:1][CONSENSUS][SEALER]++++++++++++++++ Generating seal on,blkNum=6,tx=0,nodeIdx=0,hash=c0d04b81...
info|2019-10-25 18:00:30.749468|[g:1][CONSENSUS][PBFT]checkTimeout Succ,view=2023,toView=2024,nodeIdx=0,changeCycle=0,myNode=3c841dae...,timecost=0.202
info|2019-10-25 18:00:30.750330|[g:1][CONSENSUS][PBFT]checkAndChangeView: Reach consensus,org_view=2023,org_changeCycle=0,cur_changeCycle=0,to_view=2024
info|2019-10-25 18:00:31.751118|[g:1][CONSENSUS]addRawPrepare,height=6,reqIdx=1,hash=25008f73...
info|2019-10-25 18:00:31.751467|[g:1][CONSENSUS][PBFT]checkTimeout Succ,view=2024,toView=2025,nodeIdx=0,changeCycle=0,myNode=3c841dae...,timecost=0.319
info|2019-10-25 18:00:31.754003|[g:1][CONSENSUS][PBFT]checkAndChangeView: Reach consensus,org_view=2024,org_changeCycle=0,cur_changeCycle=0,to_view=2025
info|2019-10-25 18:00:32.756552|[g:1][CONSENSUS]addRawPrepare,height=6,reqIdx=2,hash=bf89e276...
info|2019-10-25 18:00:32.756850|[g:1][CONSENSUS][PBFT]checkTimeout Succ,view=2025,toView=2026,nodeIdx=0,changeCycle=0,myNode=3c841dae...,timecost=0.228
info|2019-10-25 18:00:32.760392|[g:1][CONSENSUS][PBFT]checkAndChangeView: Reach consensus,org_view=2025,org_changeCycle=0,cur_changeCycle=0,to_view=2026
info|2019-10-25 18:00:33.403036|[P2P][Service] heartBeat,connected count=3
info|2019-10-25 18:00:33.763411|[g:1][CONSENSUS]addRawPrepare,height=6,reqIdx=3,hash=66c3c5f4...
info|2019-10-25 18:00:33.763643|[g:1][CONSENSUS][PBFT]checkTimeout Succ,view=2026,toView=2027,nodeIdx=0,changeCycle=0,myNode=3c841dae...,timecost=0.209
info|2019-10-25 18:00:33.765970|[g:1][CONSENSUS][PBFT]checkAndChangeView: Reach consensus,org_view=2026,org_changeCycle=0,cur_changeCycle=0,to_view=2027
info|2019-10-25 18:00:34.766248|[g:1][CONSENSUS][SEALER]++++++++++++++++ Generating seal on,blkNum=6,tx=0,nodeIdx=0,hash=e87734cc...
info|2019-10-25 18:00:34.772765|[g:1][CONSENSUS][PBFT]checkTimeout Succ,view=2027,toView=2028,nodeIdx=0,changeCycle=0,myNode=3c841dae...,timecost=0.202
info|2019-10-25 18:00:34.774098|[g:1][CONSENSUS][PBFT]checkAndChangeView: Reach consensus,org_view=2027,org_changeCycle=0,cur_changeCycle=0,to_view=2028
info|2019-10-25 18:00:35.773528|[g:1][CONSENSUS]addRawPrepare,height=6,reqIdx=1,hash=2cf754f1...
info|2019-10-25 18:00:35.773752|[g:1][CONSENSUS][PBFT]checkTimeout Succ,view=2028,toView=2029,nodeIdx=0,changeCycle=0,myNode=3c841dae...,timecost=0.2
info|2019-10-25 18:00:35.775611|[g:1][CONSENSUS][PBFT]checkAndChangeView: Reach consensus,org_view=2028,org_changeCycle=0,cur_changeCycle=0,to_view=2029
info|2019-10-25 18:00:36.778364|[g:1][CONSENSUS]addRawPrepare,height=6,reqIdx=2,hash=1df9a708...
info|2019-10-25 18:00:36.778698|[g:1][CONSENSUS][PBFT]checkTimeout Succ,view=2029,toView=2030,nodeIdx=0,changeCycle=0,myNode=3c841dae...,timecost=0.245
info|2019-10-25 18:00:36.782619|[g:1][CONSENSUS][PBFT]checkAndChangeView: Reach consensus,org_view=2029,org_changeCycle=0,cur_changeCycle=0,to_view=2030
info|2019-10-25 18:00:37.784103|[g:1][CONSENSUS]addRawPrepare,height=6,reqIdx=3,hash=81bcf501...
info|2019-10-25 18:00:37.784331|[g:1][CONSENSUS][PBFT]checkTimeout Succ,view=2030,toView=2031,nodeIdx=0,changeCycle=0,myNode=3c841dae...,timecost=0.201
info|2019-10-25 18:00:37.785917|[g:1][CONSENSUS][PBFT]checkAndChangeView: Reach consensus,org_view=2030,org_changeCycle=0,cur_changeCycle=0,to_view=2031
info|2019-10-25 18:00:38.787504|[g:1][CONSENSUS][SEALER]++++++++++++++++ Generating seal on,blkNum=6,tx=0,nodeIdx=0,hash=9cdd6a1a...
info|2019-10-25 18:00:38.794275|[g:1][CONSENSUS][PBFT]checkTimeout Succ,view=2031,toView=2032,nodeIdx=0,changeCycle=0,myNode=3c841dae...,timecost=0.334
info|2019-10-25 18:00:38.795071|[g:1][CONSENSUS][PBFT]checkAndChangeView: Reach consensus,org_view=2031,org_changeCycle=0,cur_changeCycle=0,to_view=2032
info|2019-10-25 18:00:39.796604|[g:1][CONSENSUS]addRawPrepare,height=6,reqIdx=1,hash=50992d31...
info|2019-10-25 18:00:39.796858|[g:1][CONSENSUS][PBFT]checkTimeout Succ,view=2032,toView=2033,nodeIdx=0,changeCycle=0,myNode=3c841dae...,timecost=0.223
info|2019-10-25 18:00:39.799122|[g:1][CONSENSUS][PBFT]checkAndChangeView: Reach consensus,org_view=2032,org_changeCycle=0,cur_changeCycle=0,to_view=2033
info|2019-10-25 18:00:40.801592|[g:1][CONSENSUS]addRawPrepare,height=6,reqIdx=2,hash=472cd55f...
info|2019-10-25 18:00:40.801850|[g:1][CONSENSUS][PBFT]checkTimeout Succ,view=2033,toView=2034,nodeIdx=0,changeCycle=0,myNode=3c841dae...,timecost=0.189
info|2019-10-25 18:00:40.805437|[g:1][CONSENSUS][PBFT]checkAndChangeView: Reach consensus,org_view=2033,org_changeCycle=0,cur_changeCycle=0,to_view=2034
info|2019-10-25 18:00:41.807908|[g:1][CONSENSUS]addRawPrepare,height=6,reqIdx=3,hash=0f77461a...
info|2019-10-25 18:00:41.808133|[g:1][CONSENSUS][PBFT]checkTimeout Succ,view=2034,toView=2035,nodeIdx=0,changeCycle=0,myNode=3c841dae...,timecost=0.201
info|2019-10-25 18:00:41.809322|[g:1][CONSENSUS][PBFT]checkAndChangeView: Reach consensus,org_view=2034,org_changeCycle=0,cur_changeCycle=0,to_view=2035
info|2019-10-25 18:00:42.810536|[g:1][CONSENSUS][SEALER]++++++++++++++++ Generating seal on,blkNum=6,tx=0,nodeIdx=0,hash=5a6262eb...
info|2019-10-25 18:00:42.816750|[g:1][CONSENSUS][PBFT]checkTimeout Succ,view=2035,toView=2036,nodeIdx=0,changeCycle=0,myNode=3c841dae...,timecost=0.205
info|2019-10-25 18:00:42.817542|[g:1][CONSENSUS][PBFT]checkAndChangeView: Reach consensus,org_view=2035,org_changeCycle=0,cur_changeCycle=0,to_view=2036
info|2019-10-25 18:00:43.403116|[P2P][Service] heartBeat,connected count=3
info|2019-10-25 18:00:43.818187|[g:1][CONSENSUS]addRawPrepare,height=6,reqIdx=1,hash=40e12141...
info|2019-10-25 18:00:43.818396|[g:1][CONSENSUS][PBFT]checkTimeout Succ,view=2036,toView=2037,nodeIdx=0,changeCycle=0,myNode=3c841dae...,timecost=0.187
info|2019-10-25 18:00:43.821119|[g:1][CONSENSUS][PBFT]checkAndChangeView: Reach consensus,org_view=2036,org_changeCycle=0,cur_changeCycle=0,to_view=2037
info|2019-10-25 18:00:44.823613|[g:1][CONSENSUS]addRawPrepare,height=6,reqIdx=2,hash=56c5d4ff...
info|2019-10-25 18:00:44.824093|[g:1][CONSENSUS][PBFT]checkTimeout Succ,view=2037,toView=2038,nodeIdx=0,changeCycle=0,myNode=3c841dae...,timecost=0.366
info|2019-10-25 18:00:44.829696|[g:1][CONSENSUS][PBFT]checkAndChangeView: Reach consensus,org_view=2037,org_changeCycle=0,cur_changeCycle=0,to_view=2038
info|2019-10-25 18:00:45.837114|[g:1][CONSENSUS]addRawPrepare,height=6,reqIdx=3,hash=700b1dc7...
info|2019-10-25 18:00:45.839343|[g:1][CONSENSUS][PBFT]checkTimeout Succ,view=2038,toView=2039,nodeIdx=0,changeCycle=0,myNode=3c841dae...,timecost=2.164
info|2019-10-25 18:00:45.842072|[g:1][CONSENSUS][PBFT]checkAndChangeView: Reach consensus,org_view=2038,org_changeCycle=0,cur_changeCycle=0,to_view=2039
info|2019-10-25 18:00:46.843852|[g:1][CONSENSUS][SEALER]++++++++++++++++ Generating seal on,blkNum=6,tx=0,nodeIdx=0,hash=6411e3bb...
info|2019-10-25 18:00:46.850294|[g:1][CONSENSUS][PBFT]checkTimeout Succ,view=2039,toView=2040,nodeIdx=0,changeCycle=0,myNode=3c841dae...,timecost=0.255
info|2019-10-25 18:00:46.851192|[g:1][CONSENSUS][PBFT]checkAndChangeView: Reach consensus,org_view=2039,org_changeCycle=0,cur_changeCycle=0,to_view=2040
info|2019-10-25 18:00:47.852106|[g:1][CONSENSUS]addRawPrepare,height=6,reqIdx=1,hash=c9242b66...
info|2019-10-25 18:00:47.852344|[g:1][CONSENSUS][PBFT]checkTimeout Succ,view=2040,toView=2041,nodeIdx=0,changeCycle=0,myNode=3c841dae...,timecost=0.208
info|2019-10-25 18:00:47.854113|[g:1][CONSENSUS][PBFT]checkAndChangeView: Reach consensus,org_view=2040,org_changeCycle=0,cur_changeCycle=0,to_view=2041
info|2019-10-25 18:00:48.856414|[g:1][CONSENSUS]addRawPrepare,height=6,reqIdx=2,hash=1293a12f...
info|2019-10-25 18:00:48.859372|[g:1][CONSENSUS][PBFT]checkTimeout Succ,view=2041,toView=2042,nodeIdx=0,changeCycle=0,myNode=3c841dae...,timecost=2.868
info|2019-10-25 18:00:48.860371|[g:1][CONSENSUS][PBFT]checkAndChangeView: Reach consensus,org_view=2041,org_changeCycle=0,cur_changeCycle=0,to_view=2042
info|2019-10-25 18:00:49.864554|[g:1][CONSENSUS]addRawPrepare,height=6,reqIdx=3,hash=b339063c...
info|2019-10-25 18:00:49.865894|[g:1][CONSENSUS][PBFT]checkTimeout Succ,view=2042,toView=2043,nodeIdx=0,changeCycle=0,myNode=3c841dae...,timecost=1.32
info|2019-10-25 18:00:49.870921|[g:1][CONSENSUS][PBFT]checkAndChangeView: Reach consensus,org_view=2042,org_changeCycle=0,cur_changeCycle=0,to_view=2043
info|2019-10-25 18:00:50.873087|[g:1][CONSENSUS][SEALER]++++++++++++++++ Generating seal on,blkNum=6,tx=0,nodeIdx=0,hash=9990999b...
info|2019-10-25 18:00:50.883412|[g:1][CONSENSUS][PBFT]checkTimeout Succ,view=2043,toView=2044,nodeIdx=0,changeCycle=0,myNode=3c841dae...,timecost=0.224
info|2019-10-25 18:00:50.884347|[g:1][CONSENSUS][PBFT]checkAndChangeView: Reach consensus,org_view=2043,org_changeCycle=0,cur_changeCycle=0,to_view=2044
info|2019-10-25 18:00:51.885507|[g:1][CONSENSUS]addRawPrepare,height=6,reqIdx=1,hash=cbbcb880...
info|2019-10-25 18:00:51.885727|[g:1][CONSENSUS][PBFT]checkTimeout Succ,view=2044,toView=2045,nodeIdx=0,changeCycle=0,myNode=3c841dae...,timecost=0.197
info|2019-10-25 18:00:51.889676|[g:1][CONSENSUS][PBFT]checkAndChangeView: Reach consensus,org_view=2044,org_changeCycle=0,cur_changeCycle=0,to_view=2045
info|2019-10-25 18:00:52.893005|[g:1][CONSENSUS]addRawPrepare,height=6,reqIdx=2,hash=f2c92df5...
info|2019-10-25 18:00:52.895275|[g:1][CONSENSUS][PBFT]checkTimeout Succ,view=2045,toView=2046,nodeIdx=0,changeCycle=0,myNode=3c841dae...,timecost=2.196
info|2019-10-25 18:00:52.895848|[g:1][CONSENSUS][PBFT]checkAndChangeView: Reach consensus,org_view=2045,org_changeCycle=0,cur_changeCycle=0,to_view=2046
info|2019-10-25 18:00:53.403457|[P2P][Service] heartBeat,connected count=3
