info|2019-12-12 19:15:58.042009|[P2P][Service] heartBeat,connected count=4
warning|2019-12-12 19:15:58.057896|[g:1][CONSENSUS][PBFT]ViewChangeWarning: not caused by omit empty block ,v=724,toV=725,curNum=28,hash=965ae6f1...,nodeIdx=0,myNode=3c841dae...
info|2019-12-12 19:15:58.057981|[g:1][CONSENSUS][PBFT]checkTimeout Succ,view=724,toView=725,nodeIdx=0,changeCycle=1,myNode=3c841dae...,timecost=0.26
warning|2019-12-12 19:15:58.170408|[SYNC][id:3c841dae...][Status]Peer data not found,nodeId=6e4f3ba3...
info|2019-12-12 19:15:58.249065|[g:1][CONSENSUS][PBFT]checkAndChangeView: Reach consensus,org_view=724,org_changeCycle=1,cur_changeCycle=1,to_view=725
info|2019-12-12 19:15:59.808414|[g:1][CONSENSUS]addRawPrepare,height=29,reqIdx=1,hash=35854229...
info|2019-12-12 19:15:59.823685|[g:1][CONSENSUS][PBFT]checkTimeout Succ,view=725,toView=726,nodeIdx=0,changeCycle=0,myNode=3c841dae...,timecost=15.158
info|2019-12-12 19:15:59.893988|[g:1][CONSENSUS][PBFT]checkAndChangeView: Reach consensus,org_view=725,org_changeCycle=0,cur_changeCycle=0,to_view=726
info|2019-12-12 19:16:02.146879|[g:1][CONSENSUS]addRawPrepare,height=29,reqIdx=2,hash=3dfd4d6d...
info|2019-12-12 19:16:02.152105|[g:1][CONSENSUS][PBFT]checkTimeout Succ,view=726,toView=727,nodeIdx=0,changeCycle=0,myNode=3c841dae...,timecost=0.534
info|2019-12-12 19:16:02.161205|[g:1][CONSENSUS][PBFT]checkAndChangeView: Reach consensus,org_view=726,org_changeCycle=0,cur_changeCycle=0,to_view=727
info|2019-12-12 19:16:03.037185|[NETWORK][Session]Received topic: [7	_block_notify_1] from 6f9974710b9ea562ecc6a6823039b05e159d8669f228efa0c8b8234f08c2b75fb97eecdae4ef16bc99800bdfa03ed03d619629887e9c1c8b46ad79f5d38c4991
info|2019-12-12 19:16:03.158476|[g:1][CONSENSUS]addRawPrepare,height=29,reqIdx=3,hash=07b58015...
info|2019-12-12 19:16:03.169875|[g:1][CONSENSUS][PBFT]checkTimeout Succ,view=727,toView=728,nodeIdx=0,changeCycle=0,myNode=3c841dae...,timecost=0.393
info|2019-12-12 19:16:03.199984|[g:1][CONSENSUS][PBFT]checkAndChangeView: Reach consensus,org_view=727,org_changeCycle=0,cur_changeCycle=0,to_view=728
warning|2019-12-12 19:16:03.233674|[SYNC][id:3c841dae...][Status]Peer data not found,nodeId=6e4f3ba3...
info|2019-12-12 19:16:04.200877|[g:1][CONSENSUS][SEALER]++++++++++++++++ Generating seal on,blkNum=29,tx=0,nodeIdx=0,hash=98af8411...
info|2019-12-12 19:16:04.213018|[g:1][CONSENSUS][PBFT]checkTimeout Succ,view=728,toView=729,nodeIdx=0,changeCycle=0,myNode=3c841dae...,timecost=0.367
info|2019-12-12 19:16:04.215343|[g:1][CONSENSUS][PBFT]checkAndChangeView: Reach consensus,org_view=728,org_changeCycle=0,cur_changeCycle=0,to_view=729
info|2019-12-12 19:16:05.212793|[g:1][CONSENSUS]addRawPrepare,height=29,reqIdx=1,hash=0757c4c6...
info|2019-12-12 19:16:05.213030|[g:1][CONSENSUS][PBFT]checkTimeout Succ,view=729,toView=730,nodeIdx=0,changeCycle=0,myNode=3c841dae...,timecost=0.208
info|2019-12-12 19:16:05.215244|[g:1][CONSENSUS][PBFT]checkAndChangeView: Reach consensus,org_view=729,org_changeCycle=0,cur_changeCycle=0,to_view=730
info|2019-12-12 19:16:06.220096|[g:1][CONSENSUS]addRawPrepare,height=29,reqIdx=2,hash=136bd869...
info|2019-12-12 19:16:06.220562|[g:1][CONSENSUS][PBFT]checkTimeout Succ,view=730,toView=731,nodeIdx=0,changeCycle=0,myNode=3c841dae...,timecost=0.41
info|2019-12-12 19:16:06.232841|[g:1][CONSENSUS][PBFT]checkAndChangeView: Reach consensus,org_view=730,org_changeCycle=0,cur_changeCycle=0,to_view=731
info|2019-12-12 19:16:07.237156|[g:1][CONSENSUS]addRawPrepare,height=29,reqIdx=3,hash=e657a00c...
info|2019-12-12 19:16:07.237430|[g:1][CONSENSUS][PBFT]checkTimeout Succ,view=731,toView=732,nodeIdx=0,changeCycle=0,myNode=3c841dae...,timecost=0.195
info|2019-12-12 19:16:07.241353|[g:1][CONSENSUS][PBFT]checkAndChangeView: Reach consensus,org_view=731,org_changeCycle=0,cur_changeCycle=0,to_view=732
info|2019-12-12 19:16:08.042094|[P2P][Service] heartBeat,connected count=4
warning|2019-12-12 19:16:08.241017|[SYNC][id:3c841dae...][Status]Peer data not found,nodeId=6e4f3ba3...
info|2019-12-12 19:16:08.241361|[g:1][CONSENSUS][SEALER]++++++++++++++++ Generating seal on,blkNum=29,tx=0,nodeIdx=0,hash=1770a303...
info|2019-12-12 19:16:08.249532|[g:1][CONSENSUS][PBFT]checkTimeout Succ,view=732,toView=733,nodeIdx=0,changeCycle=0,myNode=3c841dae...,timecost=0.238
info|2019-12-12 19:16:08.250331|[g:1][CONSENSUS][PBFT]checkAndChangeView: Reach consensus,org_view=732,org_changeCycle=0,cur_changeCycle=0,to_view=733
info|2019-12-12 19:16:09.249084|[g:1][CONSENSUS]addRawPrepare,height=29,reqIdx=1,hash=1e299f8c...
info|2019-12-12 19:16:09.249305|[g:1][CONSENSUS][PBFT]checkTimeout Succ,view=733,toView=734,nodeIdx=0,changeCycle=0,myNode=3c841dae...,timecost=0.198
info|2019-12-12 19:16:09.250962|[g:1][CONSENSUS][PBFT]checkAndChangeView: Reach consensus,org_view=733,org_changeCycle=0,cur_changeCycle=0,to_view=734
info|2019-12-12 19:16:10.256465|[g:1][CONSENSUS]addRawPrepare,height=29,reqIdx=2,hash=7133b50b...
info|2019-12-12 19:16:10.256677|[g:1][CONSENSUS][PBFT]checkTimeout Succ,view=734,toView=735,nodeIdx=0,changeCycle=0,myNode=3c841dae...,timecost=0.19
info|2019-12-12 19:16:10.258600|[g:1][CONSENSUS][PBFT]checkAndChangeView: Reach consensus,org_view=734,org_changeCycle=0,cur_changeCycle=0,to_view=735
info|2019-12-12 19:16:11.260540|[g:1][CONSENSUS]addRawPrepare,height=29,reqIdx=3,hash=97af5c34...
info|2019-12-12 19:16:11.260854|[g:1][CONSENSUS][PBFT]checkTimeout Succ,view=735,toView=736,nodeIdx=0,changeCycle=0,myNode=3c841dae...,timecost=0.244
info|2019-12-12 19:16:11.265111|[g:1][CONSENSUS][PBFT]checkAndChangeView: Reach consensus,org_view=735,org_changeCycle=0,cur_changeCycle=0,to_view=736
info|2019-12-12 19:16:12.265287|[g:1][CONSENSUS][SEALER]++++++++++++++++ Generating seal on,blkNum=29,tx=0,nodeIdx=0,hash=3ae6272a...
info|2019-12-12 19:16:12.271528|[g:1][CONSENSUS][PBFT]checkTimeout Succ,view=736,toView=737,nodeIdx=0,changeCycle=0,myNode=3c841dae...,timecost=0.2
info|2019-12-12 19:16:12.272425|[g:1][CONSENSUS][PBFT]checkAndChangeView: Reach consensus,org_view=736,org_changeCycle=0,cur_changeCycle=0,to_view=737
warning|2019-12-12 19:16:13.260129|[SYNC][id:3c841dae...][Status]Peer data not found,nodeId=6e4f3ba3...
info|2019-12-12 19:16:13.281906|[g:1][CONSENSUS]addRawPrepare,height=29,reqIdx=1,hash=3fa85fd6...
info|2019-12-12 19:16:13.282220|[g:1][CONSENSUS][PBFT]checkTimeout Succ,view=737,toView=738,nodeIdx=0,changeCycle=0,myNode=3c841dae...,timecost=0.288
info|2019-12-12 19:16:13.291530|[g:1][CONSENSUS][PBFT]checkAndChangeView: Reach consensus,org_view=737,org_changeCycle=0,cur_changeCycle=0,to_view=738
info|2019-12-12 19:16:14.296520|[g:1][CONSENSUS]addRawPrepare,height=29,reqIdx=2,hash=290f7801...
info|2019-12-12 19:16:14.296987|[g:1][CONSENSUS][PBFT]checkTimeout Succ,view=738,toView=739,nodeIdx=0,changeCycle=0,myNode=3c841dae...,timecost=0.417
info|2019-12-12 19:16:14.301963|[g:1][CONSENSUS][PBFT]checkAndChangeView: Reach consensus,org_view=738,org_changeCycle=0,cur_changeCycle=0,to_view=739
info|2019-12-12 19:16:15.304724|[g:1][CONSENSUS]addRawPrepare,height=29,reqIdx=3,hash=0573a12d...
info|2019-12-12 19:16:15.305025|[g:1][CONSENSUS][PBFT]checkTimeout Succ,view=739,toView=740,nodeIdx=0,changeCycle=0,myNode=3c841dae...,timecost=0.228
info|2019-12-12 19:16:15.312569|[g:1][CONSENSUS][PBFT]checkAndChangeView: Reach consensus,org_view=739,org_changeCycle=0,cur_changeCycle=0,to_view=740
info|2019-12-12 19:16:16.314110|[g:1][CONSENSUS][SEALER]++++++++++++++++ Generating seal on,blkNum=29,tx=0,nodeIdx=0,hash=aa27a2c5...
info|2019-12-12 19:16:16.320521|[g:1][CONSENSUS][PBFT]checkTimeout Succ,view=740,toView=741,nodeIdx=0,changeCycle=0,myNode=3c841dae...,timecost=0.202
info|2019-12-12 19:16:16.321461|[g:1][CONSENSUS][PBFT]checkAndChangeView: Reach consensus,org_view=740,org_changeCycle=0,cur_changeCycle=0,to_view=741
info|2019-12-12 19:16:17.321255|[g:1][CONSENSUS]addRawPrepare,height=29,reqIdx=1,hash=c8330f4e...
info|2019-12-12 19:16:17.321510|[g:1][CONSENSUS][PBFT]checkTimeout Succ,view=741,toView=742,nodeIdx=0,changeCycle=0,myNode=3c841dae...,timecost=0.232
info|2019-12-12 19:16:17.323449|[g:1][CONSENSUS][PBFT]checkAndChangeView: Reach consensus,org_view=741,org_changeCycle=0,cur_changeCycle=0,to_view=742
info|2019-12-12 19:16:18.042183|[P2P][Service] heartBeat,connected count=4
warning|2019-12-12 19:16:18.267760|[SYNC][id:3c841dae...][Status]Peer data not found,nodeId=6e4f3ba3...
info|2019-12-12 19:16:18.332159|[g:1][CONSENSUS]addRawPrepare,height=29,reqIdx=2,hash=2d1abde1...
info|2019-12-12 19:16:18.332382|[g:1][CONSENSUS][PBFT]checkTimeout Succ,view=742,toView=743,nodeIdx=0,changeCycle=0,myNode=3c841dae...,timecost=0.198
info|2019-12-12 19:16:18.332694|[g:1][CONSENSUS][PBFT]checkAndChangeView: Reach consensus,org_view=742,org_changeCycle=0,cur_changeCycle=0,to_view=743
info|2019-12-12 19:16:19.335827|[g:1][CONSENSUS]addRawPrepare,height=29,reqIdx=3,hash=31ac9a1b...
info|2019-12-12 19:16:19.339477|[g:1][CONSENSUS][PBFT]checkTimeout Succ,view=743,toView=744,nodeIdx=0,changeCycle=0,myNode=3c841dae...,timecost=3.574
info|2019-12-12 19:16:19.348084|[g:1][CONSENSUS][PBFT]checkAndChangeView: Reach consensus,org_view=743,org_changeCycle=0,cur_changeCycle=0,to_view=744
info|2019-12-12 19:16:20.351112|[g:1][CONSENSUS][SEALER]++++++++++++++++ Generating seal on,blkNum=29,tx=0,nodeIdx=0,hash=b4130216...
info|2019-12-12 19:16:20.352050|[g:1][CONSENSUS][PBFT]checkTimeout Succ,view=744,toView=745,nodeIdx=0,changeCycle=0,myNode=3c841dae...,timecost=0.234
info|2019-12-12 19:16:20.359167|[g:1][CONSENSUS][PBFT]checkAndChangeView: Reach consensus,org_view=744,org_changeCycle=0,cur_changeCycle=0,to_view=745
info|2019-12-12 19:16:21.368097|[g:1][CONSENSUS]addRawPrepare,height=29,reqIdx=1,hash=92b7aeea...
info|2019-12-12 19:16:21.368338|[g:1][CONSENSUS][PBFT]checkTimeout Succ,view=745,toView=746,nodeIdx=0,changeCycle=0,myNode=3c841dae...,timecost=0.219
info|2019-12-12 19:16:21.374271|[g:1][CONSENSUS][PBFT]checkAndChangeView: Reach consensus,org_view=745,org_changeCycle=0,cur_changeCycle=0,to_view=746
info|2019-12-12 19:16:22.378918|[g:1][CONSENSUS]addRawPrepare,height=29,reqIdx=2,hash=f7b63e15...
info|2019-12-12 19:16:22.381418|[g:1][CONSENSUS][PBFT]checkTimeout Succ,view=746,toView=747,nodeIdx=0,changeCycle=0,myNode=3c841dae...,timecost=2.389
info|2019-12-12 19:16:22.384688|[g:1][CONSENSUS][PBFT]checkAndChangeView: Reach consensus,org_view=746,org_changeCycle=0,cur_changeCycle=0,to_view=747
warning|2019-12-12 19:16:23.275677|[SYNC][id:3c841dae...][Status]Peer data not found,nodeId=6e4f3ba3...
info|2019-12-12 19:16:23.386613|[g:1][CONSENSUS]addRawPrepare,height=29,reqIdx=3,hash=78338392...
info|2019-12-12 19:16:23.386918|[g:1][CONSENSUS][PBFT]checkTimeout Succ,view=747,toView=748,nodeIdx=0,changeCycle=0,myNode=3c841dae...,timecost=0.195
info|2019-12-12 19:16:23.391716|[g:1][CONSENSUS][PBFT]checkAndChangeView: Reach consensus,org_view=747,org_changeCycle=0,cur_changeCycle=0,to_view=748
info|2019-12-12 19:16:24.391194|[g:1][CONSENSUS][SEALER]++++++++++++++++ Generating seal on,blkNum=29,tx=0,nodeIdx=0,hash=a048e6fc...
info|2019-12-12 19:16:24.400977|[g:1][CONSENSUS][PBFT]checkTimeout Succ,view=748,toView=749,nodeIdx=0,changeCycle=0,myNode=3c841dae...,timecost=0.209
info|2019-12-12 19:16:24.404070|[g:1][CONSENSUS][PBFT]checkAndChangeView: Reach consensus,org_view=748,org_changeCycle=0,cur_changeCycle=0,to_view=749
info|2019-12-12 19:16:25.401239|[g:1][CONSENSUS]addRawPrepare,height=29,reqIdx=1,hash=519e2da3...
info|2019-12-12 19:16:25.401471|[g:1][CONSENSUS][PBFT]checkTimeout Succ,view=749,toView=750,nodeIdx=0,changeCycle=0,myNode=3c841dae...,timecost=0.206
info|2019-12-12 19:16:25.403570|[g:1][CONSENSUS][PBFT]checkAndChangeView: Reach consensus,org_view=749,org_changeCycle=0,cur_changeCycle=0,to_view=750
info|2019-12-12 19:16:26.406154|[g:1][CONSENSUS]addRawPrepare,height=29,reqIdx=2,hash=9de22c8a...
info|2019-12-12 19:16:26.406385|[g:1][CONSENSUS][PBFT]checkTimeout Succ,view=750,toView=751,nodeIdx=0,changeCycle=0,myNode=3c841dae...,timecost=0.203
info|2019-12-12 19:16:26.411075|[g:1][CONSENSUS][PBFT]checkAndChangeView: Reach consensus,org_view=750,org_changeCycle=0,cur_changeCycle=0,to_view=751
info|2019-12-12 19:16:27.411984|[g:1][CONSENSUS]addRawPrepare,height=29,reqIdx=3,hash=419ff3e7...
info|2019-12-12 19:16:27.412278|[g:1][CONSENSUS][PBFT]checkTimeout Succ,view=751,toView=752,nodeIdx=0,changeCycle=0,myNode=3c841dae...,timecost=0.198
info|2019-12-12 19:16:27.415662|[g:1][CONSENSUS][PBFT]checkAndChangeView: Reach consensus,org_view=751,org_changeCycle=0,cur_changeCycle=0,to_view=752
info|2019-12-12 19:16:28.042238|[P2P][Service] heartBeat,connected count=4
warning|2019-12-12 19:16:28.285875|[SYNC][id:3c841dae...][Status]Peer data not found,nodeId=6e4f3ba3...
info|2019-12-12 19:16:28.416967|[g:1][CONSENSUS][SEALER]++++++++++++++++ Generating seal on,blkNum=29,tx=0,nodeIdx=0,hash=8674bde8...
info|2019-12-12 19:16:28.420529|[g:1][CONSENSUS][PBFT]checkTimeout Succ,view=752,toView=753,nodeIdx=0,changeCycle=0,myNode=3c841dae...,timecost=0.197
info|2019-12-12 19:16:28.421068|[g:1][CONSENSUS][PBFT]checkAndChangeView: Reach consensus,org_view=752,org_changeCycle=0,cur_changeCycle=0,to_view=753
info|2019-12-12 19:16:29.494583|[g:1][CONSENSUS]addRawPrepare,height=29,reqIdx=1,hash=dddaaa6c...
info|2019-12-12 19:16:29.591899|[g:1][CONSENSUS][PBFT]checkTimeout Succ,view=753,toView=754,nodeIdx=0,changeCycle=0,myNode=3c841dae...,timecost=97.228
info|2019-12-12 19:16:29.592709|[g:1][CONSENSUS][PBFT]checkAndChangeView: Reach consensus,org_view=753,org_changeCycle=0,cur_changeCycle=0,to_view=754
