info|2019-12-13 03:07:05.999470|[P2P][Service] heartBeat,connected count=4
warning|2019-12-13 03:07:06.052997|[g:1][CONSENSUS][PBFT]ViewChangeWarning: not caused by omit empty block ,v=17790,toV=17791,curNum=33,hash=1e4d9270...,nodeIdx=0,myNode=3c841dae...
info|2019-12-13 03:07:06.053285|[g:1][CONSENSUS][PBFT]checkTimeout Succ,view=17790,toView=17791,nodeIdx=0,changeCycle=1,myNode=3c841dae...,timecost=0.484
info|2019-12-13 03:07:06.118021|[g:1][CONSENSUS][PBFT]checkAndChangeView: Reach consensus,org_view=17790,org_changeCycle=1,cur_changeCycle=1,to_view=17791
warning|2019-12-13 03:07:06.138066|[SYNC][id:3c841dae...][Status]Peer data not found,nodeId=6e4f3ba3...
info|2019-12-13 03:07:07.137900|[g:1][CONSENSUS][SEALER]++++++++++++++++ Generating seal on,blkNum=34,tx=0,nodeIdx=0,hash=0d92d1f8...
info|2019-12-13 03:07:07.147039|[g:1][CONSENSUS][PBFT]checkTimeout Succ,view=17791,toView=17792,nodeIdx=0,changeCycle=0,myNode=3c841dae...,timecost=0.397
info|2019-12-13 03:07:07.149079|[g:1][CONSENSUS][PBFT]checkAndChangeView: Reach consensus,org_view=17791,org_changeCycle=0,cur_changeCycle=0,to_view=17792
info|2019-12-13 03:07:08.142937|[g:1][CONSENSUS]addRawPrepare,height=34,reqIdx=1,hash=2217496e...
info|2019-12-13 03:07:08.143199|[g:1][CONSENSUS][PBFT]checkTimeout Succ,view=17792,toView=17793,nodeIdx=0,changeCycle=0,myNode=3c841dae...,timecost=0.188
info|2019-12-13 03:07:08.148237|[g:1][CONSENSUS][PBFT]checkAndChangeView: Reach consensus,org_view=17792,org_changeCycle=0,cur_changeCycle=0,to_view=17793
info|2019-12-13 03:07:09.150306|[g:1][CONSENSUS]addRawPrepare,height=34,reqIdx=2,hash=e4932fbc...
info|2019-12-13 03:07:09.150562|[g:1][CONSENSUS][PBFT]checkTimeout Succ,view=17793,toView=17794,nodeIdx=0,changeCycle=0,myNode=3c841dae...,timecost=0.233
info|2019-12-13 03:07:09.152300|[g:1][CONSENSUS][PBFT]checkAndChangeView: Reach consensus,org_view=17793,org_changeCycle=0,cur_changeCycle=0,to_view=17794
info|2019-12-13 03:07:10.153831|[g:1][CONSENSUS]addRawPrepare,height=34,reqIdx=3,hash=f9765408...
info|2019-12-13 03:07:10.154104|[g:1][CONSENSUS][PBFT]checkTimeout Succ,view=17794,toView=17795,nodeIdx=0,changeCycle=0,myNode=3c841dae...,timecost=0.196
info|2019-12-13 03:07:10.158185|[g:1][CONSENSUS][PBFT]checkAndChangeView: Reach consensus,org_view=17794,org_changeCycle=0,cur_changeCycle=0,to_view=17795
info|2019-12-13 03:07:11.005717|[NETWORK][Session]Received topic: [11	_block_notify_1] from 6f9974710b9ea562ecc6a6823039b05e159d8669f228efa0c8b8234f08c2b75fb97eecdae4ef16bc99800bdfa03ed03d619629887e9c1c8b46ad79f5d38c4991
warning|2019-12-13 03:07:11.049361|[SYNC][id:3c841dae...][Status]Peer data not found,nodeId=6e4f3ba3...
info|2019-12-13 03:07:11.159741|[g:1][CONSENSUS][SEALER]++++++++++++++++ Generating seal on,blkNum=34,tx=0,nodeIdx=0,hash=917fdc93...
info|2019-12-13 03:07:11.164247|[g:1][CONSENSUS][PBFT]checkTimeout Succ,view=17795,toView=17796,nodeIdx=0,changeCycle=0,myNode=3c841dae...,timecost=0.21
info|2019-12-13 03:07:11.164833|[g:1][CONSENSUS][PBFT]checkAndChangeView: Reach consensus,org_view=17795,org_changeCycle=0,cur_changeCycle=0,to_view=17796
