info|2019-11-12 18:41:59.831359|[INITIALIZER][initGlobalConfig],enableCompress=true,compatibilityVersion=2.1.0,versionNumber=33619968,chainId=1
info|2019-11-12 18:41:59.874823|[NETWORK][Host]Connecting to node,endpoint=127.0.0.1:30300
info|2019-11-12 18:41:59.889862|[NETWORK][Host]P2P StartAccept,Host=0.0.0.0:30301
info|2019-11-12 18:41:59.890006|[NETWORK][Host]Connecting to node,endpoint=127.0.0.1:30301
info|2019-11-12 18:41:59.890050|[NETWORK][Host]Connecting to node,endpoint=127.0.0.1:30302
info|2019-11-12 18:41:59.890088|[NETWORK][Host]Connecting to node,endpoint=127.0.0.1:30303
info|2019-11-12 18:41:59.890125|[P2P][Service] heartBeat,connected count=0
info|2019-11-12 18:41:59.890593|[CHANNEL]ChannelRPCServer started
info|2019-11-12 18:41:59.890616|[INITIALIZER][RPCInitializer]ChannelRPCHttpServer started.
info|2019-11-12 18:41:59.890635|[LedgerInitializer],groupConfigPath=conf/
info|2019-11-12 18:41:59.894840|[NETWORK][Host]P2P Recv Connect, From=127.0.0.1:50748
info|2019-11-12 18:41:59.894911|[NETWORK][Host]P2P StartAccept,Host=0.0.0.0:30301
info|2019-11-12 18:41:59.907733|[NETWORK][ASIO]asyncResolveConnect,endpoint=127.0.0.1:30300
info|2019-11-12 18:41:59.907792|[NETWORK][ASIO]asyncResolveConnect,endpoint=127.0.0.1:30301
info|2019-11-12 18:41:59.907833|[NETWORK][ASIO]asyncResolveConnect,endpoint=127.0.0.1:30302
info|2019-11-12 18:41:59.907873|[NETWORK][ASIO]asyncResolveConnect,endpoint=127.0.0.1:30303
info|2019-11-12 18:41:59.907907|[NETWORK][Host]P2P Recv Connect, From=127.0.0.1:50758
info|2019-11-12 18:41:59.907953|[NETWORK][Host]P2P StartAccept,Host=0.0.0.0:30301
info|2019-11-12 18:41:59.909053|[INITIALIZER][initSingleLedger] [GroupId]:  1
info|2019-11-12 18:41:59.909082|[g:1][LEDGER]LedgerConstructor,configPath=conf/group.1.genesis,baseDir=data//group1
info|2019-11-12 18:41:59.909097|[g:1][LEDGER][initGenesisConfig]initConsensusConfig/initDBConfig/initTxConfig,configFile=conf/group.1.genesis
info|2019-11-12 18:41:59.909178|[g:1][LEDGER][initConsensusConfig],it.first=6f9974710b9ea562ecc6a6823039b05e159d8669f228efa0c8b8234f08c2b75fb97eecdae4ef16bc99800bdfa03ed03d619629887e9c1c8b46ad79f5d38c4991
info|2019-11-12 18:41:59.909205|[g:1][LEDGER][initConsensusConfig],it.first=3c841dae42d67ff6c383c1bb1de35a240c03722517cf3711eacd8c8d1b168ac146b4580f67399b4d7d2a36358faea19bc9d7875a3160147b3b9c3c9eb331f80c
info|2019-11-12 18:41:59.909228|[g:1][LEDGER][initConsensusConfig],it.first=7977f13736cfe14481107f9daa8a957d5156ba4f001285ee5d658512a97bedebf72a47213feba7cce05ecd2639f2426ad79a3abd436fe58d3eab1d37c47da13c
info|2019-11-12 18:41:59.909251|[g:1][LEDGER][initConsensusConfig],it.first=9303553ad8ac45cce2b6dfa1efc53e16bad3db119e47da65b9656ed9be68073f3a68780aaf85b2d1545a93db9d541276a33bdd6f3bef1baab3c8c44880e1837a
info|2019-11-12 18:41:59.909290|[g:1][LEDGER][initIniConfig]initTxPoolConfig/initSyncConfig/initTxExecuteConfig,configFile=conf/group.1.ini
info|2019-11-12 18:41:59.909713|[g:1][LEDGER][initLedger][DBInitializer]
info|2019-11-12 18:41:59.909739|[g:1][DBINITIALIZER] [initRocksDBStorage]
info|2019-11-12 18:41:59.909770|[g:1][ROCKSDB]open rocksDB handler
info|2019-11-12 18:41:59.927727|[NETWORK][Host]P2P Recv Connect, From=127.0.0.1:50768
info|2019-11-12 18:41:59.927780|[NETWORK][Host]P2P StartAccept,Host=0.0.0.0:30301
info|2019-11-12 18:41:59.931088|[NETWORK][Host]P2P Recv Connect, From=127.0.0.1:50774
info|2019-11-12 18:41:59.931132|[NETWORK][Host]P2P StartAccept,Host=0.0.0.0:30301
info|2019-11-12 18:41:59.934501|[NETWORK][Host]P2P Recv Connect, From=127.0.0.1:50782
info|2019-11-12 18:41:59.934534|[NETWORK][Host]P2P StartAccept,Host=0.0.0.0:30301
info|2019-11-12 18:41:59.995229|[g:1][g:0][STORAGE][CachedStorage]Init flushStorage thread
info|2019-11-12 18:41:59.995589|[g:1][BLOCKCHAIN][#checkAndBuildGenesisBlock]Already have the 0th block, 0th groupMark is equal to file groupMark.
info|2019-11-12 18:41:59.996426|[g:1][CONSENSUS][PBFT]Register handler for PBFTEngine
info|2019-11-12 18:42:00.001468|[g:1][CONSENSUS][PBFT],minBlockGenerationTime=500
info|2019-11-12 18:42:00.001514|[LedgerInitializer init group succ],groupID=1
info|2019-11-12 18:42:00.007614|[INITIALIZER][RPCInitializer]JsonrpcHttpServer started.
info|2019-11-12 18:42:00.007686|[g:1][LEDGER]startAll...
info|2019-11-12 18:42:00.014468|[g:1][CONSENSUS][PBFT]^^^^^^^^Report,num=8,sealerIdx=1,hash=83ea54fc...,next=9,tx=1,nodeIdx=0
info|2019-11-12 18:42:00.032026|[g:1][CONSENSUS][PBFT][PBFT init env successfully]
info|2019-11-12 18:42:00.032057|[g:1][CONSENSUS][ConsensusEngine][Start ConsensusEngineBase]
info|2019-11-12 18:42:00.042245|[g:1][CONSENSUS][PBFT][Start PBFTEngine...]
info|2019-11-12 18:42:00.042265|[g:1][CONSENSUS][SEALER][Start sealer module]
info|2019-11-12 18:42:00.049084|[g:1][EVENT][EventLogFilterManager]start,m_maxBlockRange=0,m_maxBlockPerLoopFilter=3
info|2019-11-12 18:42:00.079337|[NETWORK][Host]startPeerSession, From=127.0.0.1:50768,nodeID=3c841dae...
info|2019-11-12 18:42:00.125335|[NETWORK][Host]startPeerSession, From=127.0.0.1:30301,nodeID=3c841dae...
info|2019-11-12 18:42:00.125499|[P2P][Service] Connection established,nodeID=7977f137...,endpoint=127.0.0.1:30302
info|2019-11-12 18:42:00.125529|[NETWORK][Host]startPeerSession, From=127.0.0.1:30302,nodeID=7977f137...
info|2019-11-12 18:42:00.125593|[P2P][Service] Connection established,nodeID=6e4f3ba3...,endpoint=127.0.0.1:50758
info|2019-11-12 18:42:00.125616|[NETWORK][Host]startPeerSession, From=127.0.0.1:50758,nodeID=6e4f3ba3...
info|2019-11-12 18:42:00.125671|[P2P][Service] Connection established,nodeID=6f997471...,endpoint=127.0.0.1:50774
info|2019-11-12 18:42:00.125689|[NETWORK][Host]startPeerSession, From=127.0.0.1:50774,nodeID=6f997471...
info|2019-11-12 18:42:00.125743|[P2P][Service] Connection established,nodeID=9303553a...,endpoint=127.0.0.1:50748
info|2019-11-12 18:42:00.125761|[NETWORK][Host]startPeerSession, From=127.0.0.1:50748,nodeID=9303553a...
info|2019-11-12 18:42:00.135927|[NETWORK][Host]startPeerSession, From=127.0.0.1:30300,nodeID=6f997471...
info|2019-11-12 18:42:00.136197|[NETWORK][Host]startPeerSession, From=127.0.0.1:30303,nodeID=9303553a...
info|2019-11-12 18:42:00.136273|[NETWORK][Host]startPeerSession, From=127.0.0.1:50782,nodeID=7977f137...
warning|2019-11-12 18:42:00.214211|[SYNC][id:3c841dae...][Status]Peer data not found,nodeId=7977f137...
warning|2019-11-12 18:42:00.215439|[SYNC][id:3c841dae...][Status]Peer data not found,nodeId=6e4f3ba3...
warning|2019-11-12 18:42:00.216274|[SYNC][id:3c841dae...][Status]Peer data not found,nodeId=9303553a...
info|2019-11-12 18:42:01.032558|[g:1][CONSENSUS][SEALER]++++++++++++++++ Generating seal on,blkNum=9,tx=0,nodeIdx=0,hash=077b7533...
info|2019-11-12 18:42:01.038885|[g:1][CONSENSUS][PBFT]checkTimeout Succ,view=0,toView=1,nodeIdx=0,changeCycle=0,myNode=3c841dae...,timecost=0.208
info|2019-11-12 18:42:01.039898|[g:1][CONSENSUS][PBFT]checkAndChangeView: Reach consensus,org_view=0,org_changeCycle=0,cur_changeCycle=0,to_view=1
info|2019-11-12 18:42:02.040273|[g:1][CONSENSUS]addRawPrepare,height=9,reqIdx=1,hash=7797030e...
info|2019-11-12 18:42:02.040543|[g:1][CONSENSUS][PBFT]checkTimeout Succ,view=1,toView=2,nodeIdx=0,changeCycle=0,myNode=3c841dae...,timecost=0.239
info|2019-11-12 18:42:02.042847|[g:1][CONSENSUS][PBFT]checkAndChangeView: Reach consensus,org_view=1,org_changeCycle=0,cur_changeCycle=0,to_view=2
info|2019-11-12 18:42:03.046140|[g:1][CONSENSUS]addRawPrepare,height=9,reqIdx=2,hash=31294bfd...
info|2019-11-12 18:42:03.046388|[g:1][CONSENSUS][PBFT]checkTimeout Succ,view=2,toView=3,nodeIdx=0,changeCycle=0,myNode=3c841dae...,timecost=0.226
info|2019-11-12 18:42:03.049446|[g:1][CONSENSUS][PBFT]checkAndChangeView: Reach consensus,org_view=2,org_changeCycle=0,cur_changeCycle=0,to_view=3
info|2019-11-12 18:42:04.049705|[g:1][CONSENSUS]addRawPrepare,height=9,reqIdx=3,hash=682bcf01...
info|2019-11-12 18:42:04.049962|[g:1][CONSENSUS][PBFT]checkTimeout Succ,view=3,toView=4,nodeIdx=0,changeCycle=0,myNode=3c841dae...,timecost=0.187
info|2019-11-12 18:42:04.053926|[g:1][CONSENSUS][PBFT]checkAndChangeView: Reach consensus,org_view=3,org_changeCycle=0,cur_changeCycle=0,to_view=4
warning|2019-11-12 18:42:05.021320|[SYNC][id:3c841dae...][Status]Peer data not found,nodeId=6e4f3ba3...
info|2019-11-12 18:42:05.055021|[g:1][CONSENSUS][SEALER]++++++++++++++++ Generating seal on,blkNum=9,tx=0,nodeIdx=0,hash=9b6ce45a...
info|2019-11-12 18:42:05.062187|[g:1][CONSENSUS][PBFT]checkTimeout Succ,view=4,toView=5,nodeIdx=0,changeCycle=0,myNode=3c841dae...,timecost=0.194
info|2019-11-12 18:42:05.063400|[g:1][CONSENSUS][PBFT]checkAndChangeView: Reach consensus,org_view=4,org_changeCycle=0,cur_changeCycle=0,to_view=5
info|2019-11-12 18:42:06.063668|[g:1][CONSENSUS]addRawPrepare,height=9,reqIdx=1,hash=d797c701...
info|2019-11-12 18:42:06.064116|[g:1][CONSENSUS][PBFT]checkTimeout Succ,view=5,toView=6,nodeIdx=0,changeCycle=0,myNode=3c841dae...,timecost=0.412
info|2019-11-12 18:42:06.067643|[g:1][CONSENSUS][PBFT]checkAndChangeView: Reach consensus,org_view=5,org_changeCycle=0,cur_changeCycle=0,to_view=6
info|2019-11-12 18:42:07.071440|[g:1][CONSENSUS]addRawPrepare,height=9,reqIdx=2,hash=b8f356ce...
info|2019-11-12 18:42:07.071672|[g:1][CONSENSUS][PBFT]checkTimeout Succ,view=6,toView=7,nodeIdx=0,changeCycle=0,myNode=3c841dae...,timecost=0.207
info|2019-11-12 18:42:07.074443|[g:1][CONSENSUS][PBFT]checkAndChangeView: Reach consensus,org_view=6,org_changeCycle=0,cur_changeCycle=0,to_view=7
info|2019-11-12 18:42:08.075474|[g:1][CONSENSUS]addRawPrepare,height=9,reqIdx=3,hash=cd20b7be...
info|2019-11-12 18:42:08.075788|[g:1][CONSENSUS][PBFT]checkTimeout Succ,view=7,toView=8,nodeIdx=0,changeCycle=0,myNode=3c841dae...,timecost=0.249
info|2019-11-12 18:42:08.079265|[g:1][CONSENSUS][PBFT]checkAndChangeView: Reach consensus,org_view=7,org_changeCycle=0,cur_changeCycle=0,to_view=8
info|2019-11-12 18:42:09.080110|[g:1][CONSENSUS][SEALER]++++++++++++++++ Generating seal on,blkNum=9,tx=0,nodeIdx=0,hash=f49fc35f...
info|2019-11-12 18:42:09.086306|[g:1][CONSENSUS][PBFT]checkTimeout Succ,view=8,toView=9,nodeIdx=0,changeCycle=0,myNode=3c841dae...,timecost=0.265
info|2019-11-12 18:42:09.087242|[g:1][CONSENSUS][PBFT]checkAndChangeView: Reach consensus,org_view=8,org_changeCycle=0,cur_changeCycle=0,to_view=9
info|2019-11-12 18:42:09.890184|[P2P][Service] heartBeat,connected count=4
warning|2019-11-12 18:42:10.029761|[SYNC][id:3c841dae...][Status]Peer data not found,nodeId=6e4f3ba3...
info|2019-11-12 18:42:10.088656|[g:1][CONSENSUS]addRawPrepare,height=9,reqIdx=1,hash=67016af9...
info|2019-11-12 18:42:10.088871|[g:1][CONSENSUS][PBFT]checkTimeout Succ,view=9,toView=10,nodeIdx=0,changeCycle=0,myNode=3c841dae...,timecost=0.19
info|2019-11-12 18:42:10.089193|[g:1][CONSENSUS][PBFT]checkAndChangeView: Reach consensus,org_view=9,org_changeCycle=0,cur_changeCycle=0,to_view=10
info|2019-11-12 18:42:11.095840|[g:1][CONSENSUS]addRawPrepare,height=9,reqIdx=2,hash=54c1dcf5...
info|2019-11-12 18:42:11.096053|[g:1][CONSENSUS][PBFT]checkTimeout Succ,view=10,toView=11,nodeIdx=0,changeCycle=0,myNode=3c841dae...,timecost=0.191
info|2019-11-12 18:42:11.097279|[g:1][CONSENSUS][PBFT]checkAndChangeView: Reach consensus,org_view=10,org_changeCycle=0,cur_changeCycle=0,to_view=11
info|2019-11-12 18:42:12.097961|[g:1][CONSENSUS]addRawPrepare,height=9,reqIdx=3,hash=d33d6a3e...
info|2019-11-12 18:42:12.098225|[g:1][CONSENSUS][PBFT]checkTimeout Succ,view=11,toView=12,nodeIdx=0,changeCycle=0,myNode=3c841dae...,timecost=0.191
info|2019-11-12 18:42:12.101422|[g:1][CONSENSUS][PBFT]checkAndChangeView: Reach consensus,org_view=11,org_changeCycle=0,cur_changeCycle=0,to_view=12
info|2019-11-12 18:42:13.102476|[g:1][CONSENSUS][SEALER]++++++++++++++++ Generating seal on,blkNum=9,tx=0,nodeIdx=0,hash=ea122933...
info|2019-11-12 18:42:13.104377|[g:1][CONSENSUS][PBFT]checkTimeout Succ,view=12,toView=13,nodeIdx=0,changeCycle=0,myNode=3c841dae...,timecost=0.228
info|2019-11-12 18:42:13.107406|[g:1][CONSENSUS][PBFT]checkAndChangeView: Reach consensus,org_view=12,org_changeCycle=0,cur_changeCycle=0,to_view=13
info|2019-11-12 18:42:14.113011|[g:1][CONSENSUS]addRawPrepare,height=9,reqIdx=1,hash=a8e0d090...
info|2019-11-12 18:42:14.113234|[g:1][CONSENSUS][PBFT]checkTimeout Succ,view=13,toView=14,nodeIdx=0,changeCycle=0,myNode=3c841dae...,timecost=0.202
info|2019-11-12 18:42:14.115500|[g:1][CONSENSUS][PBFT]checkAndChangeView: Reach consensus,org_view=13,org_changeCycle=0,cur_changeCycle=0,to_view=14
warning|2019-11-12 18:42:15.036265|[SYNC][id:3c841dae...][Status]Peer data not found,nodeId=6e4f3ba3...
info|2019-11-12 18:42:15.118132|[g:1][CONSENSUS]addRawPrepare,height=9,reqIdx=2,hash=e43b0599...
info|2019-11-12 18:42:15.118416|[g:1][CONSENSUS][PBFT]checkTimeout Succ,view=14,toView=15,nodeIdx=0,changeCycle=0,myNode=3c841dae...,timecost=0.21
info|2019-11-12 18:42:15.123443|[g:1][CONSENSUS][PBFT]checkAndChangeView: Reach consensus,org_view=14,org_changeCycle=0,cur_changeCycle=0,to_view=15
info|2019-11-12 18:42:16.125718|[g:1][CONSENSUS]addRawPrepare,height=9,reqIdx=3,hash=51da1231...
info|2019-11-12 18:42:16.125974|[g:1][CONSENSUS][PBFT]checkTimeout Succ,view=15,toView=16,nodeIdx=0,changeCycle=0,myNode=3c841dae...,timecost=0.184
info|2019-11-12 18:42:16.129473|[g:1][CONSENSUS][PBFT]checkAndChangeView: Reach consensus,org_view=15,org_changeCycle=0,cur_changeCycle=0,to_view=16
info|2019-11-12 18:42:17.131084|[g:1][CONSENSUS][SEALER]++++++++++++++++ Generating seal on,blkNum=9,tx=0,nodeIdx=0,hash=7ec5e488...
info|2019-11-12 18:42:17.137347|[g:1][CONSENSUS][PBFT]checkTimeout Succ,view=16,toView=17,nodeIdx=0,changeCycle=0,myNode=3c841dae...,timecost=0.216
info|2019-11-12 18:42:17.138182|[g:1][CONSENSUS][PBFT]checkAndChangeView: Reach consensus,org_view=16,org_changeCycle=0,cur_changeCycle=0,to_view=17
info|2019-11-12 18:42:18.138599|[g:1][CONSENSUS]addRawPrepare,height=9,reqIdx=1,hash=cbc482a3...
info|2019-11-12 18:42:18.138823|[g:1][CONSENSUS][PBFT]checkTimeout Succ,view=17,toView=18,nodeIdx=0,changeCycle=0,myNode=3c841dae...,timecost=0.203
info|2019-11-12 18:42:18.139887|[g:1][CONSENSUS][PBFT]checkAndChangeView: Reach consensus,org_view=17,org_changeCycle=0,cur_changeCycle=0,to_view=18
info|2019-11-12 18:42:19.144511|[g:1][CONSENSUS]addRawPrepare,height=9,reqIdx=2,hash=514c4a6c...
info|2019-11-12 18:42:19.144719|[g:1][CONSENSUS][PBFT]checkTimeout Succ,view=18,toView=19,nodeIdx=0,changeCycle=0,myNode=3c841dae...,timecost=0.183
info|2019-11-12 18:42:19.146073|[g:1][CONSENSUS][PBFT]checkAndChangeView: Reach consensus,org_view=18,org_changeCycle=0,cur_changeCycle=0,to_view=19
info|2019-11-12 18:42:19.890309|[P2P][Service] heartBeat,connected count=4
warning|2019-11-12 18:42:20.047825|[SYNC][id:3c841dae...][Status]Peer data not found,nodeId=6e4f3ba3...
info|2019-11-12 18:42:20.151984|[g:1][CONSENSUS]addRawPrepare,height=9,reqIdx=3,hash=7346af47...
info|2019-11-12 18:42:20.152205|[g:1][CONSENSUS][PBFT]checkTimeout Succ,view=19,toView=20,nodeIdx=0,changeCycle=0,myNode=3c841dae...,timecost=0.195
info|2019-11-12 18:42:20.153462|[g:1][CONSENSUS][PBFT]checkAndChangeView: Reach consensus,org_view=19,org_changeCycle=0,cur_changeCycle=0,to_view=20
info|2019-11-12 18:42:21.154853|[g:1][CONSENSUS][SEALER]++++++++++++++++ Generating seal on,blkNum=9,tx=0,nodeIdx=0,hash=1e986f4e...
info|2019-11-12 18:42:21.164297|[g:1][CONSENSUS][PBFT]checkTimeout Succ,view=20,toView=21,nodeIdx=0,changeCycle=0,myNode=3c841dae...,timecost=0.199
info|2019-11-12 18:42:21.165172|[g:1][CONSENSUS][PBFT]checkAndChangeView: Reach consensus,org_view=20,org_changeCycle=0,cur_changeCycle=0,to_view=21
info|2019-11-12 18:42:22.165072|[g:1][CONSENSUS]addRawPrepare,height=9,reqIdx=1,hash=097c0e5d...
info|2019-11-12 18:42:22.165318|[g:1][CONSENSUS][PBFT]checkTimeout Succ,view=21,toView=22,nodeIdx=0,changeCycle=0,myNode=3c841dae...,timecost=0.224
info|2019-11-12 18:42:22.166421|[g:1][CONSENSUS][PBFT]checkAndChangeView: Reach consensus,org_view=21,org_changeCycle=0,cur_changeCycle=0,to_view=22
info|2019-11-12 18:42:23.170367|[g:1][CONSENSUS]addRawPrepare,height=9,reqIdx=2,hash=d9d8629f...
info|2019-11-12 18:42:23.170589|[g:1][CONSENSUS][PBFT]checkTimeout Succ,view=22,toView=23,nodeIdx=0,changeCycle=0,myNode=3c841dae...,timecost=0.199
info|2019-11-12 18:42:23.173376|[g:1][CONSENSUS][PBFT]checkAndChangeView: Reach consensus,org_view=22,org_changeCycle=0,cur_changeCycle=0,to_view=23
info|2019-11-12 18:42:24.173948|[g:1][CONSENSUS]addRawPrepare,height=9,reqIdx=3,hash=85c7507c...
info|2019-11-12 18:42:24.174254|[g:1][CONSENSUS][PBFT]checkTimeout Succ,view=23,toView=24,nodeIdx=0,changeCycle=0,myNode=3c841dae...,timecost=0.24
info|2019-11-12 18:42:24.177440|[g:1][CONSENSUS][PBFT]checkAndChangeView: Reach consensus,org_view=23,org_changeCycle=0,cur_changeCycle=0,to_view=24
warning|2019-11-12 18:42:25.056521|[SYNC][id:3c841dae...][Status]Peer data not found,nodeId=6e4f3ba3...
info|2019-11-12 18:42:25.178070|[g:1][CONSENSUS][SEALER]++++++++++++++++ Generating seal on,blkNum=9,tx=0,nodeIdx=0,hash=f515fa3a...
info|2019-11-12 18:42:25.187433|[g:1][CONSENSUS][PBFT]checkTimeout Succ,view=24,toView=25,nodeIdx=0,changeCycle=0,myNode=3c841dae...,timecost=0.207
info|2019-11-12 18:42:25.188376|[g:1][CONSENSUS][PBFT]checkAndChangeView: Reach consensus,org_view=24,org_changeCycle=0,cur_changeCycle=0,to_view=25
info|2019-11-12 18:42:26.186742|[g:1][CONSENSUS]addRawPrepare,height=9,reqIdx=1,hash=eebc86a0...
info|2019-11-12 18:42:26.187001|[g:1][CONSENSUS][PBFT]checkTimeout Succ,view=25,toView=26,nodeIdx=0,changeCycle=0,myNode=3c841dae...,timecost=0.234
info|2019-11-12 18:42:26.188520|[g:1][CONSENSUS][PBFT]checkAndChangeView: Reach consensus,org_view=25,org_changeCycle=0,cur_changeCycle=0,to_view=26
info|2019-11-12 18:42:27.191588|[g:1][CONSENSUS]addRawPrepare,height=9,reqIdx=2,hash=07c1e50d...
info|2019-11-12 18:42:27.191870|[g:1][CONSENSUS][PBFT]checkTimeout Succ,view=26,toView=27,nodeIdx=0,changeCycle=0,myNode=3c841dae...,timecost=0.196
info|2019-11-12 18:42:27.194464|[g:1][CONSENSUS][PBFT]checkAndChangeView: Reach consensus,org_view=26,org_changeCycle=0,cur_changeCycle=0,to_view=27
info|2019-11-12 18:42:28.195807|[g:1][CONSENSUS]addRawPrepare,height=9,reqIdx=3,hash=7ec2e12d...
info|2019-11-12 18:42:28.196069|[g:1][CONSENSUS][PBFT]checkTimeout Succ,view=27,toView=28,nodeIdx=0,changeCycle=0,myNode=3c841dae...,timecost=0.185
info|2019-11-12 18:42:28.199561|[g:1][CONSENSUS][PBFT]checkAndChangeView: Reach consensus,org_view=27,org_changeCycle=0,cur_changeCycle=0,to_view=28
info|2019-11-12 18:42:29.200184|[g:1][CONSENSUS][SEALER]++++++++++++++++ Generating seal on,blkNum=9,tx=0,nodeIdx=0,hash=515c38e9...
info|2019-11-12 18:42:29.206332|[g:1][CONSENSUS][PBFT]checkTimeout Succ,view=28,toView=29,nodeIdx=0,changeCycle=0,myNode=3c841dae...,timecost=0.198
info|2019-11-12 18:42:29.207277|[g:1][CONSENSUS][PBFT]checkAndChangeView: Reach consensus,org_view=28,org_changeCycle=0,cur_changeCycle=0,to_view=29
info|2019-11-12 18:42:29.890385|[P2P][Service] heartBeat,connected count=4
warning|2019-11-12 18:42:30.066335|[SYNC][id:3c841dae...][Status]Peer data not found,nodeId=6e4f3ba3...
info|2019-11-12 18:42:30.206845|[g:1][CONSENSUS]addRawPrepare,height=9,reqIdx=1,hash=3c7b1706...
info|2019-11-12 18:42:30.207103|[g:1][CONSENSUS][PBFT]checkTimeout Succ,view=29,toView=30,nodeIdx=0,changeCycle=0,myNode=3c841dae...,timecost=0.184
info|2019-11-12 18:42:30.211758|[g:1][CONSENSUS][PBFT]checkAndChangeView: Reach consensus,org_view=29,org_changeCycle=0,cur_changeCycle=0,to_view=30
info|2019-11-12 18:42:31.216861|[g:1][CONSENSUS]addRawPrepare,height=9,reqIdx=2,hash=de1b2cb4...
info|2019-11-12 18:42:31.217128|[g:1][CONSENSUS][PBFT]checkTimeout Succ,view=30,toView=31,nodeIdx=0,changeCycle=0,myNode=3c841dae...,timecost=0.195
info|2019-11-12 18:42:31.220336|[g:1][CONSENSUS][PBFT]checkAndChangeView: Reach consensus,org_view=30,org_changeCycle=0,cur_changeCycle=0,to_view=31
info|2019-11-12 18:42:32.223160|[g:1][CONSENSUS]addRawPrepare,height=9,reqIdx=3,hash=39dbabc0...
info|2019-11-12 18:42:32.223419|[g:1][CONSENSUS][PBFT]checkTimeout Succ,view=31,toView=32,nodeIdx=0,changeCycle=0,myNode=3c841dae...,timecost=0.188
info|2019-11-12 18:42:32.227361|[g:1][CONSENSUS][PBFT]checkAndChangeView: Reach consensus,org_view=31,org_changeCycle=0,cur_changeCycle=0,to_view=32
info|2019-11-12 18:42:33.228158|[g:1][CONSENSUS][SEALER]++++++++++++++++ Generating seal on,blkNum=9,tx=0,nodeIdx=0,hash=c4359427...
info|2019-11-12 18:42:33.231668|[g:1][CONSENSUS][PBFT]checkTimeout Succ,view=32,toView=33,nodeIdx=0,changeCycle=0,myNode=3c841dae...,timecost=0.2
info|2019-11-12 18:42:33.232231|[g:1][CONSENSUS][PBFT]checkAndChangeView: Reach consensus,org_view=32,org_changeCycle=0,cur_changeCycle=0,to_view=33
info|2019-11-12 18:42:34.236503|[g:1][CONSENSUS]addRawPrepare,height=9,reqIdx=1,hash=bdc6b1af...
info|2019-11-12 18:42:34.236763|[g:1][CONSENSUS][PBFT]checkTimeout Succ,view=33,toView=34,nodeIdx=0,changeCycle=0,myNode=3c841dae...,timecost=0.182
info|2019-11-12 18:42:34.240464|[g:1][CONSENSUS][PBFT]checkAndChangeView: Reach consensus,org_view=33,org_changeCycle=0,cur_changeCycle=0,to_view=34
warning|2019-11-12 18:42:35.085938|[SYNC][id:3c841dae...][Status]Peer data not found,nodeId=6e4f3ba3...
info|2019-11-12 18:42:35.244373|[g:1][CONSENSUS]addRawPrepare,height=9,reqIdx=2,hash=3e7f7581...
info|2019-11-12 18:42:35.244621|[g:1][CONSENSUS][PBFT]checkTimeout Succ,view=34,toView=35,nodeIdx=0,changeCycle=0,myNode=3c841dae...,timecost=0.18
info|2019-11-12 18:42:35.248997|[g:1][CONSENSUS][PBFT]checkAndChangeView: Reach consensus,org_view=34,org_changeCycle=0,cur_changeCycle=0,to_view=35
info|2019-11-12 18:42:36.251503|[g:1][CONSENSUS]addRawPrepare,height=9,reqIdx=3,hash=d31f1a95...
info|2019-11-12 18:42:36.251771|[g:1][CONSENSUS][PBFT]checkTimeout Succ,view=35,toView=36,nodeIdx=0,changeCycle=0,myNode=3c841dae...,timecost=0.189
info|2019-11-12 18:42:36.254162|[g:1][CONSENSUS][PBFT]checkAndChangeView: Reach consensus,org_view=35,org_changeCycle=0,cur_changeCycle=0,to_view=36
info|2019-11-12 18:42:37.254728|[g:1][CONSENSUS][SEALER]++++++++++++++++ Generating seal on,blkNum=9,tx=0,nodeIdx=0,hash=b01907f4...
info|2019-11-12 18:42:37.258135|[g:1][CONSENSUS][PBFT]checkTimeout Succ,view=36,toView=37,nodeIdx=0,changeCycle=0,myNode=3c841dae...,timecost=0.192
info|2019-11-12 18:42:37.258696|[g:1][CONSENSUS][PBFT]checkAndChangeView: Reach consensus,org_view=36,org_changeCycle=0,cur_changeCycle=0,to_view=37
info|2019-11-12 18:42:38.263095|[g:1][CONSENSUS]addRawPrepare,height=9,reqIdx=1,hash=5c3d66f3...
info|2019-11-12 18:42:38.263394|[g:1][CONSENSUS][PBFT]checkTimeout Succ,view=37,toView=38,nodeIdx=0,changeCycle=0,myNode=3c841dae...,timecost=0.227
info|2019-11-12 18:42:38.267133|[g:1][CONSENSUS][PBFT]checkAndChangeView: Reach consensus,org_view=37,org_changeCycle=0,cur_changeCycle=0,to_view=38
info|2019-11-12 18:42:39.269884|[g:1][CONSENSUS]addRawPrepare,height=9,reqIdx=2,hash=b8d93625...
info|2019-11-12 18:42:39.270133|[g:1][CONSENSUS][PBFT]checkTimeout Succ,view=38,toView=39,nodeIdx=0,changeCycle=0,myNode=3c841dae...,timecost=0.184
info|2019-11-12 18:42:39.272478|[g:1][CONSENSUS][PBFT]checkAndChangeView: Reach consensus,org_view=38,org_changeCycle=0,cur_changeCycle=0,to_view=39
info|2019-11-12 18:42:39.891255|[P2P][Service] heartBeat,connected count=4
warning|2019-11-12 18:42:40.128688|[SYNC][id:3c841dae...][Status]Peer data not found,nodeId=6e4f3ba3...
info|2019-11-12 18:42:40.277255|[g:1][CONSENSUS]addRawPrepare,height=9,reqIdx=3,hash=f7874067...
info|2019-11-12 18:42:40.277511|[g:1][CONSENSUS][PBFT]checkTimeout Succ,view=39,toView=40,nodeIdx=0,changeCycle=0,myNode=3c841dae...,timecost=0.183
info|2019-11-12 18:42:40.281544|[g:1][CONSENSUS][PBFT]checkAndChangeView: Reach consensus,org_view=39,org_changeCycle=0,cur_changeCycle=0,to_view=40
info|2019-11-12 18:42:41.281229|[g:1][CONSENSUS][SEALER]++++++++++++++++ Generating seal on,blkNum=9,tx=0,nodeIdx=0,hash=8cf386ed...
info|2019-11-12 18:42:41.281878|[g:1][CONSENSUS][PBFT]checkTimeout Succ,view=40,toView=41,nodeIdx=0,changeCycle=0,myNode=3c841dae...,timecost=0.199
info|2019-11-12 18:42:41.285547|[g:1][CONSENSUS][PBFT]checkAndChangeView: Reach consensus,org_view=40,org_changeCycle=0,cur_changeCycle=0,to_view=41
info|2019-11-12 18:42:42.290184|[g:1][CONSENSUS]addRawPrepare,height=9,reqIdx=1,hash=bb66a1d0...
info|2019-11-12 18:42:42.290438|[g:1][CONSENSUS][PBFT]checkTimeout Succ,view=41,toView=42,nodeIdx=0,changeCycle=0,myNode=3c841dae...,timecost=0.184
info|2019-11-12 18:42:42.294132|[g:1][CONSENSUS][PBFT]checkAndChangeView: Reach consensus,org_view=41,org_changeCycle=0,cur_changeCycle=0,to_view=42
info|2019-11-12 18:42:43.297585|[g:1][CONSENSUS]addRawPrepare,height=9,reqIdx=2,hash=311f7187...
info|2019-11-12 18:42:43.297833|[g:1][CONSENSUS][PBFT]checkTimeout Succ,view=42,toView=43,nodeIdx=0,changeCycle=0,myNode=3c841dae...,timecost=0.181
info|2019-11-12 18:42:43.300590|[g:1][CONSENSUS][PBFT]checkAndChangeView: Reach consensus,org_view=42,org_changeCycle=0,cur_changeCycle=0,to_view=43
info|2019-11-12 18:42:44.303784|[g:1][CONSENSUS]addRawPrepare,height=9,reqIdx=3,hash=4073c217...
info|2019-11-12 18:42:44.304050|[g:1][CONSENSUS][PBFT]checkTimeout Succ,view=43,toView=44,nodeIdx=0,changeCycle=0,myNode=3c841dae...,timecost=0.183
info|2019-11-12 18:42:44.308416|[g:1][CONSENSUS][PBFT]checkAndChangeView: Reach consensus,org_view=43,org_changeCycle=0,cur_changeCycle=0,to_view=44
warning|2019-11-12 18:42:45.130435|[SYNC][id:3c841dae...][Status]Peer data not found,nodeId=6e4f3ba3...
info|2019-11-12 18:42:45.309611|[g:1][CONSENSUS][SEALER]++++++++++++++++ Generating seal on,blkNum=9,tx=0,nodeIdx=0,hash=69eecb20...
info|2019-11-12 18:42:45.310130|[g:1][CONSENSUS][PBFT]checkTimeout Succ,view=44,toView=45,nodeIdx=0,changeCycle=0,myNode=3c841dae...,timecost=0.191
info|2019-11-12 18:42:45.315103|[g:1][CONSENSUS][PBFT]checkAndChangeView: Reach consensus,org_view=44,org_changeCycle=0,cur_changeCycle=0,to_view=45
info|2019-11-12 18:42:46.320019|[g:1][CONSENSUS]addRawPrepare,height=9,reqIdx=1,hash=1e4ce9e9...
info|2019-11-12 18:42:46.320331|[g:1][CONSENSUS][PBFT]checkTimeout Succ,view=45,toView=46,nodeIdx=0,changeCycle=0,myNode=3c841dae...,timecost=0.285
info|2019-11-12 18:42:46.323009|[g:1][CONSENSUS][PBFT]checkAndChangeView: Reach consensus,org_view=45,org_changeCycle=0,cur_changeCycle=0,to_view=46
info|2019-11-12 18:42:47.327086|[g:1][CONSENSUS]addRawPrepare,height=9,reqIdx=2,hash=ee40aef1...
info|2019-11-12 18:42:47.327317|[g:1][CONSENSUS][PBFT]checkTimeout Succ,view=46,toView=47,nodeIdx=0,changeCycle=0,myNode=3c841dae...,timecost=0.207
info|2019-11-12 18:42:47.329678|[g:1][CONSENSUS][PBFT]checkAndChangeView: Reach consensus,org_view=46,org_changeCycle=0,cur_changeCycle=0,to_view=47
info|2019-11-12 18:42:48.331175|[g:1][CONSENSUS]addRawPrepare,height=9,reqIdx=3,hash=ce4a6e96...
info|2019-11-12 18:42:48.331432|[g:1][CONSENSUS][PBFT]checkTimeout Succ,view=47,toView=48,nodeIdx=0,changeCycle=0,myNode=3c841dae...,timecost=0.184
info|2019-11-12 18:42:48.334462|[g:1][CONSENSUS][PBFT]checkAndChangeView: Reach consensus,org_view=47,org_changeCycle=0,cur_changeCycle=0,to_view=48
info|2019-11-12 18:42:49.336103|[g:1][CONSENSUS][SEALER]++++++++++++++++ Generating seal on,blkNum=9,tx=0,nodeIdx=0,hash=8d31e91d...
info|2019-11-12 18:42:49.342542|[g:1][CONSENSUS][PBFT]checkTimeout Succ,view=48,toView=49,nodeIdx=0,changeCycle=0,myNode=3c841dae...,timecost=0.198
info|2019-11-12 18:42:49.343457|[g:1][CONSENSUS][PBFT]checkAndChangeView: Reach consensus,org_view=48,org_changeCycle=0,cur_changeCycle=0,to_view=49
info|2019-11-12 18:42:49.891335|[P2P][Service] heartBeat,connected count=4
warning|2019-11-12 18:42:50.139885|[SYNC][id:3c841dae...][Status]Peer data not found,nodeId=6e4f3ba3...
info|2019-11-12 18:42:50.342221|[g:1][CONSENSUS]addRawPrepare,height=9,reqIdx=1,hash=f801f90e...
info|2019-11-12 18:42:50.342440|[g:1][CONSENSUS][PBFT]checkTimeout Succ,view=49,toView=50,nodeIdx=0,changeCycle=0,myNode=3c841dae...,timecost=0.193
info|2019-11-12 18:42:50.344925|[g:1][CONSENSUS][PBFT]checkAndChangeView: Reach consensus,org_view=49,org_changeCycle=0,cur_changeCycle=0,to_view=50
info|2019-11-12 18:42:51.349015|[g:1][CONSENSUS]addRawPrepare,height=9,reqIdx=2,hash=4c184152...
info|2019-11-12 18:42:51.349236|[g:1][CONSENSUS][PBFT]checkTimeout Succ,view=50,toView=51,nodeIdx=0,changeCycle=0,myNode=3c841dae...,timecost=0.196
info|2019-11-12 18:42:51.351674|[g:1][CONSENSUS][PBFT]checkAndChangeView: Reach consensus,org_view=50,org_changeCycle=0,cur_changeCycle=0,to_view=51
info|2019-11-12 18:42:52.353641|[g:1][CONSENSUS]addRawPrepare,height=9,reqIdx=3,hash=c38a61b6...
info|2019-11-12 18:42:52.353906|[g:1][CONSENSUS][PBFT]checkTimeout Succ,view=51,toView=52,nodeIdx=0,changeCycle=0,myNode=3c841dae...,timecost=0.187
info|2019-11-12 18:42:52.357179|[g:1][CONSENSUS][PBFT]checkAndChangeView: Reach consensus,org_view=51,org_changeCycle=0,cur_changeCycle=0,to_view=52
info|2019-11-12 18:42:53.358415|[g:1][CONSENSUS][SEALER]++++++++++++++++ Generating seal on,blkNum=9,tx=0,nodeIdx=0,hash=4f4b31dc...
info|2019-11-12 18:42:53.364479|[g:1][CONSENSUS][PBFT]checkTimeout Succ,view=52,toView=53,nodeIdx=0,changeCycle=0,myNode=3c841dae...,timecost=0.193
info|2019-11-12 18:42:53.365390|[g:1][CONSENSUS][PBFT]checkAndChangeView: Reach consensus,org_view=52,org_changeCycle=0,cur_changeCycle=0,to_view=53
info|2019-11-12 18:42:54.366202|[g:1][CONSENSUS]addRawPrepare,height=9,reqIdx=1,hash=ed87e800...
info|2019-11-12 18:42:54.366421|[g:1][CONSENSUS][PBFT]checkTimeout Succ,view=53,toView=54,nodeIdx=0,changeCycle=0,myNode=3c841dae...,timecost=0.196
info|2019-11-12 18:42:54.369235|[g:1][CONSENSUS][PBFT]checkAndChangeView: Reach consensus,org_view=53,org_changeCycle=0,cur_changeCycle=0,to_view=54
warning|2019-11-12 18:42:55.148333|[SYNC][id:3c841dae...][Status]Peer data not found,nodeId=6e4f3ba3...
info|2019-11-12 18:42:55.373604|[g:1][CONSENSUS]addRawPrepare,height=9,reqIdx=2,hash=3719efe2...
info|2019-11-12 18:42:55.373817|[g:1][CONSENSUS][PBFT]checkTimeout Succ,view=54,toView=55,nodeIdx=0,changeCycle=0,myNode=3c841dae...,timecost=0.191
info|2019-11-12 18:42:55.374096|[g:1][CONSENSUS][PBFT]checkAndChangeView: Reach consensus,org_view=54,org_changeCycle=0,cur_changeCycle=0,to_view=55
info|2019-11-12 18:42:56.376202|[g:1][CONSENSUS]addRawPrepare,height=9,reqIdx=3,hash=c31501dc...
info|2019-11-12 18:42:56.376459|[g:1][CONSENSUS][PBFT]checkTimeout Succ,view=55,toView=56,nodeIdx=0,changeCycle=0,myNode=3c841dae...,timecost=0.184
info|2019-11-12 18:42:56.379616|[g:1][CONSENSUS][PBFT]checkAndChangeView: Reach consensus,org_view=55,org_changeCycle=0,cur_changeCycle=0,to_view=56
info|2019-11-12 18:42:57.380363|[g:1][CONSENSUS][SEALER]++++++++++++++++ Generating seal on,blkNum=9,tx=0,nodeIdx=0,hash=95694746...
info|2019-11-12 18:42:57.383250|[g:1][CONSENSUS][PBFT]checkTimeout Succ,view=56,toView=57,nodeIdx=0,changeCycle=0,myNode=3c841dae...,timecost=0.188
info|2019-11-12 18:42:57.386216|[g:1][CONSENSUS][PBFT]checkAndChangeView: Reach consensus,org_view=56,org_changeCycle=0,cur_changeCycle=0,to_view=57
info|2019-11-12 18:42:58.389516|[g:1][CONSENSUS]addRawPrepare,height=9,reqIdx=1,hash=2bb2fee6...
info|2019-11-12 18:42:58.389763|[g:1][CONSENSUS][PBFT]checkTimeout Succ,view=57,toView=58,nodeIdx=0,changeCycle=0,myNode=3c841dae...,timecost=0.184
info|2019-11-12 18:42:58.393439|[g:1][CONSENSUS][PBFT]checkAndChangeView: Reach consensus,org_view=57,org_changeCycle=0,cur_changeCycle=0,to_view=58
info|2019-11-12 18:42:59.396872|[g:1][CONSENSUS]addRawPrepare,height=9,reqIdx=2,hash=0bbb1202...
info|2019-11-12 18:42:59.397127|[g:1][CONSENSUS][PBFT]checkTimeout Succ,view=58,toView=59,nodeIdx=0,changeCycle=0,myNode=3c841dae...,timecost=0.186
info|2019-11-12 18:42:59.400909|[g:1][CONSENSUS][PBFT]checkAndChangeView: Reach consensus,org_view=58,org_changeCycle=0,cur_changeCycle=0,to_view=59
info|2019-11-12 18:42:59.892360|[P2P][Service] heartBeat,connected count=4
warning|2019-11-12 18:43:00.169406|[SYNC][id:3c841dae...][Status]Peer data not found,nodeId=6e4f3ba3...
info|2019-11-12 18:43:00.403967|[g:1][CONSENSUS]addRawPrepare,height=9,reqIdx=3,hash=18a810e5...
info|2019-11-12 18:43:00.404221|[g:1][CONSENSUS][PBFT]checkTimeout Succ,view=59,toView=60,nodeIdx=0,changeCycle=0,myNode=3c841dae...,timecost=0.185
info|2019-11-12 18:43:00.409270|[g:1][CONSENSUS][PBFT]checkAndChangeView: Reach consensus,org_view=59,org_changeCycle=0,cur_changeCycle=0,to_view=60
info|2019-11-12 18:43:01.409849|[g:1][CONSENSUS][SEALER]++++++++++++++++ Generating seal on,blkNum=9,tx=0,nodeIdx=0,hash=f464658b...
info|2019-11-12 18:43:01.410519|[g:1][CONSENSUS][PBFT]checkTimeout Succ,view=60,toView=61,nodeIdx=0,changeCycle=0,myNode=3c841dae...,timecost=0.213
info|2019-11-12 18:43:01.414414|[g:1][CONSENSUS][PBFT]checkAndChangeView: Reach consensus,org_view=60,org_changeCycle=0,cur_changeCycle=0,to_view=61
info|2019-11-12 18:43:02.419804|[g:1][CONSENSUS]addRawPrepare,height=9,reqIdx=1,hash=40674fb9...
info|2019-11-12 18:43:02.420051|[g:1][CONSENSUS][PBFT]checkTimeout Succ,view=61,toView=62,nodeIdx=0,changeCycle=0,myNode=3c841dae...,timecost=0.181
info|2019-11-12 18:43:02.425112|[g:1][CONSENSUS][PBFT]checkAndChangeView: Reach consensus,org_view=61,org_changeCycle=0,cur_changeCycle=0,to_view=62
info|2019-11-12 18:43:03.427605|[g:1][CONSENSUS]addRawPrepare,height=9,reqIdx=2,hash=aecb3253...
info|2019-11-12 18:43:03.427866|[g:1][CONSENSUS][PBFT]checkTimeout Succ,view=62,toView=63,nodeIdx=0,changeCycle=0,myNode=3c841dae...,timecost=0.188
info|2019-11-12 18:43:03.431128|[g:1][CONSENSUS][PBFT]checkAndChangeView: Reach consensus,org_view=62,org_changeCycle=0,cur_changeCycle=0,to_view=63
info|2019-11-12 18:43:04.434719|[g:1][CONSENSUS]addRawPrepare,height=9,reqIdx=3,hash=99edb844...
info|2019-11-12 18:43:04.434985|[g:1][CONSENSUS][PBFT]checkTimeout Succ,view=63,toView=64,nodeIdx=0,changeCycle=0,myNode=3c841dae...,timecost=0.193
info|2019-11-12 18:43:04.440162|[g:1][CONSENSUS][PBFT]checkAndChangeView: Reach consensus,org_view=63,org_changeCycle=0,cur_changeCycle=0,to_view=64
warning|2019-11-12 18:43:05.189424|[SYNC][id:3c841dae...][Status]Peer data not found,nodeId=6e4f3ba3...
info|2019-11-12 18:43:05.440379|[g:1][CONSENSUS][SEALER]++++++++++++++++ Generating seal on,blkNum=9,tx=0,nodeIdx=0,hash=2311dff3...
info|2019-11-12 18:43:05.441047|[g:1][CONSENSUS][PBFT]checkTimeout Succ,view=64,toView=65,nodeIdx=0,changeCycle=0,myNode=3c841dae...,timecost=0.199
info|2019-11-12 18:43:05.445607|[g:1][CONSENSUS][PBFT]checkAndChangeView: Reach consensus,org_view=64,org_changeCycle=0,cur_changeCycle=0,to_view=65
info|2019-11-12 18:43:06.459288|[g:1][CONSENSUS]addRawPrepare,height=9,reqIdx=1,hash=b8b9c6d8...
info|2019-11-12 18:43:06.459576|[g:1][CONSENSUS][PBFT]checkTimeout Succ,view=65,toView=66,nodeIdx=0,changeCycle=0,myNode=3c841dae...,timecost=0.193
info|2019-11-12 18:43:06.464472|[g:1][CONSENSUS][PBFT]checkAndChangeView: Reach consensus,org_view=65,org_changeCycle=0,cur_changeCycle=0,to_view=66
info|2019-11-12 18:43:07.472570|[g:1][CONSENSUS]addRawPrepare,height=9,reqIdx=2,hash=7ebdae7e...
info|2019-11-12 18:43:07.472799|[g:1][CONSENSUS][PBFT]checkTimeout Succ,view=66,toView=67,nodeIdx=0,changeCycle=0,myNode=3c841dae...,timecost=0.203
info|2019-11-12 18:43:07.477701|[g:1][CONSENSUS][PBFT]checkAndChangeView: Reach consensus,org_view=66,org_changeCycle=0,cur_changeCycle=0,to_view=67
info|2019-11-12 18:43:08.482317|[g:1][CONSENSUS]addRawPrepare,height=9,reqIdx=3,hash=9f89c01f...
info|2019-11-12 18:43:08.482600|[g:1][CONSENSUS][PBFT]checkTimeout Succ,view=67,toView=68,nodeIdx=0,changeCycle=0,myNode=3c841dae...,timecost=0.205
info|2019-11-12 18:43:08.487171|[g:1][CONSENSUS][PBFT]checkAndChangeView: Reach consensus,org_view=67,org_changeCycle=0,cur_changeCycle=0,to_view=68
info|2019-11-12 18:43:09.488488|[g:1][CONSENSUS][SEALER]++++++++++++++++ Generating seal on,blkNum=9,tx=0,nodeIdx=0,hash=ed6163cc...
info|2019-11-12 18:43:09.492458|[g:1][CONSENSUS][PBFT]checkTimeout Succ,view=68,toView=69,nodeIdx=0,changeCycle=0,myNode=3c841dae...,timecost=0.3
info|2019-11-12 18:43:09.493035|[g:1][CONSENSUS][PBFT]checkAndChangeView: Reach consensus,org_view=68,org_changeCycle=0,cur_changeCycle=0,to_view=69
info|2019-11-12 18:43:09.892492|[P2P][Service] heartBeat,connected count=4
warning|2019-11-12 18:43:10.228586|[SYNC][id:3c841dae...][Status]Peer data not found,nodeId=6e4f3ba3...
info|2019-11-12 18:43:10.495963|[g:1][CONSENSUS]addRawPrepare,height=9,reqIdx=1,hash=0fa74c9c...
info|2019-11-12 18:43:10.496235|[g:1][CONSENSUS][PBFT]checkTimeout Succ,view=69,toView=70,nodeIdx=0,changeCycle=0,myNode=3c841dae...,timecost=0.199
info|2019-11-12 18:43:10.502263|[g:1][CONSENSUS][PBFT]checkAndChangeView: Reach consensus,org_view=69,org_changeCycle=0,cur_changeCycle=0,to_view=70
info|2019-11-12 18:43:11.503013|[g:1][CONSENSUS]addRawPrepare,height=9,reqIdx=2,hash=0a705663...
info|2019-11-12 18:43:11.503339|[g:1][CONSENSUS][PBFT]checkTimeout Succ,view=70,toView=71,nodeIdx=0,changeCycle=0,myNode=3c841dae...,timecost=0.242
info|2019-11-12 18:43:11.507079|[g:1][CONSENSUS][PBFT]checkAndChangeView: Reach consensus,org_view=70,org_changeCycle=0,cur_changeCycle=0,to_view=71
info|2019-11-12 18:43:12.508390|[g:1][CONSENSUS]addRawPrepare,height=9,reqIdx=3,hash=05df80d8...
info|2019-11-12 18:43:12.508656|[g:1][CONSENSUS][PBFT]checkTimeout Succ,view=71,toView=72,nodeIdx=0,changeCycle=0,myNode=3c841dae...,timecost=0.187
info|2019-11-12 18:43:12.513104|[g:1][CONSENSUS][PBFT]checkAndChangeView: Reach consensus,org_view=71,org_changeCycle=0,cur_changeCycle=0,to_view=72
info|2019-11-12 18:43:13.513412|[g:1][CONSENSUS][SEALER]++++++++++++++++ Generating seal on,blkNum=9,tx=0,nodeIdx=0,hash=033a3081...
info|2019-11-12 18:43:13.517584|[g:1][CONSENSUS][PBFT]checkTimeout Succ,view=72,toView=73,nodeIdx=0,changeCycle=0,myNode=3c841dae...,timecost=0.193
info|2019-11-12 18:43:13.517893|[g:1][CONSENSUS][PBFT]checkAndChangeView: Reach consensus,org_view=72,org_changeCycle=0,cur_changeCycle=0,to_view=73
info|2019-11-12 18:43:14.526341|[g:1][CONSENSUS]addRawPrepare,height=9,reqIdx=1,hash=22597e1f...
info|2019-11-12 18:43:14.526643|[g:1][CONSENSUS][PBFT]checkTimeout Succ,view=73,toView=74,nodeIdx=0,changeCycle=0,myNode=3c841dae...,timecost=0.237
info|2019-11-12 18:43:14.530771|[g:1][CONSENSUS][PBFT]checkAndChangeView: Reach consensus,org_view=73,org_changeCycle=0,cur_changeCycle=0,to_view=74
warning|2019-11-12 18:43:15.251768|[SYNC][id:3c841dae...][Status]Peer data not found,nodeId=6e4f3ba3...
info|2019-11-12 18:43:15.535649|[g:1][CONSENSUS]addRawPrepare,height=9,reqIdx=2,hash=ab690d7d...
info|2019-11-12 18:43:15.535910|[g:1][CONSENSUS][PBFT]checkTimeout Succ,view=74,toView=75,nodeIdx=0,changeCycle=0,myNode=3c841dae...,timecost=0.186
info|2019-11-12 18:43:15.539369|[g:1][CONSENSUS][PBFT]checkAndChangeView: Reach consensus,org_view=74,org_changeCycle=0,cur_changeCycle=0,to_view=75
info|2019-11-12 18:43:16.542651|[g:1][CONSENSUS]addRawPrepare,height=9,reqIdx=3,hash=6b4d0f35...
info|2019-11-12 18:43:16.542900|[g:1][CONSENSUS][PBFT]checkTimeout Succ,view=75,toView=76,nodeIdx=0,changeCycle=0,myNode=3c841dae...,timecost=0.186
info|2019-11-12 18:43:16.548570|[g:1][CONSENSUS][PBFT]checkAndChangeView: Reach consensus,org_view=75,org_changeCycle=0,cur_changeCycle=0,to_view=76
info|2019-11-12 18:43:17.551833|[g:1][CONSENSUS][SEALER]++++++++++++++++ Generating seal on,blkNum=9,tx=0,nodeIdx=0,hash=7979420c...
info|2019-11-12 18:43:17.552734|[g:1][CONSENSUS][PBFT]checkTimeout Succ,view=76,toView=77,nodeIdx=0,changeCycle=0,myNode=3c841dae...,timecost=0.227
info|2019-11-12 18:43:17.556745|[g:1][CONSENSUS][PBFT]checkAndChangeView: Reach consensus,org_view=76,org_changeCycle=0,cur_changeCycle=0,to_view=77
info|2019-11-12 18:43:18.561324|[g:1][CONSENSUS]addRawPrepare,height=9,reqIdx=1,hash=22be3ae0...
info|2019-11-12 18:43:18.561572|[g:1][CONSENSUS][PBFT]checkTimeout Succ,view=77,toView=78,nodeIdx=0,changeCycle=0,myNode=3c841dae...,timecost=0.184
info|2019-11-12 18:43:18.565639|[g:1][CONSENSUS][PBFT]checkAndChangeView: Reach consensus,org_view=77,org_changeCycle=0,cur_changeCycle=0,to_view=78
info|2019-11-12 18:43:19.569705|[g:1][CONSENSUS]addRawPrepare,height=9,reqIdx=2,hash=44219bf1...
info|2019-11-12 18:43:19.569963|[g:1][CONSENSUS][PBFT]checkTimeout Succ,view=78,toView=79,nodeIdx=0,changeCycle=0,myNode=3c841dae...,timecost=0.188
info|2019-11-12 18:43:19.575178|[g:1][CONSENSUS][PBFT]checkAndChangeView: Reach consensus,org_view=78,org_changeCycle=0,cur_changeCycle=0,to_view=79
info|2019-11-12 18:43:19.893341|[P2P][Service] heartBeat,connected count=4
info|2019-11-12 18:43:20.132598|[NETWORK][Session]Received topic: [2	_block_notify_1] from 6f9974710b9ea562ecc6a6823039b05e159d8669f228efa0c8b8234f08c2b75fb97eecdae4ef16bc99800bdfa03ed03d619629887e9c1c8b46ad79f5d38c4991
warning|2019-11-12 18:43:20.274013|[SYNC][id:3c841dae...][Status]Peer data not found,nodeId=6e4f3ba3...
info|2019-11-12 18:43:20.576275|[g:1][CONSENSUS]addRawPrepare,height=9,reqIdx=3,hash=0b6ab0ea...
info|2019-11-12 18:43:20.576538|[g:1][CONSENSUS][PBFT]checkTimeout Succ,view=79,toView=80,nodeIdx=0,changeCycle=0,myNode=3c841dae...,timecost=0.19
info|2019-11-12 18:43:20.582897|[g:1][CONSENSUS][PBFT]checkAndChangeView: Reach consensus,org_view=79,org_changeCycle=0,cur_changeCycle=0,to_view=80
info|2019-11-12 18:43:21.582531|[g:1][CONSENSUS][SEALER]++++++++++++++++ Generating seal on,blkNum=9,tx=0,nodeIdx=0,hash=ad5a8215...
info|2019-11-12 18:43:21.583330|[g:1][CONSENSUS][PBFT]checkTimeout Succ,view=80,toView=81,nodeIdx=0,changeCycle=0,myNode=3c841dae...,timecost=4.013
info|2019-11-12 18:43:21.587677|[g:1][CONSENSUS][PBFT]checkAndChangeView: Reach consensus,org_view=80,org_changeCycle=0,cur_changeCycle=0,to_view=81
info|2019-11-12 18:43:22.591637|[g:1][CONSENSUS]addRawPrepare,height=9,reqIdx=1,hash=363c27f5...
info|2019-11-12 18:43:22.591957|[g:1][CONSENSUS][PBFT]checkTimeout Succ,view=81,toView=82,nodeIdx=0,changeCycle=0,myNode=3c841dae...,timecost=0.232
info|2019-11-12 18:43:22.596942|[g:1][CONSENSUS][PBFT]checkAndChangeView: Reach consensus,org_view=81,org_changeCycle=0,cur_changeCycle=0,to_view=82
info|2019-11-12 18:43:23.595184|[g:1][CONSENSUS]addRawPrepare,height=9,reqIdx=2,hash=ed83c1c2...
info|2019-11-12 18:43:23.595459|[g:1][CONSENSUS][PBFT]checkTimeout Succ,view=82,toView=83,nodeIdx=0,changeCycle=0,myNode=3c841dae...,timecost=0.204
info|2019-11-12 18:43:23.599646|[g:1][CONSENSUS][PBFT]checkAndChangeView: Reach consensus,org_view=82,org_changeCycle=0,cur_changeCycle=0,to_view=83
info|2019-11-12 18:43:24.599285|[g:1][CONSENSUS]addRawPrepare,height=9,reqIdx=3,hash=e3c8ae1d...
info|2019-11-12 18:43:24.599553|[g:1][CONSENSUS][PBFT]checkTimeout Succ,view=83,toView=84,nodeIdx=0,changeCycle=0,myNode=3c841dae...,timecost=0.19
info|2019-11-12 18:43:24.604917|[g:1][CONSENSUS][PBFT]checkAndChangeView: Reach consensus,org_view=83,org_changeCycle=0,cur_changeCycle=0,to_view=84
warning|2019-11-12 18:43:25.292188|[SYNC][id:3c841dae...][Status]Peer data not found,nodeId=6e4f3ba3...
info|2019-11-12 18:43:25.606414|[g:1][CONSENSUS][SEALER]++++++++++++++++ Generating seal on,blkNum=9,tx=0,nodeIdx=0,hash=a6529f90...
info|2019-11-12 18:43:25.608487|[g:1][CONSENSUS][PBFT]checkTimeout Succ,view=84,toView=85,nodeIdx=0,changeCycle=0,myNode=3c841dae...,timecost=0.2
info|2019-11-12 18:43:25.613904|[g:1][CONSENSUS][PBFT]checkAndChangeView: Reach consensus,org_view=84,org_changeCycle=0,cur_changeCycle=0,to_view=85
info|2019-11-12 18:43:26.616293|[g:1][CONSENSUS]addRawPrepare,height=9,reqIdx=1,hash=291207bc...
info|2019-11-12 18:43:26.616546|[g:1][CONSENSUS][PBFT]checkTimeout Succ,view=85,toView=86,nodeIdx=0,changeCycle=0,myNode=3c841dae...,timecost=0.231
info|2019-11-12 18:43:26.618582|[g:1][CONSENSUS][PBFT]checkAndChangeView: Reach consensus,org_view=85,org_changeCycle=0,cur_changeCycle=0,to_view=86
info|2019-11-12 18:43:27.622032|[g:1][CONSENSUS]addRawPrepare,height=9,reqIdx=2,hash=e9d45e2e...
info|2019-11-12 18:43:27.622242|[g:1][CONSENSUS][PBFT]checkTimeout Succ,view=86,toView=87,nodeIdx=0,changeCycle=0,myNode=3c841dae...,timecost=0.185
info|2019-11-12 18:43:27.625461|[g:1][CONSENSUS][PBFT]checkAndChangeView: Reach consensus,org_view=86,org_changeCycle=0,cur_changeCycle=0,to_view=87
info|2019-11-12 18:43:28.624471|[g:1][CONSENSUS]addRawPrepare,height=9,reqIdx=3,hash=83ecb48b...
info|2019-11-12 18:43:28.624726|[g:1][CONSENSUS][PBFT]checkTimeout Succ,view=87,toView=88,nodeIdx=0,changeCycle=0,myNode=3c841dae...,timecost=0.186
info|2019-11-12 18:43:28.628375|[g:1][CONSENSUS][PBFT]checkAndChangeView: Reach consensus,org_view=87,org_changeCycle=0,cur_changeCycle=0,to_view=88
info|2019-11-12 18:43:29.629118|[g:1][CONSENSUS][SEALER]++++++++++++++++ Generating seal on,blkNum=9,tx=0,nodeIdx=0,hash=970ecf6a...
info|2019-11-12 18:43:29.636884|[g:1][CONSENSUS][PBFT]checkTimeout Succ,view=88,toView=89,nodeIdx=0,changeCycle=0,myNode=3c841dae...,timecost=0.253
info|2019-11-12 18:43:29.638523|[g:1][CONSENSUS][PBFT]checkAndChangeView: Reach consensus,org_view=88,org_changeCycle=0,cur_changeCycle=0,to_view=89
info|2019-11-12 18:43:29.894319|[P2P][Service] heartBeat,connected count=4
warning|2019-11-12 18:43:30.300252|[SYNC][id:3c841dae...][Status]Peer data not found,nodeId=6e4f3ba3...
info|2019-11-12 18:43:30.637790|[g:1][CONSENSUS]addRawPrepare,height=9,reqIdx=1,hash=f6ad3602...
info|2019-11-12 18:43:30.638011|[g:1][CONSENSUS][PBFT]checkTimeout Succ,view=89,toView=90,nodeIdx=0,changeCycle=0,myNode=3c841dae...,timecost=0.196
info|2019-11-12 18:43:30.640627|[g:1][CONSENSUS][PBFT]checkAndChangeView: Reach consensus,org_view=89,org_changeCycle=0,cur_changeCycle=0,to_view=90
info|2019-11-12 18:43:31.643958|[g:1][CONSENSUS]addRawPrepare,height=9,reqIdx=2,hash=4ecc6ecc...
info|2019-11-12 18:43:31.644179|[g:1][CONSENSUS][PBFT]checkTimeout Succ,view=90,toView=91,nodeIdx=0,changeCycle=0,myNode=3c841dae...,timecost=0.196
info|2019-11-12 18:43:31.646203|[g:1][CONSENSUS][PBFT]checkAndChangeView: Reach consensus,org_view=90,org_changeCycle=0,cur_changeCycle=0,to_view=91
info|2019-11-12 18:43:32.647760|[g:1][CONSENSUS]addRawPrepare,height=9,reqIdx=3,hash=88b330c8...
info|2019-11-12 18:43:32.648029|[g:1][CONSENSUS][PBFT]checkTimeout Succ,view=91,toView=92,nodeIdx=0,changeCycle=0,myNode=3c841dae...,timecost=0.193
info|2019-11-12 18:43:32.651790|[g:1][CONSENSUS][PBFT]checkAndChangeView: Reach consensus,org_view=91,org_changeCycle=0,cur_changeCycle=0,to_view=92
info|2019-11-12 18:43:33.653586|[g:1][CONSENSUS][SEALER]++++++++++++++++ Generating seal on,blkNum=9,tx=0,nodeIdx=0,hash=7307a60f...
info|2019-11-12 18:43:33.659621|[g:1][CONSENSUS][PBFT]checkTimeout Succ,view=92,toView=93,nodeIdx=0,changeCycle=0,myNode=3c841dae...,timecost=0.197
info|2019-11-12 18:43:33.660546|[g:1][CONSENSUS][PBFT]checkAndChangeView: Reach consensus,org_view=92,org_changeCycle=0,cur_changeCycle=0,to_view=93
info|2019-11-12 18:43:34.662128|[g:1][CONSENSUS]addRawPrepare,height=9,reqIdx=1,hash=fbd3cd87...
info|2019-11-12 18:43:34.662353|[g:1][CONSENSUS][PBFT]checkTimeout Succ,view=93,toView=94,nodeIdx=0,changeCycle=0,myNode=3c841dae...,timecost=0.197
info|2019-11-12 18:43:34.664413|[g:1][CONSENSUS][PBFT]checkAndChangeView: Reach consensus,org_view=93,org_changeCycle=0,cur_changeCycle=0,to_view=94
warning|2019-11-12 18:43:35.306940|[SYNC][id:3c841dae...][Status]Peer data not found,nodeId=6e4f3ba3...
info|2019-11-12 18:43:35.667753|[g:1][CONSENSUS]addRawPrepare,height=9,reqIdx=2,hash=11c03f15...
info|2019-11-12 18:43:35.667971|[g:1][CONSENSUS][PBFT]checkTimeout Succ,view=94,toView=95,nodeIdx=0,changeCycle=0,myNode=3c841dae...,timecost=0.194
info|2019-11-12 18:43:35.670287|[g:1][CONSENSUS][PBFT]checkAndChangeView: Reach consensus,org_view=94,org_changeCycle=0,cur_changeCycle=0,to_view=95
info|2019-11-12 18:43:36.669906|[g:1][CONSENSUS]addRawPrepare,height=9,reqIdx=3,hash=0f5dc3bf...
info|2019-11-12 18:43:36.670184|[g:1][CONSENSUS][PBFT]checkTimeout Succ,view=95,toView=96,nodeIdx=0,changeCycle=0,myNode=3c841dae...,timecost=0.19
info|2019-11-12 18:43:36.673675|[g:1][CONSENSUS][PBFT]checkAndChangeView: Reach consensus,org_view=95,org_changeCycle=0,cur_changeCycle=0,to_view=96
info|2019-11-12 18:43:37.674506|[g:1][CONSENSUS][SEALER]++++++++++++++++ Generating seal on,blkNum=9,tx=0,nodeIdx=0,hash=19585ca7...
info|2019-11-12 18:43:37.681299|[g:1][CONSENSUS][PBFT]checkTimeout Succ,view=96,toView=97,nodeIdx=0,changeCycle=0,myNode=3c841dae...,timecost=0.232
info|2019-11-12 18:43:37.682238|[g:1][CONSENSUS][PBFT]checkAndChangeView: Reach consensus,org_view=96,org_changeCycle=0,cur_changeCycle=0,to_view=97
info|2019-11-12 18:43:38.681044|[g:1][CONSENSUS]addRawPrepare,height=9,reqIdx=1,hash=b658ef3b...
info|2019-11-12 18:43:38.681294|[g:1][CONSENSUS][PBFT]checkTimeout Succ,view=97,toView=98,nodeIdx=0,changeCycle=0,myNode=3c841dae...,timecost=0.227
info|2019-11-12 18:43:38.684323|[g:1][CONSENSUS][PBFT]checkAndChangeView: Reach consensus,org_view=97,org_changeCycle=0,cur_changeCycle=0,to_view=98
info|2019-11-12 18:43:39.688295|[g:1][CONSENSUS]addRawPrepare,height=9,reqIdx=2,hash=3feb3f97...
info|2019-11-12 18:43:39.688664|[g:1][CONSENSUS][PBFT]checkTimeout Succ,view=98,toView=99,nodeIdx=0,changeCycle=0,myNode=3c841dae...,timecost=0.326
info|2019-11-12 18:43:39.692908|[g:1][CONSENSUS][PBFT]checkAndChangeView: Reach consensus,org_view=98,org_changeCycle=0,cur_changeCycle=0,to_view=99
info|2019-11-12 18:43:39.895064|[P2P][Service] heartBeat,connected count=4
warning|2019-11-12 18:43:40.313311|[SYNC][id:3c841dae...][Status]Peer data not found,nodeId=6e4f3ba3...
info|2019-11-12 18:43:40.695046|[g:1][CONSENSUS]addRawPrepare,height=9,reqIdx=3,hash=cc4c748c...
info|2019-11-12 18:43:40.695323|[g:1][CONSENSUS][PBFT]checkTimeout Succ,view=99,toView=100,nodeIdx=0,changeCycle=0,myNode=3c841dae...,timecost=0.187
info|2019-11-12 18:43:40.699600|[g:1][CONSENSUS][PBFT]checkAndChangeView: Reach consensus,org_view=99,org_changeCycle=0,cur_changeCycle=0,to_view=100
info|2019-11-12 18:43:41.699727|[g:1][CONSENSUS][SEALER]++++++++++++++++ Generating seal on,blkNum=9,tx=0,nodeIdx=0,hash=67a0908c...
info|2019-11-12 18:43:41.706107|[g:1][CONSENSUS][PBFT]checkTimeout Succ,view=100,toView=101,nodeIdx=0,changeCycle=0,myNode=3c841dae...,timecost=0.229
info|2019-11-12 18:43:41.707053|[g:1][CONSENSUS][PBFT]checkAndChangeView: Reach consensus,org_view=100,org_changeCycle=0,cur_changeCycle=0,to_view=101
info|2019-11-12 18:43:42.706823|[g:1][CONSENSUS]addRawPrepare,height=9,reqIdx=1,hash=54b0b922...
info|2019-11-12 18:43:42.707043|[g:1][CONSENSUS][PBFT]checkTimeout Succ,view=101,toView=102,nodeIdx=0,changeCycle=0,myNode=3c841dae...,timecost=0.196
info|2019-11-12 18:43:42.710367|[g:1][CONSENSUS][PBFT]checkAndChangeView: Reach consensus,org_view=101,org_changeCycle=0,cur_changeCycle=0,to_view=102
info|2019-11-12 18:43:43.712051|[g:1][CONSENSUS]addRawPrepare,height=9,reqIdx=2,hash=f913209b...
info|2019-11-12 18:43:43.712266|[g:1][CONSENSUS][PBFT]checkTimeout Succ,view=102,toView=103,nodeIdx=0,changeCycle=0,myNode=3c841dae...,timecost=0.192
info|2019-11-12 18:43:43.715498|[g:1][CONSENSUS][PBFT]checkAndChangeView: Reach consensus,org_view=102,org_changeCycle=0,cur_changeCycle=0,to_view=103
info|2019-11-12 18:43:44.716956|[g:1][CONSENSUS]addRawPrepare,height=9,reqIdx=3,hash=399a8ad7...
info|2019-11-12 18:43:44.717215|[g:1][CONSENSUS][PBFT]checkTimeout Succ,view=103,toView=104,nodeIdx=0,changeCycle=0,myNode=3c841dae...,timecost=0.186
info|2019-11-12 18:43:44.720545|[g:1][CONSENSUS][PBFT]checkAndChangeView: Reach consensus,org_view=103,org_changeCycle=0,cur_changeCycle=0,to_view=104
warning|2019-11-12 18:43:45.321405|[SYNC][id:3c841dae...][Status]Peer data not found,nodeId=6e4f3ba3...
info|2019-11-12 18:43:45.721726|[g:1][CONSENSUS][SEALER]++++++++++++++++ Generating seal on,blkNum=9,tx=0,nodeIdx=0,hash=b275c9c6...
info|2019-11-12 18:43:45.728899|[g:1][CONSENSUS][PBFT]checkTimeout Succ,view=104,toView=105,nodeIdx=0,changeCycle=0,myNode=3c841dae...,timecost=0.214
info|2019-11-12 18:43:45.730421|[g:1][CONSENSUS][PBFT]checkAndChangeView: Reach consensus,org_view=104,org_changeCycle=0,cur_changeCycle=0,to_view=105
info|2019-11-12 18:43:46.729120|[g:1][CONSENSUS]addRawPrepare,height=9,reqIdx=1,hash=6b7c07f3...
info|2019-11-12 18:43:46.729336|[g:1][CONSENSUS][PBFT]checkTimeout Succ,view=105,toView=106,nodeIdx=0,changeCycle=0,myNode=3c841dae...,timecost=0.193
info|2019-11-12 18:43:46.732671|[g:1][CONSENSUS][PBFT]checkAndChangeView: Reach consensus,org_view=105,org_changeCycle=0,cur_changeCycle=0,to_view=106
info|2019-11-12 18:43:47.736476|[g:1][CONSENSUS]addRawPrepare,height=9,reqIdx=2,hash=cf7119b0...
info|2019-11-12 18:43:47.736694|[g:1][CONSENSUS][PBFT]checkTimeout Succ,view=106,toView=107,nodeIdx=0,changeCycle=0,myNode=3c841dae...,timecost=0.192
info|2019-11-12 18:43:47.736969|[g:1][CONSENSUS][PBFT]checkAndChangeView: Reach consensus,org_view=106,org_changeCycle=0,cur_changeCycle=0,to_view=107
info|2019-11-12 18:43:48.739653|[g:1][CONSENSUS]addRawPrepare,height=9,reqIdx=3,hash=371cbd58...
info|2019-11-12 18:43:48.739913|[g:1][CONSENSUS][PBFT]checkTimeout Succ,view=107,toView=108,nodeIdx=0,changeCycle=0,myNode=3c841dae...,timecost=0.188
info|2019-11-12 18:43:48.744019|[g:1][CONSENSUS][PBFT]checkAndChangeView: Reach consensus,org_view=107,org_changeCycle=0,cur_changeCycle=0,to_view=108
info|2019-11-12 18:43:49.744289|[g:1][CONSENSUS][SEALER]++++++++++++++++ Generating seal on,blkNum=9,tx=0,nodeIdx=0,hash=122d5c7f...
info|2019-11-12 18:43:49.750702|[g:1][CONSENSUS][PBFT]checkTimeout Succ,view=108,toView=109,nodeIdx=0,changeCycle=0,myNode=3c841dae...,timecost=0.241
info|2019-11-12 18:43:49.751633|[g:1][CONSENSUS][PBFT]checkAndChangeView: Reach consensus,org_view=108,org_changeCycle=0,cur_changeCycle=0,to_view=109
info|2019-11-12 18:43:49.895155|[P2P][Service] heartBeat,connected count=4
warning|2019-11-12 18:43:50.329332|[SYNC][id:3c841dae...][Status]Peer data not found,nodeId=6e4f3ba3...
info|2019-11-12 18:43:50.754129|[g:1][CONSENSUS]addRawPrepare,height=9,reqIdx=1,hash=c4c1b4f6...
info|2019-11-12 18:43:50.754452|[g:1][CONSENSUS][PBFT]checkTimeout Succ,view=109,toView=110,nodeIdx=0,changeCycle=0,myNode=3c841dae...,timecost=0.295
info|2019-11-12 18:43:50.755824|[g:1][CONSENSUS][PBFT]checkAndChangeView: Reach consensus,org_view=109,org_changeCycle=0,cur_changeCycle=0,to_view=110
info|2019-11-12 18:43:51.760287|[g:1][CONSENSUS]addRawPrepare,height=9,reqIdx=2,hash=aa785681...
info|2019-11-12 18:43:51.760532|[g:1][CONSENSUS][PBFT]checkTimeout Succ,view=110,toView=111,nodeIdx=0,changeCycle=0,myNode=3c841dae...,timecost=0.222
info|2019-11-12 18:43:51.766016|[g:1][CONSENSUS][PBFT]checkAndChangeView: Reach consensus,org_view=110,org_changeCycle=0,cur_changeCycle=0,to_view=111
info|2019-11-12 18:43:52.767878|[g:1][CONSENSUS]addRawPrepare,height=9,reqIdx=3,hash=01689503...
info|2019-11-12 18:43:52.768135|[g:1][CONSENSUS][PBFT]checkTimeout Succ,view=111,toView=112,nodeIdx=0,changeCycle=0,myNode=3c841dae...,timecost=0.184
info|2019-11-12 18:43:52.772477|[g:1][CONSENSUS][PBFT]checkAndChangeView: Reach consensus,org_view=111,org_changeCycle=0,cur_changeCycle=0,to_view=112
info|2019-11-12 18:43:53.772762|[g:1][CONSENSUS][SEALER]++++++++++++++++ Generating seal on,blkNum=9,tx=0,nodeIdx=0,hash=406112e6...
info|2019-11-12 18:43:53.785125|[g:1][CONSENSUS][PBFT]checkTimeout Succ,view=112,toView=113,nodeIdx=0,changeCycle=0,myNode=3c841dae...,timecost=0.203
info|2019-11-12 18:43:53.787393|[g:1][CONSENSUS][PBFT]checkAndChangeView: Reach consensus,org_view=112,org_changeCycle=0,cur_changeCycle=0,to_view=113
info|2019-11-12 18:43:54.787055|[g:1][CONSENSUS]addRawPrepare,height=9,reqIdx=1,hash=ce71e260...
info|2019-11-12 18:43:54.787272|[g:1][CONSENSUS][PBFT]checkTimeout Succ,view=113,toView=114,nodeIdx=0,changeCycle=0,myNode=3c841dae...,timecost=0.193
info|2019-11-12 18:43:54.788373|[g:1][CONSENSUS][PBFT]checkAndChangeView: Reach consensus,org_view=113,org_changeCycle=0,cur_changeCycle=0,to_view=114
warning|2019-11-12 18:43:55.348861|[SYNC][id:3c841dae...][Status]Peer data not found,nodeId=6e4f3ba3...
info|2019-11-12 18:43:55.793856|[g:1][CONSENSUS]addRawPrepare,height=9,reqIdx=2,hash=2349c017...
info|2019-11-12 18:43:55.794069|[g:1][CONSENSUS][PBFT]checkTimeout Succ,view=114,toView=115,nodeIdx=0,changeCycle=0,myNode=3c841dae...,timecost=0.191
info|2019-11-12 18:43:55.794378|[g:1][CONSENSUS][PBFT]checkAndChangeView: Reach consensus,org_view=114,org_changeCycle=0,cur_changeCycle=0,to_view=115
info|2019-11-12 18:43:56.796931|[g:1][CONSENSUS]addRawPrepare,height=9,reqIdx=3,hash=c0734d8d...
info|2019-11-12 18:43:56.797241|[g:1][CONSENSUS][PBFT]checkTimeout Succ,view=115,toView=116,nodeIdx=0,changeCycle=0,myNode=3c841dae...,timecost=0.226
info|2019-11-12 18:43:56.801162|[g:1][CONSENSUS][PBFT]checkAndChangeView: Reach consensus,org_view=115,org_changeCycle=0,cur_changeCycle=0,to_view=116
info|2019-11-12 18:43:57.802369|[g:1][CONSENSUS][SEALER]++++++++++++++++ Generating seal on,blkNum=9,tx=0,nodeIdx=0,hash=5bfe0704...
info|2019-11-12 18:43:57.808699|[g:1][CONSENSUS][PBFT]checkTimeout Succ,view=116,toView=117,nodeIdx=0,changeCycle=0,myNode=3c841dae...,timecost=0.213
info|2019-11-12 18:43:57.809845|[g:1][CONSENSUS][PBFT]checkAndChangeView: Reach consensus,org_view=116,org_changeCycle=0,cur_changeCycle=0,to_view=117
info|2019-11-12 18:43:58.812749|[g:1][CONSENSUS]addRawPrepare,height=9,reqIdx=1,hash=e2e7b1e9...
info|2019-11-12 18:43:58.813956|[g:1][CONSENSUS][PBFT]checkTimeout Succ,view=117,toView=118,nodeIdx=0,changeCycle=0,myNode=3c841dae...,timecost=1.141
info|2019-11-12 18:43:58.817845|[g:1][CONSENSUS][PBFT]checkAndChangeView: Reach consensus,org_view=117,org_changeCycle=0,cur_changeCycle=0,to_view=118
info|2019-11-12 18:43:59.823629|[g:1][CONSENSUS]addRawPrepare,height=9,reqIdx=2,hash=574582cc...
info|2019-11-12 18:43:59.823839|[g:1][CONSENSUS][PBFT]checkTimeout Succ,view=118,toView=119,nodeIdx=0,changeCycle=0,myNode=3c841dae...,timecost=0.185
info|2019-11-12 18:43:59.826193|[g:1][CONSENSUS][PBFT]checkAndChangeView: Reach consensus,org_view=118,org_changeCycle=0,cur_changeCycle=0,to_view=119
info|2019-11-12 18:43:59.895243|[P2P][Service] heartBeat,connected count=4
warning|2019-11-12 18:44:00.362872|[SYNC][id:3c841dae...][Status]Peer data not found,nodeId=6e4f3ba3...
info|2019-11-12 18:44:00.827659|[g:1][CONSENSUS]addRawPrepare,height=9,reqIdx=3,hash=a796e242...
info|2019-11-12 18:44:00.827947|[g:1][CONSENSUS][PBFT]checkTimeout Succ,view=119,toView=120,nodeIdx=0,changeCycle=0,myNode=3c841dae...,timecost=0.219
info|2019-11-12 18:44:00.831765|[g:1][CONSENSUS][PBFT]checkAndChangeView: Reach consensus,org_view=119,org_changeCycle=0,cur_changeCycle=0,to_view=120
info|2019-11-12 18:44:01.832567|[g:1][CONSENSUS][SEALER]++++++++++++++++ Generating seal on,blkNum=9,tx=0,nodeIdx=0,hash=6ec3176f...
info|2019-11-12 18:44:01.846537|[g:1][CONSENSUS][PBFT]checkTimeout Succ,view=120,toView=121,nodeIdx=0,changeCycle=0,myNode=3c841dae...,timecost=0.315
info|2019-11-12 18:44:01.847915|[g:1][CONSENSUS][PBFT]checkAndChangeView: Reach consensus,org_view=120,org_changeCycle=0,cur_changeCycle=0,to_view=121
info|2019-11-12 18:44:02.850496|[g:1][CONSENSUS]addRawPrepare,height=9,reqIdx=1,hash=b77806a1...
info|2019-11-12 18:44:02.852993|[g:1][CONSENSUS][PBFT]checkTimeout Succ,view=121,toView=122,nodeIdx=0,changeCycle=0,myNode=3c841dae...,timecost=2.412
info|2019-11-12 18:44:02.855973|[g:1][CONSENSUS][PBFT]checkAndChangeView: Reach consensus,org_view=121,org_changeCycle=0,cur_changeCycle=0,to_view=122
info|2019-11-12 18:44:03.859302|[g:1][CONSENSUS]addRawPrepare,height=9,reqIdx=2,hash=d6b2561e...
info|2019-11-12 18:44:03.859539|[g:1][CONSENSUS][PBFT]checkTimeout Succ,view=122,toView=123,nodeIdx=0,changeCycle=0,myNode=3c841dae...,timecost=0.215
info|2019-11-12 18:44:03.861252|[g:1][CONSENSUS][PBFT]checkAndChangeView: Reach consensus,org_view=122,org_changeCycle=0,cur_changeCycle=0,to_view=123
info|2019-11-12 18:44:04.864506|[g:1][CONSENSUS]addRawPrepare,height=9,reqIdx=3,hash=e46b383e...
info|2019-11-12 18:44:04.864768|[g:1][CONSENSUS][PBFT]checkTimeout Succ,view=123,toView=124,nodeIdx=0,changeCycle=0,myNode=3c841dae...,timecost=0.186
info|2019-11-12 18:44:04.867997|[g:1][CONSENSUS][PBFT]checkAndChangeView: Reach consensus,org_view=123,org_changeCycle=0,cur_changeCycle=0,to_view=124
warning|2019-11-12 18:44:05.371095|[SYNC][id:3c841dae...][Status]Peer data not found,nodeId=6e4f3ba3...
info|2019-11-12 18:44:05.870578|[g:1][CONSENSUS][SEALER]++++++++++++++++ Generating seal on,blkNum=9,tx=0,nodeIdx=0,hash=8b001235...
info|2019-11-12 18:44:05.876808|[g:1][CONSENSUS][PBFT]checkTimeout Succ,view=124,toView=125,nodeIdx=0,changeCycle=0,myNode=3c841dae...,timecost=0.221
info|2019-11-12 18:44:05.877887|[g:1][CONSENSUS][PBFT]checkAndChangeView: Reach consensus,org_view=124,org_changeCycle=0,cur_changeCycle=0,to_view=125
info|2019-11-12 18:44:06.880489|[g:1][CONSENSUS]addRawPrepare,height=9,reqIdx=1,hash=3a2a4a91...
info|2019-11-12 18:44:06.880850|[g:1][CONSENSUS][PBFT]checkTimeout Succ,view=125,toView=126,nodeIdx=0,changeCycle=0,myNode=3c841dae...,timecost=0.324
info|2019-11-12 18:44:06.883581|[g:1][CONSENSUS][PBFT]checkAndChangeView: Reach consensus,org_view=125,org_changeCycle=0,cur_changeCycle=0,to_view=126
info|2019-11-12 18:44:07.890336|[g:1][CONSENSUS]addRawPrepare,height=9,reqIdx=2,hash=a0ec3ad6...
info|2019-11-12 18:44:07.890585|[g:1][CONSENSUS][PBFT]checkTimeout Succ,view=126,toView=127,nodeIdx=0,changeCycle=0,myNode=3c841dae...,timecost=0.197
info|2019-11-12 18:44:07.893466|[g:1][CONSENSUS][PBFT]checkAndChangeView: Reach consensus,org_view=126,org_changeCycle=0,cur_changeCycle=0,to_view=127
info|2019-11-12 18:44:08.895900|[g:1][CONSENSUS]addRawPrepare,height=9,reqIdx=3,hash=3652ab1d...
info|2019-11-12 18:44:08.896158|[g:1][CONSENSUS][PBFT]checkTimeout Succ,view=127,toView=128,nodeIdx=0,changeCycle=0,myNode=3c841dae...,timecost=0.187
info|2019-11-12 18:44:08.899754|[g:1][CONSENSUS][PBFT]checkAndChangeView: Reach consensus,org_view=127,org_changeCycle=0,cur_changeCycle=0,to_view=128
info|2019-11-12 18:44:09.896420|[P2P][Service] heartBeat,connected count=4
info|2019-11-12 18:44:09.900873|[g:1][CONSENSUS][SEALER]++++++++++++++++ Generating seal on,blkNum=9,tx=0,nodeIdx=0,hash=2317d05c...
info|2019-11-12 18:44:09.904704|[g:1][CONSENSUS][PBFT]checkTimeout Succ,view=128,toView=129,nodeIdx=0,changeCycle=0,myNode=3c841dae...,timecost=0.222
info|2019-11-12 18:44:09.905274|[g:1][CONSENSUS][PBFT]checkAndChangeView: Reach consensus,org_view=128,org_changeCycle=0,cur_changeCycle=0,to_view=129
info|2019-11-12 18:44:10.117961|[LEDGER]stop sealer,groupID=1
info|2019-11-12 18:44:10.117991|[CONSENSUS][SEALER]Stop sealer module...
info|2019-11-12 18:44:10.118996|[CONSENSUS][ConsensusEngine][Stop ConsensusEngineBase]
info|2019-11-12 18:44:10.124703|[CONSENSUS][ConsensusEngine]ConsensusEngineBase stopped
info|2019-11-12 18:44:10.124718|[LEDGER]sealer stopped. stop sync,groupID=1
info|2019-11-12 18:44:10.306216|[SYNC][id:3c841dae...]SyncMaster stopped
info|2019-11-12 18:44:10.306270|[LEDGER]ledger stopped,groupID=1
info|2019-11-12 18:44:10.366234|[EVENT][EventLogFilterManager]stop
info|2019-11-12 18:44:10.366244|[LEDGER]event filter manager stopped,groupID=1
info|2019-11-12 18:44:10.366249|[INITIALIZER]ledgerInitializer stopped
info|2019-11-12 18:44:11.366676|[INITIALIZER]ChannelRPCHttpServer deleted.
info|2019-11-12 18:44:11.367945|[INITIALIZER]JsonrpcHttpServer deleted.
info|2019-11-12 18:44:11.367956|[INITIALIZER]RPCInitializer stopped
info|2019-11-12 18:44:11.367975|[NETWORK][Host]Host exit
info|2019-11-12 18:44:11.368914|[INITIALIZER]P2PInitializer stopped
info|2019-11-12 18:44:11.368925|[LEDGER]stop sealer,groupID=1
info|2019-11-12 18:44:11.368930|[LEDGER]sealer stopped. stop sync,groupID=1
info|2019-11-12 18:44:11.368934|[SYNC][id:3c841dae...]SyncMaster stopped
info|2019-11-12 18:44:11.368937|[LEDGER]ledger stopped,groupID=1
info|2019-11-12 18:44:11.368941|[LEDGER]event filter manager stopped,groupID=1
info|2019-11-12 18:44:11.368946|[STORAGE]Stopping flushStorage thread
info|2019-11-12 18:44:12.054424|[STORAGE]flushStorage thread stopped.
info|2019-11-12 18:44:12.054438|[DBINITIALIZER] storage stopped
info|2019-11-12 18:44:12.055002|[SYNC][id:3c841dae...]SyncMaster stopped
