info|2019-11-15 18:00:00.383079|[g:1][CONSENSUS]addRawPrepare,height=13,reqIdx=2,hash=fbd63fff...
info|2019-11-15 18:00:00.383303|[g:1][CONSENSUS][PBFT]checkTimeout Succ,view=6138,toView=6139,nodeIdx=0,changeCycle=0,myNode=3c841dae...,timecost=0.198
info|2019-11-15 18:00:00.384921|[g:1][CONSENSUS][PBFT]checkAndChangeView: Reach consensus,org_view=6138,org_changeCycle=0,cur_changeCycle=0,to_view=6139
info|2019-11-15 18:00:01.387500|[g:1][CONSENSUS]addRawPrepare,height=13,reqIdx=3,hash=c45b6b4a...
info|2019-11-15 18:00:01.387706|[g:1][CONSENSUS][PBFT]checkTimeout Succ,view=6139,toView=6140,nodeIdx=0,changeCycle=0,myNode=3c841dae...,timecost=0.184
info|2019-11-15 18:00:01.389544|[g:1][CONSENSUS][PBFT]checkAndChangeView: Reach consensus,org_view=6139,org_changeCycle=0,cur_changeCycle=0,to_view=6140
info|2019-11-15 18:00:02.389616|[g:1][CONSENSUS][SEALER]++++++++++++++++ Generating seal on,blkNum=13,tx=0,nodeIdx=0,hash=99d50c82...
info|2019-11-15 18:00:02.405823|[g:1][CONSENSUS][PBFT]checkTimeout Succ,view=6140,toView=6141,nodeIdx=0,changeCycle=0,myNode=3c841dae...,timecost=0.287
info|2019-11-15 18:00:02.406766|[g:1][CONSENSUS][PBFT]checkAndChangeView: Reach consensus,org_view=6140,org_changeCycle=0,cur_changeCycle=0,to_view=6141
warning|2019-11-15 18:00:02.652478|[SYNC][id:3c841dae...][Status]Peer data not found,nodeId=6e4f3ba3...
info|2019-11-15 18:00:03.409271|[g:1][CONSENSUS]addRawPrepare,height=13,reqIdx=1,hash=1b51f4a3...
info|2019-11-15 18:00:03.409498|[g:1][CONSENSUS][PBFT]checkTimeout Succ,view=6141,toView=6142,nodeIdx=0,changeCycle=0,myNode=3c841dae...,timecost=0.202
info|2019-11-15 18:00:03.412228|[g:1][CONSENSUS][PBFT]checkAndChangeView: Reach consensus,org_view=6141,org_changeCycle=0,cur_changeCycle=0,to_view=6142
info|2019-11-15 18:00:04.415459|[g:1][CONSENSUS]addRawPrepare,height=13,reqIdx=2,hash=dcc29545...
info|2019-11-15 18:00:04.417926|[g:1][CONSENSUS][PBFT]checkTimeout Succ,view=6142,toView=6143,nodeIdx=0,changeCycle=0,myNode=3c841dae...,timecost=2.441
info|2019-11-15 18:00:04.418236|[g:1][CONSENSUS][PBFT]checkAndChangeView: Reach consensus,org_view=6142,org_changeCycle=0,cur_changeCycle=0,to_view=6143
info|2019-11-15 18:00:05.421867|[g:1][CONSENSUS]addRawPrepare,height=13,reqIdx=3,hash=876cf542...
info|2019-11-15 18:00:05.422143|[g:1][CONSENSUS][PBFT]checkTimeout Succ,view=6143,toView=6144,nodeIdx=0,changeCycle=0,myNode=3c841dae...,timecost=0.242
info|2019-11-15 18:00:05.423236|[g:1][CONSENSUS][PBFT]checkAndChangeView: Reach consensus,org_view=6143,org_changeCycle=0,cur_changeCycle=0,to_view=6144
info|2019-11-15 18:00:06.274636|[P2P][Service] heartBeat,connected count=4
info|2019-11-15 18:00:06.425175|[g:1][CONSENSUS][SEALER]++++++++++++++++ Generating seal on,blkNum=13,tx=0,nodeIdx=0,hash=6e9c940f...
info|2019-11-15 18:00:06.431489|[g:1][CONSENSUS][PBFT]checkTimeout Succ,view=6144,toView=6145,nodeIdx=0,changeCycle=0,myNode=3c841dae...,timecost=0.204
info|2019-11-15 18:00:06.432264|[g:1][CONSENSUS][PBFT]checkAndChangeView: Reach consensus,org_view=6144,org_changeCycle=0,cur_changeCycle=0,to_view=6145
info|2019-11-15 18:00:07.433519|[g:1][CONSENSUS]addRawPrepare,height=13,reqIdx=1,hash=b75bd99a...
info|2019-11-15 18:00:07.433783|[g:1][CONSENSUS][PBFT]checkTimeout Succ,view=6145,toView=6146,nodeIdx=0,changeCycle=0,myNode=3c841dae...,timecost=0.239
info|2019-11-15 18:00:07.434824|[g:1][CONSENSUS][PBFT]checkAndChangeView: Reach consensus,org_view=6145,org_changeCycle=0,cur_changeCycle=0,to_view=6146
warning|2019-11-15 18:00:07.661990|[SYNC][id:3c841dae...][Status]Peer data not found,nodeId=6e4f3ba3...
info|2019-11-15 18:00:08.439238|[g:1][CONSENSUS]addRawPrepare,height=13,reqIdx=2,hash=c9e34e48...
info|2019-11-15 18:00:08.439472|[g:1][CONSENSUS][PBFT]checkTimeout Succ,view=6146,toView=6147,nodeIdx=0,changeCycle=0,myNode=3c841dae...,timecost=0.207
info|2019-11-15 18:00:08.441296|[g:1][CONSENSUS][PBFT]checkAndChangeView: Reach consensus,org_view=6146,org_changeCycle=0,cur_changeCycle=0,to_view=6147
info|2019-11-15 18:00:09.444492|[g:1][CONSENSUS]addRawPrepare,height=13,reqIdx=3,hash=620b8516...
info|2019-11-15 18:00:09.444725|[g:1][CONSENSUS][PBFT]checkTimeout Succ,view=6147,toView=6148,nodeIdx=0,changeCycle=0,myNode=3c841dae...,timecost=0.206
info|2019-11-15 18:00:09.446617|[g:1][CONSENSUS][PBFT]checkAndChangeView: Reach consensus,org_view=6147,org_changeCycle=0,cur_changeCycle=0,to_view=6148
info|2019-11-15 18:00:10.447907|[g:1][CONSENSUS][SEALER]++++++++++++++++ Generating seal on,blkNum=13,tx=0,nodeIdx=0,hash=b9de6957...
info|2019-11-15 18:00:10.454481|[g:1][CONSENSUS][PBFT]checkTimeout Succ,view=6148,toView=6149,nodeIdx=0,changeCycle=0,myNode=3c841dae...,timecost=0.207
info|2019-11-15 18:00:10.455427|[g:1][CONSENSUS][PBFT]checkAndChangeView: Reach consensus,org_view=6148,org_changeCycle=0,cur_changeCycle=0,to_view=6149
info|2019-11-15 18:00:11.454546|[g:1][CONSENSUS]addRawPrepare,height=13,reqIdx=1,hash=199f7522...
info|2019-11-15 18:00:11.454801|[g:1][CONSENSUS][PBFT]checkTimeout Succ,view=6149,toView=6150,nodeIdx=0,changeCycle=0,myNode=3c841dae...,timecost=0.233
info|2019-11-15 18:00:11.457326|[g:1][CONSENSUS][PBFT]checkAndChangeView: Reach consensus,org_view=6149,org_changeCycle=0,cur_changeCycle=0,to_view=6150
info|2019-11-15 18:00:12.460532|[g:1][CONSENSUS]addRawPrepare,height=13,reqIdx=2,hash=59f8a50f...
info|2019-11-15 18:00:12.460756|[g:1][CONSENSUS][PBFT]checkTimeout Succ,view=6150,toView=6151,nodeIdx=0,changeCycle=0,myNode=3c841dae...,timecost=0.201
info|2019-11-15 18:00:12.461831|[g:1][CONSENSUS][PBFT]checkAndChangeView: Reach consensus,org_view=6150,org_changeCycle=0,cur_changeCycle=0,to_view=6151
warning|2019-11-15 18:00:12.672212|[SYNC][id:3c841dae...][Status]Peer data not found,nodeId=6e4f3ba3...
info|2019-11-15 18:00:13.466929|[g:1][CONSENSUS]addRawPrepare,height=13,reqIdx=3,hash=cf51f811...
info|2019-11-15 18:00:13.467157|[g:1][CONSENSUS][PBFT]checkTimeout Succ,view=6151,toView=6152,nodeIdx=0,changeCycle=0,myNode=3c841dae...,timecost=0.203
info|2019-11-15 18:00:13.470048|[g:1][CONSENSUS][PBFT]checkAndChangeView: Reach consensus,org_view=6151,org_changeCycle=0,cur_changeCycle=0,to_view=6152
info|2019-11-15 18:00:14.470782|[g:1][CONSENSUS][SEALER]++++++++++++++++ Generating seal on,blkNum=13,tx=0,nodeIdx=0,hash=585e20ac...
info|2019-11-15 18:00:14.477918|[g:1][CONSENSUS][PBFT]checkTimeout Succ,view=6152,toView=6153,nodeIdx=0,changeCycle=0,myNode=3c841dae...,timecost=0.247
info|2019-11-15 18:00:14.479115|[g:1][CONSENSUS][PBFT]checkAndChangeView: Reach consensus,org_view=6152,org_changeCycle=0,cur_changeCycle=0,to_view=6153
info|2019-11-15 18:00:15.478075|[g:1][CONSENSUS]addRawPrepare,height=13,reqIdx=1,hash=c8b1cf54...
info|2019-11-15 18:00:15.478305|[g:1][CONSENSUS][PBFT]checkTimeout Succ,view=6153,toView=6154,nodeIdx=0,changeCycle=0,myNode=3c841dae...,timecost=0.206
info|2019-11-15 18:00:15.480530|[g:1][CONSENSUS][PBFT]checkAndChangeView: Reach consensus,org_view=6153,org_changeCycle=0,cur_changeCycle=0,to_view=6154
info|2019-11-15 18:00:16.275351|[P2P][Service] heartBeat,connected count=4
info|2019-11-15 18:00:16.490925|[g:1][CONSENSUS]addRawPrepare,height=13,reqIdx=2,hash=1f6a166a...
info|2019-11-15 18:00:16.493305|[g:1][CONSENSUS][PBFT]checkTimeout Succ,view=6154,toView=6155,nodeIdx=0,changeCycle=0,myNode=3c841dae...,timecost=2.304
info|2019-11-15 18:00:16.497532|[g:1][CONSENSUS][PBFT]checkAndChangeView: Reach consensus,org_view=6154,org_changeCycle=0,cur_changeCycle=0,to_view=6155
info|2019-11-15 18:00:17.502851|[g:1][CONSENSUS]addRawPrepare,height=13,reqIdx=3,hash=594db255...
info|2019-11-15 18:00:17.503073|[g:1][CONSENSUS][PBFT]checkTimeout Succ,view=6155,toView=6156,nodeIdx=0,changeCycle=0,myNode=3c841dae...,timecost=0.199
info|2019-11-15 18:00:17.506046|[g:1][CONSENSUS][PBFT]checkAndChangeView: Reach consensus,org_view=6155,org_changeCycle=0,cur_changeCycle=0,to_view=6156
warning|2019-11-15 18:00:17.679554|[SYNC][id:3c841dae...][Status]Peer data not found,nodeId=6e4f3ba3...
info|2019-11-15 18:00:18.507106|[g:1][CONSENSUS][SEALER]++++++++++++++++ Generating seal on,blkNum=13,tx=0,nodeIdx=0,hash=47bf5120...
info|2019-11-15 18:00:18.513799|[g:1][CONSENSUS][PBFT]checkTimeout Succ,view=6156,toView=6157,nodeIdx=0,changeCycle=0,myNode=3c841dae...,timecost=0.215
info|2019-11-15 18:00:18.514915|[g:1][CONSENSUS][PBFT]checkAndChangeView: Reach consensus,org_view=6156,org_changeCycle=0,cur_changeCycle=0,to_view=6157
info|2019-11-15 18:00:19.512107|[g:1][CONSENSUS]addRawPrepare,height=13,reqIdx=1,hash=a0747006...
info|2019-11-15 18:00:19.512336|[g:1][CONSENSUS][PBFT]checkTimeout Succ,view=6157,toView=6158,nodeIdx=0,changeCycle=0,myNode=3c841dae...,timecost=0.205
info|2019-11-15 18:00:19.515041|[g:1][CONSENSUS][PBFT]checkAndChangeView: Reach consensus,org_view=6157,org_changeCycle=0,cur_changeCycle=0,to_view=6158
info|2019-11-15 18:00:20.519400|[g:1][CONSENSUS]addRawPrepare,height=13,reqIdx=2,hash=a8dfeea8...
info|2019-11-15 18:00:20.519609|[g:1][CONSENSUS][PBFT]checkTimeout Succ,view=6158,toView=6159,nodeIdx=0,changeCycle=0,myNode=3c841dae...,timecost=0.187
info|2019-11-15 18:00:20.522309|[g:1][CONSENSUS][PBFT]checkAndChangeView: Reach consensus,org_view=6158,org_changeCycle=0,cur_changeCycle=0,to_view=6159
info|2019-11-15 18:00:21.524935|[g:1][CONSENSUS]addRawPrepare,height=13,reqIdx=3,hash=9f3a55ae...
info|2019-11-15 18:00:21.525151|[g:1][CONSENSUS][PBFT]checkTimeout Succ,view=6159,toView=6160,nodeIdx=0,changeCycle=0,myNode=3c841dae...,timecost=0.191
info|2019-11-15 18:00:21.526976|[g:1][CONSENSUS][PBFT]checkAndChangeView: Reach consensus,org_view=6159,org_changeCycle=0,cur_changeCycle=0,to_view=6160
info|2019-11-15 18:00:22.527647|[g:1][CONSENSUS][SEALER]++++++++++++++++ Generating seal on,blkNum=13,tx=0,nodeIdx=0,hash=c2666f99...
info|2019-11-15 18:00:22.537645|[g:1][CONSENSUS][PBFT]checkTimeout Succ,view=6160,toView=6161,nodeIdx=0,changeCycle=0,myNode=3c841dae...,timecost=0.289
info|2019-11-15 18:00:22.538888|[g:1][CONSENSUS][PBFT]checkAndChangeView: Reach consensus,org_view=6160,org_changeCycle=0,cur_changeCycle=0,to_view=6161
warning|2019-11-15 18:00:22.687068|[SYNC][id:3c841dae...][Status]Peer data not found,nodeId=6e4f3ba3...
info|2019-11-15 18:00:23.538325|[g:1][CONSENSUS]addRawPrepare,height=13,reqIdx=1,hash=6c93896e...
info|2019-11-15 18:00:23.538569|[g:1][CONSENSUS][PBFT]checkTimeout Succ,view=6161,toView=6162,nodeIdx=0,changeCycle=0,myNode=3c841dae...,timecost=0.22
info|2019-11-15 18:00:23.539631|[g:1][CONSENSUS][PBFT]checkAndChangeView: Reach consensus,org_view=6161,org_changeCycle=0,cur_changeCycle=0,to_view=6162
info|2019-11-15 18:00:24.543342|[g:1][CONSENSUS]addRawPrepare,height=13,reqIdx=2,hash=582f79b2...
info|2019-11-15 18:00:24.543555|[g:1][CONSENSUS][PBFT]checkTimeout Succ,view=6162,toView=6163,nodeIdx=0,changeCycle=0,myNode=3c841dae...,timecost=0.19
info|2019-11-15 18:00:24.545865|[g:1][CONSENSUS][PBFT]checkAndChangeView: Reach consensus,org_view=6162,org_changeCycle=0,cur_changeCycle=0,to_view=6163
info|2019-11-15 18:00:25.549043|[g:1][CONSENSUS]addRawPrepare,height=13,reqIdx=3,hash=8837b017...
info|2019-11-15 18:00:25.549272|[g:1][CONSENSUS][PBFT]checkTimeout Succ,view=6163,toView=6164,nodeIdx=0,changeCycle=0,myNode=3c841dae...,timecost=0.201
info|2019-11-15 18:00:25.551515|[g:1][CONSENSUS][PBFT]checkAndChangeView: Reach consensus,org_view=6163,org_changeCycle=0,cur_changeCycle=0,to_view=6164
info|2019-11-15 18:00:26.275413|[P2P][Service] heartBeat,connected count=4
info|2019-11-15 18:00:26.552283|[g:1][CONSENSUS][SEALER]++++++++++++++++ Generating seal on,blkNum=13,tx=0,nodeIdx=0,hash=bccd25ac...
info|2019-11-15 18:00:26.559017|[g:1][CONSENSUS][PBFT]checkTimeout Succ,view=6164,toView=6165,nodeIdx=0,changeCycle=0,myNode=3c841dae...,timecost=0.328
info|2019-11-15 18:00:26.559878|[g:1][CONSENSUS][PBFT]checkAndChangeView: Reach consensus,org_view=6164,org_changeCycle=0,cur_changeCycle=0,to_view=6165
info|2019-11-15 18:00:27.561124|[g:1][CONSENSUS]addRawPrepare,height=13,reqIdx=1,hash=7c4d5dbb...
info|2019-11-15 18:00:27.561383|[g:1][CONSENSUS][PBFT]checkTimeout Succ,view=6165,toView=6166,nodeIdx=0,changeCycle=0,myNode=3c841dae...,timecost=0.237
info|2019-11-15 18:00:27.563531|[g:1][CONSENSUS][PBFT]checkAndChangeView: Reach consensus,org_view=6165,org_changeCycle=0,cur_changeCycle=0,to_view=6166
warning|2019-11-15 18:00:27.698574|[SYNC][id:3c841dae...][Status]Peer data not found,nodeId=6e4f3ba3...
info|2019-11-15 18:00:28.565872|[g:1][CONSENSUS]addRawPrepare,height=13,reqIdx=2,hash=535ca04c...
info|2019-11-15 18:00:28.566088|[g:1][CONSENSUS][PBFT]checkTimeout Succ,view=6166,toView=6167,nodeIdx=0,changeCycle=0,myNode=3c841dae...,timecost=0.19
info|2019-11-15 18:00:28.568260|[g:1][CONSENSUS][PBFT]checkAndChangeView: Reach consensus,org_view=6166,org_changeCycle=0,cur_changeCycle=0,to_view=6167
info|2019-11-15 18:00:29.571071|[g:1][CONSENSUS]addRawPrepare,height=13,reqIdx=3,hash=3a84ce7e...
info|2019-11-15 18:00:29.571284|[g:1][CONSENSUS][PBFT]checkTimeout Succ,view=6167,toView=6168,nodeIdx=0,changeCycle=0,myNode=3c841dae...,timecost=0.188
info|2019-11-15 18:00:29.573059|[g:1][CONSENSUS][PBFT]checkAndChangeView: Reach consensus,org_view=6167,org_changeCycle=0,cur_changeCycle=0,to_view=6168
info|2019-11-15 18:00:30.574097|[g:1][CONSENSUS][SEALER]++++++++++++++++ Generating seal on,blkNum=13,tx=0,nodeIdx=0,hash=a8f1241e...
info|2019-11-15 18:00:30.580916|[g:1][CONSENSUS][PBFT]checkTimeout Succ,view=6168,toView=6169,nodeIdx=0,changeCycle=0,myNode=3c841dae...,timecost=0.226
info|2019-11-15 18:00:30.581963|[g:1][CONSENSUS][PBFT]checkAndChangeView: Reach consensus,org_view=6168,org_changeCycle=0,cur_changeCycle=0,to_view=6169
info|2019-11-15 18:00:31.582486|[g:1][CONSENSUS]addRawPrepare,height=13,reqIdx=1,hash=44bb9b8b...
info|2019-11-15 18:00:31.582697|[g:1][CONSENSUS][PBFT]checkTimeout Succ,view=6169,toView=6170,nodeIdx=0,changeCycle=0,myNode=3c841dae...,timecost=0.187
info|2019-11-15 18:00:31.584969|[g:1][CONSENSUS][PBFT]checkAndChangeView: Reach consensus,org_view=6169,org_changeCycle=0,cur_changeCycle=0,to_view=6170
info|2019-11-15 18:00:32.587535|[g:1][CONSENSUS]addRawPrepare,height=13,reqIdx=2,hash=0af0b2ab...
info|2019-11-15 18:00:32.587759|[g:1][CONSENSUS][PBFT]checkTimeout Succ,view=6170,toView=6171,nodeIdx=0,changeCycle=0,myNode=3c841dae...,timecost=0.199
info|2019-11-15 18:00:32.590047|[g:1][CONSENSUS][PBFT]checkAndChangeView: Reach consensus,org_view=6170,org_changeCycle=0,cur_changeCycle=0,to_view=6171
warning|2019-11-15 18:00:32.703718|[SYNC][id:3c841dae...][Status]Peer data not found,nodeId=6e4f3ba3...
info|2019-11-15 18:00:33.592541|[g:1][CONSENSUS]addRawPrepare,height=13,reqIdx=3,hash=432c271f...
info|2019-11-15 18:00:33.592766|[g:1][CONSENSUS][PBFT]checkTimeout Succ,view=6171,toView=6172,nodeIdx=0,changeCycle=0,myNode=3c841dae...,timecost=0.201
info|2019-11-15 18:00:33.595275|[g:1][CONSENSUS][PBFT]checkAndChangeView: Reach consensus,org_view=6171,org_changeCycle=0,cur_changeCycle=0,to_view=6172
info|2019-11-15 18:00:34.596058|[g:1][CONSENSUS][SEALER]++++++++++++++++ Generating seal on,blkNum=13,tx=0,nodeIdx=0,hash=304eca2a...
info|2019-11-15 18:00:34.602846|[g:1][CONSENSUS][PBFT]checkTimeout Succ,view=6172,toView=6173,nodeIdx=0,changeCycle=0,myNode=3c841dae...,timecost=0.222
info|2019-11-15 18:00:34.603835|[g:1][CONSENSUS][PBFT]checkAndChangeView: Reach consensus,org_view=6172,org_changeCycle=0,cur_changeCycle=0,to_view=6173
info|2019-11-15 18:00:35.603230|[g:1][CONSENSUS]addRawPrepare,height=13,reqIdx=1,hash=53f54d34...
info|2019-11-15 18:00:35.603491|[g:1][CONSENSUS][PBFT]checkTimeout Succ,view=6173,toView=6174,nodeIdx=0,changeCycle=0,myNode=3c841dae...,timecost=0.238
info|2019-11-15 18:00:35.606555|[g:1][CONSENSUS][PBFT]checkAndChangeView: Reach consensus,org_view=6173,org_changeCycle=0,cur_changeCycle=0,to_view=6174
info|2019-11-15 18:00:36.275505|[P2P][Service] heartBeat,connected count=4
info|2019-11-15 18:00:36.609942|[g:1][CONSENSUS]addRawPrepare,height=13,reqIdx=2,hash=fe34a7bd...
info|2019-11-15 18:00:36.610200|[g:1][CONSENSUS][PBFT]checkTimeout Succ,view=6174,toView=6175,nodeIdx=0,changeCycle=0,myNode=3c841dae...,timecost=0.233
info|2019-11-15 18:00:36.612109|[g:1][CONSENSUS][PBFT]checkAndChangeView: Reach consensus,org_view=6174,org_changeCycle=0,cur_changeCycle=0,to_view=6175
info|2019-11-15 18:00:37.616696|[g:1][CONSENSUS]addRawPrepare,height=13,reqIdx=3,hash=23a67274...
info|2019-11-15 18:00:37.616910|[g:1][CONSENSUS][PBFT]checkTimeout Succ,view=6175,toView=6176,nodeIdx=0,changeCycle=0,myNode=3c841dae...,timecost=0.191
info|2019-11-15 18:00:37.619683|[g:1][CONSENSUS][PBFT]checkAndChangeView: Reach consensus,org_view=6175,org_changeCycle=0,cur_changeCycle=0,to_view=6176
warning|2019-11-15 18:00:37.709898|[SYNC][id:3c841dae...][Status]Peer data not found,nodeId=6e4f3ba3...
info|2019-11-15 18:00:38.620482|[g:1][CONSENSUS][SEALER]++++++++++++++++ Generating seal on,blkNum=13,tx=0,nodeIdx=0,hash=74f97242...
info|2019-11-15 18:00:38.627120|[g:1][CONSENSUS][PBFT]checkTimeout Succ,view=6176,toView=6177,nodeIdx=0,changeCycle=0,myNode=3c841dae...,timecost=0.211
info|2019-11-15 18:00:38.627982|[g:1][CONSENSUS][PBFT]checkAndChangeView: Reach consensus,org_view=6176,org_changeCycle=0,cur_changeCycle=0,to_view=6177
info|2019-11-15 18:00:39.629593|[g:1][CONSENSUS]addRawPrepare,height=13,reqIdx=1,hash=7f40595e...
info|2019-11-15 18:00:39.633294|[g:1][CONSENSUS][PBFT]checkTimeout Succ,view=6177,toView=6178,nodeIdx=0,changeCycle=0,myNode=3c841dae...,timecost=3.677
info|2019-11-15 18:00:39.639387|[g:1][CONSENSUS][PBFT]checkAndChangeView: Reach consensus,org_view=6177,org_changeCycle=0,cur_changeCycle=0,to_view=6178
info|2019-11-15 18:00:40.649070|[g:1][CONSENSUS]addRawPrepare,height=13,reqIdx=2,hash=be49c7bf...
info|2019-11-15 18:00:40.649300|[g:1][CONSENSUS][PBFT]checkTimeout Succ,view=6178,toView=6179,nodeIdx=0,changeCycle=0,myNode=3c841dae...,timecost=0.204
info|2019-11-15 18:00:40.651333|[g:1][CONSENSUS][PBFT]checkAndChangeView: Reach consensus,org_view=6178,org_changeCycle=0,cur_changeCycle=0,to_view=6179
info|2019-11-15 18:00:41.657179|[g:1][CONSENSUS]addRawPrepare,height=13,reqIdx=3,hash=3279c66f...
info|2019-11-15 18:00:41.658661|[g:1][CONSENSUS][PBFT]checkTimeout Succ,view=6179,toView=6180,nodeIdx=0,changeCycle=0,myNode=3c841dae...,timecost=1.428
info|2019-11-15 18:00:41.660527|[g:1][CONSENSUS][PBFT]checkAndChangeView: Reach consensus,org_view=6179,org_changeCycle=0,cur_changeCycle=0,to_view=6180
info|2019-11-15 18:00:42.663122|[g:1][CONSENSUS][SEALER]++++++++++++++++ Generating seal on,blkNum=13,tx=0,nodeIdx=0,hash=1f261eba...
info|2019-11-15 18:00:42.669473|[g:1][CONSENSUS][PBFT]checkTimeout Succ,view=6180,toView=6181,nodeIdx=0,changeCycle=0,myNode=3c841dae...,timecost=0.208
info|2019-11-15 18:00:42.670461|[g:1][CONSENSUS][PBFT]checkAndChangeView: Reach consensus,org_view=6180,org_changeCycle=0,cur_changeCycle=0,to_view=6181
warning|2019-11-15 18:00:42.717676|[SYNC][id:3c841dae...][Status]Peer data not found,nodeId=6e4f3ba3...
info|2019-11-15 18:00:43.671590|[g:1][CONSENSUS]addRawPrepare,height=13,reqIdx=1,hash=f56ef55e...
info|2019-11-15 18:00:43.671929|[g:1][CONSENSUS][PBFT]checkTimeout Succ,view=6181,toView=6182,nodeIdx=0,changeCycle=0,myNode=3c841dae...,timecost=0.301
info|2019-11-15 18:00:43.675267|[g:1][CONSENSUS][PBFT]checkAndChangeView: Reach consensus,org_view=6181,org_changeCycle=0,cur_changeCycle=0,to_view=6182
info|2019-11-15 18:00:44.678236|[g:1][CONSENSUS]addRawPrepare,height=13,reqIdx=2,hash=dc8b6c42...
info|2019-11-15 18:00:44.678459|[g:1][CONSENSUS][PBFT]checkTimeout Succ,view=6182,toView=6183,nodeIdx=0,changeCycle=0,myNode=3c841dae...,timecost=0.195
info|2019-11-15 18:00:44.681179|[g:1][CONSENSUS][PBFT]checkAndChangeView: Reach consensus,org_view=6182,org_changeCycle=0,cur_changeCycle=0,to_view=6183
info|2019-11-15 18:00:45.684001|[g:1][CONSENSUS]addRawPrepare,height=13,reqIdx=3,hash=5783f547...
info|2019-11-15 18:00:45.684259|[g:1][CONSENSUS][PBFT]checkTimeout Succ,view=6183,toView=6184,nodeIdx=0,changeCycle=0,myNode=3c841dae...,timecost=0.235
info|2019-11-15 18:00:45.685408|[g:1][CONSENSUS][PBFT]checkAndChangeView: Reach consensus,org_view=6183,org_changeCycle=0,cur_changeCycle=0,to_view=6184
info|2019-11-15 18:00:46.276369|[P2P][Service] heartBeat,connected count=4
info|2019-11-15 18:00:46.686065|[g:1][CONSENSUS][SEALER]++++++++++++++++ Generating seal on,blkNum=13,tx=0,nodeIdx=0,hash=2c7deb27...
info|2019-11-15 18:00:46.690115|[g:1][CONSENSUS][PBFT]checkTimeout Succ,view=6184,toView=6185,nodeIdx=0,changeCycle=0,myNode=3c841dae...,timecost=0.651
info|2019-11-15 18:00:46.734347|[g:1][CONSENSUS][PBFT]checkAndChangeView: Reach consensus,org_view=6184,org_changeCycle=0,cur_changeCycle=0,to_view=6185
warning|2019-11-15 18:00:47.727001|[SYNC][id:3c841dae...][Status]Peer data not found,nodeId=6e4f3ba3...
info|2019-11-15 18:00:47.742031|[g:1][CONSENSUS]addRawPrepare,height=13,reqIdx=1,hash=265527ae...
info|2019-11-15 18:00:47.745373|[g:1][CONSENSUS][PBFT]checkTimeout Succ,view=6185,toView=6186,nodeIdx=0,changeCycle=0,myNode=3c841dae...,timecost=1.613
info|2019-11-15 18:00:47.746807|[g:1][CONSENSUS][PBFT]checkAndChangeView: Reach consensus,org_view=6185,org_changeCycle=0,cur_changeCycle=0,to_view=6186
info|2019-11-15 18:00:48.752522|[g:1][CONSENSUS]addRawPrepare,height=13,reqIdx=2,hash=c6290ecf...
info|2019-11-15 18:00:48.752789|[g:1][CONSENSUS][PBFT]checkTimeout Succ,view=6186,toView=6187,nodeIdx=0,changeCycle=0,myNode=3c841dae...,timecost=0.245
info|2019-11-15 18:00:48.754604|[g:1][CONSENSUS][PBFT]checkAndChangeView: Reach consensus,org_view=6186,org_changeCycle=0,cur_changeCycle=0,to_view=6187
info|2019-11-15 18:00:49.757785|[g:1][CONSENSUS]addRawPrepare,height=13,reqIdx=3,hash=55f7b14c...
info|2019-11-15 18:00:49.758012|[g:1][CONSENSUS][PBFT]checkTimeout Succ,view=6187,toView=6188,nodeIdx=0,changeCycle=0,myNode=3c841dae...,timecost=0.204
info|2019-11-15 18:00:49.760017|[g:1][CONSENSUS][PBFT]checkAndChangeView: Reach consensus,org_view=6187,org_changeCycle=0,cur_changeCycle=0,to_view=6188
info|2019-11-15 18:00:50.761960|[g:1][CONSENSUS][SEALER]++++++++++++++++ Generating seal on,blkNum=13,tx=0,nodeIdx=0,hash=0a8a1f70...
info|2019-11-15 18:00:50.768351|[g:1][CONSENSUS][PBFT]checkTimeout Succ,view=6188,toView=6189,nodeIdx=0,changeCycle=0,myNode=3c841dae...,timecost=0.201
info|2019-11-15 18:00:50.769265|[g:1][CONSENSUS][PBFT]checkAndChangeView: Reach consensus,org_view=6188,org_changeCycle=0,cur_changeCycle=0,to_view=6189
info|2019-11-15 18:00:51.772282|[g:1][CONSENSUS]addRawPrepare,height=13,reqIdx=1,hash=895259a5...
info|2019-11-15 18:00:51.772750|[g:1][CONSENSUS][PBFT]checkTimeout Succ,view=6189,toView=6190,nodeIdx=0,changeCycle=0,myNode=3c841dae...,timecost=0.416
info|2019-11-15 18:00:51.775317|[g:1][CONSENSUS][PBFT]checkAndChangeView: Reach consensus,org_view=6189,org_changeCycle=0,cur_changeCycle=0,to_view=6190
warning|2019-11-15 18:00:52.733682|[SYNC][id:3c841dae...][Status]Peer data not found,nodeId=6e4f3ba3...
info|2019-11-15 18:00:52.779130|[g:1][CONSENSUS]addRawPrepare,height=13,reqIdx=2,hash=e02d4efe...
info|2019-11-15 18:00:52.779387|[g:1][CONSENSUS][PBFT]checkTimeout Succ,view=6190,toView=6191,nodeIdx=0,changeCycle=0,myNode=3c841dae...,timecost=0.235
info|2019-11-15 18:00:52.781728|[g:1][CONSENSUS][PBFT]checkAndChangeView: Reach consensus,org_view=6190,org_changeCycle=0,cur_changeCycle=0,to_view=6191
info|2019-11-15 18:00:53.782946|[g:1][CONSENSUS]addRawPrepare,height=13,reqIdx=3,hash=e3edc73b...
info|2019-11-15 18:00:53.783203|[g:1][CONSENSUS][PBFT]checkTimeout Succ,view=6191,toView=6192,nodeIdx=0,changeCycle=0,myNode=3c841dae...,timecost=0.219
info|2019-11-15 18:00:53.785570|[g:1][CONSENSUS][PBFT]checkAndChangeView: Reach consensus,org_view=6191,org_changeCycle=0,cur_changeCycle=0,to_view=6192
info|2019-11-15 18:00:54.785901|[g:1][CONSENSUS][SEALER]++++++++++++++++ Generating seal on,blkNum=13,tx=0,nodeIdx=0,hash=0d6ba258...
info|2019-11-15 18:00:54.792410|[g:1][CONSENSUS][PBFT]checkTimeout Succ,view=6192,toView=6193,nodeIdx=0,changeCycle=0,myNode=3c841dae...,timecost=0.241
info|2019-11-15 18:00:54.793408|[g:1][CONSENSUS][PBFT]checkAndChangeView: Reach consensus,org_view=6192,org_changeCycle=0,cur_changeCycle=0,to_view=6193
info|2019-11-15 18:00:55.792035|[g:1][CONSENSUS]addRawPrepare,height=13,reqIdx=1,hash=be921d10...
info|2019-11-15 18:00:55.792271|[g:1][CONSENSUS][PBFT]checkTimeout Succ,view=6193,toView=6194,nodeIdx=0,changeCycle=0,myNode=3c841dae...,timecost=0.202
info|2019-11-15 18:00:55.795221|[g:1][CONSENSUS][PBFT]checkAndChangeView: Reach consensus,org_view=6193,org_changeCycle=0,cur_changeCycle=0,to_view=6194
info|2019-11-15 18:00:56.276459|[P2P][Service] heartBeat,connected count=4
info|2019-11-15 18:00:56.800454|[g:1][CONSENSUS][PBFT]Trigger fast-viewchange,view=6194,toView=6194,minView=6195,INFO=,reqNum=12,curNum=12,GenIdx=3,Cview=6195,view=6194,fromIdx=3,fromNode=9303553a...,fromIp=127.0.0.1:30303,hash=2e0f62d3...,nodeIdx=0,myNode=3c841dae...
info|2019-11-15 18:00:56.800704|[g:1][CONSENSUS][PBFT]checkAndChangeView: Reach consensus,org_view=6194,org_changeCycle=0,cur_changeCycle=0,to_view=6195
info|2019-11-15 18:00:56.800712|[g:1][CONSENSUS][PBFT]checkTimeout Succ,view=6195,toView=6195,nodeIdx=0,changeCycle=0,myNode=3c841dae...,timecost=0.214
warning|2019-11-15 18:00:57.744381|[SYNC][id:3c841dae...][Status]Peer data not found,nodeId=6e4f3ba3...
info|2019-11-15 18:00:57.810896|[g:1][CONSENSUS]addRawPrepare,height=13,reqIdx=3,hash=f5a8caec...
info|2019-11-15 18:00:57.814089|[g:1][CONSENSUS][PBFT]checkTimeout Succ,view=6195,toView=6196,nodeIdx=0,changeCycle=0,myNode=3c841dae...,timecost=3.081
info|2019-11-15 18:00:57.818013|[g:1][CONSENSUS][PBFT]checkAndChangeView: Reach consensus,org_view=6195,org_changeCycle=0,cur_changeCycle=0,to_view=6196
info|2019-11-15 18:00:58.819758|[g:1][CONSENSUS][SEALER]++++++++++++++++ Generating seal on,blkNum=13,tx=0,nodeIdx=0,hash=33c8e3c6...
info|2019-11-15 18:00:58.826784|[g:1][CONSENSUS][PBFT]checkTimeout Succ,view=6196,toView=6197,nodeIdx=0,changeCycle=0,myNode=3c841dae...,timecost=0.21
info|2019-11-15 18:00:58.827685|[g:1][CONSENSUS][PBFT]checkAndChangeView: Reach consensus,org_view=6196,org_changeCycle=0,cur_changeCycle=0,to_view=6197
info|2019-11-15 18:00:59.829073|[g:1][CONSENSUS]addRawPrepare,height=13,reqIdx=1,hash=60ba4b9e...
info|2019-11-15 18:00:59.829589|[g:1][CONSENSUS][PBFT]checkTimeout Succ,view=6197,toView=6198,nodeIdx=0,changeCycle=0,myNode=3c841dae...,timecost=0.388
info|2019-11-15 18:00:59.834113|[g:1][CONSENSUS][PBFT]checkAndChangeView: Reach consensus,org_view=6197,org_changeCycle=0,cur_changeCycle=0,to_view=6198
info|2019-11-15 18:01:00.838199|[g:1][CONSENSUS]addRawPrepare,height=13,reqIdx=2,hash=88f28390...
info|2019-11-15 18:01:00.839671|[g:1][CONSENSUS][PBFT]checkTimeout Succ,view=6198,toView=6199,nodeIdx=0,changeCycle=0,myNode=3c841dae...,timecost=1.449
info|2019-11-15 18:01:00.844067|[g:1][CONSENSUS][PBFT]checkAndChangeView: Reach consensus,org_view=6198,org_changeCycle=0,cur_changeCycle=0,to_view=6199
info|2019-11-15 18:01:01.846434|[g:1][CONSENSUS]addRawPrepare,height=13,reqIdx=3,hash=a5a55f1f...
info|2019-11-15 18:01:01.846661|[g:1][CONSENSUS][PBFT]checkTimeout Succ,view=6199,toView=6200,nodeIdx=0,changeCycle=0,myNode=3c841dae...,timecost=0.203
info|2019-11-15 18:01:01.853212|[g:1][CONSENSUS][PBFT]checkAndChangeView: Reach consensus,org_view=6199,org_changeCycle=0,cur_changeCycle=0,to_view=6200
warning|2019-11-15 18:01:02.756282|[SYNC][id:3c841dae...][Status]Peer data not found,nodeId=6e4f3ba3...
info|2019-11-15 18:01:02.853649|[g:1][CONSENSUS][SEALER]++++++++++++++++ Generating seal on,blkNum=13,tx=0,nodeIdx=0,hash=b97c7ca8...
info|2019-11-15 18:01:02.865271|[g:1][CONSENSUS][PBFT]checkTimeout Succ,view=6200,toView=6201,nodeIdx=0,changeCycle=0,myNode=3c841dae...,timecost=0.234
info|2019-11-15 18:01:02.866321|[g:1][CONSENSUS][PBFT]checkAndChangeView: Reach consensus,org_view=6200,org_changeCycle=0,cur_changeCycle=0,to_view=6201
info|2019-11-15 18:01:03.865863|[g:1][CONSENSUS]addRawPrepare,height=13,reqIdx=1,hash=b084c5c5...
info|2019-11-15 18:01:03.866088|[g:1][CONSENSUS][PBFT]checkTimeout Succ,view=6201,toView=6202,nodeIdx=0,changeCycle=0,myNode=3c841dae...,timecost=0.2
info|2019-11-15 18:01:03.867294|[g:1][CONSENSUS][PBFT]checkAndChangeView: Reach consensus,org_view=6201,org_changeCycle=0,cur_changeCycle=0,to_view=6202
info|2019-11-15 18:01:04.871115|[g:1][CONSENSUS]addRawPrepare,height=13,reqIdx=2,hash=41069a05...
info|2019-11-15 18:01:04.871345|[g:1][CONSENSUS][PBFT]checkTimeout Succ,view=6202,toView=6203,nodeIdx=0,changeCycle=0,myNode=3c841dae...,timecost=0.202
info|2019-11-15 18:01:04.874262|[g:1][CONSENSUS][PBFT]checkAndChangeView: Reach consensus,org_view=6202,org_changeCycle=0,cur_changeCycle=0,to_view=6203
info|2019-11-15 18:01:05.883803|[g:1][CONSENSUS]addRawPrepare,height=13,reqIdx=3,hash=37ca019d...
info|2019-11-15 18:01:05.887432|[g:1][CONSENSUS][PBFT]checkTimeout Succ,view=6203,toView=6204,nodeIdx=0,changeCycle=0,myNode=3c841dae...,timecost=3.406
info|2019-11-15 18:01:05.889143|[g:1][CONSENSUS][PBFT]checkAndChangeView: Reach consensus,org_view=6203,org_changeCycle=0,cur_changeCycle=0,to_view=6204
info|2019-11-15 18:01:06.277417|[P2P][Service] heartBeat,connected count=4
info|2019-11-15 18:01:06.890657|[g:1][CONSENSUS][SEALER]++++++++++++++++ Generating seal on,blkNum=13,tx=0,nodeIdx=0,hash=4c43849f...
info|2019-11-15 18:01:06.903372|[g:1][CONSENSUS][PBFT]checkTimeout Succ,view=6204,toView=6205,nodeIdx=0,changeCycle=0,myNode=3c841dae...,timecost=0.223
info|2019-11-15 18:01:06.904387|[g:1][CONSENSUS][PBFT]checkAndChangeView: Reach consensus,org_view=6204,org_changeCycle=0,cur_changeCycle=0,to_view=6205
warning|2019-11-15 18:01:07.765696|[SYNC][id:3c841dae...][Status]Peer data not found,nodeId=6e4f3ba3...
info|2019-11-15 18:01:07.904796|[g:1][CONSENSUS]addRawPrepare,height=13,reqIdx=1,hash=ed9c3b08...
info|2019-11-15 18:01:07.905140|[g:1][CONSENSUS][PBFT]checkTimeout Succ,view=6205,toView=6206,nodeIdx=0,changeCycle=0,myNode=3c841dae...,timecost=0.298
info|2019-11-15 18:01:07.914916|[g:1][CONSENSUS][PBFT]checkAndChangeView: Reach consensus,org_view=6205,org_changeCycle=0,cur_changeCycle=0,to_view=6206
info|2019-11-15 18:01:08.922170|[g:1][CONSENSUS]addRawPrepare,height=13,reqIdx=2,hash=18f19adc...
info|2019-11-15 18:01:08.922466|[g:1][CONSENSUS][PBFT]checkTimeout Succ,view=6206,toView=6207,nodeIdx=0,changeCycle=0,myNode=3c841dae...,timecost=0.27
info|2019-11-15 18:01:08.923594|[g:1][CONSENSUS][PBFT]checkAndChangeView: Reach consensus,org_view=6206,org_changeCycle=0,cur_changeCycle=0,to_view=6207
info|2019-11-15 18:01:09.926960|[g:1][CONSENSUS]addRawPrepare,height=13,reqIdx=3,hash=007434c1...
info|2019-11-15 18:01:09.927185|[g:1][CONSENSUS][PBFT]checkTimeout Succ,view=6207,toView=6208,nodeIdx=0,changeCycle=0,myNode=3c841dae...,timecost=0.199
info|2019-11-15 18:01:09.929028|[g:1][CONSENSUS][PBFT]checkAndChangeView: Reach consensus,org_view=6207,org_changeCycle=0,cur_changeCycle=0,to_view=6208
info|2019-11-15 18:01:10.930272|[g:1][CONSENSUS][SEALER]++++++++++++++++ Generating seal on,blkNum=13,tx=0,nodeIdx=0,hash=8e649d6f...
info|2019-11-15 18:01:10.936996|[g:1][CONSENSUS][PBFT]checkTimeout Succ,view=6208,toView=6209,nodeIdx=0,changeCycle=0,myNode=3c841dae...,timecost=0.208
info|2019-11-15 18:01:10.937915|[g:1][CONSENSUS][PBFT]checkAndChangeView: Reach consensus,org_view=6208,org_changeCycle=0,cur_changeCycle=0,to_view=6209
info|2019-11-15 18:01:11.938385|[g:1][CONSENSUS]addRawPrepare,height=13,reqIdx=1,hash=eadcdc68...
info|2019-11-15 18:01:11.938608|[g:1][CONSENSUS][PBFT]checkTimeout Succ,view=6209,toView=6210,nodeIdx=0,changeCycle=0,myNode=3c841dae...,timecost=0.2
info|2019-11-15 18:01:11.943496|[g:1][CONSENSUS][PBFT]checkAndChangeView: Reach consensus,org_view=6209,org_changeCycle=0,cur_changeCycle=0,to_view=6210
warning|2019-11-15 18:01:12.777307|[SYNC][id:3c841dae...][Status]Peer data not found,nodeId=6e4f3ba3...
info|2019-11-15 18:01:12.946280|[g:1][CONSENSUS]addRawPrepare,height=13,reqIdx=2,hash=64edb2bb...
info|2019-11-15 18:01:12.946640|[g:1][CONSENSUS][PBFT]checkTimeout Succ,view=6210,toView=6211,nodeIdx=0,changeCycle=0,myNode=3c841dae...,timecost=0.328
info|2019-11-15 18:01:12.947633|[g:1][CONSENSUS][PBFT]checkAndChangeView: Reach consensus,org_view=6210,org_changeCycle=0,cur_changeCycle=0,to_view=6211
info|2019-11-15 18:01:13.953694|[g:1][CONSENSUS]addRawPrepare,height=13,reqIdx=3,hash=71f207c8...
info|2019-11-15 18:01:13.953926|[g:1][CONSENSUS][PBFT]checkTimeout Succ,view=6211,toView=6212,nodeIdx=0,changeCycle=0,myNode=3c841dae...,timecost=0.204
info|2019-11-15 18:01:13.956469|[g:1][CONSENSUS][PBFT]checkAndChangeView: Reach consensus,org_view=6211,org_changeCycle=0,cur_changeCycle=0,to_view=6212
info|2019-11-15 18:01:14.956216|[g:1][CONSENSUS][SEALER]++++++++++++++++ Generating seal on,blkNum=13,tx=0,nodeIdx=0,hash=5519d6e2...
info|2019-11-15 18:01:14.966762|[g:1][CONSENSUS][PBFT]checkTimeout Succ,view=6212,toView=6213,nodeIdx=0,changeCycle=0,myNode=3c841dae...,timecost=0.375
info|2019-11-15 18:01:14.968734|[g:1][CONSENSUS][PBFT]checkAndChangeView: Reach consensus,org_view=6212,org_changeCycle=0,cur_changeCycle=0,to_view=6213
info|2019-11-15 18:01:15.964872|[g:1][CONSENSUS]addRawPrepare,height=13,reqIdx=1,hash=e615309e...
info|2019-11-15 18:01:15.965103|[g:1][CONSENSUS][PBFT]checkTimeout Succ,view=6213,toView=6214,nodeIdx=0,changeCycle=0,myNode=3c841dae...,timecost=0.205
info|2019-11-15 18:01:15.967034|[g:1][CONSENSUS][PBFT]checkAndChangeView: Reach consensus,org_view=6213,org_changeCycle=0,cur_changeCycle=0,to_view=6214
info|2019-11-15 18:01:16.277691|[P2P][Service] heartBeat,connected count=4
info|2019-11-15 18:01:16.971835|[g:1][CONSENSUS]addRawPrepare,height=13,reqIdx=2,hash=ccdbcfa4...
info|2019-11-15 18:01:16.972097|[g:1][CONSENSUS][PBFT]checkTimeout Succ,view=6214,toView=6215,nodeIdx=0,changeCycle=0,myNode=3c841dae...,timecost=0.188
info|2019-11-15 18:01:16.975204|[g:1][CONSENSUS][PBFT]checkAndChangeView: Reach consensus,org_view=6214,org_changeCycle=0,cur_changeCycle=0,to_view=6215
info|2019-11-15 18:01:17.080254|[LEDGER]stop sealer,groupID=1
info|2019-11-15 18:01:17.080306|[CONSENSUS][SEALER]Stop sealer module...
info|2019-11-15 18:01:17.086499|[CONSENSUS][ConsensusEngine][Stop ConsensusEngineBase]
info|2019-11-15 18:01:17.086955|[CONSENSUS][ConsensusEngine]ConsensusEngineBase stopped
info|2019-11-15 18:01:17.086964|[LEDGER]sealer stopped. stop sync,groupID=1
info|2019-11-15 18:01:17.175571|[SYNC][id:3c841dae...]SyncMaster stopped
info|2019-11-15 18:01:17.175583|[LEDGER]ledger stopped,groupID=1
info|2019-11-15 18:01:17.183970|[EVENT][EventLogFilterManager]stop
info|2019-11-15 18:01:17.183981|[LEDGER]event filter manager stopped,groupID=1
info|2019-11-15 18:01:17.183988|[INITIALIZER]ledgerInitializer stopped
info|2019-11-15 18:01:18.187216|[INITIALIZER]ChannelRPCHttpServer deleted.
info|2019-11-15 18:01:18.190024|[INITIALIZER]JsonrpcHttpServer deleted.
info|2019-11-15 18:01:18.190068|[INITIALIZER]RPCInitializer stopped
info|2019-11-15 18:01:18.190158|[NETWORK][Host]Host exit
info|2019-11-15 18:01:18.193936|[INITIALIZER]P2PInitializer stopped
info|2019-11-15 18:01:18.194660|[LEDGER]stop sealer,groupID=1
info|2019-11-15 18:01:18.194971|[LEDGER]sealer stopped. stop sync,groupID=1
info|2019-11-15 18:01:18.195064|[SYNC][id:3c841dae...]SyncMaster stopped
info|2019-11-15 18:01:18.195120|[LEDGER]ledger stopped,groupID=1
info|2019-11-15 18:01:18.195172|[LEDGER]event filter manager stopped,groupID=1
info|2019-11-15 18:01:18.195231|[STORAGE]Stopping flushStorage thread
info|2019-11-15 18:01:18.821930|[STORAGE]flushStorage thread stopped.
info|2019-11-15 18:01:18.821943|[DBINITIALIZER] storage stopped
info|2019-11-15 18:01:18.824407|[SYNC][id:3c841dae...]SyncMaster stopped
