info|2019-12-12 20:57:13.839399|[INITIALIZER][initGlobalConfig],enableCompress=true,compatibilityVersion=2.1.0,versionNumber=33619968,chainId=1
info|2019-12-12 20:57:13.893287|[NETWORK][Host]Connecting to node,endpoint=127.0.0.1:30300
info|2019-12-12 20:57:13.900008|[NETWORK][Host]P2P StartAccept,Host=0.0.0.0:30301
info|2019-12-12 20:57:13.900157|[NETWORK][Host]Connecting to node,endpoint=127.0.0.1:30301
info|2019-12-12 20:57:13.900202|[NETWORK][Host]Connecting to node,endpoint=127.0.0.1:30302
info|2019-12-12 20:57:13.900239|[NETWORK][Host]Connecting to node,endpoint=127.0.0.1:30303
info|2019-12-12 20:57:13.900277|[P2P][Service] heartBeat,connected count=0
info|2019-12-12 20:57:13.900747|[CHANNEL]ChannelRPCServer started
info|2019-12-12 20:57:13.900772|[INITIALIZER][RPCInitializer]ChannelRPCHttpServer started.
info|2019-12-12 20:57:13.900790|[LedgerInitializer],groupConfigPath=conf/
info|2019-12-12 20:57:13.900909|[INITIALIZER][initSingleLedger] [GroupId]:  1
info|2019-12-12 20:57:13.900933|[g:1][LEDGER]LedgerConstructor,configPath=conf/group.1.genesis,baseDir=data//group1
info|2019-12-12 20:57:13.900948|[g:1][LEDGER][initGenesisConfig]initConsensusConfig/initDBConfig/initTxConfig,configFile=conf/group.1.genesis
info|2019-12-12 20:57:13.901025|[g:1][LEDGER][initConsensusConfig],it.first=6f9974710b9ea562ecc6a6823039b05e159d8669f228efa0c8b8234f08c2b75fb97eecdae4ef16bc99800bdfa03ed03d619629887e9c1c8b46ad79f5d38c4991
info|2019-12-12 20:57:13.901052|[g:1][LEDGER][initConsensusConfig],it.first=3c841dae42d67ff6c383c1bb1de35a240c03722517cf3711eacd8c8d1b168ac146b4580f67399b4d7d2a36358faea19bc9d7875a3160147b3b9c3c9eb331f80c
info|2019-12-12 20:57:13.901075|[g:1][LEDGER][initConsensusConfig],it.first=7977f13736cfe14481107f9daa8a957d5156ba4f001285ee5d658512a97bedebf72a47213feba7cce05ecd2639f2426ad79a3abd436fe58d3eab1d37c47da13c
info|2019-12-12 20:57:13.901098|[g:1][LEDGER][initConsensusConfig],it.first=9303553ad8ac45cce2b6dfa1efc53e16bad3db119e47da65b9656ed9be68073f3a68780aaf85b2d1545a93db9d541276a33bdd6f3bef1baab3c8c44880e1837a
info|2019-12-12 20:57:13.901137|[g:1][LEDGER][initIniConfig]initTxPoolConfig/initSyncConfig/initTxExecuteConfig,configFile=conf/group.1.ini
info|2019-12-12 20:57:13.901238|[g:1][LEDGER][initLedger][DBInitializer]
info|2019-12-12 20:57:13.901260|[g:1][DBINITIALIZER] [initRocksDBStorage]
info|2019-12-12 20:57:13.901292|[g:1][ROCKSDB]open rocksDB handler
info|2019-12-12 20:57:13.908288|[NETWORK][Host]P2P Recv Connect, From=127.0.0.1:46110
info|2019-12-12 20:57:13.908362|[NETWORK][Host]P2P StartAccept,Host=0.0.0.0:30301
info|2019-12-12 20:57:13.934695|[NETWORK][ASIO]asyncResolveConnect,endpoint=127.0.0.1:30300
info|2019-12-12 20:57:13.934749|[NETWORK][ASIO]asyncResolveConnect,endpoint=127.0.0.1:30301
info|2019-12-12 20:57:13.934788|[NETWORK][ASIO]asyncResolveConnect,endpoint=127.0.0.1:30302
info|2019-12-12 20:57:13.934832|[NETWORK][ASIO]asyncResolveConnect,endpoint=127.0.0.1:30303
info|2019-12-12 20:57:13.934863|[NETWORK][Host]P2P Recv Connect, From=127.0.0.1:46118
info|2019-12-12 20:57:13.934902|[NETWORK][Host]P2P StartAccept,Host=0.0.0.0:30301
info|2019-12-12 20:57:13.936613|[NETWORK][Host]P2P Recv Connect, From=127.0.0.1:46128
info|2019-12-12 20:57:13.938090|[NETWORK][Host]P2P StartAccept,Host=0.0.0.0:30301
warning|2019-12-12 20:57:13.938378|[NETWORK][Host]TCP Connection refused by node,endpoint=127.0.0.1:30300,message=Connection refused
warning|2019-12-12 20:57:13.940898|[P2P][Service] onConnect,errorCode=5,what=Connect failed
info|2019-12-12 20:57:13.942844|[NETWORK][Host]P2P Recv Connect, From=127.0.0.1:46136
info|2019-12-12 20:57:13.944081|[NETWORK][Host]P2P StartAccept,Host=0.0.0.0:30301
info|2019-12-12 20:57:13.982458|[g:1][g:0][STORAGE][CachedStorage]Init flushStorage thread
info|2019-12-12 20:57:13.982869|[g:1][BLOCKCHAIN][#checkAndBuildGenesisBlock]Already have the 0th block, 0th groupMark is equal to file groupMark.
info|2019-12-12 20:57:13.984970|[g:1][CONSENSUS][PBFT]Register handler for PBFTEngine
info|2019-12-12 20:57:14.003593|[g:1][CONSENSUS][PBFT],minBlockGenerationTime=500
info|2019-12-12 20:57:14.003638|[LedgerInitializer init group succ],groupID=1
info|2019-12-12 20:57:14.003942|[INITIALIZER][RPCInitializer]JsonrpcHttpServer started.
info|2019-12-12 20:57:14.003965|[g:1][LEDGER]startAll...
info|2019-12-12 20:57:14.015248|[g:1][CONSENSUS][PBFT]^^^^^^^^Report,num=30,sealerIdx=2,hash=64f42bb3...,next=31,tx=1,nodeIdx=0
info|2019-12-12 20:57:14.020361|[g:1][CONSENSUS][PBFT][PBFT init env successfully]
info|2019-12-12 20:57:14.020444|[g:1][CONSENSUS][ConsensusEngine][Start ConsensusEngineBase]
info|2019-12-12 20:57:14.024775|[NETWORK][Host]P2P Recv Connect, From=127.0.0.1:46144
info|2019-12-12 20:57:14.030761|[g:1][CONSENSUS][PBFT][Start PBFTEngine...]
info|2019-12-12 20:57:14.030799|[g:1][CONSENSUS][SEALER][Start sealer module]
info|2019-12-12 20:57:14.032100|[NETWORK][Host]P2P StartAccept,Host=0.0.0.0:30301
info|2019-12-12 20:57:14.044278|[g:1][EVENT][EventLogFilterManager]start,m_maxBlockRange=0,m_maxBlockPerLoopFilter=3
info|2019-12-12 20:57:14.074354|[P2P][Service] Connection established,nodeID=6e4f3ba3...,endpoint=127.0.0.1:46118
info|2019-12-12 20:57:14.074395|[NETWORK][Host]startPeerSession, From=127.0.0.1:46118,nodeID=6e4f3ba3...
info|2019-12-12 20:57:14.074450|[NETWORK][Host]startPeerSession, From=127.0.0.1:46128,nodeID=3c841dae...
info|2019-12-12 20:57:14.085826|[NETWORK][Host]startPeerSession, From=127.0.0.1:30301,nodeID=3c841dae...
info|2019-12-12 20:57:14.085976|[P2P][Service] Connection established,nodeID=7977f137...,endpoint=127.0.0.1:46110
info|2019-12-12 20:57:14.086003|[NETWORK][Host]startPeerSession, From=127.0.0.1:46110,nodeID=7977f137...
info|2019-12-12 20:57:14.131267|[P2P][Service] Connection established,nodeID=6f997471...,endpoint=127.0.0.1:46144
info|2019-12-12 20:57:14.132714|[NETWORK][Host]startPeerSession, From=127.0.0.1:46144,nodeID=6f997471...
info|2019-12-12 20:57:14.132807|[P2P][Service] Connection established,nodeID=9303553a...,endpoint=127.0.0.1:46136
info|2019-12-12 20:57:14.134450|[NETWORK][Host]startPeerSession, From=127.0.0.1:46136,nodeID=9303553a...
info|2019-12-12 20:57:14.134601|[NETWORK][Host]startPeerSession, From=127.0.0.1:30302,nodeID=7977f137...
info|2019-12-12 20:57:14.138423|[NETWORK][Host]startPeerSession, From=127.0.0.1:30303,nodeID=9303553a...
warning|2019-12-12 20:57:14.144982|[NETWORK][Session]doRead error,endpoint=127.0.0.1:46136,message=stream truncated
info|2019-12-12 20:57:14.144995|[NETWORK][Session]drop, call and erase all callbackFunc in this session!,endpoint=127.0.0.1:46136
warning|2019-12-12 20:57:14.145004|[NETWORK][Session][drop] closing remote 127.0.0.1:46136,reason=Low-level TCP communication error.,endpoint=127.0.0.1:46136
warning|2019-12-12 20:57:14.145045|[NETWORK][Session][drop] shutdown failed ,errorValue=9,message=Bad file descriptor
warning|2019-12-12 20:57:14.145095|[P2P][Service] disconnect error P2PSession,nodeID=9303553a...,endpoint=127.0.0.1:46136,errorCode=3,what=Disconnect
warning|2019-12-12 20:57:14.145108|[P2P][Service] onDisconnect,errorCode=3,what=Dynamic exception type: dev::network::NetworkException
std::exception::what: Disconnect

warning|2019-12-12 20:57:14.245018|[SYNC][id:3c841dae...][Status]Peer data not found,nodeId=6e4f3ba3...
info|2019-12-12 20:57:15.027583|[g:1][CONSENSUS]addRawPrepare,height=31,reqIdx=2,hash=9883ce74...
info|2019-12-12 20:57:15.027809|[g:1][CONSENSUS][PBFT]checkTimeout Succ,view=0,toView=1,nodeIdx=0,changeCycle=0,myNode=3c841dae...,timecost=0.196
info|2019-12-12 20:57:15.029958|[g:1][CONSENSUS][PBFT]checkAndChangeView: Reach consensus,org_view=0,org_changeCycle=0,cur_changeCycle=0,to_view=1
info|2019-12-12 20:57:16.031840|[g:1][CONSENSUS]addRawPrepare,height=31,reqIdx=3,hash=6c0e8d98...
info|2019-12-12 20:57:16.032049|[g:1][CONSENSUS][PBFT]checkTimeout Succ,view=1,toView=2,nodeIdx=0,changeCycle=0,myNode=3c841dae...,timecost=0.183
info|2019-12-12 20:57:16.034162|[g:1][CONSENSUS][PBFT]checkAndChangeView: Reach consensus,org_view=1,org_changeCycle=0,cur_changeCycle=0,to_view=2
info|2019-12-12 20:57:17.034681|[g:1][CONSENSUS][SEALER]++++++++++++++++ Generating seal on,blkNum=31,tx=0,nodeIdx=0,hash=b273a68b...
info|2019-12-12 20:57:17.040771|[g:1][CONSENSUS][PBFT]checkTimeout Succ,view=2,toView=3,nodeIdx=0,changeCycle=0,myNode=3c841dae...,timecost=0.19
info|2019-12-12 20:57:17.041727|[g:1][CONSENSUS][PBFT]checkAndChangeView: Reach consensus,org_view=2,org_changeCycle=0,cur_changeCycle=0,to_view=3
info|2019-12-12 20:57:18.046081|[g:1][CONSENSUS]addRawPrepare,height=31,reqIdx=1,hash=583eb560...
info|2019-12-12 20:57:18.046353|[g:1][CONSENSUS][PBFT]checkTimeout Succ,view=3,toView=4,nodeIdx=0,changeCycle=0,myNode=3c841dae...,timecost=0.219
info|2019-12-12 20:57:18.046874|[g:1][CONSENSUS][PBFT]checkAndChangeView: Reach consensus,org_view=3,org_changeCycle=0,cur_changeCycle=0,to_view=4
info|2019-12-12 20:57:19.050145|[g:1][CONSENSUS]addRawPrepare,height=31,reqIdx=2,hash=e691a6be...
warning|2019-12-12 20:57:19.051381|[SYNC][id:3c841dae...][Status]Peer data not found,nodeId=6e4f3ba3...
info|2019-12-12 20:57:19.052293|[g:1][CONSENSUS][PBFT]checkTimeout Succ,view=4,toView=5,nodeIdx=0,changeCycle=0,myNode=3c841dae...,timecost=2.104
info|2019-12-12 20:57:19.053137|[g:1][CONSENSUS][PBFT]checkAndChangeView: Reach consensus,org_view=4,org_changeCycle=0,cur_changeCycle=0,to_view=5
info|2019-12-12 20:57:20.097387|[g:1][CONSENSUS]addRawPrepare,height=31,reqIdx=3,hash=8bbda546...
info|2019-12-12 20:57:20.097602|[g:1][CONSENSUS][PBFT]checkTimeout Succ,view=5,toView=6,nodeIdx=0,changeCycle=0,myNode=3c841dae...,timecost=0.194
info|2019-12-12 20:57:20.100209|[g:1][CONSENSUS][PBFT]checkAndChangeView: Reach consensus,org_view=5,org_changeCycle=0,cur_changeCycle=0,to_view=6
info|2019-12-12 20:57:21.101366|[g:1][CONSENSUS][SEALER]++++++++++++++++ Generating seal on,blkNum=31,tx=0,nodeIdx=0,hash=d72ca8ce...
info|2019-12-12 20:57:21.104590|[g:1][CONSENSUS][PBFT]checkTimeout Succ,view=6,toView=7,nodeIdx=0,changeCycle=0,myNode=3c841dae...,timecost=0.198
info|2019-12-12 20:57:21.105139|[g:1][CONSENSUS][PBFT]checkAndChangeView: Reach consensus,org_view=6,org_changeCycle=0,cur_changeCycle=0,to_view=7
info|2019-12-12 20:57:22.110559|[g:1][CONSENSUS]addRawPrepare,height=31,reqIdx=1,hash=30e35ef8...
info|2019-12-12 20:57:22.110803|[g:1][CONSENSUS][PBFT]checkTimeout Succ,view=7,toView=8,nodeIdx=0,changeCycle=0,myNode=3c841dae...,timecost=0.176
info|2019-12-12 20:57:22.115184|[g:1][CONSENSUS][PBFT]checkAndChangeView: Reach consensus,org_view=7,org_changeCycle=0,cur_changeCycle=0,to_view=8
info|2019-12-12 20:57:23.118465|[g:1][CONSENSUS]addRawPrepare,height=31,reqIdx=2,hash=02d3b76d...
info|2019-12-12 20:57:23.118744|[g:1][CONSENSUS][PBFT]checkTimeout Succ,view=8,toView=9,nodeIdx=0,changeCycle=0,myNode=3c841dae...,timecost=0.224
info|2019-12-12 20:57:23.121709|[g:1][CONSENSUS][PBFT]checkAndChangeView: Reach consensus,org_view=8,org_changeCycle=0,cur_changeCycle=0,to_view=9
info|2019-12-12 20:57:23.900427|[NETWORK][Host]Connecting to node,endpoint=127.0.0.1:30300
info|2019-12-12 20:57:23.900479|[NETWORK][Host]Connecting to node,endpoint=127.0.0.1:30303
info|2019-12-12 20:57:23.900505|[P2P][Service] heartBeat,connected count=3
info|2019-12-12 20:57:23.900674|[NETWORK][ASIO]asyncResolveConnect,endpoint=127.0.0.1:30300
info|2019-12-12 20:57:23.900718|[NETWORK][ASIO]asyncResolveConnect,endpoint=127.0.0.1:30303
info|2019-12-12 20:57:23.937262|[P2P][Service] Connection established,nodeID=9303553a...,endpoint=127.0.0.1:30303
info|2019-12-12 20:57:23.941418|[NETWORK][Host]startPeerSession, From=127.0.0.1:30303,nodeID=9303553a...
info|2019-12-12 20:57:23.942375|[NETWORK][Host]P2P Recv Connect, From=127.0.0.1:46160
info|2019-12-12 20:57:23.942421|[NETWORK][Host]P2P StartAccept,Host=0.0.0.0:30301
warning|2019-12-12 20:57:23.956068|[SYNC][id:3c841dae...][Status]Peer data not found,nodeId=9303553a...
info|2019-12-12 20:57:23.971293|[NETWORK][Host]startPeerSession, From=127.0.0.1:46160,nodeID=9303553a...
info|2019-12-12 20:57:23.972092|[NETWORK][Host]startPeerSession, From=127.0.0.1:30300,nodeID=6f997471...
warning|2019-12-12 20:57:24.074771|[SYNC][id:3c841dae...][Status]Peer data not found,nodeId=6e4f3ba3...
info|2019-12-12 20:57:24.121135|[g:1][CONSENSUS]addRawPrepare,height=31,reqIdx=3,hash=1d545508...
info|2019-12-12 20:57:24.121408|[g:1][CONSENSUS][PBFT]checkTimeout Succ,view=9,toView=10,nodeIdx=0,changeCycle=0,myNode=3c841dae...,timecost=0.191
info|2019-12-12 20:57:24.126192|[g:1][CONSENSUS][PBFT]checkAndChangeView: Reach consensus,org_view=9,org_changeCycle=0,cur_changeCycle=0,to_view=10
info|2019-12-12 20:57:25.127337|[g:1][CONSENSUS][SEALER]++++++++++++++++ Generating seal on,blkNum=31,tx=0,nodeIdx=0,hash=285f5348...
info|2019-12-12 20:57:25.127946|[g:1][CONSENSUS][PBFT]checkTimeout Succ,view=10,toView=11,nodeIdx=0,changeCycle=0,myNode=3c841dae...,timecost=0.19
info|2019-12-12 20:57:25.131706|[g:1][CONSENSUS][PBFT]checkAndChangeView: Reach consensus,org_view=10,org_changeCycle=0,cur_changeCycle=0,to_view=11
info|2019-12-12 20:57:26.136732|[g:1][CONSENSUS]addRawPrepare,height=31,reqIdx=1,hash=0030ae3f...
info|2019-12-12 20:57:26.136987|[g:1][CONSENSUS][PBFT]checkTimeout Succ,view=11,toView=12,nodeIdx=0,changeCycle=0,myNode=3c841dae...,timecost=0.195
info|2019-12-12 20:57:26.140346|[g:1][CONSENSUS][PBFT]checkAndChangeView: Reach consensus,org_view=11,org_changeCycle=0,cur_changeCycle=0,to_view=12
info|2019-12-12 20:57:27.144049|[g:1][CONSENSUS]addRawPrepare,height=31,reqIdx=2,hash=0d39858b...
info|2019-12-12 20:57:27.144310|[g:1][CONSENSUS][PBFT]checkTimeout Succ,view=12,toView=13,nodeIdx=0,changeCycle=0,myNode=3c841dae...,timecost=0.185
info|2019-12-12 20:57:27.149367|[g:1][CONSENSUS][PBFT]checkAndChangeView: Reach consensus,org_view=12,org_changeCycle=0,cur_changeCycle=0,to_view=13
info|2019-12-12 20:57:28.150149|[g:1][CONSENSUS]addRawPrepare,height=31,reqIdx=3,hash=da38f2b8...
info|2019-12-12 20:57:28.150420|[g:1][CONSENSUS][PBFT]checkTimeout Succ,view=13,toView=14,nodeIdx=0,changeCycle=0,myNode=3c841dae...,timecost=0.201
info|2019-12-12 20:57:28.154824|[g:1][CONSENSUS][PBFT]checkAndChangeView: Reach consensus,org_view=13,org_changeCycle=0,cur_changeCycle=0,to_view=14
warning|2019-12-12 20:57:29.094331|[SYNC][id:3c841dae...][Status]Peer data not found,nodeId=6e4f3ba3...
info|2019-12-12 20:57:29.154855|[g:1][CONSENSUS][SEALER]++++++++++++++++ Generating seal on,blkNum=31,tx=0,nodeIdx=0,hash=0696a5fd...
info|2019-12-12 20:57:29.160561|[g:1][CONSENSUS][PBFT]checkTimeout Succ,view=14,toView=15,nodeIdx=0,changeCycle=0,myNode=3c841dae...,timecost=0.194
info|2019-12-12 20:57:29.161167|[g:1][CONSENSUS][PBFT]checkAndChangeView: Reach consensus,org_view=14,org_changeCycle=0,cur_changeCycle=0,to_view=15
info|2019-12-12 20:57:30.166203|[g:1][CONSENSUS]addRawPrepare,height=31,reqIdx=1,hash=15a6000b...
info|2019-12-12 20:57:30.166483|[g:1][CONSENSUS][PBFT]checkTimeout Succ,view=15,toView=16,nodeIdx=0,changeCycle=0,myNode=3c841dae...,timecost=0.215
info|2019-12-12 20:57:30.170264|[g:1][CONSENSUS][PBFT]checkAndChangeView: Reach consensus,org_view=15,org_changeCycle=0,cur_changeCycle=0,to_view=16
info|2019-12-12 20:57:31.173353|[g:1][CONSENSUS]addRawPrepare,height=31,reqIdx=2,hash=99d97d0f...
info|2019-12-12 20:57:31.173633|[g:1][CONSENSUS][PBFT]checkTimeout Succ,view=16,toView=17,nodeIdx=0,changeCycle=0,myNode=3c841dae...,timecost=0.213
info|2019-12-12 20:57:31.176274|[g:1][CONSENSUS][PBFT]checkAndChangeView: Reach consensus,org_view=16,org_changeCycle=0,cur_changeCycle=0,to_view=17
info|2019-12-12 20:57:32.179393|[g:1][CONSENSUS]addRawPrepare,height=31,reqIdx=3,hash=f5f89f83...
info|2019-12-12 20:57:32.179646|[g:1][CONSENSUS][PBFT]checkTimeout Succ,view=17,toView=18,nodeIdx=0,changeCycle=0,myNode=3c841dae...,timecost=0.185
info|2019-12-12 20:57:32.183120|[g:1][CONSENSUS][PBFT]checkAndChangeView: Reach consensus,org_view=17,org_changeCycle=0,cur_changeCycle=0,to_view=18
info|2019-12-12 20:57:33.183334|[g:1][CONSENSUS][SEALER]++++++++++++++++ Generating seal on,blkNum=31,tx=0,nodeIdx=0,hash=0fc9adec...
info|2019-12-12 20:57:33.183938|[g:1][CONSENSUS][PBFT]checkTimeout Succ,view=18,toView=19,nodeIdx=0,changeCycle=0,myNode=3c841dae...,timecost=0.19
info|2019-12-12 20:57:33.187561|[g:1][CONSENSUS][PBFT]checkAndChangeView: Reach consensus,org_view=18,org_changeCycle=0,cur_changeCycle=0,to_view=19
info|2019-12-12 20:57:33.901111|[P2P][Service] heartBeat,connected count=4
warning|2019-12-12 20:57:34.119222|[SYNC][id:3c841dae...][Status]Peer data not found,nodeId=6e4f3ba3...
info|2019-12-12 20:57:34.192066|[g:1][CONSENSUS]addRawPrepare,height=31,reqIdx=1,hash=4875e5dc...
info|2019-12-12 20:57:34.192329|[g:1][CONSENSUS][PBFT]checkTimeout Succ,view=19,toView=20,nodeIdx=0,changeCycle=0,myNode=3c841dae...,timecost=0.194
info|2019-12-12 20:57:34.197277|[g:1][CONSENSUS][PBFT]checkAndChangeView: Reach consensus,org_view=19,org_changeCycle=0,cur_changeCycle=0,to_view=20
info|2019-12-12 20:57:35.198998|[g:1][CONSENSUS]addRawPrepare,height=31,reqIdx=2,hash=0b3ac30a...
info|2019-12-12 20:57:35.199253|[g:1][CONSENSUS][PBFT]checkTimeout Succ,view=20,toView=21,nodeIdx=0,changeCycle=0,myNode=3c841dae...,timecost=0.185
info|2019-12-12 20:57:35.203921|[g:1][CONSENSUS][PBFT]checkAndChangeView: Reach consensus,org_view=20,org_changeCycle=0,cur_changeCycle=0,to_view=21
info|2019-12-12 20:57:36.203258|[g:1][CONSENSUS]addRawPrepare,height=31,reqIdx=3,hash=3c3a00e3...
info|2019-12-12 20:57:36.203512|[g:1][CONSENSUS][PBFT]checkTimeout Succ,view=21,toView=22,nodeIdx=0,changeCycle=0,myNode=3c841dae...,timecost=0.18
info|2019-12-12 20:57:36.207078|[g:1][CONSENSUS][PBFT]checkAndChangeView: Reach consensus,org_view=21,org_changeCycle=0,cur_changeCycle=0,to_view=22
info|2019-12-12 20:57:37.208819|[g:1][CONSENSUS][SEALER]++++++++++++++++ Generating seal on,blkNum=31,tx=0,nodeIdx=0,hash=f20ec4b5...
info|2019-12-12 20:57:37.209321|[g:1][CONSENSUS][PBFT]checkTimeout Succ,view=22,toView=23,nodeIdx=0,changeCycle=0,myNode=3c841dae...,timecost=0.207
info|2019-12-12 20:57:37.213413|[g:1][CONSENSUS][PBFT]checkAndChangeView: Reach consensus,org_view=22,org_changeCycle=0,cur_changeCycle=0,to_view=23
info|2019-12-12 20:57:38.218116|[g:1][CONSENSUS]addRawPrepare,height=31,reqIdx=1,hash=abec7675...
info|2019-12-12 20:57:38.218427|[g:1][CONSENSUS][PBFT]checkTimeout Succ,view=23,toView=24,nodeIdx=0,changeCycle=0,myNode=3c841dae...,timecost=0.237
info|2019-12-12 20:57:38.222527|[g:1][CONSENSUS][PBFT]checkAndChangeView: Reach consensus,org_view=23,org_changeCycle=0,cur_changeCycle=0,to_view=24
warning|2019-12-12 20:57:39.142118|[SYNC][id:3c841dae...][Status]Peer data not found,nodeId=6e4f3ba3...
info|2019-12-12 20:57:39.228685|[g:1][CONSENSUS]addRawPrepare,height=31,reqIdx=2,hash=bb0c9393...
info|2019-12-12 20:57:39.228935|[g:1][CONSENSUS][PBFT]checkTimeout Succ,view=24,toView=25,nodeIdx=0,changeCycle=0,myNode=3c841dae...,timecost=0.187
info|2019-12-12 20:57:39.230884|[g:1][CONSENSUS][PBFT]checkAndChangeView: Reach consensus,org_view=24,org_changeCycle=0,cur_changeCycle=0,to_view=25
info|2019-12-12 20:57:40.269141|[g:1][CONSENSUS]addRawPrepare,height=31,reqIdx=3,hash=65a65540...
info|2019-12-12 20:57:40.269400|[g:1][CONSENSUS][PBFT]checkTimeout Succ,view=25,toView=26,nodeIdx=0,changeCycle=0,myNode=3c841dae...,timecost=0.187
info|2019-12-12 20:57:40.275262|[g:1][CONSENSUS][PBFT]checkAndChangeView: Reach consensus,org_view=25,org_changeCycle=0,cur_changeCycle=0,to_view=26
info|2019-12-12 20:57:41.276420|[g:1][CONSENSUS][SEALER]++++++++++++++++ Generating seal on,blkNum=31,tx=0,nodeIdx=0,hash=536ceab8...
info|2019-12-12 20:57:41.277039|[g:1][CONSENSUS][PBFT]checkTimeout Succ,view=26,toView=27,nodeIdx=0,changeCycle=0,myNode=3c841dae...,timecost=0.195
info|2019-12-12 20:57:41.281055|[g:1][CONSENSUS][PBFT]checkAndChangeView: Reach consensus,org_view=26,org_changeCycle=0,cur_changeCycle=0,to_view=27
info|2019-12-12 20:57:42.285783|[g:1][CONSENSUS]addRawPrepare,height=31,reqIdx=1,hash=c483c65b...
info|2019-12-12 20:57:42.286057|[g:1][CONSENSUS][PBFT]checkTimeout Succ,view=27,toView=28,nodeIdx=0,changeCycle=0,myNode=3c841dae...,timecost=0.213
info|2019-12-12 20:57:42.288183|[g:1][CONSENSUS][PBFT]checkAndChangeView: Reach consensus,org_view=27,org_changeCycle=0,cur_changeCycle=0,to_view=28
info|2019-12-12 20:57:43.292619|[g:1][CONSENSUS]addRawPrepare,height=31,reqIdx=2,hash=55df5341...
info|2019-12-12 20:57:43.292866|[g:1][CONSENSUS][PBFT]checkTimeout Succ,view=28,toView=29,nodeIdx=0,changeCycle=0,myNode=3c841dae...,timecost=0.185
info|2019-12-12 20:57:43.295547|[g:1][CONSENSUS][PBFT]checkAndChangeView: Reach consensus,org_view=28,org_changeCycle=0,cur_changeCycle=0,to_view=29
info|2019-12-12 20:57:43.901308|[P2P][Service] heartBeat,connected count=4
warning|2019-12-12 20:57:44.162404|[SYNC][id:3c841dae...][Status]Peer data not found,nodeId=6e4f3ba3...
info|2019-12-12 20:57:44.298758|[g:1][CONSENSUS]addRawPrepare,height=31,reqIdx=3,hash=bdbe0bf8...
info|2019-12-12 20:57:44.299023|[g:1][CONSENSUS][PBFT]checkTimeout Succ,view=29,toView=30,nodeIdx=0,changeCycle=0,myNode=3c841dae...,timecost=0.186
info|2019-12-12 20:57:44.306957|[g:1][CONSENSUS][PBFT]checkAndChangeView: Reach consensus,org_view=29,org_changeCycle=0,cur_changeCycle=0,to_view=30
info|2019-12-12 20:57:45.307898|[g:1][CONSENSUS][SEALER]++++++++++++++++ Generating seal on,blkNum=31,tx=0,nodeIdx=0,hash=330e44b1...
info|2019-12-12 20:57:45.311268|[g:1][CONSENSUS][PBFT]checkTimeout Succ,view=30,toView=31,nodeIdx=0,changeCycle=0,myNode=3c841dae...,timecost=0.207
info|2019-12-12 20:57:45.315485|[g:1][CONSENSUS][PBFT]checkAndChangeView: Reach consensus,org_view=30,org_changeCycle=0,cur_changeCycle=0,to_view=31
info|2019-12-12 20:57:46.314853|[g:1][CONSENSUS]addRawPrepare,height=31,reqIdx=1,hash=40da02f8...
info|2019-12-12 20:57:46.315152|[g:1][CONSENSUS][PBFT]checkTimeout Succ,view=31,toView=32,nodeIdx=0,changeCycle=0,myNode=3c841dae...,timecost=0.195
info|2019-12-12 20:57:46.319949|[g:1][CONSENSUS][PBFT]checkAndChangeView: Reach consensus,org_view=31,org_changeCycle=0,cur_changeCycle=0,to_view=32
info|2019-12-12 20:57:47.322930|[g:1][CONSENSUS]addRawPrepare,height=31,reqIdx=2,hash=595233da...
info|2019-12-12 20:57:47.323210|[g:1][CONSENSUS][PBFT]checkTimeout Succ,view=32,toView=33,nodeIdx=0,changeCycle=0,myNode=3c841dae...,timecost=0.216
info|2019-12-12 20:57:47.327535|[g:1][CONSENSUS][PBFT]checkAndChangeView: Reach consensus,org_view=32,org_changeCycle=0,cur_changeCycle=0,to_view=33
info|2019-12-12 20:57:48.329208|[g:1][CONSENSUS]addRawPrepare,height=31,reqIdx=3,hash=042e9dee...
info|2019-12-12 20:57:48.329487|[g:1][CONSENSUS][PBFT]checkTimeout Succ,view=33,toView=34,nodeIdx=0,changeCycle=0,myNode=3c841dae...,timecost=0.212
info|2019-12-12 20:57:48.333647|[g:1][CONSENSUS][PBFT]checkAndChangeView: Reach consensus,org_view=33,org_changeCycle=0,cur_changeCycle=0,to_view=34
warning|2019-12-12 20:57:49.185797|[SYNC][id:3c841dae...][Status]Peer data not found,nodeId=6e4f3ba3...
info|2019-12-12 20:57:49.334214|[g:1][CONSENSUS][SEALER]++++++++++++++++ Generating seal on,blkNum=31,tx=0,nodeIdx=0,hash=932aabc2...
info|2019-12-12 20:57:49.337289|[g:1][CONSENSUS][PBFT]checkTimeout Succ,view=34,toView=35,nodeIdx=0,changeCycle=0,myNode=3c841dae...,timecost=2.526
info|2019-12-12 20:57:49.340026|[g:1][CONSENSUS][PBFT]checkAndChangeView: Reach consensus,org_view=34,org_changeCycle=0,cur_changeCycle=0,to_view=35
info|2019-12-12 20:57:50.345488|[g:1][CONSENSUS]addRawPrepare,height=31,reqIdx=1,hash=6ee55e33...
info|2019-12-12 20:57:50.345734|[g:1][CONSENSUS][PBFT]checkTimeout Succ,view=35,toView=36,nodeIdx=0,changeCycle=0,myNode=3c841dae...,timecost=0.181
info|2019-12-12 20:57:50.349716|[g:1][CONSENSUS][PBFT]checkAndChangeView: Reach consensus,org_view=35,org_changeCycle=0,cur_changeCycle=0,to_view=36
info|2019-12-12 20:57:51.350887|[g:1][CONSENSUS]addRawPrepare,height=31,reqIdx=2,hash=74f3823a...
info|2019-12-12 20:57:51.351192|[g:1][CONSENSUS][PBFT]checkTimeout Succ,view=36,toView=37,nodeIdx=0,changeCycle=0,myNode=3c841dae...,timecost=0.239
info|2019-12-12 20:57:51.354726|[g:1][CONSENSUS][PBFT]checkAndChangeView: Reach consensus,org_view=36,org_changeCycle=0,cur_changeCycle=0,to_view=37
info|2019-12-12 20:57:52.358482|[g:1][CONSENSUS]addRawPrepare,height=31,reqIdx=3,hash=e8864818...
info|2019-12-12 20:57:52.361306|[g:1][CONSENSUS][PBFT]checkTimeout Succ,view=37,toView=38,nodeIdx=0,changeCycle=0,myNode=3c841dae...,timecost=2.757
info|2019-12-12 20:57:52.361865|[g:1][CONSENSUS][PBFT]checkAndChangeView: Reach consensus,org_view=37,org_changeCycle=0,cur_changeCycle=0,to_view=38
info|2019-12-12 20:57:53.362951|[g:1][CONSENSUS][SEALER]++++++++++++++++ Generating seal on,blkNum=31,tx=0,nodeIdx=0,hash=a306444c...
info|2019-12-12 20:57:53.366434|[g:1][CONSENSUS][PBFT]checkTimeout Succ,view=38,toView=39,nodeIdx=0,changeCycle=0,myNode=3c841dae...,timecost=0.231
info|2019-12-12 20:57:53.367001|[g:1][CONSENSUS][PBFT]checkAndChangeView: Reach consensus,org_view=38,org_changeCycle=0,cur_changeCycle=0,to_view=39
info|2019-12-12 20:57:53.901633|[P2P][Service] heartBeat,connected count=4
warning|2019-12-12 20:57:54.206542|[SYNC][id:3c841dae...][Status]Peer data not found,nodeId=6e4f3ba3...
info|2019-12-12 20:57:54.373581|[g:1][CONSENSUS]addRawPrepare,height=31,reqIdx=1,hash=0562159c...
info|2019-12-12 20:57:54.373826|[g:1][CONSENSUS][PBFT]checkTimeout Succ,view=39,toView=40,nodeIdx=0,changeCycle=0,myNode=3c841dae...,timecost=0.183
info|2019-12-12 20:57:54.378387|[g:1][CONSENSUS][PBFT]checkAndChangeView: Reach consensus,org_view=39,org_changeCycle=0,cur_changeCycle=0,to_view=40
info|2019-12-12 20:57:55.382130|[g:1][CONSENSUS]addRawPrepare,height=31,reqIdx=2,hash=4c75e2e9...
info|2019-12-12 20:57:55.382417|[g:1][CONSENSUS][PBFT]checkTimeout Succ,view=40,toView=41,nodeIdx=0,changeCycle=0,myNode=3c841dae...,timecost=0.182
info|2019-12-12 20:57:55.387328|[g:1][CONSENSUS][PBFT]checkAndChangeView: Reach consensus,org_view=40,org_changeCycle=0,cur_changeCycle=0,to_view=41
info|2019-12-12 20:57:56.387393|[g:1][CONSENSUS]addRawPrepare,height=31,reqIdx=3,hash=78a177a3...
info|2019-12-12 20:57:56.387669|[g:1][CONSENSUS][PBFT]checkTimeout Succ,view=41,toView=42,nodeIdx=0,changeCycle=0,myNode=3c841dae...,timecost=0.214
info|2019-12-12 20:57:56.394252|[g:1][CONSENSUS][PBFT]checkAndChangeView: Reach consensus,org_view=41,org_changeCycle=0,cur_changeCycle=0,to_view=42
info|2019-12-12 20:57:57.399193|[g:1][CONSENSUS][SEALER]++++++++++++++++ Generating seal on,blkNum=31,tx=0,nodeIdx=0,hash=1751a562...
info|2019-12-12 20:57:57.399741|[g:1][CONSENSUS][PBFT]checkTimeout Succ,view=42,toView=43,nodeIdx=0,changeCycle=0,myNode=3c841dae...,timecost=0.224
info|2019-12-12 20:57:57.404156|[g:1][CONSENSUS][PBFT]checkAndChangeView: Reach consensus,org_view=42,org_changeCycle=0,cur_changeCycle=0,to_view=43
info|2019-12-12 20:57:58.409645|[g:1][CONSENSUS]addRawPrepare,height=31,reqIdx=1,hash=fd7e328e...
info|2019-12-12 20:57:58.409911|[g:1][CONSENSUS][PBFT]checkTimeout Succ,view=43,toView=44,nodeIdx=0,changeCycle=0,myNode=3c841dae...,timecost=0.196
info|2019-12-12 20:57:58.413122|[g:1][CONSENSUS][PBFT]checkAndChangeView: Reach consensus,org_view=43,org_changeCycle=0,cur_changeCycle=0,to_view=44
info|2019-12-12 20:57:59.108754|[NETWORK][Session]Received topic: [2	_block_notify_1] from 6f9974710b9ea562ecc6a6823039b05e159d8669f228efa0c8b8234f08c2b75fb97eecdae4ef16bc99800bdfa03ed03d619629887e9c1c8b46ad79f5d38c4991
warning|2019-12-12 20:57:59.226146|[SYNC][id:3c841dae...][Status]Peer data not found,nodeId=6e4f3ba3...
info|2019-12-12 20:57:59.417591|[g:1][CONSENSUS]addRawPrepare,height=31,reqIdx=2,hash=45d047d7...
info|2019-12-12 20:57:59.417846|[g:1][CONSENSUS][PBFT]checkTimeout Succ,view=44,toView=45,nodeIdx=0,changeCycle=0,myNode=3c841dae...,timecost=0.193
info|2019-12-12 20:57:59.421219|[g:1][CONSENSUS][PBFT]checkAndChangeView: Reach consensus,org_view=44,org_changeCycle=0,cur_changeCycle=0,to_view=45
info|2019-12-12 20:58:00.424520|[g:1][CONSENSUS]addRawPrepare,height=31,reqIdx=3,hash=59f25f7e...
info|2019-12-12 20:58:00.424799|[g:1][CONSENSUS][PBFT]checkTimeout Succ,view=45,toView=46,nodeIdx=0,changeCycle=0,myNode=3c841dae...,timecost=0.184
info|2019-12-12 20:58:00.429612|[g:1][CONSENSUS][PBFT]checkAndChangeView: Reach consensus,org_view=45,org_changeCycle=0,cur_changeCycle=0,to_view=46
info|2019-12-12 20:58:01.430847|[g:1][CONSENSUS][SEALER]++++++++++++++++ Generating seal on,blkNum=31,tx=0,nodeIdx=0,hash=435851c6...
info|2019-12-12 20:58:01.434429|[g:1][CONSENSUS][PBFT]checkTimeout Succ,view=46,toView=47,nodeIdx=0,changeCycle=0,myNode=3c841dae...,timecost=0.199
info|2019-12-12 20:58:01.435005|[g:1][CONSENSUS][PBFT]checkAndChangeView: Reach consensus,org_view=46,org_changeCycle=0,cur_changeCycle=0,to_view=47
info|2019-12-12 20:58:02.439532|[g:1][CONSENSUS]addRawPrepare,height=31,reqIdx=1,hash=04b74698...
info|2019-12-12 20:58:02.439784|[g:1][CONSENSUS][PBFT]checkTimeout Succ,view=47,toView=48,nodeIdx=0,changeCycle=0,myNode=3c841dae...,timecost=0.23
info|2019-12-12 20:58:02.442420|[g:1][CONSENSUS][PBFT]checkAndChangeView: Reach consensus,org_view=47,org_changeCycle=0,cur_changeCycle=0,to_view=48
info|2019-12-12 20:58:03.444255|[g:1][CONSENSUS]addRawPrepare,height=31,reqIdx=2,hash=112f60ac...
info|2019-12-12 20:58:03.444460|[g:1][CONSENSUS][PBFT]checkTimeout Succ,view=48,toView=49,nodeIdx=0,changeCycle=0,myNode=3c841dae...,timecost=0.183
info|2019-12-12 20:58:03.447149|[g:1][CONSENSUS][PBFT]checkAndChangeView: Reach consensus,org_view=48,org_changeCycle=0,cur_changeCycle=0,to_view=49
info|2019-12-12 20:58:03.901746|[P2P][Service] heartBeat,connected count=4
warning|2019-12-12 20:58:04.243776|[SYNC][id:3c841dae...][Status]Peer data not found,nodeId=6e4f3ba3...
info|2019-12-12 20:58:04.447705|[g:1][CONSENSUS]addRawPrepare,height=31,reqIdx=3,hash=2229ee69...
info|2019-12-12 20:58:04.447969|[g:1][CONSENSUS][PBFT]checkTimeout Succ,view=49,toView=50,nodeIdx=0,changeCycle=0,myNode=3c841dae...,timecost=0.186
info|2019-12-12 20:58:04.451750|[g:1][CONSENSUS][PBFT]checkAndChangeView: Reach consensus,org_view=49,org_changeCycle=0,cur_changeCycle=0,to_view=50
info|2019-12-12 20:58:05.452504|[g:1][CONSENSUS][SEALER]++++++++++++++++ Generating seal on,blkNum=31,tx=0,nodeIdx=0,hash=79a67759...
info|2019-12-12 20:58:05.458864|[g:1][CONSENSUS][PBFT]checkTimeout Succ,view=50,toView=51,nodeIdx=0,changeCycle=0,myNode=3c841dae...,timecost=0.206
info|2019-12-12 20:58:05.459746|[g:1][CONSENSUS][PBFT]checkAndChangeView: Reach consensus,org_view=50,org_changeCycle=0,cur_changeCycle=0,to_view=51
info|2019-12-12 20:58:06.459129|[g:1][CONSENSUS]addRawPrepare,height=31,reqIdx=1,hash=6835589f...
info|2019-12-12 20:58:06.459346|[g:1][CONSENSUS][PBFT]checkTimeout Succ,view=51,toView=52,nodeIdx=0,changeCycle=0,myNode=3c841dae...,timecost=0.195
info|2019-12-12 20:58:06.461880|[g:1][CONSENSUS][PBFT]checkAndChangeView: Reach consensus,org_view=51,org_changeCycle=0,cur_changeCycle=0,to_view=52
info|2019-12-12 20:58:07.463956|[g:1][CONSENSUS]addRawPrepare,height=31,reqIdx=2,hash=e72bebc2...
info|2019-12-12 20:58:07.466610|[g:1][CONSENSUS][PBFT]checkTimeout Succ,view=52,toView=53,nodeIdx=0,changeCycle=0,myNode=3c841dae...,timecost=2.59
info|2019-12-12 20:58:07.469838|[g:1][CONSENSUS][PBFT]checkAndChangeView: Reach consensus,org_view=52,org_changeCycle=0,cur_changeCycle=0,to_view=53
info|2019-12-12 20:58:08.472000|[g:1][CONSENSUS]addRawPrepare,height=31,reqIdx=3,hash=e13c3a13...
info|2019-12-12 20:58:08.472250|[g:1][CONSENSUS][PBFT]checkTimeout Succ,view=53,toView=54,nodeIdx=0,changeCycle=0,myNode=3c841dae...,timecost=0.181
info|2019-12-12 20:58:08.480333|[g:1][CONSENSUS][PBFT]checkAndChangeView: Reach consensus,org_view=53,org_changeCycle=0,cur_changeCycle=0,to_view=54
warning|2019-12-12 20:58:09.254363|[SYNC][id:3c841dae...][Status]Peer data not found,nodeId=6e4f3ba3...
info|2019-12-12 20:58:09.484745|[g:1][CONSENSUS][SEALER]++++++++++++++++ Generating seal on,blkNum=31,tx=0,nodeIdx=0,hash=a0f88113...
info|2019-12-12 20:58:09.492827|[g:1][CONSENSUS][PBFT]checkTimeout Succ,view=54,toView=55,nodeIdx=0,changeCycle=0,myNode=3c841dae...,timecost=0.213
info|2019-12-12 20:58:09.496220|[g:1][CONSENSUS][PBFT]checkAndChangeView: Reach consensus,org_view=54,org_changeCycle=0,cur_changeCycle=0,to_view=55
info|2019-12-12 20:58:10.494367|[g:1][CONSENSUS]addRawPrepare,height=31,reqIdx=1,hash=5671e50b...
info|2019-12-12 20:58:10.494841|[g:1][CONSENSUS][PBFT]checkTimeout Succ,view=55,toView=56,nodeIdx=0,changeCycle=0,myNode=3c841dae...,timecost=0.427
info|2019-12-12 20:58:10.500044|[g:1][CONSENSUS][PBFT]checkAndChangeView: Reach consensus,org_view=55,org_changeCycle=0,cur_changeCycle=0,to_view=56
info|2019-12-12 20:58:11.505419|[g:1][CONSENSUS]addRawPrepare,height=31,reqIdx=2,hash=b84984ed...
info|2019-12-12 20:58:11.505624|[g:1][CONSENSUS][PBFT]checkTimeout Succ,view=56,toView=57,nodeIdx=0,changeCycle=0,myNode=3c841dae...,timecost=0.184
info|2019-12-12 20:58:11.507444|[g:1][CONSENSUS][PBFT]checkAndChangeView: Reach consensus,org_view=56,org_changeCycle=0,cur_changeCycle=0,to_view=57
info|2019-12-12 20:58:12.509531|[g:1][CONSENSUS]addRawPrepare,height=31,reqIdx=3,hash=1470f578...
info|2019-12-12 20:58:12.509924|[g:1][CONSENSUS][PBFT]checkTimeout Succ,view=57,toView=58,nodeIdx=0,changeCycle=0,myNode=3c841dae...,timecost=0.301
info|2019-12-12 20:58:12.519161|[g:1][CONSENSUS][PBFT]checkAndChangeView: Reach consensus,org_view=57,org_changeCycle=0,cur_changeCycle=0,to_view=58
info|2019-12-12 20:58:13.519581|[g:1][CONSENSUS][SEALER]++++++++++++++++ Generating seal on,blkNum=31,tx=0,nodeIdx=0,hash=db9e61d0...
info|2019-12-12 20:58:13.526265|[g:1][CONSENSUS][PBFT]checkTimeout Succ,view=58,toView=59,nodeIdx=0,changeCycle=0,myNode=3c841dae...,timecost=0.194
info|2019-12-12 20:58:13.527190|[g:1][CONSENSUS][PBFT]checkAndChangeView: Reach consensus,org_view=58,org_changeCycle=0,cur_changeCycle=0,to_view=59
info|2019-12-12 20:58:13.901829|[P2P][Service] heartBeat,connected count=4
warning|2019-12-12 20:58:14.262277|[SYNC][id:3c841dae...][Status]Peer data not found,nodeId=6e4f3ba3...
info|2019-12-12 20:58:14.526978|[g:1][CONSENSUS]addRawPrepare,height=31,reqIdx=1,hash=b8454cd4...
info|2019-12-12 20:58:14.527201|[g:1][CONSENSUS][PBFT]checkTimeout Succ,view=59,toView=60,nodeIdx=0,changeCycle=0,myNode=3c841dae...,timecost=0.192
info|2019-12-12 20:58:14.529262|[g:1][CONSENSUS][PBFT]checkAndChangeView: Reach consensus,org_view=59,org_changeCycle=0,cur_changeCycle=0,to_view=60
info|2019-12-12 20:58:15.532334|[g:1][CONSENSUS]addRawPrepare,height=31,reqIdx=2,hash=f6c3f29b...
info|2019-12-12 20:58:15.532545|[g:1][CONSENSUS][PBFT]checkTimeout Succ,view=60,toView=61,nodeIdx=0,changeCycle=0,myNode=3c841dae...,timecost=0.189
info|2019-12-12 20:58:15.535049|[g:1][CONSENSUS][PBFT]checkAndChangeView: Reach consensus,org_view=60,org_changeCycle=0,cur_changeCycle=0,to_view=61
info|2019-12-12 20:58:16.537602|[g:1][CONSENSUS]addRawPrepare,height=31,reqIdx=3,hash=09fe87d6...
info|2019-12-12 20:58:16.537877|[g:1][CONSENSUS][PBFT]checkTimeout Succ,view=61,toView=62,nodeIdx=0,changeCycle=0,myNode=3c841dae...,timecost=0.198
info|2019-12-12 20:58:16.541529|[g:1][CONSENSUS][PBFT]checkAndChangeView: Reach consensus,org_view=61,org_changeCycle=0,cur_changeCycle=0,to_view=62
info|2019-12-12 20:58:17.542992|[g:1][CONSENSUS][SEALER]++++++++++++++++ Generating seal on,blkNum=31,tx=0,nodeIdx=0,hash=fa55c069...
info|2019-12-12 20:58:17.548940|[g:1][CONSENSUS][PBFT]checkTimeout Succ,view=62,toView=63,nodeIdx=0,changeCycle=0,myNode=3c841dae...,timecost=0.212
info|2019-12-12 20:58:17.549996|[g:1][CONSENSUS][PBFT]checkAndChangeView: Reach consensus,org_view=62,org_changeCycle=0,cur_changeCycle=0,to_view=63
info|2019-12-12 20:58:18.550198|[g:1][CONSENSUS]addRawPrepare,height=31,reqIdx=1,hash=cad74af1...
info|2019-12-12 20:58:18.550450|[g:1][CONSENSUS][PBFT]checkTimeout Succ,view=63,toView=64,nodeIdx=0,changeCycle=0,myNode=3c841dae...,timecost=0.229
info|2019-12-12 20:58:18.552887|[g:1][CONSENSUS][PBFT]checkAndChangeView: Reach consensus,org_view=63,org_changeCycle=0,cur_changeCycle=0,to_view=64
warning|2019-12-12 20:58:19.269179|[SYNC][id:3c841dae...][Status]Peer data not found,nodeId=6e4f3ba3...
info|2019-12-12 20:58:19.555287|[g:1][CONSENSUS]addRawPrepare,height=31,reqIdx=2,hash=60ebeeb0...
info|2019-12-12 20:58:19.555504|[g:1][CONSENSUS][PBFT]checkTimeout Succ,view=64,toView=65,nodeIdx=0,changeCycle=0,myNode=3c841dae...,timecost=0.194
info|2019-12-12 20:58:19.556742|[g:1][CONSENSUS][PBFT]checkAndChangeView: Reach consensus,org_view=64,org_changeCycle=0,cur_changeCycle=0,to_view=65
info|2019-12-12 20:58:20.557946|[g:1][CONSENSUS]addRawPrepare,height=31,reqIdx=3,hash=7c3acdf8...
info|2019-12-12 20:58:20.558211|[g:1][CONSENSUS][PBFT]checkTimeout Succ,view=65,toView=66,nodeIdx=0,changeCycle=0,myNode=3c841dae...,timecost=0.186
info|2019-12-12 20:58:20.561795|[g:1][CONSENSUS][PBFT]checkAndChangeView: Reach consensus,org_view=65,org_changeCycle=0,cur_changeCycle=0,to_view=66
info|2019-12-12 20:58:21.562996|[g:1][CONSENSUS][SEALER]++++++++++++++++ Generating seal on,blkNum=31,tx=0,nodeIdx=0,hash=1bd6155c...
info|2019-12-12 20:58:21.569079|[g:1][CONSENSUS][PBFT]checkTimeout Succ,view=66,toView=67,nodeIdx=0,changeCycle=0,myNode=3c841dae...,timecost=0.204
info|2019-12-12 20:58:21.569982|[g:1][CONSENSUS][PBFT]checkAndChangeView: Reach consensus,org_view=66,org_changeCycle=0,cur_changeCycle=0,to_view=67
info|2019-12-12 20:58:22.569941|[g:1][CONSENSUS]addRawPrepare,height=31,reqIdx=1,hash=edb84417...
info|2019-12-12 20:58:22.570175|[g:1][CONSENSUS][PBFT]checkTimeout Succ,view=67,toView=68,nodeIdx=0,changeCycle=0,myNode=3c841dae...,timecost=0.211
info|2019-12-12 20:58:22.571888|[g:1][CONSENSUS][PBFT]checkAndChangeView: Reach consensus,org_view=67,org_changeCycle=0,cur_changeCycle=0,to_view=68
info|2019-12-12 20:58:23.576250|[g:1][CONSENSUS]addRawPrepare,height=31,reqIdx=2,hash=98d26d75...
info|2019-12-12 20:58:23.576473|[g:1][CONSENSUS][PBFT]checkTimeout Succ,view=68,toView=69,nodeIdx=0,changeCycle=0,myNode=3c841dae...,timecost=0.201
info|2019-12-12 20:58:23.578979|[g:1][CONSENSUS][PBFT]checkAndChangeView: Reach consensus,org_view=68,org_changeCycle=0,cur_changeCycle=0,to_view=69
info|2019-12-12 20:58:23.901922|[P2P][Service] heartBeat,connected count=4
warning|2019-12-12 20:58:24.275975|[SYNC][id:3c841dae...][Status]Peer data not found,nodeId=6e4f3ba3...
info|2019-12-12 20:58:24.577990|[g:1][CONSENSUS]addRawPrepare,height=31,reqIdx=3,hash=8180fa08...
info|2019-12-12 20:58:24.578296|[g:1][CONSENSUS][PBFT]checkTimeout Succ,view=69,toView=70,nodeIdx=0,changeCycle=0,myNode=3c841dae...,timecost=0.239
info|2019-12-12 20:58:24.582547|[g:1][CONSENSUS][PBFT]checkAndChangeView: Reach consensus,org_view=69,org_changeCycle=0,cur_changeCycle=0,to_view=70
info|2019-12-12 20:58:25.582767|[g:1][CONSENSUS][SEALER]++++++++++++++++ Generating seal on,blkNum=31,tx=0,nodeIdx=0,hash=c60e9a39...
info|2019-12-12 20:58:25.592077|[g:1][CONSENSUS][PBFT]checkTimeout Succ,view=70,toView=71,nodeIdx=0,changeCycle=0,myNode=3c841dae...,timecost=0.199
info|2019-12-12 20:58:25.592884|[g:1][CONSENSUS][PBFT]checkAndChangeView: Reach consensus,org_view=70,org_changeCycle=0,cur_changeCycle=0,to_view=71
info|2019-12-12 20:58:26.592168|[g:1][CONSENSUS]addRawPrepare,height=31,reqIdx=1,hash=90742102...
info|2019-12-12 20:58:26.592384|[g:1][CONSENSUS][PBFT]checkTimeout Succ,view=71,toView=72,nodeIdx=0,changeCycle=0,myNode=3c841dae...,timecost=0.192
info|2019-12-12 20:58:26.594020|[g:1][CONSENSUS][PBFT]checkAndChangeView: Reach consensus,org_view=71,org_changeCycle=0,cur_changeCycle=0,to_view=72
info|2019-12-12 20:58:27.597384|[g:1][CONSENSUS]addRawPrepare,height=31,reqIdx=2,hash=f4e2bdcb...
info|2019-12-12 20:58:27.597599|[g:1][CONSENSUS][PBFT]checkTimeout Succ,view=72,toView=73,nodeIdx=0,changeCycle=0,myNode=3c841dae...,timecost=0.192
info|2019-12-12 20:58:27.599320|[g:1][CONSENSUS][PBFT]checkAndChangeView: Reach consensus,org_view=72,org_changeCycle=0,cur_changeCycle=0,to_view=73
info|2019-12-12 20:58:28.600738|[g:1][CONSENSUS]addRawPrepare,height=31,reqIdx=3,hash=f89f804f...
info|2019-12-12 20:58:28.601011|[g:1][CONSENSUS][PBFT]checkTimeout Succ,view=73,toView=74,nodeIdx=0,changeCycle=0,myNode=3c841dae...,timecost=0.194
info|2019-12-12 20:58:28.604406|[g:1][CONSENSUS][PBFT]checkAndChangeView: Reach consensus,org_view=73,org_changeCycle=0,cur_changeCycle=0,to_view=74
warning|2019-12-12 20:58:29.283281|[SYNC][id:3c841dae...][Status]Peer data not found,nodeId=6e4f3ba3...
info|2019-12-12 20:58:29.605455|[g:1][CONSENSUS][SEALER]++++++++++++++++ Generating seal on,blkNum=31,tx=0,nodeIdx=0,hash=26965336...
info|2019-12-12 20:58:29.619757|[g:1][CONSENSUS][PBFT]checkTimeout Succ,view=74,toView=75,nodeIdx=0,changeCycle=0,myNode=3c841dae...,timecost=0.221
info|2019-12-12 20:58:29.620754|[g:1][CONSENSUS][PBFT]checkAndChangeView: Reach consensus,org_view=74,org_changeCycle=0,cur_changeCycle=0,to_view=75
info|2019-12-12 20:58:30.616970|[g:1][CONSENSUS]addRawPrepare,height=31,reqIdx=1,hash=f9b9aed7...
info|2019-12-12 20:58:30.617188|[g:1][CONSENSUS][PBFT]checkTimeout Succ,view=75,toView=76,nodeIdx=0,changeCycle=0,myNode=3c841dae...,timecost=0.192
info|2019-12-12 20:58:30.619449|[g:1][CONSENSUS][PBFT]checkAndChangeView: Reach consensus,org_view=75,org_changeCycle=0,cur_changeCycle=0,to_view=76
info|2019-12-12 20:58:31.621843|[g:1][CONSENSUS]addRawPrepare,height=31,reqIdx=2,hash=574119c3...
info|2019-12-12 20:58:31.622062|[g:1][CONSENSUS][PBFT]checkTimeout Succ,view=76,toView=77,nodeIdx=0,changeCycle=0,myNode=3c841dae...,timecost=0.196
info|2019-12-12 20:58:31.628012|[g:1][CONSENSUS][PBFT]checkAndChangeView: Reach consensus,org_view=76,org_changeCycle=0,cur_changeCycle=0,to_view=77
info|2019-12-12 20:58:32.624073|[g:1][CONSENSUS]addRawPrepare,height=31,reqIdx=3,hash=6f2f58f3...
info|2019-12-12 20:58:32.624340|[g:1][CONSENSUS][PBFT]checkTimeout Succ,view=77,toView=78,nodeIdx=0,changeCycle=0,myNode=3c841dae...,timecost=0.198
info|2019-12-12 20:58:32.628273|[g:1][CONSENSUS][PBFT]checkAndChangeView: Reach consensus,org_view=77,org_changeCycle=0,cur_changeCycle=0,to_view=78
info|2019-12-12 20:58:33.628419|[g:1][CONSENSUS][SEALER]++++++++++++++++ Generating seal on,blkNum=31,tx=0,nodeIdx=0,hash=94ad7f61...
info|2019-12-12 20:58:33.635999|[g:1][CONSENSUS][PBFT]checkTimeout Succ,view=78,toView=79,nodeIdx=0,changeCycle=0,myNode=3c841dae...,timecost=0.23
info|2019-12-12 20:58:33.636936|[g:1][CONSENSUS][PBFT]checkAndChangeView: Reach consensus,org_view=78,org_changeCycle=0,cur_changeCycle=0,to_view=79
info|2019-12-12 20:58:33.901994|[P2P][Service] heartBeat,connected count=4
warning|2019-12-12 20:58:34.295346|[SYNC][id:3c841dae...][Status]Peer data not found,nodeId=6e4f3ba3...
info|2019-12-12 20:58:34.635174|[g:1][CONSENSUS]addRawPrepare,height=31,reqIdx=1,hash=aded623c...
info|2019-12-12 20:58:34.635408|[g:1][CONSENSUS][PBFT]checkTimeout Succ,view=79,toView=80,nodeIdx=0,changeCycle=0,myNode=3c841dae...,timecost=0.212
info|2019-12-12 20:58:34.638012|[g:1][CONSENSUS][PBFT]checkAndChangeView: Reach consensus,org_view=79,org_changeCycle=0,cur_changeCycle=0,to_view=80
info|2019-12-12 20:58:35.639928|[g:1][CONSENSUS]addRawPrepare,height=31,reqIdx=2,hash=679fab5c...
info|2019-12-12 20:58:35.640235|[g:1][CONSENSUS][PBFT]checkTimeout Succ,view=80,toView=81,nodeIdx=0,changeCycle=0,myNode=3c841dae...,timecost=0.272
info|2019-12-12 20:58:35.643664|[g:1][CONSENSUS][PBFT]checkAndChangeView: Reach consensus,org_view=80,org_changeCycle=0,cur_changeCycle=0,to_view=81
info|2019-12-12 20:58:36.646564|[g:1][CONSENSUS]addRawPrepare,height=31,reqIdx=3,hash=fdf28ab6...
info|2019-12-12 20:58:36.649776|[g:1][CONSENSUS][PBFT]checkTimeout Succ,view=81,toView=82,nodeIdx=0,changeCycle=0,myNode=3c841dae...,timecost=0.548
info|2019-12-12 20:58:36.650372|[g:1][CONSENSUS][PBFT]checkAndChangeView: Reach consensus,org_view=81,org_changeCycle=0,cur_changeCycle=0,to_view=82
info|2019-12-12 20:58:37.650513|[g:1][CONSENSUS][SEALER]++++++++++++++++ Generating seal on,blkNum=31,tx=0,nodeIdx=0,hash=05a1e894...
info|2019-12-12 20:58:37.662345|[g:1][CONSENSUS][PBFT]checkTimeout Succ,view=82,toView=83,nodeIdx=0,changeCycle=0,myNode=3c841dae...,timecost=0.217
info|2019-12-12 20:58:37.663373|[g:1][CONSENSUS][PBFT]checkAndChangeView: Reach consensus,org_view=82,org_changeCycle=0,cur_changeCycle=0,to_view=83
info|2019-12-12 20:58:38.660117|[g:1][CONSENSUS]addRawPrepare,height=31,reqIdx=1,hash=576d7e1e...
info|2019-12-12 20:58:38.660379|[g:1][CONSENSUS][PBFT]checkTimeout Succ,view=83,toView=84,nodeIdx=0,changeCycle=0,myNode=3c841dae...,timecost=0.24
info|2019-12-12 20:58:38.662659|[g:1][CONSENSUS][PBFT]checkAndChangeView: Reach consensus,org_view=83,org_changeCycle=0,cur_changeCycle=0,to_view=84
warning|2019-12-12 20:58:39.311276|[SYNC][id:3c841dae...][Status]Peer data not found,nodeId=6e4f3ba3...
info|2019-12-12 20:58:39.665467|[g:1][CONSENSUS]addRawPrepare,height=31,reqIdx=2,hash=eddaebdc...
info|2019-12-12 20:58:39.665722|[g:1][CONSENSUS][PBFT]checkTimeout Succ,view=84,toView=85,nodeIdx=0,changeCycle=0,myNode=3c841dae...,timecost=0.234
info|2019-12-12 20:58:39.668828|[g:1][CONSENSUS][PBFT]checkAndChangeView: Reach consensus,org_view=84,org_changeCycle=0,cur_changeCycle=0,to_view=85
info|2019-12-12 20:58:40.668596|[g:1][CONSENSUS]addRawPrepare,height=31,reqIdx=3,hash=b0102812...
info|2019-12-12 20:58:40.668851|[g:1][CONSENSUS][PBFT]checkTimeout Succ,view=85,toView=86,nodeIdx=0,changeCycle=0,myNode=3c841dae...,timecost=0.188
info|2019-12-12 20:58:40.672316|[g:1][CONSENSUS][PBFT]checkAndChangeView: Reach consensus,org_view=85,org_changeCycle=0,cur_changeCycle=0,to_view=86
info|2019-12-12 20:58:41.673909|[g:1][CONSENSUS][SEALER]++++++++++++++++ Generating seal on,blkNum=31,tx=0,nodeIdx=0,hash=f0d68018...
info|2019-12-12 20:58:41.684707|[g:1][CONSENSUS][PBFT]checkTimeout Succ,view=86,toView=87,nodeIdx=0,changeCycle=0,myNode=3c841dae...,timecost=0.206
info|2019-12-12 20:58:41.685634|[g:1][CONSENSUS][PBFT]checkAndChangeView: Reach consensus,org_view=86,org_changeCycle=0,cur_changeCycle=0,to_view=87
info|2019-12-12 20:58:42.686623|[g:1][CONSENSUS]addRawPrepare,height=31,reqIdx=1,hash=25b5994d...
info|2019-12-12 20:58:42.686888|[g:1][CONSENSUS][PBFT]checkTimeout Succ,view=87,toView=88,nodeIdx=0,changeCycle=0,myNode=3c841dae...,timecost=0.2
info|2019-12-12 20:58:42.688576|[g:1][CONSENSUS][PBFT]checkAndChangeView: Reach consensus,org_view=87,org_changeCycle=0,cur_changeCycle=0,to_view=88
info|2019-12-12 20:58:43.693301|[g:1][CONSENSUS]addRawPrepare,height=31,reqIdx=2,hash=8b66dbb4...
info|2019-12-12 20:58:43.693540|[g:1][CONSENSUS][PBFT]checkTimeout Succ,view=88,toView=89,nodeIdx=0,changeCycle=0,myNode=3c841dae...,timecost=0.218
info|2019-12-12 20:58:43.696603|[g:1][CONSENSUS][PBFT]checkAndChangeView: Reach consensus,org_view=88,org_changeCycle=0,cur_changeCycle=0,to_view=89
info|2019-12-12 20:58:43.902075|[P2P][Service] heartBeat,connected count=4
warning|2019-12-12 20:58:44.317872|[SYNC][id:3c841dae...][Status]Peer data not found,nodeId=6e4f3ba3...
info|2019-12-12 20:58:44.697937|[g:1][CONSENSUS]addRawPrepare,height=31,reqIdx=3,hash=46149062...
info|2019-12-12 20:58:44.698224|[g:1][CONSENSUS][PBFT]checkTimeout Succ,view=89,toView=90,nodeIdx=0,changeCycle=0,myNode=3c841dae...,timecost=0.22
info|2019-12-12 20:58:44.702429|[g:1][CONSENSUS][PBFT]checkAndChangeView: Reach consensus,org_view=89,org_changeCycle=0,cur_changeCycle=0,to_view=90
info|2019-12-12 20:58:45.702996|[g:1][CONSENSUS][SEALER]++++++++++++++++ Generating seal on,blkNum=31,tx=0,nodeIdx=0,hash=6f5e29ae...
info|2019-12-12 20:58:45.708998|[g:1][CONSENSUS][PBFT]checkTimeout Succ,view=90,toView=91,nodeIdx=0,changeCycle=0,myNode=3c841dae...,timecost=0.195
info|2019-12-12 20:58:45.709804|[g:1][CONSENSUS][PBFT]checkAndChangeView: Reach consensus,org_view=90,org_changeCycle=0,cur_changeCycle=0,to_view=91
info|2019-12-12 20:58:46.709907|[g:1][CONSENSUS]addRawPrepare,height=31,reqIdx=1,hash=077351db...
info|2019-12-12 20:58:46.710138|[g:1][CONSENSUS][PBFT]checkTimeout Succ,view=91,toView=92,nodeIdx=0,changeCycle=0,myNode=3c841dae...,timecost=0.204
info|2019-12-12 20:58:46.711305|[g:1][CONSENSUS][PBFT]checkAndChangeView: Reach consensus,org_view=91,org_changeCycle=0,cur_changeCycle=0,to_view=92
info|2019-12-12 20:58:47.715795|[g:1][CONSENSUS]addRawPrepare,height=31,reqIdx=2,hash=67c0f979...
info|2019-12-12 20:58:47.716007|[g:1][CONSENSUS][PBFT]checkTimeout Succ,view=92,toView=93,nodeIdx=0,changeCycle=0,myNode=3c841dae...,timecost=0.191
info|2019-12-12 20:58:47.718585|[g:1][CONSENSUS][PBFT]checkAndChangeView: Reach consensus,org_view=92,org_changeCycle=0,cur_changeCycle=0,to_view=93
info|2019-12-12 20:58:48.720247|[g:1][CONSENSUS]addRawPrepare,height=31,reqIdx=3,hash=a9c2aaae...
info|2019-12-12 20:58:48.720503|[g:1][CONSENSUS][PBFT]checkTimeout Succ,view=93,toView=94,nodeIdx=0,changeCycle=0,myNode=3c841dae...,timecost=0.209
info|2019-12-12 20:58:48.724752|[g:1][CONSENSUS][PBFT]checkAndChangeView: Reach consensus,org_view=93,org_changeCycle=0,cur_changeCycle=0,to_view=94
warning|2019-12-12 20:58:49.325991|[SYNC][id:3c841dae...][Status]Peer data not found,nodeId=6e4f3ba3...
info|2019-12-12 20:58:49.725137|[g:1][CONSENSUS][SEALER]++++++++++++++++ Generating seal on,blkNum=31,tx=0,nodeIdx=0,hash=fc2105ce...
info|2019-12-12 20:58:49.746938|[g:1][CONSENSUS][PBFT]checkTimeout Succ,view=94,toView=95,nodeIdx=0,changeCycle=0,myNode=3c841dae...,timecost=0.206
info|2019-12-12 20:58:49.747797|[g:1][CONSENSUS][PBFT]checkAndChangeView: Reach consensus,org_view=94,org_changeCycle=0,cur_changeCycle=0,to_view=95
info|2019-12-12 20:58:50.751839|[g:1][CONSENSUS]addRawPrepare,height=31,reqIdx=1,hash=e6628c41...
info|2019-12-12 20:58:50.752087|[g:1][CONSENSUS][PBFT]checkTimeout Succ,view=95,toView=96,nodeIdx=0,changeCycle=0,myNode=3c841dae...,timecost=0.227
info|2019-12-12 20:58:50.754282|[g:1][CONSENSUS][PBFT]checkAndChangeView: Reach consensus,org_view=95,org_changeCycle=0,cur_changeCycle=0,to_view=96
info|2019-12-12 20:58:51.757593|[g:1][CONSENSUS]addRawPrepare,height=31,reqIdx=2,hash=3f6de74b...
info|2019-12-12 20:58:51.757813|[g:1][CONSENSUS][PBFT]checkTimeout Succ,view=96,toView=97,nodeIdx=0,changeCycle=0,myNode=3c841dae...,timecost=0.195
info|2019-12-12 20:58:51.761657|[g:1][CONSENSUS][PBFT]checkAndChangeView: Reach consensus,org_view=96,org_changeCycle=0,cur_changeCycle=0,to_view=97
info|2019-12-12 20:58:52.763091|[g:1][CONSENSUS]addRawPrepare,height=31,reqIdx=3,hash=86f3e639...
info|2019-12-12 20:58:52.763377|[g:1][CONSENSUS][PBFT]checkTimeout Succ,view=97,toView=98,nodeIdx=0,changeCycle=0,myNode=3c841dae...,timecost=0.219
info|2019-12-12 20:58:52.766530|[g:1][CONSENSUS][PBFT]checkAndChangeView: Reach consensus,org_view=97,org_changeCycle=0,cur_changeCycle=0,to_view=98
info|2019-12-12 20:58:53.768407|[g:1][CONSENSUS][SEALER]++++++++++++++++ Generating seal on,blkNum=31,tx=0,nodeIdx=0,hash=3a66251e...
info|2019-12-12 20:58:53.776780|[g:1][CONSENSUS][PBFT]checkTimeout Succ,view=98,toView=99,nodeIdx=0,changeCycle=0,myNode=3c841dae...,timecost=0.201
info|2019-12-12 20:58:53.777837|[g:1][CONSENSUS][PBFT]checkAndChangeView: Reach consensus,org_view=98,org_changeCycle=0,cur_changeCycle=0,to_view=99
info|2019-12-12 20:58:53.902164|[P2P][Service] heartBeat,connected count=4
warning|2019-12-12 20:58:54.332808|[SYNC][id:3c841dae...][Status]Peer data not found,nodeId=6e4f3ba3...
info|2019-12-12 20:58:54.780481|[g:1][CONSENSUS][PBFT]Trigger fast-viewchange,view=99,toView=99,minView=100,INFO=,reqNum=30,curNum=30,GenIdx=3,Cview=100,view=99,fromIdx=3,fromNode=9303553a...,fromIp=127.0.0.1:30303,hash=64f42bb3...,nodeIdx=0,myNode=3c841dae...
info|2019-12-12 20:58:54.780718|[g:1][CONSENSUS][PBFT]checkAndChangeView: Reach consensus,org_view=99,org_changeCycle=0,cur_changeCycle=0,to_view=100
info|2019-12-12 20:58:54.780725|[g:1][CONSENSUS][PBFT]checkTimeout Succ,view=100,toView=100,nodeIdx=0,changeCycle=0,myNode=3c841dae...,timecost=0.195
info|2019-12-12 20:58:55.785440|[g:1][CONSENSUS]addRawPrepare,height=31,reqIdx=2,hash=caace415...
info|2019-12-12 20:58:55.786090|[g:1][CONSENSUS][PBFT]checkTimeout Succ,view=100,toView=101,nodeIdx=0,changeCycle=0,myNode=3c841dae...,timecost=0.629
info|2019-12-12 20:58:55.786651|[g:1][CONSENSUS][PBFT]checkAndChangeView: Reach consensus,org_view=100,org_changeCycle=0,cur_changeCycle=0,to_view=101
info|2019-12-12 20:58:56.787749|[g:1][CONSENSUS]addRawPrepare,height=31,reqIdx=3,hash=9a695bdd...
info|2019-12-12 20:58:56.788054|[g:1][CONSENSUS][PBFT]checkTimeout Succ,view=101,toView=102,nodeIdx=0,changeCycle=0,myNode=3c841dae...,timecost=0.238
info|2019-12-12 20:58:56.791400|[g:1][CONSENSUS][PBFT]checkAndChangeView: Reach consensus,org_view=101,org_changeCycle=0,cur_changeCycle=0,to_view=102
info|2019-12-12 20:58:57.792814|[g:1][CONSENSUS][SEALER]++++++++++++++++ Generating seal on,blkNum=31,tx=0,nodeIdx=0,hash=1f5bbc66...
info|2019-12-12 20:58:57.799170|[g:1][CONSENSUS][PBFT]checkTimeout Succ,view=102,toView=103,nodeIdx=0,changeCycle=0,myNode=3c841dae...,timecost=0.198
info|2019-12-12 20:58:57.800103|[g:1][CONSENSUS][PBFT]checkAndChangeView: Reach consensus,org_view=102,org_changeCycle=0,cur_changeCycle=0,to_view=103
info|2019-12-12 20:58:58.801822|[g:1][CONSENSUS]addRawPrepare,height=31,reqIdx=1,hash=58abb224...
info|2019-12-12 20:58:58.802050|[g:1][CONSENSUS][PBFT]checkTimeout Succ,view=103,toView=104,nodeIdx=0,changeCycle=0,myNode=3c841dae...,timecost=0.201
info|2019-12-12 20:58:58.803788|[g:1][CONSENSUS][PBFT]checkAndChangeView: Reach consensus,org_view=103,org_changeCycle=0,cur_changeCycle=0,to_view=104
warning|2019-12-12 20:58:59.344857|[SYNC][id:3c841dae...][Status]Peer data not found,nodeId=6e4f3ba3...
info|2019-12-12 20:58:59.806522|[g:1][CONSENSUS]addRawPrepare,height=31,reqIdx=2,hash=f7422c25...
info|2019-12-12 20:58:59.806738|[g:1][CONSENSUS][PBFT]checkTimeout Succ,view=104,toView=105,nodeIdx=0,changeCycle=0,myNode=3c841dae...,timecost=0.194
info|2019-12-12 20:58:59.807998|[g:1][CONSENSUS][PBFT]checkAndChangeView: Reach consensus,org_view=104,org_changeCycle=0,cur_changeCycle=0,to_view=105
info|2019-12-12 20:59:00.810486|[g:1][CONSENSUS]addRawPrepare,height=31,reqIdx=3,hash=4a97351e...
info|2019-12-12 20:59:00.810788|[g:1][CONSENSUS][PBFT]checkTimeout Succ,view=105,toView=106,nodeIdx=0,changeCycle=0,myNode=3c841dae...,timecost=0.23
info|2019-12-12 20:59:00.814105|[g:1][CONSENSUS][PBFT]checkAndChangeView: Reach consensus,org_view=105,org_changeCycle=0,cur_changeCycle=0,to_view=106
info|2019-12-12 20:59:01.814920|[g:1][CONSENSUS][SEALER]++++++++++++++++ Generating seal on,blkNum=31,tx=0,nodeIdx=0,hash=4b5060fc...
info|2019-12-12 20:59:01.820731|[g:1][CONSENSUS][PBFT]checkTimeout Succ,view=106,toView=107,nodeIdx=0,changeCycle=0,myNode=3c841dae...,timecost=0.196
info|2019-12-12 20:59:01.821723|[g:1][CONSENSUS][PBFT]checkAndChangeView: Reach consensus,org_view=106,org_changeCycle=0,cur_changeCycle=0,to_view=107
info|2019-12-12 20:59:02.822662|[g:1][CONSENSUS]addRawPrepare,height=31,reqIdx=1,hash=a5c38e5e...
info|2019-12-12 20:59:02.822964|[g:1][CONSENSUS][PBFT]checkTimeout Succ,view=107,toView=108,nodeIdx=0,changeCycle=0,myNode=3c841dae...,timecost=0.271
info|2019-12-12 20:59:02.825642|[g:1][CONSENSUS][PBFT]checkAndChangeView: Reach consensus,org_view=107,org_changeCycle=0,cur_changeCycle=0,to_view=108
info|2019-12-12 20:59:03.830851|[g:1][CONSENSUS]addRawPrepare,height=31,reqIdx=2,hash=d7449ad1...
info|2019-12-12 20:59:03.831065|[g:1][CONSENSUS][PBFT]checkTimeout Succ,view=108,toView=109,nodeIdx=0,changeCycle=0,myNode=3c841dae...,timecost=0.187
info|2019-12-12 20:59:03.831374|[g:1][CONSENSUS][PBFT]checkAndChangeView: Reach consensus,org_view=108,org_changeCycle=0,cur_changeCycle=0,to_view=109
info|2019-12-12 20:59:03.902596|[P2P][Service] heartBeat,connected count=4
warning|2019-12-12 20:59:04.354859|[SYNC][id:3c841dae...][Status]Peer data not found,nodeId=6e4f3ba3...
info|2019-12-12 20:59:04.834410|[g:1][CONSENSUS]addRawPrepare,height=31,reqIdx=3,hash=8be9df1a...
info|2019-12-12 20:59:04.834729|[g:1][CONSENSUS][PBFT]checkTimeout Succ,view=109,toView=110,nodeIdx=0,changeCycle=0,myNode=3c841dae...,timecost=0.232
info|2019-12-12 20:59:04.838636|[g:1][CONSENSUS][PBFT]checkAndChangeView: Reach consensus,org_view=109,org_changeCycle=0,cur_changeCycle=0,to_view=110
info|2019-12-12 20:59:05.839926|[g:1][CONSENSUS][SEALER]++++++++++++++++ Generating seal on,blkNum=31,tx=0,nodeIdx=0,hash=c3b5af0a...
info|2019-12-12 20:59:05.845874|[g:1][CONSENSUS][PBFT]checkTimeout Succ,view=110,toView=111,nodeIdx=0,changeCycle=0,myNode=3c841dae...,timecost=0.194
info|2019-12-12 20:59:05.846822|[g:1][CONSENSUS][PBFT]checkAndChangeView: Reach consensus,org_view=110,org_changeCycle=0,cur_changeCycle=0,to_view=111
info|2019-12-12 20:59:06.845752|[g:1][CONSENSUS]addRawPrepare,height=31,reqIdx=1,hash=4f9cfbdf...
info|2019-12-12 20:59:06.845970|[g:1][CONSENSUS][PBFT]checkTimeout Succ,view=111,toView=112,nodeIdx=0,changeCycle=0,myNode=3c841dae...,timecost=0.194
info|2019-12-12 20:59:06.847605|[g:1][CONSENSUS][PBFT]checkAndChangeView: Reach consensus,org_view=111,org_changeCycle=0,cur_changeCycle=0,to_view=112
info|2019-12-12 20:59:07.850975|[g:1][CONSENSUS]addRawPrepare,height=31,reqIdx=2,hash=e4d9812d...
info|2019-12-12 20:59:07.851178|[g:1][CONSENSUS][PBFT]checkTimeout Succ,view=112,toView=113,nodeIdx=0,changeCycle=0,myNode=3c841dae...,timecost=0.181
info|2019-12-12 20:59:07.855809|[g:1][CONSENSUS][PBFT]checkAndChangeView: Reach consensus,org_view=112,org_changeCycle=0,cur_changeCycle=0,to_view=113
info|2019-12-12 20:59:08.859850|[g:1][CONSENSUS]addRawPrepare,height=31,reqIdx=3,hash=1e4eefd4...
info|2019-12-12 20:59:08.868109|[g:1][CONSENSUS][PBFT]checkTimeout Succ,view=113,toView=114,nodeIdx=0,changeCycle=0,myNode=3c841dae...,timecost=6.66
info|2019-12-12 20:59:08.870172|[g:1][CONSENSUS][PBFT]checkAndChangeView: Reach consensus,org_view=113,org_changeCycle=0,cur_changeCycle=0,to_view=114
warning|2019-12-12 20:59:09.363791|[SYNC][id:3c841dae...][Status]Peer data not found,nodeId=6e4f3ba3...
info|2019-12-12 20:59:09.871974|[g:1][CONSENSUS][SEALER]++++++++++++++++ Generating seal on,blkNum=31,tx=0,nodeIdx=0,hash=8b99e0d8...
info|2019-12-12 20:59:09.878004|[g:1][CONSENSUS][PBFT]checkTimeout Succ,view=114,toView=115,nodeIdx=0,changeCycle=0,myNode=3c841dae...,timecost=0.192
info|2019-12-12 20:59:09.878902|[g:1][CONSENSUS][PBFT]checkAndChangeView: Reach consensus,org_view=114,org_changeCycle=0,cur_changeCycle=0,to_view=115
info|2019-12-12 20:59:10.879833|[g:1][CONSENSUS]addRawPrepare,height=31,reqIdx=1,hash=1561d9a9...
info|2019-12-12 20:59:10.884816|[g:1][CONSENSUS][PBFT]checkTimeout Succ,view=115,toView=116,nodeIdx=0,changeCycle=0,myNode=3c841dae...,timecost=0.618
info|2019-12-12 20:59:10.888530|[g:1][CONSENSUS][PBFT]checkAndChangeView: Reach consensus,org_view=115,org_changeCycle=0,cur_changeCycle=0,to_view=116
info|2019-12-12 20:59:11.893520|[g:1][CONSENSUS]addRawPrepare,height=31,reqIdx=2,hash=f492fbc6...
info|2019-12-12 20:59:11.893792|[g:1][CONSENSUS][PBFT]checkTimeout Succ,view=116,toView=117,nodeIdx=0,changeCycle=0,myNode=3c841dae...,timecost=0.248
info|2019-12-12 20:59:11.895337|[g:1][CONSENSUS][PBFT]checkAndChangeView: Reach consensus,org_view=116,org_changeCycle=0,cur_changeCycle=0,to_view=117
info|2019-12-12 20:59:12.898636|[g:1][CONSENSUS]addRawPrepare,height=31,reqIdx=3,hash=72a341e7...
info|2019-12-12 20:59:12.898909|[g:1][CONSENSUS][PBFT]checkTimeout Succ,view=117,toView=118,nodeIdx=0,changeCycle=0,myNode=3c841dae...,timecost=0.187
info|2019-12-12 20:59:12.902151|[g:1][CONSENSUS][PBFT]checkAndChangeView: Reach consensus,org_view=117,org_changeCycle=0,cur_changeCycle=0,to_view=118
info|2019-12-12 20:59:13.902662|[g:1][CONSENSUS][SEALER]++++++++++++++++ Generating seal on,blkNum=31,tx=0,nodeIdx=0,hash=d9853419...
info|2019-12-12 20:59:13.908180|[P2P][Service] heartBeat,connected count=4
info|2019-12-12 20:59:13.908880|[g:1][CONSENSUS][PBFT]checkTimeout Succ,view=118,toView=119,nodeIdx=0,changeCycle=0,myNode=3c841dae...,timecost=0.262
info|2019-12-12 20:59:13.909836|[g:1][CONSENSUS][PBFT]checkAndChangeView: Reach consensus,org_view=118,org_changeCycle=0,cur_changeCycle=0,to_view=119
warning|2019-12-12 20:59:14.371482|[SYNC][id:3c841dae...][Status]Peer data not found,nodeId=6e4f3ba3...
info|2019-12-12 20:59:14.909707|[g:1][CONSENSUS]addRawPrepare,height=31,reqIdx=1,hash=2a61b2e5...
info|2019-12-12 20:59:14.909932|[g:1][CONSENSUS][PBFT]checkTimeout Succ,view=119,toView=120,nodeIdx=0,changeCycle=0,myNode=3c841dae...,timecost=0.195
info|2019-12-12 20:59:14.912159|[g:1][CONSENSUS][PBFT]checkAndChangeView: Reach consensus,org_view=119,org_changeCycle=0,cur_changeCycle=0,to_view=120
info|2019-12-12 20:59:15.916110|[g:1][CONSENSUS]addRawPrepare,height=31,reqIdx=2,hash=12ef47bb...
info|2019-12-12 20:59:15.916325|[g:1][CONSENSUS][PBFT]checkTimeout Succ,view=120,toView=121,nodeIdx=0,changeCycle=0,myNode=3c841dae...,timecost=0.193
info|2019-12-12 20:59:15.920299|[g:1][CONSENSUS][PBFT]checkAndChangeView: Reach consensus,org_view=120,org_changeCycle=0,cur_changeCycle=0,to_view=121
info|2019-12-12 20:59:16.924026|[g:1][CONSENSUS]addRawPrepare,height=31,reqIdx=3,hash=a99a166a...
info|2019-12-12 20:59:16.924407|[g:1][CONSENSUS][PBFT]checkTimeout Succ,view=121,toView=122,nodeIdx=0,changeCycle=0,myNode=3c841dae...,timecost=0.259
info|2019-12-12 20:59:16.930897|[g:1][CONSENSUS][PBFT]checkAndChangeView: Reach consensus,org_view=121,org_changeCycle=0,cur_changeCycle=0,to_view=122
info|2019-12-12 20:59:17.931832|[g:1][CONSENSUS][SEALER]++++++++++++++++ Generating seal on,blkNum=31,tx=0,nodeIdx=0,hash=26b26367...
info|2019-12-12 20:59:17.937683|[g:1][CONSENSUS][PBFT]checkTimeout Succ,view=122,toView=123,nodeIdx=0,changeCycle=0,myNode=3c841dae...,timecost=0.202
info|2019-12-12 20:59:17.938671|[g:1][CONSENSUS][PBFT]checkAndChangeView: Reach consensus,org_view=122,org_changeCycle=0,cur_changeCycle=0,to_view=123
info|2019-12-12 20:59:18.939763|[g:1][CONSENSUS]addRawPrepare,height=31,reqIdx=1,hash=ce6035b0...
info|2019-12-12 20:59:18.939977|[g:1][CONSENSUS][PBFT]checkTimeout Succ,view=123,toView=124,nodeIdx=0,changeCycle=0,myNode=3c841dae...,timecost=0.192
info|2019-12-12 20:59:18.942157|[g:1][CONSENSUS][PBFT]checkAndChangeView: Reach consensus,org_view=123,org_changeCycle=0,cur_changeCycle=0,to_view=124
warning|2019-12-12 20:59:19.377638|[SYNC][id:3c841dae...][Status]Peer data not found,nodeId=6e4f3ba3...
info|2019-12-12 20:59:19.945384|[g:1][CONSENSUS]addRawPrepare,height=31,reqIdx=2,hash=e18b2625...
info|2019-12-12 20:59:19.945604|[g:1][CONSENSUS][PBFT]checkTimeout Succ,view=124,toView=125,nodeIdx=0,changeCycle=0,myNode=3c841dae...,timecost=0.196
info|2019-12-12 20:59:19.946531|[g:1][CONSENSUS][PBFT]checkAndChangeView: Reach consensus,org_view=124,org_changeCycle=0,cur_changeCycle=0,to_view=125
info|2019-12-12 20:59:20.949556|[g:1][CONSENSUS]addRawPrepare,height=31,reqIdx=3,hash=b550c0ed...
info|2019-12-12 20:59:20.950121|[g:1][CONSENSUS][PBFT]checkTimeout Succ,view=125,toView=126,nodeIdx=0,changeCycle=0,myNode=3c841dae...,timecost=0.43
info|2019-12-12 20:59:20.956080|[g:1][CONSENSUS][PBFT]checkAndChangeView: Reach consensus,org_view=125,org_changeCycle=0,cur_changeCycle=0,to_view=126
info|2019-12-12 20:59:21.957123|[g:1][CONSENSUS][SEALER]++++++++++++++++ Generating seal on,blkNum=31,tx=0,nodeIdx=0,hash=49c48551...
info|2019-12-12 20:59:21.963384|[g:1][CONSENSUS][PBFT]checkTimeout Succ,view=126,toView=127,nodeIdx=0,changeCycle=0,myNode=3c841dae...,timecost=0.195
info|2019-12-12 20:59:21.964395|[g:1][CONSENSUS][PBFT]checkAndChangeView: Reach consensus,org_view=126,org_changeCycle=0,cur_changeCycle=0,to_view=127
info|2019-12-12 20:59:22.966470|[g:1][CONSENSUS]addRawPrepare,height=31,reqIdx=1,hash=dda591ed...
info|2019-12-12 20:59:22.966717|[g:1][CONSENSUS][PBFT]checkTimeout Succ,view=127,toView=128,nodeIdx=0,changeCycle=0,myNode=3c841dae...,timecost=0.226
info|2019-12-12 20:59:22.968344|[g:1][CONSENSUS][PBFT]checkAndChangeView: Reach consensus,org_view=127,org_changeCycle=0,cur_changeCycle=0,to_view=128
info|2019-12-12 20:59:23.908241|[P2P][Service] heartBeat,connected count=4
info|2019-12-12 20:59:23.972169|[g:1][CONSENSUS]addRawPrepare,height=31,reqIdx=2,hash=bc81c3a2...
info|2019-12-12 20:59:23.972392|[g:1][CONSENSUS][PBFT]checkTimeout Succ,view=128,toView=129,nodeIdx=0,changeCycle=0,myNode=3c841dae...,timecost=0.202
info|2019-12-12 20:59:23.974361|[g:1][CONSENSUS][PBFT]checkAndChangeView: Reach consensus,org_view=128,org_changeCycle=0,cur_changeCycle=0,to_view=129
warning|2019-12-12 20:59:24.384460|[SYNC][id:3c841dae...][Status]Peer data not found,nodeId=6e4f3ba3...
info|2019-12-12 20:59:24.977636|[g:1][CONSENSUS]addRawPrepare,height=31,reqIdx=3,hash=738e2871...
info|2019-12-12 20:59:24.977950|[g:1][CONSENSUS][PBFT]checkTimeout Succ,view=129,toView=130,nodeIdx=0,changeCycle=0,myNode=3c841dae...,timecost=0.188
info|2019-12-12 20:59:24.981851|[g:1][CONSENSUS][PBFT]checkAndChangeView: Reach consensus,org_view=129,org_changeCycle=0,cur_changeCycle=0,to_view=130
info|2019-12-12 20:59:25.982776|[g:1][CONSENSUS][SEALER]++++++++++++++++ Generating seal on,blkNum=31,tx=0,nodeIdx=0,hash=eed7072f...
info|2019-12-12 20:59:25.990413|[g:1][CONSENSUS][PBFT]checkTimeout Succ,view=130,toView=131,nodeIdx=0,changeCycle=0,myNode=3c841dae...,timecost=0.206
info|2019-12-12 20:59:25.991257|[g:1][CONSENSUS][PBFT]checkAndChangeView: Reach consensus,org_view=130,org_changeCycle=0,cur_changeCycle=0,to_view=131
info|2019-12-12 20:59:26.989033|[g:1][CONSENSUS]addRawPrepare,height=31,reqIdx=1,hash=a03d80da...
info|2019-12-12 20:59:26.989287|[g:1][CONSENSUS][PBFT]checkTimeout Succ,view=131,toView=132,nodeIdx=0,changeCycle=0,myNode=3c841dae...,timecost=0.211
info|2019-12-12 20:59:26.991670|[g:1][CONSENSUS][PBFT]checkAndChangeView: Reach consensus,org_view=131,org_changeCycle=0,cur_changeCycle=0,to_view=132
info|2019-12-12 20:59:27.993008|[g:1][CONSENSUS]addRawPrepare,height=31,reqIdx=2,hash=bc48f89a...
info|2019-12-12 20:59:27.993224|[g:1][CONSENSUS][PBFT]checkTimeout Succ,view=132,toView=133,nodeIdx=0,changeCycle=0,myNode=3c841dae...,timecost=0.193
info|2019-12-12 20:59:27.996197|[g:1][CONSENSUS][PBFT]checkAndChangeView: Reach consensus,org_view=132,org_changeCycle=0,cur_changeCycle=0,to_view=133
info|2019-12-12 20:59:28.996269|[g:1][CONSENSUS]addRawPrepare,height=31,reqIdx=3,hash=6d780851...
info|2019-12-12 20:59:28.996559|[g:1][CONSENSUS][PBFT]checkTimeout Succ,view=133,toView=134,nodeIdx=0,changeCycle=0,myNode=3c841dae...,timecost=0.188
info|2019-12-12 20:59:29.000343|[g:1][CONSENSUS][PBFT]checkAndChangeView: Reach consensus,org_view=133,org_changeCycle=0,cur_changeCycle=0,to_view=134
warning|2019-12-12 20:59:29.393986|[SYNC][id:3c841dae...][Status]Peer data not found,nodeId=6e4f3ba3...
info|2019-12-12 20:59:30.013658|[g:1][CONSENSUS][SEALER]++++++++++++++++ Generating seal on,blkNum=31,tx=0,nodeIdx=0,hash=5d6443e3...
info|2019-12-12 20:59:30.019134|[g:1][CONSENSUS][PBFT]checkTimeout Succ,view=134,toView=135,nodeIdx=0,changeCycle=0,myNode=3c841dae...,timecost=0.203
info|2019-12-12 20:59:30.020189|[g:1][CONSENSUS][PBFT]checkAndChangeView: Reach consensus,org_view=134,org_changeCycle=0,cur_changeCycle=0,to_view=135
info|2019-12-12 20:59:31.020597|[g:1][CONSENSUS]addRawPrepare,height=31,reqIdx=1,hash=5005eed6...
info|2019-12-12 20:59:31.020969|[g:1][CONSENSUS][PBFT]checkTimeout Succ,view=135,toView=136,nodeIdx=0,changeCycle=0,myNode=3c841dae...,timecost=0.335
info|2019-12-12 20:59:31.025808|[g:1][CONSENSUS][PBFT]checkAndChangeView: Reach consensus,org_view=135,org_changeCycle=0,cur_changeCycle=0,to_view=136
info|2019-12-12 20:59:32.028590|[g:1][CONSENSUS]addRawPrepare,height=31,reqIdx=2,hash=6c4280ad...
info|2019-12-12 20:59:32.028822|[g:1][CONSENSUS][PBFT]checkTimeout Succ,view=136,toView=137,nodeIdx=0,changeCycle=0,myNode=3c841dae...,timecost=0.212
info|2019-12-12 20:59:32.030156|[g:1][CONSENSUS][PBFT]checkAndChangeView: Reach consensus,org_view=136,org_changeCycle=0,cur_changeCycle=0,to_view=137
info|2019-12-12 20:59:33.031590|[g:1][CONSENSUS]addRawPrepare,height=31,reqIdx=3,hash=52aee593...
info|2019-12-12 20:59:33.031908|[g:1][CONSENSUS][PBFT]checkTimeout Succ,view=137,toView=138,nodeIdx=0,changeCycle=0,myNode=3c841dae...,timecost=0.238
info|2019-12-12 20:59:33.035340|[g:1][CONSENSUS][PBFT]checkAndChangeView: Reach consensus,org_view=137,org_changeCycle=0,cur_changeCycle=0,to_view=138
info|2019-12-12 20:59:33.908317|[P2P][Service] heartBeat,connected count=4
info|2019-12-12 20:59:34.036333|[g:1][CONSENSUS][SEALER]++++++++++++++++ Generating seal on,blkNum=31,tx=0,nodeIdx=0,hash=f9be2964...
info|2019-12-12 20:59:34.041637|[g:1][CONSENSUS][PBFT]checkTimeout Succ,view=138,toView=139,nodeIdx=0,changeCycle=0,myNode=3c841dae...,timecost=0.212
info|2019-12-12 20:59:34.043078|[g:1][CONSENSUS][PBFT]checkAndChangeView: Reach consensus,org_view=138,org_changeCycle=0,cur_changeCycle=0,to_view=139
warning|2019-12-12 20:59:34.403713|[SYNC][id:3c841dae...][Status]Peer data not found,nodeId=6e4f3ba3...
info|2019-12-12 20:59:35.041663|[g:1][CONSENSUS]addRawPrepare,height=31,reqIdx=1,hash=c96fdad1...
info|2019-12-12 20:59:35.041917|[g:1][CONSENSUS][PBFT]checkTimeout Succ,view=139,toView=140,nodeIdx=0,changeCycle=0,myNode=3c841dae...,timecost=0.182
info|2019-12-12 20:59:35.047396|[g:1][CONSENSUS][PBFT]checkAndChangeView: Reach consensus,org_view=139,org_changeCycle=0,cur_changeCycle=0,to_view=140
info|2019-12-12 20:59:36.050259|[g:1][CONSENSUS]addRawPrepare,height=31,reqIdx=2,hash=8f1f5409...
info|2019-12-12 20:59:36.050466|[g:1][CONSENSUS][PBFT]checkTimeout Succ,view=140,toView=141,nodeIdx=0,changeCycle=0,myNode=3c841dae...,timecost=0.183
info|2019-12-12 20:59:36.051856|[g:1][CONSENSUS][PBFT]checkAndChangeView: Reach consensus,org_view=140,org_changeCycle=0,cur_changeCycle=0,to_view=141
info|2019-12-12 20:59:37.053253|[g:1][CONSENSUS]addRawPrepare,height=31,reqIdx=3,hash=e8379a47...
info|2019-12-12 20:59:37.053641|[g:1][CONSENSUS][PBFT]checkTimeout Succ,view=141,toView=142,nodeIdx=0,changeCycle=0,myNode=3c841dae...,timecost=0.274
info|2019-12-12 20:59:37.058195|[g:1][CONSENSUS][PBFT]checkAndChangeView: Reach consensus,org_view=141,org_changeCycle=0,cur_changeCycle=0,to_view=142
info|2019-12-12 20:59:38.059412|[g:1][CONSENSUS][SEALER]++++++++++++++++ Generating seal on,blkNum=31,tx=0,nodeIdx=0,hash=757fb6f4...
info|2019-12-12 20:59:38.065695|[g:1][CONSENSUS][PBFT]checkTimeout Succ,view=142,toView=143,nodeIdx=0,changeCycle=0,myNode=3c841dae...,timecost=0.194
info|2019-12-12 20:59:38.066647|[g:1][CONSENSUS][PBFT]checkAndChangeView: Reach consensus,org_view=142,org_changeCycle=0,cur_changeCycle=0,to_view=143
info|2019-12-12 20:59:39.066302|[g:1][CONSENSUS]addRawPrepare,height=31,reqIdx=1,hash=fcf0b7fa...
info|2019-12-12 20:59:39.067391|[g:1][CONSENSUS][PBFT]checkTimeout Succ,view=143,toView=144,nodeIdx=0,changeCycle=0,myNode=3c841dae...,timecost=1.068
info|2019-12-12 20:59:39.068915|[g:1][CONSENSUS][PBFT]checkAndChangeView: Reach consensus,org_view=143,org_changeCycle=0,cur_changeCycle=0,to_view=144
warning|2019-12-12 20:59:39.413485|[SYNC][id:3c841dae...][Status]Peer data not found,nodeId=6e4f3ba3...
info|2019-12-12 20:59:40.075672|[g:1][CONSENSUS]addRawPrepare,height=31,reqIdx=2,hash=712e8ad2...
info|2019-12-12 20:59:40.075967|[g:1][CONSENSUS][PBFT]checkTimeout Succ,view=144,toView=145,nodeIdx=0,changeCycle=0,myNode=3c841dae...,timecost=0.206
info|2019-12-12 20:59:40.090952|[g:1][CONSENSUS][PBFT]checkAndChangeView: Reach consensus,org_view=144,org_changeCycle=0,cur_changeCycle=0,to_view=145
info|2019-12-12 20:59:41.087243|[g:1][CONSENSUS]addRawPrepare,height=31,reqIdx=3,hash=adce2457...
info|2019-12-12 20:59:41.087585|[g:1][CONSENSUS][PBFT]checkTimeout Succ,view=145,toView=146,nodeIdx=0,changeCycle=0,myNode=3c841dae...,timecost=0.271
info|2019-12-12 20:59:41.091128|[g:1][CONSENSUS][PBFT]checkAndChangeView: Reach consensus,org_view=145,org_changeCycle=0,cur_changeCycle=0,to_view=146
info|2019-12-12 20:59:42.095453|[g:1][CONSENSUS][SEALER]++++++++++++++++ Generating seal on,blkNum=31,tx=0,nodeIdx=0,hash=c921b218...
info|2019-12-12 20:59:42.101582|[g:1][CONSENSUS][PBFT]checkTimeout Succ,view=146,toView=147,nodeIdx=0,changeCycle=0,myNode=3c841dae...,timecost=0.201
info|2019-12-12 20:59:42.102499|[g:1][CONSENSUS][PBFT]checkAndChangeView: Reach consensus,org_view=146,org_changeCycle=0,cur_changeCycle=0,to_view=147
info|2019-12-12 20:59:43.102804|[g:1][CONSENSUS]addRawPrepare,height=31,reqIdx=1,hash=5991982c...
info|2019-12-12 20:59:43.103023|[g:1][CONSENSUS][PBFT]checkTimeout Succ,view=147,toView=148,nodeIdx=0,changeCycle=0,myNode=3c841dae...,timecost=0.196
info|2019-12-12 20:59:43.104640|[g:1][CONSENSUS][PBFT]checkAndChangeView: Reach consensus,org_view=147,org_changeCycle=0,cur_changeCycle=0,to_view=148
info|2019-12-12 20:59:43.908573|[P2P][Service] heartBeat,connected count=4
info|2019-12-12 20:59:44.112272|[g:1][CONSENSUS]addRawPrepare,height=31,reqIdx=2,hash=9cb84059...
info|2019-12-12 20:59:44.112579|[g:1][CONSENSUS][PBFT]checkTimeout Succ,view=148,toView=149,nodeIdx=0,changeCycle=0,myNode=3c841dae...,timecost=0.272
info|2019-12-12 20:59:44.143409|[g:1][CONSENSUS][PBFT]checkAndChangeView: Reach consensus,org_view=148,org_changeCycle=0,cur_changeCycle=0,to_view=149
warning|2019-12-12 20:59:44.427415|[SYNC][id:3c841dae...][Status]Peer data not found,nodeId=6e4f3ba3...
info|2019-12-12 20:59:45.121517|[g:1][CONSENSUS]addRawPrepare,height=31,reqIdx=3,hash=d31641c1...
info|2019-12-12 20:59:45.121820|[g:1][CONSENSUS][PBFT]checkTimeout Succ,view=149,toView=150,nodeIdx=0,changeCycle=0,myNode=3c841dae...,timecost=0.233
info|2019-12-12 20:59:45.126227|[g:1][CONSENSUS][PBFT]checkAndChangeView: Reach consensus,org_view=149,org_changeCycle=0,cur_changeCycle=0,to_view=150
info|2019-12-12 20:59:46.126267|[g:1][CONSENSUS][SEALER]++++++++++++++++ Generating seal on,blkNum=31,tx=0,nodeIdx=0,hash=12614814...
info|2019-12-12 20:59:46.132291|[g:1][CONSENSUS][PBFT]checkTimeout Succ,view=150,toView=151,nodeIdx=0,changeCycle=0,myNode=3c841dae...,timecost=0.199
info|2019-12-12 20:59:46.133187|[g:1][CONSENSUS][PBFT]checkAndChangeView: Reach consensus,org_view=150,org_changeCycle=0,cur_changeCycle=0,to_view=151
info|2019-12-12 20:59:47.133982|[g:1][CONSENSUS]addRawPrepare,height=31,reqIdx=1,hash=2550fbaa...
info|2019-12-12 20:59:47.134210|[g:1][CONSENSUS][PBFT]checkTimeout Succ,view=151,toView=152,nodeIdx=0,changeCycle=0,myNode=3c841dae...,timecost=0.203
info|2019-12-12 20:59:47.135871|[g:1][CONSENSUS][PBFT]checkAndChangeView: Reach consensus,org_view=151,org_changeCycle=0,cur_changeCycle=0,to_view=152
info|2019-12-12 20:59:48.139541|[g:1][CONSENSUS]addRawPrepare,height=31,reqIdx=2,hash=52c2d7d5...
info|2019-12-12 20:59:48.139765|[g:1][CONSENSUS][PBFT]checkTimeout Succ,view=152,toView=153,nodeIdx=0,changeCycle=0,myNode=3c841dae...,timecost=0.197
info|2019-12-12 20:59:48.145213|[g:1][CONSENSUS][PBFT]checkAndChangeView: Reach consensus,org_view=152,org_changeCycle=0,cur_changeCycle=0,to_view=153
info|2019-12-12 20:59:49.150139|[g:1][CONSENSUS]addRawPrepare,height=31,reqIdx=3,hash=e1e50c4d...
info|2019-12-12 20:59:49.151683|[g:1][CONSENSUS][PBFT]checkTimeout Succ,view=153,toView=154,nodeIdx=0,changeCycle=0,myNode=3c841dae...,timecost=1.468
info|2019-12-12 20:59:49.152268|[g:1][CONSENSUS][PBFT]checkAndChangeView: Reach consensus,org_view=153,org_changeCycle=0,cur_changeCycle=0,to_view=154
warning|2019-12-12 20:59:49.444907|[SYNC][id:3c841dae...][Status]Peer data not found,nodeId=6e4f3ba3...
info|2019-12-12 20:59:50.153127|[g:1][CONSENSUS][SEALER]++++++++++++++++ Generating seal on,blkNum=31,tx=0,nodeIdx=0,hash=647dbf2e...
info|2019-12-12 20:59:50.159383|[g:1][CONSENSUS][PBFT]checkTimeout Succ,view=154,toView=155,nodeIdx=0,changeCycle=0,myNode=3c841dae...,timecost=0.202
info|2019-12-12 20:59:50.160289|[g:1][CONSENSUS][PBFT]checkAndChangeView: Reach consensus,org_view=154,org_changeCycle=0,cur_changeCycle=0,to_view=155
info|2019-12-12 20:59:51.158017|[g:1][CONSENSUS]addRawPrepare,height=31,reqIdx=1,hash=f268e341...
info|2019-12-12 20:59:51.158258|[g:1][CONSENSUS][PBFT]checkTimeout Succ,view=155,toView=156,nodeIdx=0,changeCycle=0,myNode=3c841dae...,timecost=0.219
info|2019-12-12 20:59:51.159965|[g:1][CONSENSUS][PBFT]checkAndChangeView: Reach consensus,org_view=155,org_changeCycle=0,cur_changeCycle=0,to_view=156
info|2019-12-12 20:59:52.163963|[g:1][CONSENSUS]addRawPrepare,height=31,reqIdx=2,hash=2223c2b5...
info|2019-12-12 20:59:52.164185|[g:1][CONSENSUS][PBFT]checkTimeout Succ,view=156,toView=157,nodeIdx=0,changeCycle=0,myNode=3c841dae...,timecost=0.202
info|2019-12-12 20:59:52.165547|[g:1][CONSENSUS][PBFT]checkAndChangeView: Reach consensus,org_view=156,org_changeCycle=0,cur_changeCycle=0,to_view=157
info|2019-12-12 20:59:53.166540|[g:1][CONSENSUS]addRawPrepare,height=31,reqIdx=3,hash=132616bd...
info|2019-12-12 20:59:53.166858|[g:1][CONSENSUS][PBFT]checkTimeout Succ,view=157,toView=158,nodeIdx=0,changeCycle=0,myNode=3c841dae...,timecost=0.214
info|2019-12-12 20:59:53.170847|[g:1][CONSENSUS][PBFT]checkAndChangeView: Reach consensus,org_view=157,org_changeCycle=0,cur_changeCycle=0,to_view=158
info|2019-12-12 20:59:53.908783|[P2P][Service] heartBeat,connected count=4
info|2019-12-12 20:59:54.170630|[g:1][CONSENSUS][SEALER]++++++++++++++++ Generating seal on,blkNum=31,tx=0,nodeIdx=0,hash=1306dedb...
info|2019-12-12 20:59:54.177418|[g:1][CONSENSUS][PBFT]checkTimeout Succ,view=158,toView=159,nodeIdx=0,changeCycle=0,myNode=3c841dae...,timecost=0.196
info|2019-12-12 20:59:54.178411|[g:1][CONSENSUS][PBFT]checkAndChangeView: Reach consensus,org_view=158,org_changeCycle=0,cur_changeCycle=0,to_view=159
warning|2019-12-12 20:59:54.451076|[SYNC][id:3c841dae...][Status]Peer data not found,nodeId=6e4f3ba3...
info|2019-12-12 20:59:55.179597|[g:1][CONSENSUS]addRawPrepare,height=31,reqIdx=1,hash=141c31cd...
info|2019-12-12 20:59:55.179845|[g:1][CONSENSUS][PBFT]checkTimeout Succ,view=159,toView=160,nodeIdx=0,changeCycle=0,myNode=3c841dae...,timecost=0.182
info|2019-12-12 20:59:55.182970|[g:1][CONSENSUS][PBFT]checkAndChangeView: Reach consensus,org_view=159,org_changeCycle=0,cur_changeCycle=0,to_view=160
info|2019-12-12 20:59:56.185851|[g:1][CONSENSUS]addRawPrepare,height=31,reqIdx=2,hash=938cedd0...
info|2019-12-12 20:59:56.186056|[g:1][CONSENSUS][PBFT]checkTimeout Succ,view=160,toView=161,nodeIdx=0,changeCycle=0,myNode=3c841dae...,timecost=0.184
info|2019-12-12 20:59:56.188905|[g:1][CONSENSUS][PBFT]checkAndChangeView: Reach consensus,org_view=160,org_changeCycle=0,cur_changeCycle=0,to_view=161
info|2019-12-12 20:59:57.189958|[g:1][CONSENSUS]addRawPrepare,height=31,reqIdx=3,hash=159768c7...
info|2019-12-12 20:59:57.190241|[g:1][CONSENSUS][PBFT]checkTimeout Succ,view=161,toView=162,nodeIdx=0,changeCycle=0,myNode=3c841dae...,timecost=0.202
info|2019-12-12 20:59:57.193989|[g:1][CONSENSUS][PBFT]checkAndChangeView: Reach consensus,org_view=161,org_changeCycle=0,cur_changeCycle=0,to_view=162
info|2019-12-12 20:59:58.195513|[g:1][CONSENSUS][SEALER]++++++++++++++++ Generating seal on,blkNum=31,tx=0,nodeIdx=0,hash=87fbb0cf...
info|2019-12-12 20:59:58.201557|[g:1][CONSENSUS][PBFT]checkTimeout Succ,view=162,toView=163,nodeIdx=0,changeCycle=0,myNode=3c841dae...,timecost=0.196
info|2019-12-12 20:59:58.202585|[g:1][CONSENSUS][PBFT]checkAndChangeView: Reach consensus,org_view=162,org_changeCycle=0,cur_changeCycle=0,to_view=163
info|2019-12-12 20:59:59.203976|[g:1][CONSENSUS]addRawPrepare,height=31,reqIdx=1,hash=6532e59b...
info|2019-12-12 20:59:59.204229|[g:1][CONSENSUS][PBFT]checkTimeout Succ,view=163,toView=164,nodeIdx=0,changeCycle=0,myNode=3c841dae...,timecost=0.226
info|2019-12-12 20:59:59.204984|[g:1][CONSENSUS][PBFT]checkAndChangeView: Reach consensus,org_view=163,org_changeCycle=0,cur_changeCycle=0,to_view=164
warning|2019-12-12 20:59:59.459489|[SYNC][id:3c841dae...][Status]Peer data not found,nodeId=6e4f3ba3...
